[2022-11-29T06:27:21.127+0000] {processor.py:154} INFO - Started process (PID=69) to work on /home/airflow/.local/lib/python3.7/site-packages/airflow/example_dags/example_branch_python_dop_operator_3.py
[2022-11-29T06:27:21.130+0000] {processor.py:756} INFO - Processing file /home/airflow/.local/lib/python3.7/site-packages/airflow/example_dags/example_branch_python_dop_operator_3.py for tasks to queue
[2022-11-29T06:27:21.132+0000] {logging_mixin.py:137} INFO - [2022-11-29T06:27:21.132+0000] {dagbag.py:537} INFO - Filling up the DagBag from /home/airflow/.local/lib/python3.7/site-packages/airflow/example_dags/example_branch_python_dop_operator_3.py
[2022-11-29T06:27:21.167+0000] {processor.py:766} INFO - DAG(s) dict_keys(['example_branch_dop_operator_v3']) retrieved from /home/airflow/.local/lib/python3.7/site-packages/airflow/example_dags/example_branch_python_dop_operator_3.py
[2022-11-29T06:27:21.365+0000] {logging_mixin.py:137} INFO - [2022-11-29T06:27:21.365+0000] {manager.py:507} INFO - Created Permission View: can delete on DAG:example_branch_dop_operator_v3
[2022-11-29T06:27:21.385+0000] {logging_mixin.py:137} INFO - [2022-11-29T06:27:21.385+0000] {manager.py:507} INFO - Created Permission View: can read on DAG:example_branch_dop_operator_v3
[2022-11-29T06:27:21.408+0000] {logging_mixin.py:137} INFO - [2022-11-29T06:27:21.408+0000] {manager.py:507} INFO - Created Permission View: can edit on DAG:example_branch_dop_operator_v3
[2022-11-29T06:27:21.409+0000] {logging_mixin.py:137} INFO - [2022-11-29T06:27:21.409+0000] {dag.py:2585} INFO - Sync 1 DAGs
[2022-11-29T06:27:21.427+0000] {logging_mixin.py:137} INFO - [2022-11-29T06:27:21.427+0000] {dag.py:2606} INFO - Creating ORM DAG for example_branch_dop_operator_v3
[2022-11-29T06:27:21.447+0000] {logging_mixin.py:137} INFO - [2022-11-29T06:27:21.447+0000] {dag.py:3340} INFO - Setting next_dagrun for example_branch_dop_operator_v3 to 2022-11-29T06:26:00+00:00, run_after=2022-11-29T06:27:00+00:00
[2022-11-29T06:27:21.527+0000] {processor.py:176} INFO - Processing /home/airflow/.local/lib/python3.7/site-packages/airflow/example_dags/example_branch_python_dop_operator_3.py took 0.406 seconds
[2022-11-29T06:27:52.007+0000] {processor.py:154} INFO - Started process (PID=132) to work on /home/airflow/.local/lib/python3.7/site-packages/airflow/example_dags/example_branch_python_dop_operator_3.py
[2022-11-29T06:27:52.010+0000] {processor.py:756} INFO - Processing file /home/airflow/.local/lib/python3.7/site-packages/airflow/example_dags/example_branch_python_dop_operator_3.py for tasks to queue
[2022-11-29T06:27:52.011+0000] {logging_mixin.py:137} INFO - [2022-11-29T06:27:52.011+0000] {dagbag.py:537} INFO - Filling up the DagBag from /home/airflow/.local/lib/python3.7/site-packages/airflow/example_dags/example_branch_python_dop_operator_3.py
[2022-11-29T06:27:52.051+0000] {processor.py:766} INFO - DAG(s) dict_keys(['example_branch_dop_operator_v3']) retrieved from /home/airflow/.local/lib/python3.7/site-packages/airflow/example_dags/example_branch_python_dop_operator_3.py
[2022-11-29T06:27:52.110+0000] {logging_mixin.py:137} INFO - [2022-11-29T06:27:52.110+0000] {dag.py:2585} INFO - Sync 1 DAGs
[2022-11-29T06:27:52.153+0000] {logging_mixin.py:137} INFO - [2022-11-29T06:27:52.153+0000] {dag.py:3340} INFO - Setting next_dagrun for example_branch_dop_operator_v3 to 2022-11-29T06:26:00+00:00, run_after=2022-11-29T06:27:00+00:00
[2022-11-29T06:27:52.195+0000] {processor.py:176} INFO - Processing /home/airflow/.local/lib/python3.7/site-packages/airflow/example_dags/example_branch_python_dop_operator_3.py took 0.193 seconds
[2022-11-29T06:28:22.522+0000] {processor.py:154} INFO - Started process (PID=195) to work on /home/airflow/.local/lib/python3.7/site-packages/airflow/example_dags/example_branch_python_dop_operator_3.py
[2022-11-29T06:28:22.526+0000] {processor.py:756} INFO - Processing file /home/airflow/.local/lib/python3.7/site-packages/airflow/example_dags/example_branch_python_dop_operator_3.py for tasks to queue
[2022-11-29T06:28:22.530+0000] {logging_mixin.py:137} INFO - [2022-11-29T06:28:22.529+0000] {dagbag.py:537} INFO - Filling up the DagBag from /home/airflow/.local/lib/python3.7/site-packages/airflow/example_dags/example_branch_python_dop_operator_3.py
[2022-11-29T06:28:22.584+0000] {processor.py:766} INFO - DAG(s) dict_keys(['example_branch_dop_operator_v3']) retrieved from /home/airflow/.local/lib/python3.7/site-packages/airflow/example_dags/example_branch_python_dop_operator_3.py
[2022-11-29T06:28:22.662+0000] {logging_mixin.py:137} INFO - [2022-11-29T06:28:22.662+0000] {dag.py:2585} INFO - Sync 1 DAGs
[2022-11-29T06:28:22.715+0000] {logging_mixin.py:137} INFO - [2022-11-29T06:28:22.715+0000] {dag.py:3340} INFO - Setting next_dagrun for example_branch_dop_operator_v3 to 2022-11-29T06:27:00+00:00, run_after=2022-11-29T06:28:00+00:00
[2022-11-29T06:28:22.744+0000] {processor.py:176} INFO - Processing /home/airflow/.local/lib/python3.7/site-packages/airflow/example_dags/example_branch_python_dop_operator_3.py took 0.234 seconds
[2022-11-29T06:28:52.961+0000] {processor.py:154} INFO - Started process (PID=251) to work on /home/airflow/.local/lib/python3.7/site-packages/airflow/example_dags/example_branch_python_dop_operator_3.py
[2022-11-29T06:28:52.966+0000] {processor.py:756} INFO - Processing file /home/airflow/.local/lib/python3.7/site-packages/airflow/example_dags/example_branch_python_dop_operator_3.py for tasks to queue
[2022-11-29T06:28:52.968+0000] {logging_mixin.py:137} INFO - [2022-11-29T06:28:52.968+0000] {dagbag.py:537} INFO - Filling up the DagBag from /home/airflow/.local/lib/python3.7/site-packages/airflow/example_dags/example_branch_python_dop_operator_3.py
[2022-11-29T06:28:53.003+0000] {processor.py:766} INFO - DAG(s) dict_keys(['example_branch_dop_operator_v3']) retrieved from /home/airflow/.local/lib/python3.7/site-packages/airflow/example_dags/example_branch_python_dop_operator_3.py
[2022-11-29T06:28:53.037+0000] {logging_mixin.py:137} INFO - [2022-11-29T06:28:53.037+0000] {dag.py:2585} INFO - Sync 1 DAGs
[2022-11-29T06:28:53.082+0000] {logging_mixin.py:137} INFO - [2022-11-29T06:28:53.082+0000] {dag.py:3340} INFO - Setting next_dagrun for example_branch_dop_operator_v3 to 2022-11-29T06:27:00+00:00, run_after=2022-11-29T06:28:00+00:00
[2022-11-29T06:28:53.114+0000] {processor.py:176} INFO - Processing /home/airflow/.local/lib/python3.7/site-packages/airflow/example_dags/example_branch_python_dop_operator_3.py took 0.183 seconds
[2022-11-29T06:31:44.870+0000] {processor.py:154} INFO - Started process (PID=72) to work on /home/airflow/.local/lib/python3.7/site-packages/airflow/example_dags/example_branch_python_dop_operator_3.py
[2022-11-29T06:31:44.876+0000] {processor.py:756} INFO - Processing file /home/airflow/.local/lib/python3.7/site-packages/airflow/example_dags/example_branch_python_dop_operator_3.py for tasks to queue
[2022-11-29T06:31:44.878+0000] {logging_mixin.py:137} INFO - [2022-11-29T06:31:44.878+0000] {dagbag.py:537} INFO - Filling up the DagBag from /home/airflow/.local/lib/python3.7/site-packages/airflow/example_dags/example_branch_python_dop_operator_3.py
[2022-11-29T06:31:44.951+0000] {processor.py:766} INFO - DAG(s) dict_keys(['example_branch_dop_operator_v3']) retrieved from /home/airflow/.local/lib/python3.7/site-packages/airflow/example_dags/example_branch_python_dop_operator_3.py
[2022-11-29T06:31:45.030+0000] {logging_mixin.py:137} INFO - [2022-11-29T06:31:45.030+0000] {dag.py:2585} INFO - Sync 1 DAGs
[2022-11-29T06:31:45.111+0000] {logging_mixin.py:137} INFO - [2022-11-29T06:31:45.111+0000] {dag.py:3340} INFO - Setting next_dagrun for example_branch_dop_operator_v3 to 2022-11-29T06:30:00+00:00, run_after=2022-11-29T06:31:00+00:00
[2022-11-29T06:31:45.148+0000] {processor.py:176} INFO - Processing /home/airflow/.local/lib/python3.7/site-packages/airflow/example_dags/example_branch_python_dop_operator_3.py took 0.284 seconds
[2022-11-29T06:32:16.342+0000] {processor.py:154} INFO - Started process (PID=134) to work on /home/airflow/.local/lib/python3.7/site-packages/airflow/example_dags/example_branch_python_dop_operator_3.py
[2022-11-29T06:32:16.343+0000] {processor.py:756} INFO - Processing file /home/airflow/.local/lib/python3.7/site-packages/airflow/example_dags/example_branch_python_dop_operator_3.py for tasks to queue
[2022-11-29T06:32:16.345+0000] {logging_mixin.py:137} INFO - [2022-11-29T06:32:16.345+0000] {dagbag.py:537} INFO - Filling up the DagBag from /home/airflow/.local/lib/python3.7/site-packages/airflow/example_dags/example_branch_python_dop_operator_3.py
[2022-11-29T06:32:16.392+0000] {processor.py:766} INFO - DAG(s) dict_keys(['example_branch_dop_operator_v3']) retrieved from /home/airflow/.local/lib/python3.7/site-packages/airflow/example_dags/example_branch_python_dop_operator_3.py
[2022-11-29T06:32:16.497+0000] {logging_mixin.py:137} INFO - [2022-11-29T06:32:16.497+0000] {dag.py:2585} INFO - Sync 1 DAGs
[2022-11-29T06:32:16.643+0000] {logging_mixin.py:137} INFO - [2022-11-29T06:32:16.643+0000] {dag.py:3340} INFO - Setting next_dagrun for example_branch_dop_operator_v3 to 2022-11-29T06:31:00+00:00, run_after=2022-11-29T06:32:00+00:00
[2022-11-29T06:32:16.683+0000] {processor.py:176} INFO - Processing /home/airflow/.local/lib/python3.7/site-packages/airflow/example_dags/example_branch_python_dop_operator_3.py took 0.347 seconds
[2022-11-29T06:32:46.787+0000] {processor.py:154} INFO - Started process (PID=189) to work on /home/airflow/.local/lib/python3.7/site-packages/airflow/example_dags/example_branch_python_dop_operator_3.py
[2022-11-29T06:32:46.789+0000] {processor.py:756} INFO - Processing file /home/airflow/.local/lib/python3.7/site-packages/airflow/example_dags/example_branch_python_dop_operator_3.py for tasks to queue
[2022-11-29T06:32:46.790+0000] {logging_mixin.py:137} INFO - [2022-11-29T06:32:46.790+0000] {dagbag.py:537} INFO - Filling up the DagBag from /home/airflow/.local/lib/python3.7/site-packages/airflow/example_dags/example_branch_python_dop_operator_3.py
[2022-11-29T06:32:46.830+0000] {processor.py:766} INFO - DAG(s) dict_keys(['example_branch_dop_operator_v3']) retrieved from /home/airflow/.local/lib/python3.7/site-packages/airflow/example_dags/example_branch_python_dop_operator_3.py
[2022-11-29T06:32:46.892+0000] {logging_mixin.py:137} INFO - [2022-11-29T06:32:46.891+0000] {dag.py:2585} INFO - Sync 1 DAGs
[2022-11-29T06:32:46.937+0000] {logging_mixin.py:137} INFO - [2022-11-29T06:32:46.936+0000] {dag.py:3340} INFO - Setting next_dagrun for example_branch_dop_operator_v3 to 2022-11-29T06:31:00+00:00, run_after=2022-11-29T06:32:00+00:00
[2022-11-29T06:32:46.972+0000] {processor.py:176} INFO - Processing /home/airflow/.local/lib/python3.7/site-packages/airflow/example_dags/example_branch_python_dop_operator_3.py took 0.191 seconds
[2022-11-29T06:33:17.292+0000] {processor.py:154} INFO - Started process (PID=252) to work on /home/airflow/.local/lib/python3.7/site-packages/airflow/example_dags/example_branch_python_dop_operator_3.py
[2022-11-29T06:33:17.294+0000] {processor.py:756} INFO - Processing file /home/airflow/.local/lib/python3.7/site-packages/airflow/example_dags/example_branch_python_dop_operator_3.py for tasks to queue
[2022-11-29T06:33:17.295+0000] {logging_mixin.py:137} INFO - [2022-11-29T06:33:17.295+0000] {dagbag.py:537} INFO - Filling up the DagBag from /home/airflow/.local/lib/python3.7/site-packages/airflow/example_dags/example_branch_python_dop_operator_3.py
[2022-11-29T06:33:17.332+0000] {processor.py:766} INFO - DAG(s) dict_keys(['example_branch_dop_operator_v3']) retrieved from /home/airflow/.local/lib/python3.7/site-packages/airflow/example_dags/example_branch_python_dop_operator_3.py
[2022-11-29T06:33:17.392+0000] {logging_mixin.py:137} INFO - [2022-11-29T06:33:17.392+0000] {dag.py:2585} INFO - Sync 1 DAGs
[2022-11-29T06:33:17.455+0000] {logging_mixin.py:137} INFO - [2022-11-29T06:33:17.454+0000] {dag.py:3340} INFO - Setting next_dagrun for example_branch_dop_operator_v3 to 2022-11-29T06:32:00+00:00, run_after=2022-11-29T06:33:00+00:00
[2022-11-29T06:33:17.483+0000] {processor.py:176} INFO - Processing /home/airflow/.local/lib/python3.7/site-packages/airflow/example_dags/example_branch_python_dop_operator_3.py took 0.197 seconds
[2022-11-29T06:33:48.431+0000] {processor.py:154} INFO - Started process (PID=315) to work on /home/airflow/.local/lib/python3.7/site-packages/airflow/example_dags/example_branch_python_dop_operator_3.py
[2022-11-29T06:33:48.436+0000] {processor.py:756} INFO - Processing file /home/airflow/.local/lib/python3.7/site-packages/airflow/example_dags/example_branch_python_dop_operator_3.py for tasks to queue
[2022-11-29T06:33:48.441+0000] {logging_mixin.py:137} INFO - [2022-11-29T06:33:48.440+0000] {dagbag.py:537} INFO - Filling up the DagBag from /home/airflow/.local/lib/python3.7/site-packages/airflow/example_dags/example_branch_python_dop_operator_3.py
[2022-11-29T06:33:48.532+0000] {processor.py:766} INFO - DAG(s) dict_keys(['example_branch_dop_operator_v3']) retrieved from /home/airflow/.local/lib/python3.7/site-packages/airflow/example_dags/example_branch_python_dop_operator_3.py
[2022-11-29T06:33:48.642+0000] {logging_mixin.py:137} INFO - [2022-11-29T06:33:48.642+0000] {dag.py:2585} INFO - Sync 1 DAGs
[2022-11-29T06:33:48.702+0000] {logging_mixin.py:137} INFO - [2022-11-29T06:33:48.702+0000] {dag.py:3340} INFO - Setting next_dagrun for example_branch_dop_operator_v3 to 2022-11-29T06:32:00+00:00, run_after=2022-11-29T06:33:00+00:00
[2022-11-29T06:33:48.744+0000] {processor.py:176} INFO - Processing /home/airflow/.local/lib/python3.7/site-packages/airflow/example_dags/example_branch_python_dop_operator_3.py took 0.329 seconds
[2022-11-29T06:52:59.037+0000] {processor.py:154} INFO - Started process (PID=73) to work on /home/airflow/.local/lib/python3.7/site-packages/airflow/example_dags/example_branch_python_dop_operator_3.py
[2022-11-29T06:52:59.039+0000] {processor.py:756} INFO - Processing file /home/airflow/.local/lib/python3.7/site-packages/airflow/example_dags/example_branch_python_dop_operator_3.py for tasks to queue
[2022-11-29T06:52:59.041+0000] {logging_mixin.py:137} INFO - [2022-11-29T06:52:59.041+0000] {dagbag.py:537} INFO - Filling up the DagBag from /home/airflow/.local/lib/python3.7/site-packages/airflow/example_dags/example_branch_python_dop_operator_3.py
[2022-11-29T06:52:59.107+0000] {processor.py:766} INFO - DAG(s) dict_keys(['example_branch_dop_operator_v3']) retrieved from /home/airflow/.local/lib/python3.7/site-packages/airflow/example_dags/example_branch_python_dop_operator_3.py
[2022-11-29T06:52:59.172+0000] {logging_mixin.py:137} INFO - [2022-11-29T06:52:59.171+0000] {dag.py:2585} INFO - Sync 1 DAGs
[2022-11-29T06:52:59.246+0000] {logging_mixin.py:137} INFO - [2022-11-29T06:52:59.246+0000] {dag.py:3340} INFO - Setting next_dagrun for example_branch_dop_operator_v3 to 2022-11-29T06:51:00+00:00, run_after=2022-11-29T06:52:00+00:00
[2022-11-29T06:52:59.294+0000] {processor.py:176} INFO - Processing /home/airflow/.local/lib/python3.7/site-packages/airflow/example_dags/example_branch_python_dop_operator_3.py took 0.273 seconds
[2022-11-29T06:53:29.847+0000] {processor.py:154} INFO - Started process (PID=138) to work on /home/airflow/.local/lib/python3.7/site-packages/airflow/example_dags/example_branch_python_dop_operator_3.py
[2022-11-29T06:53:29.849+0000] {processor.py:756} INFO - Processing file /home/airflow/.local/lib/python3.7/site-packages/airflow/example_dags/example_branch_python_dop_operator_3.py for tasks to queue
[2022-11-29T06:53:29.852+0000] {logging_mixin.py:137} INFO - [2022-11-29T06:53:29.851+0000] {dagbag.py:537} INFO - Filling up the DagBag from /home/airflow/.local/lib/python3.7/site-packages/airflow/example_dags/example_branch_python_dop_operator_3.py
[2022-11-29T06:53:29.892+0000] {processor.py:766} INFO - DAG(s) dict_keys(['example_branch_dop_operator_v3']) retrieved from /home/airflow/.local/lib/python3.7/site-packages/airflow/example_dags/example_branch_python_dop_operator_3.py
[2022-11-29T06:53:29.958+0000] {logging_mixin.py:137} INFO - [2022-11-29T06:53:29.958+0000] {dag.py:2585} INFO - Sync 1 DAGs
[2022-11-29T06:53:30.011+0000] {logging_mixin.py:137} INFO - [2022-11-29T06:53:30.011+0000] {dag.py:3340} INFO - Setting next_dagrun for example_branch_dop_operator_v3 to 2022-11-29T06:52:00+00:00, run_after=2022-11-29T06:53:00+00:00
[2022-11-29T06:53:30.045+0000] {processor.py:176} INFO - Processing /home/airflow/.local/lib/python3.7/site-packages/airflow/example_dags/example_branch_python_dop_operator_3.py took 0.205 seconds
[2022-11-29T06:54:00.699+0000] {processor.py:154} INFO - Started process (PID=193) to work on /home/airflow/.local/lib/python3.7/site-packages/airflow/example_dags/example_branch_python_dop_operator_3.py
[2022-11-29T06:54:00.701+0000] {processor.py:756} INFO - Processing file /home/airflow/.local/lib/python3.7/site-packages/airflow/example_dags/example_branch_python_dop_operator_3.py for tasks to queue
[2022-11-29T06:54:00.703+0000] {logging_mixin.py:137} INFO - [2022-11-29T06:54:00.703+0000] {dagbag.py:537} INFO - Filling up the DagBag from /home/airflow/.local/lib/python3.7/site-packages/airflow/example_dags/example_branch_python_dop_operator_3.py
[2022-11-29T06:54:00.747+0000] {processor.py:766} INFO - DAG(s) dict_keys(['example_branch_dop_operator_v3']) retrieved from /home/airflow/.local/lib/python3.7/site-packages/airflow/example_dags/example_branch_python_dop_operator_3.py
[2022-11-29T06:54:00.823+0000] {logging_mixin.py:137} INFO - [2022-11-29T06:54:00.823+0000] {dag.py:2585} INFO - Sync 1 DAGs
[2022-11-29T06:54:00.902+0000] {logging_mixin.py:137} INFO - [2022-11-29T06:54:00.902+0000] {dag.py:3340} INFO - Setting next_dagrun for example_branch_dop_operator_v3 to 2022-11-29T06:53:00+00:00, run_after=2022-11-29T06:54:00+00:00
[2022-11-29T06:54:00.940+0000] {processor.py:176} INFO - Processing /home/airflow/.local/lib/python3.7/site-packages/airflow/example_dags/example_branch_python_dop_operator_3.py took 0.248 seconds
[2022-11-29T06:54:31.787+0000] {processor.py:154} INFO - Started process (PID=256) to work on /home/airflow/.local/lib/python3.7/site-packages/airflow/example_dags/example_branch_python_dop_operator_3.py
[2022-11-29T06:54:31.789+0000] {processor.py:756} INFO - Processing file /home/airflow/.local/lib/python3.7/site-packages/airflow/example_dags/example_branch_python_dop_operator_3.py for tasks to queue
[2022-11-29T06:54:31.791+0000] {logging_mixin.py:137} INFO - [2022-11-29T06:54:31.790+0000] {dagbag.py:537} INFO - Filling up the DagBag from /home/airflow/.local/lib/python3.7/site-packages/airflow/example_dags/example_branch_python_dop_operator_3.py
[2022-11-29T06:54:31.830+0000] {processor.py:766} INFO - DAG(s) dict_keys(['example_branch_dop_operator_v3']) retrieved from /home/airflow/.local/lib/python3.7/site-packages/airflow/example_dags/example_branch_python_dop_operator_3.py
[2022-11-29T06:54:31.896+0000] {logging_mixin.py:137} INFO - [2022-11-29T06:54:31.895+0000] {dag.py:2585} INFO - Sync 1 DAGs
[2022-11-29T06:54:31.948+0000] {logging_mixin.py:137} INFO - [2022-11-29T06:54:31.948+0000] {dag.py:3340} INFO - Setting next_dagrun for example_branch_dop_operator_v3 to 2022-11-29T06:53:00+00:00, run_after=2022-11-29T06:54:00+00:00
[2022-11-29T06:54:31.977+0000] {processor.py:176} INFO - Processing /home/airflow/.local/lib/python3.7/site-packages/airflow/example_dags/example_branch_python_dop_operator_3.py took 0.197 seconds
[2022-11-29T06:55:02.376+0000] {processor.py:154} INFO - Started process (PID=310) to work on /home/airflow/.local/lib/python3.7/site-packages/airflow/example_dags/example_branch_python_dop_operator_3.py
[2022-11-29T06:55:02.378+0000] {processor.py:756} INFO - Processing file /home/airflow/.local/lib/python3.7/site-packages/airflow/example_dags/example_branch_python_dop_operator_3.py for tasks to queue
[2022-11-29T06:55:02.380+0000] {logging_mixin.py:137} INFO - [2022-11-29T06:55:02.379+0000] {dagbag.py:537} INFO - Filling up the DagBag from /home/airflow/.local/lib/python3.7/site-packages/airflow/example_dags/example_branch_python_dop_operator_3.py
[2022-11-29T06:55:02.421+0000] {processor.py:766} INFO - DAG(s) dict_keys(['example_branch_dop_operator_v3']) retrieved from /home/airflow/.local/lib/python3.7/site-packages/airflow/example_dags/example_branch_python_dop_operator_3.py
[2022-11-29T06:55:02.492+0000] {logging_mixin.py:137} INFO - [2022-11-29T06:55:02.492+0000] {dag.py:2585} INFO - Sync 1 DAGs
[2022-11-29T06:55:02.540+0000] {logging_mixin.py:137} INFO - [2022-11-29T06:55:02.540+0000] {dag.py:3340} INFO - Setting next_dagrun for example_branch_dop_operator_v3 to 2022-11-29T06:54:00+00:00, run_after=2022-11-29T06:55:00+00:00
[2022-11-29T06:55:02.571+0000] {processor.py:176} INFO - Processing /home/airflow/.local/lib/python3.7/site-packages/airflow/example_dags/example_branch_python_dop_operator_3.py took 0.201 seconds
[2022-11-29T06:55:33.126+0000] {processor.py:154} INFO - Started process (PID=372) to work on /home/airflow/.local/lib/python3.7/site-packages/airflow/example_dags/example_branch_python_dop_operator_3.py
[2022-11-29T06:55:33.129+0000] {processor.py:756} INFO - Processing file /home/airflow/.local/lib/python3.7/site-packages/airflow/example_dags/example_branch_python_dop_operator_3.py for tasks to queue
[2022-11-29T06:55:33.131+0000] {logging_mixin.py:137} INFO - [2022-11-29T06:55:33.131+0000] {dagbag.py:537} INFO - Filling up the DagBag from /home/airflow/.local/lib/python3.7/site-packages/airflow/example_dags/example_branch_python_dop_operator_3.py
[2022-11-29T06:55:33.174+0000] {processor.py:766} INFO - DAG(s) dict_keys(['example_branch_dop_operator_v3']) retrieved from /home/airflow/.local/lib/python3.7/site-packages/airflow/example_dags/example_branch_python_dop_operator_3.py
[2022-11-29T06:55:33.242+0000] {logging_mixin.py:137} INFO - [2022-11-29T06:55:33.241+0000] {dag.py:2585} INFO - Sync 1 DAGs
[2022-11-29T06:55:33.307+0000] {logging_mixin.py:137} INFO - [2022-11-29T06:55:33.307+0000] {dag.py:3340} INFO - Setting next_dagrun for example_branch_dop_operator_v3 to 2022-11-29T06:54:00+00:00, run_after=2022-11-29T06:55:00+00:00
[2022-11-29T06:55:33.340+0000] {processor.py:176} INFO - Processing /home/airflow/.local/lib/python3.7/site-packages/airflow/example_dags/example_branch_python_dop_operator_3.py took 0.220 seconds
[2022-11-29T07:01:52.606+0000] {processor.py:154} INFO - Started process (PID=71) to work on /home/airflow/.local/lib/python3.7/site-packages/airflow/example_dags/example_branch_python_dop_operator_3.py
[2022-11-29T07:01:52.608+0000] {processor.py:756} INFO - Processing file /home/airflow/.local/lib/python3.7/site-packages/airflow/example_dags/example_branch_python_dop_operator_3.py for tasks to queue
[2022-11-29T07:01:52.616+0000] {logging_mixin.py:137} INFO - [2022-11-29T07:01:52.616+0000] {dagbag.py:537} INFO - Filling up the DagBag from /home/airflow/.local/lib/python3.7/site-packages/airflow/example_dags/example_branch_python_dop_operator_3.py
[2022-11-29T07:01:52.753+0000] {processor.py:766} INFO - DAG(s) dict_keys(['example_branch_dop_operator_v3']) retrieved from /home/airflow/.local/lib/python3.7/site-packages/airflow/example_dags/example_branch_python_dop_operator_3.py
[2022-11-29T07:01:52.794+0000] {logging_mixin.py:137} INFO - [2022-11-29T07:01:52.794+0000] {dag.py:2585} INFO - Sync 1 DAGs
[2022-11-29T07:01:52.855+0000] {logging_mixin.py:137} INFO - [2022-11-29T07:01:52.855+0000] {dag.py:3340} INFO - Setting next_dagrun for example_branch_dop_operator_v3 to 2022-11-29T07:00:00+00:00, run_after=2022-11-29T07:01:00+00:00
[2022-11-29T07:01:52.911+0000] {processor.py:176} INFO - Processing /home/airflow/.local/lib/python3.7/site-packages/airflow/example_dags/example_branch_python_dop_operator_3.py took 0.319 seconds
[2022-11-29T07:02:23.969+0000] {processor.py:154} INFO - Started process (PID=134) to work on /home/airflow/.local/lib/python3.7/site-packages/airflow/example_dags/example_branch_python_dop_operator_3.py
[2022-11-29T07:02:23.972+0000] {processor.py:756} INFO - Processing file /home/airflow/.local/lib/python3.7/site-packages/airflow/example_dags/example_branch_python_dop_operator_3.py for tasks to queue
[2022-11-29T07:02:23.975+0000] {logging_mixin.py:137} INFO - [2022-11-29T07:02:23.975+0000] {dagbag.py:537} INFO - Filling up the DagBag from /home/airflow/.local/lib/python3.7/site-packages/airflow/example_dags/example_branch_python_dop_operator_3.py
[2022-11-29T07:02:24.038+0000] {processor.py:766} INFO - DAG(s) dict_keys(['example_branch_dop_operator_v3']) retrieved from /home/airflow/.local/lib/python3.7/site-packages/airflow/example_dags/example_branch_python_dop_operator_3.py
[2022-11-29T07:02:24.114+0000] {logging_mixin.py:137} INFO - [2022-11-29T07:02:24.114+0000] {dag.py:2585} INFO - Sync 1 DAGs
[2022-11-29T07:02:24.172+0000] {logging_mixin.py:137} INFO - [2022-11-29T07:02:24.171+0000] {dag.py:3340} INFO - Setting next_dagrun for example_branch_dop_operator_v3 to 2022-11-29T07:01:00+00:00, run_after=2022-11-29T07:02:00+00:00
[2022-11-29T07:02:24.208+0000] {processor.py:176} INFO - Processing /home/airflow/.local/lib/python3.7/site-packages/airflow/example_dags/example_branch_python_dop_operator_3.py took 0.245 seconds
[2022-11-29T07:02:54.972+0000] {processor.py:154} INFO - Started process (PID=189) to work on /home/airflow/.local/lib/python3.7/site-packages/airflow/example_dags/example_branch_python_dop_operator_3.py
[2022-11-29T07:02:54.975+0000] {processor.py:756} INFO - Processing file /home/airflow/.local/lib/python3.7/site-packages/airflow/example_dags/example_branch_python_dop_operator_3.py for tasks to queue
[2022-11-29T07:02:54.977+0000] {logging_mixin.py:137} INFO - [2022-11-29T07:02:54.977+0000] {dagbag.py:537} INFO - Filling up the DagBag from /home/airflow/.local/lib/python3.7/site-packages/airflow/example_dags/example_branch_python_dop_operator_3.py
[2022-11-29T07:02:55.030+0000] {processor.py:766} INFO - DAG(s) dict_keys(['example_branch_dop_operator_v3']) retrieved from /home/airflow/.local/lib/python3.7/site-packages/airflow/example_dags/example_branch_python_dop_operator_3.py
[2022-11-29T07:02:55.106+0000] {logging_mixin.py:137} INFO - [2022-11-29T07:02:55.106+0000] {dag.py:2585} INFO - Sync 1 DAGs
[2022-11-29T07:02:55.159+0000] {logging_mixin.py:137} INFO - [2022-11-29T07:02:55.158+0000] {dag.py:3340} INFO - Setting next_dagrun for example_branch_dop_operator_v3 to 2022-11-29T07:01:00+00:00, run_after=2022-11-29T07:02:00+00:00
[2022-11-29T07:02:55.195+0000] {processor.py:176} INFO - Processing /home/airflow/.local/lib/python3.7/site-packages/airflow/example_dags/example_branch_python_dop_operator_3.py took 0.229 seconds
[2022-11-29T07:03:25.797+0000] {processor.py:154} INFO - Started process (PID=252) to work on /home/airflow/.local/lib/python3.7/site-packages/airflow/example_dags/example_branch_python_dop_operator_3.py
[2022-11-29T07:03:25.799+0000] {processor.py:756} INFO - Processing file /home/airflow/.local/lib/python3.7/site-packages/airflow/example_dags/example_branch_python_dop_operator_3.py for tasks to queue
[2022-11-29T07:03:25.801+0000] {logging_mixin.py:137} INFO - [2022-11-29T07:03:25.801+0000] {dagbag.py:537} INFO - Filling up the DagBag from /home/airflow/.local/lib/python3.7/site-packages/airflow/example_dags/example_branch_python_dop_operator_3.py
[2022-11-29T07:03:25.842+0000] {processor.py:766} INFO - DAG(s) dict_keys(['example_branch_dop_operator_v3']) retrieved from /home/airflow/.local/lib/python3.7/site-packages/airflow/example_dags/example_branch_python_dop_operator_3.py
[2022-11-29T07:03:25.906+0000] {logging_mixin.py:137} INFO - [2022-11-29T07:03:25.906+0000] {dag.py:2585} INFO - Sync 1 DAGs
[2022-11-29T07:03:25.958+0000] {logging_mixin.py:137} INFO - [2022-11-29T07:03:25.957+0000] {dag.py:3340} INFO - Setting next_dagrun for example_branch_dop_operator_v3 to 2022-11-29T07:02:00+00:00, run_after=2022-11-29T07:03:00+00:00
[2022-11-29T07:03:25.990+0000] {processor.py:176} INFO - Processing /home/airflow/.local/lib/python3.7/site-packages/airflow/example_dags/example_branch_python_dop_operator_3.py took 0.201 seconds
[2022-11-29T07:04:51.799+0000] {processor.py:154} INFO - Started process (PID=71) to work on /home/airflow/.local/lib/python3.7/site-packages/airflow/example_dags/example_branch_python_dop_operator_3.py
[2022-11-29T07:04:51.801+0000] {processor.py:756} INFO - Processing file /home/airflow/.local/lib/python3.7/site-packages/airflow/example_dags/example_branch_python_dop_operator_3.py for tasks to queue
[2022-11-29T07:04:51.803+0000] {logging_mixin.py:137} INFO - [2022-11-29T07:04:51.803+0000] {dagbag.py:537} INFO - Filling up the DagBag from /home/airflow/.local/lib/python3.7/site-packages/airflow/example_dags/example_branch_python_dop_operator_3.py
[2022-11-29T07:04:51.844+0000] {processor.py:766} INFO - DAG(s) dict_keys(['example_branch_dop_operator_v3']) retrieved from /home/airflow/.local/lib/python3.7/site-packages/airflow/example_dags/example_branch_python_dop_operator_3.py
[2022-11-29T07:04:51.931+0000] {logging_mixin.py:137} INFO - [2022-11-29T07:04:51.930+0000] {dag.py:2585} INFO - Sync 1 DAGs
[2022-11-29T07:04:51.991+0000] {logging_mixin.py:137} INFO - [2022-11-29T07:04:51.991+0000] {dag.py:3340} INFO - Setting next_dagrun for example_branch_dop_operator_v3 to 2022-11-29T07:03:00+00:00, run_after=2022-11-29T07:04:00+00:00
[2022-11-29T07:04:52.065+0000] {processor.py:176} INFO - Processing /home/airflow/.local/lib/python3.7/site-packages/airflow/example_dags/example_branch_python_dop_operator_3.py took 0.272 seconds
[2022-11-29T07:06:02.133+0000] {processor.py:154} INFO - Started process (PID=71) to work on /home/airflow/.local/lib/python3.7/site-packages/airflow/example_dags/example_branch_python_dop_operator_3.py
[2022-11-29T07:06:02.136+0000] {processor.py:756} INFO - Processing file /home/airflow/.local/lib/python3.7/site-packages/airflow/example_dags/example_branch_python_dop_operator_3.py for tasks to queue
[2022-11-29T07:06:02.138+0000] {logging_mixin.py:137} INFO - [2022-11-29T07:06:02.137+0000] {dagbag.py:537} INFO - Filling up the DagBag from /home/airflow/.local/lib/python3.7/site-packages/airflow/example_dags/example_branch_python_dop_operator_3.py
[2022-11-29T07:06:02.179+0000] {processor.py:766} INFO - DAG(s) dict_keys(['example_branch_dop_operator_v3']) retrieved from /home/airflow/.local/lib/python3.7/site-packages/airflow/example_dags/example_branch_python_dop_operator_3.py
[2022-11-29T07:06:02.258+0000] {logging_mixin.py:137} INFO - [2022-11-29T07:06:02.258+0000] {dag.py:2585} INFO - Sync 1 DAGs
[2022-11-29T07:06:02.317+0000] {logging_mixin.py:137} INFO - [2022-11-29T07:06:02.316+0000] {dag.py:3340} INFO - Setting next_dagrun for example_branch_dop_operator_v3 to 2022-11-29T07:05:00+00:00, run_after=2022-11-29T07:06:00+00:00
[2022-11-29T07:06:02.354+0000] {processor.py:176} INFO - Processing /home/airflow/.local/lib/python3.7/site-packages/airflow/example_dags/example_branch_python_dop_operator_3.py took 0.226 seconds
[2022-11-29T07:06:32.618+0000] {processor.py:154} INFO - Started process (PID=134) to work on /home/airflow/.local/lib/python3.7/site-packages/airflow/example_dags/example_branch_python_dop_operator_3.py
[2022-11-29T07:06:32.620+0000] {processor.py:756} INFO - Processing file /home/airflow/.local/lib/python3.7/site-packages/airflow/example_dags/example_branch_python_dop_operator_3.py for tasks to queue
[2022-11-29T07:06:32.622+0000] {logging_mixin.py:137} INFO - [2022-11-29T07:06:32.622+0000] {dagbag.py:537} INFO - Filling up the DagBag from /home/airflow/.local/lib/python3.7/site-packages/airflow/example_dags/example_branch_python_dop_operator_3.py
[2022-11-29T07:06:32.664+0000] {processor.py:766} INFO - DAG(s) dict_keys(['example_branch_dop_operator_v3']) retrieved from /home/airflow/.local/lib/python3.7/site-packages/airflow/example_dags/example_branch_python_dop_operator_3.py
[2022-11-29T07:06:32.732+0000] {logging_mixin.py:137} INFO - [2022-11-29T07:06:32.732+0000] {dag.py:2585} INFO - Sync 1 DAGs
[2022-11-29T07:06:32.797+0000] {logging_mixin.py:137} INFO - [2022-11-29T07:06:32.797+0000] {dag.py:3340} INFO - Setting next_dagrun for example_branch_dop_operator_v3 to 2022-11-29T07:05:00+00:00, run_after=2022-11-29T07:06:00+00:00
[2022-11-29T07:06:32.832+0000] {processor.py:176} INFO - Processing /home/airflow/.local/lib/python3.7/site-packages/airflow/example_dags/example_branch_python_dop_operator_3.py took 0.220 seconds
[2022-11-29T07:07:03.456+0000] {processor.py:154} INFO - Started process (PID=189) to work on /home/airflow/.local/lib/python3.7/site-packages/airflow/example_dags/example_branch_python_dop_operator_3.py
[2022-11-29T07:07:03.459+0000] {processor.py:756} INFO - Processing file /home/airflow/.local/lib/python3.7/site-packages/airflow/example_dags/example_branch_python_dop_operator_3.py for tasks to queue
[2022-11-29T07:07:03.461+0000] {logging_mixin.py:137} INFO - [2022-11-29T07:07:03.461+0000] {dagbag.py:537} INFO - Filling up the DagBag from /home/airflow/.local/lib/python3.7/site-packages/airflow/example_dags/example_branch_python_dop_operator_3.py
[2022-11-29T07:07:03.510+0000] {processor.py:766} INFO - DAG(s) dict_keys(['example_branch_dop_operator_v3']) retrieved from /home/airflow/.local/lib/python3.7/site-packages/airflow/example_dags/example_branch_python_dop_operator_3.py
[2022-11-29T07:07:03.594+0000] {logging_mixin.py:137} INFO - [2022-11-29T07:07:03.594+0000] {dag.py:2585} INFO - Sync 1 DAGs
[2022-11-29T07:07:03.688+0000] {logging_mixin.py:137} INFO - [2022-11-29T07:07:03.688+0000] {dag.py:3340} INFO - Setting next_dagrun for example_branch_dop_operator_v3 to 2022-11-29T07:06:00+00:00, run_after=2022-11-29T07:07:00+00:00
[2022-11-29T07:07:03.735+0000] {processor.py:176} INFO - Processing /home/airflow/.local/lib/python3.7/site-packages/airflow/example_dags/example_branch_python_dop_operator_3.py took 0.284 seconds
[2022-11-29T07:07:34.274+0000] {processor.py:154} INFO - Started process (PID=252) to work on /home/airflow/.local/lib/python3.7/site-packages/airflow/example_dags/example_branch_python_dop_operator_3.py
[2022-11-29T07:07:34.276+0000] {processor.py:756} INFO - Processing file /home/airflow/.local/lib/python3.7/site-packages/airflow/example_dags/example_branch_python_dop_operator_3.py for tasks to queue
[2022-11-29T07:07:34.277+0000] {logging_mixin.py:137} INFO - [2022-11-29T07:07:34.277+0000] {dagbag.py:537} INFO - Filling up the DagBag from /home/airflow/.local/lib/python3.7/site-packages/airflow/example_dags/example_branch_python_dop_operator_3.py
[2022-11-29T07:07:34.312+0000] {processor.py:766} INFO - DAG(s) dict_keys(['example_branch_dop_operator_v3']) retrieved from /home/airflow/.local/lib/python3.7/site-packages/airflow/example_dags/example_branch_python_dop_operator_3.py
[2022-11-29T07:07:34.389+0000] {logging_mixin.py:137} INFO - [2022-11-29T07:07:34.389+0000] {dag.py:2585} INFO - Sync 1 DAGs
[2022-11-29T07:07:34.448+0000] {logging_mixin.py:137} INFO - [2022-11-29T07:07:34.448+0000] {dag.py:3340} INFO - Setting next_dagrun for example_branch_dop_operator_v3 to 2022-11-29T07:06:00+00:00, run_after=2022-11-29T07:07:00+00:00
[2022-11-29T07:07:34.482+0000] {processor.py:176} INFO - Processing /home/airflow/.local/lib/python3.7/site-packages/airflow/example_dags/example_branch_python_dop_operator_3.py took 0.213 seconds
[2022-11-29T07:08:05.344+0000] {processor.py:154} INFO - Started process (PID=317) to work on /home/airflow/.local/lib/python3.7/site-packages/airflow/example_dags/example_branch_python_dop_operator_3.py
[2022-11-29T07:08:05.346+0000] {processor.py:756} INFO - Processing file /home/airflow/.local/lib/python3.7/site-packages/airflow/example_dags/example_branch_python_dop_operator_3.py for tasks to queue
[2022-11-29T07:08:05.347+0000] {logging_mixin.py:137} INFO - [2022-11-29T07:08:05.347+0000] {dagbag.py:537} INFO - Filling up the DagBag from /home/airflow/.local/lib/python3.7/site-packages/airflow/example_dags/example_branch_python_dop_operator_3.py
[2022-11-29T07:08:05.395+0000] {processor.py:766} INFO - DAG(s) dict_keys(['example_branch_dop_operator_v3']) retrieved from /home/airflow/.local/lib/python3.7/site-packages/airflow/example_dags/example_branch_python_dop_operator_3.py
[2022-11-29T07:08:05.472+0000] {logging_mixin.py:137} INFO - [2022-11-29T07:08:05.471+0000] {dag.py:2585} INFO - Sync 1 DAGs
[2022-11-29T07:08:05.517+0000] {logging_mixin.py:137} INFO - [2022-11-29T07:08:05.517+0000] {dag.py:3340} INFO - Setting next_dagrun for example_branch_dop_operator_v3 to 2022-11-29T07:07:00+00:00, run_after=2022-11-29T07:08:00+00:00
[2022-11-29T07:08:05.544+0000] {processor.py:176} INFO - Processing /home/airflow/.local/lib/python3.7/site-packages/airflow/example_dags/example_branch_python_dop_operator_3.py took 0.206 seconds
[2022-11-29T07:08:35.583+0000] {processor.py:154} INFO - Started process (PID=371) to work on /home/airflow/.local/lib/python3.7/site-packages/airflow/example_dags/example_branch_python_dop_operator_3.py
[2022-11-29T07:08:35.585+0000] {processor.py:756} INFO - Processing file /home/airflow/.local/lib/python3.7/site-packages/airflow/example_dags/example_branch_python_dop_operator_3.py for tasks to queue
[2022-11-29T07:08:35.587+0000] {logging_mixin.py:137} INFO - [2022-11-29T07:08:35.587+0000] {dagbag.py:537} INFO - Filling up the DagBag from /home/airflow/.local/lib/python3.7/site-packages/airflow/example_dags/example_branch_python_dop_operator_3.py
[2022-11-29T07:08:35.627+0000] {processor.py:766} INFO - DAG(s) dict_keys(['example_branch_dop_operator_v3']) retrieved from /home/airflow/.local/lib/python3.7/site-packages/airflow/example_dags/example_branch_python_dop_operator_3.py
[2022-11-29T07:08:35.694+0000] {logging_mixin.py:137} INFO - [2022-11-29T07:08:35.694+0000] {dag.py:2585} INFO - Sync 1 DAGs
[2022-11-29T07:08:35.744+0000] {logging_mixin.py:137} INFO - [2022-11-29T07:08:35.744+0000] {dag.py:3340} INFO - Setting next_dagrun for example_branch_dop_operator_v3 to 2022-11-29T07:07:00+00:00, run_after=2022-11-29T07:08:00+00:00
[2022-11-29T07:08:35.773+0000] {processor.py:176} INFO - Processing /home/airflow/.local/lib/python3.7/site-packages/airflow/example_dags/example_branch_python_dop_operator_3.py took 0.195 seconds
[2022-11-29T07:09:06.646+0000] {processor.py:154} INFO - Started process (PID=434) to work on /home/airflow/.local/lib/python3.7/site-packages/airflow/example_dags/example_branch_python_dop_operator_3.py
[2022-11-29T07:09:06.649+0000] {processor.py:756} INFO - Processing file /home/airflow/.local/lib/python3.7/site-packages/airflow/example_dags/example_branch_python_dop_operator_3.py for tasks to queue
[2022-11-29T07:09:06.652+0000] {logging_mixin.py:137} INFO - [2022-11-29T07:09:06.652+0000] {dagbag.py:537} INFO - Filling up the DagBag from /home/airflow/.local/lib/python3.7/site-packages/airflow/example_dags/example_branch_python_dop_operator_3.py
[2022-11-29T07:09:06.709+0000] {processor.py:766} INFO - DAG(s) dict_keys(['example_branch_dop_operator_v3']) retrieved from /home/airflow/.local/lib/python3.7/site-packages/airflow/example_dags/example_branch_python_dop_operator_3.py
[2022-11-29T07:09:06.800+0000] {logging_mixin.py:137} INFO - [2022-11-29T07:09:06.800+0000] {dag.py:2585} INFO - Sync 1 DAGs
[2022-11-29T07:09:06.865+0000] {logging_mixin.py:137} INFO - [2022-11-29T07:09:06.865+0000] {dag.py:3340} INFO - Setting next_dagrun for example_branch_dop_operator_v3 to 2022-11-29T07:08:00+00:00, run_after=2022-11-29T07:09:00+00:00
[2022-11-29T07:09:06.925+0000] {processor.py:176} INFO - Processing /home/airflow/.local/lib/python3.7/site-packages/airflow/example_dags/example_branch_python_dop_operator_3.py took 0.290 seconds
[2022-11-29T07:09:37.617+0000] {processor.py:154} INFO - Started process (PID=497) to work on /home/airflow/.local/lib/python3.7/site-packages/airflow/example_dags/example_branch_python_dop_operator_3.py
[2022-11-29T07:09:37.619+0000] {processor.py:756} INFO - Processing file /home/airflow/.local/lib/python3.7/site-packages/airflow/example_dags/example_branch_python_dop_operator_3.py for tasks to queue
[2022-11-29T07:09:37.622+0000] {logging_mixin.py:137} INFO - [2022-11-29T07:09:37.621+0000] {dagbag.py:537} INFO - Filling up the DagBag from /home/airflow/.local/lib/python3.7/site-packages/airflow/example_dags/example_branch_python_dop_operator_3.py
[2022-11-29T07:09:37.663+0000] {processor.py:766} INFO - DAG(s) dict_keys(['example_branch_dop_operator_v3']) retrieved from /home/airflow/.local/lib/python3.7/site-packages/airflow/example_dags/example_branch_python_dop_operator_3.py
[2022-11-29T07:09:37.734+0000] {logging_mixin.py:137} INFO - [2022-11-29T07:09:37.733+0000] {dag.py:2585} INFO - Sync 1 DAGs
[2022-11-29T07:09:37.807+0000] {logging_mixin.py:137} INFO - [2022-11-29T07:09:37.807+0000] {dag.py:3340} INFO - Setting next_dagrun for example_branch_dop_operator_v3 to 2022-11-29T07:08:00+00:00, run_after=2022-11-29T07:09:00+00:00
[2022-11-29T07:09:37.850+0000] {processor.py:176} INFO - Processing /home/airflow/.local/lib/python3.7/site-packages/airflow/example_dags/example_branch_python_dop_operator_3.py took 0.240 seconds
[2022-11-29T07:10:08.041+0000] {processor.py:154} INFO - Started process (PID=551) to work on /home/airflow/.local/lib/python3.7/site-packages/airflow/example_dags/example_branch_python_dop_operator_3.py
[2022-11-29T07:10:08.043+0000] {processor.py:756} INFO - Processing file /home/airflow/.local/lib/python3.7/site-packages/airflow/example_dags/example_branch_python_dop_operator_3.py for tasks to queue
[2022-11-29T07:10:08.044+0000] {logging_mixin.py:137} INFO - [2022-11-29T07:10:08.044+0000] {dagbag.py:537} INFO - Filling up the DagBag from /home/airflow/.local/lib/python3.7/site-packages/airflow/example_dags/example_branch_python_dop_operator_3.py
[2022-11-29T07:10:08.082+0000] {processor.py:766} INFO - DAG(s) dict_keys(['example_branch_dop_operator_v3']) retrieved from /home/airflow/.local/lib/python3.7/site-packages/airflow/example_dags/example_branch_python_dop_operator_3.py
[2022-11-29T07:10:08.146+0000] {logging_mixin.py:137} INFO - [2022-11-29T07:10:08.146+0000] {dag.py:2585} INFO - Sync 1 DAGs
[2022-11-29T07:10:08.203+0000] {logging_mixin.py:137} INFO - [2022-11-29T07:10:08.203+0000] {dag.py:3340} INFO - Setting next_dagrun for example_branch_dop_operator_v3 to 2022-11-29T07:09:00+00:00, run_after=2022-11-29T07:10:00+00:00
[2022-11-29T07:10:08.246+0000] {processor.py:176} INFO - Processing /home/airflow/.local/lib/python3.7/site-packages/airflow/example_dags/example_branch_python_dop_operator_3.py took 0.210 seconds
[2022-11-29T07:10:38.432+0000] {processor.py:154} INFO - Started process (PID=613) to work on /home/airflow/.local/lib/python3.7/site-packages/airflow/example_dags/example_branch_python_dop_operator_3.py
[2022-11-29T07:10:38.434+0000] {processor.py:756} INFO - Processing file /home/airflow/.local/lib/python3.7/site-packages/airflow/example_dags/example_branch_python_dop_operator_3.py for tasks to queue
[2022-11-29T07:10:38.436+0000] {logging_mixin.py:137} INFO - [2022-11-29T07:10:38.436+0000] {dagbag.py:537} INFO - Filling up the DagBag from /home/airflow/.local/lib/python3.7/site-packages/airflow/example_dags/example_branch_python_dop_operator_3.py
[2022-11-29T07:10:38.480+0000] {processor.py:766} INFO - DAG(s) dict_keys(['example_branch_dop_operator_v3']) retrieved from /home/airflow/.local/lib/python3.7/site-packages/airflow/example_dags/example_branch_python_dop_operator_3.py
[2022-11-29T07:10:38.542+0000] {logging_mixin.py:137} INFO - [2022-11-29T07:10:38.542+0000] {dag.py:2585} INFO - Sync 1 DAGs
[2022-11-29T07:10:38.590+0000] {logging_mixin.py:137} INFO - [2022-11-29T07:10:38.590+0000] {dag.py:3340} INFO - Setting next_dagrun for example_branch_dop_operator_v3 to 2022-11-29T07:09:00+00:00, run_after=2022-11-29T07:10:00+00:00
[2022-11-29T07:10:38.623+0000] {processor.py:176} INFO - Processing /home/airflow/.local/lib/python3.7/site-packages/airflow/example_dags/example_branch_python_dop_operator_3.py took 0.196 seconds
[2022-11-29T07:11:10.378+0000] {processor.py:154} INFO - Started process (PID=676) to work on /home/airflow/.local/lib/python3.7/site-packages/airflow/example_dags/example_branch_python_dop_operator_3.py
[2022-11-29T07:11:10.380+0000] {processor.py:756} INFO - Processing file /home/airflow/.local/lib/python3.7/site-packages/airflow/example_dags/example_branch_python_dop_operator_3.py for tasks to queue
[2022-11-29T07:11:10.383+0000] {logging_mixin.py:137} INFO - [2022-11-29T07:11:10.382+0000] {dagbag.py:537} INFO - Filling up the DagBag from /home/airflow/.local/lib/python3.7/site-packages/airflow/example_dags/example_branch_python_dop_operator_3.py
[2022-11-29T07:11:10.425+0000] {processor.py:766} INFO - DAG(s) dict_keys(['example_branch_dop_operator_v3']) retrieved from /home/airflow/.local/lib/python3.7/site-packages/airflow/example_dags/example_branch_python_dop_operator_3.py
[2022-11-29T07:11:10.526+0000] {logging_mixin.py:137} INFO - [2022-11-29T07:11:10.526+0000] {dag.py:2585} INFO - Sync 1 DAGs
[2022-11-29T07:11:10.571+0000] {logging_mixin.py:137} INFO - [2022-11-29T07:11:10.571+0000] {dag.py:3340} INFO - Setting next_dagrun for example_branch_dop_operator_v3 to 2022-11-29T07:10:00+00:00, run_after=2022-11-29T07:11:00+00:00
[2022-11-29T07:11:10.599+0000] {processor.py:176} INFO - Processing /home/airflow/.local/lib/python3.7/site-packages/airflow/example_dags/example_branch_python_dop_operator_3.py took 0.227 seconds
[2022-11-29T07:11:41.329+0000] {processor.py:154} INFO - Started process (PID=730) to work on /home/airflow/.local/lib/python3.7/site-packages/airflow/example_dags/example_branch_python_dop_operator_3.py
[2022-11-29T07:11:41.331+0000] {processor.py:756} INFO - Processing file /home/airflow/.local/lib/python3.7/site-packages/airflow/example_dags/example_branch_python_dop_operator_3.py for tasks to queue
[2022-11-29T07:11:41.333+0000] {logging_mixin.py:137} INFO - [2022-11-29T07:11:41.333+0000] {dagbag.py:537} INFO - Filling up the DagBag from /home/airflow/.local/lib/python3.7/site-packages/airflow/example_dags/example_branch_python_dop_operator_3.py
[2022-11-29T07:11:41.374+0000] {processor.py:766} INFO - DAG(s) dict_keys(['example_branch_dop_operator_v3']) retrieved from /home/airflow/.local/lib/python3.7/site-packages/airflow/example_dags/example_branch_python_dop_operator_3.py
[2022-11-29T07:11:41.449+0000] {logging_mixin.py:137} INFO - [2022-11-29T07:11:41.449+0000] {dag.py:2585} INFO - Sync 1 DAGs
[2022-11-29T07:11:41.504+0000] {logging_mixin.py:137} INFO - [2022-11-29T07:11:41.503+0000] {dag.py:3340} INFO - Setting next_dagrun for example_branch_dop_operator_v3 to 2022-11-29T07:10:00+00:00, run_after=2022-11-29T07:11:00+00:00
[2022-11-29T07:11:41.536+0000] {processor.py:176} INFO - Processing /home/airflow/.local/lib/python3.7/site-packages/airflow/example_dags/example_branch_python_dop_operator_3.py took 0.213 seconds
[2022-11-29T07:12:12.047+0000] {processor.py:154} INFO - Started process (PID=794) to work on /home/airflow/.local/lib/python3.7/site-packages/airflow/example_dags/example_branch_python_dop_operator_3.py
[2022-11-29T07:12:12.050+0000] {processor.py:756} INFO - Processing file /home/airflow/.local/lib/python3.7/site-packages/airflow/example_dags/example_branch_python_dop_operator_3.py for tasks to queue
[2022-11-29T07:12:12.052+0000] {logging_mixin.py:137} INFO - [2022-11-29T07:12:12.051+0000] {dagbag.py:537} INFO - Filling up the DagBag from /home/airflow/.local/lib/python3.7/site-packages/airflow/example_dags/example_branch_python_dop_operator_3.py
[2022-11-29T07:12:12.087+0000] {processor.py:766} INFO - DAG(s) dict_keys(['example_branch_dop_operator_v3']) retrieved from /home/airflow/.local/lib/python3.7/site-packages/airflow/example_dags/example_branch_python_dop_operator_3.py
[2022-11-29T07:12:12.157+0000] {logging_mixin.py:137} INFO - [2022-11-29T07:12:12.157+0000] {dag.py:2585} INFO - Sync 1 DAGs
[2022-11-29T07:12:12.201+0000] {logging_mixin.py:137} INFO - [2022-11-29T07:12:12.201+0000] {dag.py:3340} INFO - Setting next_dagrun for example_branch_dop_operator_v3 to 2022-11-29T07:11:00+00:00, run_after=2022-11-29T07:12:00+00:00
[2022-11-29T07:12:12.229+0000] {processor.py:176} INFO - Processing /home/airflow/.local/lib/python3.7/site-packages/airflow/example_dags/example_branch_python_dop_operator_3.py took 0.187 seconds
[2022-11-29T07:12:42.487+0000] {processor.py:154} INFO - Started process (PID=856) to work on /home/airflow/.local/lib/python3.7/site-packages/airflow/example_dags/example_branch_python_dop_operator_3.py
[2022-11-29T07:12:42.489+0000] {processor.py:756} INFO - Processing file /home/airflow/.local/lib/python3.7/site-packages/airflow/example_dags/example_branch_python_dop_operator_3.py for tasks to queue
[2022-11-29T07:12:42.490+0000] {logging_mixin.py:137} INFO - [2022-11-29T07:12:42.490+0000] {dagbag.py:537} INFO - Filling up the DagBag from /home/airflow/.local/lib/python3.7/site-packages/airflow/example_dags/example_branch_python_dop_operator_3.py
[2022-11-29T07:12:42.535+0000] {processor.py:766} INFO - DAG(s) dict_keys(['example_branch_dop_operator_v3']) retrieved from /home/airflow/.local/lib/python3.7/site-packages/airflow/example_dags/example_branch_python_dop_operator_3.py
[2022-11-29T07:12:42.598+0000] {logging_mixin.py:137} INFO - [2022-11-29T07:12:42.598+0000] {dag.py:2585} INFO - Sync 1 DAGs
[2022-11-29T07:12:42.639+0000] {logging_mixin.py:137} INFO - [2022-11-29T07:12:42.639+0000] {dag.py:3340} INFO - Setting next_dagrun for example_branch_dop_operator_v3 to 2022-11-29T07:11:00+00:00, run_after=2022-11-29T07:12:00+00:00
[2022-11-29T07:12:42.668+0000] {processor.py:176} INFO - Processing /home/airflow/.local/lib/python3.7/site-packages/airflow/example_dags/example_branch_python_dop_operator_3.py took 0.186 seconds
[2022-11-29T07:13:12.782+0000] {processor.py:154} INFO - Started process (PID=909) to work on /home/airflow/.local/lib/python3.7/site-packages/airflow/example_dags/example_branch_python_dop_operator_3.py
[2022-11-29T07:13:12.783+0000] {processor.py:756} INFO - Processing file /home/airflow/.local/lib/python3.7/site-packages/airflow/example_dags/example_branch_python_dop_operator_3.py for tasks to queue
[2022-11-29T07:13:12.785+0000] {logging_mixin.py:137} INFO - [2022-11-29T07:13:12.785+0000] {dagbag.py:537} INFO - Filling up the DagBag from /home/airflow/.local/lib/python3.7/site-packages/airflow/example_dags/example_branch_python_dop_operator_3.py
[2022-11-29T07:13:12.829+0000] {processor.py:766} INFO - DAG(s) dict_keys(['example_branch_dop_operator_v3']) retrieved from /home/airflow/.local/lib/python3.7/site-packages/airflow/example_dags/example_branch_python_dop_operator_3.py
[2022-11-29T07:13:12.896+0000] {logging_mixin.py:137} INFO - [2022-11-29T07:13:12.895+0000] {dag.py:2585} INFO - Sync 1 DAGs
[2022-11-29T07:13:12.947+0000] {logging_mixin.py:137} INFO - [2022-11-29T07:13:12.947+0000] {dag.py:3340} INFO - Setting next_dagrun for example_branch_dop_operator_v3 to 2022-11-29T07:12:00+00:00, run_after=2022-11-29T07:13:00+00:00
[2022-11-29T07:13:12.974+0000] {processor.py:176} INFO - Processing /home/airflow/.local/lib/python3.7/site-packages/airflow/example_dags/example_branch_python_dop_operator_3.py took 0.197 seconds
[2022-11-29T07:13:43.339+0000] {processor.py:154} INFO - Started process (PID=972) to work on /home/airflow/.local/lib/python3.7/site-packages/airflow/example_dags/example_branch_python_dop_operator_3.py
[2022-11-29T07:13:43.341+0000] {processor.py:756} INFO - Processing file /home/airflow/.local/lib/python3.7/site-packages/airflow/example_dags/example_branch_python_dop_operator_3.py for tasks to queue
[2022-11-29T07:13:43.343+0000] {logging_mixin.py:137} INFO - [2022-11-29T07:13:43.343+0000] {dagbag.py:537} INFO - Filling up the DagBag from /home/airflow/.local/lib/python3.7/site-packages/airflow/example_dags/example_branch_python_dop_operator_3.py
[2022-11-29T07:13:43.378+0000] {processor.py:766} INFO - DAG(s) dict_keys(['example_branch_dop_operator_v3']) retrieved from /home/airflow/.local/lib/python3.7/site-packages/airflow/example_dags/example_branch_python_dop_operator_3.py
[2022-11-29T07:13:43.448+0000] {logging_mixin.py:137} INFO - [2022-11-29T07:13:43.448+0000] {dag.py:2585} INFO - Sync 1 DAGs
[2022-11-29T07:13:43.491+0000] {logging_mixin.py:137} INFO - [2022-11-29T07:13:43.491+0000] {dag.py:3340} INFO - Setting next_dagrun for example_branch_dop_operator_v3 to 2022-11-29T07:12:00+00:00, run_after=2022-11-29T07:13:00+00:00
[2022-11-29T07:13:43.519+0000] {processor.py:176} INFO - Processing /home/airflow/.local/lib/python3.7/site-packages/airflow/example_dags/example_branch_python_dop_operator_3.py took 0.186 seconds
[2022-11-29T07:14:13.819+0000] {processor.py:154} INFO - Started process (PID=1032) to work on /home/airflow/.local/lib/python3.7/site-packages/airflow/example_dags/example_branch_python_dop_operator_3.py
[2022-11-29T07:14:13.820+0000] {processor.py:756} INFO - Processing file /home/airflow/.local/lib/python3.7/site-packages/airflow/example_dags/example_branch_python_dop_operator_3.py for tasks to queue
[2022-11-29T07:14:13.822+0000] {logging_mixin.py:137} INFO - [2022-11-29T07:14:13.822+0000] {dagbag.py:537} INFO - Filling up the DagBag from /home/airflow/.local/lib/python3.7/site-packages/airflow/example_dags/example_branch_python_dop_operator_3.py
[2022-11-29T07:14:13.857+0000] {processor.py:766} INFO - DAG(s) dict_keys(['example_branch_dop_operator_v3']) retrieved from /home/airflow/.local/lib/python3.7/site-packages/airflow/example_dags/example_branch_python_dop_operator_3.py
[2022-11-29T07:14:13.922+0000] {logging_mixin.py:137} INFO - [2022-11-29T07:14:13.921+0000] {dag.py:2585} INFO - Sync 1 DAGs
[2022-11-29T07:14:13.967+0000] {logging_mixin.py:137} INFO - [2022-11-29T07:14:13.967+0000] {dag.py:3340} INFO - Setting next_dagrun for example_branch_dop_operator_v3 to 2022-11-29T07:13:00+00:00, run_after=2022-11-29T07:14:00+00:00
[2022-11-29T07:14:13.997+0000] {processor.py:176} INFO - Processing /home/airflow/.local/lib/python3.7/site-packages/airflow/example_dags/example_branch_python_dop_operator_3.py took 0.183 seconds
[2022-11-29T07:14:44.345+0000] {processor.py:154} INFO - Started process (PID=1089) to work on /home/airflow/.local/lib/python3.7/site-packages/airflow/example_dags/example_branch_python_dop_operator_3.py
[2022-11-29T07:14:44.347+0000] {processor.py:756} INFO - Processing file /home/airflow/.local/lib/python3.7/site-packages/airflow/example_dags/example_branch_python_dop_operator_3.py for tasks to queue
[2022-11-29T07:14:44.349+0000] {logging_mixin.py:137} INFO - [2022-11-29T07:14:44.349+0000] {dagbag.py:537} INFO - Filling up the DagBag from /home/airflow/.local/lib/python3.7/site-packages/airflow/example_dags/example_branch_python_dop_operator_3.py
[2022-11-29T07:14:44.385+0000] {processor.py:766} INFO - DAG(s) dict_keys(['example_branch_dop_operator_v3']) retrieved from /home/airflow/.local/lib/python3.7/site-packages/airflow/example_dags/example_branch_python_dop_operator_3.py
[2022-11-29T07:14:44.443+0000] {logging_mixin.py:137} INFO - [2022-11-29T07:14:44.443+0000] {dag.py:2585} INFO - Sync 1 DAGs
[2022-11-29T07:14:44.486+0000] {logging_mixin.py:137} INFO - [2022-11-29T07:14:44.486+0000] {dag.py:3340} INFO - Setting next_dagrun for example_branch_dop_operator_v3 to 2022-11-29T07:13:00+00:00, run_after=2022-11-29T07:14:00+00:00
[2022-11-29T07:14:44.511+0000] {processor.py:176} INFO - Processing /home/airflow/.local/lib/python3.7/site-packages/airflow/example_dags/example_branch_python_dop_operator_3.py took 0.173 seconds
[2022-11-29T07:15:15.117+0000] {processor.py:154} INFO - Started process (PID=1152) to work on /home/airflow/.local/lib/python3.7/site-packages/airflow/example_dags/example_branch_python_dop_operator_3.py
[2022-11-29T07:15:15.118+0000] {processor.py:756} INFO - Processing file /home/airflow/.local/lib/python3.7/site-packages/airflow/example_dags/example_branch_python_dop_operator_3.py for tasks to queue
[2022-11-29T07:15:15.120+0000] {logging_mixin.py:137} INFO - [2022-11-29T07:15:15.120+0000] {dagbag.py:537} INFO - Filling up the DagBag from /home/airflow/.local/lib/python3.7/site-packages/airflow/example_dags/example_branch_python_dop_operator_3.py
[2022-11-29T07:15:15.152+0000] {processor.py:766} INFO - DAG(s) dict_keys(['example_branch_dop_operator_v3']) retrieved from /home/airflow/.local/lib/python3.7/site-packages/airflow/example_dags/example_branch_python_dop_operator_3.py
[2022-11-29T07:15:15.223+0000] {logging_mixin.py:137} INFO - [2022-11-29T07:15:15.223+0000] {dag.py:2585} INFO - Sync 1 DAGs
[2022-11-29T07:15:15.302+0000] {logging_mixin.py:137} INFO - [2022-11-29T07:15:15.302+0000] {dag.py:3340} INFO - Setting next_dagrun for example_branch_dop_operator_v3 to 2022-11-29T07:14:00+00:00, run_after=2022-11-29T07:15:00+00:00
[2022-11-29T07:15:15.353+0000] {processor.py:176} INFO - Processing /home/airflow/.local/lib/python3.7/site-packages/airflow/example_dags/example_branch_python_dop_operator_3.py took 0.242 seconds
[2022-11-29T07:15:46.026+0000] {processor.py:154} INFO - Started process (PID=1214) to work on /home/airflow/.local/lib/python3.7/site-packages/airflow/example_dags/example_branch_python_dop_operator_3.py
[2022-11-29T07:15:46.030+0000] {processor.py:756} INFO - Processing file /home/airflow/.local/lib/python3.7/site-packages/airflow/example_dags/example_branch_python_dop_operator_3.py for tasks to queue
[2022-11-29T07:15:46.033+0000] {logging_mixin.py:137} INFO - [2022-11-29T07:15:46.032+0000] {dagbag.py:537} INFO - Filling up the DagBag from /home/airflow/.local/lib/python3.7/site-packages/airflow/example_dags/example_branch_python_dop_operator_3.py
[2022-11-29T07:15:46.079+0000] {processor.py:766} INFO - DAG(s) dict_keys(['example_branch_dop_operator_v3']) retrieved from /home/airflow/.local/lib/python3.7/site-packages/airflow/example_dags/example_branch_python_dop_operator_3.py
[2022-11-29T07:15:46.158+0000] {logging_mixin.py:137} INFO - [2022-11-29T07:15:46.158+0000] {dag.py:2585} INFO - Sync 1 DAGs
[2022-11-29T07:15:46.218+0000] {logging_mixin.py:137} INFO - [2022-11-29T07:15:46.218+0000] {dag.py:3340} INFO - Setting next_dagrun for example_branch_dop_operator_v3 to 2022-11-29T07:14:00+00:00, run_after=2022-11-29T07:15:00+00:00
[2022-11-29T07:15:46.266+0000] {processor.py:176} INFO - Processing /home/airflow/.local/lib/python3.7/site-packages/airflow/example_dags/example_branch_python_dop_operator_3.py took 0.248 seconds
[2022-11-29T07:16:16.905+0000] {processor.py:154} INFO - Started process (PID=1270) to work on /home/airflow/.local/lib/python3.7/site-packages/airflow/example_dags/example_branch_python_dop_operator_3.py
[2022-11-29T07:16:16.907+0000] {processor.py:756} INFO - Processing file /home/airflow/.local/lib/python3.7/site-packages/airflow/example_dags/example_branch_python_dop_operator_3.py for tasks to queue
[2022-11-29T07:16:16.910+0000] {logging_mixin.py:137} INFO - [2022-11-29T07:16:16.910+0000] {dagbag.py:537} INFO - Filling up the DagBag from /home/airflow/.local/lib/python3.7/site-packages/airflow/example_dags/example_branch_python_dop_operator_3.py
[2022-11-29T07:16:16.959+0000] {processor.py:766} INFO - DAG(s) dict_keys(['example_branch_dop_operator_v3']) retrieved from /home/airflow/.local/lib/python3.7/site-packages/airflow/example_dags/example_branch_python_dop_operator_3.py
[2022-11-29T07:16:17.038+0000] {logging_mixin.py:137} INFO - [2022-11-29T07:16:17.038+0000] {dag.py:2585} INFO - Sync 1 DAGs
[2022-11-29T07:16:17.103+0000] {logging_mixin.py:137} INFO - [2022-11-29T07:16:17.103+0000] {dag.py:3340} INFO - Setting next_dagrun for example_branch_dop_operator_v3 to 2022-11-29T07:15:00+00:00, run_after=2022-11-29T07:16:00+00:00
[2022-11-29T07:16:17.152+0000] {processor.py:176} INFO - Processing /home/airflow/.local/lib/python3.7/site-packages/airflow/example_dags/example_branch_python_dop_operator_3.py took 0.253 seconds
[2022-11-29T07:16:47.710+0000] {processor.py:154} INFO - Started process (PID=1334) to work on /home/airflow/.local/lib/python3.7/site-packages/airflow/example_dags/example_branch_python_dop_operator_3.py
[2022-11-29T07:16:47.712+0000] {processor.py:756} INFO - Processing file /home/airflow/.local/lib/python3.7/site-packages/airflow/example_dags/example_branch_python_dop_operator_3.py for tasks to queue
[2022-11-29T07:16:47.713+0000] {logging_mixin.py:137} INFO - [2022-11-29T07:16:47.713+0000] {dagbag.py:537} INFO - Filling up the DagBag from /home/airflow/.local/lib/python3.7/site-packages/airflow/example_dags/example_branch_python_dop_operator_3.py
[2022-11-29T07:16:47.759+0000] {processor.py:766} INFO - DAG(s) dict_keys(['example_branch_dop_operator_v3']) retrieved from /home/airflow/.local/lib/python3.7/site-packages/airflow/example_dags/example_branch_python_dop_operator_3.py
[2022-11-29T07:16:47.830+0000] {logging_mixin.py:137} INFO - [2022-11-29T07:16:47.830+0000] {dag.py:2585} INFO - Sync 1 DAGs
[2022-11-29T07:16:47.884+0000] {logging_mixin.py:137} INFO - [2022-11-29T07:16:47.884+0000] {dag.py:3340} INFO - Setting next_dagrun for example_branch_dop_operator_v3 to 2022-11-29T07:15:00+00:00, run_after=2022-11-29T07:16:00+00:00
[2022-11-29T07:16:47.924+0000] {processor.py:176} INFO - Processing /home/airflow/.local/lib/python3.7/site-packages/airflow/example_dags/example_branch_python_dop_operator_3.py took 0.220 seconds
[2022-11-29T07:17:18.711+0000] {processor.py:154} INFO - Started process (PID=1395) to work on /home/airflow/.local/lib/python3.7/site-packages/airflow/example_dags/example_branch_python_dop_operator_3.py
[2022-11-29T07:17:18.713+0000] {processor.py:756} INFO - Processing file /home/airflow/.local/lib/python3.7/site-packages/airflow/example_dags/example_branch_python_dop_operator_3.py for tasks to queue
[2022-11-29T07:17:18.715+0000] {logging_mixin.py:137} INFO - [2022-11-29T07:17:18.714+0000] {dagbag.py:537} INFO - Filling up the DagBag from /home/airflow/.local/lib/python3.7/site-packages/airflow/example_dags/example_branch_python_dop_operator_3.py
[2022-11-29T07:17:18.767+0000] {processor.py:766} INFO - DAG(s) dict_keys(['example_branch_dop_operator_v3']) retrieved from /home/airflow/.local/lib/python3.7/site-packages/airflow/example_dags/example_branch_python_dop_operator_3.py
[2022-11-29T07:17:18.838+0000] {logging_mixin.py:137} INFO - [2022-11-29T07:17:18.838+0000] {dag.py:2585} INFO - Sync 1 DAGs
[2022-11-29T07:17:18.892+0000] {logging_mixin.py:137} INFO - [2022-11-29T07:17:18.891+0000] {dag.py:3340} INFO - Setting next_dagrun for example_branch_dop_operator_v3 to 2022-11-29T07:16:00+00:00, run_after=2022-11-29T07:17:00+00:00
[2022-11-29T07:17:18.928+0000] {processor.py:176} INFO - Processing /home/airflow/.local/lib/python3.7/site-packages/airflow/example_dags/example_branch_python_dop_operator_3.py took 0.223 seconds
[2022-11-29T07:17:49.255+0000] {processor.py:154} INFO - Started process (PID=1451) to work on /home/airflow/.local/lib/python3.7/site-packages/airflow/example_dags/example_branch_python_dop_operator_3.py
[2022-11-29T07:17:49.257+0000] {processor.py:756} INFO - Processing file /home/airflow/.local/lib/python3.7/site-packages/airflow/example_dags/example_branch_python_dop_operator_3.py for tasks to queue
[2022-11-29T07:17:49.259+0000] {logging_mixin.py:137} INFO - [2022-11-29T07:17:49.259+0000] {dagbag.py:537} INFO - Filling up the DagBag from /home/airflow/.local/lib/python3.7/site-packages/airflow/example_dags/example_branch_python_dop_operator_3.py
[2022-11-29T07:17:49.312+0000] {processor.py:766} INFO - DAG(s) dict_keys(['example_branch_dop_operator_v3']) retrieved from /home/airflow/.local/lib/python3.7/site-packages/airflow/example_dags/example_branch_python_dop_operator_3.py
[2022-11-29T07:17:49.392+0000] {logging_mixin.py:137} INFO - [2022-11-29T07:17:49.391+0000] {dag.py:2585} INFO - Sync 1 DAGs
[2022-11-29T07:17:49.454+0000] {logging_mixin.py:137} INFO - [2022-11-29T07:17:49.454+0000] {dag.py:3340} INFO - Setting next_dagrun for example_branch_dop_operator_v3 to 2022-11-29T07:16:00+00:00, run_after=2022-11-29T07:17:00+00:00
[2022-11-29T07:17:49.485+0000] {processor.py:176} INFO - Processing /home/airflow/.local/lib/python3.7/site-packages/airflow/example_dags/example_branch_python_dop_operator_3.py took 0.236 seconds
[2022-11-29T07:18:20.014+0000] {processor.py:154} INFO - Started process (PID=1514) to work on /home/airflow/.local/lib/python3.7/site-packages/airflow/example_dags/example_branch_python_dop_operator_3.py
[2022-11-29T07:18:20.016+0000] {processor.py:756} INFO - Processing file /home/airflow/.local/lib/python3.7/site-packages/airflow/example_dags/example_branch_python_dop_operator_3.py for tasks to queue
[2022-11-29T07:18:20.019+0000] {logging_mixin.py:137} INFO - [2022-11-29T07:18:20.018+0000] {dagbag.py:537} INFO - Filling up the DagBag from /home/airflow/.local/lib/python3.7/site-packages/airflow/example_dags/example_branch_python_dop_operator_3.py
[2022-11-29T07:18:20.077+0000] {processor.py:766} INFO - DAG(s) dict_keys(['example_branch_dop_operator_v3']) retrieved from /home/airflow/.local/lib/python3.7/site-packages/airflow/example_dags/example_branch_python_dop_operator_3.py
[2022-11-29T07:18:20.160+0000] {logging_mixin.py:137} INFO - [2022-11-29T07:18:20.160+0000] {dag.py:2585} INFO - Sync 1 DAGs
[2022-11-29T07:18:20.227+0000] {logging_mixin.py:137} INFO - [2022-11-29T07:18:20.225+0000] {dag.py:3340} INFO - Setting next_dagrun for example_branch_dop_operator_v3 to 2022-11-29T07:17:00+00:00, run_after=2022-11-29T07:18:00+00:00
[2022-11-29T07:18:20.266+0000] {processor.py:176} INFO - Processing /home/airflow/.local/lib/python3.7/site-packages/airflow/example_dags/example_branch_python_dop_operator_3.py took 0.258 seconds
[2022-11-29T07:18:50.700+0000] {processor.py:154} INFO - Started process (PID=1568) to work on /home/airflow/.local/lib/python3.7/site-packages/airflow/example_dags/example_branch_python_dop_operator_3.py
[2022-11-29T07:18:50.702+0000] {processor.py:756} INFO - Processing file /home/airflow/.local/lib/python3.7/site-packages/airflow/example_dags/example_branch_python_dop_operator_3.py for tasks to queue
[2022-11-29T07:18:50.704+0000] {logging_mixin.py:137} INFO - [2022-11-29T07:18:50.704+0000] {dagbag.py:537} INFO - Filling up the DagBag from /home/airflow/.local/lib/python3.7/site-packages/airflow/example_dags/example_branch_python_dop_operator_3.py
[2022-11-29T07:18:50.745+0000] {processor.py:766} INFO - DAG(s) dict_keys(['example_branch_dop_operator_v3']) retrieved from /home/airflow/.local/lib/python3.7/site-packages/airflow/example_dags/example_branch_python_dop_operator_3.py
[2022-11-29T07:18:50.812+0000] {logging_mixin.py:137} INFO - [2022-11-29T07:18:50.811+0000] {dag.py:2585} INFO - Sync 1 DAGs
[2022-11-29T07:18:50.869+0000] {logging_mixin.py:137} INFO - [2022-11-29T07:18:50.868+0000] {dag.py:3340} INFO - Setting next_dagrun for example_branch_dop_operator_v3 to 2022-11-29T07:17:00+00:00, run_after=2022-11-29T07:18:00+00:00
[2022-11-29T07:18:50.904+0000] {processor.py:176} INFO - Processing /home/airflow/.local/lib/python3.7/site-packages/airflow/example_dags/example_branch_python_dop_operator_3.py took 0.210 seconds
[2022-11-29T07:19:21.287+0000] {processor.py:154} INFO - Started process (PID=1631) to work on /home/airflow/.local/lib/python3.7/site-packages/airflow/example_dags/example_branch_python_dop_operator_3.py
[2022-11-29T07:19:21.289+0000] {processor.py:756} INFO - Processing file /home/airflow/.local/lib/python3.7/site-packages/airflow/example_dags/example_branch_python_dop_operator_3.py for tasks to queue
[2022-11-29T07:19:21.290+0000] {logging_mixin.py:137} INFO - [2022-11-29T07:19:21.290+0000] {dagbag.py:537} INFO - Filling up the DagBag from /home/airflow/.local/lib/python3.7/site-packages/airflow/example_dags/example_branch_python_dop_operator_3.py
[2022-11-29T07:19:21.328+0000] {processor.py:766} INFO - DAG(s) dict_keys(['example_branch_dop_operator_v3']) retrieved from /home/airflow/.local/lib/python3.7/site-packages/airflow/example_dags/example_branch_python_dop_operator_3.py
[2022-11-29T07:19:21.398+0000] {logging_mixin.py:137} INFO - [2022-11-29T07:19:21.398+0000] {dag.py:2585} INFO - Sync 1 DAGs
[2022-11-29T07:19:21.470+0000] {logging_mixin.py:137} INFO - [2022-11-29T07:19:21.470+0000] {dag.py:3340} INFO - Setting next_dagrun for example_branch_dop_operator_v3 to 2022-11-29T07:18:00+00:00, run_after=2022-11-29T07:19:00+00:00
[2022-11-29T07:19:21.500+0000] {processor.py:176} INFO - Processing /home/airflow/.local/lib/python3.7/site-packages/airflow/example_dags/example_branch_python_dop_operator_3.py took 0.218 seconds
[2022-11-29T07:19:52.573+0000] {processor.py:154} INFO - Started process (PID=1693) to work on /home/airflow/.local/lib/python3.7/site-packages/airflow/example_dags/example_branch_python_dop_operator_3.py
[2022-11-29T07:19:52.575+0000] {processor.py:756} INFO - Processing file /home/airflow/.local/lib/python3.7/site-packages/airflow/example_dags/example_branch_python_dop_operator_3.py for tasks to queue
[2022-11-29T07:19:52.578+0000] {logging_mixin.py:137} INFO - [2022-11-29T07:19:52.577+0000] {dagbag.py:537} INFO - Filling up the DagBag from /home/airflow/.local/lib/python3.7/site-packages/airflow/example_dags/example_branch_python_dop_operator_3.py
[2022-11-29T07:19:52.619+0000] {processor.py:766} INFO - DAG(s) dict_keys(['example_branch_dop_operator_v3']) retrieved from /home/airflow/.local/lib/python3.7/site-packages/airflow/example_dags/example_branch_python_dop_operator_3.py
[2022-11-29T07:19:52.688+0000] {logging_mixin.py:137} INFO - [2022-11-29T07:19:52.687+0000] {dag.py:2585} INFO - Sync 1 DAGs
[2022-11-29T07:19:52.735+0000] {logging_mixin.py:137} INFO - [2022-11-29T07:19:52.735+0000] {dag.py:3340} INFO - Setting next_dagrun for example_branch_dop_operator_v3 to 2022-11-29T07:18:00+00:00, run_after=2022-11-29T07:19:00+00:00
[2022-11-29T07:19:52.767+0000] {processor.py:176} INFO - Processing /home/airflow/.local/lib/python3.7/site-packages/airflow/example_dags/example_branch_python_dop_operator_3.py took 0.200 seconds
