[2022-11-29T06:27:20.970+0000] {processor.py:154} INFO - Started process (PID=68) to work on /home/airflow/.local/lib/python3.7/site-packages/airflow/example_dags/example_latest_only_with_trigger.py
[2022-11-29T06:27:20.973+0000] {processor.py:756} INFO - Processing file /home/airflow/.local/lib/python3.7/site-packages/airflow/example_dags/example_latest_only_with_trigger.py for tasks to queue
[2022-11-29T06:27:20.975+0000] {logging_mixin.py:137} INFO - [2022-11-29T06:27:20.974+0000] {dagbag.py:537} INFO - Filling up the DagBag from /home/airflow/.local/lib/python3.7/site-packages/airflow/example_dags/example_latest_only_with_trigger.py
[2022-11-29T06:27:21.000+0000] {processor.py:766} INFO - DAG(s) dict_keys(['latest_only_with_trigger']) retrieved from /home/airflow/.local/lib/python3.7/site-packages/airflow/example_dags/example_latest_only_with_trigger.py
[2022-11-29T06:27:21.199+0000] {logging_mixin.py:137} INFO - [2022-11-29T06:27:21.199+0000] {manager.py:507} INFO - Created Permission View: can delete on DAG:latest_only_with_trigger
[2022-11-29T06:27:21.212+0000] {logging_mixin.py:137} INFO - [2022-11-29T06:27:21.212+0000] {manager.py:507} INFO - Created Permission View: can read on DAG:latest_only_with_trigger
[2022-11-29T06:27:21.221+0000] {logging_mixin.py:137} INFO - [2022-11-29T06:27:21.221+0000] {manager.py:507} INFO - Created Permission View: can edit on DAG:latest_only_with_trigger
[2022-11-29T06:27:21.222+0000] {logging_mixin.py:137} INFO - [2022-11-29T06:27:21.222+0000] {dag.py:2585} INFO - Sync 1 DAGs
[2022-11-29T06:27:21.238+0000] {logging_mixin.py:137} INFO - [2022-11-29T06:27:21.238+0000] {dag.py:2606} INFO - Creating ORM DAG for latest_only_with_trigger
[2022-11-29T06:27:21.251+0000] {logging_mixin.py:137} INFO - [2022-11-29T06:27:21.250+0000] {dag.py:3340} INFO - Setting next_dagrun for latest_only_with_trigger to 2022-11-29T02:27:21.250598+00:00, run_after=2022-11-29T06:27:21.250598+00:00
[2022-11-29T06:27:21.276+0000] {processor.py:176} INFO - Processing /home/airflow/.local/lib/python3.7/site-packages/airflow/example_dags/example_latest_only_with_trigger.py took 0.318 seconds
[2022-11-29T06:27:51.836+0000] {processor.py:154} INFO - Started process (PID=131) to work on /home/airflow/.local/lib/python3.7/site-packages/airflow/example_dags/example_latest_only_with_trigger.py
[2022-11-29T06:27:51.838+0000] {processor.py:756} INFO - Processing file /home/airflow/.local/lib/python3.7/site-packages/airflow/example_dags/example_latest_only_with_trigger.py for tasks to queue
[2022-11-29T06:27:51.840+0000] {logging_mixin.py:137} INFO - [2022-11-29T06:27:51.839+0000] {dagbag.py:537} INFO - Filling up the DagBag from /home/airflow/.local/lib/python3.7/site-packages/airflow/example_dags/example_latest_only_with_trigger.py
[2022-11-29T06:27:51.863+0000] {processor.py:766} INFO - DAG(s) dict_keys(['latest_only_with_trigger']) retrieved from /home/airflow/.local/lib/python3.7/site-packages/airflow/example_dags/example_latest_only_with_trigger.py
[2022-11-29T06:27:51.932+0000] {logging_mixin.py:137} INFO - [2022-11-29T06:27:51.932+0000] {dag.py:2585} INFO - Sync 1 DAGs
[2022-11-29T06:27:51.969+0000] {logging_mixin.py:137} INFO - [2022-11-29T06:27:51.969+0000] {dag.py:3340} INFO - Setting next_dagrun for latest_only_with_trigger to 2022-11-29T02:27:51.968334+00:00, run_after=2022-11-29T06:27:51.968334+00:00
[2022-11-29T06:27:52.002+0000] {processor.py:176} INFO - Processing /home/airflow/.local/lib/python3.7/site-packages/airflow/example_dags/example_latest_only_with_trigger.py took 0.172 seconds
[2022-11-29T06:28:22.448+0000] {processor.py:154} INFO - Started process (PID=194) to work on /home/airflow/.local/lib/python3.7/site-packages/airflow/example_dags/example_latest_only_with_trigger.py
[2022-11-29T06:28:22.450+0000] {processor.py:756} INFO - Processing file /home/airflow/.local/lib/python3.7/site-packages/airflow/example_dags/example_latest_only_with_trigger.py for tasks to queue
[2022-11-29T06:28:22.454+0000] {logging_mixin.py:137} INFO - [2022-11-29T06:28:22.454+0000] {dagbag.py:537} INFO - Filling up the DagBag from /home/airflow/.local/lib/python3.7/site-packages/airflow/example_dags/example_latest_only_with_trigger.py
[2022-11-29T06:28:22.495+0000] {processor.py:766} INFO - DAG(s) dict_keys(['latest_only_with_trigger']) retrieved from /home/airflow/.local/lib/python3.7/site-packages/airflow/example_dags/example_latest_only_with_trigger.py
[2022-11-29T06:28:22.586+0000] {logging_mixin.py:137} INFO - [2022-11-29T06:28:22.586+0000] {dag.py:2585} INFO - Sync 1 DAGs
[2022-11-29T06:28:22.640+0000] {logging_mixin.py:137} INFO - [2022-11-29T06:28:22.640+0000] {dag.py:3340} INFO - Setting next_dagrun for latest_only_with_trigger to 2022-11-29T02:28:22.639747+00:00, run_after=2022-11-29T06:28:22.639747+00:00
[2022-11-29T06:28:22.667+0000] {processor.py:176} INFO - Processing /home/airflow/.local/lib/python3.7/site-packages/airflow/example_dags/example_latest_only_with_trigger.py took 0.225 seconds
[2022-11-29T06:28:52.759+0000] {processor.py:154} INFO - Started process (PID=250) to work on /home/airflow/.local/lib/python3.7/site-packages/airflow/example_dags/example_latest_only_with_trigger.py
[2022-11-29T06:28:52.761+0000] {processor.py:756} INFO - Processing file /home/airflow/.local/lib/python3.7/site-packages/airflow/example_dags/example_latest_only_with_trigger.py for tasks to queue
[2022-11-29T06:28:52.763+0000] {logging_mixin.py:137} INFO - [2022-11-29T06:28:52.763+0000] {dagbag.py:537} INFO - Filling up the DagBag from /home/airflow/.local/lib/python3.7/site-packages/airflow/example_dags/example_latest_only_with_trigger.py
[2022-11-29T06:28:52.786+0000] {processor.py:766} INFO - DAG(s) dict_keys(['latest_only_with_trigger']) retrieved from /home/airflow/.local/lib/python3.7/site-packages/airflow/example_dags/example_latest_only_with_trigger.py
[2022-11-29T06:28:52.844+0000] {logging_mixin.py:137} INFO - [2022-11-29T06:28:52.843+0000] {dag.py:2585} INFO - Sync 1 DAGs
[2022-11-29T06:28:52.879+0000] {logging_mixin.py:137} INFO - [2022-11-29T06:28:52.879+0000] {dag.py:3340} INFO - Setting next_dagrun for latest_only_with_trigger to 2022-11-29T02:28:52.879243+00:00, run_after=2022-11-29T06:28:52.879243+00:00
[2022-11-29T06:28:52.916+0000] {processor.py:176} INFO - Processing /home/airflow/.local/lib/python3.7/site-packages/airflow/example_dags/example_latest_only_with_trigger.py took 0.162 seconds
[2022-11-29T06:31:44.762+0000] {processor.py:154} INFO - Started process (PID=71) to work on /home/airflow/.local/lib/python3.7/site-packages/airflow/example_dags/example_latest_only_with_trigger.py
[2022-11-29T06:31:44.771+0000] {processor.py:756} INFO - Processing file /home/airflow/.local/lib/python3.7/site-packages/airflow/example_dags/example_latest_only_with_trigger.py for tasks to queue
[2022-11-29T06:31:44.773+0000] {logging_mixin.py:137} INFO - [2022-11-29T06:31:44.773+0000] {dagbag.py:537} INFO - Filling up the DagBag from /home/airflow/.local/lib/python3.7/site-packages/airflow/example_dags/example_latest_only_with_trigger.py
[2022-11-29T06:31:44.812+0000] {processor.py:766} INFO - DAG(s) dict_keys(['latest_only_with_trigger']) retrieved from /home/airflow/.local/lib/python3.7/site-packages/airflow/example_dags/example_latest_only_with_trigger.py
[2022-11-29T06:31:44.868+0000] {logging_mixin.py:137} INFO - [2022-11-29T06:31:44.867+0000] {dag.py:2585} INFO - Sync 1 DAGs
[2022-11-29T06:31:44.961+0000] {logging_mixin.py:137} INFO - [2022-11-29T06:31:44.960+0000] {dag.py:3340} INFO - Setting next_dagrun for latest_only_with_trigger to 2022-11-29T02:31:44.959778+00:00, run_after=2022-11-29T06:31:44.959778+00:00
[2022-11-29T06:31:45.041+0000] {processor.py:176} INFO - Processing /home/airflow/.local/lib/python3.7/site-packages/airflow/example_dags/example_latest_only_with_trigger.py took 0.284 seconds
[2022-11-29T06:32:16.129+0000] {processor.py:154} INFO - Started process (PID=133) to work on /home/airflow/.local/lib/python3.7/site-packages/airflow/example_dags/example_latest_only_with_trigger.py
[2022-11-29T06:32:16.131+0000] {processor.py:756} INFO - Processing file /home/airflow/.local/lib/python3.7/site-packages/airflow/example_dags/example_latest_only_with_trigger.py for tasks to queue
[2022-11-29T06:32:16.135+0000] {logging_mixin.py:137} INFO - [2022-11-29T06:32:16.135+0000] {dagbag.py:537} INFO - Filling up the DagBag from /home/airflow/.local/lib/python3.7/site-packages/airflow/example_dags/example_latest_only_with_trigger.py
[2022-11-29T06:32:16.165+0000] {processor.py:766} INFO - DAG(s) dict_keys(['latest_only_with_trigger']) retrieved from /home/airflow/.local/lib/python3.7/site-packages/airflow/example_dags/example_latest_only_with_trigger.py
[2022-11-29T06:32:16.241+0000] {logging_mixin.py:137} INFO - [2022-11-29T06:32:16.241+0000] {dag.py:2585} INFO - Sync 1 DAGs
[2022-11-29T06:32:16.281+0000] {logging_mixin.py:137} INFO - [2022-11-29T06:32:16.281+0000] {dag.py:3340} INFO - Setting next_dagrun for latest_only_with_trigger to 2022-11-29T02:32:16.281275+00:00, run_after=2022-11-29T06:32:16.281275+00:00
[2022-11-29T06:32:16.324+0000] {processor.py:176} INFO - Processing /home/airflow/.local/lib/python3.7/site-packages/airflow/example_dags/example_latest_only_with_trigger.py took 0.200 seconds
[2022-11-29T06:32:46.604+0000] {processor.py:154} INFO - Started process (PID=188) to work on /home/airflow/.local/lib/python3.7/site-packages/airflow/example_dags/example_latest_only_with_trigger.py
[2022-11-29T06:32:46.606+0000] {processor.py:756} INFO - Processing file /home/airflow/.local/lib/python3.7/site-packages/airflow/example_dags/example_latest_only_with_trigger.py for tasks to queue
[2022-11-29T06:32:46.608+0000] {logging_mixin.py:137} INFO - [2022-11-29T06:32:46.608+0000] {dagbag.py:537} INFO - Filling up the DagBag from /home/airflow/.local/lib/python3.7/site-packages/airflow/example_dags/example_latest_only_with_trigger.py
[2022-11-29T06:32:46.633+0000] {processor.py:766} INFO - DAG(s) dict_keys(['latest_only_with_trigger']) retrieved from /home/airflow/.local/lib/python3.7/site-packages/airflow/example_dags/example_latest_only_with_trigger.py
[2022-11-29T06:32:46.694+0000] {logging_mixin.py:137} INFO - [2022-11-29T06:32:46.694+0000] {dag.py:2585} INFO - Sync 1 DAGs
[2022-11-29T06:32:46.729+0000] {logging_mixin.py:137} INFO - [2022-11-29T06:32:46.729+0000] {dag.py:3340} INFO - Setting next_dagrun for latest_only_with_trigger to 2022-11-29T02:32:46.729409+00:00, run_after=2022-11-29T06:32:46.729409+00:00
[2022-11-29T06:32:46.752+0000] {processor.py:176} INFO - Processing /home/airflow/.local/lib/python3.7/site-packages/airflow/example_dags/example_latest_only_with_trigger.py took 0.153 seconds
[2022-11-29T06:33:17.093+0000] {processor.py:154} INFO - Started process (PID=251) to work on /home/airflow/.local/lib/python3.7/site-packages/airflow/example_dags/example_latest_only_with_trigger.py
[2022-11-29T06:33:17.095+0000] {processor.py:756} INFO - Processing file /home/airflow/.local/lib/python3.7/site-packages/airflow/example_dags/example_latest_only_with_trigger.py for tasks to queue
[2022-11-29T06:33:17.097+0000] {logging_mixin.py:137} INFO - [2022-11-29T06:33:17.097+0000] {dagbag.py:537} INFO - Filling up the DagBag from /home/airflow/.local/lib/python3.7/site-packages/airflow/example_dags/example_latest_only_with_trigger.py
[2022-11-29T06:33:17.125+0000] {processor.py:766} INFO - DAG(s) dict_keys(['latest_only_with_trigger']) retrieved from /home/airflow/.local/lib/python3.7/site-packages/airflow/example_dags/example_latest_only_with_trigger.py
[2022-11-29T06:33:17.190+0000] {logging_mixin.py:137} INFO - [2022-11-29T06:33:17.189+0000] {dag.py:2585} INFO - Sync 1 DAGs
[2022-11-29T06:33:17.224+0000] {logging_mixin.py:137} INFO - [2022-11-29T06:33:17.224+0000] {dag.py:3340} INFO - Setting next_dagrun for latest_only_with_trigger to 2022-11-29T02:33:17.223854+00:00, run_after=2022-11-29T06:33:17.223854+00:00
[2022-11-29T06:33:17.253+0000] {processor.py:176} INFO - Processing /home/airflow/.local/lib/python3.7/site-packages/airflow/example_dags/example_latest_only_with_trigger.py took 0.166 seconds
[2022-11-29T06:33:47.950+0000] {processor.py:154} INFO - Started process (PID=313) to work on /home/airflow/.local/lib/python3.7/site-packages/airflow/example_dags/example_latest_only_with_trigger.py
[2022-11-29T06:33:47.959+0000] {processor.py:756} INFO - Processing file /home/airflow/.local/lib/python3.7/site-packages/airflow/example_dags/example_latest_only_with_trigger.py for tasks to queue
[2022-11-29T06:33:47.961+0000] {logging_mixin.py:137} INFO - [2022-11-29T06:33:47.961+0000] {dagbag.py:537} INFO - Filling up the DagBag from /home/airflow/.local/lib/python3.7/site-packages/airflow/example_dags/example_latest_only_with_trigger.py
[2022-11-29T06:33:48.018+0000] {processor.py:766} INFO - DAG(s) dict_keys(['latest_only_with_trigger']) retrieved from /home/airflow/.local/lib/python3.7/site-packages/airflow/example_dags/example_latest_only_with_trigger.py
[2022-11-29T06:33:48.185+0000] {logging_mixin.py:137} INFO - [2022-11-29T06:33:48.185+0000] {dag.py:2585} INFO - Sync 1 DAGs
[2022-11-29T06:33:48.276+0000] {logging_mixin.py:137} INFO - [2022-11-29T06:33:48.275+0000] {dag.py:3340} INFO - Setting next_dagrun for latest_only_with_trigger to 2022-11-29T02:33:48.272829+00:00, run_after=2022-11-29T06:33:48.272829+00:00
[2022-11-29T06:33:48.351+0000] {processor.py:176} INFO - Processing /home/airflow/.local/lib/python3.7/site-packages/airflow/example_dags/example_latest_only_with_trigger.py took 0.423 seconds
[2022-11-29T06:52:58.851+0000] {processor.py:154} INFO - Started process (PID=72) to work on /home/airflow/.local/lib/python3.7/site-packages/airflow/example_dags/example_latest_only_with_trigger.py
[2022-11-29T06:52:58.853+0000] {processor.py:756} INFO - Processing file /home/airflow/.local/lib/python3.7/site-packages/airflow/example_dags/example_latest_only_with_trigger.py for tasks to queue
[2022-11-29T06:52:58.854+0000] {logging_mixin.py:137} INFO - [2022-11-29T06:52:58.854+0000] {dagbag.py:537} INFO - Filling up the DagBag from /home/airflow/.local/lib/python3.7/site-packages/airflow/example_dags/example_latest_only_with_trigger.py
[2022-11-29T06:52:58.898+0000] {processor.py:766} INFO - DAG(s) dict_keys(['latest_only_with_trigger']) retrieved from /home/airflow/.local/lib/python3.7/site-packages/airflow/example_dags/example_latest_only_with_trigger.py
[2022-11-29T06:52:58.967+0000] {logging_mixin.py:137} INFO - [2022-11-29T06:52:58.967+0000] {dag.py:2585} INFO - Sync 1 DAGs
[2022-11-29T06:52:59.057+0000] {logging_mixin.py:137} INFO - [2022-11-29T06:52:59.057+0000] {dag.py:3340} INFO - Setting next_dagrun for latest_only_with_trigger to 2022-11-29T02:52:59.057118+00:00, run_after=2022-11-29T06:52:59.057118+00:00
[2022-11-29T06:52:59.104+0000] {processor.py:176} INFO - Processing /home/airflow/.local/lib/python3.7/site-packages/airflow/example_dags/example_latest_only_with_trigger.py took 0.259 seconds
[2022-11-29T06:53:29.612+0000] {processor.py:154} INFO - Started process (PID=137) to work on /home/airflow/.local/lib/python3.7/site-packages/airflow/example_dags/example_latest_only_with_trigger.py
[2022-11-29T06:53:29.614+0000] {processor.py:756} INFO - Processing file /home/airflow/.local/lib/python3.7/site-packages/airflow/example_dags/example_latest_only_with_trigger.py for tasks to queue
[2022-11-29T06:53:29.616+0000] {logging_mixin.py:137} INFO - [2022-11-29T06:53:29.616+0000] {dagbag.py:537} INFO - Filling up the DagBag from /home/airflow/.local/lib/python3.7/site-packages/airflow/example_dags/example_latest_only_with_trigger.py
[2022-11-29T06:53:29.641+0000] {processor.py:766} INFO - DAG(s) dict_keys(['latest_only_with_trigger']) retrieved from /home/airflow/.local/lib/python3.7/site-packages/airflow/example_dags/example_latest_only_with_trigger.py
[2022-11-29T06:53:29.735+0000] {logging_mixin.py:137} INFO - [2022-11-29T06:53:29.735+0000] {dag.py:2585} INFO - Sync 1 DAGs
[2022-11-29T06:53:29.773+0000] {logging_mixin.py:137} INFO - [2022-11-29T06:53:29.772+0000] {dag.py:3340} INFO - Setting next_dagrun for latest_only_with_trigger to 2022-11-29T02:53:29.772591+00:00, run_after=2022-11-29T06:53:29.772591+00:00
[2022-11-29T06:53:29.803+0000] {processor.py:176} INFO - Processing /home/airflow/.local/lib/python3.7/site-packages/airflow/example_dags/example_latest_only_with_trigger.py took 0.198 seconds
[2022-11-29T06:54:00.675+0000] {processor.py:154} INFO - Started process (PID=192) to work on /home/airflow/.local/lib/python3.7/site-packages/airflow/example_dags/example_latest_only_with_trigger.py
[2022-11-29T06:54:00.677+0000] {processor.py:756} INFO - Processing file /home/airflow/.local/lib/python3.7/site-packages/airflow/example_dags/example_latest_only_with_trigger.py for tasks to queue
[2022-11-29T06:54:00.679+0000] {logging_mixin.py:137} INFO - [2022-11-29T06:54:00.679+0000] {dagbag.py:537} INFO - Filling up the DagBag from /home/airflow/.local/lib/python3.7/site-packages/airflow/example_dags/example_latest_only_with_trigger.py
[2022-11-29T06:54:00.709+0000] {processor.py:766} INFO - DAG(s) dict_keys(['latest_only_with_trigger']) retrieved from /home/airflow/.local/lib/python3.7/site-packages/airflow/example_dags/example_latest_only_with_trigger.py
[2022-11-29T06:54:00.782+0000] {logging_mixin.py:137} INFO - [2022-11-29T06:54:00.782+0000] {dag.py:2585} INFO - Sync 1 DAGs
[2022-11-29T06:54:00.831+0000] {logging_mixin.py:137} INFO - [2022-11-29T06:54:00.831+0000] {dag.py:3340} INFO - Setting next_dagrun for latest_only_with_trigger to 2022-11-29T02:54:00.830405+00:00, run_after=2022-11-29T06:54:00.830405+00:00
[2022-11-29T06:54:00.868+0000] {processor.py:176} INFO - Processing /home/airflow/.local/lib/python3.7/site-packages/airflow/example_dags/example_latest_only_with_trigger.py took 0.198 seconds
[2022-11-29T06:54:31.722+0000] {processor.py:154} INFO - Started process (PID=255) to work on /home/airflow/.local/lib/python3.7/site-packages/airflow/example_dags/example_latest_only_with_trigger.py
[2022-11-29T06:54:31.726+0000] {processor.py:756} INFO - Processing file /home/airflow/.local/lib/python3.7/site-packages/airflow/example_dags/example_latest_only_with_trigger.py for tasks to queue
[2022-11-29T06:54:31.728+0000] {logging_mixin.py:137} INFO - [2022-11-29T06:54:31.728+0000] {dagbag.py:537} INFO - Filling up the DagBag from /home/airflow/.local/lib/python3.7/site-packages/airflow/example_dags/example_latest_only_with_trigger.py
[2022-11-29T06:54:31.776+0000] {processor.py:766} INFO - DAG(s) dict_keys(['latest_only_with_trigger']) retrieved from /home/airflow/.local/lib/python3.7/site-packages/airflow/example_dags/example_latest_only_with_trigger.py
[2022-11-29T06:54:31.845+0000] {logging_mixin.py:137} INFO - [2022-11-29T06:54:31.845+0000] {dag.py:2585} INFO - Sync 1 DAGs
[2022-11-29T06:54:31.884+0000] {logging_mixin.py:137} INFO - [2022-11-29T06:54:31.884+0000] {dag.py:3340} INFO - Setting next_dagrun for latest_only_with_trigger to 2022-11-29T02:54:31.884296+00:00, run_after=2022-11-29T06:54:31.884296+00:00
[2022-11-29T06:54:31.916+0000] {processor.py:176} INFO - Processing /home/airflow/.local/lib/python3.7/site-packages/airflow/example_dags/example_latest_only_with_trigger.py took 0.207 seconds
[2022-11-29T06:55:02.161+0000] {processor.py:154} INFO - Started process (PID=309) to work on /home/airflow/.local/lib/python3.7/site-packages/airflow/example_dags/example_latest_only_with_trigger.py
[2022-11-29T06:55:02.163+0000] {processor.py:756} INFO - Processing file /home/airflow/.local/lib/python3.7/site-packages/airflow/example_dags/example_latest_only_with_trigger.py for tasks to queue
[2022-11-29T06:55:02.165+0000] {logging_mixin.py:137} INFO - [2022-11-29T06:55:02.165+0000] {dagbag.py:537} INFO - Filling up the DagBag from /home/airflow/.local/lib/python3.7/site-packages/airflow/example_dags/example_latest_only_with_trigger.py
[2022-11-29T06:55:02.190+0000] {processor.py:766} INFO - DAG(s) dict_keys(['latest_only_with_trigger']) retrieved from /home/airflow/.local/lib/python3.7/site-packages/airflow/example_dags/example_latest_only_with_trigger.py
[2022-11-29T06:55:02.268+0000] {logging_mixin.py:137} INFO - [2022-11-29T06:55:02.268+0000] {dag.py:2585} INFO - Sync 1 DAGs
[2022-11-29T06:55:02.308+0000] {logging_mixin.py:137} INFO - [2022-11-29T06:55:02.307+0000] {dag.py:3340} INFO - Setting next_dagrun for latest_only_with_trigger to 2022-11-29T02:55:02.307545+00:00, run_after=2022-11-29T06:55:02.307545+00:00
[2022-11-29T06:55:02.336+0000] {processor.py:176} INFO - Processing /home/airflow/.local/lib/python3.7/site-packages/airflow/example_dags/example_latest_only_with_trigger.py took 0.181 seconds
[2022-11-29T06:55:33.074+0000] {processor.py:154} INFO - Started process (PID=371) to work on /home/airflow/.local/lib/python3.7/site-packages/airflow/example_dags/example_latest_only_with_trigger.py
[2022-11-29T06:55:33.076+0000] {processor.py:756} INFO - Processing file /home/airflow/.local/lib/python3.7/site-packages/airflow/example_dags/example_latest_only_with_trigger.py for tasks to queue
[2022-11-29T06:55:33.077+0000] {logging_mixin.py:137} INFO - [2022-11-29T06:55:33.077+0000] {dagbag.py:537} INFO - Filling up the DagBag from /home/airflow/.local/lib/python3.7/site-packages/airflow/example_dags/example_latest_only_with_trigger.py
[2022-11-29T06:55:33.100+0000] {processor.py:766} INFO - DAG(s) dict_keys(['latest_only_with_trigger']) retrieved from /home/airflow/.local/lib/python3.7/site-packages/airflow/example_dags/example_latest_only_with_trigger.py
[2022-11-29T06:55:33.161+0000] {logging_mixin.py:137} INFO - [2022-11-29T06:55:33.161+0000] {dag.py:2585} INFO - Sync 1 DAGs
[2022-11-29T06:55:33.198+0000] {logging_mixin.py:137} INFO - [2022-11-29T06:55:33.198+0000] {dag.py:3340} INFO - Setting next_dagrun for latest_only_with_trigger to 2022-11-29T02:55:33.197749+00:00, run_after=2022-11-29T06:55:33.197749+00:00
[2022-11-29T06:55:33.229+0000] {processor.py:176} INFO - Processing /home/airflow/.local/lib/python3.7/site-packages/airflow/example_dags/example_latest_only_with_trigger.py took 0.160 seconds
[2022-11-29T07:01:52.485+0000] {processor.py:154} INFO - Started process (PID=70) to work on /home/airflow/.local/lib/python3.7/site-packages/airflow/example_dags/example_latest_only_with_trigger.py
[2022-11-29T07:01:52.487+0000] {processor.py:756} INFO - Processing file /home/airflow/.local/lib/python3.7/site-packages/airflow/example_dags/example_latest_only_with_trigger.py for tasks to queue
[2022-11-29T07:01:52.488+0000] {logging_mixin.py:137} INFO - [2022-11-29T07:01:52.488+0000] {dagbag.py:537} INFO - Filling up the DagBag from /home/airflow/.local/lib/python3.7/site-packages/airflow/example_dags/example_latest_only_with_trigger.py
[2022-11-29T07:01:52.515+0000] {processor.py:766} INFO - DAG(s) dict_keys(['latest_only_with_trigger']) retrieved from /home/airflow/.local/lib/python3.7/site-packages/airflow/example_dags/example_latest_only_with_trigger.py
[2022-11-29T07:01:52.566+0000] {logging_mixin.py:137} INFO - [2022-11-29T07:01:52.565+0000] {dag.py:2585} INFO - Sync 1 DAGs
[2022-11-29T07:01:52.670+0000] {logging_mixin.py:137} INFO - [2022-11-29T07:01:52.669+0000] {dag.py:3340} INFO - Setting next_dagrun for latest_only_with_trigger to 2022-11-29T03:01:52.668877+00:00, run_after=2022-11-29T07:01:52.668877+00:00
[2022-11-29T07:01:52.846+0000] {processor.py:176} INFO - Processing /home/airflow/.local/lib/python3.7/site-packages/airflow/example_dags/example_latest_only_with_trigger.py took 0.366 seconds
[2022-11-29T07:02:23.730+0000] {processor.py:154} INFO - Started process (PID=133) to work on /home/airflow/.local/lib/python3.7/site-packages/airflow/example_dags/example_latest_only_with_trigger.py
[2022-11-29T07:02:23.733+0000] {processor.py:756} INFO - Processing file /home/airflow/.local/lib/python3.7/site-packages/airflow/example_dags/example_latest_only_with_trigger.py for tasks to queue
[2022-11-29T07:02:23.735+0000] {logging_mixin.py:137} INFO - [2022-11-29T07:02:23.734+0000] {dagbag.py:537} INFO - Filling up the DagBag from /home/airflow/.local/lib/python3.7/site-packages/airflow/example_dags/example_latest_only_with_trigger.py
[2022-11-29T07:02:23.761+0000] {processor.py:766} INFO - DAG(s) dict_keys(['latest_only_with_trigger']) retrieved from /home/airflow/.local/lib/python3.7/site-packages/airflow/example_dags/example_latest_only_with_trigger.py
[2022-11-29T07:02:23.842+0000] {logging_mixin.py:137} INFO - [2022-11-29T07:02:23.841+0000] {dag.py:2585} INFO - Sync 1 DAGs
[2022-11-29T07:02:23.889+0000] {logging_mixin.py:137} INFO - [2022-11-29T07:02:23.889+0000] {dag.py:3340} INFO - Setting next_dagrun for latest_only_with_trigger to 2022-11-29T03:02:23.889185+00:00, run_after=2022-11-29T07:02:23.889185+00:00
[2022-11-29T07:02:23.923+0000] {processor.py:176} INFO - Processing /home/airflow/.local/lib/python3.7/site-packages/airflow/example_dags/example_latest_only_with_trigger.py took 0.198 seconds
[2022-11-29T07:02:54.752+0000] {processor.py:154} INFO - Started process (PID=188) to work on /home/airflow/.local/lib/python3.7/site-packages/airflow/example_dags/example_latest_only_with_trigger.py
[2022-11-29T07:02:54.754+0000] {processor.py:756} INFO - Processing file /home/airflow/.local/lib/python3.7/site-packages/airflow/example_dags/example_latest_only_with_trigger.py for tasks to queue
[2022-11-29T07:02:54.755+0000] {logging_mixin.py:137} INFO - [2022-11-29T07:02:54.755+0000] {dagbag.py:537} INFO - Filling up the DagBag from /home/airflow/.local/lib/python3.7/site-packages/airflow/example_dags/example_latest_only_with_trigger.py
[2022-11-29T07:02:54.781+0000] {processor.py:766} INFO - DAG(s) dict_keys(['latest_only_with_trigger']) retrieved from /home/airflow/.local/lib/python3.7/site-packages/airflow/example_dags/example_latest_only_with_trigger.py
[2022-11-29T07:02:54.854+0000] {logging_mixin.py:137} INFO - [2022-11-29T07:02:54.853+0000] {dag.py:2585} INFO - Sync 1 DAGs
[2022-11-29T07:02:54.902+0000] {logging_mixin.py:137} INFO - [2022-11-29T07:02:54.902+0000] {dag.py:3340} INFO - Setting next_dagrun for latest_only_with_trigger to 2022-11-29T03:02:54.902289+00:00, run_after=2022-11-29T07:02:54.902289+00:00
[2022-11-29T07:02:54.947+0000] {processor.py:176} INFO - Processing /home/airflow/.local/lib/python3.7/site-packages/airflow/example_dags/example_latest_only_with_trigger.py took 0.201 seconds
[2022-11-29T07:03:25.589+0000] {processor.py:154} INFO - Started process (PID=251) to work on /home/airflow/.local/lib/python3.7/site-packages/airflow/example_dags/example_latest_only_with_trigger.py
[2022-11-29T07:03:25.591+0000] {processor.py:756} INFO - Processing file /home/airflow/.local/lib/python3.7/site-packages/airflow/example_dags/example_latest_only_with_trigger.py for tasks to queue
[2022-11-29T07:03:25.593+0000] {logging_mixin.py:137} INFO - [2022-11-29T07:03:25.593+0000] {dagbag.py:537} INFO - Filling up the DagBag from /home/airflow/.local/lib/python3.7/site-packages/airflow/example_dags/example_latest_only_with_trigger.py
[2022-11-29T07:03:25.620+0000] {processor.py:766} INFO - DAG(s) dict_keys(['latest_only_with_trigger']) retrieved from /home/airflow/.local/lib/python3.7/site-packages/airflow/example_dags/example_latest_only_with_trigger.py
[2022-11-29T07:03:25.689+0000] {logging_mixin.py:137} INFO - [2022-11-29T07:03:25.689+0000] {dag.py:2585} INFO - Sync 1 DAGs
[2022-11-29T07:03:25.740+0000] {logging_mixin.py:137} INFO - [2022-11-29T07:03:25.739+0000] {dag.py:3340} INFO - Setting next_dagrun for latest_only_with_trigger to 2022-11-29T03:03:25.739574+00:00, run_after=2022-11-29T07:03:25.739574+00:00
[2022-11-29T07:03:25.784+0000] {processor.py:176} INFO - Processing /home/airflow/.local/lib/python3.7/site-packages/airflow/example_dags/example_latest_only_with_trigger.py took 0.199 seconds
[2022-11-29T07:04:51.581+0000] {processor.py:154} INFO - Started process (PID=70) to work on /home/airflow/.local/lib/python3.7/site-packages/airflow/example_dags/example_latest_only_with_trigger.py
[2022-11-29T07:04:51.583+0000] {processor.py:756} INFO - Processing file /home/airflow/.local/lib/python3.7/site-packages/airflow/example_dags/example_latest_only_with_trigger.py for tasks to queue
[2022-11-29T07:04:51.585+0000] {logging_mixin.py:137} INFO - [2022-11-29T07:04:51.585+0000] {dagbag.py:537} INFO - Filling up the DagBag from /home/airflow/.local/lib/python3.7/site-packages/airflow/example_dags/example_latest_only_with_trigger.py
[2022-11-29T07:04:51.613+0000] {processor.py:766} INFO - DAG(s) dict_keys(['latest_only_with_trigger']) retrieved from /home/airflow/.local/lib/python3.7/site-packages/airflow/example_dags/example_latest_only_with_trigger.py
[2022-11-29T07:04:51.724+0000] {logging_mixin.py:137} INFO - [2022-11-29T07:04:51.724+0000] {dag.py:2585} INFO - Sync 1 DAGs
[2022-11-29T07:04:51.746+0000] {logging_mixin.py:137} INFO - [2022-11-29T07:04:51.746+0000] {dag.py:3340} INFO - Setting next_dagrun for latest_only_with_trigger to 2022-11-29T03:04:51.745359+00:00, run_after=2022-11-29T07:04:51.745359+00:00
[2022-11-29T07:04:51.788+0000] {processor.py:176} INFO - Processing /home/airflow/.local/lib/python3.7/site-packages/airflow/example_dags/example_latest_only_with_trigger.py took 0.237 seconds
[2022-11-29T07:06:01.947+0000] {processor.py:154} INFO - Started process (PID=70) to work on /home/airflow/.local/lib/python3.7/site-packages/airflow/example_dags/example_latest_only_with_trigger.py
[2022-11-29T07:06:01.949+0000] {processor.py:756} INFO - Processing file /home/airflow/.local/lib/python3.7/site-packages/airflow/example_dags/example_latest_only_with_trigger.py for tasks to queue
[2022-11-29T07:06:01.954+0000] {logging_mixin.py:137} INFO - [2022-11-29T07:06:01.952+0000] {dagbag.py:537} INFO - Filling up the DagBag from /home/airflow/.local/lib/python3.7/site-packages/airflow/example_dags/example_latest_only_with_trigger.py
[2022-11-29T07:06:01.982+0000] {processor.py:766} INFO - DAG(s) dict_keys(['latest_only_with_trigger']) retrieved from /home/airflow/.local/lib/python3.7/site-packages/airflow/example_dags/example_latest_only_with_trigger.py
[2022-11-29T07:06:02.067+0000] {logging_mixin.py:137} INFO - [2022-11-29T07:06:02.067+0000] {dag.py:2585} INFO - Sync 1 DAGs
[2022-11-29T07:06:02.128+0000] {logging_mixin.py:137} INFO - [2022-11-29T07:06:02.128+0000] {dag.py:3340} INFO - Setting next_dagrun for latest_only_with_trigger to 2022-11-29T03:06:02.127766+00:00, run_after=2022-11-29T07:06:02.127766+00:00
[2022-11-29T07:06:02.168+0000] {processor.py:176} INFO - Processing /home/airflow/.local/lib/python3.7/site-packages/airflow/example_dags/example_latest_only_with_trigger.py took 0.230 seconds
[2022-11-29T07:06:32.559+0000] {processor.py:154} INFO - Started process (PID=133) to work on /home/airflow/.local/lib/python3.7/site-packages/airflow/example_dags/example_latest_only_with_trigger.py
[2022-11-29T07:06:32.561+0000] {processor.py:756} INFO - Processing file /home/airflow/.local/lib/python3.7/site-packages/airflow/example_dags/example_latest_only_with_trigger.py for tasks to queue
[2022-11-29T07:06:32.563+0000] {logging_mixin.py:137} INFO - [2022-11-29T07:06:32.563+0000] {dagbag.py:537} INFO - Filling up the DagBag from /home/airflow/.local/lib/python3.7/site-packages/airflow/example_dags/example_latest_only_with_trigger.py
[2022-11-29T07:06:32.592+0000] {processor.py:766} INFO - DAG(s) dict_keys(['latest_only_with_trigger']) retrieved from /home/airflow/.local/lib/python3.7/site-packages/airflow/example_dags/example_latest_only_with_trigger.py
[2022-11-29T07:06:32.661+0000] {logging_mixin.py:137} INFO - [2022-11-29T07:06:32.661+0000] {dag.py:2585} INFO - Sync 1 DAGs
[2022-11-29T07:06:32.712+0000] {logging_mixin.py:137} INFO - [2022-11-29T07:06:32.712+0000] {dag.py:3340} INFO - Setting next_dagrun for latest_only_with_trigger to 2022-11-29T03:06:32.711869+00:00, run_after=2022-11-29T07:06:32.711869+00:00
[2022-11-29T07:06:32.752+0000] {processor.py:176} INFO - Processing /home/airflow/.local/lib/python3.7/site-packages/airflow/example_dags/example_latest_only_with_trigger.py took 0.198 seconds
[2022-11-29T07:07:03.407+0000] {processor.py:154} INFO - Started process (PID=188) to work on /home/airflow/.local/lib/python3.7/site-packages/airflow/example_dags/example_latest_only_with_trigger.py
[2022-11-29T07:07:03.409+0000] {processor.py:756} INFO - Processing file /home/airflow/.local/lib/python3.7/site-packages/airflow/example_dags/example_latest_only_with_trigger.py for tasks to queue
[2022-11-29T07:07:03.411+0000] {logging_mixin.py:137} INFO - [2022-11-29T07:07:03.411+0000] {dagbag.py:537} INFO - Filling up the DagBag from /home/airflow/.local/lib/python3.7/site-packages/airflow/example_dags/example_latest_only_with_trigger.py
[2022-11-29T07:07:03.442+0000] {processor.py:766} INFO - DAG(s) dict_keys(['latest_only_with_trigger']) retrieved from /home/airflow/.local/lib/python3.7/site-packages/airflow/example_dags/example_latest_only_with_trigger.py
[2022-11-29T07:07:03.517+0000] {logging_mixin.py:137} INFO - [2022-11-29T07:07:03.516+0000] {dag.py:2585} INFO - Sync 1 DAGs
[2022-11-29T07:07:03.569+0000] {logging_mixin.py:137} INFO - [2022-11-29T07:07:03.569+0000] {dag.py:3340} INFO - Setting next_dagrun for latest_only_with_trigger to 2022-11-29T03:07:03.568728+00:00, run_after=2022-11-29T07:07:03.568728+00:00
[2022-11-29T07:07:03.600+0000] {processor.py:176} INFO - Processing /home/airflow/.local/lib/python3.7/site-packages/airflow/example_dags/example_latest_only_with_trigger.py took 0.200 seconds
[2022-11-29T07:07:34.213+0000] {processor.py:154} INFO - Started process (PID=251) to work on /home/airflow/.local/lib/python3.7/site-packages/airflow/example_dags/example_latest_only_with_trigger.py
[2022-11-29T07:07:34.215+0000] {processor.py:756} INFO - Processing file /home/airflow/.local/lib/python3.7/site-packages/airflow/example_dags/example_latest_only_with_trigger.py for tasks to queue
[2022-11-29T07:07:34.217+0000] {logging_mixin.py:137} INFO - [2022-11-29T07:07:34.217+0000] {dagbag.py:537} INFO - Filling up the DagBag from /home/airflow/.local/lib/python3.7/site-packages/airflow/example_dags/example_latest_only_with_trigger.py
[2022-11-29T07:07:34.248+0000] {processor.py:766} INFO - DAG(s) dict_keys(['latest_only_with_trigger']) retrieved from /home/airflow/.local/lib/python3.7/site-packages/airflow/example_dags/example_latest_only_with_trigger.py
[2022-11-29T07:07:34.323+0000] {logging_mixin.py:137} INFO - [2022-11-29T07:07:34.323+0000] {dag.py:2585} INFO - Sync 1 DAGs
[2022-11-29T07:07:34.379+0000] {logging_mixin.py:137} INFO - [2022-11-29T07:07:34.378+0000] {dag.py:3340} INFO - Setting next_dagrun for latest_only_with_trigger to 2022-11-29T03:07:34.378160+00:00, run_after=2022-11-29T07:07:34.378160+00:00
[2022-11-29T07:07:34.430+0000] {processor.py:176} INFO - Processing /home/airflow/.local/lib/python3.7/site-packages/airflow/example_dags/example_latest_only_with_trigger.py took 0.222 seconds
[2022-11-29T07:08:05.117+0000] {processor.py:154} INFO - Started process (PID=316) to work on /home/airflow/.local/lib/python3.7/site-packages/airflow/example_dags/example_latest_only_with_trigger.py
[2022-11-29T07:08:05.119+0000] {processor.py:756} INFO - Processing file /home/airflow/.local/lib/python3.7/site-packages/airflow/example_dags/example_latest_only_with_trigger.py for tasks to queue
[2022-11-29T07:08:05.121+0000] {logging_mixin.py:137} INFO - [2022-11-29T07:08:05.121+0000] {dagbag.py:537} INFO - Filling up the DagBag from /home/airflow/.local/lib/python3.7/site-packages/airflow/example_dags/example_latest_only_with_trigger.py
[2022-11-29T07:08:05.145+0000] {processor.py:766} INFO - DAG(s) dict_keys(['latest_only_with_trigger']) retrieved from /home/airflow/.local/lib/python3.7/site-packages/airflow/example_dags/example_latest_only_with_trigger.py
[2022-11-29T07:08:05.215+0000] {logging_mixin.py:137} INFO - [2022-11-29T07:08:05.215+0000] {dag.py:2585} INFO - Sync 1 DAGs
[2022-11-29T07:08:05.259+0000] {logging_mixin.py:137} INFO - [2022-11-29T07:08:05.259+0000] {dag.py:3340} INFO - Setting next_dagrun for latest_only_with_trigger to 2022-11-29T03:08:05.258902+00:00, run_after=2022-11-29T07:08:05.258902+00:00
[2022-11-29T07:08:05.304+0000] {processor.py:176} INFO - Processing /home/airflow/.local/lib/python3.7/site-packages/airflow/example_dags/example_latest_only_with_trigger.py took 0.192 seconds
[2022-11-29T07:08:35.407+0000] {processor.py:154} INFO - Started process (PID=370) to work on /home/airflow/.local/lib/python3.7/site-packages/airflow/example_dags/example_latest_only_with_trigger.py
[2022-11-29T07:08:35.408+0000] {processor.py:756} INFO - Processing file /home/airflow/.local/lib/python3.7/site-packages/airflow/example_dags/example_latest_only_with_trigger.py for tasks to queue
[2022-11-29T07:08:35.410+0000] {logging_mixin.py:137} INFO - [2022-11-29T07:08:35.410+0000] {dagbag.py:537} INFO - Filling up the DagBag from /home/airflow/.local/lib/python3.7/site-packages/airflow/example_dags/example_latest_only_with_trigger.py
[2022-11-29T07:08:35.430+0000] {processor.py:766} INFO - DAG(s) dict_keys(['latest_only_with_trigger']) retrieved from /home/airflow/.local/lib/python3.7/site-packages/airflow/example_dags/example_latest_only_with_trigger.py
[2022-11-29T07:08:35.484+0000] {logging_mixin.py:137} INFO - [2022-11-29T07:08:35.484+0000] {dag.py:2585} INFO - Sync 1 DAGs
[2022-11-29T07:08:35.517+0000] {logging_mixin.py:137} INFO - [2022-11-29T07:08:35.517+0000] {dag.py:3340} INFO - Setting next_dagrun for latest_only_with_trigger to 2022-11-29T03:08:35.517063+00:00, run_after=2022-11-29T07:08:35.517063+00:00
[2022-11-29T07:08:35.544+0000] {processor.py:176} INFO - Processing /home/airflow/.local/lib/python3.7/site-packages/airflow/example_dags/example_latest_only_with_trigger.py took 0.142 seconds
[2022-11-29T07:09:06.308+0000] {processor.py:154} INFO - Started process (PID=433) to work on /home/airflow/.local/lib/python3.7/site-packages/airflow/example_dags/example_latest_only_with_trigger.py
[2022-11-29T07:09:06.312+0000] {processor.py:756} INFO - Processing file /home/airflow/.local/lib/python3.7/site-packages/airflow/example_dags/example_latest_only_with_trigger.py for tasks to queue
[2022-11-29T07:09:06.318+0000] {logging_mixin.py:137} INFO - [2022-11-29T07:09:06.317+0000] {dagbag.py:537} INFO - Filling up the DagBag from /home/airflow/.local/lib/python3.7/site-packages/airflow/example_dags/example_latest_only_with_trigger.py
[2022-11-29T07:09:06.355+0000] {processor.py:766} INFO - DAG(s) dict_keys(['latest_only_with_trigger']) retrieved from /home/airflow/.local/lib/python3.7/site-packages/airflow/example_dags/example_latest_only_with_trigger.py
[2022-11-29T07:09:06.442+0000] {logging_mixin.py:137} INFO - [2022-11-29T07:09:06.442+0000] {dag.py:2585} INFO - Sync 1 DAGs
[2022-11-29T07:09:06.503+0000] {logging_mixin.py:137} INFO - [2022-11-29T07:09:06.503+0000] {dag.py:3340} INFO - Setting next_dagrun for latest_only_with_trigger to 2022-11-29T03:09:06.503335+00:00, run_after=2022-11-29T07:09:06.503335+00:00
[2022-11-29T07:09:06.557+0000] {processor.py:176} INFO - Processing /home/airflow/.local/lib/python3.7/site-packages/airflow/example_dags/example_latest_only_with_trigger.py took 0.259 seconds
[2022-11-29T07:09:37.384+0000] {processor.py:154} INFO - Started process (PID=496) to work on /home/airflow/.local/lib/python3.7/site-packages/airflow/example_dags/example_latest_only_with_trigger.py
[2022-11-29T07:09:37.388+0000] {processor.py:756} INFO - Processing file /home/airflow/.local/lib/python3.7/site-packages/airflow/example_dags/example_latest_only_with_trigger.py for tasks to queue
[2022-11-29T07:09:37.391+0000] {logging_mixin.py:137} INFO - [2022-11-29T07:09:37.390+0000] {dagbag.py:537} INFO - Filling up the DagBag from /home/airflow/.local/lib/python3.7/site-packages/airflow/example_dags/example_latest_only_with_trigger.py
[2022-11-29T07:09:37.419+0000] {processor.py:766} INFO - DAG(s) dict_keys(['latest_only_with_trigger']) retrieved from /home/airflow/.local/lib/python3.7/site-packages/airflow/example_dags/example_latest_only_with_trigger.py
[2022-11-29T07:09:37.486+0000] {logging_mixin.py:137} INFO - [2022-11-29T07:09:37.486+0000] {dag.py:2585} INFO - Sync 1 DAGs
[2022-11-29T07:09:37.541+0000] {logging_mixin.py:137} INFO - [2022-11-29T07:09:37.540+0000] {dag.py:3340} INFO - Setting next_dagrun for latest_only_with_trigger to 2022-11-29T03:09:37.540541+00:00, run_after=2022-11-29T07:09:37.540541+00:00
[2022-11-29T07:09:37.574+0000] {processor.py:176} INFO - Processing /home/airflow/.local/lib/python3.7/site-packages/airflow/example_dags/example_latest_only_with_trigger.py took 0.208 seconds
[2022-11-29T07:10:07.831+0000] {processor.py:154} INFO - Started process (PID=549) to work on /home/airflow/.local/lib/python3.7/site-packages/airflow/example_dags/example_latest_only_with_trigger.py
[2022-11-29T07:10:07.834+0000] {processor.py:756} INFO - Processing file /home/airflow/.local/lib/python3.7/site-packages/airflow/example_dags/example_latest_only_with_trigger.py for tasks to queue
[2022-11-29T07:10:07.835+0000] {logging_mixin.py:137} INFO - [2022-11-29T07:10:07.835+0000] {dagbag.py:537} INFO - Filling up the DagBag from /home/airflow/.local/lib/python3.7/site-packages/airflow/example_dags/example_latest_only_with_trigger.py
[2022-11-29T07:10:07.856+0000] {processor.py:766} INFO - DAG(s) dict_keys(['latest_only_with_trigger']) retrieved from /home/airflow/.local/lib/python3.7/site-packages/airflow/example_dags/example_latest_only_with_trigger.py
[2022-11-29T07:10:07.918+0000] {logging_mixin.py:137} INFO - [2022-11-29T07:10:07.917+0000] {dag.py:2585} INFO - Sync 1 DAGs
[2022-11-29T07:10:07.960+0000] {logging_mixin.py:137} INFO - [2022-11-29T07:10:07.960+0000] {dag.py:3340} INFO - Setting next_dagrun for latest_only_with_trigger to 2022-11-29T03:10:07.960253+00:00, run_after=2022-11-29T07:10:07.960253+00:00
[2022-11-29T07:10:07.991+0000] {processor.py:176} INFO - Processing /home/airflow/.local/lib/python3.7/site-packages/airflow/example_dags/example_latest_only_with_trigger.py took 0.166 seconds
[2022-11-29T07:10:38.194+0000] {processor.py:154} INFO - Started process (PID=612) to work on /home/airflow/.local/lib/python3.7/site-packages/airflow/example_dags/example_latest_only_with_trigger.py
[2022-11-29T07:10:38.196+0000] {processor.py:756} INFO - Processing file /home/airflow/.local/lib/python3.7/site-packages/airflow/example_dags/example_latest_only_with_trigger.py for tasks to queue
[2022-11-29T07:10:38.198+0000] {logging_mixin.py:137} INFO - [2022-11-29T07:10:38.198+0000] {dagbag.py:537} INFO - Filling up the DagBag from /home/airflow/.local/lib/python3.7/site-packages/airflow/example_dags/example_latest_only_with_trigger.py
[2022-11-29T07:10:38.228+0000] {processor.py:766} INFO - DAG(s) dict_keys(['latest_only_with_trigger']) retrieved from /home/airflow/.local/lib/python3.7/site-packages/airflow/example_dags/example_latest_only_with_trigger.py
[2022-11-29T07:10:38.309+0000] {logging_mixin.py:137} INFO - [2022-11-29T07:10:38.309+0000] {dag.py:2585} INFO - Sync 1 DAGs
[2022-11-29T07:10:38.359+0000] {logging_mixin.py:137} INFO - [2022-11-29T07:10:38.359+0000] {dag.py:3340} INFO - Setting next_dagrun for latest_only_with_trigger to 2022-11-29T03:10:38.358760+00:00, run_after=2022-11-29T07:10:38.358760+00:00
[2022-11-29T07:10:38.389+0000] {processor.py:176} INFO - Processing /home/airflow/.local/lib/python3.7/site-packages/airflow/example_dags/example_latest_only_with_trigger.py took 0.202 seconds
[2022-11-29T07:11:09.864+0000] {processor.py:154} INFO - Started process (PID=674) to work on /home/airflow/.local/lib/python3.7/site-packages/airflow/example_dags/example_latest_only_with_trigger.py
[2022-11-29T07:11:09.870+0000] {processor.py:756} INFO - Processing file /home/airflow/.local/lib/python3.7/site-packages/airflow/example_dags/example_latest_only_with_trigger.py for tasks to queue
[2022-11-29T07:11:09.872+0000] {logging_mixin.py:137} INFO - [2022-11-29T07:11:09.871+0000] {dagbag.py:537} INFO - Filling up the DagBag from /home/airflow/.local/lib/python3.7/site-packages/airflow/example_dags/example_latest_only_with_trigger.py
[2022-11-29T07:11:09.944+0000] {processor.py:766} INFO - DAG(s) dict_keys(['latest_only_with_trigger']) retrieved from /home/airflow/.local/lib/python3.7/site-packages/airflow/example_dags/example_latest_only_with_trigger.py
[2022-11-29T07:11:10.143+0000] {logging_mixin.py:137} INFO - [2022-11-29T07:11:10.143+0000] {dag.py:2585} INFO - Sync 1 DAGs
[2022-11-29T07:11:10.251+0000] {logging_mixin.py:137} INFO - [2022-11-29T07:11:10.251+0000] {dag.py:3340} INFO - Setting next_dagrun for latest_only_with_trigger to 2022-11-29T03:11:10.250932+00:00, run_after=2022-11-29T07:11:10.250932+00:00
[2022-11-29T07:11:10.312+0000] {processor.py:176} INFO - Processing /home/airflow/.local/lib/python3.7/site-packages/airflow/example_dags/example_latest_only_with_trigger.py took 0.467 seconds
[2022-11-29T07:11:41.122+0000] {processor.py:154} INFO - Started process (PID=729) to work on /home/airflow/.local/lib/python3.7/site-packages/airflow/example_dags/example_latest_only_with_trigger.py
[2022-11-29T07:11:41.124+0000] {processor.py:756} INFO - Processing file /home/airflow/.local/lib/python3.7/site-packages/airflow/example_dags/example_latest_only_with_trigger.py for tasks to queue
[2022-11-29T07:11:41.127+0000] {logging_mixin.py:137} INFO - [2022-11-29T07:11:41.126+0000] {dagbag.py:537} INFO - Filling up the DagBag from /home/airflow/.local/lib/python3.7/site-packages/airflow/example_dags/example_latest_only_with_trigger.py
[2022-11-29T07:11:41.153+0000] {processor.py:766} INFO - DAG(s) dict_keys(['latest_only_with_trigger']) retrieved from /home/airflow/.local/lib/python3.7/site-packages/airflow/example_dags/example_latest_only_with_trigger.py
[2022-11-29T07:11:41.215+0000] {logging_mixin.py:137} INFO - [2022-11-29T07:11:41.215+0000] {dag.py:2585} INFO - Sync 1 DAGs
[2022-11-29T07:11:41.256+0000] {logging_mixin.py:137} INFO - [2022-11-29T07:11:41.255+0000] {dag.py:3340} INFO - Setting next_dagrun for latest_only_with_trigger to 2022-11-29T03:11:41.255550+00:00, run_after=2022-11-29T07:11:41.255550+00:00
[2022-11-29T07:11:41.288+0000] {processor.py:176} INFO - Processing /home/airflow/.local/lib/python3.7/site-packages/airflow/example_dags/example_latest_only_with_trigger.py took 0.173 seconds
[2022-11-29T07:12:11.848+0000] {processor.py:154} INFO - Started process (PID=793) to work on /home/airflow/.local/lib/python3.7/site-packages/airflow/example_dags/example_latest_only_with_trigger.py
[2022-11-29T07:12:11.850+0000] {processor.py:756} INFO - Processing file /home/airflow/.local/lib/python3.7/site-packages/airflow/example_dags/example_latest_only_with_trigger.py for tasks to queue
[2022-11-29T07:12:11.851+0000] {logging_mixin.py:137} INFO - [2022-11-29T07:12:11.851+0000] {dagbag.py:537} INFO - Filling up the DagBag from /home/airflow/.local/lib/python3.7/site-packages/airflow/example_dags/example_latest_only_with_trigger.py
[2022-11-29T07:12:11.874+0000] {processor.py:766} INFO - DAG(s) dict_keys(['latest_only_with_trigger']) retrieved from /home/airflow/.local/lib/python3.7/site-packages/airflow/example_dags/example_latest_only_with_trigger.py
[2022-11-29T07:12:11.933+0000] {logging_mixin.py:137} INFO - [2022-11-29T07:12:11.933+0000] {dag.py:2585} INFO - Sync 1 DAGs
[2022-11-29T07:12:11.970+0000] {logging_mixin.py:137} INFO - [2022-11-29T07:12:11.970+0000] {dag.py:3340} INFO - Setting next_dagrun for latest_only_with_trigger to 2022-11-29T03:12:11.970098+00:00, run_after=2022-11-29T07:12:11.970098+00:00
[2022-11-29T07:12:12.004+0000] {processor.py:176} INFO - Processing /home/airflow/.local/lib/python3.7/site-packages/airflow/example_dags/example_latest_only_with_trigger.py took 0.160 seconds
[2022-11-29T07:12:42.229+0000] {processor.py:154} INFO - Started process (PID=854) to work on /home/airflow/.local/lib/python3.7/site-packages/airflow/example_dags/example_latest_only_with_trigger.py
[2022-11-29T07:12:42.232+0000] {processor.py:756} INFO - Processing file /home/airflow/.local/lib/python3.7/site-packages/airflow/example_dags/example_latest_only_with_trigger.py for tasks to queue
[2022-11-29T07:12:42.237+0000] {logging_mixin.py:137} INFO - [2022-11-29T07:12:42.236+0000] {dagbag.py:537} INFO - Filling up the DagBag from /home/airflow/.local/lib/python3.7/site-packages/airflow/example_dags/example_latest_only_with_trigger.py
[2022-11-29T07:12:42.273+0000] {processor.py:766} INFO - DAG(s) dict_keys(['latest_only_with_trigger']) retrieved from /home/airflow/.local/lib/python3.7/site-packages/airflow/example_dags/example_latest_only_with_trigger.py
[2022-11-29T07:12:42.356+0000] {logging_mixin.py:137} INFO - [2022-11-29T07:12:42.356+0000] {dag.py:2585} INFO - Sync 1 DAGs
[2022-11-29T07:12:42.400+0000] {logging_mixin.py:137} INFO - [2022-11-29T07:12:42.400+0000] {dag.py:3340} INFO - Setting next_dagrun for latest_only_with_trigger to 2022-11-29T03:12:42.400099+00:00, run_after=2022-11-29T07:12:42.400099+00:00
[2022-11-29T07:12:42.433+0000] {processor.py:176} INFO - Processing /home/airflow/.local/lib/python3.7/site-packages/airflow/example_dags/example_latest_only_with_trigger.py took 0.214 seconds
[2022-11-29T07:13:12.633+0000] {processor.py:154} INFO - Started process (PID=908) to work on /home/airflow/.local/lib/python3.7/site-packages/airflow/example_dags/example_latest_only_with_trigger.py
[2022-11-29T07:13:12.636+0000] {processor.py:756} INFO - Processing file /home/airflow/.local/lib/python3.7/site-packages/airflow/example_dags/example_latest_only_with_trigger.py for tasks to queue
[2022-11-29T07:13:12.638+0000] {logging_mixin.py:137} INFO - [2022-11-29T07:13:12.638+0000] {dagbag.py:537} INFO - Filling up the DagBag from /home/airflow/.local/lib/python3.7/site-packages/airflow/example_dags/example_latest_only_with_trigger.py
[2022-11-29T07:13:12.664+0000] {processor.py:766} INFO - DAG(s) dict_keys(['latest_only_with_trigger']) retrieved from /home/airflow/.local/lib/python3.7/site-packages/airflow/example_dags/example_latest_only_with_trigger.py
[2022-11-29T07:13:12.722+0000] {logging_mixin.py:137} INFO - [2022-11-29T07:13:12.722+0000] {dag.py:2585} INFO - Sync 1 DAGs
[2022-11-29T07:13:12.755+0000] {logging_mixin.py:137} INFO - [2022-11-29T07:13:12.755+0000] {dag.py:3340} INFO - Setting next_dagrun for latest_only_with_trigger to 2022-11-29T03:13:12.755035+00:00, run_after=2022-11-29T07:13:12.755035+00:00
[2022-11-29T07:13:12.784+0000] {processor.py:176} INFO - Processing /home/airflow/.local/lib/python3.7/site-packages/airflow/example_dags/example_latest_only_with_trigger.py took 0.158 seconds
[2022-11-29T07:13:43.329+0000] {processor.py:154} INFO - Started process (PID=971) to work on /home/airflow/.local/lib/python3.7/site-packages/airflow/example_dags/example_latest_only_with_trigger.py
[2022-11-29T07:13:43.331+0000] {processor.py:756} INFO - Processing file /home/airflow/.local/lib/python3.7/site-packages/airflow/example_dags/example_latest_only_with_trigger.py for tasks to queue
[2022-11-29T07:13:43.334+0000] {logging_mixin.py:137} INFO - [2022-11-29T07:13:43.333+0000] {dagbag.py:537} INFO - Filling up the DagBag from /home/airflow/.local/lib/python3.7/site-packages/airflow/example_dags/example_latest_only_with_trigger.py
[2022-11-29T07:13:43.357+0000] {processor.py:766} INFO - DAG(s) dict_keys(['latest_only_with_trigger']) retrieved from /home/airflow/.local/lib/python3.7/site-packages/airflow/example_dags/example_latest_only_with_trigger.py
[2022-11-29T07:13:43.423+0000] {logging_mixin.py:137} INFO - [2022-11-29T07:13:43.422+0000] {dag.py:2585} INFO - Sync 1 DAGs
[2022-11-29T07:13:43.461+0000] {logging_mixin.py:137} INFO - [2022-11-29T07:13:43.461+0000] {dag.py:3340} INFO - Setting next_dagrun for latest_only_with_trigger to 2022-11-29T03:13:43.460894+00:00, run_after=2022-11-29T07:13:43.460894+00:00
[2022-11-29T07:13:43.487+0000] {processor.py:176} INFO - Processing /home/airflow/.local/lib/python3.7/site-packages/airflow/example_dags/example_latest_only_with_trigger.py took 0.165 seconds
[2022-11-29T07:14:13.616+0000] {processor.py:154} INFO - Started process (PID=1030) to work on /home/airflow/.local/lib/python3.7/site-packages/airflow/example_dags/example_latest_only_with_trigger.py
[2022-11-29T07:14:13.623+0000] {processor.py:756} INFO - Processing file /home/airflow/.local/lib/python3.7/site-packages/airflow/example_dags/example_latest_only_with_trigger.py for tasks to queue
[2022-11-29T07:14:13.626+0000] {logging_mixin.py:137} INFO - [2022-11-29T07:14:13.626+0000] {dagbag.py:537} INFO - Filling up the DagBag from /home/airflow/.local/lib/python3.7/site-packages/airflow/example_dags/example_latest_only_with_trigger.py
[2022-11-29T07:14:13.653+0000] {processor.py:766} INFO - DAG(s) dict_keys(['latest_only_with_trigger']) retrieved from /home/airflow/.local/lib/python3.7/site-packages/airflow/example_dags/example_latest_only_with_trigger.py
[2022-11-29T07:14:13.713+0000] {logging_mixin.py:137} INFO - [2022-11-29T07:14:13.713+0000] {dag.py:2585} INFO - Sync 1 DAGs
[2022-11-29T07:14:13.750+0000] {logging_mixin.py:137} INFO - [2022-11-29T07:14:13.750+0000] {dag.py:3340} INFO - Setting next_dagrun for latest_only_with_trigger to 2022-11-29T03:14:13.750253+00:00, run_after=2022-11-29T07:14:13.750253+00:00
[2022-11-29T07:14:13.778+0000] {processor.py:176} INFO - Processing /home/airflow/.local/lib/python3.7/site-packages/airflow/example_dags/example_latest_only_with_trigger.py took 0.168 seconds
[2022-11-29T07:14:44.147+0000] {processor.py:154} INFO - Started process (PID=1088) to work on /home/airflow/.local/lib/python3.7/site-packages/airflow/example_dags/example_latest_only_with_trigger.py
[2022-11-29T07:14:44.149+0000] {processor.py:756} INFO - Processing file /home/airflow/.local/lib/python3.7/site-packages/airflow/example_dags/example_latest_only_with_trigger.py for tasks to queue
[2022-11-29T07:14:44.150+0000] {logging_mixin.py:137} INFO - [2022-11-29T07:14:44.150+0000] {dagbag.py:537} INFO - Filling up the DagBag from /home/airflow/.local/lib/python3.7/site-packages/airflow/example_dags/example_latest_only_with_trigger.py
[2022-11-29T07:14:44.171+0000] {processor.py:766} INFO - DAG(s) dict_keys(['latest_only_with_trigger']) retrieved from /home/airflow/.local/lib/python3.7/site-packages/airflow/example_dags/example_latest_only_with_trigger.py
[2022-11-29T07:14:44.231+0000] {logging_mixin.py:137} INFO - [2022-11-29T07:14:44.231+0000] {dag.py:2585} INFO - Sync 1 DAGs
[2022-11-29T07:14:44.271+0000] {logging_mixin.py:137} INFO - [2022-11-29T07:14:44.271+0000] {dag.py:3340} INFO - Setting next_dagrun for latest_only_with_trigger to 2022-11-29T03:14:44.271154+00:00, run_after=2022-11-29T07:14:44.271154+00:00
[2022-11-29T07:14:44.303+0000] {processor.py:176} INFO - Processing /home/airflow/.local/lib/python3.7/site-packages/airflow/example_dags/example_latest_only_with_trigger.py took 0.161 seconds
[2022-11-29T07:15:15.109+0000] {processor.py:154} INFO - Started process (PID=1151) to work on /home/airflow/.local/lib/python3.7/site-packages/airflow/example_dags/example_latest_only_with_trigger.py
[2022-11-29T07:15:15.111+0000] {processor.py:756} INFO - Processing file /home/airflow/.local/lib/python3.7/site-packages/airflow/example_dags/example_latest_only_with_trigger.py for tasks to queue
[2022-11-29T07:15:15.113+0000] {logging_mixin.py:137} INFO - [2022-11-29T07:15:15.112+0000] {dagbag.py:537} INFO - Filling up the DagBag from /home/airflow/.local/lib/python3.7/site-packages/airflow/example_dags/example_latest_only_with_trigger.py
[2022-11-29T07:15:15.135+0000] {processor.py:766} INFO - DAG(s) dict_keys(['latest_only_with_trigger']) retrieved from /home/airflow/.local/lib/python3.7/site-packages/airflow/example_dags/example_latest_only_with_trigger.py
[2022-11-29T07:15:15.195+0000] {logging_mixin.py:137} INFO - [2022-11-29T07:15:15.195+0000] {dag.py:2585} INFO - Sync 1 DAGs
[2022-11-29T07:15:15.249+0000] {logging_mixin.py:137} INFO - [2022-11-29T07:15:15.249+0000] {dag.py:3340} INFO - Setting next_dagrun for latest_only_with_trigger to 2022-11-29T03:15:15.248456+00:00, run_after=2022-11-29T07:15:15.248456+00:00
[2022-11-29T07:15:15.299+0000] {processor.py:176} INFO - Processing /home/airflow/.local/lib/python3.7/site-packages/airflow/example_dags/example_latest_only_with_trigger.py took 0.195 seconds
[2022-11-29T07:15:45.998+0000] {processor.py:154} INFO - Started process (PID=1213) to work on /home/airflow/.local/lib/python3.7/site-packages/airflow/example_dags/example_latest_only_with_trigger.py
[2022-11-29T07:15:46.001+0000] {processor.py:756} INFO - Processing file /home/airflow/.local/lib/python3.7/site-packages/airflow/example_dags/example_latest_only_with_trigger.py for tasks to queue
[2022-11-29T07:15:46.003+0000] {logging_mixin.py:137} INFO - [2022-11-29T07:15:46.002+0000] {dagbag.py:537} INFO - Filling up the DagBag from /home/airflow/.local/lib/python3.7/site-packages/airflow/example_dags/example_latest_only_with_trigger.py
[2022-11-29T07:15:46.051+0000] {processor.py:766} INFO - DAG(s) dict_keys(['latest_only_with_trigger']) retrieved from /home/airflow/.local/lib/python3.7/site-packages/airflow/example_dags/example_latest_only_with_trigger.py
[2022-11-29T07:15:46.130+0000] {logging_mixin.py:137} INFO - [2022-11-29T07:15:46.130+0000] {dag.py:2585} INFO - Sync 1 DAGs
[2022-11-29T07:15:46.175+0000] {logging_mixin.py:137} INFO - [2022-11-29T07:15:46.174+0000] {dag.py:3340} INFO - Setting next_dagrun for latest_only_with_trigger to 2022-11-29T03:15:46.174448+00:00, run_after=2022-11-29T07:15:46.174448+00:00
[2022-11-29T07:15:46.208+0000] {processor.py:176} INFO - Processing /home/airflow/.local/lib/python3.7/site-packages/airflow/example_dags/example_latest_only_with_trigger.py took 0.221 seconds
[2022-11-29T07:16:16.642+0000] {processor.py:154} INFO - Started process (PID=1269) to work on /home/airflow/.local/lib/python3.7/site-packages/airflow/example_dags/example_latest_only_with_trigger.py
[2022-11-29T07:16:16.648+0000] {processor.py:756} INFO - Processing file /home/airflow/.local/lib/python3.7/site-packages/airflow/example_dags/example_latest_only_with_trigger.py for tasks to queue
[2022-11-29T07:16:16.651+0000] {logging_mixin.py:137} INFO - [2022-11-29T07:16:16.650+0000] {dagbag.py:537} INFO - Filling up the DagBag from /home/airflow/.local/lib/python3.7/site-packages/airflow/example_dags/example_latest_only_with_trigger.py
[2022-11-29T07:16:16.693+0000] {processor.py:766} INFO - DAG(s) dict_keys(['latest_only_with_trigger']) retrieved from /home/airflow/.local/lib/python3.7/site-packages/airflow/example_dags/example_latest_only_with_trigger.py
[2022-11-29T07:16:16.788+0000] {logging_mixin.py:137} INFO - [2022-11-29T07:16:16.788+0000] {dag.py:2585} INFO - Sync 1 DAGs
[2022-11-29T07:16:16.834+0000] {logging_mixin.py:137} INFO - [2022-11-29T07:16:16.833+0000] {dag.py:3340} INFO - Setting next_dagrun for latest_only_with_trigger to 2022-11-29T03:16:16.833316+00:00, run_after=2022-11-29T07:16:16.833316+00:00
[2022-11-29T07:16:16.874+0000] {processor.py:176} INFO - Processing /home/airflow/.local/lib/python3.7/site-packages/airflow/example_dags/example_latest_only_with_trigger.py took 0.245 seconds
[2022-11-29T07:16:47.536+0000] {processor.py:154} INFO - Started process (PID=1333) to work on /home/airflow/.local/lib/python3.7/site-packages/airflow/example_dags/example_latest_only_with_trigger.py
[2022-11-29T07:16:47.539+0000] {processor.py:756} INFO - Processing file /home/airflow/.local/lib/python3.7/site-packages/airflow/example_dags/example_latest_only_with_trigger.py for tasks to queue
[2022-11-29T07:16:47.540+0000] {logging_mixin.py:137} INFO - [2022-11-29T07:16:47.540+0000] {dagbag.py:537} INFO - Filling up the DagBag from /home/airflow/.local/lib/python3.7/site-packages/airflow/example_dags/example_latest_only_with_trigger.py
[2022-11-29T07:16:47.565+0000] {processor.py:766} INFO - DAG(s) dict_keys(['latest_only_with_trigger']) retrieved from /home/airflow/.local/lib/python3.7/site-packages/airflow/example_dags/example_latest_only_with_trigger.py
[2022-11-29T07:16:47.628+0000] {logging_mixin.py:137} INFO - [2022-11-29T07:16:47.628+0000] {dag.py:2585} INFO - Sync 1 DAGs
[2022-11-29T07:16:47.665+0000] {logging_mixin.py:137} INFO - [2022-11-29T07:16:47.665+0000] {dag.py:3340} INFO - Setting next_dagrun for latest_only_with_trigger to 2022-11-29T03:16:47.665387+00:00, run_after=2022-11-29T07:16:47.665387+00:00
[2022-11-29T07:16:47.696+0000] {processor.py:176} INFO - Processing /home/airflow/.local/lib/python3.7/site-packages/airflow/example_dags/example_latest_only_with_trigger.py took 0.165 seconds
[2022-11-29T07:17:18.439+0000] {processor.py:154} INFO - Started process (PID=1387) to work on /home/airflow/.local/lib/python3.7/site-packages/airflow/example_dags/example_latest_only_with_trigger.py
[2022-11-29T07:17:18.441+0000] {processor.py:756} INFO - Processing file /home/airflow/.local/lib/python3.7/site-packages/airflow/example_dags/example_latest_only_with_trigger.py for tasks to queue
[2022-11-29T07:17:18.444+0000] {logging_mixin.py:137} INFO - [2022-11-29T07:17:18.443+0000] {dagbag.py:537} INFO - Filling up the DagBag from /home/airflow/.local/lib/python3.7/site-packages/airflow/example_dags/example_latest_only_with_trigger.py
[2022-11-29T07:17:18.471+0000] {processor.py:766} INFO - DAG(s) dict_keys(['latest_only_with_trigger']) retrieved from /home/airflow/.local/lib/python3.7/site-packages/airflow/example_dags/example_latest_only_with_trigger.py
[2022-11-29T07:17:18.563+0000] {logging_mixin.py:137} INFO - [2022-11-29T07:17:18.562+0000] {dag.py:2585} INFO - Sync 1 DAGs
[2022-11-29T07:17:18.610+0000] {logging_mixin.py:137} INFO - [2022-11-29T07:17:18.610+0000] {dag.py:3340} INFO - Setting next_dagrun for latest_only_with_trigger to 2022-11-29T03:17:18.609789+00:00, run_after=2022-11-29T07:17:18.609789+00:00
[2022-11-29T07:17:18.648+0000] {processor.py:176} INFO - Processing /home/airflow/.local/lib/python3.7/site-packages/airflow/example_dags/example_latest_only_with_trigger.py took 0.215 seconds
[2022-11-29T07:17:49.048+0000] {processor.py:154} INFO - Started process (PID=1450) to work on /home/airflow/.local/lib/python3.7/site-packages/airflow/example_dags/example_latest_only_with_trigger.py
[2022-11-29T07:17:49.050+0000] {processor.py:756} INFO - Processing file /home/airflow/.local/lib/python3.7/site-packages/airflow/example_dags/example_latest_only_with_trigger.py for tasks to queue
[2022-11-29T07:17:49.052+0000] {logging_mixin.py:137} INFO - [2022-11-29T07:17:49.051+0000] {dagbag.py:537} INFO - Filling up the DagBag from /home/airflow/.local/lib/python3.7/site-packages/airflow/example_dags/example_latest_only_with_trigger.py
[2022-11-29T07:17:49.079+0000] {processor.py:766} INFO - DAG(s) dict_keys(['latest_only_with_trigger']) retrieved from /home/airflow/.local/lib/python3.7/site-packages/airflow/example_dags/example_latest_only_with_trigger.py
[2022-11-29T07:17:49.155+0000] {logging_mixin.py:137} INFO - [2022-11-29T07:17:49.154+0000] {dag.py:2585} INFO - Sync 1 DAGs
[2022-11-29T07:17:49.223+0000] {logging_mixin.py:137} INFO - [2022-11-29T07:17:49.222+0000] {dag.py:3340} INFO - Setting next_dagrun for latest_only_with_trigger to 2022-11-29T03:17:49.222619+00:00, run_after=2022-11-29T07:17:49.222619+00:00
[2022-11-29T07:17:49.272+0000] {processor.py:176} INFO - Processing /home/airflow/.local/lib/python3.7/site-packages/airflow/example_dags/example_latest_only_with_trigger.py took 0.231 seconds
[2022-11-29T07:18:19.763+0000] {processor.py:154} INFO - Started process (PID=1513) to work on /home/airflow/.local/lib/python3.7/site-packages/airflow/example_dags/example_latest_only_with_trigger.py
[2022-11-29T07:18:19.765+0000] {processor.py:756} INFO - Processing file /home/airflow/.local/lib/python3.7/site-packages/airflow/example_dags/example_latest_only_with_trigger.py for tasks to queue
[2022-11-29T07:18:19.767+0000] {logging_mixin.py:137} INFO - [2022-11-29T07:18:19.767+0000] {dagbag.py:537} INFO - Filling up the DagBag from /home/airflow/.local/lib/python3.7/site-packages/airflow/example_dags/example_latest_only_with_trigger.py
[2022-11-29T07:18:19.795+0000] {processor.py:766} INFO - DAG(s) dict_keys(['latest_only_with_trigger']) retrieved from /home/airflow/.local/lib/python3.7/site-packages/airflow/example_dags/example_latest_only_with_trigger.py
[2022-11-29T07:18:19.883+0000] {logging_mixin.py:137} INFO - [2022-11-29T07:18:19.882+0000] {dag.py:2585} INFO - Sync 1 DAGs
[2022-11-29T07:18:19.947+0000] {logging_mixin.py:137} INFO - [2022-11-29T07:18:19.947+0000] {dag.py:3340} INFO - Setting next_dagrun for latest_only_with_trigger to 2022-11-29T03:18:19.946233+00:00, run_after=2022-11-29T07:18:19.946233+00:00
[2022-11-29T07:18:19.990+0000] {processor.py:176} INFO - Processing /home/airflow/.local/lib/python3.7/site-packages/airflow/example_dags/example_latest_only_with_trigger.py took 0.233 seconds
[2022-11-29T07:18:50.445+0000] {processor.py:154} INFO - Started process (PID=1567) to work on /home/airflow/.local/lib/python3.7/site-packages/airflow/example_dags/example_latest_only_with_trigger.py
[2022-11-29T07:18:50.447+0000] {processor.py:756} INFO - Processing file /home/airflow/.local/lib/python3.7/site-packages/airflow/example_dags/example_latest_only_with_trigger.py for tasks to queue
[2022-11-29T07:18:50.448+0000] {logging_mixin.py:137} INFO - [2022-11-29T07:18:50.448+0000] {dagbag.py:537} INFO - Filling up the DagBag from /home/airflow/.local/lib/python3.7/site-packages/airflow/example_dags/example_latest_only_with_trigger.py
[2022-11-29T07:18:50.495+0000] {processor.py:766} INFO - DAG(s) dict_keys(['latest_only_with_trigger']) retrieved from /home/airflow/.local/lib/python3.7/site-packages/airflow/example_dags/example_latest_only_with_trigger.py
[2022-11-29T07:18:50.581+0000] {logging_mixin.py:137} INFO - [2022-11-29T07:18:50.580+0000] {dag.py:2585} INFO - Sync 1 DAGs
[2022-11-29T07:18:50.632+0000] {logging_mixin.py:137} INFO - [2022-11-29T07:18:50.632+0000] {dag.py:3340} INFO - Setting next_dagrun for latest_only_with_trigger to 2022-11-29T03:18:50.631618+00:00, run_after=2022-11-29T07:18:50.631618+00:00
[2022-11-29T07:18:50.668+0000] {processor.py:176} INFO - Processing /home/airflow/.local/lib/python3.7/site-packages/airflow/example_dags/example_latest_only_with_trigger.py took 0.233 seconds
[2022-11-29T07:19:21.106+0000] {processor.py:154} INFO - Started process (PID=1630) to work on /home/airflow/.local/lib/python3.7/site-packages/airflow/example_dags/example_latest_only_with_trigger.py
[2022-11-29T07:19:21.108+0000] {processor.py:756} INFO - Processing file /home/airflow/.local/lib/python3.7/site-packages/airflow/example_dags/example_latest_only_with_trigger.py for tasks to queue
[2022-11-29T07:19:21.110+0000] {logging_mixin.py:137} INFO - [2022-11-29T07:19:21.109+0000] {dagbag.py:537} INFO - Filling up the DagBag from /home/airflow/.local/lib/python3.7/site-packages/airflow/example_dags/example_latest_only_with_trigger.py
[2022-11-29T07:19:21.138+0000] {processor.py:766} INFO - DAG(s) dict_keys(['latest_only_with_trigger']) retrieved from /home/airflow/.local/lib/python3.7/site-packages/airflow/example_dags/example_latest_only_with_trigger.py
[2022-11-29T07:19:21.184+0000] {logging_mixin.py:137} INFO - [2022-11-29T07:19:21.183+0000] {dag.py:2585} INFO - Sync 1 DAGs
[2022-11-29T07:19:21.225+0000] {logging_mixin.py:137} INFO - [2022-11-29T07:19:21.225+0000] {dag.py:3340} INFO - Setting next_dagrun for latest_only_with_trigger to 2022-11-29T03:19:21.224806+00:00, run_after=2022-11-29T07:19:21.224806+00:00
[2022-11-29T07:19:21.255+0000] {processor.py:176} INFO - Processing /home/airflow/.local/lib/python3.7/site-packages/airflow/example_dags/example_latest_only_with_trigger.py took 0.178 seconds
[2022-11-29T07:19:52.344+0000] {processor.py:154} INFO - Started process (PID=1692) to work on /home/airflow/.local/lib/python3.7/site-packages/airflow/example_dags/example_latest_only_with_trigger.py
[2022-11-29T07:19:52.361+0000] {processor.py:756} INFO - Processing file /home/airflow/.local/lib/python3.7/site-packages/airflow/example_dags/example_latest_only_with_trigger.py for tasks to queue
[2022-11-29T07:19:52.367+0000] {logging_mixin.py:137} INFO - [2022-11-29T07:19:52.366+0000] {dagbag.py:537} INFO - Filling up the DagBag from /home/airflow/.local/lib/python3.7/site-packages/airflow/example_dags/example_latest_only_with_trigger.py
[2022-11-29T07:19:52.394+0000] {processor.py:766} INFO - DAG(s) dict_keys(['latest_only_with_trigger']) retrieved from /home/airflow/.local/lib/python3.7/site-packages/airflow/example_dags/example_latest_only_with_trigger.py
[2022-11-29T07:19:52.464+0000] {logging_mixin.py:137} INFO - [2022-11-29T07:19:52.463+0000] {dag.py:2585} INFO - Sync 1 DAGs
[2022-11-29T07:19:52.505+0000] {logging_mixin.py:137} INFO - [2022-11-29T07:19:52.505+0000] {dag.py:3340} INFO - Setting next_dagrun for latest_only_with_trigger to 2022-11-29T03:19:52.504756+00:00, run_after=2022-11-29T07:19:52.504756+00:00
[2022-11-29T07:19:52.539+0000] {processor.py:176} INFO - Processing /home/airflow/.local/lib/python3.7/site-packages/airflow/example_dags/example_latest_only_with_trigger.py took 0.207 seconds
