[2022-11-29T06:27:16.654+0000] {processor.py:154} INFO - Started process (PID=51) to work on /home/airflow/.local/lib/python3.7/site-packages/airflow/example_dags/example_trigger_target_dag.py
[2022-11-29T06:27:16.656+0000] {processor.py:756} INFO - Processing file /home/airflow/.local/lib/python3.7/site-packages/airflow/example_dags/example_trigger_target_dag.py for tasks to queue
[2022-11-29T06:27:16.659+0000] {logging_mixin.py:137} INFO - [2022-11-29T06:27:16.659+0000] {dagbag.py:537} INFO - Filling up the DagBag from /home/airflow/.local/lib/python3.7/site-packages/airflow/example_dags/example_trigger_target_dag.py
[2022-11-29T06:27:16.727+0000] {processor.py:766} INFO - DAG(s) dict_keys(['example_trigger_target_dag']) retrieved from /home/airflow/.local/lib/python3.7/site-packages/airflow/example_dags/example_trigger_target_dag.py
[2022-11-29T06:27:16.946+0000] {logging_mixin.py:137} INFO - [2022-11-29T06:27:16.946+0000] {manager.py:507} INFO - Created Permission View: can delete on DAG:example_trigger_target_dag
[2022-11-29T06:27:16.964+0000] {logging_mixin.py:137} INFO - [2022-11-29T06:27:16.964+0000] {manager.py:507} INFO - Created Permission View: can read on DAG:example_trigger_target_dag
[2022-11-29T06:27:16.976+0000] {logging_mixin.py:137} INFO - [2022-11-29T06:27:16.976+0000] {manager.py:507} INFO - Created Permission View: can edit on DAG:example_trigger_target_dag
[2022-11-29T06:27:16.978+0000] {logging_mixin.py:137} INFO - [2022-11-29T06:27:16.977+0000] {dag.py:2585} INFO - Sync 1 DAGs
[2022-11-29T06:27:17.000+0000] {logging_mixin.py:137} INFO - [2022-11-29T06:27:17.000+0000] {dag.py:2606} INFO - Creating ORM DAG for example_trigger_target_dag
[2022-11-29T06:27:17.017+0000] {logging_mixin.py:137} INFO - [2022-11-29T06:27:17.017+0000] {dag.py:3340} INFO - Setting next_dagrun for example_trigger_target_dag to None, run_after=None
[2022-11-29T06:27:17.072+0000] {processor.py:176} INFO - Processing /home/airflow/.local/lib/python3.7/site-packages/airflow/example_dags/example_trigger_target_dag.py took 0.431 seconds
[2022-11-29T06:27:47.535+0000] {processor.py:154} INFO - Started process (PID=114) to work on /home/airflow/.local/lib/python3.7/site-packages/airflow/example_dags/example_trigger_target_dag.py
[2022-11-29T06:27:47.537+0000] {processor.py:756} INFO - Processing file /home/airflow/.local/lib/python3.7/site-packages/airflow/example_dags/example_trigger_target_dag.py for tasks to queue
[2022-11-29T06:27:47.541+0000] {logging_mixin.py:137} INFO - [2022-11-29T06:27:47.540+0000] {dagbag.py:537} INFO - Filling up the DagBag from /home/airflow/.local/lib/python3.7/site-packages/airflow/example_dags/example_trigger_target_dag.py
[2022-11-29T06:27:47.586+0000] {processor.py:766} INFO - DAG(s) dict_keys(['example_trigger_target_dag']) retrieved from /home/airflow/.local/lib/python3.7/site-packages/airflow/example_dags/example_trigger_target_dag.py
[2022-11-29T06:27:47.653+0000] {logging_mixin.py:137} INFO - [2022-11-29T06:27:47.653+0000] {dag.py:2585} INFO - Sync 1 DAGs
[2022-11-29T06:27:47.713+0000] {logging_mixin.py:137} INFO - [2022-11-29T06:27:47.712+0000] {dag.py:3340} INFO - Setting next_dagrun for example_trigger_target_dag to None, run_after=None
[2022-11-29T06:27:47.743+0000] {processor.py:176} INFO - Processing /home/airflow/.local/lib/python3.7/site-packages/airflow/example_dags/example_trigger_target_dag.py took 0.217 seconds
[2022-11-29T06:28:17.896+0000] {processor.py:154} INFO - Started process (PID=170) to work on /home/airflow/.local/lib/python3.7/site-packages/airflow/example_dags/example_trigger_target_dag.py
[2022-11-29T06:28:17.897+0000] {processor.py:756} INFO - Processing file /home/airflow/.local/lib/python3.7/site-packages/airflow/example_dags/example_trigger_target_dag.py for tasks to queue
[2022-11-29T06:28:17.899+0000] {logging_mixin.py:137} INFO - [2022-11-29T06:28:17.899+0000] {dagbag.py:537} INFO - Filling up the DagBag from /home/airflow/.local/lib/python3.7/site-packages/airflow/example_dags/example_trigger_target_dag.py
[2022-11-29T06:28:17.931+0000] {processor.py:766} INFO - DAG(s) dict_keys(['example_trigger_target_dag']) retrieved from /home/airflow/.local/lib/python3.7/site-packages/airflow/example_dags/example_trigger_target_dag.py
[2022-11-29T06:28:17.996+0000] {logging_mixin.py:137} INFO - [2022-11-29T06:28:17.996+0000] {dag.py:2585} INFO - Sync 1 DAGs
[2022-11-29T06:28:18.032+0000] {logging_mixin.py:137} INFO - [2022-11-29T06:28:18.032+0000] {dag.py:3340} INFO - Setting next_dagrun for example_trigger_target_dag to None, run_after=None
[2022-11-29T06:28:18.059+0000] {processor.py:176} INFO - Processing /home/airflow/.local/lib/python3.7/site-packages/airflow/example_dags/example_trigger_target_dag.py took 0.168 seconds
[2022-11-29T06:28:48.751+0000] {processor.py:154} INFO - Started process (PID=233) to work on /home/airflow/.local/lib/python3.7/site-packages/airflow/example_dags/example_trigger_target_dag.py
[2022-11-29T06:28:48.753+0000] {processor.py:756} INFO - Processing file /home/airflow/.local/lib/python3.7/site-packages/airflow/example_dags/example_trigger_target_dag.py for tasks to queue
[2022-11-29T06:28:48.756+0000] {logging_mixin.py:137} INFO - [2022-11-29T06:28:48.756+0000] {dagbag.py:537} INFO - Filling up the DagBag from /home/airflow/.local/lib/python3.7/site-packages/airflow/example_dags/example_trigger_target_dag.py
[2022-11-29T06:28:48.811+0000] {processor.py:766} INFO - DAG(s) dict_keys(['example_trigger_target_dag']) retrieved from /home/airflow/.local/lib/python3.7/site-packages/airflow/example_dags/example_trigger_target_dag.py
[2022-11-29T06:28:48.932+0000] {logging_mixin.py:137} INFO - [2022-11-29T06:28:48.932+0000] {dag.py:2585} INFO - Sync 1 DAGs
[2022-11-29T06:28:48.993+0000] {logging_mixin.py:137} INFO - [2022-11-29T06:28:48.993+0000] {dag.py:3340} INFO - Setting next_dagrun for example_trigger_target_dag to None, run_after=None
[2022-11-29T06:28:49.037+0000] {processor.py:176} INFO - Processing /home/airflow/.local/lib/python3.7/site-packages/airflow/example_dags/example_trigger_target_dag.py took 0.293 seconds
[2022-11-29T06:29:19.885+0000] {processor.py:154} INFO - Started process (PID=294) to work on /home/airflow/.local/lib/python3.7/site-packages/airflow/example_dags/example_trigger_target_dag.py
[2022-11-29T06:29:19.888+0000] {processor.py:756} INFO - Processing file /home/airflow/.local/lib/python3.7/site-packages/airflow/example_dags/example_trigger_target_dag.py for tasks to queue
[2022-11-29T06:29:19.890+0000] {logging_mixin.py:137} INFO - [2022-11-29T06:29:19.890+0000] {dagbag.py:537} INFO - Filling up the DagBag from /home/airflow/.local/lib/python3.7/site-packages/airflow/example_dags/example_trigger_target_dag.py
[2022-11-29T06:29:19.929+0000] {processor.py:766} INFO - DAG(s) dict_keys(['example_trigger_target_dag']) retrieved from /home/airflow/.local/lib/python3.7/site-packages/airflow/example_dags/example_trigger_target_dag.py
[2022-11-29T06:29:20.010+0000] {logging_mixin.py:137} INFO - [2022-11-29T06:29:20.010+0000] {dag.py:2585} INFO - Sync 1 DAGs
[2022-11-29T06:29:20.065+0000] {logging_mixin.py:137} INFO - [2022-11-29T06:29:20.065+0000] {dag.py:3340} INFO - Setting next_dagrun for example_trigger_target_dag to None, run_after=None
[2022-11-29T06:29:20.106+0000] {processor.py:176} INFO - Processing /home/airflow/.local/lib/python3.7/site-packages/airflow/example_dags/example_trigger_target_dag.py took 0.230 seconds
[2022-11-29T06:31:42.240+0000] {processor.py:154} INFO - Started process (PID=54) to work on /home/airflow/.local/lib/python3.7/site-packages/airflow/example_dags/example_trigger_target_dag.py
[2022-11-29T06:31:42.242+0000] {processor.py:756} INFO - Processing file /home/airflow/.local/lib/python3.7/site-packages/airflow/example_dags/example_trigger_target_dag.py for tasks to queue
[2022-11-29T06:31:42.244+0000] {logging_mixin.py:137} INFO - [2022-11-29T06:31:42.244+0000] {dagbag.py:537} INFO - Filling up the DagBag from /home/airflow/.local/lib/python3.7/site-packages/airflow/example_dags/example_trigger_target_dag.py
[2022-11-29T06:31:42.295+0000] {processor.py:766} INFO - DAG(s) dict_keys(['example_trigger_target_dag']) retrieved from /home/airflow/.local/lib/python3.7/site-packages/airflow/example_dags/example_trigger_target_dag.py
[2022-11-29T06:31:42.363+0000] {logging_mixin.py:137} INFO - [2022-11-29T06:31:42.362+0000] {dag.py:2585} INFO - Sync 1 DAGs
[2022-11-29T06:31:42.409+0000] {logging_mixin.py:137} INFO - [2022-11-29T06:31:42.409+0000] {dag.py:3340} INFO - Setting next_dagrun for example_trigger_target_dag to None, run_after=None
[2022-11-29T06:31:42.456+0000] {processor.py:176} INFO - Processing /home/airflow/.local/lib/python3.7/site-packages/airflow/example_dags/example_trigger_target_dag.py took 0.221 seconds
[2022-11-29T06:32:13.471+0000] {processor.py:154} INFO - Started process (PID=108) to work on /home/airflow/.local/lib/python3.7/site-packages/airflow/example_dags/example_trigger_target_dag.py
[2022-11-29T06:32:13.473+0000] {processor.py:756} INFO - Processing file /home/airflow/.local/lib/python3.7/site-packages/airflow/example_dags/example_trigger_target_dag.py for tasks to queue
[2022-11-29T06:32:13.476+0000] {logging_mixin.py:137} INFO - [2022-11-29T06:32:13.475+0000] {dagbag.py:537} INFO - Filling up the DagBag from /home/airflow/.local/lib/python3.7/site-packages/airflow/example_dags/example_trigger_target_dag.py
[2022-11-29T06:32:13.527+0000] {processor.py:766} INFO - DAG(s) dict_keys(['example_trigger_target_dag']) retrieved from /home/airflow/.local/lib/python3.7/site-packages/airflow/example_dags/example_trigger_target_dag.py
[2022-11-29T06:32:13.616+0000] {logging_mixin.py:137} INFO - [2022-11-29T06:32:13.616+0000] {dag.py:2585} INFO - Sync 1 DAGs
[2022-11-29T06:32:13.694+0000] {logging_mixin.py:137} INFO - [2022-11-29T06:32:13.694+0000] {dag.py:3340} INFO - Setting next_dagrun for example_trigger_target_dag to None, run_after=None
[2022-11-29T06:32:13.739+0000] {processor.py:176} INFO - Processing /home/airflow/.local/lib/python3.7/site-packages/airflow/example_dags/example_trigger_target_dag.py took 0.275 seconds
[2022-11-29T06:32:44.055+0000] {processor.py:154} INFO - Started process (PID=171) to work on /home/airflow/.local/lib/python3.7/site-packages/airflow/example_dags/example_trigger_target_dag.py
[2022-11-29T06:32:44.057+0000] {processor.py:756} INFO - Processing file /home/airflow/.local/lib/python3.7/site-packages/airflow/example_dags/example_trigger_target_dag.py for tasks to queue
[2022-11-29T06:32:44.059+0000] {logging_mixin.py:137} INFO - [2022-11-29T06:32:44.058+0000] {dagbag.py:537} INFO - Filling up the DagBag from /home/airflow/.local/lib/python3.7/site-packages/airflow/example_dags/example_trigger_target_dag.py
[2022-11-29T06:32:44.091+0000] {processor.py:766} INFO - DAG(s) dict_keys(['example_trigger_target_dag']) retrieved from /home/airflow/.local/lib/python3.7/site-packages/airflow/example_dags/example_trigger_target_dag.py
[2022-11-29T06:32:44.150+0000] {logging_mixin.py:137} INFO - [2022-11-29T06:32:44.150+0000] {dag.py:2585} INFO - Sync 1 DAGs
[2022-11-29T06:32:44.191+0000] {logging_mixin.py:137} INFO - [2022-11-29T06:32:44.191+0000] {dag.py:3340} INFO - Setting next_dagrun for example_trigger_target_dag to None, run_after=None
[2022-11-29T06:32:44.221+0000] {processor.py:176} INFO - Processing /home/airflow/.local/lib/python3.7/site-packages/airflow/example_dags/example_trigger_target_dag.py took 0.170 seconds
[2022-11-29T06:33:14.955+0000] {processor.py:154} INFO - Started process (PID=234) to work on /home/airflow/.local/lib/python3.7/site-packages/airflow/example_dags/example_trigger_target_dag.py
[2022-11-29T06:33:14.957+0000] {processor.py:756} INFO - Processing file /home/airflow/.local/lib/python3.7/site-packages/airflow/example_dags/example_trigger_target_dag.py for tasks to queue
[2022-11-29T06:33:14.959+0000] {logging_mixin.py:137} INFO - [2022-11-29T06:33:14.959+0000] {dagbag.py:537} INFO - Filling up the DagBag from /home/airflow/.local/lib/python3.7/site-packages/airflow/example_dags/example_trigger_target_dag.py
[2022-11-29T06:33:14.992+0000] {processor.py:766} INFO - DAG(s) dict_keys(['example_trigger_target_dag']) retrieved from /home/airflow/.local/lib/python3.7/site-packages/airflow/example_dags/example_trigger_target_dag.py
[2022-11-29T06:33:15.056+0000] {logging_mixin.py:137} INFO - [2022-11-29T06:33:15.055+0000] {dag.py:2585} INFO - Sync 1 DAGs
[2022-11-29T06:33:15.092+0000] {logging_mixin.py:137} INFO - [2022-11-29T06:33:15.092+0000] {dag.py:3340} INFO - Setting next_dagrun for example_trigger_target_dag to None, run_after=None
[2022-11-29T06:33:15.121+0000] {processor.py:176} INFO - Processing /home/airflow/.local/lib/python3.7/site-packages/airflow/example_dags/example_trigger_target_dag.py took 0.171 seconds
[2022-11-29T06:33:45.715+0000] {processor.py:154} INFO - Started process (PID=289) to work on /home/airflow/.local/lib/python3.7/site-packages/airflow/example_dags/example_trigger_target_dag.py
[2022-11-29T06:33:45.717+0000] {processor.py:756} INFO - Processing file /home/airflow/.local/lib/python3.7/site-packages/airflow/example_dags/example_trigger_target_dag.py for tasks to queue
[2022-11-29T06:33:45.718+0000] {logging_mixin.py:137} INFO - [2022-11-29T06:33:45.718+0000] {dagbag.py:537} INFO - Filling up the DagBag from /home/airflow/.local/lib/python3.7/site-packages/airflow/example_dags/example_trigger_target_dag.py
[2022-11-29T06:33:45.750+0000] {processor.py:766} INFO - DAG(s) dict_keys(['example_trigger_target_dag']) retrieved from /home/airflow/.local/lib/python3.7/site-packages/airflow/example_dags/example_trigger_target_dag.py
[2022-11-29T06:33:45.816+0000] {logging_mixin.py:137} INFO - [2022-11-29T06:33:45.816+0000] {dag.py:2585} INFO - Sync 1 DAGs
[2022-11-29T06:33:45.855+0000] {logging_mixin.py:137} INFO - [2022-11-29T06:33:45.855+0000] {dag.py:3340} INFO - Setting next_dagrun for example_trigger_target_dag to None, run_after=None
[2022-11-29T06:33:45.884+0000] {processor.py:176} INFO - Processing /home/airflow/.local/lib/python3.7/site-packages/airflow/example_dags/example_trigger_target_dag.py took 0.174 seconds
[2022-11-29T06:52:56.226+0000] {processor.py:154} INFO - Started process (PID=55) to work on /home/airflow/.local/lib/python3.7/site-packages/airflow/example_dags/example_trigger_target_dag.py
[2022-11-29T06:52:56.227+0000] {processor.py:756} INFO - Processing file /home/airflow/.local/lib/python3.7/site-packages/airflow/example_dags/example_trigger_target_dag.py for tasks to queue
[2022-11-29T06:52:56.229+0000] {logging_mixin.py:137} INFO - [2022-11-29T06:52:56.229+0000] {dagbag.py:537} INFO - Filling up the DagBag from /home/airflow/.local/lib/python3.7/site-packages/airflow/example_dags/example_trigger_target_dag.py
[2022-11-29T06:52:56.294+0000] {processor.py:766} INFO - DAG(s) dict_keys(['example_trigger_target_dag']) retrieved from /home/airflow/.local/lib/python3.7/site-packages/airflow/example_dags/example_trigger_target_dag.py
[2022-11-29T06:52:56.353+0000] {logging_mixin.py:137} INFO - [2022-11-29T06:52:56.353+0000] {dag.py:2585} INFO - Sync 1 DAGs
[2022-11-29T06:52:56.408+0000] {logging_mixin.py:137} INFO - [2022-11-29T06:52:56.407+0000] {dag.py:3340} INFO - Setting next_dagrun for example_trigger_target_dag to None, run_after=None
[2022-11-29T06:52:56.442+0000] {processor.py:176} INFO - Processing /home/airflow/.local/lib/python3.7/site-packages/airflow/example_dags/example_trigger_target_dag.py took 0.221 seconds
[2022-11-29T06:53:26.704+0000] {processor.py:154} INFO - Started process (PID=110) to work on /home/airflow/.local/lib/python3.7/site-packages/airflow/example_dags/example_trigger_target_dag.py
[2022-11-29T06:53:26.706+0000] {processor.py:756} INFO - Processing file /home/airflow/.local/lib/python3.7/site-packages/airflow/example_dags/example_trigger_target_dag.py for tasks to queue
[2022-11-29T06:53:26.707+0000] {logging_mixin.py:137} INFO - [2022-11-29T06:53:26.707+0000] {dagbag.py:537} INFO - Filling up the DagBag from /home/airflow/.local/lib/python3.7/site-packages/airflow/example_dags/example_trigger_target_dag.py
[2022-11-29T06:53:26.741+0000] {processor.py:766} INFO - DAG(s) dict_keys(['example_trigger_target_dag']) retrieved from /home/airflow/.local/lib/python3.7/site-packages/airflow/example_dags/example_trigger_target_dag.py
[2022-11-29T06:53:26.802+0000] {logging_mixin.py:137} INFO - [2022-11-29T06:53:26.802+0000] {dag.py:2585} INFO - Sync 1 DAGs
[2022-11-29T06:53:26.848+0000] {logging_mixin.py:137} INFO - [2022-11-29T06:53:26.848+0000] {dag.py:3340} INFO - Setting next_dagrun for example_trigger_target_dag to None, run_after=None
[2022-11-29T06:53:26.877+0000] {processor.py:176} INFO - Processing /home/airflow/.local/lib/python3.7/site-packages/airflow/example_dags/example_trigger_target_dag.py took 0.178 seconds
[2022-11-29T06:53:57.761+0000] {processor.py:154} INFO - Started process (PID=175) to work on /home/airflow/.local/lib/python3.7/site-packages/airflow/example_dags/example_trigger_target_dag.py
[2022-11-29T06:53:57.764+0000] {processor.py:756} INFO - Processing file /home/airflow/.local/lib/python3.7/site-packages/airflow/example_dags/example_trigger_target_dag.py for tasks to queue
[2022-11-29T06:53:57.768+0000] {logging_mixin.py:137} INFO - [2022-11-29T06:53:57.768+0000] {dagbag.py:537} INFO - Filling up the DagBag from /home/airflow/.local/lib/python3.7/site-packages/airflow/example_dags/example_trigger_target_dag.py
[2022-11-29T06:53:57.817+0000] {processor.py:766} INFO - DAG(s) dict_keys(['example_trigger_target_dag']) retrieved from /home/airflow/.local/lib/python3.7/site-packages/airflow/example_dags/example_trigger_target_dag.py
[2022-11-29T06:53:57.892+0000] {logging_mixin.py:137} INFO - [2022-11-29T06:53:57.892+0000] {dag.py:2585} INFO - Sync 1 DAGs
[2022-11-29T06:53:57.947+0000] {logging_mixin.py:137} INFO - [2022-11-29T06:53:57.947+0000] {dag.py:3340} INFO - Setting next_dagrun for example_trigger_target_dag to None, run_after=None
[2022-11-29T06:53:57.978+0000] {processor.py:176} INFO - Processing /home/airflow/.local/lib/python3.7/site-packages/airflow/example_dags/example_trigger_target_dag.py took 0.221 seconds
[2022-11-29T06:54:28.364+0000] {processor.py:154} INFO - Started process (PID=236) to work on /home/airflow/.local/lib/python3.7/site-packages/airflow/example_dags/example_trigger_target_dag.py
[2022-11-29T06:54:28.366+0000] {processor.py:756} INFO - Processing file /home/airflow/.local/lib/python3.7/site-packages/airflow/example_dags/example_trigger_target_dag.py for tasks to queue
[2022-11-29T06:54:28.367+0000] {logging_mixin.py:137} INFO - [2022-11-29T06:54:28.367+0000] {dagbag.py:537} INFO - Filling up the DagBag from /home/airflow/.local/lib/python3.7/site-packages/airflow/example_dags/example_trigger_target_dag.py
[2022-11-29T06:54:28.398+0000] {processor.py:766} INFO - DAG(s) dict_keys(['example_trigger_target_dag']) retrieved from /home/airflow/.local/lib/python3.7/site-packages/airflow/example_dags/example_trigger_target_dag.py
[2022-11-29T06:54:28.457+0000] {logging_mixin.py:137} INFO - [2022-11-29T06:54:28.456+0000] {dag.py:2585} INFO - Sync 1 DAGs
[2022-11-29T06:54:28.497+0000] {logging_mixin.py:137} INFO - [2022-11-29T06:54:28.497+0000] {dag.py:3340} INFO - Setting next_dagrun for example_trigger_target_dag to None, run_after=None
[2022-11-29T06:54:28.535+0000] {processor.py:176} INFO - Processing /home/airflow/.local/lib/python3.7/site-packages/airflow/example_dags/example_trigger_target_dag.py took 0.176 seconds
[2022-11-29T06:54:58.978+0000] {processor.py:154} INFO - Started process (PID=292) to work on /home/airflow/.local/lib/python3.7/site-packages/airflow/example_dags/example_trigger_target_dag.py
[2022-11-29T06:54:58.979+0000] {processor.py:756} INFO - Processing file /home/airflow/.local/lib/python3.7/site-packages/airflow/example_dags/example_trigger_target_dag.py for tasks to queue
[2022-11-29T06:54:58.981+0000] {logging_mixin.py:137} INFO - [2022-11-29T06:54:58.981+0000] {dagbag.py:537} INFO - Filling up the DagBag from /home/airflow/.local/lib/python3.7/site-packages/airflow/example_dags/example_trigger_target_dag.py
[2022-11-29T06:54:59.009+0000] {processor.py:766} INFO - DAG(s) dict_keys(['example_trigger_target_dag']) retrieved from /home/airflow/.local/lib/python3.7/site-packages/airflow/example_dags/example_trigger_target_dag.py
[2022-11-29T06:54:59.059+0000] {logging_mixin.py:137} INFO - [2022-11-29T06:54:59.059+0000] {dag.py:2585} INFO - Sync 1 DAGs
[2022-11-29T06:54:59.087+0000] {logging_mixin.py:137} INFO - [2022-11-29T06:54:59.087+0000] {dag.py:3340} INFO - Setting next_dagrun for example_trigger_target_dag to None, run_after=None
[2022-11-29T06:54:59.117+0000] {processor.py:176} INFO - Processing /home/airflow/.local/lib/python3.7/site-packages/airflow/example_dags/example_trigger_target_dag.py took 0.145 seconds
[2022-11-29T06:55:29.877+0000] {processor.py:154} INFO - Started process (PID=354) to work on /home/airflow/.local/lib/python3.7/site-packages/airflow/example_dags/example_trigger_target_dag.py
[2022-11-29T06:55:29.879+0000] {processor.py:756} INFO - Processing file /home/airflow/.local/lib/python3.7/site-packages/airflow/example_dags/example_trigger_target_dag.py for tasks to queue
[2022-11-29T06:55:29.881+0000] {logging_mixin.py:137} INFO - [2022-11-29T06:55:29.881+0000] {dagbag.py:537} INFO - Filling up the DagBag from /home/airflow/.local/lib/python3.7/site-packages/airflow/example_dags/example_trigger_target_dag.py
[2022-11-29T06:55:29.914+0000] {processor.py:766} INFO - DAG(s) dict_keys(['example_trigger_target_dag']) retrieved from /home/airflow/.local/lib/python3.7/site-packages/airflow/example_dags/example_trigger_target_dag.py
[2022-11-29T06:55:29.987+0000] {logging_mixin.py:137} INFO - [2022-11-29T06:55:29.986+0000] {dag.py:2585} INFO - Sync 1 DAGs
[2022-11-29T06:55:30.035+0000] {logging_mixin.py:137} INFO - [2022-11-29T06:55:30.034+0000] {dag.py:3340} INFO - Setting next_dagrun for example_trigger_target_dag to None, run_after=None
[2022-11-29T06:55:30.068+0000] {processor.py:176} INFO - Processing /home/airflow/.local/lib/python3.7/site-packages/airflow/example_dags/example_trigger_target_dag.py took 0.195 seconds
[2022-11-29T06:56:00.371+0000] {processor.py:154} INFO - Started process (PID=408) to work on /home/airflow/.local/lib/python3.7/site-packages/airflow/example_dags/example_trigger_target_dag.py
[2022-11-29T06:56:00.373+0000] {processor.py:756} INFO - Processing file /home/airflow/.local/lib/python3.7/site-packages/airflow/example_dags/example_trigger_target_dag.py for tasks to queue
[2022-11-29T06:56:00.375+0000] {logging_mixin.py:137} INFO - [2022-11-29T06:56:00.375+0000] {dagbag.py:537} INFO - Filling up the DagBag from /home/airflow/.local/lib/python3.7/site-packages/airflow/example_dags/example_trigger_target_dag.py
[2022-11-29T06:56:00.405+0000] {processor.py:766} INFO - DAG(s) dict_keys(['example_trigger_target_dag']) retrieved from /home/airflow/.local/lib/python3.7/site-packages/airflow/example_dags/example_trigger_target_dag.py
[2022-11-29T06:56:00.466+0000] {logging_mixin.py:137} INFO - [2022-11-29T06:56:00.466+0000] {dag.py:2585} INFO - Sync 1 DAGs
[2022-11-29T06:56:00.503+0000] {logging_mixin.py:137} INFO - [2022-11-29T06:56:00.503+0000] {dag.py:3340} INFO - Setting next_dagrun for example_trigger_target_dag to None, run_after=None
[2022-11-29T06:56:00.548+0000] {processor.py:176} INFO - Processing /home/airflow/.local/lib/python3.7/site-packages/airflow/example_dags/example_trigger_target_dag.py took 0.182 seconds
[2022-11-29T07:01:50.014+0000] {processor.py:154} INFO - Started process (PID=53) to work on /home/airflow/.local/lib/python3.7/site-packages/airflow/example_dags/example_trigger_target_dag.py
[2022-11-29T07:01:50.016+0000] {processor.py:756} INFO - Processing file /home/airflow/.local/lib/python3.7/site-packages/airflow/example_dags/example_trigger_target_dag.py for tasks to queue
[2022-11-29T07:01:50.018+0000] {logging_mixin.py:137} INFO - [2022-11-29T07:01:50.018+0000] {dagbag.py:537} INFO - Filling up the DagBag from /home/airflow/.local/lib/python3.7/site-packages/airflow/example_dags/example_trigger_target_dag.py
[2022-11-29T07:01:50.087+0000] {processor.py:766} INFO - DAG(s) dict_keys(['example_trigger_target_dag']) retrieved from /home/airflow/.local/lib/python3.7/site-packages/airflow/example_dags/example_trigger_target_dag.py
[2022-11-29T07:01:50.139+0000] {logging_mixin.py:137} INFO - [2022-11-29T07:01:50.139+0000] {dag.py:2585} INFO - Sync 1 DAGs
[2022-11-29T07:01:50.179+0000] {logging_mixin.py:137} INFO - [2022-11-29T07:01:50.179+0000] {dag.py:3340} INFO - Setting next_dagrun for example_trigger_target_dag to None, run_after=None
[2022-11-29T07:01:50.204+0000] {processor.py:176} INFO - Processing /home/airflow/.local/lib/python3.7/site-packages/airflow/example_dags/example_trigger_target_dag.py took 0.198 seconds
[2022-11-29T07:02:21.025+0000] {processor.py:154} INFO - Started process (PID=107) to work on /home/airflow/.local/lib/python3.7/site-packages/airflow/example_dags/example_trigger_target_dag.py
[2022-11-29T07:02:21.030+0000] {processor.py:756} INFO - Processing file /home/airflow/.local/lib/python3.7/site-packages/airflow/example_dags/example_trigger_target_dag.py for tasks to queue
[2022-11-29T07:02:21.032+0000] {logging_mixin.py:137} INFO - [2022-11-29T07:02:21.032+0000] {dagbag.py:537} INFO - Filling up the DagBag from /home/airflow/.local/lib/python3.7/site-packages/airflow/example_dags/example_trigger_target_dag.py
[2022-11-29T07:02:21.076+0000] {processor.py:766} INFO - DAG(s) dict_keys(['example_trigger_target_dag']) retrieved from /home/airflow/.local/lib/python3.7/site-packages/airflow/example_dags/example_trigger_target_dag.py
[2022-11-29T07:02:21.159+0000] {logging_mixin.py:137} INFO - [2022-11-29T07:02:21.159+0000] {dag.py:2585} INFO - Sync 1 DAGs
[2022-11-29T07:02:21.227+0000] {logging_mixin.py:137} INFO - [2022-11-29T07:02:21.227+0000] {dag.py:3340} INFO - Setting next_dagrun for example_trigger_target_dag to None, run_after=None
[2022-11-29T07:02:21.286+0000] {processor.py:176} INFO - Processing /home/airflow/.local/lib/python3.7/site-packages/airflow/example_dags/example_trigger_target_dag.py took 0.269 seconds
[2022-11-29T07:02:51.488+0000] {processor.py:154} INFO - Started process (PID=171) to work on /home/airflow/.local/lib/python3.7/site-packages/airflow/example_dags/example_trigger_target_dag.py
[2022-11-29T07:02:51.491+0000] {processor.py:756} INFO - Processing file /home/airflow/.local/lib/python3.7/site-packages/airflow/example_dags/example_trigger_target_dag.py for tasks to queue
[2022-11-29T07:02:51.494+0000] {logging_mixin.py:137} INFO - [2022-11-29T07:02:51.493+0000] {dagbag.py:537} INFO - Filling up the DagBag from /home/airflow/.local/lib/python3.7/site-packages/airflow/example_dags/example_trigger_target_dag.py
[2022-11-29T07:02:51.558+0000] {processor.py:766} INFO - DAG(s) dict_keys(['example_trigger_target_dag']) retrieved from /home/airflow/.local/lib/python3.7/site-packages/airflow/example_dags/example_trigger_target_dag.py
[2022-11-29T07:02:51.654+0000] {logging_mixin.py:137} INFO - [2022-11-29T07:02:51.653+0000] {dag.py:2585} INFO - Sync 1 DAGs
[2022-11-29T07:02:51.708+0000] {logging_mixin.py:137} INFO - [2022-11-29T07:02:51.708+0000] {dag.py:3340} INFO - Setting next_dagrun for example_trigger_target_dag to None, run_after=None
[2022-11-29T07:02:51.749+0000] {processor.py:176} INFO - Processing /home/airflow/.local/lib/python3.7/site-packages/airflow/example_dags/example_trigger_target_dag.py took 0.267 seconds
[2022-11-29T07:03:22.158+0000] {processor.py:154} INFO - Started process (PID=234) to work on /home/airflow/.local/lib/python3.7/site-packages/airflow/example_dags/example_trigger_target_dag.py
[2022-11-29T07:03:22.161+0000] {processor.py:756} INFO - Processing file /home/airflow/.local/lib/python3.7/site-packages/airflow/example_dags/example_trigger_target_dag.py for tasks to queue
[2022-11-29T07:03:22.163+0000] {logging_mixin.py:137} INFO - [2022-11-29T07:03:22.162+0000] {dagbag.py:537} INFO - Filling up the DagBag from /home/airflow/.local/lib/python3.7/site-packages/airflow/example_dags/example_trigger_target_dag.py
[2022-11-29T07:03:22.194+0000] {processor.py:766} INFO - DAG(s) dict_keys(['example_trigger_target_dag']) retrieved from /home/airflow/.local/lib/python3.7/site-packages/airflow/example_dags/example_trigger_target_dag.py
[2022-11-29T07:03:22.264+0000] {logging_mixin.py:137} INFO - [2022-11-29T07:03:22.264+0000] {dag.py:2585} INFO - Sync 1 DAGs
[2022-11-29T07:03:22.302+0000] {logging_mixin.py:137} INFO - [2022-11-29T07:03:22.302+0000] {dag.py:3340} INFO - Setting next_dagrun for example_trigger_target_dag to None, run_after=None
[2022-11-29T07:03:22.339+0000] {processor.py:176} INFO - Processing /home/airflow/.local/lib/python3.7/site-packages/airflow/example_dags/example_trigger_target_dag.py took 0.187 seconds
[2022-11-29T07:03:53.152+0000] {processor.py:154} INFO - Started process (PID=288) to work on /home/airflow/.local/lib/python3.7/site-packages/airflow/example_dags/example_trigger_target_dag.py
[2022-11-29T07:03:53.154+0000] {processor.py:756} INFO - Processing file /home/airflow/.local/lib/python3.7/site-packages/airflow/example_dags/example_trigger_target_dag.py for tasks to queue
[2022-11-29T07:03:53.155+0000] {logging_mixin.py:137} INFO - [2022-11-29T07:03:53.155+0000] {dagbag.py:537} INFO - Filling up the DagBag from /home/airflow/.local/lib/python3.7/site-packages/airflow/example_dags/example_trigger_target_dag.py
[2022-11-29T07:03:53.199+0000] {processor.py:766} INFO - DAG(s) dict_keys(['example_trigger_target_dag']) retrieved from /home/airflow/.local/lib/python3.7/site-packages/airflow/example_dags/example_trigger_target_dag.py
[2022-11-29T07:03:53.272+0000] {logging_mixin.py:137} INFO - [2022-11-29T07:03:53.272+0000] {dag.py:2585} INFO - Sync 1 DAGs
[2022-11-29T07:03:53.312+0000] {logging_mixin.py:137} INFO - [2022-11-29T07:03:53.312+0000] {dag.py:3340} INFO - Setting next_dagrun for example_trigger_target_dag to None, run_after=None
[2022-11-29T07:03:53.346+0000] {processor.py:176} INFO - Processing /home/airflow/.local/lib/python3.7/site-packages/airflow/example_dags/example_trigger_target_dag.py took 0.200 seconds
[2022-11-29T07:04:49.130+0000] {processor.py:154} INFO - Started process (PID=53) to work on /home/airflow/.local/lib/python3.7/site-packages/airflow/example_dags/example_trigger_target_dag.py
[2022-11-29T07:04:49.135+0000] {processor.py:756} INFO - Processing file /home/airflow/.local/lib/python3.7/site-packages/airflow/example_dags/example_trigger_target_dag.py for tasks to queue
[2022-11-29T07:04:49.137+0000] {logging_mixin.py:137} INFO - [2022-11-29T07:04:49.137+0000] {dagbag.py:537} INFO - Filling up the DagBag from /home/airflow/.local/lib/python3.7/site-packages/airflow/example_dags/example_trigger_target_dag.py
[2022-11-29T07:04:49.205+0000] {processor.py:766} INFO - DAG(s) dict_keys(['example_trigger_target_dag']) retrieved from /home/airflow/.local/lib/python3.7/site-packages/airflow/example_dags/example_trigger_target_dag.py
[2022-11-29T07:04:49.268+0000] {logging_mixin.py:137} INFO - [2022-11-29T07:04:49.268+0000] {dag.py:2585} INFO - Sync 1 DAGs
[2022-11-29T07:04:49.330+0000] {logging_mixin.py:137} INFO - [2022-11-29T07:04:49.329+0000] {dag.py:3340} INFO - Setting next_dagrun for example_trigger_target_dag to None, run_after=None
[2022-11-29T07:04:49.357+0000] {processor.py:176} INFO - Processing /home/airflow/.local/lib/python3.7/site-packages/airflow/example_dags/example_trigger_target_dag.py took 0.238 seconds
[2022-11-29T07:05:59.022+0000] {processor.py:154} INFO - Started process (PID=53) to work on /home/airflow/.local/lib/python3.7/site-packages/airflow/example_dags/example_trigger_target_dag.py
[2022-11-29T07:05:59.026+0000] {processor.py:756} INFO - Processing file /home/airflow/.local/lib/python3.7/site-packages/airflow/example_dags/example_trigger_target_dag.py for tasks to queue
[2022-11-29T07:05:59.031+0000] {logging_mixin.py:137} INFO - [2022-11-29T07:05:59.030+0000] {dagbag.py:537} INFO - Filling up the DagBag from /home/airflow/.local/lib/python3.7/site-packages/airflow/example_dags/example_trigger_target_dag.py
[2022-11-29T07:05:59.100+0000] {processor.py:766} INFO - DAG(s) dict_keys(['example_trigger_target_dag']) retrieved from /home/airflow/.local/lib/python3.7/site-packages/airflow/example_dags/example_trigger_target_dag.py
[2022-11-29T07:05:59.155+0000] {logging_mixin.py:137} INFO - [2022-11-29T07:05:59.155+0000] {dag.py:2585} INFO - Sync 1 DAGs
[2022-11-29T07:05:59.249+0000] {logging_mixin.py:137} INFO - [2022-11-29T07:05:59.249+0000] {dag.py:3340} INFO - Setting next_dagrun for example_trigger_target_dag to None, run_after=None
[2022-11-29T07:05:59.296+0000] {processor.py:176} INFO - Processing /home/airflow/.local/lib/python3.7/site-packages/airflow/example_dags/example_trigger_target_dag.py took 0.283 seconds
[2022-11-29T07:06:29.678+0000] {processor.py:154} INFO - Started process (PID=107) to work on /home/airflow/.local/lib/python3.7/site-packages/airflow/example_dags/example_trigger_target_dag.py
[2022-11-29T07:06:29.681+0000] {processor.py:756} INFO - Processing file /home/airflow/.local/lib/python3.7/site-packages/airflow/example_dags/example_trigger_target_dag.py for tasks to queue
[2022-11-29T07:06:29.684+0000] {logging_mixin.py:137} INFO - [2022-11-29T07:06:29.684+0000] {dagbag.py:537} INFO - Filling up the DagBag from /home/airflow/.local/lib/python3.7/site-packages/airflow/example_dags/example_trigger_target_dag.py
[2022-11-29T07:06:29.735+0000] {processor.py:766} INFO - DAG(s) dict_keys(['example_trigger_target_dag']) retrieved from /home/airflow/.local/lib/python3.7/site-packages/airflow/example_dags/example_trigger_target_dag.py
[2022-11-29T07:06:29.798+0000] {logging_mixin.py:137} INFO - [2022-11-29T07:06:29.798+0000] {dag.py:2585} INFO - Sync 1 DAGs
[2022-11-29T07:06:29.849+0000] {logging_mixin.py:137} INFO - [2022-11-29T07:06:29.848+0000] {dag.py:3340} INFO - Setting next_dagrun for example_trigger_target_dag to None, run_after=None
[2022-11-29T07:06:29.890+0000] {processor.py:176} INFO - Processing /home/airflow/.local/lib/python3.7/site-packages/airflow/example_dags/example_trigger_target_dag.py took 0.219 seconds
[2022-11-29T07:07:00.177+0000] {processor.py:154} INFO - Started process (PID=171) to work on /home/airflow/.local/lib/python3.7/site-packages/airflow/example_dags/example_trigger_target_dag.py
[2022-11-29T07:07:00.180+0000] {processor.py:756} INFO - Processing file /home/airflow/.local/lib/python3.7/site-packages/airflow/example_dags/example_trigger_target_dag.py for tasks to queue
[2022-11-29T07:07:00.183+0000] {logging_mixin.py:137} INFO - [2022-11-29T07:07:00.183+0000] {dagbag.py:537} INFO - Filling up the DagBag from /home/airflow/.local/lib/python3.7/site-packages/airflow/example_dags/example_trigger_target_dag.py
[2022-11-29T07:07:00.229+0000] {processor.py:766} INFO - DAG(s) dict_keys(['example_trigger_target_dag']) retrieved from /home/airflow/.local/lib/python3.7/site-packages/airflow/example_dags/example_trigger_target_dag.py
[2022-11-29T07:07:00.326+0000] {logging_mixin.py:137} INFO - [2022-11-29T07:07:00.325+0000] {dag.py:2585} INFO - Sync 1 DAGs
[2022-11-29T07:07:00.369+0000] {logging_mixin.py:137} INFO - [2022-11-29T07:07:00.369+0000] {dag.py:3340} INFO - Setting next_dagrun for example_trigger_target_dag to None, run_after=None
[2022-11-29T07:07:00.404+0000] {processor.py:176} INFO - Processing /home/airflow/.local/lib/python3.7/site-packages/airflow/example_dags/example_trigger_target_dag.py took 0.234 seconds
[2022-11-29T07:07:31.017+0000] {processor.py:154} INFO - Started process (PID=234) to work on /home/airflow/.local/lib/python3.7/site-packages/airflow/example_dags/example_trigger_target_dag.py
[2022-11-29T07:07:31.020+0000] {processor.py:756} INFO - Processing file /home/airflow/.local/lib/python3.7/site-packages/airflow/example_dags/example_trigger_target_dag.py for tasks to queue
[2022-11-29T07:07:31.023+0000] {logging_mixin.py:137} INFO - [2022-11-29T07:07:31.022+0000] {dagbag.py:537} INFO - Filling up the DagBag from /home/airflow/.local/lib/python3.7/site-packages/airflow/example_dags/example_trigger_target_dag.py
[2022-11-29T07:07:31.063+0000] {processor.py:766} INFO - DAG(s) dict_keys(['example_trigger_target_dag']) retrieved from /home/airflow/.local/lib/python3.7/site-packages/airflow/example_dags/example_trigger_target_dag.py
[2022-11-29T07:07:31.142+0000] {logging_mixin.py:137} INFO - [2022-11-29T07:07:31.142+0000] {dag.py:2585} INFO - Sync 1 DAGs
[2022-11-29T07:07:31.200+0000] {logging_mixin.py:137} INFO - [2022-11-29T07:07:31.200+0000] {dag.py:3340} INFO - Setting next_dagrun for example_trigger_target_dag to None, run_after=None
[2022-11-29T07:07:31.238+0000] {processor.py:176} INFO - Processing /home/airflow/.local/lib/python3.7/site-packages/airflow/example_dags/example_trigger_target_dag.py took 0.229 seconds
[2022-11-29T07:08:01.756+0000] {processor.py:154} INFO - Started process (PID=290) to work on /home/airflow/.local/lib/python3.7/site-packages/airflow/example_dags/example_trigger_target_dag.py
[2022-11-29T07:08:01.758+0000] {processor.py:756} INFO - Processing file /home/airflow/.local/lib/python3.7/site-packages/airflow/example_dags/example_trigger_target_dag.py for tasks to queue
[2022-11-29T07:08:01.759+0000] {logging_mixin.py:137} INFO - [2022-11-29T07:08:01.759+0000] {dagbag.py:537} INFO - Filling up the DagBag from /home/airflow/.local/lib/python3.7/site-packages/airflow/example_dags/example_trigger_target_dag.py
[2022-11-29T07:08:01.787+0000] {processor.py:766} INFO - DAG(s) dict_keys(['example_trigger_target_dag']) retrieved from /home/airflow/.local/lib/python3.7/site-packages/airflow/example_dags/example_trigger_target_dag.py
[2022-11-29T07:08:01.840+0000] {logging_mixin.py:137} INFO - [2022-11-29T07:08:01.840+0000] {dag.py:2585} INFO - Sync 1 DAGs
[2022-11-29T07:08:01.873+0000] {logging_mixin.py:137} INFO - [2022-11-29T07:08:01.872+0000] {dag.py:3340} INFO - Setting next_dagrun for example_trigger_target_dag to None, run_after=None
[2022-11-29T07:08:01.898+0000] {processor.py:176} INFO - Processing /home/airflow/.local/lib/python3.7/site-packages/airflow/example_dags/example_trigger_target_dag.py took 0.147 seconds
[2022-11-29T07:08:32.848+0000] {processor.py:154} INFO - Started process (PID=353) to work on /home/airflow/.local/lib/python3.7/site-packages/airflow/example_dags/example_trigger_target_dag.py
[2022-11-29T07:08:32.850+0000] {processor.py:756} INFO - Processing file /home/airflow/.local/lib/python3.7/site-packages/airflow/example_dags/example_trigger_target_dag.py for tasks to queue
[2022-11-29T07:08:32.852+0000] {logging_mixin.py:137} INFO - [2022-11-29T07:08:32.852+0000] {dagbag.py:537} INFO - Filling up the DagBag from /home/airflow/.local/lib/python3.7/site-packages/airflow/example_dags/example_trigger_target_dag.py
[2022-11-29T07:08:32.891+0000] {processor.py:766} INFO - DAG(s) dict_keys(['example_trigger_target_dag']) retrieved from /home/airflow/.local/lib/python3.7/site-packages/airflow/example_dags/example_trigger_target_dag.py
[2022-11-29T07:08:32.951+0000] {logging_mixin.py:137} INFO - [2022-11-29T07:08:32.951+0000] {dag.py:2585} INFO - Sync 1 DAGs
[2022-11-29T07:08:32.992+0000] {logging_mixin.py:137} INFO - [2022-11-29T07:08:32.992+0000] {dag.py:3340} INFO - Setting next_dagrun for example_trigger_target_dag to None, run_after=None
[2022-11-29T07:08:33.032+0000] {processor.py:176} INFO - Processing /home/airflow/.local/lib/python3.7/site-packages/airflow/example_dags/example_trigger_target_dag.py took 0.188 seconds
[2022-11-29T07:09:03.643+0000] {processor.py:154} INFO - Started process (PID=416) to work on /home/airflow/.local/lib/python3.7/site-packages/airflow/example_dags/example_trigger_target_dag.py
[2022-11-29T07:09:03.645+0000] {processor.py:756} INFO - Processing file /home/airflow/.local/lib/python3.7/site-packages/airflow/example_dags/example_trigger_target_dag.py for tasks to queue
[2022-11-29T07:09:03.648+0000] {logging_mixin.py:137} INFO - [2022-11-29T07:09:03.648+0000] {dagbag.py:537} INFO - Filling up the DagBag from /home/airflow/.local/lib/python3.7/site-packages/airflow/example_dags/example_trigger_target_dag.py
[2022-11-29T07:09:03.678+0000] {processor.py:766} INFO - DAG(s) dict_keys(['example_trigger_target_dag']) retrieved from /home/airflow/.local/lib/python3.7/site-packages/airflow/example_dags/example_trigger_target_dag.py
[2022-11-29T07:09:03.740+0000] {logging_mixin.py:137} INFO - [2022-11-29T07:09:03.740+0000] {dag.py:2585} INFO - Sync 1 DAGs
[2022-11-29T07:09:03.797+0000] {logging_mixin.py:137} INFO - [2022-11-29T07:09:03.797+0000] {dag.py:3340} INFO - Setting next_dagrun for example_trigger_target_dag to None, run_after=None
[2022-11-29T07:09:03.834+0000] {processor.py:176} INFO - Processing /home/airflow/.local/lib/python3.7/site-packages/airflow/example_dags/example_trigger_target_dag.py took 0.196 seconds
[2022-11-29T07:09:34.178+0000] {processor.py:154} INFO - Started process (PID=470) to work on /home/airflow/.local/lib/python3.7/site-packages/airflow/example_dags/example_trigger_target_dag.py
[2022-11-29T07:09:34.181+0000] {processor.py:756} INFO - Processing file /home/airflow/.local/lib/python3.7/site-packages/airflow/example_dags/example_trigger_target_dag.py for tasks to queue
[2022-11-29T07:09:34.182+0000] {logging_mixin.py:137} INFO - [2022-11-29T07:09:34.182+0000] {dagbag.py:537} INFO - Filling up the DagBag from /home/airflow/.local/lib/python3.7/site-packages/airflow/example_dags/example_trigger_target_dag.py
[2022-11-29T07:09:34.221+0000] {processor.py:766} INFO - DAG(s) dict_keys(['example_trigger_target_dag']) retrieved from /home/airflow/.local/lib/python3.7/site-packages/airflow/example_dags/example_trigger_target_dag.py
[2022-11-29T07:09:34.288+0000] {logging_mixin.py:137} INFO - [2022-11-29T07:09:34.287+0000] {dag.py:2585} INFO - Sync 1 DAGs
[2022-11-29T07:09:34.330+0000] {logging_mixin.py:137} INFO - [2022-11-29T07:09:34.330+0000] {dag.py:3340} INFO - Setting next_dagrun for example_trigger_target_dag to None, run_after=None
[2022-11-29T07:09:34.357+0000] {processor.py:176} INFO - Processing /home/airflow/.local/lib/python3.7/site-packages/airflow/example_dags/example_trigger_target_dag.py took 0.185 seconds
[2022-11-29T07:10:04.862+0000] {processor.py:154} INFO - Started process (PID=533) to work on /home/airflow/.local/lib/python3.7/site-packages/airflow/example_dags/example_trigger_target_dag.py
[2022-11-29T07:10:04.864+0000] {processor.py:756} INFO - Processing file /home/airflow/.local/lib/python3.7/site-packages/airflow/example_dags/example_trigger_target_dag.py for tasks to queue
[2022-11-29T07:10:04.865+0000] {logging_mixin.py:137} INFO - [2022-11-29T07:10:04.865+0000] {dagbag.py:537} INFO - Filling up the DagBag from /home/airflow/.local/lib/python3.7/site-packages/airflow/example_dags/example_trigger_target_dag.py
[2022-11-29T07:10:04.897+0000] {processor.py:766} INFO - DAG(s) dict_keys(['example_trigger_target_dag']) retrieved from /home/airflow/.local/lib/python3.7/site-packages/airflow/example_dags/example_trigger_target_dag.py
[2022-11-29T07:10:04.963+0000] {logging_mixin.py:137} INFO - [2022-11-29T07:10:04.963+0000] {dag.py:2585} INFO - Sync 1 DAGs
[2022-11-29T07:10:05.003+0000] {logging_mixin.py:137} INFO - [2022-11-29T07:10:05.003+0000] {dag.py:3340} INFO - Setting next_dagrun for example_trigger_target_dag to None, run_after=None
[2022-11-29T07:10:05.041+0000] {processor.py:176} INFO - Processing /home/airflow/.local/lib/python3.7/site-packages/airflow/example_dags/example_trigger_target_dag.py took 0.185 seconds
[2022-11-29T07:10:35.901+0000] {processor.py:154} INFO - Started process (PID=596) to work on /home/airflow/.local/lib/python3.7/site-packages/airflow/example_dags/example_trigger_target_dag.py
[2022-11-29T07:10:35.903+0000] {processor.py:756} INFO - Processing file /home/airflow/.local/lib/python3.7/site-packages/airflow/example_dags/example_trigger_target_dag.py for tasks to queue
[2022-11-29T07:10:35.905+0000] {logging_mixin.py:137} INFO - [2022-11-29T07:10:35.905+0000] {dagbag.py:537} INFO - Filling up the DagBag from /home/airflow/.local/lib/python3.7/site-packages/airflow/example_dags/example_trigger_target_dag.py
[2022-11-29T07:10:35.937+0000] {processor.py:766} INFO - DAG(s) dict_keys(['example_trigger_target_dag']) retrieved from /home/airflow/.local/lib/python3.7/site-packages/airflow/example_dags/example_trigger_target_dag.py
[2022-11-29T07:10:36.008+0000] {logging_mixin.py:137} INFO - [2022-11-29T07:10:36.008+0000] {dag.py:2585} INFO - Sync 1 DAGs
[2022-11-29T07:10:36.053+0000] {logging_mixin.py:137} INFO - [2022-11-29T07:10:36.053+0000] {dag.py:3340} INFO - Setting next_dagrun for example_trigger_target_dag to None, run_after=None
[2022-11-29T07:10:36.093+0000] {processor.py:176} INFO - Processing /home/airflow/.local/lib/python3.7/site-packages/airflow/example_dags/example_trigger_target_dag.py took 0.199 seconds
[2022-11-29T07:11:06.921+0000] {processor.py:154} INFO - Started process (PID=650) to work on /home/airflow/.local/lib/python3.7/site-packages/airflow/example_dags/example_trigger_target_dag.py
[2022-11-29T07:11:06.924+0000] {processor.py:756} INFO - Processing file /home/airflow/.local/lib/python3.7/site-packages/airflow/example_dags/example_trigger_target_dag.py for tasks to queue
[2022-11-29T07:11:06.928+0000] {logging_mixin.py:137} INFO - [2022-11-29T07:11:06.927+0000] {dagbag.py:537} INFO - Filling up the DagBag from /home/airflow/.local/lib/python3.7/site-packages/airflow/example_dags/example_trigger_target_dag.py
[2022-11-29T07:11:06.970+0000] {processor.py:766} INFO - DAG(s) dict_keys(['example_trigger_target_dag']) retrieved from /home/airflow/.local/lib/python3.7/site-packages/airflow/example_dags/example_trigger_target_dag.py
[2022-11-29T07:11:07.041+0000] {logging_mixin.py:137} INFO - [2022-11-29T07:11:07.040+0000] {dag.py:2585} INFO - Sync 1 DAGs
[2022-11-29T07:11:07.082+0000] {logging_mixin.py:137} INFO - [2022-11-29T07:11:07.082+0000] {dag.py:3340} INFO - Setting next_dagrun for example_trigger_target_dag to None, run_after=None
[2022-11-29T07:11:07.113+0000] {processor.py:176} INFO - Processing /home/airflow/.local/lib/python3.7/site-packages/airflow/example_dags/example_trigger_target_dag.py took 0.205 seconds
[2022-11-29T07:11:37.991+0000] {processor.py:154} INFO - Started process (PID=712) to work on /home/airflow/.local/lib/python3.7/site-packages/airflow/example_dags/example_trigger_target_dag.py
[2022-11-29T07:11:37.993+0000] {processor.py:756} INFO - Processing file /home/airflow/.local/lib/python3.7/site-packages/airflow/example_dags/example_trigger_target_dag.py for tasks to queue
[2022-11-29T07:11:37.995+0000] {logging_mixin.py:137} INFO - [2022-11-29T07:11:37.995+0000] {dagbag.py:537} INFO - Filling up the DagBag from /home/airflow/.local/lib/python3.7/site-packages/airflow/example_dags/example_trigger_target_dag.py
[2022-11-29T07:11:38.039+0000] {processor.py:766} INFO - DAG(s) dict_keys(['example_trigger_target_dag']) retrieved from /home/airflow/.local/lib/python3.7/site-packages/airflow/example_dags/example_trigger_target_dag.py
[2022-11-29T07:11:38.113+0000] {logging_mixin.py:137} INFO - [2022-11-29T07:11:38.112+0000] {dag.py:2585} INFO - Sync 1 DAGs
[2022-11-29T07:11:38.155+0000] {logging_mixin.py:137} INFO - [2022-11-29T07:11:38.154+0000] {dag.py:3340} INFO - Setting next_dagrun for example_trigger_target_dag to None, run_after=None
[2022-11-29T07:11:38.184+0000] {processor.py:176} INFO - Processing /home/airflow/.local/lib/python3.7/site-packages/airflow/example_dags/example_trigger_target_dag.py took 0.201 seconds
[2022-11-29T07:12:08.747+0000] {processor.py:154} INFO - Started process (PID=776) to work on /home/airflow/.local/lib/python3.7/site-packages/airflow/example_dags/example_trigger_target_dag.py
[2022-11-29T07:12:08.749+0000] {processor.py:756} INFO - Processing file /home/airflow/.local/lib/python3.7/site-packages/airflow/example_dags/example_trigger_target_dag.py for tasks to queue
[2022-11-29T07:12:08.751+0000] {logging_mixin.py:137} INFO - [2022-11-29T07:12:08.750+0000] {dagbag.py:537} INFO - Filling up the DagBag from /home/airflow/.local/lib/python3.7/site-packages/airflow/example_dags/example_trigger_target_dag.py
[2022-11-29T07:12:08.782+0000] {processor.py:766} INFO - DAG(s) dict_keys(['example_trigger_target_dag']) retrieved from /home/airflow/.local/lib/python3.7/site-packages/airflow/example_dags/example_trigger_target_dag.py
[2022-11-29T07:12:08.842+0000] {logging_mixin.py:137} INFO - [2022-11-29T07:12:08.842+0000] {dag.py:2585} INFO - Sync 1 DAGs
[2022-11-29T07:12:08.887+0000] {logging_mixin.py:137} INFO - [2022-11-29T07:12:08.887+0000] {dag.py:3340} INFO - Setting next_dagrun for example_trigger_target_dag to None, run_after=None
[2022-11-29T07:12:08.917+0000] {processor.py:176} INFO - Processing /home/airflow/.local/lib/python3.7/site-packages/airflow/example_dags/example_trigger_target_dag.py took 0.177 seconds
[2022-11-29T07:12:39.187+0000] {processor.py:154} INFO - Started process (PID=830) to work on /home/airflow/.local/lib/python3.7/site-packages/airflow/example_dags/example_trigger_target_dag.py
[2022-11-29T07:12:39.190+0000] {processor.py:756} INFO - Processing file /home/airflow/.local/lib/python3.7/site-packages/airflow/example_dags/example_trigger_target_dag.py for tasks to queue
[2022-11-29T07:12:39.194+0000] {logging_mixin.py:137} INFO - [2022-11-29T07:12:39.193+0000] {dagbag.py:537} INFO - Filling up the DagBag from /home/airflow/.local/lib/python3.7/site-packages/airflow/example_dags/example_trigger_target_dag.py
[2022-11-29T07:12:39.226+0000] {processor.py:766} INFO - DAG(s) dict_keys(['example_trigger_target_dag']) retrieved from /home/airflow/.local/lib/python3.7/site-packages/airflow/example_dags/example_trigger_target_dag.py
[2022-11-29T07:12:39.287+0000] {logging_mixin.py:137} INFO - [2022-11-29T07:12:39.287+0000] {dag.py:2585} INFO - Sync 1 DAGs
[2022-11-29T07:12:39.323+0000] {logging_mixin.py:137} INFO - [2022-11-29T07:12:39.323+0000] {dag.py:3340} INFO - Setting next_dagrun for example_trigger_target_dag to None, run_after=None
[2022-11-29T07:12:39.351+0000] {processor.py:176} INFO - Processing /home/airflow/.local/lib/python3.7/site-packages/airflow/example_dags/example_trigger_target_dag.py took 0.170 seconds
[2022-11-29T07:13:09.652+0000] {processor.py:154} INFO - Started process (PID=892) to work on /home/airflow/.local/lib/python3.7/site-packages/airflow/example_dags/example_trigger_target_dag.py
[2022-11-29T07:13:09.654+0000] {processor.py:756} INFO - Processing file /home/airflow/.local/lib/python3.7/site-packages/airflow/example_dags/example_trigger_target_dag.py for tasks to queue
[2022-11-29T07:13:09.655+0000] {logging_mixin.py:137} INFO - [2022-11-29T07:13:09.655+0000] {dagbag.py:537} INFO - Filling up the DagBag from /home/airflow/.local/lib/python3.7/site-packages/airflow/example_dags/example_trigger_target_dag.py
[2022-11-29T07:13:09.688+0000] {processor.py:766} INFO - DAG(s) dict_keys(['example_trigger_target_dag']) retrieved from /home/airflow/.local/lib/python3.7/site-packages/airflow/example_dags/example_trigger_target_dag.py
[2022-11-29T07:13:09.750+0000] {logging_mixin.py:137} INFO - [2022-11-29T07:13:09.750+0000] {dag.py:2585} INFO - Sync 1 DAGs
[2022-11-29T07:13:09.789+0000] {logging_mixin.py:137} INFO - [2022-11-29T07:13:09.789+0000] {dag.py:3340} INFO - Setting next_dagrun for example_trigger_target_dag to None, run_after=None
[2022-11-29T07:13:09.819+0000] {processor.py:176} INFO - Processing /home/airflow/.local/lib/python3.7/site-packages/airflow/example_dags/example_trigger_target_dag.py took 0.172 seconds
[2022-11-29T07:13:40.470+0000] {processor.py:154} INFO - Started process (PID=955) to work on /home/airflow/.local/lib/python3.7/site-packages/airflow/example_dags/example_trigger_target_dag.py
[2022-11-29T07:13:40.472+0000] {processor.py:756} INFO - Processing file /home/airflow/.local/lib/python3.7/site-packages/airflow/example_dags/example_trigger_target_dag.py for tasks to queue
[2022-11-29T07:13:40.474+0000] {logging_mixin.py:137} INFO - [2022-11-29T07:13:40.473+0000] {dagbag.py:537} INFO - Filling up the DagBag from /home/airflow/.local/lib/python3.7/site-packages/airflow/example_dags/example_trigger_target_dag.py
[2022-11-29T07:13:40.508+0000] {processor.py:766} INFO - DAG(s) dict_keys(['example_trigger_target_dag']) retrieved from /home/airflow/.local/lib/python3.7/site-packages/airflow/example_dags/example_trigger_target_dag.py
[2022-11-29T07:13:40.572+0000] {logging_mixin.py:137} INFO - [2022-11-29T07:13:40.572+0000] {dag.py:2585} INFO - Sync 1 DAGs
[2022-11-29T07:13:40.612+0000] {logging_mixin.py:137} INFO - [2022-11-29T07:13:40.612+0000] {dag.py:3340} INFO - Setting next_dagrun for example_trigger_target_dag to None, run_after=None
[2022-11-29T07:13:40.641+0000] {processor.py:176} INFO - Processing /home/airflow/.local/lib/python3.7/site-packages/airflow/example_dags/example_trigger_target_dag.py took 0.177 seconds
[2022-11-29T07:14:10.707+0000] {processor.py:154} INFO - Started process (PID=1009) to work on /home/airflow/.local/lib/python3.7/site-packages/airflow/example_dags/example_trigger_target_dag.py
[2022-11-29T07:14:10.709+0000] {processor.py:756} INFO - Processing file /home/airflow/.local/lib/python3.7/site-packages/airflow/example_dags/example_trigger_target_dag.py for tasks to queue
[2022-11-29T07:14:10.711+0000] {logging_mixin.py:137} INFO - [2022-11-29T07:14:10.711+0000] {dagbag.py:537} INFO - Filling up the DagBag from /home/airflow/.local/lib/python3.7/site-packages/airflow/example_dags/example_trigger_target_dag.py
[2022-11-29T07:14:10.745+0000] {processor.py:766} INFO - DAG(s) dict_keys(['example_trigger_target_dag']) retrieved from /home/airflow/.local/lib/python3.7/site-packages/airflow/example_dags/example_trigger_target_dag.py
[2022-11-29T07:14:10.810+0000] {logging_mixin.py:137} INFO - [2022-11-29T07:14:10.810+0000] {dag.py:2585} INFO - Sync 1 DAGs
[2022-11-29T07:14:10.846+0000] {logging_mixin.py:137} INFO - [2022-11-29T07:14:10.846+0000] {dag.py:3340} INFO - Setting next_dagrun for example_trigger_target_dag to None, run_after=None
[2022-11-29T07:14:10.874+0000] {processor.py:176} INFO - Processing /home/airflow/.local/lib/python3.7/site-packages/airflow/example_dags/example_trigger_target_dag.py took 0.173 seconds
[2022-11-29T07:14:41.313+0000] {processor.py:154} INFO - Started process (PID=1072) to work on /home/airflow/.local/lib/python3.7/site-packages/airflow/example_dags/example_trigger_target_dag.py
[2022-11-29T07:14:41.315+0000] {processor.py:756} INFO - Processing file /home/airflow/.local/lib/python3.7/site-packages/airflow/example_dags/example_trigger_target_dag.py for tasks to queue
[2022-11-29T07:14:41.316+0000] {logging_mixin.py:137} INFO - [2022-11-29T07:14:41.316+0000] {dagbag.py:537} INFO - Filling up the DagBag from /home/airflow/.local/lib/python3.7/site-packages/airflow/example_dags/example_trigger_target_dag.py
[2022-11-29T07:14:41.361+0000] {processor.py:766} INFO - DAG(s) dict_keys(['example_trigger_target_dag']) retrieved from /home/airflow/.local/lib/python3.7/site-packages/airflow/example_dags/example_trigger_target_dag.py
[2022-11-29T07:14:41.427+0000] {logging_mixin.py:137} INFO - [2022-11-29T07:14:41.427+0000] {dag.py:2585} INFO - Sync 1 DAGs
[2022-11-29T07:14:41.461+0000] {logging_mixin.py:137} INFO - [2022-11-29T07:14:41.461+0000] {dag.py:3340} INFO - Setting next_dagrun for example_trigger_target_dag to None, run_after=None
[2022-11-29T07:14:41.490+0000] {processor.py:176} INFO - Processing /home/airflow/.local/lib/python3.7/site-packages/airflow/example_dags/example_trigger_target_dag.py took 0.182 seconds
[2022-11-29T07:15:12.086+0000] {processor.py:154} INFO - Started process (PID=1135) to work on /home/airflow/.local/lib/python3.7/site-packages/airflow/example_dags/example_trigger_target_dag.py
[2022-11-29T07:15:12.089+0000] {processor.py:756} INFO - Processing file /home/airflow/.local/lib/python3.7/site-packages/airflow/example_dags/example_trigger_target_dag.py for tasks to queue
[2022-11-29T07:15:12.091+0000] {logging_mixin.py:137} INFO - [2022-11-29T07:15:12.090+0000] {dagbag.py:537} INFO - Filling up the DagBag from /home/airflow/.local/lib/python3.7/site-packages/airflow/example_dags/example_trigger_target_dag.py
[2022-11-29T07:15:12.127+0000] {processor.py:766} INFO - DAG(s) dict_keys(['example_trigger_target_dag']) retrieved from /home/airflow/.local/lib/python3.7/site-packages/airflow/example_dags/example_trigger_target_dag.py
[2022-11-29T07:15:12.218+0000] {logging_mixin.py:137} INFO - [2022-11-29T07:15:12.217+0000] {dag.py:2585} INFO - Sync 1 DAGs
[2022-11-29T07:15:12.257+0000] {logging_mixin.py:137} INFO - [2022-11-29T07:15:12.257+0000] {dag.py:3340} INFO - Setting next_dagrun for example_trigger_target_dag to None, run_after=None
[2022-11-29T07:15:12.287+0000] {processor.py:176} INFO - Processing /home/airflow/.local/lib/python3.7/site-packages/airflow/example_dags/example_trigger_target_dag.py took 0.210 seconds
[2022-11-29T07:15:42.629+0000] {processor.py:154} INFO - Started process (PID=1189) to work on /home/airflow/.local/lib/python3.7/site-packages/airflow/example_dags/example_trigger_target_dag.py
[2022-11-29T07:15:42.631+0000] {processor.py:756} INFO - Processing file /home/airflow/.local/lib/python3.7/site-packages/airflow/example_dags/example_trigger_target_dag.py for tasks to queue
[2022-11-29T07:15:42.633+0000] {logging_mixin.py:137} INFO - [2022-11-29T07:15:42.632+0000] {dagbag.py:537} INFO - Filling up the DagBag from /home/airflow/.local/lib/python3.7/site-packages/airflow/example_dags/example_trigger_target_dag.py
[2022-11-29T07:15:42.664+0000] {processor.py:766} INFO - DAG(s) dict_keys(['example_trigger_target_dag']) retrieved from /home/airflow/.local/lib/python3.7/site-packages/airflow/example_dags/example_trigger_target_dag.py
[2022-11-29T07:15:42.726+0000] {logging_mixin.py:137} INFO - [2022-11-29T07:15:42.726+0000] {dag.py:2585} INFO - Sync 1 DAGs
[2022-11-29T07:15:42.770+0000] {logging_mixin.py:137} INFO - [2022-11-29T07:15:42.770+0000] {dag.py:3340} INFO - Setting next_dagrun for example_trigger_target_dag to None, run_after=None
[2022-11-29T07:15:42.799+0000] {processor.py:176} INFO - Processing /home/airflow/.local/lib/python3.7/site-packages/airflow/example_dags/example_trigger_target_dag.py took 0.176 seconds
[2022-11-29T07:16:12.910+0000] {processor.py:154} INFO - Started process (PID=1253) to work on /home/airflow/.local/lib/python3.7/site-packages/airflow/example_dags/example_trigger_target_dag.py
[2022-11-29T07:16:12.912+0000] {processor.py:756} INFO - Processing file /home/airflow/.local/lib/python3.7/site-packages/airflow/example_dags/example_trigger_target_dag.py for tasks to queue
[2022-11-29T07:16:12.916+0000] {logging_mixin.py:137} INFO - [2022-11-29T07:16:12.915+0000] {dagbag.py:537} INFO - Filling up the DagBag from /home/airflow/.local/lib/python3.7/site-packages/airflow/example_dags/example_trigger_target_dag.py
[2022-11-29T07:16:12.965+0000] {processor.py:766} INFO - DAG(s) dict_keys(['example_trigger_target_dag']) retrieved from /home/airflow/.local/lib/python3.7/site-packages/airflow/example_dags/example_trigger_target_dag.py
[2022-11-29T07:16:13.039+0000] {logging_mixin.py:137} INFO - [2022-11-29T07:16:13.039+0000] {dag.py:2585} INFO - Sync 1 DAGs
[2022-11-29T07:16:13.097+0000] {logging_mixin.py:137} INFO - [2022-11-29T07:16:13.097+0000] {dag.py:3340} INFO - Setting next_dagrun for example_trigger_target_dag to None, run_after=None
[2022-11-29T07:16:13.141+0000] {processor.py:176} INFO - Processing /home/airflow/.local/lib/python3.7/site-packages/airflow/example_dags/example_trigger_target_dag.py took 0.238 seconds
[2022-11-29T07:16:43.364+0000] {processor.py:154} INFO - Started process (PID=1307) to work on /home/airflow/.local/lib/python3.7/site-packages/airflow/example_dags/example_trigger_target_dag.py
[2022-11-29T07:16:43.366+0000] {processor.py:756} INFO - Processing file /home/airflow/.local/lib/python3.7/site-packages/airflow/example_dags/example_trigger_target_dag.py for tasks to queue
[2022-11-29T07:16:43.368+0000] {logging_mixin.py:137} INFO - [2022-11-29T07:16:43.367+0000] {dagbag.py:537} INFO - Filling up the DagBag from /home/airflow/.local/lib/python3.7/site-packages/airflow/example_dags/example_trigger_target_dag.py
[2022-11-29T07:16:43.413+0000] {processor.py:766} INFO - DAG(s) dict_keys(['example_trigger_target_dag']) retrieved from /home/airflow/.local/lib/python3.7/site-packages/airflow/example_dags/example_trigger_target_dag.py
[2022-11-29T07:16:43.480+0000] {logging_mixin.py:137} INFO - [2022-11-29T07:16:43.480+0000] {dag.py:2585} INFO - Sync 1 DAGs
[2022-11-29T07:16:43.528+0000] {logging_mixin.py:137} INFO - [2022-11-29T07:16:43.528+0000] {dag.py:3340} INFO - Setting next_dagrun for example_trigger_target_dag to None, run_after=None
[2022-11-29T07:16:43.557+0000] {processor.py:176} INFO - Processing /home/airflow/.local/lib/python3.7/site-packages/airflow/example_dags/example_trigger_target_dag.py took 0.202 seconds
[2022-11-29T07:17:13.930+0000] {processor.py:154} INFO - Started process (PID=1370) to work on /home/airflow/.local/lib/python3.7/site-packages/airflow/example_dags/example_trigger_target_dag.py
[2022-11-29T07:17:13.932+0000] {processor.py:756} INFO - Processing file /home/airflow/.local/lib/python3.7/site-packages/airflow/example_dags/example_trigger_target_dag.py for tasks to queue
[2022-11-29T07:17:13.934+0000] {logging_mixin.py:137} INFO - [2022-11-29T07:17:13.934+0000] {dagbag.py:537} INFO - Filling up the DagBag from /home/airflow/.local/lib/python3.7/site-packages/airflow/example_dags/example_trigger_target_dag.py
[2022-11-29T07:17:13.966+0000] {processor.py:766} INFO - DAG(s) dict_keys(['example_trigger_target_dag']) retrieved from /home/airflow/.local/lib/python3.7/site-packages/airflow/example_dags/example_trigger_target_dag.py
[2022-11-29T07:17:14.041+0000] {logging_mixin.py:137} INFO - [2022-11-29T07:17:14.040+0000] {dag.py:2585} INFO - Sync 1 DAGs
[2022-11-29T07:17:14.082+0000] {logging_mixin.py:137} INFO - [2022-11-29T07:17:14.082+0000] {dag.py:3340} INFO - Setting next_dagrun for example_trigger_target_dag to None, run_after=None
[2022-11-29T07:17:14.113+0000] {processor.py:176} INFO - Processing /home/airflow/.local/lib/python3.7/site-packages/airflow/example_dags/example_trigger_target_dag.py took 0.189 seconds
[2022-11-29T07:17:45.018+0000] {processor.py:154} INFO - Started process (PID=1434) to work on /home/airflow/.local/lib/python3.7/site-packages/airflow/example_dags/example_trigger_target_dag.py
[2022-11-29T07:17:45.019+0000] {processor.py:756} INFO - Processing file /home/airflow/.local/lib/python3.7/site-packages/airflow/example_dags/example_trigger_target_dag.py for tasks to queue
[2022-11-29T07:17:45.021+0000] {logging_mixin.py:137} INFO - [2022-11-29T07:17:45.021+0000] {dagbag.py:537} INFO - Filling up the DagBag from /home/airflow/.local/lib/python3.7/site-packages/airflow/example_dags/example_trigger_target_dag.py
[2022-11-29T07:17:45.046+0000] {processor.py:766} INFO - DAG(s) dict_keys(['example_trigger_target_dag']) retrieved from /home/airflow/.local/lib/python3.7/site-packages/airflow/example_dags/example_trigger_target_dag.py
[2022-11-29T07:17:45.090+0000] {logging_mixin.py:137} INFO - [2022-11-29T07:17:45.089+0000] {dag.py:2585} INFO - Sync 1 DAGs
[2022-11-29T07:17:45.122+0000] {logging_mixin.py:137} INFO - [2022-11-29T07:17:45.122+0000] {dag.py:3340} INFO - Setting next_dagrun for example_trigger_target_dag to None, run_after=None
[2022-11-29T07:17:45.152+0000] {processor.py:176} INFO - Processing /home/airflow/.local/lib/python3.7/site-packages/airflow/example_dags/example_trigger_target_dag.py took 0.139 seconds
[2022-11-29T07:18:16.310+0000] {processor.py:154} INFO - Started process (PID=1488) to work on /home/airflow/.local/lib/python3.7/site-packages/airflow/example_dags/example_trigger_target_dag.py
[2022-11-29T07:18:16.313+0000] {processor.py:756} INFO - Processing file /home/airflow/.local/lib/python3.7/site-packages/airflow/example_dags/example_trigger_target_dag.py for tasks to queue
[2022-11-29T07:18:16.317+0000] {logging_mixin.py:137} INFO - [2022-11-29T07:18:16.317+0000] {dagbag.py:537} INFO - Filling up the DagBag from /home/airflow/.local/lib/python3.7/site-packages/airflow/example_dags/example_trigger_target_dag.py
[2022-11-29T07:18:16.391+0000] {processor.py:766} INFO - DAG(s) dict_keys(['example_trigger_target_dag']) retrieved from /home/airflow/.local/lib/python3.7/site-packages/airflow/example_dags/example_trigger_target_dag.py
[2022-11-29T07:18:16.473+0000] {logging_mixin.py:137} INFO - [2022-11-29T07:18:16.473+0000] {dag.py:2585} INFO - Sync 1 DAGs
[2022-11-29T07:18:16.523+0000] {logging_mixin.py:137} INFO - [2022-11-29T07:18:16.523+0000] {dag.py:3340} INFO - Setting next_dagrun for example_trigger_target_dag to None, run_after=None
[2022-11-29T07:18:16.563+0000] {processor.py:176} INFO - Processing /home/airflow/.local/lib/python3.7/site-packages/airflow/example_dags/example_trigger_target_dag.py took 0.265 seconds
[2022-11-29T07:18:46.724+0000] {processor.py:154} INFO - Started process (PID=1551) to work on /home/airflow/.local/lib/python3.7/site-packages/airflow/example_dags/example_trigger_target_dag.py
[2022-11-29T07:18:46.728+0000] {processor.py:756} INFO - Processing file /home/airflow/.local/lib/python3.7/site-packages/airflow/example_dags/example_trigger_target_dag.py for tasks to queue
[2022-11-29T07:18:46.729+0000] {logging_mixin.py:137} INFO - [2022-11-29T07:18:46.729+0000] {dagbag.py:537} INFO - Filling up the DagBag from /home/airflow/.local/lib/python3.7/site-packages/airflow/example_dags/example_trigger_target_dag.py
[2022-11-29T07:18:46.761+0000] {processor.py:766} INFO - DAG(s) dict_keys(['example_trigger_target_dag']) retrieved from /home/airflow/.local/lib/python3.7/site-packages/airflow/example_dags/example_trigger_target_dag.py
[2022-11-29T07:18:46.823+0000] {logging_mixin.py:137} INFO - [2022-11-29T07:18:46.823+0000] {dag.py:2585} INFO - Sync 1 DAGs
[2022-11-29T07:18:46.858+0000] {logging_mixin.py:137} INFO - [2022-11-29T07:18:46.858+0000] {dag.py:3340} INFO - Setting next_dagrun for example_trigger_target_dag to None, run_after=None
[2022-11-29T07:18:46.885+0000] {processor.py:176} INFO - Processing /home/airflow/.local/lib/python3.7/site-packages/airflow/example_dags/example_trigger_target_dag.py took 0.166 seconds
[2022-11-29T07:19:17.188+0000] {processor.py:154} INFO - Started process (PID=1614) to work on /home/airflow/.local/lib/python3.7/site-packages/airflow/example_dags/example_trigger_target_dag.py
[2022-11-29T07:19:17.190+0000] {processor.py:756} INFO - Processing file /home/airflow/.local/lib/python3.7/site-packages/airflow/example_dags/example_trigger_target_dag.py for tasks to queue
[2022-11-29T07:19:17.193+0000] {logging_mixin.py:137} INFO - [2022-11-29T07:19:17.193+0000] {dagbag.py:537} INFO - Filling up the DagBag from /home/airflow/.local/lib/python3.7/site-packages/airflow/example_dags/example_trigger_target_dag.py
[2022-11-29T07:19:17.237+0000] {processor.py:766} INFO - DAG(s) dict_keys(['example_trigger_target_dag']) retrieved from /home/airflow/.local/lib/python3.7/site-packages/airflow/example_dags/example_trigger_target_dag.py
[2022-11-29T07:19:17.308+0000] {logging_mixin.py:137} INFO - [2022-11-29T07:19:17.308+0000] {dag.py:2585} INFO - Sync 1 DAGs
[2022-11-29T07:19:17.359+0000] {logging_mixin.py:137} INFO - [2022-11-29T07:19:17.359+0000] {dag.py:3340} INFO - Setting next_dagrun for example_trigger_target_dag to None, run_after=None
[2022-11-29T07:19:17.393+0000] {processor.py:176} INFO - Processing /home/airflow/.local/lib/python3.7/site-packages/airflow/example_dags/example_trigger_target_dag.py took 0.214 seconds
[2022-11-29T07:19:47.984+0000] {processor.py:154} INFO - Started process (PID=1667) to work on /home/airflow/.local/lib/python3.7/site-packages/airflow/example_dags/example_trigger_target_dag.py
[2022-11-29T07:19:47.985+0000] {processor.py:756} INFO - Processing file /home/airflow/.local/lib/python3.7/site-packages/airflow/example_dags/example_trigger_target_dag.py for tasks to queue
[2022-11-29T07:19:47.987+0000] {logging_mixin.py:137} INFO - [2022-11-29T07:19:47.987+0000] {dagbag.py:537} INFO - Filling up the DagBag from /home/airflow/.local/lib/python3.7/site-packages/airflow/example_dags/example_trigger_target_dag.py
[2022-11-29T07:19:48.013+0000] {processor.py:766} INFO - DAG(s) dict_keys(['example_trigger_target_dag']) retrieved from /home/airflow/.local/lib/python3.7/site-packages/airflow/example_dags/example_trigger_target_dag.py
[2022-11-29T07:19:48.063+0000] {logging_mixin.py:137} INFO - [2022-11-29T07:19:48.063+0000] {dag.py:2585} INFO - Sync 1 DAGs
[2022-11-29T07:19:48.118+0000] {logging_mixin.py:137} INFO - [2022-11-29T07:19:48.118+0000] {dag.py:3340} INFO - Setting next_dagrun for example_trigger_target_dag to None, run_after=None
[2022-11-29T07:19:48.152+0000] {processor.py:176} INFO - Processing /home/airflow/.local/lib/python3.7/site-packages/airflow/example_dags/example_trigger_target_dag.py took 0.173 seconds
