[2022-11-29T06:27:14.533+0000] {processor.py:154} INFO - Started process (PID=44) to work on /home/airflow/.local/lib/python3.7/site-packages/airflow/example_dags/example_task_group_decorator.py
[2022-11-29T06:27:14.535+0000] {processor.py:756} INFO - Processing file /home/airflow/.local/lib/python3.7/site-packages/airflow/example_dags/example_task_group_decorator.py for tasks to queue
[2022-11-29T06:27:14.538+0000] {logging_mixin.py:137} INFO - [2022-11-29T06:27:14.538+0000] {dagbag.py:537} INFO - Filling up the DagBag from /home/airflow/.local/lib/python3.7/site-packages/airflow/example_dags/example_task_group_decorator.py
[2022-11-29T06:27:14.626+0000] {processor.py:766} INFO - DAG(s) dict_keys(['example_task_group_decorator']) retrieved from /home/airflow/.local/lib/python3.7/site-packages/airflow/example_dags/example_task_group_decorator.py
[2022-11-29T06:27:14.881+0000] {logging_mixin.py:137} INFO - [2022-11-29T06:27:14.876+0000] {manager.py:507} INFO - Created Permission View: can delete on DAG:example_task_group_decorator
[2022-11-29T06:27:14.914+0000] {logging_mixin.py:137} INFO - [2022-11-29T06:27:14.914+0000] {manager.py:507} INFO - Created Permission View: can read on DAG:example_task_group_decorator
[2022-11-29T06:27:14.946+0000] {logging_mixin.py:137} INFO - [2022-11-29T06:27:14.946+0000] {manager.py:507} INFO - Created Permission View: can edit on DAG:example_task_group_decorator
[2022-11-29T06:27:14.951+0000] {logging_mixin.py:137} INFO - [2022-11-29T06:27:14.949+0000] {dag.py:2585} INFO - Sync 1 DAGs
[2022-11-29T06:27:14.994+0000] {logging_mixin.py:137} INFO - [2022-11-29T06:27:14.994+0000] {dag.py:2606} INFO - Creating ORM DAG for example_task_group_decorator
[2022-11-29T06:27:15.019+0000] {logging_mixin.py:137} INFO - [2022-11-29T06:27:15.019+0000] {dag.py:3340} INFO - Setting next_dagrun for example_task_group_decorator to 2022-11-28T06:27:15.018740+00:00, run_after=2022-11-29T06:27:15.018740+00:00
[2022-11-29T06:27:15.050+0000] {processor.py:176} INFO - Processing /home/airflow/.local/lib/python3.7/site-packages/airflow/example_dags/example_task_group_decorator.py took 0.525 seconds
[2022-11-29T06:27:45.816+0000] {processor.py:154} INFO - Started process (PID=98) to work on /home/airflow/.local/lib/python3.7/site-packages/airflow/example_dags/example_task_group_decorator.py
[2022-11-29T06:27:45.819+0000] {processor.py:756} INFO - Processing file /home/airflow/.local/lib/python3.7/site-packages/airflow/example_dags/example_task_group_decorator.py for tasks to queue
[2022-11-29T06:27:45.825+0000] {logging_mixin.py:137} INFO - [2022-11-29T06:27:45.825+0000] {dagbag.py:537} INFO - Filling up the DagBag from /home/airflow/.local/lib/python3.7/site-packages/airflow/example_dags/example_task_group_decorator.py
[2022-11-29T06:27:45.877+0000] {processor.py:766} INFO - DAG(s) dict_keys(['example_task_group_decorator']) retrieved from /home/airflow/.local/lib/python3.7/site-packages/airflow/example_dags/example_task_group_decorator.py
[2022-11-29T06:27:45.949+0000] {logging_mixin.py:137} INFO - [2022-11-29T06:27:45.949+0000] {dag.py:2585} INFO - Sync 1 DAGs
[2022-11-29T06:27:45.983+0000] {logging_mixin.py:137} INFO - [2022-11-29T06:27:45.983+0000] {dag.py:3340} INFO - Setting next_dagrun for example_task_group_decorator to 2022-11-28T06:27:45.983147+00:00, run_after=2022-11-29T06:27:45.983147+00:00
[2022-11-29T06:27:46.009+0000] {processor.py:176} INFO - Processing /home/airflow/.local/lib/python3.7/site-packages/airflow/example_dags/example_task_group_decorator.py took 0.202 seconds
[2022-11-29T06:28:16.082+0000] {processor.py:154} INFO - Started process (PID=163) to work on /home/airflow/.local/lib/python3.7/site-packages/airflow/example_dags/example_task_group_decorator.py
[2022-11-29T06:28:16.085+0000] {processor.py:756} INFO - Processing file /home/airflow/.local/lib/python3.7/site-packages/airflow/example_dags/example_task_group_decorator.py for tasks to queue
[2022-11-29T06:28:16.092+0000] {logging_mixin.py:137} INFO - [2022-11-29T06:28:16.092+0000] {dagbag.py:537} INFO - Filling up the DagBag from /home/airflow/.local/lib/python3.7/site-packages/airflow/example_dags/example_task_group_decorator.py
[2022-11-29T06:28:16.136+0000] {processor.py:766} INFO - DAG(s) dict_keys(['example_task_group_decorator']) retrieved from /home/airflow/.local/lib/python3.7/site-packages/airflow/example_dags/example_task_group_decorator.py
[2022-11-29T06:28:16.207+0000] {logging_mixin.py:137} INFO - [2022-11-29T06:28:16.207+0000] {dag.py:2585} INFO - Sync 1 DAGs
[2022-11-29T06:28:16.245+0000] {logging_mixin.py:137} INFO - [2022-11-29T06:28:16.245+0000] {dag.py:3340} INFO - Setting next_dagrun for example_task_group_decorator to 2022-11-28T06:28:16.245203+00:00, run_after=2022-11-29T06:28:16.245203+00:00
[2022-11-29T06:28:16.272+0000] {processor.py:176} INFO - Processing /home/airflow/.local/lib/python3.7/site-packages/airflow/example_dags/example_task_group_decorator.py took 0.198 seconds
[2022-11-29T06:28:46.830+0000] {processor.py:154} INFO - Started process (PID=226) to work on /home/airflow/.local/lib/python3.7/site-packages/airflow/example_dags/example_task_group_decorator.py
[2022-11-29T06:28:46.832+0000] {processor.py:756} INFO - Processing file /home/airflow/.local/lib/python3.7/site-packages/airflow/example_dags/example_task_group_decorator.py for tasks to queue
[2022-11-29T06:28:46.833+0000] {logging_mixin.py:137} INFO - [2022-11-29T06:28:46.833+0000] {dagbag.py:537} INFO - Filling up the DagBag from /home/airflow/.local/lib/python3.7/site-packages/airflow/example_dags/example_task_group_decorator.py
[2022-11-29T06:28:46.887+0000] {processor.py:766} INFO - DAG(s) dict_keys(['example_task_group_decorator']) retrieved from /home/airflow/.local/lib/python3.7/site-packages/airflow/example_dags/example_task_group_decorator.py
[2022-11-29T06:28:46.959+0000] {logging_mixin.py:137} INFO - [2022-11-29T06:28:46.959+0000] {dag.py:2585} INFO - Sync 1 DAGs
[2022-11-29T06:28:47.001+0000] {logging_mixin.py:137} INFO - [2022-11-29T06:28:47.000+0000] {dag.py:3340} INFO - Setting next_dagrun for example_task_group_decorator to 2022-11-28T06:28:47.000612+00:00, run_after=2022-11-29T06:28:47.000612+00:00
[2022-11-29T06:28:47.030+0000] {processor.py:176} INFO - Processing /home/airflow/.local/lib/python3.7/site-packages/airflow/example_dags/example_task_group_decorator.py took 0.207 seconds
[2022-11-29T06:29:17.086+0000] {processor.py:154} INFO - Started process (PID=280) to work on /home/airflow/.local/lib/python3.7/site-packages/airflow/example_dags/example_task_group_decorator.py
[2022-11-29T06:29:17.088+0000] {processor.py:756} INFO - Processing file /home/airflow/.local/lib/python3.7/site-packages/airflow/example_dags/example_task_group_decorator.py for tasks to queue
[2022-11-29T06:29:17.090+0000] {logging_mixin.py:137} INFO - [2022-11-29T06:29:17.090+0000] {dagbag.py:537} INFO - Filling up the DagBag from /home/airflow/.local/lib/python3.7/site-packages/airflow/example_dags/example_task_group_decorator.py
[2022-11-29T06:29:17.135+0000] {processor.py:766} INFO - DAG(s) dict_keys(['example_task_group_decorator']) retrieved from /home/airflow/.local/lib/python3.7/site-packages/airflow/example_dags/example_task_group_decorator.py
[2022-11-29T06:29:17.204+0000] {logging_mixin.py:137} INFO - [2022-11-29T06:29:17.204+0000] {dag.py:2585} INFO - Sync 1 DAGs
[2022-11-29T06:29:17.244+0000] {logging_mixin.py:137} INFO - [2022-11-29T06:29:17.244+0000] {dag.py:3340} INFO - Setting next_dagrun for example_task_group_decorator to 2022-11-28T06:29:17.243895+00:00, run_after=2022-11-29T06:29:17.243895+00:00
[2022-11-29T06:29:17.269+0000] {processor.py:176} INFO - Processing /home/airflow/.local/lib/python3.7/site-packages/airflow/example_dags/example_task_group_decorator.py took 0.188 seconds
[2022-11-29T06:31:40.940+0000] {processor.py:154} INFO - Started process (PID=47) to work on /home/airflow/.local/lib/python3.7/site-packages/airflow/example_dags/example_task_group_decorator.py
[2022-11-29T06:31:40.946+0000] {processor.py:756} INFO - Processing file /home/airflow/.local/lib/python3.7/site-packages/airflow/example_dags/example_task_group_decorator.py for tasks to queue
[2022-11-29T06:31:40.951+0000] {logging_mixin.py:137} INFO - [2022-11-29T06:31:40.950+0000] {dagbag.py:537} INFO - Filling up the DagBag from /home/airflow/.local/lib/python3.7/site-packages/airflow/example_dags/example_task_group_decorator.py
[2022-11-29T06:31:41.038+0000] {processor.py:766} INFO - DAG(s) dict_keys(['example_task_group_decorator']) retrieved from /home/airflow/.local/lib/python3.7/site-packages/airflow/example_dags/example_task_group_decorator.py
[2022-11-29T06:31:41.077+0000] {logging_mixin.py:137} INFO - [2022-11-29T06:31:41.077+0000] {dag.py:2585} INFO - Sync 1 DAGs
[2022-11-29T06:31:41.126+0000] {logging_mixin.py:137} INFO - [2022-11-29T06:31:41.126+0000] {dag.py:3340} INFO - Setting next_dagrun for example_task_group_decorator to 2022-11-28T06:31:41.125901+00:00, run_after=2022-11-29T06:31:41.125901+00:00
[2022-11-29T06:31:41.151+0000] {processor.py:176} INFO - Processing /home/airflow/.local/lib/python3.7/site-packages/airflow/example_dags/example_task_group_decorator.py took 0.221 seconds
[2022-11-29T06:32:11.302+0000] {processor.py:154} INFO - Started process (PID=101) to work on /home/airflow/.local/lib/python3.7/site-packages/airflow/example_dags/example_task_group_decorator.py
[2022-11-29T06:32:11.304+0000] {processor.py:756} INFO - Processing file /home/airflow/.local/lib/python3.7/site-packages/airflow/example_dags/example_task_group_decorator.py for tasks to queue
[2022-11-29T06:32:11.307+0000] {logging_mixin.py:137} INFO - [2022-11-29T06:32:11.307+0000] {dagbag.py:537} INFO - Filling up the DagBag from /home/airflow/.local/lib/python3.7/site-packages/airflow/example_dags/example_task_group_decorator.py
[2022-11-29T06:32:11.353+0000] {processor.py:766} INFO - DAG(s) dict_keys(['example_task_group_decorator']) retrieved from /home/airflow/.local/lib/python3.7/site-packages/airflow/example_dags/example_task_group_decorator.py
[2022-11-29T06:32:11.430+0000] {logging_mixin.py:137} INFO - [2022-11-29T06:32:11.429+0000] {dag.py:2585} INFO - Sync 1 DAGs
[2022-11-29T06:32:11.484+0000] {logging_mixin.py:137} INFO - [2022-11-29T06:32:11.484+0000] {dag.py:3340} INFO - Setting next_dagrun for example_task_group_decorator to 2022-11-28T06:32:11.483880+00:00, run_after=2022-11-29T06:32:11.483880+00:00
[2022-11-29T06:32:11.514+0000] {processor.py:176} INFO - Processing /home/airflow/.local/lib/python3.7/site-packages/airflow/example_dags/example_task_group_decorator.py took 0.218 seconds
[2022-11-29T06:32:42.111+0000] {processor.py:154} INFO - Started process (PID=164) to work on /home/airflow/.local/lib/python3.7/site-packages/airflow/example_dags/example_task_group_decorator.py
[2022-11-29T06:32:42.113+0000] {processor.py:756} INFO - Processing file /home/airflow/.local/lib/python3.7/site-packages/airflow/example_dags/example_task_group_decorator.py for tasks to queue
[2022-11-29T06:32:42.115+0000] {logging_mixin.py:137} INFO - [2022-11-29T06:32:42.114+0000] {dagbag.py:537} INFO - Filling up the DagBag from /home/airflow/.local/lib/python3.7/site-packages/airflow/example_dags/example_task_group_decorator.py
[2022-11-29T06:32:42.163+0000] {processor.py:766} INFO - DAG(s) dict_keys(['example_task_group_decorator']) retrieved from /home/airflow/.local/lib/python3.7/site-packages/airflow/example_dags/example_task_group_decorator.py
[2022-11-29T06:32:42.225+0000] {logging_mixin.py:137} INFO - [2022-11-29T06:32:42.224+0000] {dag.py:2585} INFO - Sync 1 DAGs
[2022-11-29T06:32:42.264+0000] {logging_mixin.py:137} INFO - [2022-11-29T06:32:42.263+0000] {dag.py:3340} INFO - Setting next_dagrun for example_task_group_decorator to 2022-11-28T06:32:42.263537+00:00, run_after=2022-11-29T06:32:42.263537+00:00
[2022-11-29T06:32:42.294+0000] {processor.py:176} INFO - Processing /home/airflow/.local/lib/python3.7/site-packages/airflow/example_dags/example_task_group_decorator.py took 0.190 seconds
[2022-11-29T06:33:13.149+0000] {processor.py:154} INFO - Started process (PID=227) to work on /home/airflow/.local/lib/python3.7/site-packages/airflow/example_dags/example_task_group_decorator.py
[2022-11-29T06:33:13.152+0000] {processor.py:756} INFO - Processing file /home/airflow/.local/lib/python3.7/site-packages/airflow/example_dags/example_task_group_decorator.py for tasks to queue
[2022-11-29T06:33:13.154+0000] {logging_mixin.py:137} INFO - [2022-11-29T06:33:13.154+0000] {dagbag.py:537} INFO - Filling up the DagBag from /home/airflow/.local/lib/python3.7/site-packages/airflow/example_dags/example_task_group_decorator.py
[2022-11-29T06:33:13.200+0000] {processor.py:766} INFO - DAG(s) dict_keys(['example_task_group_decorator']) retrieved from /home/airflow/.local/lib/python3.7/site-packages/airflow/example_dags/example_task_group_decorator.py
[2022-11-29T06:33:13.280+0000] {logging_mixin.py:137} INFO - [2022-11-29T06:33:13.280+0000] {dag.py:2585} INFO - Sync 1 DAGs
[2022-11-29T06:33:13.316+0000] {logging_mixin.py:137} INFO - [2022-11-29T06:33:13.316+0000] {dag.py:3340} INFO - Setting next_dagrun for example_task_group_decorator to 2022-11-28T06:33:13.315931+00:00, run_after=2022-11-29T06:33:13.315931+00:00
[2022-11-29T06:33:13.348+0000] {processor.py:176} INFO - Processing /home/airflow/.local/lib/python3.7/site-packages/airflow/example_dags/example_task_group_decorator.py took 0.205 seconds
[2022-11-29T06:33:43.802+0000] {processor.py:154} INFO - Started process (PID=282) to work on /home/airflow/.local/lib/python3.7/site-packages/airflow/example_dags/example_task_group_decorator.py
[2022-11-29T06:33:43.804+0000] {processor.py:756} INFO - Processing file /home/airflow/.local/lib/python3.7/site-packages/airflow/example_dags/example_task_group_decorator.py for tasks to queue
[2022-11-29T06:33:43.806+0000] {logging_mixin.py:137} INFO - [2022-11-29T06:33:43.806+0000] {dagbag.py:537} INFO - Filling up the DagBag from /home/airflow/.local/lib/python3.7/site-packages/airflow/example_dags/example_task_group_decorator.py
[2022-11-29T06:33:43.852+0000] {processor.py:766} INFO - DAG(s) dict_keys(['example_task_group_decorator']) retrieved from /home/airflow/.local/lib/python3.7/site-packages/airflow/example_dags/example_task_group_decorator.py
[2022-11-29T06:33:43.922+0000] {logging_mixin.py:137} INFO - [2022-11-29T06:33:43.922+0000] {dag.py:2585} INFO - Sync 1 DAGs
[2022-11-29T06:33:43.964+0000] {logging_mixin.py:137} INFO - [2022-11-29T06:33:43.964+0000] {dag.py:3340} INFO - Setting next_dagrun for example_task_group_decorator to 2022-11-28T06:33:43.963625+00:00, run_after=2022-11-29T06:33:43.963625+00:00
[2022-11-29T06:33:43.993+0000] {processor.py:176} INFO - Processing /home/airflow/.local/lib/python3.7/site-packages/airflow/example_dags/example_task_group_decorator.py took 0.196 seconds
[2022-11-29T06:52:54.807+0000] {processor.py:154} INFO - Started process (PID=48) to work on /home/airflow/.local/lib/python3.7/site-packages/airflow/example_dags/example_task_group_decorator.py
[2022-11-29T06:52:54.810+0000] {processor.py:756} INFO - Processing file /home/airflow/.local/lib/python3.7/site-packages/airflow/example_dags/example_task_group_decorator.py for tasks to queue
[2022-11-29T06:52:54.814+0000] {logging_mixin.py:137} INFO - [2022-11-29T06:52:54.814+0000] {dagbag.py:537} INFO - Filling up the DagBag from /home/airflow/.local/lib/python3.7/site-packages/airflow/example_dags/example_task_group_decorator.py
[2022-11-29T06:52:54.876+0000] {processor.py:766} INFO - DAG(s) dict_keys(['example_task_group_decorator']) retrieved from /home/airflow/.local/lib/python3.7/site-packages/airflow/example_dags/example_task_group_decorator.py
[2022-11-29T06:52:54.926+0000] {logging_mixin.py:137} INFO - [2022-11-29T06:52:54.926+0000] {dag.py:2585} INFO - Sync 1 DAGs
[2022-11-29T06:52:55.000+0000] {logging_mixin.py:137} INFO - [2022-11-29T06:52:55.000+0000] {dag.py:3340} INFO - Setting next_dagrun for example_task_group_decorator to 2022-11-28T06:52:54.999959+00:00, run_after=2022-11-29T06:52:54.999959+00:00
[2022-11-29T06:52:55.057+0000] {processor.py:176} INFO - Processing /home/airflow/.local/lib/python3.7/site-packages/airflow/example_dags/example_task_group_decorator.py took 0.263 seconds
[2022-11-29T06:53:25.356+0000] {processor.py:154} INFO - Started process (PID=103) to work on /home/airflow/.local/lib/python3.7/site-packages/airflow/example_dags/example_task_group_decorator.py
[2022-11-29T06:53:25.360+0000] {processor.py:756} INFO - Processing file /home/airflow/.local/lib/python3.7/site-packages/airflow/example_dags/example_task_group_decorator.py for tasks to queue
[2022-11-29T06:53:25.362+0000] {logging_mixin.py:137} INFO - [2022-11-29T06:53:25.362+0000] {dagbag.py:537} INFO - Filling up the DagBag from /home/airflow/.local/lib/python3.7/site-packages/airflow/example_dags/example_task_group_decorator.py
[2022-11-29T06:53:25.411+0000] {processor.py:766} INFO - DAG(s) dict_keys(['example_task_group_decorator']) retrieved from /home/airflow/.local/lib/python3.7/site-packages/airflow/example_dags/example_task_group_decorator.py
[2022-11-29T06:53:25.486+0000] {logging_mixin.py:137} INFO - [2022-11-29T06:53:25.486+0000] {dag.py:2585} INFO - Sync 1 DAGs
[2022-11-29T06:53:25.527+0000] {logging_mixin.py:137} INFO - [2022-11-29T06:53:25.527+0000] {dag.py:3340} INFO - Setting next_dagrun for example_task_group_decorator to 2022-11-28T06:53:25.527164+00:00, run_after=2022-11-29T06:53:25.527164+00:00
[2022-11-29T06:53:25.555+0000] {processor.py:176} INFO - Processing /home/airflow/.local/lib/python3.7/site-packages/airflow/example_dags/example_task_group_decorator.py took 0.204 seconds
[2022-11-29T06:53:56.495+0000] {processor.py:154} INFO - Started process (PID=168) to work on /home/airflow/.local/lib/python3.7/site-packages/airflow/example_dags/example_task_group_decorator.py
[2022-11-29T06:53:56.497+0000] {processor.py:756} INFO - Processing file /home/airflow/.local/lib/python3.7/site-packages/airflow/example_dags/example_task_group_decorator.py for tasks to queue
[2022-11-29T06:53:56.499+0000] {logging_mixin.py:137} INFO - [2022-11-29T06:53:56.499+0000] {dagbag.py:537} INFO - Filling up the DagBag from /home/airflow/.local/lib/python3.7/site-packages/airflow/example_dags/example_task_group_decorator.py
[2022-11-29T06:53:56.553+0000] {processor.py:766} INFO - DAG(s) dict_keys(['example_task_group_decorator']) retrieved from /home/airflow/.local/lib/python3.7/site-packages/airflow/example_dags/example_task_group_decorator.py
[2022-11-29T06:53:56.637+0000] {logging_mixin.py:137} INFO - [2022-11-29T06:53:56.637+0000] {dag.py:2585} INFO - Sync 1 DAGs
[2022-11-29T06:53:56.689+0000] {logging_mixin.py:137} INFO - [2022-11-29T06:53:56.688+0000] {dag.py:3340} INFO - Setting next_dagrun for example_task_group_decorator to 2022-11-28T06:53:56.688534+00:00, run_after=2022-11-29T06:53:56.688534+00:00
[2022-11-29T06:53:56.726+0000] {processor.py:176} INFO - Processing /home/airflow/.local/lib/python3.7/site-packages/airflow/example_dags/example_task_group_decorator.py took 0.237 seconds
[2022-11-29T06:54:27.512+0000] {processor.py:154} INFO - Started process (PID=222) to work on /home/airflow/.local/lib/python3.7/site-packages/airflow/example_dags/example_task_group_decorator.py
[2022-11-29T06:54:27.514+0000] {processor.py:756} INFO - Processing file /home/airflow/.local/lib/python3.7/site-packages/airflow/example_dags/example_task_group_decorator.py for tasks to queue
[2022-11-29T06:54:27.515+0000] {logging_mixin.py:137} INFO - [2022-11-29T06:54:27.515+0000] {dagbag.py:537} INFO - Filling up the DagBag from /home/airflow/.local/lib/python3.7/site-packages/airflow/example_dags/example_task_group_decorator.py
[2022-11-29T06:54:27.558+0000] {processor.py:766} INFO - DAG(s) dict_keys(['example_task_group_decorator']) retrieved from /home/airflow/.local/lib/python3.7/site-packages/airflow/example_dags/example_task_group_decorator.py
[2022-11-29T06:54:27.620+0000] {logging_mixin.py:137} INFO - [2022-11-29T06:54:27.620+0000] {dag.py:2585} INFO - Sync 1 DAGs
[2022-11-29T06:54:27.654+0000] {logging_mixin.py:137} INFO - [2022-11-29T06:54:27.653+0000] {dag.py:3340} INFO - Setting next_dagrun for example_task_group_decorator to 2022-11-28T06:54:27.653585+00:00, run_after=2022-11-29T06:54:27.653585+00:00
[2022-11-29T06:54:27.678+0000] {processor.py:176} INFO - Processing /home/airflow/.local/lib/python3.7/site-packages/airflow/example_dags/example_task_group_decorator.py took 0.171 seconds
[2022-11-29T06:54:58.134+0000] {processor.py:154} INFO - Started process (PID=285) to work on /home/airflow/.local/lib/python3.7/site-packages/airflow/example_dags/example_task_group_decorator.py
[2022-11-29T06:54:58.136+0000] {processor.py:756} INFO - Processing file /home/airflow/.local/lib/python3.7/site-packages/airflow/example_dags/example_task_group_decorator.py for tasks to queue
[2022-11-29T06:54:58.137+0000] {logging_mixin.py:137} INFO - [2022-11-29T06:54:58.137+0000] {dagbag.py:537} INFO - Filling up the DagBag from /home/airflow/.local/lib/python3.7/site-packages/airflow/example_dags/example_task_group_decorator.py
[2022-11-29T06:54:58.182+0000] {processor.py:766} INFO - DAG(s) dict_keys(['example_task_group_decorator']) retrieved from /home/airflow/.local/lib/python3.7/site-packages/airflow/example_dags/example_task_group_decorator.py
[2022-11-29T06:54:58.249+0000] {logging_mixin.py:137} INFO - [2022-11-29T06:54:58.249+0000] {dag.py:2585} INFO - Sync 1 DAGs
[2022-11-29T06:54:58.286+0000] {logging_mixin.py:137} INFO - [2022-11-29T06:54:58.286+0000] {dag.py:3340} INFO - Setting next_dagrun for example_task_group_decorator to 2022-11-28T06:54:58.286180+00:00, run_after=2022-11-29T06:54:58.286180+00:00
[2022-11-29T06:54:58.317+0000] {processor.py:176} INFO - Processing /home/airflow/.local/lib/python3.7/site-packages/airflow/example_dags/example_task_group_decorator.py took 0.189 seconds
[2022-11-29T06:55:28.900+0000] {processor.py:154} INFO - Started process (PID=347) to work on /home/airflow/.local/lib/python3.7/site-packages/airflow/example_dags/example_task_group_decorator.py
[2022-11-29T06:55:28.902+0000] {processor.py:756} INFO - Processing file /home/airflow/.local/lib/python3.7/site-packages/airflow/example_dags/example_task_group_decorator.py for tasks to queue
[2022-11-29T06:55:28.905+0000] {logging_mixin.py:137} INFO - [2022-11-29T06:55:28.904+0000] {dagbag.py:537} INFO - Filling up the DagBag from /home/airflow/.local/lib/python3.7/site-packages/airflow/example_dags/example_task_group_decorator.py
[2022-11-29T06:55:28.953+0000] {processor.py:766} INFO - DAG(s) dict_keys(['example_task_group_decorator']) retrieved from /home/airflow/.local/lib/python3.7/site-packages/airflow/example_dags/example_task_group_decorator.py
[2022-11-29T06:55:29.028+0000] {logging_mixin.py:137} INFO - [2022-11-29T06:55:29.028+0000] {dag.py:2585} INFO - Sync 1 DAGs
[2022-11-29T06:55:29.066+0000] {logging_mixin.py:137} INFO - [2022-11-29T06:55:29.066+0000] {dag.py:3340} INFO - Setting next_dagrun for example_task_group_decorator to 2022-11-28T06:55:29.066189+00:00, run_after=2022-11-29T06:55:29.066189+00:00
[2022-11-29T06:55:29.102+0000] {processor.py:176} INFO - Processing /home/airflow/.local/lib/python3.7/site-packages/airflow/example_dags/example_task_group_decorator.py took 0.207 seconds
[2022-11-29T06:55:59.484+0000] {processor.py:154} INFO - Started process (PID=401) to work on /home/airflow/.local/lib/python3.7/site-packages/airflow/example_dags/example_task_group_decorator.py
[2022-11-29T06:55:59.486+0000] {processor.py:756} INFO - Processing file /home/airflow/.local/lib/python3.7/site-packages/airflow/example_dags/example_task_group_decorator.py for tasks to queue
[2022-11-29T06:55:59.488+0000] {logging_mixin.py:137} INFO - [2022-11-29T06:55:59.487+0000] {dagbag.py:537} INFO - Filling up the DagBag from /home/airflow/.local/lib/python3.7/site-packages/airflow/example_dags/example_task_group_decorator.py
[2022-11-29T06:55:59.535+0000] {processor.py:766} INFO - DAG(s) dict_keys(['example_task_group_decorator']) retrieved from /home/airflow/.local/lib/python3.7/site-packages/airflow/example_dags/example_task_group_decorator.py
[2022-11-29T06:55:59.621+0000] {logging_mixin.py:137} INFO - [2022-11-29T06:55:59.620+0000] {dag.py:2585} INFO - Sync 1 DAGs
[2022-11-29T06:55:59.664+0000] {logging_mixin.py:137} INFO - [2022-11-29T06:55:59.664+0000] {dag.py:3340} INFO - Setting next_dagrun for example_task_group_decorator to 2022-11-28T06:55:59.664050+00:00, run_after=2022-11-29T06:55:59.664050+00:00
[2022-11-29T06:55:59.694+0000] {processor.py:176} INFO - Processing /home/airflow/.local/lib/python3.7/site-packages/airflow/example_dags/example_task_group_decorator.py took 0.216 seconds
[2022-11-29T07:01:49.002+0000] {processor.py:154} INFO - Started process (PID=46) to work on /home/airflow/.local/lib/python3.7/site-packages/airflow/example_dags/example_task_group_decorator.py
[2022-11-29T07:01:49.005+0000] {processor.py:756} INFO - Processing file /home/airflow/.local/lib/python3.7/site-packages/airflow/example_dags/example_task_group_decorator.py for tasks to queue
[2022-11-29T07:01:49.007+0000] {logging_mixin.py:137} INFO - [2022-11-29T07:01:49.006+0000] {dagbag.py:537} INFO - Filling up the DagBag from /home/airflow/.local/lib/python3.7/site-packages/airflow/example_dags/example_task_group_decorator.py
[2022-11-29T07:01:49.054+0000] {processor.py:766} INFO - DAG(s) dict_keys(['example_task_group_decorator']) retrieved from /home/airflow/.local/lib/python3.7/site-packages/airflow/example_dags/example_task_group_decorator.py
[2022-11-29T07:01:49.094+0000] {logging_mixin.py:137} INFO - [2022-11-29T07:01:49.094+0000] {dag.py:2585} INFO - Sync 1 DAGs
[2022-11-29T07:01:49.166+0000] {logging_mixin.py:137} INFO - [2022-11-29T07:01:49.166+0000] {dag.py:3340} INFO - Setting next_dagrun for example_task_group_decorator to 2022-11-28T07:01:49.164761+00:00, run_after=2022-11-29T07:01:49.164761+00:00
[2022-11-29T07:01:49.223+0000] {processor.py:176} INFO - Processing /home/airflow/.local/lib/python3.7/site-packages/airflow/example_dags/example_task_group_decorator.py took 0.227 seconds
[2022-11-29T07:02:19.989+0000] {processor.py:154} INFO - Started process (PID=100) to work on /home/airflow/.local/lib/python3.7/site-packages/airflow/example_dags/example_task_group_decorator.py
[2022-11-29T07:02:19.991+0000] {processor.py:756} INFO - Processing file /home/airflow/.local/lib/python3.7/site-packages/airflow/example_dags/example_task_group_decorator.py for tasks to queue
[2022-11-29T07:02:19.992+0000] {logging_mixin.py:137} INFO - [2022-11-29T07:02:19.992+0000] {dagbag.py:537} INFO - Filling up the DagBag from /home/airflow/.local/lib/python3.7/site-packages/airflow/example_dags/example_task_group_decorator.py
[2022-11-29T07:02:20.040+0000] {processor.py:766} INFO - DAG(s) dict_keys(['example_task_group_decorator']) retrieved from /home/airflow/.local/lib/python3.7/site-packages/airflow/example_dags/example_task_group_decorator.py
[2022-11-29T07:02:20.109+0000] {logging_mixin.py:137} INFO - [2022-11-29T07:02:20.109+0000] {dag.py:2585} INFO - Sync 1 DAGs
[2022-11-29T07:02:20.171+0000] {logging_mixin.py:137} INFO - [2022-11-29T07:02:20.171+0000] {dag.py:3340} INFO - Setting next_dagrun for example_task_group_decorator to 2022-11-28T07:02:20.170993+00:00, run_after=2022-11-29T07:02:20.170993+00:00
[2022-11-29T07:02:20.216+0000] {processor.py:176} INFO - Processing /home/airflow/.local/lib/python3.7/site-packages/airflow/example_dags/example_task_group_decorator.py took 0.233 seconds
[2022-11-29T07:02:50.542+0000] {processor.py:154} INFO - Started process (PID=164) to work on /home/airflow/.local/lib/python3.7/site-packages/airflow/example_dags/example_task_group_decorator.py
[2022-11-29T07:02:50.544+0000] {processor.py:756} INFO - Processing file /home/airflow/.local/lib/python3.7/site-packages/airflow/example_dags/example_task_group_decorator.py for tasks to queue
[2022-11-29T07:02:50.546+0000] {logging_mixin.py:137} INFO - [2022-11-29T07:02:50.546+0000] {dagbag.py:537} INFO - Filling up the DagBag from /home/airflow/.local/lib/python3.7/site-packages/airflow/example_dags/example_task_group_decorator.py
[2022-11-29T07:02:50.597+0000] {processor.py:766} INFO - DAG(s) dict_keys(['example_task_group_decorator']) retrieved from /home/airflow/.local/lib/python3.7/site-packages/airflow/example_dags/example_task_group_decorator.py
[2022-11-29T07:02:50.702+0000] {logging_mixin.py:137} INFO - [2022-11-29T07:02:50.702+0000] {dag.py:2585} INFO - Sync 1 DAGs
[2022-11-29T07:02:50.766+0000] {logging_mixin.py:137} INFO - [2022-11-29T07:02:50.766+0000] {dag.py:3340} INFO - Setting next_dagrun for example_task_group_decorator to 2022-11-28T07:02:50.766252+00:00, run_after=2022-11-29T07:02:50.766252+00:00
[2022-11-29T07:02:50.800+0000] {processor.py:176} INFO - Processing /home/airflow/.local/lib/python3.7/site-packages/airflow/example_dags/example_task_group_decorator.py took 0.264 seconds
[2022-11-29T07:03:21.355+0000] {processor.py:154} INFO - Started process (PID=227) to work on /home/airflow/.local/lib/python3.7/site-packages/airflow/example_dags/example_task_group_decorator.py
[2022-11-29T07:03:21.356+0000] {processor.py:756} INFO - Processing file /home/airflow/.local/lib/python3.7/site-packages/airflow/example_dags/example_task_group_decorator.py for tasks to queue
[2022-11-29T07:03:21.358+0000] {logging_mixin.py:137} INFO - [2022-11-29T07:03:21.358+0000] {dagbag.py:537} INFO - Filling up the DagBag from /home/airflow/.local/lib/python3.7/site-packages/airflow/example_dags/example_task_group_decorator.py
[2022-11-29T07:03:21.399+0000] {processor.py:766} INFO - DAG(s) dict_keys(['example_task_group_decorator']) retrieved from /home/airflow/.local/lib/python3.7/site-packages/airflow/example_dags/example_task_group_decorator.py
[2022-11-29T07:03:21.465+0000] {logging_mixin.py:137} INFO - [2022-11-29T07:03:21.464+0000] {dag.py:2585} INFO - Sync 1 DAGs
[2022-11-29T07:03:21.502+0000] {logging_mixin.py:137} INFO - [2022-11-29T07:03:21.501+0000] {dag.py:3340} INFO - Setting next_dagrun for example_task_group_decorator to 2022-11-28T07:03:21.501545+00:00, run_after=2022-11-29T07:03:21.501545+00:00
[2022-11-29T07:03:21.530+0000] {processor.py:176} INFO - Processing /home/airflow/.local/lib/python3.7/site-packages/airflow/example_dags/example_task_group_decorator.py took 0.180 seconds
[2022-11-29T07:03:52.057+0000] {processor.py:154} INFO - Started process (PID=281) to work on /home/airflow/.local/lib/python3.7/site-packages/airflow/example_dags/example_task_group_decorator.py
[2022-11-29T07:03:52.059+0000] {processor.py:756} INFO - Processing file /home/airflow/.local/lib/python3.7/site-packages/airflow/example_dags/example_task_group_decorator.py for tasks to queue
[2022-11-29T07:03:52.060+0000] {logging_mixin.py:137} INFO - [2022-11-29T07:03:52.060+0000] {dagbag.py:537} INFO - Filling up the DagBag from /home/airflow/.local/lib/python3.7/site-packages/airflow/example_dags/example_task_group_decorator.py
[2022-11-29T07:03:52.100+0000] {processor.py:766} INFO - DAG(s) dict_keys(['example_task_group_decorator']) retrieved from /home/airflow/.local/lib/python3.7/site-packages/airflow/example_dags/example_task_group_decorator.py
[2022-11-29T07:03:52.163+0000] {logging_mixin.py:137} INFO - [2022-11-29T07:03:52.163+0000] {dag.py:2585} INFO - Sync 1 DAGs
[2022-11-29T07:03:52.201+0000] {logging_mixin.py:137} INFO - [2022-11-29T07:03:52.201+0000] {dag.py:3340} INFO - Setting next_dagrun for example_task_group_decorator to 2022-11-28T07:03:52.201291+00:00, run_after=2022-11-29T07:03:52.201291+00:00
[2022-11-29T07:03:52.231+0000] {processor.py:176} INFO - Processing /home/airflow/.local/lib/python3.7/site-packages/airflow/example_dags/example_task_group_decorator.py took 0.179 seconds
[2022-11-29T07:04:48.205+0000] {processor.py:154} INFO - Started process (PID=46) to work on /home/airflow/.local/lib/python3.7/site-packages/airflow/example_dags/example_task_group_decorator.py
[2022-11-29T07:04:48.207+0000] {processor.py:756} INFO - Processing file /home/airflow/.local/lib/python3.7/site-packages/airflow/example_dags/example_task_group_decorator.py for tasks to queue
[2022-11-29T07:04:48.215+0000] {logging_mixin.py:137} INFO - [2022-11-29T07:04:48.215+0000] {dagbag.py:537} INFO - Filling up the DagBag from /home/airflow/.local/lib/python3.7/site-packages/airflow/example_dags/example_task_group_decorator.py
[2022-11-29T07:04:48.286+0000] {processor.py:766} INFO - DAG(s) dict_keys(['example_task_group_decorator']) retrieved from /home/airflow/.local/lib/python3.7/site-packages/airflow/example_dags/example_task_group_decorator.py
[2022-11-29T07:04:48.340+0000] {logging_mixin.py:137} INFO - [2022-11-29T07:04:48.339+0000] {dag.py:2585} INFO - Sync 1 DAGs
[2022-11-29T07:04:48.395+0000] {logging_mixin.py:137} INFO - [2022-11-29T07:04:48.395+0000] {dag.py:3340} INFO - Setting next_dagrun for example_task_group_decorator to 2022-11-28T07:04:48.394840+00:00, run_after=2022-11-29T07:04:48.394840+00:00
[2022-11-29T07:04:48.424+0000] {processor.py:176} INFO - Processing /home/airflow/.local/lib/python3.7/site-packages/airflow/example_dags/example_task_group_decorator.py took 0.224 seconds
[2022-11-29T07:05:58.010+0000] {processor.py:154} INFO - Started process (PID=46) to work on /home/airflow/.local/lib/python3.7/site-packages/airflow/example_dags/example_task_group_decorator.py
[2022-11-29T07:05:58.012+0000] {processor.py:756} INFO - Processing file /home/airflow/.local/lib/python3.7/site-packages/airflow/example_dags/example_task_group_decorator.py for tasks to queue
[2022-11-29T07:05:58.019+0000] {logging_mixin.py:137} INFO - [2022-11-29T07:05:58.019+0000] {dagbag.py:537} INFO - Filling up the DagBag from /home/airflow/.local/lib/python3.7/site-packages/airflow/example_dags/example_task_group_decorator.py
[2022-11-29T07:05:58.121+0000] {processor.py:766} INFO - DAG(s) dict_keys(['example_task_group_decorator']) retrieved from /home/airflow/.local/lib/python3.7/site-packages/airflow/example_dags/example_task_group_decorator.py
[2022-11-29T07:05:58.176+0000] {logging_mixin.py:137} INFO - [2022-11-29T07:05:58.176+0000] {dag.py:2585} INFO - Sync 1 DAGs
[2022-11-29T07:05:58.245+0000] {logging_mixin.py:137} INFO - [2022-11-29T07:05:58.245+0000] {dag.py:3340} INFO - Setting next_dagrun for example_task_group_decorator to 2022-11-28T07:05:58.245164+00:00, run_after=2022-11-29T07:05:58.245164+00:00
[2022-11-29T07:05:58.301+0000] {processor.py:176} INFO - Processing /home/airflow/.local/lib/python3.7/site-packages/airflow/example_dags/example_task_group_decorator.py took 0.296 seconds
[2022-11-29T07:06:28.710+0000] {processor.py:154} INFO - Started process (PID=100) to work on /home/airflow/.local/lib/python3.7/site-packages/airflow/example_dags/example_task_group_decorator.py
[2022-11-29T07:06:28.712+0000] {processor.py:756} INFO - Processing file /home/airflow/.local/lib/python3.7/site-packages/airflow/example_dags/example_task_group_decorator.py for tasks to queue
[2022-11-29T07:06:28.713+0000] {logging_mixin.py:137} INFO - [2022-11-29T07:06:28.713+0000] {dagbag.py:537} INFO - Filling up the DagBag from /home/airflow/.local/lib/python3.7/site-packages/airflow/example_dags/example_task_group_decorator.py
[2022-11-29T07:06:28.758+0000] {processor.py:766} INFO - DAG(s) dict_keys(['example_task_group_decorator']) retrieved from /home/airflow/.local/lib/python3.7/site-packages/airflow/example_dags/example_task_group_decorator.py
[2022-11-29T07:06:28.849+0000] {logging_mixin.py:137} INFO - [2022-11-29T07:06:28.849+0000] {dag.py:2585} INFO - Sync 1 DAGs
[2022-11-29T07:06:28.898+0000] {logging_mixin.py:137} INFO - [2022-11-29T07:06:28.898+0000] {dag.py:3340} INFO - Setting next_dagrun for example_task_group_decorator to 2022-11-28T07:06:28.897875+00:00, run_after=2022-11-29T07:06:28.897875+00:00
[2022-11-29T07:06:28.928+0000] {processor.py:176} INFO - Processing /home/airflow/.local/lib/python3.7/site-packages/airflow/example_dags/example_task_group_decorator.py took 0.224 seconds
[2022-11-29T07:06:59.239+0000] {processor.py:154} INFO - Started process (PID=164) to work on /home/airflow/.local/lib/python3.7/site-packages/airflow/example_dags/example_task_group_decorator.py
[2022-11-29T07:06:59.241+0000] {processor.py:756} INFO - Processing file /home/airflow/.local/lib/python3.7/site-packages/airflow/example_dags/example_task_group_decorator.py for tasks to queue
[2022-11-29T07:06:59.242+0000] {logging_mixin.py:137} INFO - [2022-11-29T07:06:59.242+0000] {dagbag.py:537} INFO - Filling up the DagBag from /home/airflow/.local/lib/python3.7/site-packages/airflow/example_dags/example_task_group_decorator.py
[2022-11-29T07:06:59.282+0000] {processor.py:766} INFO - DAG(s) dict_keys(['example_task_group_decorator']) retrieved from /home/airflow/.local/lib/python3.7/site-packages/airflow/example_dags/example_task_group_decorator.py
[2022-11-29T07:06:59.344+0000] {logging_mixin.py:137} INFO - [2022-11-29T07:06:59.343+0000] {dag.py:2585} INFO - Sync 1 DAGs
[2022-11-29T07:06:59.379+0000] {logging_mixin.py:137} INFO - [2022-11-29T07:06:59.378+0000] {dag.py:3340} INFO - Setting next_dagrun for example_task_group_decorator to 2022-11-28T07:06:59.378647+00:00, run_after=2022-11-29T07:06:59.378647+00:00
[2022-11-29T07:06:59.404+0000] {processor.py:176} INFO - Processing /home/airflow/.local/lib/python3.7/site-packages/airflow/example_dags/example_task_group_decorator.py took 0.170 seconds
[2022-11-29T07:07:29.978+0000] {processor.py:154} INFO - Started process (PID=227) to work on /home/airflow/.local/lib/python3.7/site-packages/airflow/example_dags/example_task_group_decorator.py
[2022-11-29T07:07:29.981+0000] {processor.py:756} INFO - Processing file /home/airflow/.local/lib/python3.7/site-packages/airflow/example_dags/example_task_group_decorator.py for tasks to queue
[2022-11-29T07:07:29.983+0000] {logging_mixin.py:137} INFO - [2022-11-29T07:07:29.983+0000] {dagbag.py:537} INFO - Filling up the DagBag from /home/airflow/.local/lib/python3.7/site-packages/airflow/example_dags/example_task_group_decorator.py
[2022-11-29T07:07:30.030+0000] {processor.py:766} INFO - DAG(s) dict_keys(['example_task_group_decorator']) retrieved from /home/airflow/.local/lib/python3.7/site-packages/airflow/example_dags/example_task_group_decorator.py
[2022-11-29T07:07:30.101+0000] {logging_mixin.py:137} INFO - [2022-11-29T07:07:30.101+0000] {dag.py:2585} INFO - Sync 1 DAGs
[2022-11-29T07:07:30.146+0000] {logging_mixin.py:137} INFO - [2022-11-29T07:07:30.146+0000] {dag.py:3340} INFO - Setting next_dagrun for example_task_group_decorator to 2022-11-28T07:07:30.145918+00:00, run_after=2022-11-29T07:07:30.145918+00:00
[2022-11-29T07:07:30.178+0000] {processor.py:176} INFO - Processing /home/airflow/.local/lib/python3.7/site-packages/airflow/example_dags/example_task_group_decorator.py took 0.206 seconds
[2022-11-29T07:08:00.766+0000] {processor.py:154} INFO - Started process (PID=283) to work on /home/airflow/.local/lib/python3.7/site-packages/airflow/example_dags/example_task_group_decorator.py
[2022-11-29T07:08:00.768+0000] {processor.py:756} INFO - Processing file /home/airflow/.local/lib/python3.7/site-packages/airflow/example_dags/example_task_group_decorator.py for tasks to queue
[2022-11-29T07:08:00.770+0000] {logging_mixin.py:137} INFO - [2022-11-29T07:08:00.769+0000] {dagbag.py:537} INFO - Filling up the DagBag from /home/airflow/.local/lib/python3.7/site-packages/airflow/example_dags/example_task_group_decorator.py
[2022-11-29T07:08:00.810+0000] {processor.py:766} INFO - DAG(s) dict_keys(['example_task_group_decorator']) retrieved from /home/airflow/.local/lib/python3.7/site-packages/airflow/example_dags/example_task_group_decorator.py
[2022-11-29T07:08:00.869+0000] {logging_mixin.py:137} INFO - [2022-11-29T07:08:00.869+0000] {dag.py:2585} INFO - Sync 1 DAGs
[2022-11-29T07:08:00.908+0000] {logging_mixin.py:137} INFO - [2022-11-29T07:08:00.908+0000] {dag.py:3340} INFO - Setting next_dagrun for example_task_group_decorator to 2022-11-28T07:08:00.907626+00:00, run_after=2022-11-29T07:08:00.907626+00:00
[2022-11-29T07:08:00.933+0000] {processor.py:176} INFO - Processing /home/airflow/.local/lib/python3.7/site-packages/airflow/example_dags/example_task_group_decorator.py took 0.172 seconds
[2022-11-29T07:08:31.826+0000] {processor.py:154} INFO - Started process (PID=346) to work on /home/airflow/.local/lib/python3.7/site-packages/airflow/example_dags/example_task_group_decorator.py
[2022-11-29T07:08:31.828+0000] {processor.py:756} INFO - Processing file /home/airflow/.local/lib/python3.7/site-packages/airflow/example_dags/example_task_group_decorator.py for tasks to queue
[2022-11-29T07:08:31.830+0000] {logging_mixin.py:137} INFO - [2022-11-29T07:08:31.829+0000] {dagbag.py:537} INFO - Filling up the DagBag from /home/airflow/.local/lib/python3.7/site-packages/airflow/example_dags/example_task_group_decorator.py
[2022-11-29T07:08:31.872+0000] {processor.py:766} INFO - DAG(s) dict_keys(['example_task_group_decorator']) retrieved from /home/airflow/.local/lib/python3.7/site-packages/airflow/example_dags/example_task_group_decorator.py
[2022-11-29T07:08:31.930+0000] {logging_mixin.py:137} INFO - [2022-11-29T07:08:31.930+0000] {dag.py:2585} INFO - Sync 1 DAGs
[2022-11-29T07:08:31.968+0000] {logging_mixin.py:137} INFO - [2022-11-29T07:08:31.968+0000] {dag.py:3340} INFO - Setting next_dagrun for example_task_group_decorator to 2022-11-28T07:08:31.967744+00:00, run_after=2022-11-29T07:08:31.967744+00:00
[2022-11-29T07:08:31.998+0000] {processor.py:176} INFO - Processing /home/airflow/.local/lib/python3.7/site-packages/airflow/example_dags/example_task_group_decorator.py took 0.177 seconds
[2022-11-29T07:09:02.835+0000] {processor.py:154} INFO - Started process (PID=409) to work on /home/airflow/.local/lib/python3.7/site-packages/airflow/example_dags/example_task_group_decorator.py
[2022-11-29T07:09:02.837+0000] {processor.py:756} INFO - Processing file /home/airflow/.local/lib/python3.7/site-packages/airflow/example_dags/example_task_group_decorator.py for tasks to queue
[2022-11-29T07:09:02.839+0000] {logging_mixin.py:137} INFO - [2022-11-29T07:09:02.839+0000] {dagbag.py:537} INFO - Filling up the DagBag from /home/airflow/.local/lib/python3.7/site-packages/airflow/example_dags/example_task_group_decorator.py
[2022-11-29T07:09:02.883+0000] {processor.py:766} INFO - DAG(s) dict_keys(['example_task_group_decorator']) retrieved from /home/airflow/.local/lib/python3.7/site-packages/airflow/example_dags/example_task_group_decorator.py
[2022-11-29T07:09:02.948+0000] {logging_mixin.py:137} INFO - [2022-11-29T07:09:02.947+0000] {dag.py:2585} INFO - Sync 1 DAGs
[2022-11-29T07:09:02.994+0000] {logging_mixin.py:137} INFO - [2022-11-29T07:09:02.994+0000] {dag.py:3340} INFO - Setting next_dagrun for example_task_group_decorator to 2022-11-28T07:09:02.994264+00:00, run_after=2022-11-29T07:09:02.994264+00:00
[2022-11-29T07:09:03.020+0000] {processor.py:176} INFO - Processing /home/airflow/.local/lib/python3.7/site-packages/airflow/example_dags/example_task_group_decorator.py took 0.190 seconds
[2022-11-29T07:09:33.223+0000] {processor.py:154} INFO - Started process (PID=463) to work on /home/airflow/.local/lib/python3.7/site-packages/airflow/example_dags/example_task_group_decorator.py
[2022-11-29T07:09:33.225+0000] {processor.py:756} INFO - Processing file /home/airflow/.local/lib/python3.7/site-packages/airflow/example_dags/example_task_group_decorator.py for tasks to queue
[2022-11-29T07:09:33.227+0000] {logging_mixin.py:137} INFO - [2022-11-29T07:09:33.226+0000] {dagbag.py:537} INFO - Filling up the DagBag from /home/airflow/.local/lib/python3.7/site-packages/airflow/example_dags/example_task_group_decorator.py
[2022-11-29T07:09:33.272+0000] {processor.py:766} INFO - DAG(s) dict_keys(['example_task_group_decorator']) retrieved from /home/airflow/.local/lib/python3.7/site-packages/airflow/example_dags/example_task_group_decorator.py
[2022-11-29T07:09:33.339+0000] {logging_mixin.py:137} INFO - [2022-11-29T07:09:33.339+0000] {dag.py:2585} INFO - Sync 1 DAGs
[2022-11-29T07:09:33.378+0000] {logging_mixin.py:137} INFO - [2022-11-29T07:09:33.378+0000] {dag.py:3340} INFO - Setting next_dagrun for example_task_group_decorator to 2022-11-28T07:09:33.378215+00:00, run_after=2022-11-29T07:09:33.378215+00:00
[2022-11-29T07:09:33.426+0000] {processor.py:176} INFO - Processing /home/airflow/.local/lib/python3.7/site-packages/airflow/example_dags/example_task_group_decorator.py took 0.208 seconds
[2022-11-29T07:10:04.002+0000] {processor.py:154} INFO - Started process (PID=526) to work on /home/airflow/.local/lib/python3.7/site-packages/airflow/example_dags/example_task_group_decorator.py
[2022-11-29T07:10:04.004+0000] {processor.py:756} INFO - Processing file /home/airflow/.local/lib/python3.7/site-packages/airflow/example_dags/example_task_group_decorator.py for tasks to queue
[2022-11-29T07:10:04.007+0000] {logging_mixin.py:137} INFO - [2022-11-29T07:10:04.006+0000] {dagbag.py:537} INFO - Filling up the DagBag from /home/airflow/.local/lib/python3.7/site-packages/airflow/example_dags/example_task_group_decorator.py
[2022-11-29T07:10:04.048+0000] {processor.py:766} INFO - DAG(s) dict_keys(['example_task_group_decorator']) retrieved from /home/airflow/.local/lib/python3.7/site-packages/airflow/example_dags/example_task_group_decorator.py
[2022-11-29T07:10:04.110+0000] {logging_mixin.py:137} INFO - [2022-11-29T07:10:04.110+0000] {dag.py:2585} INFO - Sync 1 DAGs
[2022-11-29T07:10:04.149+0000] {logging_mixin.py:137} INFO - [2022-11-29T07:10:04.149+0000] {dag.py:3340} INFO - Setting next_dagrun for example_task_group_decorator to 2022-11-28T07:10:04.148795+00:00, run_after=2022-11-29T07:10:04.148795+00:00
[2022-11-29T07:10:04.182+0000] {processor.py:176} INFO - Processing /home/airflow/.local/lib/python3.7/site-packages/airflow/example_dags/example_task_group_decorator.py took 0.186 seconds
[2022-11-29T07:10:34.621+0000] {processor.py:154} INFO - Started process (PID=587) to work on /home/airflow/.local/lib/python3.7/site-packages/airflow/example_dags/example_task_group_decorator.py
[2022-11-29T07:10:34.623+0000] {processor.py:756} INFO - Processing file /home/airflow/.local/lib/python3.7/site-packages/airflow/example_dags/example_task_group_decorator.py for tasks to queue
[2022-11-29T07:10:34.625+0000] {logging_mixin.py:137} INFO - [2022-11-29T07:10:34.625+0000] {dagbag.py:537} INFO - Filling up the DagBag from /home/airflow/.local/lib/python3.7/site-packages/airflow/example_dags/example_task_group_decorator.py
[2022-11-29T07:10:34.674+0000] {processor.py:766} INFO - DAG(s) dict_keys(['example_task_group_decorator']) retrieved from /home/airflow/.local/lib/python3.7/site-packages/airflow/example_dags/example_task_group_decorator.py
[2022-11-29T07:10:34.740+0000] {logging_mixin.py:137} INFO - [2022-11-29T07:10:34.740+0000] {dag.py:2585} INFO - Sync 1 DAGs
[2022-11-29T07:10:34.787+0000] {logging_mixin.py:137} INFO - [2022-11-29T07:10:34.787+0000] {dag.py:3340} INFO - Setting next_dagrun for example_task_group_decorator to 2022-11-28T07:10:34.786993+00:00, run_after=2022-11-29T07:10:34.786993+00:00
[2022-11-29T07:10:34.817+0000] {processor.py:176} INFO - Processing /home/airflow/.local/lib/python3.7/site-packages/airflow/example_dags/example_task_group_decorator.py took 0.203 seconds
[2022-11-29T07:11:05.092+0000] {processor.py:154} INFO - Started process (PID=643) to work on /home/airflow/.local/lib/python3.7/site-packages/airflow/example_dags/example_task_group_decorator.py
[2022-11-29T07:11:05.094+0000] {processor.py:756} INFO - Processing file /home/airflow/.local/lib/python3.7/site-packages/airflow/example_dags/example_task_group_decorator.py for tasks to queue
[2022-11-29T07:11:05.095+0000] {logging_mixin.py:137} INFO - [2022-11-29T07:11:05.095+0000] {dagbag.py:537} INFO - Filling up the DagBag from /home/airflow/.local/lib/python3.7/site-packages/airflow/example_dags/example_task_group_decorator.py
[2022-11-29T07:11:05.135+0000] {processor.py:766} INFO - DAG(s) dict_keys(['example_task_group_decorator']) retrieved from /home/airflow/.local/lib/python3.7/site-packages/airflow/example_dags/example_task_group_decorator.py
[2022-11-29T07:11:05.192+0000] {logging_mixin.py:137} INFO - [2022-11-29T07:11:05.192+0000] {dag.py:2585} INFO - Sync 1 DAGs
[2022-11-29T07:11:05.236+0000] {logging_mixin.py:137} INFO - [2022-11-29T07:11:05.236+0000] {dag.py:3340} INFO - Setting next_dagrun for example_task_group_decorator to 2022-11-28T07:11:05.236136+00:00, run_after=2022-11-29T07:11:05.236136+00:00
[2022-11-29T07:11:05.282+0000] {processor.py:176} INFO - Processing /home/airflow/.local/lib/python3.7/site-packages/airflow/example_dags/example_task_group_decorator.py took 0.196 seconds
[2022-11-29T07:11:35.928+0000] {processor.py:154} INFO - Started process (PID=705) to work on /home/airflow/.local/lib/python3.7/site-packages/airflow/example_dags/example_task_group_decorator.py
[2022-11-29T07:11:35.930+0000] {processor.py:756} INFO - Processing file /home/airflow/.local/lib/python3.7/site-packages/airflow/example_dags/example_task_group_decorator.py for tasks to queue
[2022-11-29T07:11:35.932+0000] {logging_mixin.py:137} INFO - [2022-11-29T07:11:35.932+0000] {dagbag.py:537} INFO - Filling up the DagBag from /home/airflow/.local/lib/python3.7/site-packages/airflow/example_dags/example_task_group_decorator.py
[2022-11-29T07:11:35.970+0000] {processor.py:766} INFO - DAG(s) dict_keys(['example_task_group_decorator']) retrieved from /home/airflow/.local/lib/python3.7/site-packages/airflow/example_dags/example_task_group_decorator.py
[2022-11-29T07:11:36.027+0000] {logging_mixin.py:137} INFO - [2022-11-29T07:11:36.027+0000] {dag.py:2585} INFO - Sync 1 DAGs
[2022-11-29T07:11:36.063+0000] {logging_mixin.py:137} INFO - [2022-11-29T07:11:36.062+0000] {dag.py:3340} INFO - Setting next_dagrun for example_task_group_decorator to 2022-11-28T07:11:36.062448+00:00, run_after=2022-11-29T07:11:36.062448+00:00
[2022-11-29T07:11:36.090+0000] {processor.py:176} INFO - Processing /home/airflow/.local/lib/python3.7/site-packages/airflow/example_dags/example_task_group_decorator.py took 0.167 seconds
[2022-11-29T07:12:06.746+0000] {processor.py:154} INFO - Started process (PID=759) to work on /home/airflow/.local/lib/python3.7/site-packages/airflow/example_dags/example_task_group_decorator.py
[2022-11-29T07:12:06.747+0000] {processor.py:756} INFO - Processing file /home/airflow/.local/lib/python3.7/site-packages/airflow/example_dags/example_task_group_decorator.py for tasks to queue
[2022-11-29T07:12:06.749+0000] {logging_mixin.py:137} INFO - [2022-11-29T07:12:06.749+0000] {dagbag.py:537} INFO - Filling up the DagBag from /home/airflow/.local/lib/python3.7/site-packages/airflow/example_dags/example_task_group_decorator.py
[2022-11-29T07:12:06.788+0000] {processor.py:766} INFO - DAG(s) dict_keys(['example_task_group_decorator']) retrieved from /home/airflow/.local/lib/python3.7/site-packages/airflow/example_dags/example_task_group_decorator.py
[2022-11-29T07:12:06.847+0000] {logging_mixin.py:137} INFO - [2022-11-29T07:12:06.847+0000] {dag.py:2585} INFO - Sync 1 DAGs
[2022-11-29T07:12:06.886+0000] {logging_mixin.py:137} INFO - [2022-11-29T07:12:06.886+0000] {dag.py:3340} INFO - Setting next_dagrun for example_task_group_decorator to 2022-11-28T07:12:06.886301+00:00, run_after=2022-11-29T07:12:06.886301+00:00
[2022-11-29T07:12:06.917+0000] {processor.py:176} INFO - Processing /home/airflow/.local/lib/python3.7/site-packages/airflow/example_dags/example_task_group_decorator.py took 0.176 seconds
[2022-11-29T07:12:37.228+0000] {processor.py:154} INFO - Started process (PID=823) to work on /home/airflow/.local/lib/python3.7/site-packages/airflow/example_dags/example_task_group_decorator.py
[2022-11-29T07:12:37.229+0000] {processor.py:756} INFO - Processing file /home/airflow/.local/lib/python3.7/site-packages/airflow/example_dags/example_task_group_decorator.py for tasks to queue
[2022-11-29T07:12:37.231+0000] {logging_mixin.py:137} INFO - [2022-11-29T07:12:37.231+0000] {dagbag.py:537} INFO - Filling up the DagBag from /home/airflow/.local/lib/python3.7/site-packages/airflow/example_dags/example_task_group_decorator.py
[2022-11-29T07:12:37.274+0000] {processor.py:766} INFO - DAG(s) dict_keys(['example_task_group_decorator']) retrieved from /home/airflow/.local/lib/python3.7/site-packages/airflow/example_dags/example_task_group_decorator.py
[2022-11-29T07:12:37.331+0000] {logging_mixin.py:137} INFO - [2022-11-29T07:12:37.331+0000] {dag.py:2585} INFO - Sync 1 DAGs
[2022-11-29T07:12:37.368+0000] {logging_mixin.py:137} INFO - [2022-11-29T07:12:37.368+0000] {dag.py:3340} INFO - Setting next_dagrun for example_task_group_decorator to 2022-11-28T07:12:37.368214+00:00, run_after=2022-11-29T07:12:37.368214+00:00
[2022-11-29T07:12:37.397+0000] {processor.py:176} INFO - Processing /home/airflow/.local/lib/python3.7/site-packages/airflow/example_dags/example_task_group_decorator.py took 0.174 seconds
[2022-11-29T07:13:07.649+0000] {processor.py:154} INFO - Started process (PID=885) to work on /home/airflow/.local/lib/python3.7/site-packages/airflow/example_dags/example_task_group_decorator.py
[2022-11-29T07:13:07.652+0000] {processor.py:756} INFO - Processing file /home/airflow/.local/lib/python3.7/site-packages/airflow/example_dags/example_task_group_decorator.py for tasks to queue
[2022-11-29T07:13:07.653+0000] {logging_mixin.py:137} INFO - [2022-11-29T07:13:07.653+0000] {dagbag.py:537} INFO - Filling up the DagBag from /home/airflow/.local/lib/python3.7/site-packages/airflow/example_dags/example_task_group_decorator.py
[2022-11-29T07:13:07.704+0000] {processor.py:766} INFO - DAG(s) dict_keys(['example_task_group_decorator']) retrieved from /home/airflow/.local/lib/python3.7/site-packages/airflow/example_dags/example_task_group_decorator.py
[2022-11-29T07:13:07.771+0000] {logging_mixin.py:137} INFO - [2022-11-29T07:13:07.771+0000] {dag.py:2585} INFO - Sync 1 DAGs
[2022-11-29T07:13:07.818+0000] {logging_mixin.py:137} INFO - [2022-11-29T07:13:07.818+0000] {dag.py:3340} INFO - Setting next_dagrun for example_task_group_decorator to 2022-11-28T07:13:07.818355+00:00, run_after=2022-11-29T07:13:07.818355+00:00
[2022-11-29T07:13:07.845+0000] {processor.py:176} INFO - Processing /home/airflow/.local/lib/python3.7/site-packages/airflow/example_dags/example_task_group_decorator.py took 0.201 seconds
[2022-11-29T07:13:38.589+0000] {processor.py:154} INFO - Started process (PID=939) to work on /home/airflow/.local/lib/python3.7/site-packages/airflow/example_dags/example_task_group_decorator.py
[2022-11-29T07:13:38.591+0000] {processor.py:756} INFO - Processing file /home/airflow/.local/lib/python3.7/site-packages/airflow/example_dags/example_task_group_decorator.py for tasks to queue
[2022-11-29T07:13:38.593+0000] {logging_mixin.py:137} INFO - [2022-11-29T07:13:38.592+0000] {dagbag.py:537} INFO - Filling up the DagBag from /home/airflow/.local/lib/python3.7/site-packages/airflow/example_dags/example_task_group_decorator.py
[2022-11-29T07:13:38.636+0000] {processor.py:766} INFO - DAG(s) dict_keys(['example_task_group_decorator']) retrieved from /home/airflow/.local/lib/python3.7/site-packages/airflow/example_dags/example_task_group_decorator.py
[2022-11-29T07:13:38.698+0000] {logging_mixin.py:137} INFO - [2022-11-29T07:13:38.698+0000] {dag.py:2585} INFO - Sync 1 DAGs
[2022-11-29T07:13:38.736+0000] {logging_mixin.py:137} INFO - [2022-11-29T07:13:38.736+0000] {dag.py:3340} INFO - Setting next_dagrun for example_task_group_decorator to 2022-11-28T07:13:38.735574+00:00, run_after=2022-11-29T07:13:38.735574+00:00
[2022-11-29T07:13:38.768+0000] {processor.py:176} INFO - Processing /home/airflow/.local/lib/python3.7/site-packages/airflow/example_dags/example_task_group_decorator.py took 0.184 seconds
[2022-11-29T07:14:08.823+0000] {processor.py:154} INFO - Started process (PID=1002) to work on /home/airflow/.local/lib/python3.7/site-packages/airflow/example_dags/example_task_group_decorator.py
[2022-11-29T07:14:08.824+0000] {processor.py:756} INFO - Processing file /home/airflow/.local/lib/python3.7/site-packages/airflow/example_dags/example_task_group_decorator.py for tasks to queue
[2022-11-29T07:14:08.826+0000] {logging_mixin.py:137} INFO - [2022-11-29T07:14:08.825+0000] {dagbag.py:537} INFO - Filling up the DagBag from /home/airflow/.local/lib/python3.7/site-packages/airflow/example_dags/example_task_group_decorator.py
[2022-11-29T07:14:08.865+0000] {processor.py:766} INFO - DAG(s) dict_keys(['example_task_group_decorator']) retrieved from /home/airflow/.local/lib/python3.7/site-packages/airflow/example_dags/example_task_group_decorator.py
[2022-11-29T07:14:08.925+0000] {logging_mixin.py:137} INFO - [2022-11-29T07:14:08.924+0000] {dag.py:2585} INFO - Sync 1 DAGs
[2022-11-29T07:14:08.966+0000] {logging_mixin.py:137} INFO - [2022-11-29T07:14:08.966+0000] {dag.py:3340} INFO - Setting next_dagrun for example_task_group_decorator to 2022-11-28T07:14:08.965916+00:00, run_after=2022-11-29T07:14:08.965916+00:00
[2022-11-29T07:14:08.995+0000] {processor.py:176} INFO - Processing /home/airflow/.local/lib/python3.7/site-packages/airflow/example_dags/example_task_group_decorator.py took 0.177 seconds
[2022-11-29T07:14:39.485+0000] {processor.py:154} INFO - Started process (PID=1065) to work on /home/airflow/.local/lib/python3.7/site-packages/airflow/example_dags/example_task_group_decorator.py
[2022-11-29T07:14:39.487+0000] {processor.py:756} INFO - Processing file /home/airflow/.local/lib/python3.7/site-packages/airflow/example_dags/example_task_group_decorator.py for tasks to queue
[2022-11-29T07:14:39.488+0000] {logging_mixin.py:137} INFO - [2022-11-29T07:14:39.488+0000] {dagbag.py:537} INFO - Filling up the DagBag from /home/airflow/.local/lib/python3.7/site-packages/airflow/example_dags/example_task_group_decorator.py
[2022-11-29T07:14:39.525+0000] {processor.py:766} INFO - DAG(s) dict_keys(['example_task_group_decorator']) retrieved from /home/airflow/.local/lib/python3.7/site-packages/airflow/example_dags/example_task_group_decorator.py
[2022-11-29T07:14:39.580+0000] {logging_mixin.py:137} INFO - [2022-11-29T07:14:39.580+0000] {dag.py:2585} INFO - Sync 1 DAGs
[2022-11-29T07:14:39.611+0000] {logging_mixin.py:137} INFO - [2022-11-29T07:14:39.611+0000] {dag.py:3340} INFO - Setting next_dagrun for example_task_group_decorator to 2022-11-28T07:14:39.610755+00:00, run_after=2022-11-29T07:14:39.610755+00:00
[2022-11-29T07:14:39.634+0000] {processor.py:176} INFO - Processing /home/airflow/.local/lib/python3.7/site-packages/airflow/example_dags/example_task_group_decorator.py took 0.154 seconds
[2022-11-29T07:15:09.776+0000] {processor.py:154} INFO - Started process (PID=1119) to work on /home/airflow/.local/lib/python3.7/site-packages/airflow/example_dags/example_task_group_decorator.py
[2022-11-29T07:15:09.778+0000] {processor.py:756} INFO - Processing file /home/airflow/.local/lib/python3.7/site-packages/airflow/example_dags/example_task_group_decorator.py for tasks to queue
[2022-11-29T07:15:09.779+0000] {logging_mixin.py:137} INFO - [2022-11-29T07:15:09.779+0000] {dagbag.py:537} INFO - Filling up the DagBag from /home/airflow/.local/lib/python3.7/site-packages/airflow/example_dags/example_task_group_decorator.py
[2022-11-29T07:15:09.829+0000] {processor.py:766} INFO - DAG(s) dict_keys(['example_task_group_decorator']) retrieved from /home/airflow/.local/lib/python3.7/site-packages/airflow/example_dags/example_task_group_decorator.py
[2022-11-29T07:15:09.890+0000] {logging_mixin.py:137} INFO - [2022-11-29T07:15:09.890+0000] {dag.py:2585} INFO - Sync 1 DAGs
[2022-11-29T07:15:09.934+0000] {logging_mixin.py:137} INFO - [2022-11-29T07:15:09.934+0000] {dag.py:3340} INFO - Setting next_dagrun for example_task_group_decorator to 2022-11-28T07:15:09.933294+00:00, run_after=2022-11-29T07:15:09.933294+00:00
[2022-11-29T07:15:09.963+0000] {processor.py:176} INFO - Processing /home/airflow/.local/lib/python3.7/site-packages/airflow/example_dags/example_task_group_decorator.py took 0.193 seconds
[2022-11-29T07:15:40.690+0000] {processor.py:154} INFO - Started process (PID=1182) to work on /home/airflow/.local/lib/python3.7/site-packages/airflow/example_dags/example_task_group_decorator.py
[2022-11-29T07:15:40.692+0000] {processor.py:756} INFO - Processing file /home/airflow/.local/lib/python3.7/site-packages/airflow/example_dags/example_task_group_decorator.py for tasks to queue
[2022-11-29T07:15:40.694+0000] {logging_mixin.py:137} INFO - [2022-11-29T07:15:40.694+0000] {dagbag.py:537} INFO - Filling up the DagBag from /home/airflow/.local/lib/python3.7/site-packages/airflow/example_dags/example_task_group_decorator.py
[2022-11-29T07:15:40.737+0000] {processor.py:766} INFO - DAG(s) dict_keys(['example_task_group_decorator']) retrieved from /home/airflow/.local/lib/python3.7/site-packages/airflow/example_dags/example_task_group_decorator.py
[2022-11-29T07:15:40.814+0000] {logging_mixin.py:137} INFO - [2022-11-29T07:15:40.814+0000] {dag.py:2585} INFO - Sync 1 DAGs
[2022-11-29T07:15:40.858+0000] {logging_mixin.py:137} INFO - [2022-11-29T07:15:40.858+0000] {dag.py:3340} INFO - Setting next_dagrun for example_task_group_decorator to 2022-11-28T07:15:40.858129+00:00, run_after=2022-11-29T07:15:40.858129+00:00
[2022-11-29T07:15:40.896+0000] {processor.py:176} INFO - Processing /home/airflow/.local/lib/python3.7/site-packages/airflow/example_dags/example_task_group_decorator.py took 0.211 seconds
[2022-11-29T07:16:11.647+0000] {processor.py:154} INFO - Started process (PID=1246) to work on /home/airflow/.local/lib/python3.7/site-packages/airflow/example_dags/example_task_group_decorator.py
[2022-11-29T07:16:11.649+0000] {processor.py:756} INFO - Processing file /home/airflow/.local/lib/python3.7/site-packages/airflow/example_dags/example_task_group_decorator.py for tasks to queue
[2022-11-29T07:16:11.650+0000] {logging_mixin.py:137} INFO - [2022-11-29T07:16:11.650+0000] {dagbag.py:537} INFO - Filling up the DagBag from /home/airflow/.local/lib/python3.7/site-packages/airflow/example_dags/example_task_group_decorator.py
[2022-11-29T07:16:11.694+0000] {processor.py:766} INFO - DAG(s) dict_keys(['example_task_group_decorator']) retrieved from /home/airflow/.local/lib/python3.7/site-packages/airflow/example_dags/example_task_group_decorator.py
[2022-11-29T07:16:11.783+0000] {logging_mixin.py:137} INFO - [2022-11-29T07:16:11.783+0000] {dag.py:2585} INFO - Sync 1 DAGs
[2022-11-29T07:16:11.829+0000] {logging_mixin.py:137} INFO - [2022-11-29T07:16:11.828+0000] {dag.py:3340} INFO - Setting next_dagrun for example_task_group_decorator to 2022-11-28T07:16:11.828314+00:00, run_after=2022-11-29T07:16:11.828314+00:00
[2022-11-29T07:16:11.872+0000] {processor.py:176} INFO - Processing /home/airflow/.local/lib/python3.7/site-packages/airflow/example_dags/example_task_group_decorator.py took 0.230 seconds
[2022-11-29T07:16:42.403+0000] {processor.py:154} INFO - Started process (PID=1300) to work on /home/airflow/.local/lib/python3.7/site-packages/airflow/example_dags/example_task_group_decorator.py
[2022-11-29T07:16:42.405+0000] {processor.py:756} INFO - Processing file /home/airflow/.local/lib/python3.7/site-packages/airflow/example_dags/example_task_group_decorator.py for tasks to queue
[2022-11-29T07:16:42.407+0000] {logging_mixin.py:137} INFO - [2022-11-29T07:16:42.407+0000] {dagbag.py:537} INFO - Filling up the DagBag from /home/airflow/.local/lib/python3.7/site-packages/airflow/example_dags/example_task_group_decorator.py
[2022-11-29T07:16:42.448+0000] {processor.py:766} INFO - DAG(s) dict_keys(['example_task_group_decorator']) retrieved from /home/airflow/.local/lib/python3.7/site-packages/airflow/example_dags/example_task_group_decorator.py
[2022-11-29T07:16:42.509+0000] {logging_mixin.py:137} INFO - [2022-11-29T07:16:42.509+0000] {dag.py:2585} INFO - Sync 1 DAGs
[2022-11-29T07:16:42.548+0000] {logging_mixin.py:137} INFO - [2022-11-29T07:16:42.548+0000] {dag.py:3340} INFO - Setting next_dagrun for example_task_group_decorator to 2022-11-28T07:16:42.547932+00:00, run_after=2022-11-29T07:16:42.547932+00:00
[2022-11-29T07:16:42.580+0000] {processor.py:176} INFO - Processing /home/airflow/.local/lib/python3.7/site-packages/airflow/example_dags/example_task_group_decorator.py took 0.182 seconds
[2022-11-29T07:17:13.264+0000] {processor.py:154} INFO - Started process (PID=1364) to work on /home/airflow/.local/lib/python3.7/site-packages/airflow/example_dags/example_task_group_decorator.py
[2022-11-29T07:17:13.266+0000] {processor.py:756} INFO - Processing file /home/airflow/.local/lib/python3.7/site-packages/airflow/example_dags/example_task_group_decorator.py for tasks to queue
[2022-11-29T07:17:13.267+0000] {logging_mixin.py:137} INFO - [2022-11-29T07:17:13.267+0000] {dagbag.py:537} INFO - Filling up the DagBag from /home/airflow/.local/lib/python3.7/site-packages/airflow/example_dags/example_task_group_decorator.py
[2022-11-29T07:17:13.308+0000] {processor.py:766} INFO - DAG(s) dict_keys(['example_task_group_decorator']) retrieved from /home/airflow/.local/lib/python3.7/site-packages/airflow/example_dags/example_task_group_decorator.py
[2022-11-29T07:17:13.370+0000] {logging_mixin.py:137} INFO - [2022-11-29T07:17:13.370+0000] {dag.py:2585} INFO - Sync 1 DAGs
[2022-11-29T07:17:13.409+0000] {logging_mixin.py:137} INFO - [2022-11-29T07:17:13.409+0000] {dag.py:3340} INFO - Setting next_dagrun for example_task_group_decorator to 2022-11-28T07:17:13.409203+00:00, run_after=2022-11-29T07:17:13.409203+00:00
[2022-11-29T07:17:13.450+0000] {processor.py:176} INFO - Processing /home/airflow/.local/lib/python3.7/site-packages/airflow/example_dags/example_task_group_decorator.py took 0.191 seconds
[2022-11-29T07:17:44.232+0000] {processor.py:154} INFO - Started process (PID=1427) to work on /home/airflow/.local/lib/python3.7/site-packages/airflow/example_dags/example_task_group_decorator.py
[2022-11-29T07:17:44.233+0000] {processor.py:756} INFO - Processing file /home/airflow/.local/lib/python3.7/site-packages/airflow/example_dags/example_task_group_decorator.py for tasks to queue
[2022-11-29T07:17:44.235+0000] {logging_mixin.py:137} INFO - [2022-11-29T07:17:44.235+0000] {dagbag.py:537} INFO - Filling up the DagBag from /home/airflow/.local/lib/python3.7/site-packages/airflow/example_dags/example_task_group_decorator.py
[2022-11-29T07:17:44.285+0000] {processor.py:766} INFO - DAG(s) dict_keys(['example_task_group_decorator']) retrieved from /home/airflow/.local/lib/python3.7/site-packages/airflow/example_dags/example_task_group_decorator.py
[2022-11-29T07:17:44.343+0000] {logging_mixin.py:137} INFO - [2022-11-29T07:17:44.343+0000] {dag.py:2585} INFO - Sync 1 DAGs
[2022-11-29T07:17:44.381+0000] {logging_mixin.py:137} INFO - [2022-11-29T07:17:44.380+0000] {dag.py:3340} INFO - Setting next_dagrun for example_task_group_decorator to 2022-11-28T07:17:44.380585+00:00, run_after=2022-11-29T07:17:44.380585+00:00
[2022-11-29T07:17:44.410+0000] {processor.py:176} INFO - Processing /home/airflow/.local/lib/python3.7/site-packages/airflow/example_dags/example_task_group_decorator.py took 0.184 seconds
[2022-11-29T07:18:15.260+0000] {processor.py:154} INFO - Started process (PID=1481) to work on /home/airflow/.local/lib/python3.7/site-packages/airflow/example_dags/example_task_group_decorator.py
[2022-11-29T07:18:15.262+0000] {processor.py:756} INFO - Processing file /home/airflow/.local/lib/python3.7/site-packages/airflow/example_dags/example_task_group_decorator.py for tasks to queue
[2022-11-29T07:18:15.265+0000] {logging_mixin.py:137} INFO - [2022-11-29T07:18:15.264+0000] {dagbag.py:537} INFO - Filling up the DagBag from /home/airflow/.local/lib/python3.7/site-packages/airflow/example_dags/example_task_group_decorator.py
[2022-11-29T07:18:15.326+0000] {processor.py:766} INFO - DAG(s) dict_keys(['example_task_group_decorator']) retrieved from /home/airflow/.local/lib/python3.7/site-packages/airflow/example_dags/example_task_group_decorator.py
[2022-11-29T07:18:15.400+0000] {logging_mixin.py:137} INFO - [2022-11-29T07:18:15.400+0000] {dag.py:2585} INFO - Sync 1 DAGs
[2022-11-29T07:18:15.443+0000] {logging_mixin.py:137} INFO - [2022-11-29T07:18:15.443+0000] {dag.py:3340} INFO - Setting next_dagrun for example_task_group_decorator to 2022-11-28T07:18:15.443316+00:00, run_after=2022-11-29T07:18:15.443316+00:00
[2022-11-29T07:18:15.477+0000] {processor.py:176} INFO - Processing /home/airflow/.local/lib/python3.7/site-packages/airflow/example_dags/example_task_group_decorator.py took 0.223 seconds
[2022-11-29T07:18:45.533+0000] {processor.py:154} INFO - Started process (PID=1544) to work on /home/airflow/.local/lib/python3.7/site-packages/airflow/example_dags/example_task_group_decorator.py
[2022-11-29T07:18:45.535+0000] {processor.py:756} INFO - Processing file /home/airflow/.local/lib/python3.7/site-packages/airflow/example_dags/example_task_group_decorator.py for tasks to queue
[2022-11-29T07:18:45.536+0000] {logging_mixin.py:137} INFO - [2022-11-29T07:18:45.536+0000] {dagbag.py:537} INFO - Filling up the DagBag from /home/airflow/.local/lib/python3.7/site-packages/airflow/example_dags/example_task_group_decorator.py
[2022-11-29T07:18:45.581+0000] {processor.py:766} INFO - DAG(s) dict_keys(['example_task_group_decorator']) retrieved from /home/airflow/.local/lib/python3.7/site-packages/airflow/example_dags/example_task_group_decorator.py
[2022-11-29T07:18:45.643+0000] {logging_mixin.py:137} INFO - [2022-11-29T07:18:45.643+0000] {dag.py:2585} INFO - Sync 1 DAGs
[2022-11-29T07:18:45.684+0000] {logging_mixin.py:137} INFO - [2022-11-29T07:18:45.683+0000] {dag.py:3340} INFO - Setting next_dagrun for example_task_group_decorator to 2022-11-28T07:18:45.683526+00:00, run_after=2022-11-29T07:18:45.683526+00:00
[2022-11-29T07:18:45.723+0000] {processor.py:176} INFO - Processing /home/airflow/.local/lib/python3.7/site-packages/airflow/example_dags/example_task_group_decorator.py took 0.196 seconds
[2022-11-29T07:19:15.997+0000] {processor.py:154} INFO - Started process (PID=1605) to work on /home/airflow/.local/lib/python3.7/site-packages/airflow/example_dags/example_task_group_decorator.py
[2022-11-29T07:19:16.000+0000] {processor.py:756} INFO - Processing file /home/airflow/.local/lib/python3.7/site-packages/airflow/example_dags/example_task_group_decorator.py for tasks to queue
[2022-11-29T07:19:16.003+0000] {logging_mixin.py:137} INFO - [2022-11-29T07:19:16.002+0000] {dagbag.py:537} INFO - Filling up the DagBag from /home/airflow/.local/lib/python3.7/site-packages/airflow/example_dags/example_task_group_decorator.py
[2022-11-29T07:19:16.049+0000] {processor.py:766} INFO - DAG(s) dict_keys(['example_task_group_decorator']) retrieved from /home/airflow/.local/lib/python3.7/site-packages/airflow/example_dags/example_task_group_decorator.py
[2022-11-29T07:19:16.123+0000] {logging_mixin.py:137} INFO - [2022-11-29T07:19:16.122+0000] {dag.py:2585} INFO - Sync 1 DAGs
[2022-11-29T07:19:16.177+0000] {logging_mixin.py:137} INFO - [2022-11-29T07:19:16.177+0000] {dag.py:3340} INFO - Setting next_dagrun for example_task_group_decorator to 2022-11-28T07:19:16.176884+00:00, run_after=2022-11-29T07:19:16.176884+00:00
[2022-11-29T07:19:16.212+0000] {processor.py:176} INFO - Processing /home/airflow/.local/lib/python3.7/site-packages/airflow/example_dags/example_task_group_decorator.py took 0.223 seconds
[2022-11-29T07:19:47.157+0000] {processor.py:154} INFO - Started process (PID=1660) to work on /home/airflow/.local/lib/python3.7/site-packages/airflow/example_dags/example_task_group_decorator.py
[2022-11-29T07:19:47.159+0000] {processor.py:756} INFO - Processing file /home/airflow/.local/lib/python3.7/site-packages/airflow/example_dags/example_task_group_decorator.py for tasks to queue
[2022-11-29T07:19:47.160+0000] {logging_mixin.py:137} INFO - [2022-11-29T07:19:47.160+0000] {dagbag.py:537} INFO - Filling up the DagBag from /home/airflow/.local/lib/python3.7/site-packages/airflow/example_dags/example_task_group_decorator.py
[2022-11-29T07:19:47.205+0000] {processor.py:766} INFO - DAG(s) dict_keys(['example_task_group_decorator']) retrieved from /home/airflow/.local/lib/python3.7/site-packages/airflow/example_dags/example_task_group_decorator.py
[2022-11-29T07:19:47.278+0000] {logging_mixin.py:137} INFO - [2022-11-29T07:19:47.278+0000] {dag.py:2585} INFO - Sync 1 DAGs
[2022-11-29T07:19:47.324+0000] {logging_mixin.py:137} INFO - [2022-11-29T07:19:47.323+0000] {dag.py:3340} INFO - Setting next_dagrun for example_task_group_decorator to 2022-11-28T07:19:47.323541+00:00, run_after=2022-11-29T07:19:47.323541+00:00
[2022-11-29T07:19:47.352+0000] {processor.py:176} INFO - Processing /home/airflow/.local/lib/python3.7/site-packages/airflow/example_dags/example_task_group_decorator.py took 0.200 seconds
