[2022-11-29T06:27:16.599+0000] {processor.py:154} INFO - Started process (PID=50) to work on /home/airflow/.local/lib/python3.7/site-packages/airflow/example_dags/example_nested_branch_dag.py
[2022-11-29T06:27:16.602+0000] {processor.py:756} INFO - Processing file /home/airflow/.local/lib/python3.7/site-packages/airflow/example_dags/example_nested_branch_dag.py for tasks to queue
[2022-11-29T06:27:16.616+0000] {logging_mixin.py:137} INFO - [2022-11-29T06:27:16.616+0000] {dagbag.py:537} INFO - Filling up the DagBag from /home/airflow/.local/lib/python3.7/site-packages/airflow/example_dags/example_nested_branch_dag.py
[2022-11-29T06:27:16.661+0000] {processor.py:766} INFO - DAG(s) dict_keys(['example_nested_branch_dag']) retrieved from /home/airflow/.local/lib/python3.7/site-packages/airflow/example_dags/example_nested_branch_dag.py
[2022-11-29T06:27:16.884+0000] {logging_mixin.py:137} INFO - [2022-11-29T06:27:16.884+0000] {manager.py:507} INFO - Created Permission View: can delete on DAG:example_nested_branch_dag
[2022-11-29T06:27:16.905+0000] {logging_mixin.py:137} INFO - [2022-11-29T06:27:16.904+0000] {manager.py:507} INFO - Created Permission View: can read on DAG:example_nested_branch_dag
[2022-11-29T06:27:16.921+0000] {logging_mixin.py:137} INFO - [2022-11-29T06:27:16.921+0000] {manager.py:507} INFO - Created Permission View: can edit on DAG:example_nested_branch_dag
[2022-11-29T06:27:16.922+0000] {logging_mixin.py:137} INFO - [2022-11-29T06:27:16.922+0000] {dag.py:2585} INFO - Sync 1 DAGs
[2022-11-29T06:27:16.963+0000] {logging_mixin.py:137} INFO - [2022-11-29T06:27:16.963+0000] {dag.py:2606} INFO - Creating ORM DAG for example_nested_branch_dag
[2022-11-29T06:27:17.000+0000] {logging_mixin.py:137} INFO - [2022-11-29T06:27:17.000+0000] {dag.py:3340} INFO - Setting next_dagrun for example_nested_branch_dag to 2022-11-28T00:00:00+00:00, run_after=2022-11-29T00:00:00+00:00
[2022-11-29T06:27:17.034+0000] {processor.py:176} INFO - Processing /home/airflow/.local/lib/python3.7/site-packages/airflow/example_dags/example_nested_branch_dag.py took 0.445 seconds
[2022-11-29T06:27:47.210+0000] {processor.py:154} INFO - Started process (PID=111) to work on /home/airflow/.local/lib/python3.7/site-packages/airflow/example_dags/example_nested_branch_dag.py
[2022-11-29T06:27:47.215+0000] {processor.py:756} INFO - Processing file /home/airflow/.local/lib/python3.7/site-packages/airflow/example_dags/example_nested_branch_dag.py for tasks to queue
[2022-11-29T06:27:47.219+0000] {logging_mixin.py:137} INFO - [2022-11-29T06:27:47.218+0000] {dagbag.py:537} INFO - Filling up the DagBag from /home/airflow/.local/lib/python3.7/site-packages/airflow/example_dags/example_nested_branch_dag.py
[2022-11-29T06:27:47.295+0000] {processor.py:766} INFO - DAG(s) dict_keys(['example_nested_branch_dag']) retrieved from /home/airflow/.local/lib/python3.7/site-packages/airflow/example_dags/example_nested_branch_dag.py
[2022-11-29T06:27:47.374+0000] {logging_mixin.py:137} INFO - [2022-11-29T06:27:47.374+0000] {dag.py:2585} INFO - Sync 1 DAGs
[2022-11-29T06:27:47.434+0000] {logging_mixin.py:137} INFO - [2022-11-29T06:27:47.434+0000] {dag.py:3340} INFO - Setting next_dagrun for example_nested_branch_dag to 2022-11-28T00:00:00+00:00, run_after=2022-11-29T00:00:00+00:00
[2022-11-29T06:27:47.475+0000] {processor.py:176} INFO - Processing /home/airflow/.local/lib/python3.7/site-packages/airflow/example_dags/example_nested_branch_dag.py took 0.277 seconds
[2022-11-29T06:28:17.693+0000] {processor.py:154} INFO - Started process (PID=169) to work on /home/airflow/.local/lib/python3.7/site-packages/airflow/example_dags/example_nested_branch_dag.py
[2022-11-29T06:28:17.695+0000] {processor.py:756} INFO - Processing file /home/airflow/.local/lib/python3.7/site-packages/airflow/example_dags/example_nested_branch_dag.py for tasks to queue
[2022-11-29T06:28:17.697+0000] {logging_mixin.py:137} INFO - [2022-11-29T06:28:17.697+0000] {dagbag.py:537} INFO - Filling up the DagBag from /home/airflow/.local/lib/python3.7/site-packages/airflow/example_dags/example_nested_branch_dag.py
[2022-11-29T06:28:17.742+0000] {processor.py:766} INFO - DAG(s) dict_keys(['example_nested_branch_dag']) retrieved from /home/airflow/.local/lib/python3.7/site-packages/airflow/example_dags/example_nested_branch_dag.py
[2022-11-29T06:28:17.803+0000] {logging_mixin.py:137} INFO - [2022-11-29T06:28:17.803+0000] {dag.py:2585} INFO - Sync 1 DAGs
[2022-11-29T06:28:17.840+0000] {logging_mixin.py:137} INFO - [2022-11-29T06:28:17.839+0000] {dag.py:3340} INFO - Setting next_dagrun for example_nested_branch_dag to 2022-11-28T00:00:00+00:00, run_after=2022-11-29T00:00:00+00:00
[2022-11-29T06:28:17.864+0000] {processor.py:176} INFO - Processing /home/airflow/.local/lib/python3.7/site-packages/airflow/example_dags/example_nested_branch_dag.py took 0.176 seconds
[2022-11-29T06:28:48.438+0000] {processor.py:154} INFO - Started process (PID=231) to work on /home/airflow/.local/lib/python3.7/site-packages/airflow/example_dags/example_nested_branch_dag.py
[2022-11-29T06:28:48.439+0000] {processor.py:756} INFO - Processing file /home/airflow/.local/lib/python3.7/site-packages/airflow/example_dags/example_nested_branch_dag.py for tasks to queue
[2022-11-29T06:28:48.441+0000] {logging_mixin.py:137} INFO - [2022-11-29T06:28:48.441+0000] {dagbag.py:537} INFO - Filling up the DagBag from /home/airflow/.local/lib/python3.7/site-packages/airflow/example_dags/example_nested_branch_dag.py
[2022-11-29T06:28:48.482+0000] {processor.py:766} INFO - DAG(s) dict_keys(['example_nested_branch_dag']) retrieved from /home/airflow/.local/lib/python3.7/site-packages/airflow/example_dags/example_nested_branch_dag.py
[2022-11-29T06:28:48.544+0000] {logging_mixin.py:137} INFO - [2022-11-29T06:28:48.544+0000] {dag.py:2585} INFO - Sync 1 DAGs
[2022-11-29T06:28:48.651+0000] {logging_mixin.py:137} INFO - [2022-11-29T06:28:48.651+0000] {dag.py:3340} INFO - Setting next_dagrun for example_nested_branch_dag to 2022-11-28T00:00:00+00:00, run_after=2022-11-29T00:00:00+00:00
[2022-11-29T06:28:48.696+0000] {processor.py:176} INFO - Processing /home/airflow/.local/lib/python3.7/site-packages/airflow/example_dags/example_nested_branch_dag.py took 0.264 seconds
[2022-11-29T06:29:19.658+0000] {processor.py:154} INFO - Started process (PID=286) to work on /home/airflow/.local/lib/python3.7/site-packages/airflow/example_dags/example_nested_branch_dag.py
[2022-11-29T06:29:19.660+0000] {processor.py:756} INFO - Processing file /home/airflow/.local/lib/python3.7/site-packages/airflow/example_dags/example_nested_branch_dag.py for tasks to queue
[2022-11-29T06:29:19.662+0000] {logging_mixin.py:137} INFO - [2022-11-29T06:29:19.661+0000] {dagbag.py:537} INFO - Filling up the DagBag from /home/airflow/.local/lib/python3.7/site-packages/airflow/example_dags/example_nested_branch_dag.py
[2022-11-29T06:29:19.694+0000] {processor.py:766} INFO - DAG(s) dict_keys(['example_nested_branch_dag']) retrieved from /home/airflow/.local/lib/python3.7/site-packages/airflow/example_dags/example_nested_branch_dag.py
[2022-11-29T06:29:19.765+0000] {logging_mixin.py:137} INFO - [2022-11-29T06:29:19.765+0000] {dag.py:2585} INFO - Sync 1 DAGs
[2022-11-29T06:29:19.805+0000] {logging_mixin.py:137} INFO - [2022-11-29T06:29:19.805+0000] {dag.py:3340} INFO - Setting next_dagrun for example_nested_branch_dag to 2022-11-28T00:00:00+00:00, run_after=2022-11-29T00:00:00+00:00
[2022-11-29T06:29:19.842+0000] {processor.py:176} INFO - Processing /home/airflow/.local/lib/python3.7/site-packages/airflow/example_dags/example_nested_branch_dag.py took 0.188 seconds
[2022-11-29T06:31:42.205+0000] {processor.py:154} INFO - Started process (PID=53) to work on /home/airflow/.local/lib/python3.7/site-packages/airflow/example_dags/example_nested_branch_dag.py
[2022-11-29T06:31:42.208+0000] {processor.py:756} INFO - Processing file /home/airflow/.local/lib/python3.7/site-packages/airflow/example_dags/example_nested_branch_dag.py for tasks to queue
[2022-11-29T06:31:42.210+0000] {logging_mixin.py:137} INFO - [2022-11-29T06:31:42.210+0000] {dagbag.py:537} INFO - Filling up the DagBag from /home/airflow/.local/lib/python3.7/site-packages/airflow/example_dags/example_nested_branch_dag.py
[2022-11-29T06:31:42.268+0000] {processor.py:766} INFO - DAG(s) dict_keys(['example_nested_branch_dag']) retrieved from /home/airflow/.local/lib/python3.7/site-packages/airflow/example_dags/example_nested_branch_dag.py
[2022-11-29T06:31:42.309+0000] {logging_mixin.py:137} INFO - [2022-11-29T06:31:42.308+0000] {dag.py:2585} INFO - Sync 1 DAGs
[2022-11-29T06:31:42.359+0000] {logging_mixin.py:137} INFO - [2022-11-29T06:31:42.359+0000] {dag.py:3340} INFO - Setting next_dagrun for example_nested_branch_dag to 2022-11-28T00:00:00+00:00, run_after=2022-11-29T00:00:00+00:00
[2022-11-29T06:31:42.404+0000] {processor.py:176} INFO - Processing /home/airflow/.local/lib/python3.7/site-packages/airflow/example_dags/example_nested_branch_dag.py took 0.215 seconds
[2022-11-29T06:32:13.353+0000] {processor.py:154} INFO - Started process (PID=107) to work on /home/airflow/.local/lib/python3.7/site-packages/airflow/example_dags/example_nested_branch_dag.py
[2022-11-29T06:32:13.356+0000] {processor.py:756} INFO - Processing file /home/airflow/.local/lib/python3.7/site-packages/airflow/example_dags/example_nested_branch_dag.py for tasks to queue
[2022-11-29T06:32:13.360+0000] {logging_mixin.py:137} INFO - [2022-11-29T06:32:13.360+0000] {dagbag.py:537} INFO - Filling up the DagBag from /home/airflow/.local/lib/python3.7/site-packages/airflow/example_dags/example_nested_branch_dag.py
[2022-11-29T06:32:13.422+0000] {processor.py:766} INFO - DAG(s) dict_keys(['example_nested_branch_dag']) retrieved from /home/airflow/.local/lib/python3.7/site-packages/airflow/example_dags/example_nested_branch_dag.py
[2022-11-29T06:32:13.504+0000] {logging_mixin.py:137} INFO - [2022-11-29T06:32:13.504+0000] {dag.py:2585} INFO - Sync 1 DAGs
[2022-11-29T06:32:13.561+0000] {logging_mixin.py:137} INFO - [2022-11-29T06:32:13.561+0000] {dag.py:3340} INFO - Setting next_dagrun for example_nested_branch_dag to 2022-11-28T00:00:00+00:00, run_after=2022-11-29T00:00:00+00:00
[2022-11-29T06:32:13.626+0000] {processor.py:176} INFO - Processing /home/airflow/.local/lib/python3.7/site-packages/airflow/example_dags/example_nested_branch_dag.py took 0.280 seconds
[2022-11-29T06:32:44.005+0000] {processor.py:154} INFO - Started process (PID=170) to work on /home/airflow/.local/lib/python3.7/site-packages/airflow/example_dags/example_nested_branch_dag.py
[2022-11-29T06:32:44.007+0000] {processor.py:756} INFO - Processing file /home/airflow/.local/lib/python3.7/site-packages/airflow/example_dags/example_nested_branch_dag.py for tasks to queue
[2022-11-29T06:32:44.008+0000] {logging_mixin.py:137} INFO - [2022-11-29T06:32:44.008+0000] {dagbag.py:537} INFO - Filling up the DagBag from /home/airflow/.local/lib/python3.7/site-packages/airflow/example_dags/example_nested_branch_dag.py
[2022-11-29T06:32:44.049+0000] {processor.py:766} INFO - DAG(s) dict_keys(['example_nested_branch_dag']) retrieved from /home/airflow/.local/lib/python3.7/site-packages/airflow/example_dags/example_nested_branch_dag.py
[2022-11-29T06:32:44.108+0000] {logging_mixin.py:137} INFO - [2022-11-29T06:32:44.107+0000] {dag.py:2585} INFO - Sync 1 DAGs
[2022-11-29T06:32:44.147+0000] {logging_mixin.py:137} INFO - [2022-11-29T06:32:44.147+0000] {dag.py:3340} INFO - Setting next_dagrun for example_nested_branch_dag to 2022-11-28T00:00:00+00:00, run_after=2022-11-29T00:00:00+00:00
[2022-11-29T06:32:44.175+0000] {processor.py:176} INFO - Processing /home/airflow/.local/lib/python3.7/site-packages/airflow/example_dags/example_nested_branch_dag.py took 0.175 seconds
[2022-11-29T06:33:14.915+0000] {processor.py:154} INFO - Started process (PID=233) to work on /home/airflow/.local/lib/python3.7/site-packages/airflow/example_dags/example_nested_branch_dag.py
[2022-11-29T06:33:14.917+0000] {processor.py:756} INFO - Processing file /home/airflow/.local/lib/python3.7/site-packages/airflow/example_dags/example_nested_branch_dag.py for tasks to queue
[2022-11-29T06:33:14.919+0000] {logging_mixin.py:137} INFO - [2022-11-29T06:33:14.919+0000] {dagbag.py:537} INFO - Filling up the DagBag from /home/airflow/.local/lib/python3.7/site-packages/airflow/example_dags/example_nested_branch_dag.py
[2022-11-29T06:33:14.963+0000] {processor.py:766} INFO - DAG(s) dict_keys(['example_nested_branch_dag']) retrieved from /home/airflow/.local/lib/python3.7/site-packages/airflow/example_dags/example_nested_branch_dag.py
[2022-11-29T06:33:15.024+0000] {logging_mixin.py:137} INFO - [2022-11-29T06:33:15.023+0000] {dag.py:2585} INFO - Sync 1 DAGs
[2022-11-29T06:33:15.061+0000] {logging_mixin.py:137} INFO - [2022-11-29T06:33:15.060+0000] {dag.py:3340} INFO - Setting next_dagrun for example_nested_branch_dag to 2022-11-28T00:00:00+00:00, run_after=2022-11-29T00:00:00+00:00
[2022-11-29T06:33:15.088+0000] {processor.py:176} INFO - Processing /home/airflow/.local/lib/python3.7/site-packages/airflow/example_dags/example_nested_branch_dag.py took 0.179 seconds
[2022-11-29T06:33:45.503+0000] {processor.py:154} INFO - Started process (PID=288) to work on /home/airflow/.local/lib/python3.7/site-packages/airflow/example_dags/example_nested_branch_dag.py
[2022-11-29T06:33:45.504+0000] {processor.py:756} INFO - Processing file /home/airflow/.local/lib/python3.7/site-packages/airflow/example_dags/example_nested_branch_dag.py for tasks to queue
[2022-11-29T06:33:45.506+0000] {logging_mixin.py:137} INFO - [2022-11-29T06:33:45.506+0000] {dagbag.py:537} INFO - Filling up the DagBag from /home/airflow/.local/lib/python3.7/site-packages/airflow/example_dags/example_nested_branch_dag.py
[2022-11-29T06:33:45.546+0000] {processor.py:766} INFO - DAG(s) dict_keys(['example_nested_branch_dag']) retrieved from /home/airflow/.local/lib/python3.7/site-packages/airflow/example_dags/example_nested_branch_dag.py
[2022-11-29T06:33:45.612+0000] {logging_mixin.py:137} INFO - [2022-11-29T06:33:45.612+0000] {dag.py:2585} INFO - Sync 1 DAGs
[2022-11-29T06:33:45.650+0000] {logging_mixin.py:137} INFO - [2022-11-29T06:33:45.650+0000] {dag.py:3340} INFO - Setting next_dagrun for example_nested_branch_dag to 2022-11-28T00:00:00+00:00, run_after=2022-11-29T00:00:00+00:00
[2022-11-29T06:33:45.679+0000] {processor.py:176} INFO - Processing /home/airflow/.local/lib/python3.7/site-packages/airflow/example_dags/example_nested_branch_dag.py took 0.182 seconds
[2022-11-29T06:52:56.035+0000] {processor.py:154} INFO - Started process (PID=54) to work on /home/airflow/.local/lib/python3.7/site-packages/airflow/example_dags/example_nested_branch_dag.py
[2022-11-29T06:52:56.037+0000] {processor.py:756} INFO - Processing file /home/airflow/.local/lib/python3.7/site-packages/airflow/example_dags/example_nested_branch_dag.py for tasks to queue
[2022-11-29T06:52:56.039+0000] {logging_mixin.py:137} INFO - [2022-11-29T06:52:56.038+0000] {dagbag.py:537} INFO - Filling up the DagBag from /home/airflow/.local/lib/python3.7/site-packages/airflow/example_dags/example_nested_branch_dag.py
[2022-11-29T06:52:56.077+0000] {processor.py:766} INFO - DAG(s) dict_keys(['example_nested_branch_dag']) retrieved from /home/airflow/.local/lib/python3.7/site-packages/airflow/example_dags/example_nested_branch_dag.py
[2022-11-29T06:52:56.116+0000] {logging_mixin.py:137} INFO - [2022-11-29T06:52:56.116+0000] {dag.py:2585} INFO - Sync 1 DAGs
[2022-11-29T06:52:56.160+0000] {logging_mixin.py:137} INFO - [2022-11-29T06:52:56.159+0000] {dag.py:3340} INFO - Setting next_dagrun for example_nested_branch_dag to 2022-11-28T00:00:00+00:00, run_after=2022-11-29T00:00:00+00:00
[2022-11-29T06:52:56.190+0000] {processor.py:176} INFO - Processing /home/airflow/.local/lib/python3.7/site-packages/airflow/example_dags/example_nested_branch_dag.py took 0.160 seconds
[2022-11-29T06:53:26.519+0000] {processor.py:154} INFO - Started process (PID=109) to work on /home/airflow/.local/lib/python3.7/site-packages/airflow/example_dags/example_nested_branch_dag.py
[2022-11-29T06:53:26.521+0000] {processor.py:756} INFO - Processing file /home/airflow/.local/lib/python3.7/site-packages/airflow/example_dags/example_nested_branch_dag.py for tasks to queue
[2022-11-29T06:53:26.522+0000] {logging_mixin.py:137} INFO - [2022-11-29T06:53:26.522+0000] {dagbag.py:537} INFO - Filling up the DagBag from /home/airflow/.local/lib/python3.7/site-packages/airflow/example_dags/example_nested_branch_dag.py
[2022-11-29T06:53:26.559+0000] {processor.py:766} INFO - DAG(s) dict_keys(['example_nested_branch_dag']) retrieved from /home/airflow/.local/lib/python3.7/site-packages/airflow/example_dags/example_nested_branch_dag.py
[2022-11-29T06:53:26.618+0000] {logging_mixin.py:137} INFO - [2022-11-29T06:53:26.618+0000] {dag.py:2585} INFO - Sync 1 DAGs
[2022-11-29T06:53:26.654+0000] {logging_mixin.py:137} INFO - [2022-11-29T06:53:26.654+0000] {dag.py:3340} INFO - Setting next_dagrun for example_nested_branch_dag to 2022-11-28T00:00:00+00:00, run_after=2022-11-29T00:00:00+00:00
[2022-11-29T06:53:26.682+0000] {processor.py:176} INFO - Processing /home/airflow/.local/lib/python3.7/site-packages/airflow/example_dags/example_nested_branch_dag.py took 0.167 seconds
[2022-11-29T06:53:57.506+0000] {processor.py:154} INFO - Started process (PID=174) to work on /home/airflow/.local/lib/python3.7/site-packages/airflow/example_dags/example_nested_branch_dag.py
[2022-11-29T06:53:57.521+0000] {processor.py:756} INFO - Processing file /home/airflow/.local/lib/python3.7/site-packages/airflow/example_dags/example_nested_branch_dag.py for tasks to queue
[2022-11-29T06:53:57.523+0000] {logging_mixin.py:137} INFO - [2022-11-29T06:53:57.523+0000] {dagbag.py:537} INFO - Filling up the DagBag from /home/airflow/.local/lib/python3.7/site-packages/airflow/example_dags/example_nested_branch_dag.py
[2022-11-29T06:53:57.576+0000] {processor.py:766} INFO - DAG(s) dict_keys(['example_nested_branch_dag']) retrieved from /home/airflow/.local/lib/python3.7/site-packages/airflow/example_dags/example_nested_branch_dag.py
[2022-11-29T06:53:57.648+0000] {logging_mixin.py:137} INFO - [2022-11-29T06:53:57.647+0000] {dag.py:2585} INFO - Sync 1 DAGs
[2022-11-29T06:53:57.704+0000] {logging_mixin.py:137} INFO - [2022-11-29T06:53:57.704+0000] {dag.py:3340} INFO - Setting next_dagrun for example_nested_branch_dag to 2022-11-28T00:00:00+00:00, run_after=2022-11-29T00:00:00+00:00
[2022-11-29T06:53:57.746+0000] {processor.py:176} INFO - Processing /home/airflow/.local/lib/python3.7/site-packages/airflow/example_dags/example_nested_branch_dag.py took 0.246 seconds
[2022-11-29T06:54:28.151+0000] {processor.py:154} INFO - Started process (PID=228) to work on /home/airflow/.local/lib/python3.7/site-packages/airflow/example_dags/example_nested_branch_dag.py
[2022-11-29T06:54:28.154+0000] {processor.py:756} INFO - Processing file /home/airflow/.local/lib/python3.7/site-packages/airflow/example_dags/example_nested_branch_dag.py for tasks to queue
[2022-11-29T06:54:28.155+0000] {logging_mixin.py:137} INFO - [2022-11-29T06:54:28.155+0000] {dagbag.py:537} INFO - Filling up the DagBag from /home/airflow/.local/lib/python3.7/site-packages/airflow/example_dags/example_nested_branch_dag.py
[2022-11-29T06:54:28.197+0000] {processor.py:766} INFO - DAG(s) dict_keys(['example_nested_branch_dag']) retrieved from /home/airflow/.local/lib/python3.7/site-packages/airflow/example_dags/example_nested_branch_dag.py
[2022-11-29T06:54:28.261+0000] {logging_mixin.py:137} INFO - [2022-11-29T06:54:28.261+0000] {dag.py:2585} INFO - Sync 1 DAGs
[2022-11-29T06:54:28.299+0000] {logging_mixin.py:137} INFO - [2022-11-29T06:54:28.298+0000] {dag.py:3340} INFO - Setting next_dagrun for example_nested_branch_dag to 2022-11-28T00:00:00+00:00, run_after=2022-11-29T00:00:00+00:00
[2022-11-29T06:54:28.324+0000] {processor.py:176} INFO - Processing /home/airflow/.local/lib/python3.7/site-packages/airflow/example_dags/example_nested_branch_dag.py took 0.178 seconds
[2022-11-29T06:54:58.784+0000] {processor.py:154} INFO - Started process (PID=290) to work on /home/airflow/.local/lib/python3.7/site-packages/airflow/example_dags/example_nested_branch_dag.py
[2022-11-29T06:54:58.785+0000] {processor.py:756} INFO - Processing file /home/airflow/.local/lib/python3.7/site-packages/airflow/example_dags/example_nested_branch_dag.py for tasks to queue
[2022-11-29T06:54:58.787+0000] {logging_mixin.py:137} INFO - [2022-11-29T06:54:58.786+0000] {dagbag.py:537} INFO - Filling up the DagBag from /home/airflow/.local/lib/python3.7/site-packages/airflow/example_dags/example_nested_branch_dag.py
[2022-11-29T06:54:58.824+0000] {processor.py:766} INFO - DAG(s) dict_keys(['example_nested_branch_dag']) retrieved from /home/airflow/.local/lib/python3.7/site-packages/airflow/example_dags/example_nested_branch_dag.py
[2022-11-29T06:54:58.882+0000] {logging_mixin.py:137} INFO - [2022-11-29T06:54:58.882+0000] {dag.py:2585} INFO - Sync 1 DAGs
[2022-11-29T06:54:58.918+0000] {logging_mixin.py:137} INFO - [2022-11-29T06:54:58.918+0000] {dag.py:3340} INFO - Setting next_dagrun for example_nested_branch_dag to 2022-11-28T00:00:00+00:00, run_after=2022-11-29T00:00:00+00:00
[2022-11-29T06:54:58.942+0000] {processor.py:176} INFO - Processing /home/airflow/.local/lib/python3.7/site-packages/airflow/example_dags/example_nested_branch_dag.py took 0.163 seconds
[2022-11-29T06:55:29.769+0000] {processor.py:154} INFO - Started process (PID=353) to work on /home/airflow/.local/lib/python3.7/site-packages/airflow/example_dags/example_nested_branch_dag.py
[2022-11-29T06:55:29.771+0000] {processor.py:756} INFO - Processing file /home/airflow/.local/lib/python3.7/site-packages/airflow/example_dags/example_nested_branch_dag.py for tasks to queue
[2022-11-29T06:55:29.773+0000] {logging_mixin.py:137} INFO - [2022-11-29T06:55:29.772+0000] {dagbag.py:537} INFO - Filling up the DagBag from /home/airflow/.local/lib/python3.7/site-packages/airflow/example_dags/example_nested_branch_dag.py
[2022-11-29T06:55:29.812+0000] {processor.py:766} INFO - DAG(s) dict_keys(['example_nested_branch_dag']) retrieved from /home/airflow/.local/lib/python3.7/site-packages/airflow/example_dags/example_nested_branch_dag.py
[2022-11-29T06:55:29.889+0000] {logging_mixin.py:137} INFO - [2022-11-29T06:55:29.888+0000] {dag.py:2585} INFO - Sync 1 DAGs
[2022-11-29T06:55:29.935+0000] {logging_mixin.py:137} INFO - [2022-11-29T06:55:29.935+0000] {dag.py:3340} INFO - Setting next_dagrun for example_nested_branch_dag to 2022-11-28T00:00:00+00:00, run_after=2022-11-29T00:00:00+00:00
[2022-11-29T06:55:29.966+0000] {processor.py:176} INFO - Processing /home/airflow/.local/lib/python3.7/site-packages/airflow/example_dags/example_nested_branch_dag.py took 0.202 seconds
[2022-11-29T06:56:00.323+0000] {processor.py:154} INFO - Started process (PID=407) to work on /home/airflow/.local/lib/python3.7/site-packages/airflow/example_dags/example_nested_branch_dag.py
[2022-11-29T06:56:00.326+0000] {processor.py:756} INFO - Processing file /home/airflow/.local/lib/python3.7/site-packages/airflow/example_dags/example_nested_branch_dag.py for tasks to queue
[2022-11-29T06:56:00.329+0000] {logging_mixin.py:137} INFO - [2022-11-29T06:56:00.328+0000] {dagbag.py:537} INFO - Filling up the DagBag from /home/airflow/.local/lib/python3.7/site-packages/airflow/example_dags/example_nested_branch_dag.py
[2022-11-29T06:56:00.375+0000] {processor.py:766} INFO - DAG(s) dict_keys(['example_nested_branch_dag']) retrieved from /home/airflow/.local/lib/python3.7/site-packages/airflow/example_dags/example_nested_branch_dag.py
[2022-11-29T06:56:00.438+0000] {logging_mixin.py:137} INFO - [2022-11-29T06:56:00.437+0000] {dag.py:2585} INFO - Sync 1 DAGs
[2022-11-29T06:56:00.478+0000] {logging_mixin.py:137} INFO - [2022-11-29T06:56:00.478+0000] {dag.py:3340} INFO - Setting next_dagrun for example_nested_branch_dag to 2022-11-28T00:00:00+00:00, run_after=2022-11-29T00:00:00+00:00
[2022-11-29T06:56:00.506+0000] {processor.py:176} INFO - Processing /home/airflow/.local/lib/python3.7/site-packages/airflow/example_dags/example_nested_branch_dag.py took 0.190 seconds
[2022-11-29T07:01:50.007+0000] {processor.py:154} INFO - Started process (PID=52) to work on /home/airflow/.local/lib/python3.7/site-packages/airflow/example_dags/example_nested_branch_dag.py
[2022-11-29T07:01:50.011+0000] {processor.py:756} INFO - Processing file /home/airflow/.local/lib/python3.7/site-packages/airflow/example_dags/example_nested_branch_dag.py for tasks to queue
[2022-11-29T07:01:50.016+0000] {logging_mixin.py:137} INFO - [2022-11-29T07:01:50.015+0000] {dagbag.py:537} INFO - Filling up the DagBag from /home/airflow/.local/lib/python3.7/site-packages/airflow/example_dags/example_nested_branch_dag.py
[2022-11-29T07:01:50.075+0000] {processor.py:766} INFO - DAG(s) dict_keys(['example_nested_branch_dag']) retrieved from /home/airflow/.local/lib/python3.7/site-packages/airflow/example_dags/example_nested_branch_dag.py
[2022-11-29T07:01:50.132+0000] {logging_mixin.py:137} INFO - [2022-11-29T07:01:50.132+0000] {dag.py:2585} INFO - Sync 1 DAGs
[2022-11-29T07:01:50.176+0000] {logging_mixin.py:137} INFO - [2022-11-29T07:01:50.176+0000] {dag.py:3340} INFO - Setting next_dagrun for example_nested_branch_dag to 2022-11-28T00:00:00+00:00, run_after=2022-11-29T00:00:00+00:00
[2022-11-29T07:01:50.208+0000] {processor.py:176} INFO - Processing /home/airflow/.local/lib/python3.7/site-packages/airflow/example_dags/example_nested_branch_dag.py took 0.213 seconds
[2022-11-29T07:02:20.958+0000] {processor.py:154} INFO - Started process (PID=106) to work on /home/airflow/.local/lib/python3.7/site-packages/airflow/example_dags/example_nested_branch_dag.py
[2022-11-29T07:02:20.961+0000] {processor.py:756} INFO - Processing file /home/airflow/.local/lib/python3.7/site-packages/airflow/example_dags/example_nested_branch_dag.py for tasks to queue
[2022-11-29T07:02:20.964+0000] {logging_mixin.py:137} INFO - [2022-11-29T07:02:20.963+0000] {dagbag.py:537} INFO - Filling up the DagBag from /home/airflow/.local/lib/python3.7/site-packages/airflow/example_dags/example_nested_branch_dag.py
[2022-11-29T07:02:21.043+0000] {processor.py:766} INFO - DAG(s) dict_keys(['example_nested_branch_dag']) retrieved from /home/airflow/.local/lib/python3.7/site-packages/airflow/example_dags/example_nested_branch_dag.py
[2022-11-29T07:02:21.114+0000] {logging_mixin.py:137} INFO - [2022-11-29T07:02:21.114+0000] {dag.py:2585} INFO - Sync 1 DAGs
[2022-11-29T07:02:21.162+0000] {logging_mixin.py:137} INFO - [2022-11-29T07:02:21.162+0000] {dag.py:3340} INFO - Setting next_dagrun for example_nested_branch_dag to 2022-11-28T00:00:00+00:00, run_after=2022-11-29T00:00:00+00:00
[2022-11-29T07:02:21.210+0000] {processor.py:176} INFO - Processing /home/airflow/.local/lib/python3.7/site-packages/airflow/example_dags/example_nested_branch_dag.py took 0.258 seconds
[2022-11-29T07:02:51.415+0000] {processor.py:154} INFO - Started process (PID=170) to work on /home/airflow/.local/lib/python3.7/site-packages/airflow/example_dags/example_nested_branch_dag.py
[2022-11-29T07:02:51.417+0000] {processor.py:756} INFO - Processing file /home/airflow/.local/lib/python3.7/site-packages/airflow/example_dags/example_nested_branch_dag.py for tasks to queue
[2022-11-29T07:02:51.418+0000] {logging_mixin.py:137} INFO - [2022-11-29T07:02:51.418+0000] {dagbag.py:537} INFO - Filling up the DagBag from /home/airflow/.local/lib/python3.7/site-packages/airflow/example_dags/example_nested_branch_dag.py
[2022-11-29T07:02:51.471+0000] {processor.py:766} INFO - DAG(s) dict_keys(['example_nested_branch_dag']) retrieved from /home/airflow/.local/lib/python3.7/site-packages/airflow/example_dags/example_nested_branch_dag.py
[2022-11-29T07:02:51.569+0000] {logging_mixin.py:137} INFO - [2022-11-29T07:02:51.568+0000] {dag.py:2585} INFO - Sync 1 DAGs
[2022-11-29T07:02:51.620+0000] {logging_mixin.py:137} INFO - [2022-11-29T07:02:51.619+0000] {dag.py:3340} INFO - Setting next_dagrun for example_nested_branch_dag to 2022-11-28T00:00:00+00:00, run_after=2022-11-29T00:00:00+00:00
[2022-11-29T07:02:51.661+0000] {processor.py:176} INFO - Processing /home/airflow/.local/lib/python3.7/site-packages/airflow/example_dags/example_nested_branch_dag.py took 0.252 seconds
[2022-11-29T07:03:22.108+0000] {processor.py:154} INFO - Started process (PID=233) to work on /home/airflow/.local/lib/python3.7/site-packages/airflow/example_dags/example_nested_branch_dag.py
[2022-11-29T07:03:22.110+0000] {processor.py:756} INFO - Processing file /home/airflow/.local/lib/python3.7/site-packages/airflow/example_dags/example_nested_branch_dag.py for tasks to queue
[2022-11-29T07:03:22.113+0000] {logging_mixin.py:137} INFO - [2022-11-29T07:03:22.113+0000] {dagbag.py:537} INFO - Filling up the DagBag from /home/airflow/.local/lib/python3.7/site-packages/airflow/example_dags/example_nested_branch_dag.py
[2022-11-29T07:03:22.174+0000] {processor.py:766} INFO - DAG(s) dict_keys(['example_nested_branch_dag']) retrieved from /home/airflow/.local/lib/python3.7/site-packages/airflow/example_dags/example_nested_branch_dag.py
[2022-11-29T07:03:22.246+0000] {logging_mixin.py:137} INFO - [2022-11-29T07:03:22.246+0000] {dag.py:2585} INFO - Sync 1 DAGs
[2022-11-29T07:03:22.289+0000] {logging_mixin.py:137} INFO - [2022-11-29T07:03:22.289+0000] {dag.py:3340} INFO - Setting next_dagrun for example_nested_branch_dag to 2022-11-28T00:00:00+00:00, run_after=2022-11-29T00:00:00+00:00
[2022-11-29T07:03:22.322+0000] {processor.py:176} INFO - Processing /home/airflow/.local/lib/python3.7/site-packages/airflow/example_dags/example_nested_branch_dag.py took 0.220 seconds
[2022-11-29T07:03:52.903+0000] {processor.py:154} INFO - Started process (PID=287) to work on /home/airflow/.local/lib/python3.7/site-packages/airflow/example_dags/example_nested_branch_dag.py
[2022-11-29T07:03:52.905+0000] {processor.py:756} INFO - Processing file /home/airflow/.local/lib/python3.7/site-packages/airflow/example_dags/example_nested_branch_dag.py for tasks to queue
[2022-11-29T07:03:52.907+0000] {logging_mixin.py:137} INFO - [2022-11-29T07:03:52.907+0000] {dagbag.py:537} INFO - Filling up the DagBag from /home/airflow/.local/lib/python3.7/site-packages/airflow/example_dags/example_nested_branch_dag.py
[2022-11-29T07:03:52.962+0000] {processor.py:766} INFO - DAG(s) dict_keys(['example_nested_branch_dag']) retrieved from /home/airflow/.local/lib/python3.7/site-packages/airflow/example_dags/example_nested_branch_dag.py
[2022-11-29T07:03:53.029+0000] {logging_mixin.py:137} INFO - [2022-11-29T07:03:53.029+0000] {dag.py:2585} INFO - Sync 1 DAGs
[2022-11-29T07:03:53.068+0000] {logging_mixin.py:137} INFO - [2022-11-29T07:03:53.068+0000] {dag.py:3340} INFO - Setting next_dagrun for example_nested_branch_dag to 2022-11-28T00:00:00+00:00, run_after=2022-11-29T00:00:00+00:00
[2022-11-29T07:03:53.105+0000] {processor.py:176} INFO - Processing /home/airflow/.local/lib/python3.7/site-packages/airflow/example_dags/example_nested_branch_dag.py took 0.209 seconds
[2022-11-29T07:04:48.908+0000] {processor.py:154} INFO - Started process (PID=52) to work on /home/airflow/.local/lib/python3.7/site-packages/airflow/example_dags/example_nested_branch_dag.py
[2022-11-29T07:04:48.916+0000] {processor.py:756} INFO - Processing file /home/airflow/.local/lib/python3.7/site-packages/airflow/example_dags/example_nested_branch_dag.py for tasks to queue
[2022-11-29T07:04:48.917+0000] {logging_mixin.py:137} INFO - [2022-11-29T07:04:48.917+0000] {dagbag.py:537} INFO - Filling up the DagBag from /home/airflow/.local/lib/python3.7/site-packages/airflow/example_dags/example_nested_branch_dag.py
[2022-11-29T07:04:48.993+0000] {processor.py:766} INFO - DAG(s) dict_keys(['example_nested_branch_dag']) retrieved from /home/airflow/.local/lib/python3.7/site-packages/airflow/example_dags/example_nested_branch_dag.py
[2022-11-29T07:04:49.096+0000] {logging_mixin.py:137} INFO - [2022-11-29T07:04:49.096+0000] {dag.py:2585} INFO - Sync 1 DAGs
[2022-11-29T07:04:49.194+0000] {logging_mixin.py:137} INFO - [2022-11-29T07:04:49.194+0000] {dag.py:3340} INFO - Setting next_dagrun for example_nested_branch_dag to 2022-11-28T00:00:00+00:00, run_after=2022-11-29T00:00:00+00:00
[2022-11-29T07:04:49.244+0000] {processor.py:176} INFO - Processing /home/airflow/.local/lib/python3.7/site-packages/airflow/example_dags/example_nested_branch_dag.py took 0.350 seconds
[2022-11-29T07:05:58.916+0000] {processor.py:154} INFO - Started process (PID=52) to work on /home/airflow/.local/lib/python3.7/site-packages/airflow/example_dags/example_nested_branch_dag.py
[2022-11-29T07:05:58.920+0000] {processor.py:756} INFO - Processing file /home/airflow/.local/lib/python3.7/site-packages/airflow/example_dags/example_nested_branch_dag.py for tasks to queue
[2022-11-29T07:05:58.925+0000] {logging_mixin.py:137} INFO - [2022-11-29T07:05:58.925+0000] {dagbag.py:537} INFO - Filling up the DagBag from /home/airflow/.local/lib/python3.7/site-packages/airflow/example_dags/example_nested_branch_dag.py
[2022-11-29T07:05:58.985+0000] {processor.py:766} INFO - DAG(s) dict_keys(['example_nested_branch_dag']) retrieved from /home/airflow/.local/lib/python3.7/site-packages/airflow/example_dags/example_nested_branch_dag.py
[2022-11-29T07:05:59.053+0000] {logging_mixin.py:137} INFO - [2022-11-29T07:05:59.052+0000] {dag.py:2585} INFO - Sync 1 DAGs
[2022-11-29T07:05:59.113+0000] {logging_mixin.py:137} INFO - [2022-11-29T07:05:59.113+0000] {dag.py:3340} INFO - Setting next_dagrun for example_nested_branch_dag to 2022-11-28T00:00:00+00:00, run_after=2022-11-29T00:00:00+00:00
[2022-11-29T07:05:59.148+0000] {processor.py:176} INFO - Processing /home/airflow/.local/lib/python3.7/site-packages/airflow/example_dags/example_nested_branch_dag.py took 0.240 seconds
[2022-11-29T07:06:29.585+0000] {processor.py:154} INFO - Started process (PID=106) to work on /home/airflow/.local/lib/python3.7/site-packages/airflow/example_dags/example_nested_branch_dag.py
[2022-11-29T07:06:29.587+0000] {processor.py:756} INFO - Processing file /home/airflow/.local/lib/python3.7/site-packages/airflow/example_dags/example_nested_branch_dag.py for tasks to queue
[2022-11-29T07:06:29.589+0000] {logging_mixin.py:137} INFO - [2022-11-29T07:06:29.589+0000] {dagbag.py:537} INFO - Filling up the DagBag from /home/airflow/.local/lib/python3.7/site-packages/airflow/example_dags/example_nested_branch_dag.py
[2022-11-29T07:06:29.650+0000] {processor.py:766} INFO - DAG(s) dict_keys(['example_nested_branch_dag']) retrieved from /home/airflow/.local/lib/python3.7/site-packages/airflow/example_dags/example_nested_branch_dag.py
[2022-11-29T07:06:29.716+0000] {logging_mixin.py:137} INFO - [2022-11-29T07:06:29.716+0000] {dag.py:2585} INFO - Sync 1 DAGs
[2022-11-29T07:06:29.768+0000] {logging_mixin.py:137} INFO - [2022-11-29T07:06:29.768+0000] {dag.py:3340} INFO - Setting next_dagrun for example_nested_branch_dag to 2022-11-28T00:00:00+00:00, run_after=2022-11-29T00:00:00+00:00
[2022-11-29T07:06:29.803+0000] {processor.py:176} INFO - Processing /home/airflow/.local/lib/python3.7/site-packages/airflow/example_dags/example_nested_branch_dag.py took 0.226 seconds
[2022-11-29T07:07:00.095+0000] {processor.py:154} INFO - Started process (PID=170) to work on /home/airflow/.local/lib/python3.7/site-packages/airflow/example_dags/example_nested_branch_dag.py
[2022-11-29T07:07:00.097+0000] {processor.py:756} INFO - Processing file /home/airflow/.local/lib/python3.7/site-packages/airflow/example_dags/example_nested_branch_dag.py for tasks to queue
[2022-11-29T07:07:00.099+0000] {logging_mixin.py:137} INFO - [2022-11-29T07:07:00.099+0000] {dagbag.py:537} INFO - Filling up the DagBag from /home/airflow/.local/lib/python3.7/site-packages/airflow/example_dags/example_nested_branch_dag.py
[2022-11-29T07:07:00.139+0000] {processor.py:766} INFO - DAG(s) dict_keys(['example_nested_branch_dag']) retrieved from /home/airflow/.local/lib/python3.7/site-packages/airflow/example_dags/example_nested_branch_dag.py
[2022-11-29T07:07:00.206+0000] {logging_mixin.py:137} INFO - [2022-11-29T07:07:00.206+0000] {dag.py:2585} INFO - Sync 1 DAGs
[2022-11-29T07:07:00.256+0000] {logging_mixin.py:137} INFO - [2022-11-29T07:07:00.255+0000] {dag.py:3340} INFO - Setting next_dagrun for example_nested_branch_dag to 2022-11-28T00:00:00+00:00, run_after=2022-11-29T00:00:00+00:00
[2022-11-29T07:07:00.305+0000] {processor.py:176} INFO - Processing /home/airflow/.local/lib/python3.7/site-packages/airflow/example_dags/example_nested_branch_dag.py took 0.214 seconds
[2022-11-29T07:07:30.875+0000] {processor.py:154} INFO - Started process (PID=233) to work on /home/airflow/.local/lib/python3.7/site-packages/airflow/example_dags/example_nested_branch_dag.py
[2022-11-29T07:07:30.878+0000] {processor.py:756} INFO - Processing file /home/airflow/.local/lib/python3.7/site-packages/airflow/example_dags/example_nested_branch_dag.py for tasks to queue
[2022-11-29T07:07:30.881+0000] {logging_mixin.py:137} INFO - [2022-11-29T07:07:30.881+0000] {dagbag.py:537} INFO - Filling up the DagBag from /home/airflow/.local/lib/python3.7/site-packages/airflow/example_dags/example_nested_branch_dag.py
[2022-11-29T07:07:30.935+0000] {processor.py:766} INFO - DAG(s) dict_keys(['example_nested_branch_dag']) retrieved from /home/airflow/.local/lib/python3.7/site-packages/airflow/example_dags/example_nested_branch_dag.py
[2022-11-29T07:07:31.011+0000] {logging_mixin.py:137} INFO - [2022-11-29T07:07:31.011+0000] {dag.py:2585} INFO - Sync 1 DAGs
[2022-11-29T07:07:31.055+0000] {logging_mixin.py:137} INFO - [2022-11-29T07:07:31.055+0000] {dag.py:3340} INFO - Setting next_dagrun for example_nested_branch_dag to 2022-11-28T00:00:00+00:00, run_after=2022-11-29T00:00:00+00:00
[2022-11-29T07:07:31.089+0000] {processor.py:176} INFO - Processing /home/airflow/.local/lib/python3.7/site-packages/airflow/example_dags/example_nested_branch_dag.py took 0.219 seconds
[2022-11-29T07:08:01.564+0000] {processor.py:154} INFO - Started process (PID=289) to work on /home/airflow/.local/lib/python3.7/site-packages/airflow/example_dags/example_nested_branch_dag.py
[2022-11-29T07:08:01.566+0000] {processor.py:756} INFO - Processing file /home/airflow/.local/lib/python3.7/site-packages/airflow/example_dags/example_nested_branch_dag.py for tasks to queue
[2022-11-29T07:08:01.567+0000] {logging_mixin.py:137} INFO - [2022-11-29T07:08:01.567+0000] {dagbag.py:537} INFO - Filling up the DagBag from /home/airflow/.local/lib/python3.7/site-packages/airflow/example_dags/example_nested_branch_dag.py
[2022-11-29T07:08:01.604+0000] {processor.py:766} INFO - DAG(s) dict_keys(['example_nested_branch_dag']) retrieved from /home/airflow/.local/lib/python3.7/site-packages/airflow/example_dags/example_nested_branch_dag.py
[2022-11-29T07:08:01.658+0000] {logging_mixin.py:137} INFO - [2022-11-29T07:08:01.658+0000] {dag.py:2585} INFO - Sync 1 DAGs
[2022-11-29T07:08:01.694+0000] {logging_mixin.py:137} INFO - [2022-11-29T07:08:01.693+0000] {dag.py:3340} INFO - Setting next_dagrun for example_nested_branch_dag to 2022-11-28T00:00:00+00:00, run_after=2022-11-29T00:00:00+00:00
[2022-11-29T07:08:01.720+0000] {processor.py:176} INFO - Processing /home/airflow/.local/lib/python3.7/site-packages/airflow/example_dags/example_nested_branch_dag.py took 0.161 seconds
[2022-11-29T07:08:32.646+0000] {processor.py:154} INFO - Started process (PID=352) to work on /home/airflow/.local/lib/python3.7/site-packages/airflow/example_dags/example_nested_branch_dag.py
[2022-11-29T07:08:32.648+0000] {processor.py:756} INFO - Processing file /home/airflow/.local/lib/python3.7/site-packages/airflow/example_dags/example_nested_branch_dag.py for tasks to queue
[2022-11-29T07:08:32.650+0000] {logging_mixin.py:137} INFO - [2022-11-29T07:08:32.649+0000] {dagbag.py:537} INFO - Filling up the DagBag from /home/airflow/.local/lib/python3.7/site-packages/airflow/example_dags/example_nested_branch_dag.py
[2022-11-29T07:08:32.688+0000] {processor.py:766} INFO - DAG(s) dict_keys(['example_nested_branch_dag']) retrieved from /home/airflow/.local/lib/python3.7/site-packages/airflow/example_dags/example_nested_branch_dag.py
[2022-11-29T07:08:32.751+0000] {logging_mixin.py:137} INFO - [2022-11-29T07:08:32.750+0000] {dag.py:2585} INFO - Sync 1 DAGs
[2022-11-29T07:08:32.784+0000] {logging_mixin.py:137} INFO - [2022-11-29T07:08:32.784+0000] {dag.py:3340} INFO - Setting next_dagrun for example_nested_branch_dag to 2022-11-28T00:00:00+00:00, run_after=2022-11-29T00:00:00+00:00
[2022-11-29T07:08:32.811+0000] {processor.py:176} INFO - Processing /home/airflow/.local/lib/python3.7/site-packages/airflow/example_dags/example_nested_branch_dag.py took 0.170 seconds
[2022-11-29T07:09:03.582+0000] {processor.py:154} INFO - Started process (PID=415) to work on /home/airflow/.local/lib/python3.7/site-packages/airflow/example_dags/example_nested_branch_dag.py
[2022-11-29T07:09:03.585+0000] {processor.py:756} INFO - Processing file /home/airflow/.local/lib/python3.7/site-packages/airflow/example_dags/example_nested_branch_dag.py for tasks to queue
[2022-11-29T07:09:03.586+0000] {logging_mixin.py:137} INFO - [2022-11-29T07:09:03.586+0000] {dagbag.py:537} INFO - Filling up the DagBag from /home/airflow/.local/lib/python3.7/site-packages/airflow/example_dags/example_nested_branch_dag.py
[2022-11-29T07:09:03.622+0000] {processor.py:766} INFO - DAG(s) dict_keys(['example_nested_branch_dag']) retrieved from /home/airflow/.local/lib/python3.7/site-packages/airflow/example_dags/example_nested_branch_dag.py
[2022-11-29T07:09:03.681+0000] {logging_mixin.py:137} INFO - [2022-11-29T07:09:03.681+0000] {dag.py:2585} INFO - Sync 1 DAGs
[2022-11-29T07:09:03.721+0000] {logging_mixin.py:137} INFO - [2022-11-29T07:09:03.721+0000] {dag.py:3340} INFO - Setting next_dagrun for example_nested_branch_dag to 2022-11-28T00:00:00+00:00, run_after=2022-11-29T00:00:00+00:00
[2022-11-29T07:09:03.759+0000] {processor.py:176} INFO - Processing /home/airflow/.local/lib/python3.7/site-packages/airflow/example_dags/example_nested_branch_dag.py took 0.182 seconds
[2022-11-29T07:09:34.112+0000] {processor.py:154} INFO - Started process (PID=469) to work on /home/airflow/.local/lib/python3.7/site-packages/airflow/example_dags/example_nested_branch_dag.py
[2022-11-29T07:09:34.114+0000] {processor.py:756} INFO - Processing file /home/airflow/.local/lib/python3.7/site-packages/airflow/example_dags/example_nested_branch_dag.py for tasks to queue
[2022-11-29T07:09:34.117+0000] {logging_mixin.py:137} INFO - [2022-11-29T07:09:34.117+0000] {dagbag.py:537} INFO - Filling up the DagBag from /home/airflow/.local/lib/python3.7/site-packages/airflow/example_dags/example_nested_branch_dag.py
[2022-11-29T07:09:34.159+0000] {processor.py:766} INFO - DAG(s) dict_keys(['example_nested_branch_dag']) retrieved from /home/airflow/.local/lib/python3.7/site-packages/airflow/example_dags/example_nested_branch_dag.py
[2022-11-29T07:09:34.232+0000] {logging_mixin.py:137} INFO - [2022-11-29T07:09:34.232+0000] {dag.py:2585} INFO - Sync 1 DAGs
[2022-11-29T07:09:34.276+0000] {logging_mixin.py:137} INFO - [2022-11-29T07:09:34.276+0000] {dag.py:3340} INFO - Setting next_dagrun for example_nested_branch_dag to 2022-11-28T00:00:00+00:00, run_after=2022-11-29T00:00:00+00:00
[2022-11-29T07:09:34.315+0000] {processor.py:176} INFO - Processing /home/airflow/.local/lib/python3.7/site-packages/airflow/example_dags/example_nested_branch_dag.py took 0.209 seconds
[2022-11-29T07:10:04.829+0000] {processor.py:154} INFO - Started process (PID=532) to work on /home/airflow/.local/lib/python3.7/site-packages/airflow/example_dags/example_nested_branch_dag.py
[2022-11-29T07:10:04.831+0000] {processor.py:756} INFO - Processing file /home/airflow/.local/lib/python3.7/site-packages/airflow/example_dags/example_nested_branch_dag.py for tasks to queue
[2022-11-29T07:10:04.833+0000] {logging_mixin.py:137} INFO - [2022-11-29T07:10:04.833+0000] {dagbag.py:537} INFO - Filling up the DagBag from /home/airflow/.local/lib/python3.7/site-packages/airflow/example_dags/example_nested_branch_dag.py
[2022-11-29T07:10:04.871+0000] {processor.py:766} INFO - DAG(s) dict_keys(['example_nested_branch_dag']) retrieved from /home/airflow/.local/lib/python3.7/site-packages/airflow/example_dags/example_nested_branch_dag.py
[2022-11-29T07:10:04.935+0000] {logging_mixin.py:137} INFO - [2022-11-29T07:10:04.934+0000] {dag.py:2585} INFO - Sync 1 DAGs
[2022-11-29T07:10:04.977+0000] {logging_mixin.py:137} INFO - [2022-11-29T07:10:04.977+0000] {dag.py:3340} INFO - Setting next_dagrun for example_nested_branch_dag to 2022-11-28T00:00:00+00:00, run_after=2022-11-29T00:00:00+00:00
[2022-11-29T07:10:05.007+0000] {processor.py:176} INFO - Processing /home/airflow/.local/lib/python3.7/site-packages/airflow/example_dags/example_nested_branch_dag.py took 0.183 seconds
[2022-11-29T07:10:35.657+0000] {processor.py:154} INFO - Started process (PID=595) to work on /home/airflow/.local/lib/python3.7/site-packages/airflow/example_dags/example_nested_branch_dag.py
[2022-11-29T07:10:35.668+0000] {processor.py:756} INFO - Processing file /home/airflow/.local/lib/python3.7/site-packages/airflow/example_dags/example_nested_branch_dag.py for tasks to queue
[2022-11-29T07:10:35.673+0000] {logging_mixin.py:137} INFO - [2022-11-29T07:10:35.672+0000] {dagbag.py:537} INFO - Filling up the DagBag from /home/airflow/.local/lib/python3.7/site-packages/airflow/example_dags/example_nested_branch_dag.py
[2022-11-29T07:10:35.712+0000] {processor.py:766} INFO - DAG(s) dict_keys(['example_nested_branch_dag']) retrieved from /home/airflow/.local/lib/python3.7/site-packages/airflow/example_dags/example_nested_branch_dag.py
[2022-11-29T07:10:35.779+0000] {logging_mixin.py:137} INFO - [2022-11-29T07:10:35.779+0000] {dag.py:2585} INFO - Sync 1 DAGs
[2022-11-29T07:10:35.826+0000] {logging_mixin.py:137} INFO - [2022-11-29T07:10:35.826+0000] {dag.py:3340} INFO - Setting next_dagrun for example_nested_branch_dag to 2022-11-28T00:00:00+00:00, run_after=2022-11-29T00:00:00+00:00
[2022-11-29T07:10:35.859+0000] {processor.py:176} INFO - Processing /home/airflow/.local/lib/python3.7/site-packages/airflow/example_dags/example_nested_branch_dag.py took 0.208 seconds
[2022-11-29T07:11:05.900+0000] {processor.py:154} INFO - Started process (PID=649) to work on /home/airflow/.local/lib/python3.7/site-packages/airflow/example_dags/example_nested_branch_dag.py
[2022-11-29T07:11:05.901+0000] {processor.py:756} INFO - Processing file /home/airflow/.local/lib/python3.7/site-packages/airflow/example_dags/example_nested_branch_dag.py for tasks to queue
[2022-11-29T07:11:05.903+0000] {logging_mixin.py:137} INFO - [2022-11-29T07:11:05.902+0000] {dagbag.py:537} INFO - Filling up the DagBag from /home/airflow/.local/lib/python3.7/site-packages/airflow/example_dags/example_nested_branch_dag.py
[2022-11-29T07:11:05.932+0000] {processor.py:766} INFO - DAG(s) dict_keys(['example_nested_branch_dag']) retrieved from /home/airflow/.local/lib/python3.7/site-packages/airflow/example_dags/example_nested_branch_dag.py
[2022-11-29T07:11:05.978+0000] {logging_mixin.py:137} INFO - [2022-11-29T07:11:05.978+0000] {dag.py:2585} INFO - Sync 1 DAGs
[2022-11-29T07:11:06.013+0000] {logging_mixin.py:137} INFO - [2022-11-29T07:11:06.012+0000] {dag.py:3340} INFO - Setting next_dagrun for example_nested_branch_dag to 2022-11-28T00:00:00+00:00, run_after=2022-11-29T00:00:00+00:00
[2022-11-29T07:11:06.045+0000] {processor.py:176} INFO - Processing /home/airflow/.local/lib/python3.7/site-packages/airflow/example_dags/example_nested_branch_dag.py took 0.150 seconds
[2022-11-29T07:11:36.787+0000] {processor.py:154} INFO - Started process (PID=711) to work on /home/airflow/.local/lib/python3.7/site-packages/airflow/example_dags/example_nested_branch_dag.py
[2022-11-29T07:11:36.789+0000] {processor.py:756} INFO - Processing file /home/airflow/.local/lib/python3.7/site-packages/airflow/example_dags/example_nested_branch_dag.py for tasks to queue
[2022-11-29T07:11:36.791+0000] {logging_mixin.py:137} INFO - [2022-11-29T07:11:36.791+0000] {dagbag.py:537} INFO - Filling up the DagBag from /home/airflow/.local/lib/python3.7/site-packages/airflow/example_dags/example_nested_branch_dag.py
[2022-11-29T07:11:36.828+0000] {processor.py:766} INFO - DAG(s) dict_keys(['example_nested_branch_dag']) retrieved from /home/airflow/.local/lib/python3.7/site-packages/airflow/example_dags/example_nested_branch_dag.py
[2022-11-29T07:11:36.888+0000] {logging_mixin.py:137} INFO - [2022-11-29T07:11:36.888+0000] {dag.py:2585} INFO - Sync 1 DAGs
[2022-11-29T07:11:36.928+0000] {logging_mixin.py:137} INFO - [2022-11-29T07:11:36.928+0000] {dag.py:3340} INFO - Setting next_dagrun for example_nested_branch_dag to 2022-11-28T00:00:00+00:00, run_after=2022-11-29T00:00:00+00:00
[2022-11-29T07:11:36.968+0000] {processor.py:176} INFO - Processing /home/airflow/.local/lib/python3.7/site-packages/airflow/example_dags/example_nested_branch_dag.py took 0.188 seconds
[2022-11-29T07:12:07.698+0000] {processor.py:154} INFO - Started process (PID=775) to work on /home/airflow/.local/lib/python3.7/site-packages/airflow/example_dags/example_nested_branch_dag.py
[2022-11-29T07:12:07.701+0000] {processor.py:756} INFO - Processing file /home/airflow/.local/lib/python3.7/site-packages/airflow/example_dags/example_nested_branch_dag.py for tasks to queue
[2022-11-29T07:12:07.703+0000] {logging_mixin.py:137} INFO - [2022-11-29T07:12:07.703+0000] {dagbag.py:537} INFO - Filling up the DagBag from /home/airflow/.local/lib/python3.7/site-packages/airflow/example_dags/example_nested_branch_dag.py
[2022-11-29T07:12:07.747+0000] {processor.py:766} INFO - DAG(s) dict_keys(['example_nested_branch_dag']) retrieved from /home/airflow/.local/lib/python3.7/site-packages/airflow/example_dags/example_nested_branch_dag.py
[2022-11-29T07:12:07.816+0000] {logging_mixin.py:137} INFO - [2022-11-29T07:12:07.816+0000] {dag.py:2585} INFO - Sync 1 DAGs
[2022-11-29T07:12:07.861+0000] {logging_mixin.py:137} INFO - [2022-11-29T07:12:07.861+0000] {dag.py:3340} INFO - Setting next_dagrun for example_nested_branch_dag to 2022-11-28T00:00:00+00:00, run_after=2022-11-29T00:00:00+00:00
[2022-11-29T07:12:07.890+0000] {processor.py:176} INFO - Processing /home/airflow/.local/lib/python3.7/site-packages/airflow/example_dags/example_nested_branch_dag.py took 0.197 seconds
[2022-11-29T07:12:38.016+0000] {processor.py:154} INFO - Started process (PID=829) to work on /home/airflow/.local/lib/python3.7/site-packages/airflow/example_dags/example_nested_branch_dag.py
[2022-11-29T07:12:38.018+0000] {processor.py:756} INFO - Processing file /home/airflow/.local/lib/python3.7/site-packages/airflow/example_dags/example_nested_branch_dag.py for tasks to queue
[2022-11-29T07:12:38.020+0000] {logging_mixin.py:137} INFO - [2022-11-29T07:12:38.019+0000] {dagbag.py:537} INFO - Filling up the DagBag from /home/airflow/.local/lib/python3.7/site-packages/airflow/example_dags/example_nested_branch_dag.py
[2022-11-29T07:12:38.051+0000] {processor.py:766} INFO - DAG(s) dict_keys(['example_nested_branch_dag']) retrieved from /home/airflow/.local/lib/python3.7/site-packages/airflow/example_dags/example_nested_branch_dag.py
[2022-11-29T07:12:38.102+0000] {logging_mixin.py:137} INFO - [2022-11-29T07:12:38.102+0000] {dag.py:2585} INFO - Sync 1 DAGs
[2022-11-29T07:12:38.145+0000] {logging_mixin.py:137} INFO - [2022-11-29T07:12:38.144+0000] {dag.py:3340} INFO - Setting next_dagrun for example_nested_branch_dag to 2022-11-28T00:00:00+00:00, run_after=2022-11-29T00:00:00+00:00
[2022-11-29T07:12:38.174+0000] {processor.py:176} INFO - Processing /home/airflow/.local/lib/python3.7/site-packages/airflow/example_dags/example_nested_branch_dag.py took 0.164 seconds
[2022-11-29T07:13:08.443+0000] {processor.py:154} INFO - Started process (PID=891) to work on /home/airflow/.local/lib/python3.7/site-packages/airflow/example_dags/example_nested_branch_dag.py
[2022-11-29T07:13:08.445+0000] {processor.py:756} INFO - Processing file /home/airflow/.local/lib/python3.7/site-packages/airflow/example_dags/example_nested_branch_dag.py for tasks to queue
[2022-11-29T07:13:08.446+0000] {logging_mixin.py:137} INFO - [2022-11-29T07:13:08.446+0000] {dagbag.py:537} INFO - Filling up the DagBag from /home/airflow/.local/lib/python3.7/site-packages/airflow/example_dags/example_nested_branch_dag.py
[2022-11-29T07:13:08.485+0000] {processor.py:766} INFO - DAG(s) dict_keys(['example_nested_branch_dag']) retrieved from /home/airflow/.local/lib/python3.7/site-packages/airflow/example_dags/example_nested_branch_dag.py
[2022-11-29T07:13:08.545+0000] {logging_mixin.py:137} INFO - [2022-11-29T07:13:08.545+0000] {dag.py:2585} INFO - Sync 1 DAGs
[2022-11-29T07:13:08.578+0000] {logging_mixin.py:137} INFO - [2022-11-29T07:13:08.578+0000] {dag.py:3340} INFO - Setting next_dagrun for example_nested_branch_dag to 2022-11-28T00:00:00+00:00, run_after=2022-11-29T00:00:00+00:00
[2022-11-29T07:13:08.607+0000] {processor.py:176} INFO - Processing /home/airflow/.local/lib/python3.7/site-packages/airflow/example_dags/example_nested_branch_dag.py took 0.170 seconds
[2022-11-29T07:13:39.448+0000] {processor.py:154} INFO - Started process (PID=952) to work on /home/airflow/.local/lib/python3.7/site-packages/airflow/example_dags/example_nested_branch_dag.py
[2022-11-29T07:13:39.450+0000] {processor.py:756} INFO - Processing file /home/airflow/.local/lib/python3.7/site-packages/airflow/example_dags/example_nested_branch_dag.py for tasks to queue
[2022-11-29T07:13:39.451+0000] {logging_mixin.py:137} INFO - [2022-11-29T07:13:39.451+0000] {dagbag.py:537} INFO - Filling up the DagBag from /home/airflow/.local/lib/python3.7/site-packages/airflow/example_dags/example_nested_branch_dag.py
[2022-11-29T07:13:39.487+0000] {processor.py:766} INFO - DAG(s) dict_keys(['example_nested_branch_dag']) retrieved from /home/airflow/.local/lib/python3.7/site-packages/airflow/example_dags/example_nested_branch_dag.py
[2022-11-29T07:13:39.545+0000] {logging_mixin.py:137} INFO - [2022-11-29T07:13:39.545+0000] {dag.py:2585} INFO - Sync 1 DAGs
[2022-11-29T07:13:39.589+0000] {logging_mixin.py:137} INFO - [2022-11-29T07:13:39.589+0000] {dag.py:3340} INFO - Setting next_dagrun for example_nested_branch_dag to 2022-11-28T00:00:00+00:00, run_after=2022-11-29T00:00:00+00:00
[2022-11-29T07:13:39.620+0000] {processor.py:176} INFO - Processing /home/airflow/.local/lib/python3.7/site-packages/airflow/example_dags/example_nested_branch_dag.py took 0.185 seconds
[2022-11-29T07:14:10.504+0000] {processor.py:154} INFO - Started process (PID=1008) to work on /home/airflow/.local/lib/python3.7/site-packages/airflow/example_dags/example_nested_branch_dag.py
[2022-11-29T07:14:10.506+0000] {processor.py:756} INFO - Processing file /home/airflow/.local/lib/python3.7/site-packages/airflow/example_dags/example_nested_branch_dag.py for tasks to queue
[2022-11-29T07:14:10.508+0000] {logging_mixin.py:137} INFO - [2022-11-29T07:14:10.507+0000] {dagbag.py:537} INFO - Filling up the DagBag from /home/airflow/.local/lib/python3.7/site-packages/airflow/example_dags/example_nested_branch_dag.py
[2022-11-29T07:14:10.545+0000] {processor.py:766} INFO - DAG(s) dict_keys(['example_nested_branch_dag']) retrieved from /home/airflow/.local/lib/python3.7/site-packages/airflow/example_dags/example_nested_branch_dag.py
[2022-11-29T07:14:10.610+0000] {logging_mixin.py:137} INFO - [2022-11-29T07:14:10.610+0000] {dag.py:2585} INFO - Sync 1 DAGs
[2022-11-29T07:14:10.658+0000] {logging_mixin.py:137} INFO - [2022-11-29T07:14:10.658+0000] {dag.py:3340} INFO - Setting next_dagrun for example_nested_branch_dag to 2022-11-28T00:00:00+00:00, run_after=2022-11-29T00:00:00+00:00
[2022-11-29T07:14:10.696+0000] {processor.py:176} INFO - Processing /home/airflow/.local/lib/python3.7/site-packages/airflow/example_dags/example_nested_branch_dag.py took 0.197 seconds
[2022-11-29T07:14:41.107+0000] {processor.py:154} INFO - Started process (PID=1071) to work on /home/airflow/.local/lib/python3.7/site-packages/airflow/example_dags/example_nested_branch_dag.py
[2022-11-29T07:14:41.109+0000] {processor.py:756} INFO - Processing file /home/airflow/.local/lib/python3.7/site-packages/airflow/example_dags/example_nested_branch_dag.py for tasks to queue
[2022-11-29T07:14:41.111+0000] {logging_mixin.py:137} INFO - [2022-11-29T07:14:41.110+0000] {dagbag.py:537} INFO - Filling up the DagBag from /home/airflow/.local/lib/python3.7/site-packages/airflow/example_dags/example_nested_branch_dag.py
[2022-11-29T07:14:41.146+0000] {processor.py:766} INFO - DAG(s) dict_keys(['example_nested_branch_dag']) retrieved from /home/airflow/.local/lib/python3.7/site-packages/airflow/example_dags/example_nested_branch_dag.py
[2022-11-29T07:14:41.207+0000] {logging_mixin.py:137} INFO - [2022-11-29T07:14:41.206+0000] {dag.py:2585} INFO - Sync 1 DAGs
[2022-11-29T07:14:41.246+0000] {logging_mixin.py:137} INFO - [2022-11-29T07:14:41.245+0000] {dag.py:3340} INFO - Setting next_dagrun for example_nested_branch_dag to 2022-11-28T00:00:00+00:00, run_after=2022-11-29T00:00:00+00:00
[2022-11-29T07:14:41.274+0000] {processor.py:176} INFO - Processing /home/airflow/.local/lib/python3.7/site-packages/airflow/example_dags/example_nested_branch_dag.py took 0.173 seconds
[2022-11-29T07:15:11.876+0000] {processor.py:154} INFO - Started process (PID=1134) to work on /home/airflow/.local/lib/python3.7/site-packages/airflow/example_dags/example_nested_branch_dag.py
[2022-11-29T07:15:11.878+0000] {processor.py:756} INFO - Processing file /home/airflow/.local/lib/python3.7/site-packages/airflow/example_dags/example_nested_branch_dag.py for tasks to queue
[2022-11-29T07:15:11.880+0000] {logging_mixin.py:137} INFO - [2022-11-29T07:15:11.879+0000] {dagbag.py:537} INFO - Filling up the DagBag from /home/airflow/.local/lib/python3.7/site-packages/airflow/example_dags/example_nested_branch_dag.py
[2022-11-29T07:15:11.915+0000] {processor.py:766} INFO - DAG(s) dict_keys(['example_nested_branch_dag']) retrieved from /home/airflow/.local/lib/python3.7/site-packages/airflow/example_dags/example_nested_branch_dag.py
[2022-11-29T07:15:11.972+0000] {logging_mixin.py:137} INFO - [2022-11-29T07:15:11.972+0000] {dag.py:2585} INFO - Sync 1 DAGs
[2022-11-29T07:15:12.013+0000] {logging_mixin.py:137} INFO - [2022-11-29T07:15:12.013+0000] {dag.py:3340} INFO - Setting next_dagrun for example_nested_branch_dag to 2022-11-28T00:00:00+00:00, run_after=2022-11-29T00:00:00+00:00
[2022-11-29T07:15:12.041+0000] {processor.py:176} INFO - Processing /home/airflow/.local/lib/python3.7/site-packages/airflow/example_dags/example_nested_branch_dag.py took 0.170 seconds
[2022-11-29T07:15:42.405+0000] {processor.py:154} INFO - Started process (PID=1188) to work on /home/airflow/.local/lib/python3.7/site-packages/airflow/example_dags/example_nested_branch_dag.py
[2022-11-29T07:15:42.407+0000] {processor.py:756} INFO - Processing file /home/airflow/.local/lib/python3.7/site-packages/airflow/example_dags/example_nested_branch_dag.py for tasks to queue
[2022-11-29T07:15:42.409+0000] {logging_mixin.py:137} INFO - [2022-11-29T07:15:42.409+0000] {dagbag.py:537} INFO - Filling up the DagBag from /home/airflow/.local/lib/python3.7/site-packages/airflow/example_dags/example_nested_branch_dag.py
[2022-11-29T07:15:42.447+0000] {processor.py:766} INFO - DAG(s) dict_keys(['example_nested_branch_dag']) retrieved from /home/airflow/.local/lib/python3.7/site-packages/airflow/example_dags/example_nested_branch_dag.py
[2022-11-29T07:15:42.506+0000] {logging_mixin.py:137} INFO - [2022-11-29T07:15:42.506+0000] {dag.py:2585} INFO - Sync 1 DAGs
[2022-11-29T07:15:42.556+0000] {logging_mixin.py:137} INFO - [2022-11-29T07:15:42.555+0000] {dag.py:3340} INFO - Setting next_dagrun for example_nested_branch_dag to 2022-11-28T00:00:00+00:00, run_after=2022-11-29T00:00:00+00:00
[2022-11-29T07:15:42.590+0000] {processor.py:176} INFO - Processing /home/airflow/.local/lib/python3.7/site-packages/airflow/example_dags/example_nested_branch_dag.py took 0.192 seconds
[2022-11-29T07:16:12.674+0000] {processor.py:154} INFO - Started process (PID=1252) to work on /home/airflow/.local/lib/python3.7/site-packages/airflow/example_dags/example_nested_branch_dag.py
[2022-11-29T07:16:12.676+0000] {processor.py:756} INFO - Processing file /home/airflow/.local/lib/python3.7/site-packages/airflow/example_dags/example_nested_branch_dag.py for tasks to queue
[2022-11-29T07:16:12.678+0000] {logging_mixin.py:137} INFO - [2022-11-29T07:16:12.678+0000] {dagbag.py:537} INFO - Filling up the DagBag from /home/airflow/.local/lib/python3.7/site-packages/airflow/example_dags/example_nested_branch_dag.py
[2022-11-29T07:16:12.718+0000] {processor.py:766} INFO - DAG(s) dict_keys(['example_nested_branch_dag']) retrieved from /home/airflow/.local/lib/python3.7/site-packages/airflow/example_dags/example_nested_branch_dag.py
[2022-11-29T07:16:12.791+0000] {logging_mixin.py:137} INFO - [2022-11-29T07:16:12.790+0000] {dag.py:2585} INFO - Sync 1 DAGs
[2022-11-29T07:16:12.832+0000] {logging_mixin.py:137} INFO - [2022-11-29T07:16:12.832+0000] {dag.py:3340} INFO - Setting next_dagrun for example_nested_branch_dag to 2022-11-28T00:00:00+00:00, run_after=2022-11-29T00:00:00+00:00
[2022-11-29T07:16:12.861+0000] {processor.py:176} INFO - Processing /home/airflow/.local/lib/python3.7/site-packages/airflow/example_dags/example_nested_branch_dag.py took 0.192 seconds
[2022-11-29T07:16:43.163+0000] {processor.py:154} INFO - Started process (PID=1305) to work on /home/airflow/.local/lib/python3.7/site-packages/airflow/example_dags/example_nested_branch_dag.py
[2022-11-29T07:16:43.165+0000] {processor.py:756} INFO - Processing file /home/airflow/.local/lib/python3.7/site-packages/airflow/example_dags/example_nested_branch_dag.py for tasks to queue
[2022-11-29T07:16:43.166+0000] {logging_mixin.py:137} INFO - [2022-11-29T07:16:43.166+0000] {dagbag.py:537} INFO - Filling up the DagBag from /home/airflow/.local/lib/python3.7/site-packages/airflow/example_dags/example_nested_branch_dag.py
[2022-11-29T07:16:43.201+0000] {processor.py:766} INFO - DAG(s) dict_keys(['example_nested_branch_dag']) retrieved from /home/airflow/.local/lib/python3.7/site-packages/airflow/example_dags/example_nested_branch_dag.py
[2022-11-29T07:16:43.255+0000] {logging_mixin.py:137} INFO - [2022-11-29T07:16:43.255+0000] {dag.py:2585} INFO - Sync 1 DAGs
[2022-11-29T07:16:43.290+0000] {logging_mixin.py:137} INFO - [2022-11-29T07:16:43.289+0000] {dag.py:3340} INFO - Setting next_dagrun for example_nested_branch_dag to 2022-11-28T00:00:00+00:00, run_after=2022-11-29T00:00:00+00:00
[2022-11-29T07:16:43.315+0000] {processor.py:176} INFO - Processing /home/airflow/.local/lib/python3.7/site-packages/airflow/example_dags/example_nested_branch_dag.py took 0.157 seconds
[2022-11-29T07:17:13.911+0000] {processor.py:154} INFO - Started process (PID=1369) to work on /home/airflow/.local/lib/python3.7/site-packages/airflow/example_dags/example_nested_branch_dag.py
[2022-11-29T07:17:13.913+0000] {processor.py:756} INFO - Processing file /home/airflow/.local/lib/python3.7/site-packages/airflow/example_dags/example_nested_branch_dag.py for tasks to queue
[2022-11-29T07:17:13.916+0000] {logging_mixin.py:137} INFO - [2022-11-29T07:17:13.916+0000] {dagbag.py:537} INFO - Filling up the DagBag from /home/airflow/.local/lib/python3.7/site-packages/airflow/example_dags/example_nested_branch_dag.py
[2022-11-29T07:17:13.957+0000] {processor.py:766} INFO - DAG(s) dict_keys(['example_nested_branch_dag']) retrieved from /home/airflow/.local/lib/python3.7/site-packages/airflow/example_dags/example_nested_branch_dag.py
[2022-11-29T07:17:14.028+0000] {logging_mixin.py:137} INFO - [2022-11-29T07:17:14.028+0000] {dag.py:2585} INFO - Sync 1 DAGs
[2022-11-29T07:17:14.071+0000] {logging_mixin.py:137} INFO - [2022-11-29T07:17:14.071+0000] {dag.py:3340} INFO - Setting next_dagrun for example_nested_branch_dag to 2022-11-28T00:00:00+00:00, run_after=2022-11-29T00:00:00+00:00
[2022-11-29T07:17:14.102+0000] {processor.py:176} INFO - Processing /home/airflow/.local/lib/python3.7/site-packages/airflow/example_dags/example_nested_branch_dag.py took 0.198 seconds
[2022-11-29T07:17:44.832+0000] {processor.py:154} INFO - Started process (PID=1433) to work on /home/airflow/.local/lib/python3.7/site-packages/airflow/example_dags/example_nested_branch_dag.py
[2022-11-29T07:17:44.834+0000] {processor.py:756} INFO - Processing file /home/airflow/.local/lib/python3.7/site-packages/airflow/example_dags/example_nested_branch_dag.py for tasks to queue
[2022-11-29T07:17:44.837+0000] {logging_mixin.py:137} INFO - [2022-11-29T07:17:44.836+0000] {dagbag.py:537} INFO - Filling up the DagBag from /home/airflow/.local/lib/python3.7/site-packages/airflow/example_dags/example_nested_branch_dag.py
[2022-11-29T07:17:44.875+0000] {processor.py:766} INFO - DAG(s) dict_keys(['example_nested_branch_dag']) retrieved from /home/airflow/.local/lib/python3.7/site-packages/airflow/example_dags/example_nested_branch_dag.py
[2022-11-29T07:17:44.931+0000] {logging_mixin.py:137} INFO - [2022-11-29T07:17:44.931+0000] {dag.py:2585} INFO - Sync 1 DAGs
[2022-11-29T07:17:44.965+0000] {logging_mixin.py:137} INFO - [2022-11-29T07:17:44.965+0000] {dag.py:3340} INFO - Setting next_dagrun for example_nested_branch_dag to 2022-11-28T00:00:00+00:00, run_after=2022-11-29T00:00:00+00:00
[2022-11-29T07:17:44.987+0000] {processor.py:176} INFO - Processing /home/airflow/.local/lib/python3.7/site-packages/airflow/example_dags/example_nested_branch_dag.py took 0.162 seconds
[2022-11-29T07:18:16.079+0000] {processor.py:154} INFO - Started process (PID=1487) to work on /home/airflow/.local/lib/python3.7/site-packages/airflow/example_dags/example_nested_branch_dag.py
[2022-11-29T07:18:16.081+0000] {processor.py:756} INFO - Processing file /home/airflow/.local/lib/python3.7/site-packages/airflow/example_dags/example_nested_branch_dag.py for tasks to queue
[2022-11-29T07:18:16.083+0000] {logging_mixin.py:137} INFO - [2022-11-29T07:18:16.082+0000] {dagbag.py:537} INFO - Filling up the DagBag from /home/airflow/.local/lib/python3.7/site-packages/airflow/example_dags/example_nested_branch_dag.py
[2022-11-29T07:18:16.121+0000] {processor.py:766} INFO - DAG(s) dict_keys(['example_nested_branch_dag']) retrieved from /home/airflow/.local/lib/python3.7/site-packages/airflow/example_dags/example_nested_branch_dag.py
[2022-11-29T07:18:16.233+0000] {logging_mixin.py:137} INFO - [2022-11-29T07:18:16.233+0000] {dag.py:2585} INFO - Sync 1 DAGs
[2022-11-29T07:18:16.297+0000] {logging_mixin.py:137} INFO - [2022-11-29T07:18:16.296+0000] {dag.py:3340} INFO - Setting next_dagrun for example_nested_branch_dag to 2022-11-28T00:00:00+00:00, run_after=2022-11-29T00:00:00+00:00
[2022-11-29T07:18:16.337+0000] {processor.py:176} INFO - Processing /home/airflow/.local/lib/python3.7/site-packages/airflow/example_dags/example_nested_branch_dag.py took 0.263 seconds
[2022-11-29T07:18:46.715+0000] {processor.py:154} INFO - Started process (PID=1550) to work on /home/airflow/.local/lib/python3.7/site-packages/airflow/example_dags/example_nested_branch_dag.py
[2022-11-29T07:18:46.718+0000] {processor.py:756} INFO - Processing file /home/airflow/.local/lib/python3.7/site-packages/airflow/example_dags/example_nested_branch_dag.py for tasks to queue
[2022-11-29T07:18:46.720+0000] {logging_mixin.py:137} INFO - [2022-11-29T07:18:46.719+0000] {dagbag.py:537} INFO - Filling up the DagBag from /home/airflow/.local/lib/python3.7/site-packages/airflow/example_dags/example_nested_branch_dag.py
[2022-11-29T07:18:46.759+0000] {processor.py:766} INFO - DAG(s) dict_keys(['example_nested_branch_dag']) retrieved from /home/airflow/.local/lib/python3.7/site-packages/airflow/example_dags/example_nested_branch_dag.py
[2022-11-29T07:18:46.822+0000] {logging_mixin.py:137} INFO - [2022-11-29T07:18:46.822+0000] {dag.py:2585} INFO - Sync 1 DAGs
[2022-11-29T07:18:46.860+0000] {logging_mixin.py:137} INFO - [2022-11-29T07:18:46.860+0000] {dag.py:3340} INFO - Setting next_dagrun for example_nested_branch_dag to 2022-11-28T00:00:00+00:00, run_after=2022-11-29T00:00:00+00:00
[2022-11-29T07:18:46.887+0000] {processor.py:176} INFO - Processing /home/airflow/.local/lib/python3.7/site-packages/airflow/example_dags/example_nested_branch_dag.py took 0.181 seconds
[2022-11-29T07:19:17.169+0000] {processor.py:154} INFO - Started process (PID=1613) to work on /home/airflow/.local/lib/python3.7/site-packages/airflow/example_dags/example_nested_branch_dag.py
[2022-11-29T07:19:17.171+0000] {processor.py:756} INFO - Processing file /home/airflow/.local/lib/python3.7/site-packages/airflow/example_dags/example_nested_branch_dag.py for tasks to queue
[2022-11-29T07:19:17.173+0000] {logging_mixin.py:137} INFO - [2022-11-29T07:19:17.173+0000] {dagbag.py:537} INFO - Filling up the DagBag from /home/airflow/.local/lib/python3.7/site-packages/airflow/example_dags/example_nested_branch_dag.py
[2022-11-29T07:19:17.215+0000] {processor.py:766} INFO - DAG(s) dict_keys(['example_nested_branch_dag']) retrieved from /home/airflow/.local/lib/python3.7/site-packages/airflow/example_dags/example_nested_branch_dag.py
[2022-11-29T07:19:17.283+0000] {logging_mixin.py:137} INFO - [2022-11-29T07:19:17.283+0000] {dag.py:2585} INFO - Sync 1 DAGs
[2022-11-29T07:19:17.328+0000] {logging_mixin.py:137} INFO - [2022-11-29T07:19:17.328+0000] {dag.py:3340} INFO - Setting next_dagrun for example_nested_branch_dag to 2022-11-28T00:00:00+00:00, run_after=2022-11-29T00:00:00+00:00
[2022-11-29T07:19:17.359+0000] {processor.py:176} INFO - Processing /home/airflow/.local/lib/python3.7/site-packages/airflow/example_dags/example_nested_branch_dag.py took 0.196 seconds
[2022-11-29T07:19:47.803+0000] {processor.py:154} INFO - Started process (PID=1666) to work on /home/airflow/.local/lib/python3.7/site-packages/airflow/example_dags/example_nested_branch_dag.py
[2022-11-29T07:19:47.805+0000] {processor.py:756} INFO - Processing file /home/airflow/.local/lib/python3.7/site-packages/airflow/example_dags/example_nested_branch_dag.py for tasks to queue
[2022-11-29T07:19:47.807+0000] {logging_mixin.py:137} INFO - [2022-11-29T07:19:47.807+0000] {dagbag.py:537} INFO - Filling up the DagBag from /home/airflow/.local/lib/python3.7/site-packages/airflow/example_dags/example_nested_branch_dag.py
[2022-11-29T07:19:47.846+0000] {processor.py:766} INFO - DAG(s) dict_keys(['example_nested_branch_dag']) retrieved from /home/airflow/.local/lib/python3.7/site-packages/airflow/example_dags/example_nested_branch_dag.py
[2022-11-29T07:19:47.901+0000] {logging_mixin.py:137} INFO - [2022-11-29T07:19:47.901+0000] {dag.py:2585} INFO - Sync 1 DAGs
[2022-11-29T07:19:47.930+0000] {logging_mixin.py:137} INFO - [2022-11-29T07:19:47.930+0000] {dag.py:3340} INFO - Setting next_dagrun for example_nested_branch_dag to 2022-11-28T00:00:00+00:00, run_after=2022-11-29T00:00:00+00:00
[2022-11-29T07:19:47.951+0000] {processor.py:176} INFO - Processing /home/airflow/.local/lib/python3.7/site-packages/airflow/example_dags/example_nested_branch_dag.py took 0.154 seconds
