[2022-11-29T06:27:21.317+0000] {processor.py:154} INFO - Started process (PID=70) to work on /home/airflow/.local/lib/python3.7/site-packages/airflow/example_dags/example_time_delta_sensor_async.py
[2022-11-29T06:27:21.320+0000] {processor.py:756} INFO - Processing file /home/airflow/.local/lib/python3.7/site-packages/airflow/example_dags/example_time_delta_sensor_async.py for tasks to queue
[2022-11-29T06:27:21.322+0000] {logging_mixin.py:137} INFO - [2022-11-29T06:27:21.322+0000] {dagbag.py:537} INFO - Filling up the DagBag from /home/airflow/.local/lib/python3.7/site-packages/airflow/example_dags/example_time_delta_sensor_async.py
[2022-11-29T06:27:21.343+0000] {processor.py:766} INFO - DAG(s) dict_keys(['example_time_delta_sensor_async']) retrieved from /home/airflow/.local/lib/python3.7/site-packages/airflow/example_dags/example_time_delta_sensor_async.py
[2022-11-29T06:27:21.815+0000] {logging_mixin.py:137} INFO - [2022-11-29T06:27:21.815+0000] {manager.py:507} INFO - Created Permission View: can delete on DAG:example_time_delta_sensor_async
[2022-11-29T06:27:21.828+0000] {logging_mixin.py:137} INFO - [2022-11-29T06:27:21.827+0000] {manager.py:507} INFO - Created Permission View: can read on DAG:example_time_delta_sensor_async
[2022-11-29T06:27:21.836+0000] {logging_mixin.py:137} INFO - [2022-11-29T06:27:21.836+0000] {manager.py:507} INFO - Created Permission View: can edit on DAG:example_time_delta_sensor_async
[2022-11-29T06:27:21.837+0000] {logging_mixin.py:137} INFO - [2022-11-29T06:27:21.837+0000] {dag.py:2585} INFO - Sync 1 DAGs
[2022-11-29T06:27:21.857+0000] {logging_mixin.py:137} INFO - [2022-11-29T06:27:21.857+0000] {dag.py:2606} INFO - Creating ORM DAG for example_time_delta_sensor_async
[2022-11-29T06:27:21.873+0000] {logging_mixin.py:137} INFO - [2022-11-29T06:27:21.873+0000] {dag.py:3340} INFO - Setting next_dagrun for example_time_delta_sensor_async to None, run_after=None
[2022-11-29T06:27:21.899+0000] {processor.py:176} INFO - Processing /home/airflow/.local/lib/python3.7/site-packages/airflow/example_dags/example_time_delta_sensor_async.py took 0.588 seconds
[2022-11-29T06:27:52.043+0000] {processor.py:154} INFO - Started process (PID=133) to work on /home/airflow/.local/lib/python3.7/site-packages/airflow/example_dags/example_time_delta_sensor_async.py
[2022-11-29T06:27:52.045+0000] {processor.py:756} INFO - Processing file /home/airflow/.local/lib/python3.7/site-packages/airflow/example_dags/example_time_delta_sensor_async.py for tasks to queue
[2022-11-29T06:27:52.047+0000] {logging_mixin.py:137} INFO - [2022-11-29T06:27:52.047+0000] {dagbag.py:537} INFO - Filling up the DagBag from /home/airflow/.local/lib/python3.7/site-packages/airflow/example_dags/example_time_delta_sensor_async.py
[2022-11-29T06:27:52.066+0000] {processor.py:766} INFO - DAG(s) dict_keys(['example_time_delta_sensor_async']) retrieved from /home/airflow/.local/lib/python3.7/site-packages/airflow/example_dags/example_time_delta_sensor_async.py
[2022-11-29T06:27:53.080+0000] {logging_mixin.py:137} INFO - [2022-11-29T06:27:53.080+0000] {dag.py:2585} INFO - Sync 1 DAGs
[2022-11-29T06:27:53.157+0000] {logging_mixin.py:137} INFO - [2022-11-29T06:27:53.156+0000] {dag.py:3340} INFO - Setting next_dagrun for example_time_delta_sensor_async to None, run_after=None
[2022-11-29T06:27:53.195+0000] {processor.py:176} INFO - Processing /home/airflow/.local/lib/python3.7/site-packages/airflow/example_dags/example_time_delta_sensor_async.py took 1.185 seconds
[2022-11-29T06:28:23.684+0000] {processor.py:154} INFO - Started process (PID=198) to work on /home/airflow/.local/lib/python3.7/site-packages/airflow/example_dags/example_time_delta_sensor_async.py
[2022-11-29T06:28:23.687+0000] {processor.py:756} INFO - Processing file /home/airflow/.local/lib/python3.7/site-packages/airflow/example_dags/example_time_delta_sensor_async.py for tasks to queue
[2022-11-29T06:28:23.689+0000] {logging_mixin.py:137} INFO - [2022-11-29T06:28:23.688+0000] {dagbag.py:537} INFO - Filling up the DagBag from /home/airflow/.local/lib/python3.7/site-packages/airflow/example_dags/example_time_delta_sensor_async.py
[2022-11-29T06:28:23.712+0000] {processor.py:766} INFO - DAG(s) dict_keys(['example_time_delta_sensor_async']) retrieved from /home/airflow/.local/lib/python3.7/site-packages/airflow/example_dags/example_time_delta_sensor_async.py
[2022-11-29T06:28:24.090+0000] {logging_mixin.py:137} INFO - [2022-11-29T06:28:24.090+0000] {dag.py:2585} INFO - Sync 1 DAGs
[2022-11-29T06:28:24.124+0000] {logging_mixin.py:137} INFO - [2022-11-29T06:28:24.124+0000] {dag.py:3340} INFO - Setting next_dagrun for example_time_delta_sensor_async to None, run_after=None
[2022-11-29T06:28:24.156+0000] {processor.py:176} INFO - Processing /home/airflow/.local/lib/python3.7/site-packages/airflow/example_dags/example_time_delta_sensor_async.py took 0.476 seconds
[2022-11-29T06:28:55.170+0000] {processor.py:154} INFO - Started process (PID=253) to work on /home/airflow/.local/lib/python3.7/site-packages/airflow/example_dags/example_time_delta_sensor_async.py
[2022-11-29T06:28:55.174+0000] {processor.py:756} INFO - Processing file /home/airflow/.local/lib/python3.7/site-packages/airflow/example_dags/example_time_delta_sensor_async.py for tasks to queue
[2022-11-29T06:28:55.177+0000] {logging_mixin.py:137} INFO - [2022-11-29T06:28:55.176+0000] {dagbag.py:537} INFO - Filling up the DagBag from /home/airflow/.local/lib/python3.7/site-packages/airflow/example_dags/example_time_delta_sensor_async.py
[2022-11-29T06:28:55.196+0000] {processor.py:766} INFO - DAG(s) dict_keys(['example_time_delta_sensor_async']) retrieved from /home/airflow/.local/lib/python3.7/site-packages/airflow/example_dags/example_time_delta_sensor_async.py
[2022-11-29T06:28:55.505+0000] {logging_mixin.py:137} INFO - [2022-11-29T06:28:55.504+0000] {dag.py:2585} INFO - Sync 1 DAGs
[2022-11-29T06:28:55.541+0000] {logging_mixin.py:137} INFO - [2022-11-29T06:28:55.541+0000] {dag.py:3340} INFO - Setting next_dagrun for example_time_delta_sensor_async to None, run_after=None
[2022-11-29T06:28:55.568+0000] {processor.py:176} INFO - Processing /home/airflow/.local/lib/python3.7/site-packages/airflow/example_dags/example_time_delta_sensor_async.py took 0.411 seconds
[2022-11-29T06:31:45.088+0000] {processor.py:154} INFO - Started process (PID=73) to work on /home/airflow/.local/lib/python3.7/site-packages/airflow/example_dags/example_time_delta_sensor_async.py
[2022-11-29T06:31:45.090+0000] {processor.py:756} INFO - Processing file /home/airflow/.local/lib/python3.7/site-packages/airflow/example_dags/example_time_delta_sensor_async.py for tasks to queue
[2022-11-29T06:31:45.092+0000] {logging_mixin.py:137} INFO - [2022-11-29T06:31:45.091+0000] {dagbag.py:537} INFO - Filling up the DagBag from /home/airflow/.local/lib/python3.7/site-packages/airflow/example_dags/example_time_delta_sensor_async.py
[2022-11-29T06:31:45.115+0000] {processor.py:766} INFO - DAG(s) dict_keys(['example_time_delta_sensor_async']) retrieved from /home/airflow/.local/lib/python3.7/site-packages/airflow/example_dags/example_time_delta_sensor_async.py
[2022-11-29T06:31:45.209+0000] {logging_mixin.py:137} INFO - [2022-11-29T06:31:45.208+0000] {dag.py:2585} INFO - Sync 1 DAGs
[2022-11-29T06:31:45.256+0000] {logging_mixin.py:137} INFO - [2022-11-29T06:31:45.256+0000] {dag.py:3340} INFO - Setting next_dagrun for example_time_delta_sensor_async to None, run_after=None
[2022-11-29T06:31:45.291+0000] {processor.py:176} INFO - Processing /home/airflow/.local/lib/python3.7/site-packages/airflow/example_dags/example_time_delta_sensor_async.py took 0.209 seconds
[2022-11-29T06:32:16.378+0000] {processor.py:154} INFO - Started process (PID=135) to work on /home/airflow/.local/lib/python3.7/site-packages/airflow/example_dags/example_time_delta_sensor_async.py
[2022-11-29T06:32:16.381+0000] {processor.py:756} INFO - Processing file /home/airflow/.local/lib/python3.7/site-packages/airflow/example_dags/example_time_delta_sensor_async.py for tasks to queue
[2022-11-29T06:32:16.384+0000] {logging_mixin.py:137} INFO - [2022-11-29T06:32:16.383+0000] {dagbag.py:537} INFO - Filling up the DagBag from /home/airflow/.local/lib/python3.7/site-packages/airflow/example_dags/example_time_delta_sensor_async.py
[2022-11-29T06:32:16.414+0000] {processor.py:766} INFO - DAG(s) dict_keys(['example_time_delta_sensor_async']) retrieved from /home/airflow/.local/lib/python3.7/site-packages/airflow/example_dags/example_time_delta_sensor_async.py
[2022-11-29T06:32:16.929+0000] {logging_mixin.py:137} INFO - [2022-11-29T06:32:16.929+0000] {dag.py:2585} INFO - Sync 1 DAGs
[2022-11-29T06:32:16.999+0000] {logging_mixin.py:137} INFO - [2022-11-29T06:32:16.999+0000] {dag.py:3340} INFO - Setting next_dagrun for example_time_delta_sensor_async to None, run_after=None
[2022-11-29T06:32:17.049+0000] {processor.py:176} INFO - Processing /home/airflow/.local/lib/python3.7/site-packages/airflow/example_dags/example_time_delta_sensor_async.py took 0.679 seconds
[2022-11-29T06:32:47.236+0000] {processor.py:154} INFO - Started process (PID=191) to work on /home/airflow/.local/lib/python3.7/site-packages/airflow/example_dags/example_time_delta_sensor_async.py
[2022-11-29T06:32:47.238+0000] {processor.py:756} INFO - Processing file /home/airflow/.local/lib/python3.7/site-packages/airflow/example_dags/example_time_delta_sensor_async.py for tasks to queue
[2022-11-29T06:32:47.239+0000] {logging_mixin.py:137} INFO - [2022-11-29T06:32:47.239+0000] {dagbag.py:537} INFO - Filling up the DagBag from /home/airflow/.local/lib/python3.7/site-packages/airflow/example_dags/example_time_delta_sensor_async.py
[2022-11-29T06:32:47.259+0000] {processor.py:766} INFO - DAG(s) dict_keys(['example_time_delta_sensor_async']) retrieved from /home/airflow/.local/lib/python3.7/site-packages/airflow/example_dags/example_time_delta_sensor_async.py
[2022-11-29T06:32:47.524+0000] {logging_mixin.py:137} INFO - [2022-11-29T06:32:47.524+0000] {dag.py:2585} INFO - Sync 1 DAGs
[2022-11-29T06:32:47.553+0000] {logging_mixin.py:137} INFO - [2022-11-29T06:32:47.553+0000] {dag.py:3340} INFO - Setting next_dagrun for example_time_delta_sensor_async to None, run_after=None
[2022-11-29T06:32:47.579+0000] {processor.py:176} INFO - Processing /home/airflow/.local/lib/python3.7/site-packages/airflow/example_dags/example_time_delta_sensor_async.py took 0.348 seconds
[2022-11-29T06:33:17.939+0000] {processor.py:154} INFO - Started process (PID=255) to work on /home/airflow/.local/lib/python3.7/site-packages/airflow/example_dags/example_time_delta_sensor_async.py
[2022-11-29T06:33:17.941+0000] {processor.py:756} INFO - Processing file /home/airflow/.local/lib/python3.7/site-packages/airflow/example_dags/example_time_delta_sensor_async.py for tasks to queue
[2022-11-29T06:33:17.943+0000] {logging_mixin.py:137} INFO - [2022-11-29T06:33:17.943+0000] {dagbag.py:537} INFO - Filling up the DagBag from /home/airflow/.local/lib/python3.7/site-packages/airflow/example_dags/example_time_delta_sensor_async.py
[2022-11-29T06:33:17.960+0000] {processor.py:766} INFO - DAG(s) dict_keys(['example_time_delta_sensor_async']) retrieved from /home/airflow/.local/lib/python3.7/site-packages/airflow/example_dags/example_time_delta_sensor_async.py
[2022-11-29T06:33:18.243+0000] {logging_mixin.py:137} INFO - [2022-11-29T06:33:18.243+0000] {dag.py:2585} INFO - Sync 1 DAGs
[2022-11-29T06:33:18.280+0000] {logging_mixin.py:137} INFO - [2022-11-29T06:33:18.280+0000] {dag.py:3340} INFO - Setting next_dagrun for example_time_delta_sensor_async to None, run_after=None
[2022-11-29T06:33:18.308+0000] {processor.py:176} INFO - Processing /home/airflow/.local/lib/python3.7/site-packages/airflow/example_dags/example_time_delta_sensor_async.py took 0.377 seconds
[2022-11-29T06:52:59.166+0000] {processor.py:154} INFO - Started process (PID=74) to work on /home/airflow/.local/lib/python3.7/site-packages/airflow/example_dags/example_time_delta_sensor_async.py
[2022-11-29T06:52:59.170+0000] {processor.py:756} INFO - Processing file /home/airflow/.local/lib/python3.7/site-packages/airflow/example_dags/example_time_delta_sensor_async.py for tasks to queue
[2022-11-29T06:52:59.173+0000] {logging_mixin.py:137} INFO - [2022-11-29T06:52:59.172+0000] {dagbag.py:537} INFO - Filling up the DagBag from /home/airflow/.local/lib/python3.7/site-packages/airflow/example_dags/example_time_delta_sensor_async.py
[2022-11-29T06:52:59.198+0000] {processor.py:766} INFO - DAG(s) dict_keys(['example_time_delta_sensor_async']) retrieved from /home/airflow/.local/lib/python3.7/site-packages/airflow/example_dags/example_time_delta_sensor_async.py
[2022-11-29T06:52:59.274+0000] {logging_mixin.py:137} INFO - [2022-11-29T06:52:59.273+0000] {dag.py:2585} INFO - Sync 1 DAGs
[2022-11-29T06:52:59.363+0000] {logging_mixin.py:137} INFO - [2022-11-29T06:52:59.363+0000] {dag.py:3340} INFO - Setting next_dagrun for example_time_delta_sensor_async to None, run_after=None
[2022-11-29T06:52:59.403+0000] {processor.py:176} INFO - Processing /home/airflow/.local/lib/python3.7/site-packages/airflow/example_dags/example_time_delta_sensor_async.py took 0.245 seconds
[2022-11-29T06:53:30.083+0000] {processor.py:154} INFO - Started process (PID=139) to work on /home/airflow/.local/lib/python3.7/site-packages/airflow/example_dags/example_time_delta_sensor_async.py
[2022-11-29T06:53:30.085+0000] {processor.py:756} INFO - Processing file /home/airflow/.local/lib/python3.7/site-packages/airflow/example_dags/example_time_delta_sensor_async.py for tasks to queue
[2022-11-29T06:53:30.087+0000] {logging_mixin.py:137} INFO - [2022-11-29T06:53:30.086+0000] {dagbag.py:537} INFO - Filling up the DagBag from /home/airflow/.local/lib/python3.7/site-packages/airflow/example_dags/example_time_delta_sensor_async.py
[2022-11-29T06:53:30.107+0000] {processor.py:766} INFO - DAG(s) dict_keys(['example_time_delta_sensor_async']) retrieved from /home/airflow/.local/lib/python3.7/site-packages/airflow/example_dags/example_time_delta_sensor_async.py
[2022-11-29T06:53:30.412+0000] {logging_mixin.py:137} INFO - [2022-11-29T06:53:30.412+0000] {dag.py:2585} INFO - Sync 1 DAGs
[2022-11-29T06:53:30.458+0000] {logging_mixin.py:137} INFO - [2022-11-29T06:53:30.458+0000] {dag.py:3340} INFO - Setting next_dagrun for example_time_delta_sensor_async to None, run_after=None
[2022-11-29T06:53:30.490+0000] {processor.py:176} INFO - Processing /home/airflow/.local/lib/python3.7/site-packages/airflow/example_dags/example_time_delta_sensor_async.py took 0.412 seconds
[2022-11-29T06:54:00.945+0000] {processor.py:154} INFO - Started process (PID=194) to work on /home/airflow/.local/lib/python3.7/site-packages/airflow/example_dags/example_time_delta_sensor_async.py
[2022-11-29T06:54:00.947+0000] {processor.py:756} INFO - Processing file /home/airflow/.local/lib/python3.7/site-packages/airflow/example_dags/example_time_delta_sensor_async.py for tasks to queue
[2022-11-29T06:54:00.950+0000] {logging_mixin.py:137} INFO - [2022-11-29T06:54:00.950+0000] {dagbag.py:537} INFO - Filling up the DagBag from /home/airflow/.local/lib/python3.7/site-packages/airflow/example_dags/example_time_delta_sensor_async.py
[2022-11-29T06:54:01.002+0000] {processor.py:766} INFO - DAG(s) dict_keys(['example_time_delta_sensor_async']) retrieved from /home/airflow/.local/lib/python3.7/site-packages/airflow/example_dags/example_time_delta_sensor_async.py
[2022-11-29T06:54:01.441+0000] {logging_mixin.py:137} INFO - [2022-11-29T06:54:01.441+0000] {dag.py:2585} INFO - Sync 1 DAGs
[2022-11-29T06:54:01.481+0000] {logging_mixin.py:137} INFO - [2022-11-29T06:54:01.481+0000] {dag.py:3340} INFO - Setting next_dagrun for example_time_delta_sensor_async to None, run_after=None
[2022-11-29T06:54:01.510+0000] {processor.py:176} INFO - Processing /home/airflow/.local/lib/python3.7/site-packages/airflow/example_dags/example_time_delta_sensor_async.py took 0.572 seconds
[2022-11-29T06:54:31.956+0000] {processor.py:154} INFO - Started process (PID=257) to work on /home/airflow/.local/lib/python3.7/site-packages/airflow/example_dags/example_time_delta_sensor_async.py
[2022-11-29T06:54:31.958+0000] {processor.py:756} INFO - Processing file /home/airflow/.local/lib/python3.7/site-packages/airflow/example_dags/example_time_delta_sensor_async.py for tasks to queue
[2022-11-29T06:54:31.960+0000] {logging_mixin.py:137} INFO - [2022-11-29T06:54:31.960+0000] {dagbag.py:537} INFO - Filling up the DagBag from /home/airflow/.local/lib/python3.7/site-packages/airflow/example_dags/example_time_delta_sensor_async.py
[2022-11-29T06:54:31.979+0000] {processor.py:766} INFO - DAG(s) dict_keys(['example_time_delta_sensor_async']) retrieved from /home/airflow/.local/lib/python3.7/site-packages/airflow/example_dags/example_time_delta_sensor_async.py
[2022-11-29T06:54:32.298+0000] {logging_mixin.py:137} INFO - [2022-11-29T06:54:32.298+0000] {dag.py:2585} INFO - Sync 1 DAGs
[2022-11-29T06:54:32.338+0000] {logging_mixin.py:137} INFO - [2022-11-29T06:54:32.338+0000] {dag.py:3340} INFO - Setting next_dagrun for example_time_delta_sensor_async to None, run_after=None
[2022-11-29T06:54:32.367+0000] {processor.py:176} INFO - Processing /home/airflow/.local/lib/python3.7/site-packages/airflow/example_dags/example_time_delta_sensor_async.py took 0.418 seconds
[2022-11-29T06:55:02.410+0000] {processor.py:154} INFO - Started process (PID=311) to work on /home/airflow/.local/lib/python3.7/site-packages/airflow/example_dags/example_time_delta_sensor_async.py
[2022-11-29T06:55:02.412+0000] {processor.py:756} INFO - Processing file /home/airflow/.local/lib/python3.7/site-packages/airflow/example_dags/example_time_delta_sensor_async.py for tasks to queue
[2022-11-29T06:55:02.414+0000] {logging_mixin.py:137} INFO - [2022-11-29T06:55:02.414+0000] {dagbag.py:537} INFO - Filling up the DagBag from /home/airflow/.local/lib/python3.7/site-packages/airflow/example_dags/example_time_delta_sensor_async.py
[2022-11-29T06:55:02.436+0000] {processor.py:766} INFO - DAG(s) dict_keys(['example_time_delta_sensor_async']) retrieved from /home/airflow/.local/lib/python3.7/site-packages/airflow/example_dags/example_time_delta_sensor_async.py
[2022-11-29T06:55:02.781+0000] {logging_mixin.py:137} INFO - [2022-11-29T06:55:02.781+0000] {dag.py:2585} INFO - Sync 1 DAGs
[2022-11-29T06:55:02.847+0000] {logging_mixin.py:137} INFO - [2022-11-29T06:55:02.847+0000] {dag.py:3340} INFO - Setting next_dagrun for example_time_delta_sensor_async to None, run_after=None
[2022-11-29T06:55:02.906+0000] {processor.py:176} INFO - Processing /home/airflow/.local/lib/python3.7/site-packages/airflow/example_dags/example_time_delta_sensor_async.py took 0.501 seconds
[2022-11-29T06:55:33.402+0000] {processor.py:154} INFO - Started process (PID=374) to work on /home/airflow/.local/lib/python3.7/site-packages/airflow/example_dags/example_time_delta_sensor_async.py
[2022-11-29T06:55:33.404+0000] {processor.py:756} INFO - Processing file /home/airflow/.local/lib/python3.7/site-packages/airflow/example_dags/example_time_delta_sensor_async.py for tasks to queue
[2022-11-29T06:55:33.405+0000] {logging_mixin.py:137} INFO - [2022-11-29T06:55:33.405+0000] {dagbag.py:537} INFO - Filling up the DagBag from /home/airflow/.local/lib/python3.7/site-packages/airflow/example_dags/example_time_delta_sensor_async.py
[2022-11-29T06:55:33.424+0000] {processor.py:766} INFO - DAG(s) dict_keys(['example_time_delta_sensor_async']) retrieved from /home/airflow/.local/lib/python3.7/site-packages/airflow/example_dags/example_time_delta_sensor_async.py
[2022-11-29T06:55:33.725+0000] {logging_mixin.py:137} INFO - [2022-11-29T06:55:33.725+0000] {dag.py:2585} INFO - Sync 1 DAGs
[2022-11-29T06:55:33.769+0000] {logging_mixin.py:137} INFO - [2022-11-29T06:55:33.769+0000] {dag.py:3340} INFO - Setting next_dagrun for example_time_delta_sensor_async to None, run_after=None
[2022-11-29T06:55:33.799+0000] {processor.py:176} INFO - Processing /home/airflow/.local/lib/python3.7/site-packages/airflow/example_dags/example_time_delta_sensor_async.py took 0.403 seconds
[2022-11-29T07:01:52.908+0000] {processor.py:154} INFO - Started process (PID=72) to work on /home/airflow/.local/lib/python3.7/site-packages/airflow/example_dags/example_time_delta_sensor_async.py
[2022-11-29T07:01:52.919+0000] {processor.py:756} INFO - Processing file /home/airflow/.local/lib/python3.7/site-packages/airflow/example_dags/example_time_delta_sensor_async.py for tasks to queue
[2022-11-29T07:01:52.926+0000] {logging_mixin.py:137} INFO - [2022-11-29T07:01:52.925+0000] {dagbag.py:537} INFO - Filling up the DagBag from /home/airflow/.local/lib/python3.7/site-packages/airflow/example_dags/example_time_delta_sensor_async.py
[2022-11-29T07:01:52.965+0000] {processor.py:766} INFO - DAG(s) dict_keys(['example_time_delta_sensor_async']) retrieved from /home/airflow/.local/lib/python3.7/site-packages/airflow/example_dags/example_time_delta_sensor_async.py
[2022-11-29T07:01:53.039+0000] {logging_mixin.py:137} INFO - [2022-11-29T07:01:53.039+0000] {dag.py:2585} INFO - Sync 1 DAGs
[2022-11-29T07:01:53.096+0000] {logging_mixin.py:137} INFO - [2022-11-29T07:01:53.096+0000] {dag.py:3340} INFO - Setting next_dagrun for example_time_delta_sensor_async to None, run_after=None
[2022-11-29T07:01:53.149+0000] {processor.py:176} INFO - Processing /home/airflow/.local/lib/python3.7/site-packages/airflow/example_dags/example_time_delta_sensor_async.py took 0.246 seconds
[2022-11-29T07:02:24.014+0000] {processor.py:154} INFO - Started process (PID=135) to work on /home/airflow/.local/lib/python3.7/site-packages/airflow/example_dags/example_time_delta_sensor_async.py
[2022-11-29T07:02:24.016+0000] {processor.py:756} INFO - Processing file /home/airflow/.local/lib/python3.7/site-packages/airflow/example_dags/example_time_delta_sensor_async.py for tasks to queue
[2022-11-29T07:02:24.019+0000] {logging_mixin.py:137} INFO - [2022-11-29T07:02:24.018+0000] {dagbag.py:537} INFO - Filling up the DagBag from /home/airflow/.local/lib/python3.7/site-packages/airflow/example_dags/example_time_delta_sensor_async.py
[2022-11-29T07:02:24.042+0000] {processor.py:766} INFO - DAG(s) dict_keys(['example_time_delta_sensor_async']) retrieved from /home/airflow/.local/lib/python3.7/site-packages/airflow/example_dags/example_time_delta_sensor_async.py
[2022-11-29T07:02:24.367+0000] {logging_mixin.py:137} INFO - [2022-11-29T07:02:24.366+0000] {dag.py:2585} INFO - Sync 1 DAGs
[2022-11-29T07:02:24.401+0000] {logging_mixin.py:137} INFO - [2022-11-29T07:02:24.400+0000] {dag.py:3340} INFO - Setting next_dagrun for example_time_delta_sensor_async to None, run_after=None
[2022-11-29T07:02:24.431+0000] {processor.py:176} INFO - Processing /home/airflow/.local/lib/python3.7/site-packages/airflow/example_dags/example_time_delta_sensor_async.py took 0.423 seconds
[2022-11-29T07:02:55.007+0000] {processor.py:154} INFO - Started process (PID=190) to work on /home/airflow/.local/lib/python3.7/site-packages/airflow/example_dags/example_time_delta_sensor_async.py
[2022-11-29T07:02:55.010+0000] {processor.py:756} INFO - Processing file /home/airflow/.local/lib/python3.7/site-packages/airflow/example_dags/example_time_delta_sensor_async.py for tasks to queue
[2022-11-29T07:02:55.013+0000] {logging_mixin.py:137} INFO - [2022-11-29T07:02:55.012+0000] {dagbag.py:537} INFO - Filling up the DagBag from /home/airflow/.local/lib/python3.7/site-packages/airflow/example_dags/example_time_delta_sensor_async.py
[2022-11-29T07:02:55.048+0000] {processor.py:766} INFO - DAG(s) dict_keys(['example_time_delta_sensor_async']) retrieved from /home/airflow/.local/lib/python3.7/site-packages/airflow/example_dags/example_time_delta_sensor_async.py
[2022-11-29T07:02:55.452+0000] {logging_mixin.py:137} INFO - [2022-11-29T07:02:55.452+0000] {dag.py:2585} INFO - Sync 1 DAGs
[2022-11-29T07:02:55.505+0000] {logging_mixin.py:137} INFO - [2022-11-29T07:02:55.505+0000] {dag.py:3340} INFO - Setting next_dagrun for example_time_delta_sensor_async to None, run_after=None
[2022-11-29T07:02:55.537+0000] {processor.py:176} INFO - Processing /home/airflow/.local/lib/python3.7/site-packages/airflow/example_dags/example_time_delta_sensor_async.py took 0.539 seconds
[2022-11-29T07:03:25.832+0000] {processor.py:154} INFO - Started process (PID=253) to work on /home/airflow/.local/lib/python3.7/site-packages/airflow/example_dags/example_time_delta_sensor_async.py
[2022-11-29T07:03:25.833+0000] {processor.py:756} INFO - Processing file /home/airflow/.local/lib/python3.7/site-packages/airflow/example_dags/example_time_delta_sensor_async.py for tasks to queue
[2022-11-29T07:03:25.836+0000] {logging_mixin.py:137} INFO - [2022-11-29T07:03:25.836+0000] {dagbag.py:537} INFO - Filling up the DagBag from /home/airflow/.local/lib/python3.7/site-packages/airflow/example_dags/example_time_delta_sensor_async.py
[2022-11-29T07:03:25.856+0000] {processor.py:766} INFO - DAG(s) dict_keys(['example_time_delta_sensor_async']) retrieved from /home/airflow/.local/lib/python3.7/site-packages/airflow/example_dags/example_time_delta_sensor_async.py
[2022-11-29T07:03:26.167+0000] {logging_mixin.py:137} INFO - [2022-11-29T07:03:26.167+0000] {dag.py:2585} INFO - Sync 1 DAGs
[2022-11-29T07:03:26.209+0000] {logging_mixin.py:137} INFO - [2022-11-29T07:03:26.209+0000] {dag.py:3340} INFO - Setting next_dagrun for example_time_delta_sensor_async to None, run_after=None
[2022-11-29T07:03:26.247+0000] {processor.py:176} INFO - Processing /home/airflow/.local/lib/python3.7/site-packages/airflow/example_dags/example_time_delta_sensor_async.py took 0.420 seconds
[2022-11-29T07:04:51.829+0000] {processor.py:154} INFO - Started process (PID=72) to work on /home/airflow/.local/lib/python3.7/site-packages/airflow/example_dags/example_time_delta_sensor_async.py
[2022-11-29T07:04:51.831+0000] {processor.py:756} INFO - Processing file /home/airflow/.local/lib/python3.7/site-packages/airflow/example_dags/example_time_delta_sensor_async.py for tasks to queue
[2022-11-29T07:04:51.833+0000] {logging_mixin.py:137} INFO - [2022-11-29T07:04:51.833+0000] {dagbag.py:537} INFO - Filling up the DagBag from /home/airflow/.local/lib/python3.7/site-packages/airflow/example_dags/example_time_delta_sensor_async.py
[2022-11-29T07:04:51.854+0000] {processor.py:766} INFO - DAG(s) dict_keys(['example_time_delta_sensor_async']) retrieved from /home/airflow/.local/lib/python3.7/site-packages/airflow/example_dags/example_time_delta_sensor_async.py
[2022-11-29T07:04:52.275+0000] {logging_mixin.py:137} INFO - [2022-11-29T07:04:52.275+0000] {dag.py:2585} INFO - Sync 1 DAGs
[2022-11-29T07:04:52.311+0000] {logging_mixin.py:137} INFO - [2022-11-29T07:04:52.310+0000] {dag.py:3340} INFO - Setting next_dagrun for example_time_delta_sensor_async to None, run_after=None
[2022-11-29T07:04:52.342+0000] {processor.py:176} INFO - Processing /home/airflow/.local/lib/python3.7/site-packages/airflow/example_dags/example_time_delta_sensor_async.py took 0.518 seconds
[2022-11-29T07:06:02.223+0000] {processor.py:154} INFO - Started process (PID=72) to work on /home/airflow/.local/lib/python3.7/site-packages/airflow/example_dags/example_time_delta_sensor_async.py
[2022-11-29T07:06:02.226+0000] {processor.py:756} INFO - Processing file /home/airflow/.local/lib/python3.7/site-packages/airflow/example_dags/example_time_delta_sensor_async.py for tasks to queue
[2022-11-29T07:06:02.230+0000] {logging_mixin.py:137} INFO - [2022-11-29T07:06:02.229+0000] {dagbag.py:537} INFO - Filling up the DagBag from /home/airflow/.local/lib/python3.7/site-packages/airflow/example_dags/example_time_delta_sensor_async.py
[2022-11-29T07:06:02.262+0000] {processor.py:766} INFO - DAG(s) dict_keys(['example_time_delta_sensor_async']) retrieved from /home/airflow/.local/lib/python3.7/site-packages/airflow/example_dags/example_time_delta_sensor_async.py
[2022-11-29T07:06:02.666+0000] {logging_mixin.py:137} INFO - [2022-11-29T07:06:02.666+0000] {dag.py:2585} INFO - Sync 1 DAGs
[2022-11-29T07:06:02.721+0000] {logging_mixin.py:137} INFO - [2022-11-29T07:06:02.721+0000] {dag.py:3340} INFO - Setting next_dagrun for example_time_delta_sensor_async to None, run_after=None
[2022-11-29T07:06:02.818+0000] {processor.py:176} INFO - Processing /home/airflow/.local/lib/python3.7/site-packages/airflow/example_dags/example_time_delta_sensor_async.py took 0.604 seconds
[2022-11-29T07:06:32.883+0000] {processor.py:154} INFO - Started process (PID=136) to work on /home/airflow/.local/lib/python3.7/site-packages/airflow/example_dags/example_time_delta_sensor_async.py
[2022-11-29T07:06:32.885+0000] {processor.py:756} INFO - Processing file /home/airflow/.local/lib/python3.7/site-packages/airflow/example_dags/example_time_delta_sensor_async.py for tasks to queue
[2022-11-29T07:06:32.888+0000] {logging_mixin.py:137} INFO - [2022-11-29T07:06:32.888+0000] {dagbag.py:537} INFO - Filling up the DagBag from /home/airflow/.local/lib/python3.7/site-packages/airflow/example_dags/example_time_delta_sensor_async.py
[2022-11-29T07:06:32.916+0000] {processor.py:766} INFO - DAG(s) dict_keys(['example_time_delta_sensor_async']) retrieved from /home/airflow/.local/lib/python3.7/site-packages/airflow/example_dags/example_time_delta_sensor_async.py
[2022-11-29T07:06:33.310+0000] {logging_mixin.py:137} INFO - [2022-11-29T07:06:33.309+0000] {dag.py:2585} INFO - Sync 1 DAGs
[2022-11-29T07:06:33.352+0000] {logging_mixin.py:137} INFO - [2022-11-29T07:06:33.351+0000] {dag.py:3340} INFO - Setting next_dagrun for example_time_delta_sensor_async to None, run_after=None
[2022-11-29T07:06:33.382+0000] {processor.py:176} INFO - Processing /home/airflow/.local/lib/python3.7/site-packages/airflow/example_dags/example_time_delta_sensor_async.py took 0.504 seconds
[2022-11-29T07:07:03.670+0000] {processor.py:154} INFO - Started process (PID=190) to work on /home/airflow/.local/lib/python3.7/site-packages/airflow/example_dags/example_time_delta_sensor_async.py
[2022-11-29T07:07:03.672+0000] {processor.py:756} INFO - Processing file /home/airflow/.local/lib/python3.7/site-packages/airflow/example_dags/example_time_delta_sensor_async.py for tasks to queue
[2022-11-29T07:07:03.674+0000] {logging_mixin.py:137} INFO - [2022-11-29T07:07:03.673+0000] {dagbag.py:537} INFO - Filling up the DagBag from /home/airflow/.local/lib/python3.7/site-packages/airflow/example_dags/example_time_delta_sensor_async.py
[2022-11-29T07:07:03.703+0000] {processor.py:766} INFO - DAG(s) dict_keys(['example_time_delta_sensor_async']) retrieved from /home/airflow/.local/lib/python3.7/site-packages/airflow/example_dags/example_time_delta_sensor_async.py
[2022-11-29T07:07:04.051+0000] {logging_mixin.py:137} INFO - [2022-11-29T07:07:04.051+0000] {dag.py:2585} INFO - Sync 1 DAGs
[2022-11-29T07:07:04.094+0000] {logging_mixin.py:137} INFO - [2022-11-29T07:07:04.093+0000] {dag.py:3340} INFO - Setting next_dagrun for example_time_delta_sensor_async to None, run_after=None
[2022-11-29T07:07:04.123+0000] {processor.py:176} INFO - Processing /home/airflow/.local/lib/python3.7/site-packages/airflow/example_dags/example_time_delta_sensor_async.py took 0.459 seconds
[2022-11-29T07:07:34.479+0000] {processor.py:154} INFO - Started process (PID=253) to work on /home/airflow/.local/lib/python3.7/site-packages/airflow/example_dags/example_time_delta_sensor_async.py
[2022-11-29T07:07:34.481+0000] {processor.py:756} INFO - Processing file /home/airflow/.local/lib/python3.7/site-packages/airflow/example_dags/example_time_delta_sensor_async.py for tasks to queue
[2022-11-29T07:07:34.483+0000] {logging_mixin.py:137} INFO - [2022-11-29T07:07:34.483+0000] {dagbag.py:537} INFO - Filling up the DagBag from /home/airflow/.local/lib/python3.7/site-packages/airflow/example_dags/example_time_delta_sensor_async.py
[2022-11-29T07:07:34.508+0000] {processor.py:766} INFO - DAG(s) dict_keys(['example_time_delta_sensor_async']) retrieved from /home/airflow/.local/lib/python3.7/site-packages/airflow/example_dags/example_time_delta_sensor_async.py
[2022-11-29T07:07:34.835+0000] {logging_mixin.py:137} INFO - [2022-11-29T07:07:34.835+0000] {dag.py:2585} INFO - Sync 1 DAGs
[2022-11-29T07:07:34.870+0000] {logging_mixin.py:137} INFO - [2022-11-29T07:07:34.870+0000] {dag.py:3340} INFO - Setting next_dagrun for example_time_delta_sensor_async to None, run_after=None
[2022-11-29T07:07:34.899+0000] {processor.py:176} INFO - Processing /home/airflow/.local/lib/python3.7/site-packages/airflow/example_dags/example_time_delta_sensor_async.py took 0.426 seconds
[2022-11-29T07:08:05.585+0000] {processor.py:154} INFO - Started process (PID=318) to work on /home/airflow/.local/lib/python3.7/site-packages/airflow/example_dags/example_time_delta_sensor_async.py
[2022-11-29T07:08:05.587+0000] {processor.py:756} INFO - Processing file /home/airflow/.local/lib/python3.7/site-packages/airflow/example_dags/example_time_delta_sensor_async.py for tasks to queue
[2022-11-29T07:08:05.590+0000] {logging_mixin.py:137} INFO - [2022-11-29T07:08:05.590+0000] {dagbag.py:537} INFO - Filling up the DagBag from /home/airflow/.local/lib/python3.7/site-packages/airflow/example_dags/example_time_delta_sensor_async.py
[2022-11-29T07:08:05.610+0000] {processor.py:766} INFO - DAG(s) dict_keys(['example_time_delta_sensor_async']) retrieved from /home/airflow/.local/lib/python3.7/site-packages/airflow/example_dags/example_time_delta_sensor_async.py
[2022-11-29T07:08:05.962+0000] {logging_mixin.py:137} INFO - [2022-11-29T07:08:05.962+0000] {dag.py:2585} INFO - Sync 1 DAGs
[2022-11-29T07:08:06.001+0000] {logging_mixin.py:137} INFO - [2022-11-29T07:08:06.001+0000] {dag.py:3340} INFO - Setting next_dagrun for example_time_delta_sensor_async to None, run_after=None
[2022-11-29T07:08:06.033+0000] {processor.py:176} INFO - Processing /home/airflow/.local/lib/python3.7/site-packages/airflow/example_dags/example_time_delta_sensor_async.py took 0.453 seconds
[2022-11-29T07:08:36.680+0000] {processor.py:154} INFO - Started process (PID=372) to work on /home/airflow/.local/lib/python3.7/site-packages/airflow/example_dags/example_time_delta_sensor_async.py
[2022-11-29T07:08:36.683+0000] {processor.py:756} INFO - Processing file /home/airflow/.local/lib/python3.7/site-packages/airflow/example_dags/example_time_delta_sensor_async.py for tasks to queue
[2022-11-29T07:08:36.687+0000] {logging_mixin.py:137} INFO - [2022-11-29T07:08:36.686+0000] {dagbag.py:537} INFO - Filling up the DagBag from /home/airflow/.local/lib/python3.7/site-packages/airflow/example_dags/example_time_delta_sensor_async.py
[2022-11-29T07:08:36.716+0000] {processor.py:766} INFO - DAG(s) dict_keys(['example_time_delta_sensor_async']) retrieved from /home/airflow/.local/lib/python3.7/site-packages/airflow/example_dags/example_time_delta_sensor_async.py
[2022-11-29T07:08:37.064+0000] {logging_mixin.py:137} INFO - [2022-11-29T07:08:37.064+0000] {dag.py:2585} INFO - Sync 1 DAGs
[2022-11-29T07:08:37.111+0000] {logging_mixin.py:137} INFO - [2022-11-29T07:08:37.110+0000] {dag.py:3340} INFO - Setting next_dagrun for example_time_delta_sensor_async to None, run_after=None
[2022-11-29T07:08:37.149+0000] {processor.py:176} INFO - Processing /home/airflow/.local/lib/python3.7/site-packages/airflow/example_dags/example_time_delta_sensor_async.py took 0.475 seconds
[2022-11-29T07:09:07.219+0000] {processor.py:154} INFO - Started process (PID=436) to work on /home/airflow/.local/lib/python3.7/site-packages/airflow/example_dags/example_time_delta_sensor_async.py
[2022-11-29T07:09:07.222+0000] {processor.py:756} INFO - Processing file /home/airflow/.local/lib/python3.7/site-packages/airflow/example_dags/example_time_delta_sensor_async.py for tasks to queue
[2022-11-29T07:09:07.224+0000] {logging_mixin.py:137} INFO - [2022-11-29T07:09:07.224+0000] {dagbag.py:537} INFO - Filling up the DagBag from /home/airflow/.local/lib/python3.7/site-packages/airflow/example_dags/example_time_delta_sensor_async.py
[2022-11-29T07:09:07.261+0000] {processor.py:766} INFO - DAG(s) dict_keys(['example_time_delta_sensor_async']) retrieved from /home/airflow/.local/lib/python3.7/site-packages/airflow/example_dags/example_time_delta_sensor_async.py
[2022-11-29T07:09:07.605+0000] {logging_mixin.py:137} INFO - [2022-11-29T07:09:07.605+0000] {dag.py:2585} INFO - Sync 1 DAGs
[2022-11-29T07:09:07.645+0000] {logging_mixin.py:137} INFO - [2022-11-29T07:09:07.645+0000] {dag.py:3340} INFO - Setting next_dagrun for example_time_delta_sensor_async to None, run_after=None
[2022-11-29T07:09:07.677+0000] {processor.py:176} INFO - Processing /home/airflow/.local/lib/python3.7/site-packages/airflow/example_dags/example_time_delta_sensor_async.py took 0.466 seconds
[2022-11-29T07:09:37.924+0000] {processor.py:154} INFO - Started process (PID=499) to work on /home/airflow/.local/lib/python3.7/site-packages/airflow/example_dags/example_time_delta_sensor_async.py
[2022-11-29T07:09:37.926+0000] {processor.py:756} INFO - Processing file /home/airflow/.local/lib/python3.7/site-packages/airflow/example_dags/example_time_delta_sensor_async.py for tasks to queue
[2022-11-29T07:09:37.928+0000] {logging_mixin.py:137} INFO - [2022-11-29T07:09:37.928+0000] {dagbag.py:537} INFO - Filling up the DagBag from /home/airflow/.local/lib/python3.7/site-packages/airflow/example_dags/example_time_delta_sensor_async.py
[2022-11-29T07:09:37.957+0000] {processor.py:766} INFO - DAG(s) dict_keys(['example_time_delta_sensor_async']) retrieved from /home/airflow/.local/lib/python3.7/site-packages/airflow/example_dags/example_time_delta_sensor_async.py
[2022-11-29T07:09:38.310+0000] {logging_mixin.py:137} INFO - [2022-11-29T07:09:38.310+0000] {dag.py:2585} INFO - Sync 1 DAGs
[2022-11-29T07:09:38.354+0000] {logging_mixin.py:137} INFO - [2022-11-29T07:09:38.353+0000] {dag.py:3340} INFO - Setting next_dagrun for example_time_delta_sensor_async to None, run_after=None
[2022-11-29T07:09:38.393+0000] {processor.py:176} INFO - Processing /home/airflow/.local/lib/python3.7/site-packages/airflow/example_dags/example_time_delta_sensor_async.py took 0.476 seconds
[2022-11-29T07:10:08.546+0000] {processor.py:154} INFO - Started process (PID=553) to work on /home/airflow/.local/lib/python3.7/site-packages/airflow/example_dags/example_time_delta_sensor_async.py
[2022-11-29T07:10:08.552+0000] {processor.py:756} INFO - Processing file /home/airflow/.local/lib/python3.7/site-packages/airflow/example_dags/example_time_delta_sensor_async.py for tasks to queue
[2022-11-29T07:10:08.556+0000] {logging_mixin.py:137} INFO - [2022-11-29T07:10:08.555+0000] {dagbag.py:537} INFO - Filling up the DagBag from /home/airflow/.local/lib/python3.7/site-packages/airflow/example_dags/example_time_delta_sensor_async.py
[2022-11-29T07:10:08.578+0000] {processor.py:766} INFO - DAG(s) dict_keys(['example_time_delta_sensor_async']) retrieved from /home/airflow/.local/lib/python3.7/site-packages/airflow/example_dags/example_time_delta_sensor_async.py
[2022-11-29T07:10:08.913+0000] {logging_mixin.py:137} INFO - [2022-11-29T07:10:08.913+0000] {dag.py:2585} INFO - Sync 1 DAGs
[2022-11-29T07:10:08.963+0000] {logging_mixin.py:137} INFO - [2022-11-29T07:10:08.955+0000] {dag.py:3340} INFO - Setting next_dagrun for example_time_delta_sensor_async to None, run_after=None
[2022-11-29T07:10:08.998+0000] {processor.py:176} INFO - Processing /home/airflow/.local/lib/python3.7/site-packages/airflow/example_dags/example_time_delta_sensor_async.py took 0.463 seconds
[2022-11-29T07:10:39.133+0000] {processor.py:154} INFO - Started process (PID=617) to work on /home/airflow/.local/lib/python3.7/site-packages/airflow/example_dags/example_time_delta_sensor_async.py
[2022-11-29T07:10:39.135+0000] {processor.py:756} INFO - Processing file /home/airflow/.local/lib/python3.7/site-packages/airflow/example_dags/example_time_delta_sensor_async.py for tasks to queue
[2022-11-29T07:10:39.137+0000] {logging_mixin.py:137} INFO - [2022-11-29T07:10:39.137+0000] {dagbag.py:537} INFO - Filling up the DagBag from /home/airflow/.local/lib/python3.7/site-packages/airflow/example_dags/example_time_delta_sensor_async.py
[2022-11-29T07:10:39.160+0000] {processor.py:766} INFO - DAG(s) dict_keys(['example_time_delta_sensor_async']) retrieved from /home/airflow/.local/lib/python3.7/site-packages/airflow/example_dags/example_time_delta_sensor_async.py
[2022-11-29T07:10:39.511+0000] {logging_mixin.py:137} INFO - [2022-11-29T07:10:39.511+0000] {dag.py:2585} INFO - Sync 1 DAGs
[2022-11-29T07:10:39.558+0000] {logging_mixin.py:137} INFO - [2022-11-29T07:10:39.558+0000] {dag.py:3340} INFO - Setting next_dagrun for example_time_delta_sensor_async to None, run_after=None
[2022-11-29T07:10:39.591+0000] {processor.py:176} INFO - Processing /home/airflow/.local/lib/python3.7/site-packages/airflow/example_dags/example_time_delta_sensor_async.py took 0.464 seconds
[2022-11-29T07:11:10.872+0000] {processor.py:154} INFO - Started process (PID=680) to work on /home/airflow/.local/lib/python3.7/site-packages/airflow/example_dags/example_time_delta_sensor_async.py
[2022-11-29T07:11:10.875+0000] {processor.py:756} INFO - Processing file /home/airflow/.local/lib/python3.7/site-packages/airflow/example_dags/example_time_delta_sensor_async.py for tasks to queue
[2022-11-29T07:11:10.876+0000] {logging_mixin.py:137} INFO - [2022-11-29T07:11:10.876+0000] {dagbag.py:537} INFO - Filling up the DagBag from /home/airflow/.local/lib/python3.7/site-packages/airflow/example_dags/example_time_delta_sensor_async.py
[2022-11-29T07:11:10.896+0000] {processor.py:766} INFO - DAG(s) dict_keys(['example_time_delta_sensor_async']) retrieved from /home/airflow/.local/lib/python3.7/site-packages/airflow/example_dags/example_time_delta_sensor_async.py
[2022-11-29T07:11:11.210+0000] {logging_mixin.py:137} INFO - [2022-11-29T07:11:11.210+0000] {dag.py:2585} INFO - Sync 1 DAGs
[2022-11-29T07:11:11.249+0000] {logging_mixin.py:137} INFO - [2022-11-29T07:11:11.249+0000] {dag.py:3340} INFO - Setting next_dagrun for example_time_delta_sensor_async to None, run_after=None
[2022-11-29T07:11:11.282+0000] {processor.py:176} INFO - Processing /home/airflow/.local/lib/python3.7/site-packages/airflow/example_dags/example_time_delta_sensor_async.py took 0.414 seconds
[2022-11-29T07:11:42.115+0000] {processor.py:154} INFO - Started process (PID=735) to work on /home/airflow/.local/lib/python3.7/site-packages/airflow/example_dags/example_time_delta_sensor_async.py
[2022-11-29T07:11:42.117+0000] {processor.py:756} INFO - Processing file /home/airflow/.local/lib/python3.7/site-packages/airflow/example_dags/example_time_delta_sensor_async.py for tasks to queue
[2022-11-29T07:11:42.119+0000] {logging_mixin.py:137} INFO - [2022-11-29T07:11:42.119+0000] {dagbag.py:537} INFO - Filling up the DagBag from /home/airflow/.local/lib/python3.7/site-packages/airflow/example_dags/example_time_delta_sensor_async.py
[2022-11-29T07:11:42.140+0000] {processor.py:766} INFO - DAG(s) dict_keys(['example_time_delta_sensor_async']) retrieved from /home/airflow/.local/lib/python3.7/site-packages/airflow/example_dags/example_time_delta_sensor_async.py
[2022-11-29T07:11:42.456+0000] {logging_mixin.py:137} INFO - [2022-11-29T07:11:42.456+0000] {dag.py:2585} INFO - Sync 1 DAGs
[2022-11-29T07:11:42.504+0000] {logging_mixin.py:137} INFO - [2022-11-29T07:11:42.503+0000] {dag.py:3340} INFO - Setting next_dagrun for example_time_delta_sensor_async to None, run_after=None
[2022-11-29T07:11:42.536+0000] {processor.py:176} INFO - Processing /home/airflow/.local/lib/python3.7/site-packages/airflow/example_dags/example_time_delta_sensor_async.py took 0.427 seconds
[2022-11-29T07:12:12.819+0000] {processor.py:154} INFO - Started process (PID=801) to work on /home/airflow/.local/lib/python3.7/site-packages/airflow/example_dags/example_time_delta_sensor_async.py
[2022-11-29T07:12:12.821+0000] {processor.py:756} INFO - Processing file /home/airflow/.local/lib/python3.7/site-packages/airflow/example_dags/example_time_delta_sensor_async.py for tasks to queue
[2022-11-29T07:12:12.823+0000] {logging_mixin.py:137} INFO - [2022-11-29T07:12:12.823+0000] {dagbag.py:537} INFO - Filling up the DagBag from /home/airflow/.local/lib/python3.7/site-packages/airflow/example_dags/example_time_delta_sensor_async.py
[2022-11-29T07:12:12.842+0000] {processor.py:766} INFO - DAG(s) dict_keys(['example_time_delta_sensor_async']) retrieved from /home/airflow/.local/lib/python3.7/site-packages/airflow/example_dags/example_time_delta_sensor_async.py
[2022-11-29T07:12:13.102+0000] {logging_mixin.py:137} INFO - [2022-11-29T07:12:13.102+0000] {dag.py:2585} INFO - Sync 1 DAGs
[2022-11-29T07:12:13.129+0000] {logging_mixin.py:137} INFO - [2022-11-29T07:12:13.129+0000] {dag.py:3340} INFO - Setting next_dagrun for example_time_delta_sensor_async to None, run_after=None
[2022-11-29T07:12:13.151+0000] {processor.py:176} INFO - Processing /home/airflow/.local/lib/python3.7/site-packages/airflow/example_dags/example_time_delta_sensor_async.py took 0.338 seconds
[2022-11-29T07:12:43.626+0000] {processor.py:154} INFO - Started process (PID=859) to work on /home/airflow/.local/lib/python3.7/site-packages/airflow/example_dags/example_time_delta_sensor_async.py
[2022-11-29T07:12:43.631+0000] {processor.py:756} INFO - Processing file /home/airflow/.local/lib/python3.7/site-packages/airflow/example_dags/example_time_delta_sensor_async.py for tasks to queue
[2022-11-29T07:12:43.634+0000] {logging_mixin.py:137} INFO - [2022-11-29T07:12:43.633+0000] {dagbag.py:537} INFO - Filling up the DagBag from /home/airflow/.local/lib/python3.7/site-packages/airflow/example_dags/example_time_delta_sensor_async.py
[2022-11-29T07:12:43.661+0000] {processor.py:766} INFO - DAG(s) dict_keys(['example_time_delta_sensor_async']) retrieved from /home/airflow/.local/lib/python3.7/site-packages/airflow/example_dags/example_time_delta_sensor_async.py
[2022-11-29T07:12:44.044+0000] {logging_mixin.py:137} INFO - [2022-11-29T07:12:44.044+0000] {dag.py:2585} INFO - Sync 1 DAGs
[2022-11-29T07:12:44.093+0000] {logging_mixin.py:137} INFO - [2022-11-29T07:12:44.093+0000] {dag.py:3340} INFO - Setting next_dagrun for example_time_delta_sensor_async to None, run_after=None
[2022-11-29T07:12:44.135+0000] {processor.py:176} INFO - Processing /home/airflow/.local/lib/python3.7/site-packages/airflow/example_dags/example_time_delta_sensor_async.py took 0.519 seconds
[2022-11-29T07:13:14.273+0000] {processor.py:154} INFO - Started process (PID=912) to work on /home/airflow/.local/lib/python3.7/site-packages/airflow/example_dags/example_time_delta_sensor_async.py
[2022-11-29T07:13:14.274+0000] {processor.py:756} INFO - Processing file /home/airflow/.local/lib/python3.7/site-packages/airflow/example_dags/example_time_delta_sensor_async.py for tasks to queue
[2022-11-29T07:13:14.276+0000] {logging_mixin.py:137} INFO - [2022-11-29T07:13:14.276+0000] {dagbag.py:537} INFO - Filling up the DagBag from /home/airflow/.local/lib/python3.7/site-packages/airflow/example_dags/example_time_delta_sensor_async.py
[2022-11-29T07:13:14.296+0000] {processor.py:766} INFO - DAG(s) dict_keys(['example_time_delta_sensor_async']) retrieved from /home/airflow/.local/lib/python3.7/site-packages/airflow/example_dags/example_time_delta_sensor_async.py
[2022-11-29T07:13:14.622+0000] {logging_mixin.py:137} INFO - [2022-11-29T07:13:14.622+0000] {dag.py:2585} INFO - Sync 1 DAGs
[2022-11-29T07:13:14.668+0000] {logging_mixin.py:137} INFO - [2022-11-29T07:13:14.667+0000] {dag.py:3340} INFO - Setting next_dagrun for example_time_delta_sensor_async to None, run_after=None
[2022-11-29T07:13:14.705+0000] {processor.py:176} INFO - Processing /home/airflow/.local/lib/python3.7/site-packages/airflow/example_dags/example_time_delta_sensor_async.py took 0.438 seconds
[2022-11-29T07:13:44.782+0000] {processor.py:154} INFO - Started process (PID=975) to work on /home/airflow/.local/lib/python3.7/site-packages/airflow/example_dags/example_time_delta_sensor_async.py
[2022-11-29T07:13:44.784+0000] {processor.py:756} INFO - Processing file /home/airflow/.local/lib/python3.7/site-packages/airflow/example_dags/example_time_delta_sensor_async.py for tasks to queue
[2022-11-29T07:13:44.786+0000] {logging_mixin.py:137} INFO - [2022-11-29T07:13:44.785+0000] {dagbag.py:537} INFO - Filling up the DagBag from /home/airflow/.local/lib/python3.7/site-packages/airflow/example_dags/example_time_delta_sensor_async.py
[2022-11-29T07:13:44.806+0000] {processor.py:766} INFO - DAG(s) dict_keys(['example_time_delta_sensor_async']) retrieved from /home/airflow/.local/lib/python3.7/site-packages/airflow/example_dags/example_time_delta_sensor_async.py
[2022-11-29T07:13:45.122+0000] {logging_mixin.py:137} INFO - [2022-11-29T07:13:45.122+0000] {dag.py:2585} INFO - Sync 1 DAGs
[2022-11-29T07:13:45.159+0000] {logging_mixin.py:137} INFO - [2022-11-29T07:13:45.159+0000] {dag.py:3340} INFO - Setting next_dagrun for example_time_delta_sensor_async to None, run_after=None
[2022-11-29T07:13:45.195+0000] {processor.py:176} INFO - Processing /home/airflow/.local/lib/python3.7/site-packages/airflow/example_dags/example_time_delta_sensor_async.py took 0.419 seconds
[2022-11-29T07:14:15.320+0000] {processor.py:154} INFO - Started process (PID=1037) to work on /home/airflow/.local/lib/python3.7/site-packages/airflow/example_dags/example_time_delta_sensor_async.py
[2022-11-29T07:14:15.322+0000] {processor.py:756} INFO - Processing file /home/airflow/.local/lib/python3.7/site-packages/airflow/example_dags/example_time_delta_sensor_async.py for tasks to queue
[2022-11-29T07:14:15.324+0000] {logging_mixin.py:137} INFO - [2022-11-29T07:14:15.323+0000] {dagbag.py:537} INFO - Filling up the DagBag from /home/airflow/.local/lib/python3.7/site-packages/airflow/example_dags/example_time_delta_sensor_async.py
[2022-11-29T07:14:15.346+0000] {processor.py:766} INFO - DAG(s) dict_keys(['example_time_delta_sensor_async']) retrieved from /home/airflow/.local/lib/python3.7/site-packages/airflow/example_dags/example_time_delta_sensor_async.py
[2022-11-29T07:14:15.664+0000] {logging_mixin.py:137} INFO - [2022-11-29T07:14:15.664+0000] {dag.py:2585} INFO - Sync 1 DAGs
[2022-11-29T07:14:15.697+0000] {logging_mixin.py:137} INFO - [2022-11-29T07:14:15.697+0000] {dag.py:3340} INFO - Setting next_dagrun for example_time_delta_sensor_async to None, run_after=None
[2022-11-29T07:14:15.723+0000] {processor.py:176} INFO - Processing /home/airflow/.local/lib/python3.7/site-packages/airflow/example_dags/example_time_delta_sensor_async.py took 0.410 seconds
[2022-11-29T07:14:45.851+0000] {processor.py:154} INFO - Started process (PID=1093) to work on /home/airflow/.local/lib/python3.7/site-packages/airflow/example_dags/example_time_delta_sensor_async.py
[2022-11-29T07:14:45.853+0000] {processor.py:756} INFO - Processing file /home/airflow/.local/lib/python3.7/site-packages/airflow/example_dags/example_time_delta_sensor_async.py for tasks to queue
[2022-11-29T07:14:45.857+0000] {logging_mixin.py:137} INFO - [2022-11-29T07:14:45.856+0000] {dagbag.py:537} INFO - Filling up the DagBag from /home/airflow/.local/lib/python3.7/site-packages/airflow/example_dags/example_time_delta_sensor_async.py
[2022-11-29T07:14:45.877+0000] {processor.py:766} INFO - DAG(s) dict_keys(['example_time_delta_sensor_async']) retrieved from /home/airflow/.local/lib/python3.7/site-packages/airflow/example_dags/example_time_delta_sensor_async.py
[2022-11-29T07:14:46.207+0000] {logging_mixin.py:137} INFO - [2022-11-29T07:14:46.206+0000] {dag.py:2585} INFO - Sync 1 DAGs
[2022-11-29T07:14:46.248+0000] {logging_mixin.py:137} INFO - [2022-11-29T07:14:46.248+0000] {dag.py:3340} INFO - Setting next_dagrun for example_time_delta_sensor_async to None, run_after=None
[2022-11-29T07:14:46.299+0000] {processor.py:176} INFO - Processing /home/airflow/.local/lib/python3.7/site-packages/airflow/example_dags/example_time_delta_sensor_async.py took 0.454 seconds
[2022-11-29T07:15:16.414+0000] {processor.py:154} INFO - Started process (PID=1155) to work on /home/airflow/.local/lib/python3.7/site-packages/airflow/example_dags/example_time_delta_sensor_async.py
[2022-11-29T07:15:16.416+0000] {processor.py:756} INFO - Processing file /home/airflow/.local/lib/python3.7/site-packages/airflow/example_dags/example_time_delta_sensor_async.py for tasks to queue
[2022-11-29T07:15:16.418+0000] {logging_mixin.py:137} INFO - [2022-11-29T07:15:16.417+0000] {dagbag.py:537} INFO - Filling up the DagBag from /home/airflow/.local/lib/python3.7/site-packages/airflow/example_dags/example_time_delta_sensor_async.py
[2022-11-29T07:15:16.440+0000] {processor.py:766} INFO - DAG(s) dict_keys(['example_time_delta_sensor_async']) retrieved from /home/airflow/.local/lib/python3.7/site-packages/airflow/example_dags/example_time_delta_sensor_async.py
[2022-11-29T07:15:16.705+0000] {logging_mixin.py:137} INFO - [2022-11-29T07:15:16.705+0000] {dag.py:2585} INFO - Sync 1 DAGs
[2022-11-29T07:15:16.752+0000] {logging_mixin.py:137} INFO - [2022-11-29T07:15:16.751+0000] {dag.py:3340} INFO - Setting next_dagrun for example_time_delta_sensor_async to None, run_after=None
[2022-11-29T07:15:16.783+0000] {processor.py:176} INFO - Processing /home/airflow/.local/lib/python3.7/site-packages/airflow/example_dags/example_time_delta_sensor_async.py took 0.375 seconds
[2022-11-29T07:15:47.336+0000] {processor.py:154} INFO - Started process (PID=1219) to work on /home/airflow/.local/lib/python3.7/site-packages/airflow/example_dags/example_time_delta_sensor_async.py
[2022-11-29T07:15:47.339+0000] {processor.py:756} INFO - Processing file /home/airflow/.local/lib/python3.7/site-packages/airflow/example_dags/example_time_delta_sensor_async.py for tasks to queue
[2022-11-29T07:15:47.345+0000] {logging_mixin.py:137} INFO - [2022-11-29T07:15:47.344+0000] {dagbag.py:537} INFO - Filling up the DagBag from /home/airflow/.local/lib/python3.7/site-packages/airflow/example_dags/example_time_delta_sensor_async.py
[2022-11-29T07:15:47.372+0000] {processor.py:766} INFO - DAG(s) dict_keys(['example_time_delta_sensor_async']) retrieved from /home/airflow/.local/lib/python3.7/site-packages/airflow/example_dags/example_time_delta_sensor_async.py
[2022-11-29T07:15:47.729+0000] {logging_mixin.py:137} INFO - [2022-11-29T07:15:47.728+0000] {dag.py:2585} INFO - Sync 1 DAGs
[2022-11-29T07:15:47.766+0000] {logging_mixin.py:137} INFO - [2022-11-29T07:15:47.766+0000] {dag.py:3340} INFO - Setting next_dagrun for example_time_delta_sensor_async to None, run_after=None
[2022-11-29T07:15:47.797+0000] {processor.py:176} INFO - Processing /home/airflow/.local/lib/python3.7/site-packages/airflow/example_dags/example_time_delta_sensor_async.py took 0.469 seconds
[2022-11-29T07:16:17.971+0000] {processor.py:154} INFO - Started process (PID=1273) to work on /home/airflow/.local/lib/python3.7/site-packages/airflow/example_dags/example_time_delta_sensor_async.py
[2022-11-29T07:16:17.974+0000] {processor.py:756} INFO - Processing file /home/airflow/.local/lib/python3.7/site-packages/airflow/example_dags/example_time_delta_sensor_async.py for tasks to queue
[2022-11-29T07:16:17.976+0000] {logging_mixin.py:137} INFO - [2022-11-29T07:16:17.976+0000] {dagbag.py:537} INFO - Filling up the DagBag from /home/airflow/.local/lib/python3.7/site-packages/airflow/example_dags/example_time_delta_sensor_async.py
[2022-11-29T07:16:18.010+0000] {processor.py:766} INFO - DAG(s) dict_keys(['example_time_delta_sensor_async']) retrieved from /home/airflow/.local/lib/python3.7/site-packages/airflow/example_dags/example_time_delta_sensor_async.py
[2022-11-29T07:16:18.361+0000] {logging_mixin.py:137} INFO - [2022-11-29T07:16:18.361+0000] {dag.py:2585} INFO - Sync 1 DAGs
[2022-11-29T07:16:18.402+0000] {logging_mixin.py:137} INFO - [2022-11-29T07:16:18.402+0000] {dag.py:3340} INFO - Setting next_dagrun for example_time_delta_sensor_async to None, run_after=None
[2022-11-29T07:16:18.445+0000] {processor.py:176} INFO - Processing /home/airflow/.local/lib/python3.7/site-packages/airflow/example_dags/example_time_delta_sensor_async.py took 0.487 seconds
[2022-11-29T07:16:48.985+0000] {processor.py:154} INFO - Started process (PID=1337) to work on /home/airflow/.local/lib/python3.7/site-packages/airflow/example_dags/example_time_delta_sensor_async.py
[2022-11-29T07:16:48.987+0000] {processor.py:756} INFO - Processing file /home/airflow/.local/lib/python3.7/site-packages/airflow/example_dags/example_time_delta_sensor_async.py for tasks to queue
[2022-11-29T07:16:48.989+0000] {logging_mixin.py:137} INFO - [2022-11-29T07:16:48.989+0000] {dagbag.py:537} INFO - Filling up the DagBag from /home/airflow/.local/lib/python3.7/site-packages/airflow/example_dags/example_time_delta_sensor_async.py
[2022-11-29T07:16:49.009+0000] {processor.py:766} INFO - DAG(s) dict_keys(['example_time_delta_sensor_async']) retrieved from /home/airflow/.local/lib/python3.7/site-packages/airflow/example_dags/example_time_delta_sensor_async.py
[2022-11-29T07:16:49.274+0000] {logging_mixin.py:137} INFO - [2022-11-29T07:16:49.274+0000] {dag.py:2585} INFO - Sync 1 DAGs
[2022-11-29T07:16:49.306+0000] {logging_mixin.py:137} INFO - [2022-11-29T07:16:49.306+0000] {dag.py:3340} INFO - Setting next_dagrun for example_time_delta_sensor_async to None, run_after=None
[2022-11-29T07:16:49.338+0000] {processor.py:176} INFO - Processing /home/airflow/.local/lib/python3.7/site-packages/airflow/example_dags/example_time_delta_sensor_async.py took 0.359 seconds
[2022-11-29T07:17:20.001+0000] {processor.py:154} INFO - Started process (PID=1400) to work on /home/airflow/.local/lib/python3.7/site-packages/airflow/example_dags/example_time_delta_sensor_async.py
[2022-11-29T07:17:20.003+0000] {processor.py:756} INFO - Processing file /home/airflow/.local/lib/python3.7/site-packages/airflow/example_dags/example_time_delta_sensor_async.py for tasks to queue
[2022-11-29T07:17:20.005+0000] {logging_mixin.py:137} INFO - [2022-11-29T07:17:20.004+0000] {dagbag.py:537} INFO - Filling up the DagBag from /home/airflow/.local/lib/python3.7/site-packages/airflow/example_dags/example_time_delta_sensor_async.py
[2022-11-29T07:17:20.026+0000] {processor.py:766} INFO - DAG(s) dict_keys(['example_time_delta_sensor_async']) retrieved from /home/airflow/.local/lib/python3.7/site-packages/airflow/example_dags/example_time_delta_sensor_async.py
[2022-11-29T07:17:20.393+0000] {logging_mixin.py:137} INFO - [2022-11-29T07:17:20.393+0000] {dag.py:2585} INFO - Sync 1 DAGs
[2022-11-29T07:17:20.440+0000] {logging_mixin.py:137} INFO - [2022-11-29T07:17:20.440+0000] {dag.py:3340} INFO - Setting next_dagrun for example_time_delta_sensor_async to None, run_after=None
[2022-11-29T07:17:20.476+0000] {processor.py:176} INFO - Processing /home/airflow/.local/lib/python3.7/site-packages/airflow/example_dags/example_time_delta_sensor_async.py took 0.481 seconds
[2022-11-29T07:17:50.558+0000] {processor.py:154} INFO - Started process (PID=1454) to work on /home/airflow/.local/lib/python3.7/site-packages/airflow/example_dags/example_time_delta_sensor_async.py
[2022-11-29T07:17:50.560+0000] {processor.py:756} INFO - Processing file /home/airflow/.local/lib/python3.7/site-packages/airflow/example_dags/example_time_delta_sensor_async.py for tasks to queue
[2022-11-29T07:17:50.562+0000] {logging_mixin.py:137} INFO - [2022-11-29T07:17:50.561+0000] {dagbag.py:537} INFO - Filling up the DagBag from /home/airflow/.local/lib/python3.7/site-packages/airflow/example_dags/example_time_delta_sensor_async.py
[2022-11-29T07:17:50.588+0000] {processor.py:766} INFO - DAG(s) dict_keys(['example_time_delta_sensor_async']) retrieved from /home/airflow/.local/lib/python3.7/site-packages/airflow/example_dags/example_time_delta_sensor_async.py
[2022-11-29T07:17:50.903+0000] {logging_mixin.py:137} INFO - [2022-11-29T07:17:50.903+0000] {dag.py:2585} INFO - Sync 1 DAGs
[2022-11-29T07:17:50.941+0000] {logging_mixin.py:137} INFO - [2022-11-29T07:17:50.941+0000] {dag.py:3340} INFO - Setting next_dagrun for example_time_delta_sensor_async to None, run_after=None
[2022-11-29T07:17:50.970+0000] {processor.py:176} INFO - Processing /home/airflow/.local/lib/python3.7/site-packages/airflow/example_dags/example_time_delta_sensor_async.py took 0.418 seconds
[2022-11-29T07:18:21.323+0000] {processor.py:154} INFO - Started process (PID=1517) to work on /home/airflow/.local/lib/python3.7/site-packages/airflow/example_dags/example_time_delta_sensor_async.py
[2022-11-29T07:18:21.325+0000] {processor.py:756} INFO - Processing file /home/airflow/.local/lib/python3.7/site-packages/airflow/example_dags/example_time_delta_sensor_async.py for tasks to queue
[2022-11-29T07:18:21.329+0000] {logging_mixin.py:137} INFO - [2022-11-29T07:18:21.329+0000] {dagbag.py:537} INFO - Filling up the DagBag from /home/airflow/.local/lib/python3.7/site-packages/airflow/example_dags/example_time_delta_sensor_async.py
[2022-11-29T07:18:21.352+0000] {processor.py:766} INFO - DAG(s) dict_keys(['example_time_delta_sensor_async']) retrieved from /home/airflow/.local/lib/python3.7/site-packages/airflow/example_dags/example_time_delta_sensor_async.py
[2022-11-29T07:18:21.680+0000] {logging_mixin.py:137} INFO - [2022-11-29T07:18:21.679+0000] {dag.py:2585} INFO - Sync 1 DAGs
[2022-11-29T07:18:21.718+0000] {logging_mixin.py:137} INFO - [2022-11-29T07:18:21.718+0000] {dag.py:3340} INFO - Setting next_dagrun for example_time_delta_sensor_async to None, run_after=None
[2022-11-29T07:18:21.748+0000] {processor.py:176} INFO - Processing /home/airflow/.local/lib/python3.7/site-packages/airflow/example_dags/example_time_delta_sensor_async.py took 0.434 seconds
[2022-11-29T07:18:51.973+0000] {processor.py:154} INFO - Started process (PID=1577) to work on /home/airflow/.local/lib/python3.7/site-packages/airflow/example_dags/example_time_delta_sensor_async.py
[2022-11-29T07:18:51.977+0000] {processor.py:756} INFO - Processing file /home/airflow/.local/lib/python3.7/site-packages/airflow/example_dags/example_time_delta_sensor_async.py for tasks to queue
[2022-11-29T07:18:51.981+0000] {logging_mixin.py:137} INFO - [2022-11-29T07:18:51.981+0000] {dagbag.py:537} INFO - Filling up the DagBag from /home/airflow/.local/lib/python3.7/site-packages/airflow/example_dags/example_time_delta_sensor_async.py
[2022-11-29T07:18:52.028+0000] {processor.py:766} INFO - DAG(s) dict_keys(['example_time_delta_sensor_async']) retrieved from /home/airflow/.local/lib/python3.7/site-packages/airflow/example_dags/example_time_delta_sensor_async.py
[2022-11-29T07:18:52.481+0000] {logging_mixin.py:137} INFO - [2022-11-29T07:18:52.481+0000] {dag.py:2585} INFO - Sync 1 DAGs
[2022-11-29T07:18:52.545+0000] {logging_mixin.py:137} INFO - [2022-11-29T07:18:52.545+0000] {dag.py:3340} INFO - Setting next_dagrun for example_time_delta_sensor_async to None, run_after=None
[2022-11-29T07:18:52.587+0000] {processor.py:176} INFO - Processing /home/airflow/.local/lib/python3.7/site-packages/airflow/example_dags/example_time_delta_sensor_async.py took 0.631 seconds
[2022-11-29T07:19:22.823+0000] {processor.py:154} INFO - Started process (PID=1633) to work on /home/airflow/.local/lib/python3.7/site-packages/airflow/example_dags/example_time_delta_sensor_async.py
[2022-11-29T07:19:22.825+0000] {processor.py:756} INFO - Processing file /home/airflow/.local/lib/python3.7/site-packages/airflow/example_dags/example_time_delta_sensor_async.py for tasks to queue
[2022-11-29T07:19:22.826+0000] {logging_mixin.py:137} INFO - [2022-11-29T07:19:22.826+0000] {dagbag.py:537} INFO - Filling up the DagBag from /home/airflow/.local/lib/python3.7/site-packages/airflow/example_dags/example_time_delta_sensor_async.py
[2022-11-29T07:19:22.841+0000] {processor.py:766} INFO - DAG(s) dict_keys(['example_time_delta_sensor_async']) retrieved from /home/airflow/.local/lib/python3.7/site-packages/airflow/example_dags/example_time_delta_sensor_async.py
[2022-11-29T07:19:23.073+0000] {logging_mixin.py:137} INFO - [2022-11-29T07:19:23.072+0000] {dag.py:2585} INFO - Sync 1 DAGs
[2022-11-29T07:19:23.102+0000] {logging_mixin.py:137} INFO - [2022-11-29T07:19:23.102+0000] {dag.py:3340} INFO - Setting next_dagrun for example_time_delta_sensor_async to None, run_after=None
[2022-11-29T07:19:23.125+0000] {processor.py:176} INFO - Processing /home/airflow/.local/lib/python3.7/site-packages/airflow/example_dags/example_time_delta_sensor_async.py took 0.306 seconds
[2022-11-29T07:19:53.829+0000] {processor.py:154} INFO - Started process (PID=1696) to work on /home/airflow/.local/lib/python3.7/site-packages/airflow/example_dags/example_time_delta_sensor_async.py
[2022-11-29T07:19:53.831+0000] {processor.py:756} INFO - Processing file /home/airflow/.local/lib/python3.7/site-packages/airflow/example_dags/example_time_delta_sensor_async.py for tasks to queue
[2022-11-29T07:19:53.833+0000] {logging_mixin.py:137} INFO - [2022-11-29T07:19:53.833+0000] {dagbag.py:537} INFO - Filling up the DagBag from /home/airflow/.local/lib/python3.7/site-packages/airflow/example_dags/example_time_delta_sensor_async.py
[2022-11-29T07:19:53.854+0000] {processor.py:766} INFO - DAG(s) dict_keys(['example_time_delta_sensor_async']) retrieved from /home/airflow/.local/lib/python3.7/site-packages/airflow/example_dags/example_time_delta_sensor_async.py
[2022-11-29T07:19:54.250+0000] {logging_mixin.py:137} INFO - [2022-11-29T07:19:54.250+0000] {dag.py:2585} INFO - Sync 1 DAGs
[2022-11-29T07:19:54.299+0000] {logging_mixin.py:137} INFO - [2022-11-29T07:19:54.299+0000] {dag.py:3340} INFO - Setting next_dagrun for example_time_delta_sensor_async to None, run_after=None
[2022-11-29T07:19:54.337+0000] {processor.py:176} INFO - Processing /home/airflow/.local/lib/python3.7/site-packages/airflow/example_dags/example_time_delta_sensor_async.py took 0.516 seconds
