[2022-11-29T06:27:13.850+0000] {processor.py:154} INFO - Started process (PID=42) to work on /home/airflow/.local/lib/python3.7/site-packages/airflow/example_dags/example_sla_dag.py
[2022-11-29T06:27:13.857+0000] {processor.py:756} INFO - Processing file /home/airflow/.local/lib/python3.7/site-packages/airflow/example_dags/example_sla_dag.py for tasks to queue
[2022-11-29T06:27:13.865+0000] {logging_mixin.py:137} INFO - [2022-11-29T06:27:13.865+0000] {dagbag.py:537} INFO - Filling up the DagBag from /home/airflow/.local/lib/python3.7/site-packages/airflow/example_dags/example_sla_dag.py
[2022-11-29T06:27:13.938+0000] {processor.py:766} INFO - DAG(s) dict_keys(['example_sla_dag']) retrieved from /home/airflow/.local/lib/python3.7/site-packages/airflow/example_dags/example_sla_dag.py
[2022-11-29T06:27:14.274+0000] {logging_mixin.py:137} INFO - [2022-11-29T06:27:14.274+0000] {manager.py:507} INFO - Created Permission View: can delete on DAG:example_sla_dag
[2022-11-29T06:27:14.289+0000] {logging_mixin.py:137} INFO - [2022-11-29T06:27:14.289+0000] {manager.py:507} INFO - Created Permission View: can read on DAG:example_sla_dag
[2022-11-29T06:27:14.300+0000] {logging_mixin.py:137} INFO - [2022-11-29T06:27:14.300+0000] {manager.py:507} INFO - Created Permission View: can edit on DAG:example_sla_dag
[2022-11-29T06:27:14.301+0000] {logging_mixin.py:137} INFO - [2022-11-29T06:27:14.301+0000] {dag.py:2585} INFO - Sync 1 DAGs
[2022-11-29T06:27:14.324+0000] {logging_mixin.py:137} INFO - [2022-11-29T06:27:14.324+0000] {dag.py:2606} INFO - Creating ORM DAG for example_sla_dag
[2022-11-29T06:27:14.353+0000] {logging_mixin.py:137} INFO - [2022-11-29T06:27:14.353+0000] {dag.py:3340} INFO - Setting next_dagrun for example_sla_dag to 2022-11-29T06:24:00+00:00, run_after=2022-11-29T06:26:00+00:00
[2022-11-29T06:27:14.384+0000] {processor.py:176} INFO - Processing /home/airflow/.local/lib/python3.7/site-packages/airflow/example_dags/example_sla_dag.py took 0.551 seconds
[2022-11-29T06:27:44.632+0000] {processor.py:154} INFO - Started process (PID=96) to work on /home/airflow/.local/lib/python3.7/site-packages/airflow/example_dags/example_sla_dag.py
[2022-11-29T06:27:44.634+0000] {processor.py:756} INFO - Processing file /home/airflow/.local/lib/python3.7/site-packages/airflow/example_dags/example_sla_dag.py for tasks to queue
[2022-11-29T06:27:44.636+0000] {logging_mixin.py:137} INFO - [2022-11-29T06:27:44.636+0000] {dagbag.py:537} INFO - Filling up the DagBag from /home/airflow/.local/lib/python3.7/site-packages/airflow/example_dags/example_sla_dag.py
[2022-11-29T06:27:44.668+0000] {processor.py:766} INFO - DAG(s) dict_keys(['example_sla_dag']) retrieved from /home/airflow/.local/lib/python3.7/site-packages/airflow/example_dags/example_sla_dag.py
[2022-11-29T06:27:44.728+0000] {logging_mixin.py:137} INFO - [2022-11-29T06:27:44.728+0000] {dag.py:2585} INFO - Sync 1 DAGs
[2022-11-29T06:27:44.780+0000] {logging_mixin.py:137} INFO - [2022-11-29T06:27:44.780+0000] {dag.py:3340} INFO - Setting next_dagrun for example_sla_dag to 2022-11-29T06:24:00+00:00, run_after=2022-11-29T06:26:00+00:00
[2022-11-29T06:27:44.807+0000] {processor.py:176} INFO - Processing /home/airflow/.local/lib/python3.7/site-packages/airflow/example_dags/example_sla_dag.py took 0.179 seconds
[2022-11-29T06:28:14.867+0000] {processor.py:154} INFO - Started process (PID=161) to work on /home/airflow/.local/lib/python3.7/site-packages/airflow/example_dags/example_sla_dag.py
[2022-11-29T06:28:14.868+0000] {processor.py:756} INFO - Processing file /home/airflow/.local/lib/python3.7/site-packages/airflow/example_dags/example_sla_dag.py for tasks to queue
[2022-11-29T06:28:14.870+0000] {logging_mixin.py:137} INFO - [2022-11-29T06:28:14.870+0000] {dagbag.py:537} INFO - Filling up the DagBag from /home/airflow/.local/lib/python3.7/site-packages/airflow/example_dags/example_sla_dag.py
[2022-11-29T06:28:14.912+0000] {processor.py:766} INFO - DAG(s) dict_keys(['example_sla_dag']) retrieved from /home/airflow/.local/lib/python3.7/site-packages/airflow/example_dags/example_sla_dag.py
[2022-11-29T06:28:14.969+0000] {logging_mixin.py:137} INFO - [2022-11-29T06:28:14.969+0000] {dag.py:2585} INFO - Sync 1 DAGs
[2022-11-29T06:28:15.014+0000] {logging_mixin.py:137} INFO - [2022-11-29T06:28:15.014+0000] {dag.py:3340} INFO - Setting next_dagrun for example_sla_dag to 2022-11-29T06:26:00+00:00, run_after=2022-11-29T06:28:00+00:00
[2022-11-29T06:28:15.041+0000] {processor.py:176} INFO - Processing /home/airflow/.local/lib/python3.7/site-packages/airflow/example_dags/example_sla_dag.py took 0.183 seconds
[2022-11-29T06:28:45.621+0000] {processor.py:154} INFO - Started process (PID=222) to work on /home/airflow/.local/lib/python3.7/site-packages/airflow/example_dags/example_sla_dag.py
[2022-11-29T06:28:45.623+0000] {processor.py:756} INFO - Processing file /home/airflow/.local/lib/python3.7/site-packages/airflow/example_dags/example_sla_dag.py for tasks to queue
[2022-11-29T06:28:45.625+0000] {logging_mixin.py:137} INFO - [2022-11-29T06:28:45.625+0000] {dagbag.py:537} INFO - Filling up the DagBag from /home/airflow/.local/lib/python3.7/site-packages/airflow/example_dags/example_sla_dag.py
[2022-11-29T06:28:45.657+0000] {processor.py:766} INFO - DAG(s) dict_keys(['example_sla_dag']) retrieved from /home/airflow/.local/lib/python3.7/site-packages/airflow/example_dags/example_sla_dag.py
[2022-11-29T06:28:45.720+0000] {logging_mixin.py:137} INFO - [2022-11-29T06:28:45.720+0000] {dag.py:2585} INFO - Sync 1 DAGs
[2022-11-29T06:28:45.760+0000] {logging_mixin.py:137} INFO - [2022-11-29T06:28:45.760+0000] {dag.py:3340} INFO - Setting next_dagrun for example_sla_dag to 2022-11-29T06:26:00+00:00, run_after=2022-11-29T06:28:00+00:00
[2022-11-29T06:28:45.784+0000] {processor.py:176} INFO - Processing /home/airflow/.local/lib/python3.7/site-packages/airflow/example_dags/example_sla_dag.py took 0.167 seconds
[2022-11-29T06:29:15.875+0000] {processor.py:154} INFO - Started process (PID=278) to work on /home/airflow/.local/lib/python3.7/site-packages/airflow/example_dags/example_sla_dag.py
[2022-11-29T06:29:15.877+0000] {processor.py:756} INFO - Processing file /home/airflow/.local/lib/python3.7/site-packages/airflow/example_dags/example_sla_dag.py for tasks to queue
[2022-11-29T06:29:15.879+0000] {logging_mixin.py:137} INFO - [2022-11-29T06:29:15.878+0000] {dagbag.py:537} INFO - Filling up the DagBag from /home/airflow/.local/lib/python3.7/site-packages/airflow/example_dags/example_sla_dag.py
[2022-11-29T06:29:15.912+0000] {processor.py:766} INFO - DAG(s) dict_keys(['example_sla_dag']) retrieved from /home/airflow/.local/lib/python3.7/site-packages/airflow/example_dags/example_sla_dag.py
[2022-11-29T06:29:15.973+0000] {logging_mixin.py:137} INFO - [2022-11-29T06:29:15.973+0000] {dag.py:2585} INFO - Sync 1 DAGs
[2022-11-29T06:29:16.015+0000] {logging_mixin.py:137} INFO - [2022-11-29T06:29:16.014+0000] {dag.py:3340} INFO - Setting next_dagrun for example_sla_dag to 2022-11-29T06:26:00+00:00, run_after=2022-11-29T06:28:00+00:00
[2022-11-29T06:29:16.043+0000] {processor.py:176} INFO - Processing /home/airflow/.local/lib/python3.7/site-packages/airflow/example_dags/example_sla_dag.py took 0.172 seconds
[2022-11-29T06:31:40.467+0000] {processor.py:154} INFO - Started process (PID=45) to work on /home/airflow/.local/lib/python3.7/site-packages/airflow/example_dags/example_sla_dag.py
[2022-11-29T06:31:40.474+0000] {processor.py:756} INFO - Processing file /home/airflow/.local/lib/python3.7/site-packages/airflow/example_dags/example_sla_dag.py for tasks to queue
[2022-11-29T06:31:40.475+0000] {logging_mixin.py:137} INFO - [2022-11-29T06:31:40.475+0000] {dagbag.py:537} INFO - Filling up the DagBag from /home/airflow/.local/lib/python3.7/site-packages/airflow/example_dags/example_sla_dag.py
[2022-11-29T06:31:40.621+0000] {processor.py:766} INFO - DAG(s) dict_keys(['example_sla_dag']) retrieved from /home/airflow/.local/lib/python3.7/site-packages/airflow/example_dags/example_sla_dag.py
[2022-11-29T06:31:40.727+0000] {logging_mixin.py:137} INFO - [2022-11-29T06:31:40.726+0000] {dag.py:2585} INFO - Sync 1 DAGs
[2022-11-29T06:31:40.816+0000] {logging_mixin.py:137} INFO - [2022-11-29T06:31:40.816+0000] {dag.py:3340} INFO - Setting next_dagrun for example_sla_dag to 2022-11-29T06:28:00+00:00, run_after=2022-11-29T06:30:00+00:00
[2022-11-29T06:31:40.864+0000] {processor.py:176} INFO - Processing /home/airflow/.local/lib/python3.7/site-packages/airflow/example_dags/example_sla_dag.py took 0.400 seconds
[2022-11-29T06:32:10.918+0000] {processor.py:154} INFO - Started process (PID=99) to work on /home/airflow/.local/lib/python3.7/site-packages/airflow/example_dags/example_sla_dag.py
[2022-11-29T06:32:10.919+0000] {processor.py:756} INFO - Processing file /home/airflow/.local/lib/python3.7/site-packages/airflow/example_dags/example_sla_dag.py for tasks to queue
[2022-11-29T06:32:10.921+0000] {logging_mixin.py:137} INFO - [2022-11-29T06:32:10.921+0000] {dagbag.py:537} INFO - Filling up the DagBag from /home/airflow/.local/lib/python3.7/site-packages/airflow/example_dags/example_sla_dag.py
[2022-11-29T06:32:10.962+0000] {processor.py:766} INFO - DAG(s) dict_keys(['example_sla_dag']) retrieved from /home/airflow/.local/lib/python3.7/site-packages/airflow/example_dags/example_sla_dag.py
[2022-11-29T06:32:11.022+0000] {logging_mixin.py:137} INFO - [2022-11-29T06:32:11.022+0000] {dag.py:2585} INFO - Sync 1 DAGs
[2022-11-29T06:32:11.071+0000] {logging_mixin.py:137} INFO - [2022-11-29T06:32:11.071+0000] {dag.py:3340} INFO - Setting next_dagrun for example_sla_dag to 2022-11-29T06:30:00+00:00, run_after=2022-11-29T06:32:00+00:00
[2022-11-29T06:32:11.098+0000] {processor.py:176} INFO - Processing /home/airflow/.local/lib/python3.7/site-packages/airflow/example_dags/example_sla_dag.py took 0.188 seconds
[2022-11-29T06:32:41.701+0000] {processor.py:154} INFO - Started process (PID=162) to work on /home/airflow/.local/lib/python3.7/site-packages/airflow/example_dags/example_sla_dag.py
[2022-11-29T06:32:41.703+0000] {processor.py:756} INFO - Processing file /home/airflow/.local/lib/python3.7/site-packages/airflow/example_dags/example_sla_dag.py for tasks to queue
[2022-11-29T06:32:41.704+0000] {logging_mixin.py:137} INFO - [2022-11-29T06:32:41.704+0000] {dagbag.py:537} INFO - Filling up the DagBag from /home/airflow/.local/lib/python3.7/site-packages/airflow/example_dags/example_sla_dag.py
[2022-11-29T06:32:41.737+0000] {processor.py:766} INFO - DAG(s) dict_keys(['example_sla_dag']) retrieved from /home/airflow/.local/lib/python3.7/site-packages/airflow/example_dags/example_sla_dag.py
[2022-11-29T06:32:41.814+0000] {logging_mixin.py:137} INFO - [2022-11-29T06:32:41.814+0000] {dag.py:2585} INFO - Sync 1 DAGs
[2022-11-29T06:32:41.854+0000] {logging_mixin.py:137} INFO - [2022-11-29T06:32:41.854+0000] {dag.py:3340} INFO - Setting next_dagrun for example_sla_dag to 2022-11-29T06:30:00+00:00, run_after=2022-11-29T06:32:00+00:00
[2022-11-29T06:32:41.879+0000] {processor.py:176} INFO - Processing /home/airflow/.local/lib/python3.7/site-packages/airflow/example_dags/example_sla_dag.py took 0.183 seconds
[2022-11-29T06:33:12.902+0000] {processor.py:154} INFO - Started process (PID=225) to work on /home/airflow/.local/lib/python3.7/site-packages/airflow/example_dags/example_sla_dag.py
[2022-11-29T06:33:12.904+0000] {processor.py:756} INFO - Processing file /home/airflow/.local/lib/python3.7/site-packages/airflow/example_dags/example_sla_dag.py for tasks to queue
[2022-11-29T06:33:12.906+0000] {logging_mixin.py:137} INFO - [2022-11-29T06:33:12.906+0000] {dagbag.py:537} INFO - Filling up the DagBag from /home/airflow/.local/lib/python3.7/site-packages/airflow/example_dags/example_sla_dag.py
[2022-11-29T06:33:12.946+0000] {processor.py:766} INFO - DAG(s) dict_keys(['example_sla_dag']) retrieved from /home/airflow/.local/lib/python3.7/site-packages/airflow/example_dags/example_sla_dag.py
[2022-11-29T06:33:13.014+0000] {logging_mixin.py:137} INFO - [2022-11-29T06:33:13.014+0000] {dag.py:2585} INFO - Sync 1 DAGs
[2022-11-29T06:33:13.070+0000] {logging_mixin.py:137} INFO - [2022-11-29T06:33:13.069+0000] {dag.py:3340} INFO - Setting next_dagrun for example_sla_dag to 2022-11-29T06:30:00+00:00, run_after=2022-11-29T06:32:00+00:00
[2022-11-29T06:33:13.102+0000] {processor.py:176} INFO - Processing /home/airflow/.local/lib/python3.7/site-packages/airflow/example_dags/example_sla_dag.py took 0.207 seconds
[2022-11-29T06:33:43.570+0000] {processor.py:154} INFO - Started process (PID=280) to work on /home/airflow/.local/lib/python3.7/site-packages/airflow/example_dags/example_sla_dag.py
[2022-11-29T06:33:43.572+0000] {processor.py:756} INFO - Processing file /home/airflow/.local/lib/python3.7/site-packages/airflow/example_dags/example_sla_dag.py for tasks to queue
[2022-11-29T06:33:43.573+0000] {logging_mixin.py:137} INFO - [2022-11-29T06:33:43.573+0000] {dagbag.py:537} INFO - Filling up the DagBag from /home/airflow/.local/lib/python3.7/site-packages/airflow/example_dags/example_sla_dag.py
[2022-11-29T06:33:43.614+0000] {processor.py:766} INFO - DAG(s) dict_keys(['example_sla_dag']) retrieved from /home/airflow/.local/lib/python3.7/site-packages/airflow/example_dags/example_sla_dag.py
[2022-11-29T06:33:43.679+0000] {logging_mixin.py:137} INFO - [2022-11-29T06:33:43.678+0000] {dag.py:2585} INFO - Sync 1 DAGs
[2022-11-29T06:33:43.722+0000] {logging_mixin.py:137} INFO - [2022-11-29T06:33:43.722+0000] {dag.py:3340} INFO - Setting next_dagrun for example_sla_dag to 2022-11-29T06:30:00+00:00, run_after=2022-11-29T06:32:00+00:00
[2022-11-29T06:33:43.753+0000] {processor.py:176} INFO - Processing /home/airflow/.local/lib/python3.7/site-packages/airflow/example_dags/example_sla_dag.py took 0.189 seconds
[2022-11-29T06:52:54.469+0000] {processor.py:154} INFO - Started process (PID=46) to work on /home/airflow/.local/lib/python3.7/site-packages/airflow/example_dags/example_sla_dag.py
[2022-11-29T06:52:54.470+0000] {processor.py:756} INFO - Processing file /home/airflow/.local/lib/python3.7/site-packages/airflow/example_dags/example_sla_dag.py for tasks to queue
[2022-11-29T06:52:54.472+0000] {logging_mixin.py:137} INFO - [2022-11-29T06:52:54.472+0000] {dagbag.py:537} INFO - Filling up the DagBag from /home/airflow/.local/lib/python3.7/site-packages/airflow/example_dags/example_sla_dag.py
[2022-11-29T06:52:54.555+0000] {processor.py:766} INFO - DAG(s) dict_keys(['example_sla_dag']) retrieved from /home/airflow/.local/lib/python3.7/site-packages/airflow/example_dags/example_sla_dag.py
[2022-11-29T06:52:54.629+0000] {logging_mixin.py:137} INFO - [2022-11-29T06:52:54.629+0000] {dag.py:2585} INFO - Sync 1 DAGs
[2022-11-29T06:52:54.684+0000] {logging_mixin.py:137} INFO - [2022-11-29T06:52:54.684+0000] {dag.py:3340} INFO - Setting next_dagrun for example_sla_dag to 2022-11-29T06:50:00+00:00, run_after=2022-11-29T06:52:00+00:00
[2022-11-29T06:52:54.723+0000] {processor.py:176} INFO - Processing /home/airflow/.local/lib/python3.7/site-packages/airflow/example_dags/example_sla_dag.py took 0.259 seconds
[2022-11-29T06:53:25.107+0000] {processor.py:154} INFO - Started process (PID=101) to work on /home/airflow/.local/lib/python3.7/site-packages/airflow/example_dags/example_sla_dag.py
[2022-11-29T06:53:25.109+0000] {processor.py:756} INFO - Processing file /home/airflow/.local/lib/python3.7/site-packages/airflow/example_dags/example_sla_dag.py for tasks to queue
[2022-11-29T06:53:25.112+0000] {logging_mixin.py:137} INFO - [2022-11-29T06:53:25.112+0000] {dagbag.py:537} INFO - Filling up the DagBag from /home/airflow/.local/lib/python3.7/site-packages/airflow/example_dags/example_sla_dag.py
[2022-11-29T06:53:25.153+0000] {processor.py:766} INFO - DAG(s) dict_keys(['example_sla_dag']) retrieved from /home/airflow/.local/lib/python3.7/site-packages/airflow/example_dags/example_sla_dag.py
[2022-11-29T06:53:25.220+0000] {logging_mixin.py:137} INFO - [2022-11-29T06:53:25.220+0000] {dag.py:2585} INFO - Sync 1 DAGs
[2022-11-29T06:53:25.278+0000] {logging_mixin.py:137} INFO - [2022-11-29T06:53:25.278+0000] {dag.py:3340} INFO - Setting next_dagrun for example_sla_dag to 2022-11-29T06:50:00+00:00, run_after=2022-11-29T06:52:00+00:00
[2022-11-29T06:53:25.307+0000] {processor.py:176} INFO - Processing /home/airflow/.local/lib/python3.7/site-packages/airflow/example_dags/example_sla_dag.py took 0.205 seconds
[2022-11-29T06:53:56.264+0000] {processor.py:154} INFO - Started process (PID=166) to work on /home/airflow/.local/lib/python3.7/site-packages/airflow/example_dags/example_sla_dag.py
[2022-11-29T06:53:56.266+0000] {processor.py:756} INFO - Processing file /home/airflow/.local/lib/python3.7/site-packages/airflow/example_dags/example_sla_dag.py for tasks to queue
[2022-11-29T06:53:56.267+0000] {logging_mixin.py:137} INFO - [2022-11-29T06:53:56.267+0000] {dagbag.py:537} INFO - Filling up the DagBag from /home/airflow/.local/lib/python3.7/site-packages/airflow/example_dags/example_sla_dag.py
[2022-11-29T06:53:56.301+0000] {processor.py:766} INFO - DAG(s) dict_keys(['example_sla_dag']) retrieved from /home/airflow/.local/lib/python3.7/site-packages/airflow/example_dags/example_sla_dag.py
[2022-11-29T06:53:56.357+0000] {logging_mixin.py:137} INFO - [2022-11-29T06:53:56.357+0000] {dag.py:2585} INFO - Sync 1 DAGs
[2022-11-29T06:53:56.400+0000] {logging_mixin.py:137} INFO - [2022-11-29T06:53:56.399+0000] {dag.py:3340} INFO - Setting next_dagrun for example_sla_dag to 2022-11-29T06:50:00+00:00, run_after=2022-11-29T06:52:00+00:00
[2022-11-29T06:53:56.447+0000] {processor.py:176} INFO - Processing /home/airflow/.local/lib/python3.7/site-packages/airflow/example_dags/example_sla_dag.py took 0.188 seconds
[2022-11-29T06:54:27.154+0000] {processor.py:154} INFO - Started process (PID=220) to work on /home/airflow/.local/lib/python3.7/site-packages/airflow/example_dags/example_sla_dag.py
[2022-11-29T06:54:27.155+0000] {processor.py:756} INFO - Processing file /home/airflow/.local/lib/python3.7/site-packages/airflow/example_dags/example_sla_dag.py for tasks to queue
[2022-11-29T06:54:27.157+0000] {logging_mixin.py:137} INFO - [2022-11-29T06:54:27.156+0000] {dagbag.py:537} INFO - Filling up the DagBag from /home/airflow/.local/lib/python3.7/site-packages/airflow/example_dags/example_sla_dag.py
[2022-11-29T06:54:27.188+0000] {processor.py:766} INFO - DAG(s) dict_keys(['example_sla_dag']) retrieved from /home/airflow/.local/lib/python3.7/site-packages/airflow/example_dags/example_sla_dag.py
[2022-11-29T06:54:27.243+0000] {logging_mixin.py:137} INFO - [2022-11-29T06:54:27.243+0000] {dag.py:2585} INFO - Sync 1 DAGs
[2022-11-29T06:54:27.280+0000] {logging_mixin.py:137} INFO - [2022-11-29T06:54:27.280+0000] {dag.py:3340} INFO - Setting next_dagrun for example_sla_dag to 2022-11-29T06:52:00+00:00, run_after=2022-11-29T06:54:00+00:00
[2022-11-29T06:54:27.307+0000] {processor.py:176} INFO - Processing /home/airflow/.local/lib/python3.7/site-packages/airflow/example_dags/example_sla_dag.py took 0.159 seconds
[2022-11-29T06:54:57.920+0000] {processor.py:154} INFO - Started process (PID=283) to work on /home/airflow/.local/lib/python3.7/site-packages/airflow/example_dags/example_sla_dag.py
[2022-11-29T06:54:57.922+0000] {processor.py:756} INFO - Processing file /home/airflow/.local/lib/python3.7/site-packages/airflow/example_dags/example_sla_dag.py for tasks to queue
[2022-11-29T06:54:57.924+0000] {logging_mixin.py:137} INFO - [2022-11-29T06:54:57.924+0000] {dagbag.py:537} INFO - Filling up the DagBag from /home/airflow/.local/lib/python3.7/site-packages/airflow/example_dags/example_sla_dag.py
[2022-11-29T06:54:57.956+0000] {processor.py:766} INFO - DAG(s) dict_keys(['example_sla_dag']) retrieved from /home/airflow/.local/lib/python3.7/site-packages/airflow/example_dags/example_sla_dag.py
[2022-11-29T06:54:58.020+0000] {logging_mixin.py:137} INFO - [2022-11-29T06:54:58.020+0000] {dag.py:2585} INFO - Sync 1 DAGs
[2022-11-29T06:54:58.062+0000] {logging_mixin.py:137} INFO - [2022-11-29T06:54:58.062+0000] {dag.py:3340} INFO - Setting next_dagrun for example_sla_dag to 2022-11-29T06:52:00+00:00, run_after=2022-11-29T06:54:00+00:00
[2022-11-29T06:54:58.094+0000] {processor.py:176} INFO - Processing /home/airflow/.local/lib/python3.7/site-packages/airflow/example_dags/example_sla_dag.py took 0.179 seconds
[2022-11-29T06:55:28.671+0000] {processor.py:154} INFO - Started process (PID=345) to work on /home/airflow/.local/lib/python3.7/site-packages/airflow/example_dags/example_sla_dag.py
[2022-11-29T06:55:28.673+0000] {processor.py:756} INFO - Processing file /home/airflow/.local/lib/python3.7/site-packages/airflow/example_dags/example_sla_dag.py for tasks to queue
[2022-11-29T06:55:28.675+0000] {logging_mixin.py:137} INFO - [2022-11-29T06:55:28.675+0000] {dagbag.py:537} INFO - Filling up the DagBag from /home/airflow/.local/lib/python3.7/site-packages/airflow/example_dags/example_sla_dag.py
[2022-11-29T06:55:28.722+0000] {processor.py:766} INFO - DAG(s) dict_keys(['example_sla_dag']) retrieved from /home/airflow/.local/lib/python3.7/site-packages/airflow/example_dags/example_sla_dag.py
[2022-11-29T06:55:28.794+0000] {logging_mixin.py:137} INFO - [2022-11-29T06:55:28.794+0000] {dag.py:2585} INFO - Sync 1 DAGs
[2022-11-29T06:55:28.837+0000] {logging_mixin.py:137} INFO - [2022-11-29T06:55:28.836+0000] {dag.py:3340} INFO - Setting next_dagrun for example_sla_dag to 2022-11-29T06:52:00+00:00, run_after=2022-11-29T06:54:00+00:00
[2022-11-29T06:55:28.860+0000] {processor.py:176} INFO - Processing /home/airflow/.local/lib/python3.7/site-packages/airflow/example_dags/example_sla_dag.py took 0.198 seconds
[2022-11-29T06:55:59.261+0000] {processor.py:154} INFO - Started process (PID=399) to work on /home/airflow/.local/lib/python3.7/site-packages/airflow/example_dags/example_sla_dag.py
[2022-11-29T06:55:59.264+0000] {processor.py:756} INFO - Processing file /home/airflow/.local/lib/python3.7/site-packages/airflow/example_dags/example_sla_dag.py for tasks to queue
[2022-11-29T06:55:59.268+0000] {logging_mixin.py:137} INFO - [2022-11-29T06:55:59.267+0000] {dagbag.py:537} INFO - Filling up the DagBag from /home/airflow/.local/lib/python3.7/site-packages/airflow/example_dags/example_sla_dag.py
[2022-11-29T06:55:59.303+0000] {processor.py:766} INFO - DAG(s) dict_keys(['example_sla_dag']) retrieved from /home/airflow/.local/lib/python3.7/site-packages/airflow/example_dags/example_sla_dag.py
[2022-11-29T06:55:59.364+0000] {logging_mixin.py:137} INFO - [2022-11-29T06:55:59.364+0000] {dag.py:2585} INFO - Sync 1 DAGs
[2022-11-29T06:55:59.407+0000] {logging_mixin.py:137} INFO - [2022-11-29T06:55:59.406+0000] {dag.py:3340} INFO - Setting next_dagrun for example_sla_dag to 2022-11-29T06:52:00+00:00, run_after=2022-11-29T06:54:00+00:00
[2022-11-29T06:55:59.436+0000] {processor.py:176} INFO - Processing /home/airflow/.local/lib/python3.7/site-packages/airflow/example_dags/example_sla_dag.py took 0.182 seconds
[2022-11-29T07:01:48.599+0000] {processor.py:154} INFO - Started process (PID=44) to work on /home/airflow/.local/lib/python3.7/site-packages/airflow/example_dags/example_sla_dag.py
[2022-11-29T07:01:48.602+0000] {processor.py:756} INFO - Processing file /home/airflow/.local/lib/python3.7/site-packages/airflow/example_dags/example_sla_dag.py for tasks to queue
[2022-11-29T07:01:48.604+0000] {logging_mixin.py:137} INFO - [2022-11-29T07:01:48.604+0000] {dagbag.py:537} INFO - Filling up the DagBag from /home/airflow/.local/lib/python3.7/site-packages/airflow/example_dags/example_sla_dag.py
[2022-11-29T07:01:48.721+0000] {processor.py:766} INFO - DAG(s) dict_keys(['example_sla_dag']) retrieved from /home/airflow/.local/lib/python3.7/site-packages/airflow/example_dags/example_sla_dag.py
[2022-11-29T07:01:48.795+0000] {logging_mixin.py:137} INFO - [2022-11-29T07:01:48.795+0000] {dag.py:2585} INFO - Sync 1 DAGs
[2022-11-29T07:01:48.870+0000] {logging_mixin.py:137} INFO - [2022-11-29T07:01:48.870+0000] {dag.py:3340} INFO - Setting next_dagrun for example_sla_dag to 2022-11-29T06:58:00+00:00, run_after=2022-11-29T07:00:00+00:00
[2022-11-29T07:01:48.933+0000] {processor.py:176} INFO - Processing /home/airflow/.local/lib/python3.7/site-packages/airflow/example_dags/example_sla_dag.py took 0.340 seconds
[2022-11-29T07:02:19.760+0000] {processor.py:154} INFO - Started process (PID=98) to work on /home/airflow/.local/lib/python3.7/site-packages/airflow/example_dags/example_sla_dag.py
[2022-11-29T07:02:19.762+0000] {processor.py:756} INFO - Processing file /home/airflow/.local/lib/python3.7/site-packages/airflow/example_dags/example_sla_dag.py for tasks to queue
[2022-11-29T07:02:19.765+0000] {logging_mixin.py:137} INFO - [2022-11-29T07:02:19.765+0000] {dagbag.py:537} INFO - Filling up the DagBag from /home/airflow/.local/lib/python3.7/site-packages/airflow/example_dags/example_sla_dag.py
[2022-11-29T07:02:19.804+0000] {processor.py:766} INFO - DAG(s) dict_keys(['example_sla_dag']) retrieved from /home/airflow/.local/lib/python3.7/site-packages/airflow/example_dags/example_sla_dag.py
[2022-11-29T07:02:19.865+0000] {logging_mixin.py:137} INFO - [2022-11-29T07:02:19.865+0000] {dag.py:2585} INFO - Sync 1 DAGs
[2022-11-29T07:02:19.915+0000] {logging_mixin.py:137} INFO - [2022-11-29T07:02:19.915+0000] {dag.py:3340} INFO - Setting next_dagrun for example_sla_dag to 2022-11-29T07:00:00+00:00, run_after=2022-11-29T07:02:00+00:00
[2022-11-29T07:02:19.946+0000] {processor.py:176} INFO - Processing /home/airflow/.local/lib/python3.7/site-packages/airflow/example_dags/example_sla_dag.py took 0.191 seconds
[2022-11-29T07:02:50.230+0000] {processor.py:154} INFO - Started process (PID=162) to work on /home/airflow/.local/lib/python3.7/site-packages/airflow/example_dags/example_sla_dag.py
[2022-11-29T07:02:50.232+0000] {processor.py:756} INFO - Processing file /home/airflow/.local/lib/python3.7/site-packages/airflow/example_dags/example_sla_dag.py for tasks to queue
[2022-11-29T07:02:50.234+0000] {logging_mixin.py:137} INFO - [2022-11-29T07:02:50.234+0000] {dagbag.py:537} INFO - Filling up the DagBag from /home/airflow/.local/lib/python3.7/site-packages/airflow/example_dags/example_sla_dag.py
[2022-11-29T07:02:50.283+0000] {processor.py:766} INFO - DAG(s) dict_keys(['example_sla_dag']) retrieved from /home/airflow/.local/lib/python3.7/site-packages/airflow/example_dags/example_sla_dag.py
[2022-11-29T07:02:50.385+0000] {logging_mixin.py:137} INFO - [2022-11-29T07:02:50.385+0000] {dag.py:2585} INFO - Sync 1 DAGs
[2022-11-29T07:02:50.441+0000] {logging_mixin.py:137} INFO - [2022-11-29T07:02:50.441+0000] {dag.py:3340} INFO - Setting next_dagrun for example_sla_dag to 2022-11-29T07:00:00+00:00, run_after=2022-11-29T07:02:00+00:00
[2022-11-29T07:02:50.496+0000] {processor.py:176} INFO - Processing /home/airflow/.local/lib/python3.7/site-packages/airflow/example_dags/example_sla_dag.py took 0.278 seconds
[2022-11-29T07:03:21.138+0000] {processor.py:154} INFO - Started process (PID=225) to work on /home/airflow/.local/lib/python3.7/site-packages/airflow/example_dags/example_sla_dag.py
[2022-11-29T07:03:21.139+0000] {processor.py:756} INFO - Processing file /home/airflow/.local/lib/python3.7/site-packages/airflow/example_dags/example_sla_dag.py for tasks to queue
[2022-11-29T07:03:21.141+0000] {logging_mixin.py:137} INFO - [2022-11-29T07:03:21.141+0000] {dagbag.py:537} INFO - Filling up the DagBag from /home/airflow/.local/lib/python3.7/site-packages/airflow/example_dags/example_sla_dag.py
[2022-11-29T07:03:21.178+0000] {processor.py:766} INFO - DAG(s) dict_keys(['example_sla_dag']) retrieved from /home/airflow/.local/lib/python3.7/site-packages/airflow/example_dags/example_sla_dag.py
[2022-11-29T07:03:21.246+0000] {logging_mixin.py:137} INFO - [2022-11-29T07:03:21.246+0000] {dag.py:2585} INFO - Sync 1 DAGs
[2022-11-29T07:03:21.285+0000] {logging_mixin.py:137} INFO - [2022-11-29T07:03:21.285+0000] {dag.py:3340} INFO - Setting next_dagrun for example_sla_dag to 2022-11-29T07:00:00+00:00, run_after=2022-11-29T07:02:00+00:00
[2022-11-29T07:03:21.314+0000] {processor.py:176} INFO - Processing /home/airflow/.local/lib/python3.7/site-packages/airflow/example_dags/example_sla_dag.py took 0.180 seconds
[2022-11-29T07:03:51.834+0000] {processor.py:154} INFO - Started process (PID=279) to work on /home/airflow/.local/lib/python3.7/site-packages/airflow/example_dags/example_sla_dag.py
[2022-11-29T07:03:51.836+0000] {processor.py:756} INFO - Processing file /home/airflow/.local/lib/python3.7/site-packages/airflow/example_dags/example_sla_dag.py for tasks to queue
[2022-11-29T07:03:51.837+0000] {logging_mixin.py:137} INFO - [2022-11-29T07:03:51.837+0000] {dagbag.py:537} INFO - Filling up the DagBag from /home/airflow/.local/lib/python3.7/site-packages/airflow/example_dags/example_sla_dag.py
[2022-11-29T07:03:51.876+0000] {processor.py:766} INFO - DAG(s) dict_keys(['example_sla_dag']) retrieved from /home/airflow/.local/lib/python3.7/site-packages/airflow/example_dags/example_sla_dag.py
[2022-11-29T07:03:51.938+0000] {logging_mixin.py:137} INFO - [2022-11-29T07:03:51.938+0000] {dag.py:2585} INFO - Sync 1 DAGs
[2022-11-29T07:03:51.978+0000] {logging_mixin.py:137} INFO - [2022-11-29T07:03:51.978+0000] {dag.py:3340} INFO - Setting next_dagrun for example_sla_dag to 2022-11-29T07:00:00+00:00, run_after=2022-11-29T07:02:00+00:00
[2022-11-29T07:03:52.015+0000] {processor.py:176} INFO - Processing /home/airflow/.local/lib/python3.7/site-packages/airflow/example_dags/example_sla_dag.py took 0.186 seconds
[2022-11-29T07:04:47.648+0000] {processor.py:154} INFO - Started process (PID=44) to work on /home/airflow/.local/lib/python3.7/site-packages/airflow/example_dags/example_sla_dag.py
[2022-11-29T07:04:47.651+0000] {processor.py:756} INFO - Processing file /home/airflow/.local/lib/python3.7/site-packages/airflow/example_dags/example_sla_dag.py for tasks to queue
[2022-11-29T07:04:47.653+0000] {logging_mixin.py:137} INFO - [2022-11-29T07:04:47.653+0000] {dagbag.py:537} INFO - Filling up the DagBag from /home/airflow/.local/lib/python3.7/site-packages/airflow/example_dags/example_sla_dag.py
[2022-11-29T07:04:47.730+0000] {processor.py:766} INFO - DAG(s) dict_keys(['example_sla_dag']) retrieved from /home/airflow/.local/lib/python3.7/site-packages/airflow/example_dags/example_sla_dag.py
[2022-11-29T07:04:47.793+0000] {logging_mixin.py:137} INFO - [2022-11-29T07:04:47.792+0000] {dag.py:2585} INFO - Sync 1 DAGs
[2022-11-29T07:04:47.872+0000] {logging_mixin.py:137} INFO - [2022-11-29T07:04:47.871+0000] {dag.py:3340} INFO - Setting next_dagrun for example_sla_dag to 2022-11-29T07:02:00+00:00, run_after=2022-11-29T07:04:00+00:00
[2022-11-29T07:04:47.902+0000] {processor.py:176} INFO - Processing /home/airflow/.local/lib/python3.7/site-packages/airflow/example_dags/example_sla_dag.py took 0.269 seconds
[2022-11-29T07:05:57.457+0000] {processor.py:154} INFO - Started process (PID=44) to work on /home/airflow/.local/lib/python3.7/site-packages/airflow/example_dags/example_sla_dag.py
[2022-11-29T07:05:57.461+0000] {processor.py:756} INFO - Processing file /home/airflow/.local/lib/python3.7/site-packages/airflow/example_dags/example_sla_dag.py for tasks to queue
[2022-11-29T07:05:57.462+0000] {logging_mixin.py:137} INFO - [2022-11-29T07:05:57.462+0000] {dagbag.py:537} INFO - Filling up the DagBag from /home/airflow/.local/lib/python3.7/site-packages/airflow/example_dags/example_sla_dag.py
[2022-11-29T07:05:57.546+0000] {processor.py:766} INFO - DAG(s) dict_keys(['example_sla_dag']) retrieved from /home/airflow/.local/lib/python3.7/site-packages/airflow/example_dags/example_sla_dag.py
[2022-11-29T07:05:57.604+0000] {logging_mixin.py:137} INFO - [2022-11-29T07:05:57.604+0000] {dag.py:2585} INFO - Sync 1 DAGs
[2022-11-29T07:05:57.720+0000] {logging_mixin.py:137} INFO - [2022-11-29T07:05:57.720+0000] {dag.py:3340} INFO - Setting next_dagrun for example_sla_dag to 2022-11-29T07:02:00+00:00, run_after=2022-11-29T07:04:00+00:00
[2022-11-29T07:05:57.778+0000] {processor.py:176} INFO - Processing /home/airflow/.local/lib/python3.7/site-packages/airflow/example_dags/example_sla_dag.py took 0.328 seconds
[2022-11-29T07:06:28.486+0000] {processor.py:154} INFO - Started process (PID=98) to work on /home/airflow/.local/lib/python3.7/site-packages/airflow/example_dags/example_sla_dag.py
[2022-11-29T07:06:28.487+0000] {processor.py:756} INFO - Processing file /home/airflow/.local/lib/python3.7/site-packages/airflow/example_dags/example_sla_dag.py for tasks to queue
[2022-11-29T07:06:28.489+0000] {logging_mixin.py:137} INFO - [2022-11-29T07:06:28.489+0000] {dagbag.py:537} INFO - Filling up the DagBag from /home/airflow/.local/lib/python3.7/site-packages/airflow/example_dags/example_sla_dag.py
[2022-11-29T07:06:28.521+0000] {processor.py:766} INFO - DAG(s) dict_keys(['example_sla_dag']) retrieved from /home/airflow/.local/lib/python3.7/site-packages/airflow/example_dags/example_sla_dag.py
[2022-11-29T07:06:28.582+0000] {logging_mixin.py:137} INFO - [2022-11-29T07:06:28.582+0000] {dag.py:2585} INFO - Sync 1 DAGs
[2022-11-29T07:06:28.635+0000] {logging_mixin.py:137} INFO - [2022-11-29T07:06:28.634+0000] {dag.py:3340} INFO - Setting next_dagrun for example_sla_dag to 2022-11-29T07:04:00+00:00, run_after=2022-11-29T07:06:00+00:00
[2022-11-29T07:06:28.668+0000] {processor.py:176} INFO - Processing /home/airflow/.local/lib/python3.7/site-packages/airflow/example_dags/example_sla_dag.py took 0.186 seconds
[2022-11-29T07:06:58.833+0000] {processor.py:154} INFO - Started process (PID=162) to work on /home/airflow/.local/lib/python3.7/site-packages/airflow/example_dags/example_sla_dag.py
[2022-11-29T07:06:58.835+0000] {processor.py:756} INFO - Processing file /home/airflow/.local/lib/python3.7/site-packages/airflow/example_dags/example_sla_dag.py for tasks to queue
[2022-11-29T07:06:58.836+0000] {logging_mixin.py:137} INFO - [2022-11-29T07:06:58.836+0000] {dagbag.py:537} INFO - Filling up the DagBag from /home/airflow/.local/lib/python3.7/site-packages/airflow/example_dags/example_sla_dag.py
[2022-11-29T07:06:58.870+0000] {processor.py:766} INFO - DAG(s) dict_keys(['example_sla_dag']) retrieved from /home/airflow/.local/lib/python3.7/site-packages/airflow/example_dags/example_sla_dag.py
[2022-11-29T07:06:58.927+0000] {logging_mixin.py:137} INFO - [2022-11-29T07:06:58.927+0000] {dag.py:2585} INFO - Sync 1 DAGs
[2022-11-29T07:06:58.969+0000] {logging_mixin.py:137} INFO - [2022-11-29T07:06:58.969+0000] {dag.py:3340} INFO - Setting next_dagrun for example_sla_dag to 2022-11-29T07:04:00+00:00, run_after=2022-11-29T07:06:00+00:00
[2022-11-29T07:06:59.001+0000] {processor.py:176} INFO - Processing /home/airflow/.local/lib/python3.7/site-packages/airflow/example_dags/example_sla_dag.py took 0.173 seconds
[2022-11-29T07:07:29.730+0000] {processor.py:154} INFO - Started process (PID=225) to work on /home/airflow/.local/lib/python3.7/site-packages/airflow/example_dags/example_sla_dag.py
[2022-11-29T07:07:29.732+0000] {processor.py:756} INFO - Processing file /home/airflow/.local/lib/python3.7/site-packages/airflow/example_dags/example_sla_dag.py for tasks to queue
[2022-11-29T07:07:29.733+0000] {logging_mixin.py:137} INFO - [2022-11-29T07:07:29.733+0000] {dagbag.py:537} INFO - Filling up the DagBag from /home/airflow/.local/lib/python3.7/site-packages/airflow/example_dags/example_sla_dag.py
[2022-11-29T07:07:29.763+0000] {processor.py:766} INFO - DAG(s) dict_keys(['example_sla_dag']) retrieved from /home/airflow/.local/lib/python3.7/site-packages/airflow/example_dags/example_sla_dag.py
[2022-11-29T07:07:29.841+0000] {logging_mixin.py:137} INFO - [2022-11-29T07:07:29.841+0000] {dag.py:2585} INFO - Sync 1 DAGs
[2022-11-29T07:07:29.888+0000] {logging_mixin.py:137} INFO - [2022-11-29T07:07:29.888+0000] {dag.py:3340} INFO - Setting next_dagrun for example_sla_dag to 2022-11-29T07:04:00+00:00, run_after=2022-11-29T07:06:00+00:00
[2022-11-29T07:07:29.916+0000] {processor.py:176} INFO - Processing /home/airflow/.local/lib/python3.7/site-packages/airflow/example_dags/example_sla_dag.py took 0.191 seconds
[2022-11-29T07:08:00.516+0000] {processor.py:154} INFO - Started process (PID=281) to work on /home/airflow/.local/lib/python3.7/site-packages/airflow/example_dags/example_sla_dag.py
[2022-11-29T07:08:00.518+0000] {processor.py:756} INFO - Processing file /home/airflow/.local/lib/python3.7/site-packages/airflow/example_dags/example_sla_dag.py for tasks to queue
[2022-11-29T07:08:00.520+0000] {logging_mixin.py:137} INFO - [2022-11-29T07:08:00.519+0000] {dagbag.py:537} INFO - Filling up the DagBag from /home/airflow/.local/lib/python3.7/site-packages/airflow/example_dags/example_sla_dag.py
[2022-11-29T07:08:00.562+0000] {processor.py:766} INFO - DAG(s) dict_keys(['example_sla_dag']) retrieved from /home/airflow/.local/lib/python3.7/site-packages/airflow/example_dags/example_sla_dag.py
[2022-11-29T07:08:00.629+0000] {logging_mixin.py:137} INFO - [2022-11-29T07:08:00.629+0000] {dag.py:2585} INFO - Sync 1 DAGs
[2022-11-29T07:08:00.682+0000] {logging_mixin.py:137} INFO - [2022-11-29T07:08:00.682+0000] {dag.py:3340} INFO - Setting next_dagrun for example_sla_dag to 2022-11-29T07:06:00+00:00, run_after=2022-11-29T07:08:00+00:00
[2022-11-29T07:08:00.710+0000] {processor.py:176} INFO - Processing /home/airflow/.local/lib/python3.7/site-packages/airflow/example_dags/example_sla_dag.py took 0.199 seconds
[2022-11-29T07:08:31.602+0000] {processor.py:154} INFO - Started process (PID=344) to work on /home/airflow/.local/lib/python3.7/site-packages/airflow/example_dags/example_sla_dag.py
[2022-11-29T07:08:31.603+0000] {processor.py:756} INFO - Processing file /home/airflow/.local/lib/python3.7/site-packages/airflow/example_dags/example_sla_dag.py for tasks to queue
[2022-11-29T07:08:31.605+0000] {logging_mixin.py:137} INFO - [2022-11-29T07:08:31.605+0000] {dagbag.py:537} INFO - Filling up the DagBag from /home/airflow/.local/lib/python3.7/site-packages/airflow/example_dags/example_sla_dag.py
[2022-11-29T07:08:31.639+0000] {processor.py:766} INFO - DAG(s) dict_keys(['example_sla_dag']) retrieved from /home/airflow/.local/lib/python3.7/site-packages/airflow/example_dags/example_sla_dag.py
[2022-11-29T07:08:31.698+0000] {logging_mixin.py:137} INFO - [2022-11-29T07:08:31.697+0000] {dag.py:2585} INFO - Sync 1 DAGs
[2022-11-29T07:08:31.753+0000] {logging_mixin.py:137} INFO - [2022-11-29T07:08:31.753+0000] {dag.py:3340} INFO - Setting next_dagrun for example_sla_dag to 2022-11-29T07:06:00+00:00, run_after=2022-11-29T07:08:00+00:00
[2022-11-29T07:08:31.783+0000] {processor.py:176} INFO - Processing /home/airflow/.local/lib/python3.7/site-packages/airflow/example_dags/example_sla_dag.py took 0.187 seconds
[2022-11-29T07:09:02.616+0000] {processor.py:154} INFO - Started process (PID=407) to work on /home/airflow/.local/lib/python3.7/site-packages/airflow/example_dags/example_sla_dag.py
[2022-11-29T07:09:02.618+0000] {processor.py:756} INFO - Processing file /home/airflow/.local/lib/python3.7/site-packages/airflow/example_dags/example_sla_dag.py for tasks to queue
[2022-11-29T07:09:02.619+0000] {logging_mixin.py:137} INFO - [2022-11-29T07:09:02.619+0000] {dagbag.py:537} INFO - Filling up the DagBag from /home/airflow/.local/lib/python3.7/site-packages/airflow/example_dags/example_sla_dag.py
[2022-11-29T07:09:02.653+0000] {processor.py:766} INFO - DAG(s) dict_keys(['example_sla_dag']) retrieved from /home/airflow/.local/lib/python3.7/site-packages/airflow/example_dags/example_sla_dag.py
[2022-11-29T07:09:02.713+0000] {logging_mixin.py:137} INFO - [2022-11-29T07:09:02.712+0000] {dag.py:2585} INFO - Sync 1 DAGs
[2022-11-29T07:09:02.757+0000] {logging_mixin.py:137} INFO - [2022-11-29T07:09:02.757+0000] {dag.py:3340} INFO - Setting next_dagrun for example_sla_dag to 2022-11-29T07:06:00+00:00, run_after=2022-11-29T07:08:00+00:00
[2022-11-29T07:09:02.784+0000] {processor.py:176} INFO - Processing /home/airflow/.local/lib/python3.7/site-packages/airflow/example_dags/example_sla_dag.py took 0.174 seconds
[2022-11-29T07:09:33.001+0000] {processor.py:154} INFO - Started process (PID=461) to work on /home/airflow/.local/lib/python3.7/site-packages/airflow/example_dags/example_sla_dag.py
[2022-11-29T07:09:33.003+0000] {processor.py:756} INFO - Processing file /home/airflow/.local/lib/python3.7/site-packages/airflow/example_dags/example_sla_dag.py for tasks to queue
[2022-11-29T07:09:33.005+0000] {logging_mixin.py:137} INFO - [2022-11-29T07:09:33.005+0000] {dagbag.py:537} INFO - Filling up the DagBag from /home/airflow/.local/lib/python3.7/site-packages/airflow/example_dags/example_sla_dag.py
[2022-11-29T07:09:33.043+0000] {processor.py:766} INFO - DAG(s) dict_keys(['example_sla_dag']) retrieved from /home/airflow/.local/lib/python3.7/site-packages/airflow/example_dags/example_sla_dag.py
[2022-11-29T07:09:33.106+0000] {logging_mixin.py:137} INFO - [2022-11-29T07:09:33.106+0000] {dag.py:2585} INFO - Sync 1 DAGs
[2022-11-29T07:09:33.150+0000] {logging_mixin.py:137} INFO - [2022-11-29T07:09:33.150+0000] {dag.py:3340} INFO - Setting next_dagrun for example_sla_dag to 2022-11-29T07:06:00+00:00, run_after=2022-11-29T07:08:00+00:00
[2022-11-29T07:09:33.178+0000] {processor.py:176} INFO - Processing /home/airflow/.local/lib/python3.7/site-packages/airflow/example_dags/example_sla_dag.py took 0.182 seconds
[2022-11-29T07:10:03.777+0000] {processor.py:154} INFO - Started process (PID=524) to work on /home/airflow/.local/lib/python3.7/site-packages/airflow/example_dags/example_sla_dag.py
[2022-11-29T07:10:03.778+0000] {processor.py:756} INFO - Processing file /home/airflow/.local/lib/python3.7/site-packages/airflow/example_dags/example_sla_dag.py for tasks to queue
[2022-11-29T07:10:03.780+0000] {logging_mixin.py:137} INFO - [2022-11-29T07:10:03.780+0000] {dagbag.py:537} INFO - Filling up the DagBag from /home/airflow/.local/lib/python3.7/site-packages/airflow/example_dags/example_sla_dag.py
[2022-11-29T07:10:03.810+0000] {processor.py:766} INFO - DAG(s) dict_keys(['example_sla_dag']) retrieved from /home/airflow/.local/lib/python3.7/site-packages/airflow/example_dags/example_sla_dag.py
[2022-11-29T07:10:03.865+0000] {logging_mixin.py:137} INFO - [2022-11-29T07:10:03.865+0000] {dag.py:2585} INFO - Sync 1 DAGs
[2022-11-29T07:10:03.916+0000] {logging_mixin.py:137} INFO - [2022-11-29T07:10:03.916+0000] {dag.py:3340} INFO - Setting next_dagrun for example_sla_dag to 2022-11-29T07:08:00+00:00, run_after=2022-11-29T07:10:00+00:00
[2022-11-29T07:10:03.958+0000] {processor.py:176} INFO - Processing /home/airflow/.local/lib/python3.7/site-packages/airflow/example_dags/example_sla_dag.py took 0.186 seconds
[2022-11-29T07:10:34.334+0000] {processor.py:154} INFO - Started process (PID=578) to work on /home/airflow/.local/lib/python3.7/site-packages/airflow/example_dags/example_sla_dag.py
[2022-11-29T07:10:34.337+0000] {processor.py:756} INFO - Processing file /home/airflow/.local/lib/python3.7/site-packages/airflow/example_dags/example_sla_dag.py for tasks to queue
[2022-11-29T07:10:34.340+0000] {logging_mixin.py:137} INFO - [2022-11-29T07:10:34.339+0000] {dagbag.py:537} INFO - Filling up the DagBag from /home/airflow/.local/lib/python3.7/site-packages/airflow/example_dags/example_sla_dag.py
[2022-11-29T07:10:34.376+0000] {processor.py:766} INFO - DAG(s) dict_keys(['example_sla_dag']) retrieved from /home/airflow/.local/lib/python3.7/site-packages/airflow/example_dags/example_sla_dag.py
[2022-11-29T07:10:34.472+0000] {logging_mixin.py:137} INFO - [2022-11-29T07:10:34.471+0000] {dag.py:2585} INFO - Sync 1 DAGs
[2022-11-29T07:10:34.525+0000] {logging_mixin.py:137} INFO - [2022-11-29T07:10:34.525+0000] {dag.py:3340} INFO - Setting next_dagrun for example_sla_dag to 2022-11-29T07:08:00+00:00, run_after=2022-11-29T07:10:00+00:00
[2022-11-29T07:10:34.560+0000] {processor.py:176} INFO - Processing /home/airflow/.local/lib/python3.7/site-packages/airflow/example_dags/example_sla_dag.py took 0.231 seconds
[2022-11-29T07:11:04.869+0000] {processor.py:154} INFO - Started process (PID=641) to work on /home/airflow/.local/lib/python3.7/site-packages/airflow/example_dags/example_sla_dag.py
[2022-11-29T07:11:04.871+0000] {processor.py:756} INFO - Processing file /home/airflow/.local/lib/python3.7/site-packages/airflow/example_dags/example_sla_dag.py for tasks to queue
[2022-11-29T07:11:04.873+0000] {logging_mixin.py:137} INFO - [2022-11-29T07:11:04.872+0000] {dagbag.py:537} INFO - Filling up the DagBag from /home/airflow/.local/lib/python3.7/site-packages/airflow/example_dags/example_sla_dag.py
[2022-11-29T07:11:04.915+0000] {processor.py:766} INFO - DAG(s) dict_keys(['example_sla_dag']) retrieved from /home/airflow/.local/lib/python3.7/site-packages/airflow/example_dags/example_sla_dag.py
[2022-11-29T07:11:04.983+0000] {logging_mixin.py:137} INFO - [2022-11-29T07:11:04.982+0000] {dag.py:2585} INFO - Sync 1 DAGs
[2022-11-29T07:11:05.022+0000] {logging_mixin.py:137} INFO - [2022-11-29T07:11:05.022+0000] {dag.py:3340} INFO - Setting next_dagrun for example_sla_dag to 2022-11-29T07:08:00+00:00, run_after=2022-11-29T07:10:00+00:00
[2022-11-29T07:11:05.049+0000] {processor.py:176} INFO - Processing /home/airflow/.local/lib/python3.7/site-packages/airflow/example_dags/example_sla_dag.py took 0.187 seconds
[2022-11-29T07:11:35.501+0000] {processor.py:154} INFO - Started process (PID=703) to work on /home/airflow/.local/lib/python3.7/site-packages/airflow/example_dags/example_sla_dag.py
[2022-11-29T07:11:35.503+0000] {processor.py:756} INFO - Processing file /home/airflow/.local/lib/python3.7/site-packages/airflow/example_dags/example_sla_dag.py for tasks to queue
[2022-11-29T07:11:35.505+0000] {logging_mixin.py:137} INFO - [2022-11-29T07:11:35.505+0000] {dagbag.py:537} INFO - Filling up the DagBag from /home/airflow/.local/lib/python3.7/site-packages/airflow/example_dags/example_sla_dag.py
[2022-11-29T07:11:35.538+0000] {processor.py:766} INFO - DAG(s) dict_keys(['example_sla_dag']) retrieved from /home/airflow/.local/lib/python3.7/site-packages/airflow/example_dags/example_sla_dag.py
[2022-11-29T07:11:35.613+0000] {logging_mixin.py:137} INFO - [2022-11-29T07:11:35.610+0000] {dag.py:2585} INFO - Sync 1 DAGs
[2022-11-29T07:11:35.669+0000] {logging_mixin.py:137} INFO - [2022-11-29T07:11:35.669+0000] {dag.py:3340} INFO - Setting next_dagrun for example_sla_dag to 2022-11-29T07:08:00+00:00, run_after=2022-11-29T07:10:00+00:00
[2022-11-29T07:11:35.700+0000] {processor.py:176} INFO - Processing /home/airflow/.local/lib/python3.7/site-packages/airflow/example_dags/example_sla_dag.py took 0.203 seconds
[2022-11-29T07:12:06.535+0000] {processor.py:154} INFO - Started process (PID=757) to work on /home/airflow/.local/lib/python3.7/site-packages/airflow/example_dags/example_sla_dag.py
[2022-11-29T07:12:06.536+0000] {processor.py:756} INFO - Processing file /home/airflow/.local/lib/python3.7/site-packages/airflow/example_dags/example_sla_dag.py for tasks to queue
[2022-11-29T07:12:06.538+0000] {logging_mixin.py:137} INFO - [2022-11-29T07:12:06.537+0000] {dagbag.py:537} INFO - Filling up the DagBag from /home/airflow/.local/lib/python3.7/site-packages/airflow/example_dags/example_sla_dag.py
[2022-11-29T07:12:06.571+0000] {processor.py:766} INFO - DAG(s) dict_keys(['example_sla_dag']) retrieved from /home/airflow/.local/lib/python3.7/site-packages/airflow/example_dags/example_sla_dag.py
[2022-11-29T07:12:06.632+0000] {logging_mixin.py:137} INFO - [2022-11-29T07:12:06.632+0000] {dag.py:2585} INFO - Sync 1 DAGs
[2022-11-29T07:12:06.673+0000] {logging_mixin.py:137} INFO - [2022-11-29T07:12:06.672+0000] {dag.py:3340} INFO - Setting next_dagrun for example_sla_dag to 2022-11-29T07:10:00+00:00, run_after=2022-11-29T07:12:00+00:00
[2022-11-29T07:12:06.709+0000] {processor.py:176} INFO - Processing /home/airflow/.local/lib/python3.7/site-packages/airflow/example_dags/example_sla_dag.py took 0.178 seconds
[2022-11-29T07:12:36.997+0000] {processor.py:154} INFO - Started process (PID=821) to work on /home/airflow/.local/lib/python3.7/site-packages/airflow/example_dags/example_sla_dag.py
[2022-11-29T07:12:36.999+0000] {processor.py:756} INFO - Processing file /home/airflow/.local/lib/python3.7/site-packages/airflow/example_dags/example_sla_dag.py for tasks to queue
[2022-11-29T07:12:37.001+0000] {logging_mixin.py:137} INFO - [2022-11-29T07:12:37.001+0000] {dagbag.py:537} INFO - Filling up the DagBag from /home/airflow/.local/lib/python3.7/site-packages/airflow/example_dags/example_sla_dag.py
[2022-11-29T07:12:37.038+0000] {processor.py:766} INFO - DAG(s) dict_keys(['example_sla_dag']) retrieved from /home/airflow/.local/lib/python3.7/site-packages/airflow/example_dags/example_sla_dag.py
[2022-11-29T07:12:37.106+0000] {logging_mixin.py:137} INFO - [2022-11-29T07:12:37.104+0000] {dag.py:2585} INFO - Sync 1 DAGs
[2022-11-29T07:12:37.158+0000] {logging_mixin.py:137} INFO - [2022-11-29T07:12:37.157+0000] {dag.py:3340} INFO - Setting next_dagrun for example_sla_dag to 2022-11-29T07:10:00+00:00, run_after=2022-11-29T07:12:00+00:00
[2022-11-29T07:12:37.187+0000] {processor.py:176} INFO - Processing /home/airflow/.local/lib/python3.7/site-packages/airflow/example_dags/example_sla_dag.py took 0.202 seconds
[2022-11-29T07:13:07.415+0000] {processor.py:154} INFO - Started process (PID=883) to work on /home/airflow/.local/lib/python3.7/site-packages/airflow/example_dags/example_sla_dag.py
[2022-11-29T07:13:07.417+0000] {processor.py:756} INFO - Processing file /home/airflow/.local/lib/python3.7/site-packages/airflow/example_dags/example_sla_dag.py for tasks to queue
[2022-11-29T07:13:07.418+0000] {logging_mixin.py:137} INFO - [2022-11-29T07:13:07.418+0000] {dagbag.py:537} INFO - Filling up the DagBag from /home/airflow/.local/lib/python3.7/site-packages/airflow/example_dags/example_sla_dag.py
[2022-11-29T07:13:07.453+0000] {processor.py:766} INFO - DAG(s) dict_keys(['example_sla_dag']) retrieved from /home/airflow/.local/lib/python3.7/site-packages/airflow/example_dags/example_sla_dag.py
[2022-11-29T07:13:07.516+0000] {logging_mixin.py:137} INFO - [2022-11-29T07:13:07.516+0000] {dag.py:2585} INFO - Sync 1 DAGs
[2022-11-29T07:13:07.566+0000] {logging_mixin.py:137} INFO - [2022-11-29T07:13:07.565+0000] {dag.py:3340} INFO - Setting next_dagrun for example_sla_dag to 2022-11-29T07:10:00+00:00, run_after=2022-11-29T07:12:00+00:00
[2022-11-29T07:13:07.606+0000] {processor.py:176} INFO - Processing /home/airflow/.local/lib/python3.7/site-packages/airflow/example_dags/example_sla_dag.py took 0.195 seconds
[2022-11-29T07:13:38.152+0000] {processor.py:154} INFO - Started process (PID=937) to work on /home/airflow/.local/lib/python3.7/site-packages/airflow/example_dags/example_sla_dag.py
[2022-11-29T07:13:38.154+0000] {processor.py:756} INFO - Processing file /home/airflow/.local/lib/python3.7/site-packages/airflow/example_dags/example_sla_dag.py for tasks to queue
[2022-11-29T07:13:38.155+0000] {logging_mixin.py:137} INFO - [2022-11-29T07:13:38.155+0000] {dagbag.py:537} INFO - Filling up the DagBag from /home/airflow/.local/lib/python3.7/site-packages/airflow/example_dags/example_sla_dag.py
[2022-11-29T07:13:38.188+0000] {processor.py:766} INFO - DAG(s) dict_keys(['example_sla_dag']) retrieved from /home/airflow/.local/lib/python3.7/site-packages/airflow/example_dags/example_sla_dag.py
[2022-11-29T07:13:38.248+0000] {logging_mixin.py:137} INFO - [2022-11-29T07:13:38.248+0000] {dag.py:2585} INFO - Sync 1 DAGs
[2022-11-29T07:13:38.289+0000] {logging_mixin.py:137} INFO - [2022-11-29T07:13:38.289+0000] {dag.py:3340} INFO - Setting next_dagrun for example_sla_dag to 2022-11-29T07:10:00+00:00, run_after=2022-11-29T07:12:00+00:00
[2022-11-29T07:13:38.317+0000] {processor.py:176} INFO - Processing /home/airflow/.local/lib/python3.7/site-packages/airflow/example_dags/example_sla_dag.py took 0.170 seconds
[2022-11-29T07:14:08.590+0000] {processor.py:154} INFO - Started process (PID=1000) to work on /home/airflow/.local/lib/python3.7/site-packages/airflow/example_dags/example_sla_dag.py
[2022-11-29T07:14:08.591+0000] {processor.py:756} INFO - Processing file /home/airflow/.local/lib/python3.7/site-packages/airflow/example_dags/example_sla_dag.py for tasks to queue
[2022-11-29T07:14:08.592+0000] {logging_mixin.py:137} INFO - [2022-11-29T07:14:08.592+0000] {dagbag.py:537} INFO - Filling up the DagBag from /home/airflow/.local/lib/python3.7/site-packages/airflow/example_dags/example_sla_dag.py
[2022-11-29T07:14:08.633+0000] {processor.py:766} INFO - DAG(s) dict_keys(['example_sla_dag']) retrieved from /home/airflow/.local/lib/python3.7/site-packages/airflow/example_dags/example_sla_dag.py
[2022-11-29T07:14:08.704+0000] {logging_mixin.py:137} INFO - [2022-11-29T07:14:08.703+0000] {dag.py:2585} INFO - Sync 1 DAGs
[2022-11-29T07:14:08.751+0000] {logging_mixin.py:137} INFO - [2022-11-29T07:14:08.751+0000] {dag.py:3340} INFO - Setting next_dagrun for example_sla_dag to 2022-11-29T07:12:00+00:00, run_after=2022-11-29T07:14:00+00:00
[2022-11-29T07:14:08.781+0000] {processor.py:176} INFO - Processing /home/airflow/.local/lib/python3.7/site-packages/airflow/example_dags/example_sla_dag.py took 0.197 seconds
[2022-11-29T07:14:39.112+0000] {processor.py:154} INFO - Started process (PID=1063) to work on /home/airflow/.local/lib/python3.7/site-packages/airflow/example_dags/example_sla_dag.py
[2022-11-29T07:14:39.115+0000] {processor.py:756} INFO - Processing file /home/airflow/.local/lib/python3.7/site-packages/airflow/example_dags/example_sla_dag.py for tasks to queue
[2022-11-29T07:14:39.117+0000] {logging_mixin.py:137} INFO - [2022-11-29T07:14:39.116+0000] {dagbag.py:537} INFO - Filling up the DagBag from /home/airflow/.local/lib/python3.7/site-packages/airflow/example_dags/example_sla_dag.py
[2022-11-29T07:14:39.149+0000] {processor.py:766} INFO - DAG(s) dict_keys(['example_sla_dag']) retrieved from /home/airflow/.local/lib/python3.7/site-packages/airflow/example_dags/example_sla_dag.py
[2022-11-29T07:14:39.205+0000] {logging_mixin.py:137} INFO - [2022-11-29T07:14:39.205+0000] {dag.py:2585} INFO - Sync 1 DAGs
[2022-11-29T07:14:39.246+0000] {logging_mixin.py:137} INFO - [2022-11-29T07:14:39.246+0000] {dag.py:3340} INFO - Setting next_dagrun for example_sla_dag to 2022-11-29T07:12:00+00:00, run_after=2022-11-29T07:14:00+00:00
[2022-11-29T07:14:39.273+0000] {processor.py:176} INFO - Processing /home/airflow/.local/lib/python3.7/site-packages/airflow/example_dags/example_sla_dag.py took 0.165 seconds
[2022-11-29T07:15:09.556+0000] {processor.py:154} INFO - Started process (PID=1117) to work on /home/airflow/.local/lib/python3.7/site-packages/airflow/example_dags/example_sla_dag.py
[2022-11-29T07:15:09.558+0000] {processor.py:756} INFO - Processing file /home/airflow/.local/lib/python3.7/site-packages/airflow/example_dags/example_sla_dag.py for tasks to queue
[2022-11-29T07:15:09.560+0000] {logging_mixin.py:137} INFO - [2022-11-29T07:15:09.559+0000] {dagbag.py:537} INFO - Filling up the DagBag from /home/airflow/.local/lib/python3.7/site-packages/airflow/example_dags/example_sla_dag.py
[2022-11-29T07:15:09.601+0000] {processor.py:766} INFO - DAG(s) dict_keys(['example_sla_dag']) retrieved from /home/airflow/.local/lib/python3.7/site-packages/airflow/example_dags/example_sla_dag.py
[2022-11-29T07:15:09.655+0000] {logging_mixin.py:137} INFO - [2022-11-29T07:15:09.655+0000] {dag.py:2585} INFO - Sync 1 DAGs
[2022-11-29T07:15:09.694+0000] {logging_mixin.py:137} INFO - [2022-11-29T07:15:09.694+0000] {dag.py:3340} INFO - Setting next_dagrun for example_sla_dag to 2022-11-29T07:12:00+00:00, run_after=2022-11-29T07:14:00+00:00
[2022-11-29T07:15:09.722+0000] {processor.py:176} INFO - Processing /home/airflow/.local/lib/python3.7/site-packages/airflow/example_dags/example_sla_dag.py took 0.171 seconds
[2022-11-29T07:15:40.473+0000] {processor.py:154} INFO - Started process (PID=1180) to work on /home/airflow/.local/lib/python3.7/site-packages/airflow/example_dags/example_sla_dag.py
[2022-11-29T07:15:40.475+0000] {processor.py:756} INFO - Processing file /home/airflow/.local/lib/python3.7/site-packages/airflow/example_dags/example_sla_dag.py for tasks to queue
[2022-11-29T07:15:40.476+0000] {logging_mixin.py:137} INFO - [2022-11-29T07:15:40.476+0000] {dagbag.py:537} INFO - Filling up the DagBag from /home/airflow/.local/lib/python3.7/site-packages/airflow/example_dags/example_sla_dag.py
[2022-11-29T07:15:40.511+0000] {processor.py:766} INFO - DAG(s) dict_keys(['example_sla_dag']) retrieved from /home/airflow/.local/lib/python3.7/site-packages/airflow/example_dags/example_sla_dag.py
[2022-11-29T07:15:40.570+0000] {logging_mixin.py:137} INFO - [2022-11-29T07:15:40.570+0000] {dag.py:2585} INFO - Sync 1 DAGs
[2022-11-29T07:15:40.614+0000] {logging_mixin.py:137} INFO - [2022-11-29T07:15:40.614+0000] {dag.py:3340} INFO - Setting next_dagrun for example_sla_dag to 2022-11-29T07:12:00+00:00, run_after=2022-11-29T07:14:00+00:00
[2022-11-29T07:15:40.649+0000] {processor.py:176} INFO - Processing /home/airflow/.local/lib/python3.7/site-packages/airflow/example_dags/example_sla_dag.py took 0.182 seconds
[2022-11-29T07:16:11.434+0000] {processor.py:154} INFO - Started process (PID=1244) to work on /home/airflow/.local/lib/python3.7/site-packages/airflow/example_dags/example_sla_dag.py
[2022-11-29T07:16:11.436+0000] {processor.py:756} INFO - Processing file /home/airflow/.local/lib/python3.7/site-packages/airflow/example_dags/example_sla_dag.py for tasks to queue
[2022-11-29T07:16:11.438+0000] {logging_mixin.py:137} INFO - [2022-11-29T07:16:11.438+0000] {dagbag.py:537} INFO - Filling up the DagBag from /home/airflow/.local/lib/python3.7/site-packages/airflow/example_dags/example_sla_dag.py
[2022-11-29T07:16:11.472+0000] {processor.py:766} INFO - DAG(s) dict_keys(['example_sla_dag']) retrieved from /home/airflow/.local/lib/python3.7/site-packages/airflow/example_dags/example_sla_dag.py
[2022-11-29T07:16:11.531+0000] {logging_mixin.py:137} INFO - [2022-11-29T07:16:11.531+0000] {dag.py:2585} INFO - Sync 1 DAGs
[2022-11-29T07:16:11.573+0000] {logging_mixin.py:137} INFO - [2022-11-29T07:16:11.573+0000] {dag.py:3340} INFO - Setting next_dagrun for example_sla_dag to 2022-11-29T07:14:00+00:00, run_after=2022-11-29T07:16:00+00:00
[2022-11-29T07:16:11.602+0000] {processor.py:176} INFO - Processing /home/airflow/.local/lib/python3.7/site-packages/airflow/example_dags/example_sla_dag.py took 0.174 seconds
[2022-11-29T07:16:42.154+0000] {processor.py:154} INFO - Started process (PID=1298) to work on /home/airflow/.local/lib/python3.7/site-packages/airflow/example_dags/example_sla_dag.py
[2022-11-29T07:16:42.156+0000] {processor.py:756} INFO - Processing file /home/airflow/.local/lib/python3.7/site-packages/airflow/example_dags/example_sla_dag.py for tasks to queue
[2022-11-29T07:16:42.158+0000] {logging_mixin.py:137} INFO - [2022-11-29T07:16:42.158+0000] {dagbag.py:537} INFO - Filling up the DagBag from /home/airflow/.local/lib/python3.7/site-packages/airflow/example_dags/example_sla_dag.py
[2022-11-29T07:16:42.209+0000] {processor.py:766} INFO - DAG(s) dict_keys(['example_sla_dag']) retrieved from /home/airflow/.local/lib/python3.7/site-packages/airflow/example_dags/example_sla_dag.py
[2022-11-29T07:16:42.284+0000] {logging_mixin.py:137} INFO - [2022-11-29T07:16:42.284+0000] {dag.py:2585} INFO - Sync 1 DAGs
[2022-11-29T07:16:42.331+0000] {logging_mixin.py:137} INFO - [2022-11-29T07:16:42.331+0000] {dag.py:3340} INFO - Setting next_dagrun for example_sla_dag to 2022-11-29T07:14:00+00:00, run_after=2022-11-29T07:16:00+00:00
[2022-11-29T07:16:42.363+0000] {processor.py:176} INFO - Processing /home/airflow/.local/lib/python3.7/site-packages/airflow/example_dags/example_sla_dag.py took 0.217 seconds
[2022-11-29T07:17:13.026+0000] {processor.py:154} INFO - Started process (PID=1362) to work on /home/airflow/.local/lib/python3.7/site-packages/airflow/example_dags/example_sla_dag.py
[2022-11-29T07:17:13.028+0000] {processor.py:756} INFO - Processing file /home/airflow/.local/lib/python3.7/site-packages/airflow/example_dags/example_sla_dag.py for tasks to queue
[2022-11-29T07:17:13.031+0000] {logging_mixin.py:137} INFO - [2022-11-29T07:17:13.030+0000] {dagbag.py:537} INFO - Filling up the DagBag from /home/airflow/.local/lib/python3.7/site-packages/airflow/example_dags/example_sla_dag.py
[2022-11-29T07:17:13.073+0000] {processor.py:766} INFO - DAG(s) dict_keys(['example_sla_dag']) retrieved from /home/airflow/.local/lib/python3.7/site-packages/airflow/example_dags/example_sla_dag.py
[2022-11-29T07:17:13.142+0000] {logging_mixin.py:137} INFO - [2022-11-29T07:17:13.142+0000] {dag.py:2585} INFO - Sync 1 DAGs
[2022-11-29T07:17:13.198+0000] {logging_mixin.py:137} INFO - [2022-11-29T07:17:13.198+0000] {dag.py:3340} INFO - Setting next_dagrun for example_sla_dag to 2022-11-29T07:14:00+00:00, run_after=2022-11-29T07:16:00+00:00
[2022-11-29T07:17:13.224+0000] {processor.py:176} INFO - Processing /home/airflow/.local/lib/python3.7/site-packages/airflow/example_dags/example_sla_dag.py took 0.205 seconds
[2022-11-29T07:17:44.012+0000] {processor.py:154} INFO - Started process (PID=1425) to work on /home/airflow/.local/lib/python3.7/site-packages/airflow/example_dags/example_sla_dag.py
[2022-11-29T07:17:44.014+0000] {processor.py:756} INFO - Processing file /home/airflow/.local/lib/python3.7/site-packages/airflow/example_dags/example_sla_dag.py for tasks to queue
[2022-11-29T07:17:44.016+0000] {logging_mixin.py:137} INFO - [2022-11-29T07:17:44.016+0000] {dagbag.py:537} INFO - Filling up the DagBag from /home/airflow/.local/lib/python3.7/site-packages/airflow/example_dags/example_sla_dag.py
[2022-11-29T07:17:44.048+0000] {processor.py:766} INFO - DAG(s) dict_keys(['example_sla_dag']) retrieved from /home/airflow/.local/lib/python3.7/site-packages/airflow/example_dags/example_sla_dag.py
[2022-11-29T07:17:44.107+0000] {logging_mixin.py:137} INFO - [2022-11-29T07:17:44.107+0000] {dag.py:2585} INFO - Sync 1 DAGs
[2022-11-29T07:17:44.154+0000] {logging_mixin.py:137} INFO - [2022-11-29T07:17:44.154+0000] {dag.py:3340} INFO - Setting next_dagrun for example_sla_dag to 2022-11-29T07:14:00+00:00, run_after=2022-11-29T07:16:00+00:00
[2022-11-29T07:17:44.180+0000] {processor.py:176} INFO - Processing /home/airflow/.local/lib/python3.7/site-packages/airflow/example_dags/example_sla_dag.py took 0.173 seconds
[2022-11-29T07:18:14.791+0000] {processor.py:154} INFO - Started process (PID=1479) to work on /home/airflow/.local/lib/python3.7/site-packages/airflow/example_dags/example_sla_dag.py
[2022-11-29T07:18:14.793+0000] {processor.py:756} INFO - Processing file /home/airflow/.local/lib/python3.7/site-packages/airflow/example_dags/example_sla_dag.py for tasks to queue
[2022-11-29T07:18:14.795+0000] {logging_mixin.py:137} INFO - [2022-11-29T07:18:14.795+0000] {dagbag.py:537} INFO - Filling up the DagBag from /home/airflow/.local/lib/python3.7/site-packages/airflow/example_dags/example_sla_dag.py
[2022-11-29T07:18:14.845+0000] {processor.py:766} INFO - DAG(s) dict_keys(['example_sla_dag']) retrieved from /home/airflow/.local/lib/python3.7/site-packages/airflow/example_dags/example_sla_dag.py
[2022-11-29T07:18:14.923+0000] {logging_mixin.py:137} INFO - [2022-11-29T07:18:14.923+0000] {dag.py:2585} INFO - Sync 1 DAGs
[2022-11-29T07:18:14.989+0000] {logging_mixin.py:137} INFO - [2022-11-29T07:18:14.988+0000] {dag.py:3340} INFO - Setting next_dagrun for example_sla_dag to 2022-11-29T07:16:00+00:00, run_after=2022-11-29T07:18:00+00:00
[2022-11-29T07:18:15.017+0000] {processor.py:176} INFO - Processing /home/airflow/.local/lib/python3.7/site-packages/airflow/example_dags/example_sla_dag.py took 0.231 seconds
[2022-11-29T07:18:45.355+0000] {processor.py:154} INFO - Started process (PID=1542) to work on /home/airflow/.local/lib/python3.7/site-packages/airflow/example_dags/example_sla_dag.py
[2022-11-29T07:18:45.357+0000] {processor.py:756} INFO - Processing file /home/airflow/.local/lib/python3.7/site-packages/airflow/example_dags/example_sla_dag.py for tasks to queue
[2022-11-29T07:18:45.358+0000] {logging_mixin.py:137} INFO - [2022-11-29T07:18:45.358+0000] {dagbag.py:537} INFO - Filling up the DagBag from /home/airflow/.local/lib/python3.7/site-packages/airflow/example_dags/example_sla_dag.py
[2022-11-29T07:18:45.384+0000] {processor.py:766} INFO - DAG(s) dict_keys(['example_sla_dag']) retrieved from /home/airflow/.local/lib/python3.7/site-packages/airflow/example_dags/example_sla_dag.py
[2022-11-29T07:18:45.432+0000] {logging_mixin.py:137} INFO - [2022-11-29T07:18:45.432+0000] {dag.py:2585} INFO - Sync 1 DAGs
[2022-11-29T07:18:45.465+0000] {logging_mixin.py:137} INFO - [2022-11-29T07:18:45.465+0000] {dag.py:3340} INFO - Setting next_dagrun for example_sla_dag to 2022-11-29T07:16:00+00:00, run_after=2022-11-29T07:18:00+00:00
[2022-11-29T07:18:45.487+0000] {processor.py:176} INFO - Processing /home/airflow/.local/lib/python3.7/site-packages/airflow/example_dags/example_sla_dag.py took 0.136 seconds
[2022-11-29T07:19:15.714+0000] {processor.py:154} INFO - Started process (PID=1596) to work on /home/airflow/.local/lib/python3.7/site-packages/airflow/example_dags/example_sla_dag.py
[2022-11-29T07:19:15.717+0000] {processor.py:756} INFO - Processing file /home/airflow/.local/lib/python3.7/site-packages/airflow/example_dags/example_sla_dag.py for tasks to queue
[2022-11-29T07:19:15.718+0000] {logging_mixin.py:137} INFO - [2022-11-29T07:19:15.718+0000] {dagbag.py:537} INFO - Filling up the DagBag from /home/airflow/.local/lib/python3.7/site-packages/airflow/example_dags/example_sla_dag.py
[2022-11-29T07:19:15.765+0000] {processor.py:766} INFO - DAG(s) dict_keys(['example_sla_dag']) retrieved from /home/airflow/.local/lib/python3.7/site-packages/airflow/example_dags/example_sla_dag.py
[2022-11-29T07:19:15.845+0000] {logging_mixin.py:137} INFO - [2022-11-29T07:19:15.845+0000] {dag.py:2585} INFO - Sync 1 DAGs
[2022-11-29T07:19:15.911+0000] {logging_mixin.py:137} INFO - [2022-11-29T07:19:15.911+0000] {dag.py:3340} INFO - Setting next_dagrun for example_sla_dag to 2022-11-29T07:16:00+00:00, run_after=2022-11-29T07:18:00+00:00
[2022-11-29T07:19:15.942+0000] {processor.py:176} INFO - Processing /home/airflow/.local/lib/python3.7/site-packages/airflow/example_dags/example_sla_dag.py took 0.232 seconds
[2022-11-29T07:19:46.955+0000] {processor.py:154} INFO - Started process (PID=1658) to work on /home/airflow/.local/lib/python3.7/site-packages/airflow/example_dags/example_sla_dag.py
[2022-11-29T07:19:46.957+0000] {processor.py:756} INFO - Processing file /home/airflow/.local/lib/python3.7/site-packages/airflow/example_dags/example_sla_dag.py for tasks to queue
[2022-11-29T07:19:46.958+0000] {logging_mixin.py:137} INFO - [2022-11-29T07:19:46.958+0000] {dagbag.py:537} INFO - Filling up the DagBag from /home/airflow/.local/lib/python3.7/site-packages/airflow/example_dags/example_sla_dag.py
[2022-11-29T07:19:46.991+0000] {processor.py:766} INFO - DAG(s) dict_keys(['example_sla_dag']) retrieved from /home/airflow/.local/lib/python3.7/site-packages/airflow/example_dags/example_sla_dag.py
[2022-11-29T07:19:47.048+0000] {logging_mixin.py:137} INFO - [2022-11-29T07:19:47.048+0000] {dag.py:2585} INFO - Sync 1 DAGs
[2022-11-29T07:19:47.089+0000] {logging_mixin.py:137} INFO - [2022-11-29T07:19:47.089+0000] {dag.py:3340} INFO - Setting next_dagrun for example_sla_dag to 2022-11-29T07:16:00+00:00, run_after=2022-11-29T07:18:00+00:00
[2022-11-29T07:19:47.117+0000] {processor.py:176} INFO - Processing /home/airflow/.local/lib/python3.7/site-packages/airflow/example_dags/example_sla_dag.py took 0.167 seconds
