[2022-11-29T06:27:17.615+0000] {processor.py:154} INFO - Started process (PID=54) to work on /home/airflow/.local/lib/python3.7/site-packages/airflow/example_dags/example_task_group.py
[2022-11-29T06:27:17.618+0000] {processor.py:756} INFO - Processing file /home/airflow/.local/lib/python3.7/site-packages/airflow/example_dags/example_task_group.py for tasks to queue
[2022-11-29T06:27:17.620+0000] {logging_mixin.py:137} INFO - [2022-11-29T06:27:17.620+0000] {dagbag.py:537} INFO - Filling up the DagBag from /home/airflow/.local/lib/python3.7/site-packages/airflow/example_dags/example_task_group.py
[2022-11-29T06:27:17.649+0000] {processor.py:766} INFO - DAG(s) dict_keys(['example_task_group']) retrieved from /home/airflow/.local/lib/python3.7/site-packages/airflow/example_dags/example_task_group.py
[2022-11-29T06:27:17.836+0000] {logging_mixin.py:137} INFO - [2022-11-29T06:27:17.836+0000] {manager.py:507} INFO - Created Permission View: can delete on DAG:example_task_group
[2022-11-29T06:27:17.855+0000] {logging_mixin.py:137} INFO - [2022-11-29T06:27:17.855+0000] {manager.py:507} INFO - Created Permission View: can read on DAG:example_task_group
[2022-11-29T06:27:17.873+0000] {logging_mixin.py:137} INFO - [2022-11-29T06:27:17.873+0000] {manager.py:507} INFO - Created Permission View: can edit on DAG:example_task_group
[2022-11-29T06:27:17.874+0000] {logging_mixin.py:137} INFO - [2022-11-29T06:27:17.874+0000] {dag.py:2585} INFO - Sync 1 DAGs
[2022-11-29T06:27:17.898+0000] {logging_mixin.py:137} INFO - [2022-11-29T06:27:17.898+0000] {dag.py:2606} INFO - Creating ORM DAG for example_task_group
[2022-11-29T06:27:17.918+0000] {logging_mixin.py:137} INFO - [2022-11-29T06:27:17.918+0000] {dag.py:3340} INFO - Setting next_dagrun for example_task_group to 2022-11-28T06:27:17.917684+00:00, run_after=2022-11-29T06:27:17.917684+00:00
[2022-11-29T06:27:17.947+0000] {processor.py:176} INFO - Processing /home/airflow/.local/lib/python3.7/site-packages/airflow/example_dags/example_task_group.py took 0.337 seconds
[2022-11-29T06:27:48.092+0000] {processor.py:154} INFO - Started process (PID=117) to work on /home/airflow/.local/lib/python3.7/site-packages/airflow/example_dags/example_task_group.py
[2022-11-29T06:27:48.094+0000] {processor.py:756} INFO - Processing file /home/airflow/.local/lib/python3.7/site-packages/airflow/example_dags/example_task_group.py for tasks to queue
[2022-11-29T06:27:48.096+0000] {logging_mixin.py:137} INFO - [2022-11-29T06:27:48.096+0000] {dagbag.py:537} INFO - Filling up the DagBag from /home/airflow/.local/lib/python3.7/site-packages/airflow/example_dags/example_task_group.py
[2022-11-29T06:27:48.132+0000] {processor.py:766} INFO - DAG(s) dict_keys(['example_task_group']) retrieved from /home/airflow/.local/lib/python3.7/site-packages/airflow/example_dags/example_task_group.py
[2022-11-29T06:27:48.198+0000] {logging_mixin.py:137} INFO - [2022-11-29T06:27:48.198+0000] {dag.py:2585} INFO - Sync 1 DAGs
[2022-11-29T06:27:48.238+0000] {logging_mixin.py:137} INFO - [2022-11-29T06:27:48.237+0000] {dag.py:3340} INFO - Setting next_dagrun for example_task_group to 2022-11-28T06:27:48.237555+00:00, run_after=2022-11-29T06:27:48.237555+00:00
[2022-11-29T06:27:48.272+0000] {processor.py:176} INFO - Processing /home/airflow/.local/lib/python3.7/site-packages/airflow/example_dags/example_task_group.py took 0.186 seconds
[2022-11-29T06:28:18.484+0000] {processor.py:154} INFO - Started process (PID=173) to work on /home/airflow/.local/lib/python3.7/site-packages/airflow/example_dags/example_task_group.py
[2022-11-29T06:28:18.486+0000] {processor.py:756} INFO - Processing file /home/airflow/.local/lib/python3.7/site-packages/airflow/example_dags/example_task_group.py for tasks to queue
[2022-11-29T06:28:18.487+0000] {logging_mixin.py:137} INFO - [2022-11-29T06:28:18.487+0000] {dagbag.py:537} INFO - Filling up the DagBag from /home/airflow/.local/lib/python3.7/site-packages/airflow/example_dags/example_task_group.py
[2022-11-29T06:28:18.508+0000] {processor.py:766} INFO - DAG(s) dict_keys(['example_task_group']) retrieved from /home/airflow/.local/lib/python3.7/site-packages/airflow/example_dags/example_task_group.py
[2022-11-29T06:28:18.559+0000] {logging_mixin.py:137} INFO - [2022-11-29T06:28:18.559+0000] {dag.py:2585} INFO - Sync 1 DAGs
[2022-11-29T06:28:18.594+0000] {logging_mixin.py:137} INFO - [2022-11-29T06:28:18.594+0000] {dag.py:3340} INFO - Setting next_dagrun for example_task_group to 2022-11-28T06:28:18.594254+00:00, run_after=2022-11-29T06:28:18.594254+00:00
[2022-11-29T06:28:18.621+0000] {processor.py:176} INFO - Processing /home/airflow/.local/lib/python3.7/site-packages/airflow/example_dags/example_task_group.py took 0.141 seconds
[2022-11-29T06:28:49.319+0000] {processor.py:154} INFO - Started process (PID=236) to work on /home/airflow/.local/lib/python3.7/site-packages/airflow/example_dags/example_task_group.py
[2022-11-29T06:28:49.321+0000] {processor.py:756} INFO - Processing file /home/airflow/.local/lib/python3.7/site-packages/airflow/example_dags/example_task_group.py for tasks to queue
[2022-11-29T06:28:49.327+0000] {logging_mixin.py:137} INFO - [2022-11-29T06:28:49.325+0000] {dagbag.py:537} INFO - Filling up the DagBag from /home/airflow/.local/lib/python3.7/site-packages/airflow/example_dags/example_task_group.py
[2022-11-29T06:28:49.358+0000] {processor.py:766} INFO - DAG(s) dict_keys(['example_task_group']) retrieved from /home/airflow/.local/lib/python3.7/site-packages/airflow/example_dags/example_task_group.py
[2022-11-29T06:28:49.421+0000] {logging_mixin.py:137} INFO - [2022-11-29T06:28:49.421+0000] {dag.py:2585} INFO - Sync 1 DAGs
[2022-11-29T06:28:49.454+0000] {logging_mixin.py:137} INFO - [2022-11-29T06:28:49.454+0000] {dag.py:3340} INFO - Setting next_dagrun for example_task_group to 2022-11-28T06:28:49.454199+00:00, run_after=2022-11-29T06:28:49.454199+00:00
[2022-11-29T06:28:49.479+0000] {processor.py:176} INFO - Processing /home/airflow/.local/lib/python3.7/site-packages/airflow/example_dags/example_task_group.py took 0.165 seconds
[2022-11-29T06:29:20.406+0000] {processor.py:154} INFO - Started process (PID=299) to work on /home/airflow/.local/lib/python3.7/site-packages/airflow/example_dags/example_task_group.py
[2022-11-29T06:29:20.408+0000] {processor.py:756} INFO - Processing file /home/airflow/.local/lib/python3.7/site-packages/airflow/example_dags/example_task_group.py for tasks to queue
[2022-11-29T06:29:20.410+0000] {logging_mixin.py:137} INFO - [2022-11-29T06:29:20.410+0000] {dagbag.py:537} INFO - Filling up the DagBag from /home/airflow/.local/lib/python3.7/site-packages/airflow/example_dags/example_task_group.py
[2022-11-29T06:29:20.442+0000] {processor.py:766} INFO - DAG(s) dict_keys(['example_task_group']) retrieved from /home/airflow/.local/lib/python3.7/site-packages/airflow/example_dags/example_task_group.py
[2022-11-29T06:29:20.541+0000] {logging_mixin.py:137} INFO - [2022-11-29T06:29:20.540+0000] {dag.py:2585} INFO - Sync 1 DAGs
[2022-11-29T06:29:20.657+0000] {logging_mixin.py:137} INFO - [2022-11-29T06:29:20.657+0000] {dag.py:3340} INFO - Setting next_dagrun for example_task_group to 2022-11-28T06:29:20.657100+00:00, run_after=2022-11-29T06:29:20.657100+00:00
[2022-11-29T06:29:20.702+0000] {processor.py:176} INFO - Processing /home/airflow/.local/lib/python3.7/site-packages/airflow/example_dags/example_task_group.py took 0.302 seconds
[2022-11-29T06:31:42.661+0000] {processor.py:154} INFO - Started process (PID=57) to work on /home/airflow/.local/lib/python3.7/site-packages/airflow/example_dags/example_task_group.py
[2022-11-29T06:31:42.664+0000] {processor.py:756} INFO - Processing file /home/airflow/.local/lib/python3.7/site-packages/airflow/example_dags/example_task_group.py for tasks to queue
[2022-11-29T06:31:42.665+0000] {logging_mixin.py:137} INFO - [2022-11-29T06:31:42.665+0000] {dagbag.py:537} INFO - Filling up the DagBag from /home/airflow/.local/lib/python3.7/site-packages/airflow/example_dags/example_task_group.py
[2022-11-29T06:31:42.694+0000] {processor.py:766} INFO - DAG(s) dict_keys(['example_task_group']) retrieved from /home/airflow/.local/lib/python3.7/site-packages/airflow/example_dags/example_task_group.py
[2022-11-29T06:31:42.754+0000] {logging_mixin.py:137} INFO - [2022-11-29T06:31:42.754+0000] {dag.py:2585} INFO - Sync 1 DAGs
[2022-11-29T06:31:42.861+0000] {logging_mixin.py:137} INFO - [2022-11-29T06:31:42.860+0000] {dag.py:3340} INFO - Setting next_dagrun for example_task_group to 2022-11-28T06:31:42.860306+00:00, run_after=2022-11-29T06:31:42.860306+00:00
[2022-11-29T06:31:42.915+0000] {processor.py:176} INFO - Processing /home/airflow/.local/lib/python3.7/site-packages/airflow/example_dags/example_task_group.py took 0.258 seconds
[2022-11-29T06:32:13.956+0000] {processor.py:154} INFO - Started process (PID=111) to work on /home/airflow/.local/lib/python3.7/site-packages/airflow/example_dags/example_task_group.py
[2022-11-29T06:32:13.958+0000] {processor.py:756} INFO - Processing file /home/airflow/.local/lib/python3.7/site-packages/airflow/example_dags/example_task_group.py for tasks to queue
[2022-11-29T06:32:13.960+0000] {logging_mixin.py:137} INFO - [2022-11-29T06:32:13.960+0000] {dagbag.py:537} INFO - Filling up the DagBag from /home/airflow/.local/lib/python3.7/site-packages/airflow/example_dags/example_task_group.py
[2022-11-29T06:32:13.990+0000] {processor.py:766} INFO - DAG(s) dict_keys(['example_task_group']) retrieved from /home/airflow/.local/lib/python3.7/site-packages/airflow/example_dags/example_task_group.py
[2022-11-29T06:32:14.084+0000] {logging_mixin.py:137} INFO - [2022-11-29T06:32:14.084+0000] {dag.py:2585} INFO - Sync 1 DAGs
[2022-11-29T06:32:14.132+0000] {logging_mixin.py:137} INFO - [2022-11-29T06:32:14.132+0000] {dag.py:3340} INFO - Setting next_dagrun for example_task_group to 2022-11-28T06:32:14.131657+00:00, run_after=2022-11-29T06:32:14.131657+00:00
[2022-11-29T06:32:14.174+0000] {processor.py:176} INFO - Processing /home/airflow/.local/lib/python3.7/site-packages/airflow/example_dags/example_task_group.py took 0.223 seconds
[2022-11-29T06:32:44.416+0000] {processor.py:154} INFO - Started process (PID=174) to work on /home/airflow/.local/lib/python3.7/site-packages/airflow/example_dags/example_task_group.py
[2022-11-29T06:32:44.418+0000] {processor.py:756} INFO - Processing file /home/airflow/.local/lib/python3.7/site-packages/airflow/example_dags/example_task_group.py for tasks to queue
[2022-11-29T06:32:44.420+0000] {logging_mixin.py:137} INFO - [2022-11-29T06:32:44.420+0000] {dagbag.py:537} INFO - Filling up the DagBag from /home/airflow/.local/lib/python3.7/site-packages/airflow/example_dags/example_task_group.py
[2022-11-29T06:32:44.450+0000] {processor.py:766} INFO - DAG(s) dict_keys(['example_task_group']) retrieved from /home/airflow/.local/lib/python3.7/site-packages/airflow/example_dags/example_task_group.py
[2022-11-29T06:32:44.512+0000] {logging_mixin.py:137} INFO - [2022-11-29T06:32:44.512+0000] {dag.py:2585} INFO - Sync 1 DAGs
[2022-11-29T06:32:44.551+0000] {logging_mixin.py:137} INFO - [2022-11-29T06:32:44.551+0000] {dag.py:3340} INFO - Setting next_dagrun for example_task_group to 2022-11-28T06:32:44.550781+00:00, run_after=2022-11-29T06:32:44.550781+00:00
[2022-11-29T06:32:44.580+0000] {processor.py:176} INFO - Processing /home/airflow/.local/lib/python3.7/site-packages/airflow/example_dags/example_task_group.py took 0.170 seconds
[2022-11-29T06:33:15.357+0000] {processor.py:154} INFO - Started process (PID=237) to work on /home/airflow/.local/lib/python3.7/site-packages/airflow/example_dags/example_task_group.py
[2022-11-29T06:33:15.360+0000] {processor.py:756} INFO - Processing file /home/airflow/.local/lib/python3.7/site-packages/airflow/example_dags/example_task_group.py for tasks to queue
[2022-11-29T06:33:15.363+0000] {logging_mixin.py:137} INFO - [2022-11-29T06:33:15.363+0000] {dagbag.py:537} INFO - Filling up the DagBag from /home/airflow/.local/lib/python3.7/site-packages/airflow/example_dags/example_task_group.py
[2022-11-29T06:33:15.394+0000] {processor.py:766} INFO - DAG(s) dict_keys(['example_task_group']) retrieved from /home/airflow/.local/lib/python3.7/site-packages/airflow/example_dags/example_task_group.py
[2022-11-29T06:33:15.462+0000] {logging_mixin.py:137} INFO - [2022-11-29T06:33:15.462+0000] {dag.py:2585} INFO - Sync 1 DAGs
[2022-11-29T06:33:15.508+0000] {logging_mixin.py:137} INFO - [2022-11-29T06:33:15.508+0000] {dag.py:3340} INFO - Setting next_dagrun for example_task_group to 2022-11-28T06:33:15.507583+00:00, run_after=2022-11-29T06:33:15.507583+00:00
[2022-11-29T06:33:15.542+0000] {processor.py:176} INFO - Processing /home/airflow/.local/lib/python3.7/site-packages/airflow/example_dags/example_task_group.py took 0.191 seconds
[2022-11-29T06:33:45.964+0000] {processor.py:154} INFO - Started process (PID=292) to work on /home/airflow/.local/lib/python3.7/site-packages/airflow/example_dags/example_task_group.py
[2022-11-29T06:33:45.966+0000] {processor.py:756} INFO - Processing file /home/airflow/.local/lib/python3.7/site-packages/airflow/example_dags/example_task_group.py for tasks to queue
[2022-11-29T06:33:45.967+0000] {logging_mixin.py:137} INFO - [2022-11-29T06:33:45.967+0000] {dagbag.py:537} INFO - Filling up the DagBag from /home/airflow/.local/lib/python3.7/site-packages/airflow/example_dags/example_task_group.py
[2022-11-29T06:33:45.992+0000] {processor.py:766} INFO - DAG(s) dict_keys(['example_task_group']) retrieved from /home/airflow/.local/lib/python3.7/site-packages/airflow/example_dags/example_task_group.py
[2022-11-29T06:33:46.056+0000] {logging_mixin.py:137} INFO - [2022-11-29T06:33:46.056+0000] {dag.py:2585} INFO - Sync 1 DAGs
[2022-11-29T06:33:46.100+0000] {logging_mixin.py:137} INFO - [2022-11-29T06:33:46.100+0000] {dag.py:3340} INFO - Setting next_dagrun for example_task_group to 2022-11-28T06:33:46.099809+00:00, run_after=2022-11-29T06:33:46.099809+00:00
[2022-11-29T06:33:46.134+0000] {processor.py:176} INFO - Processing /home/airflow/.local/lib/python3.7/site-packages/airflow/example_dags/example_task_group.py took 0.175 seconds
[2022-11-29T06:52:56.541+0000] {processor.py:154} INFO - Started process (PID=58) to work on /home/airflow/.local/lib/python3.7/site-packages/airflow/example_dags/example_task_group.py
[2022-11-29T06:52:56.543+0000] {processor.py:756} INFO - Processing file /home/airflow/.local/lib/python3.7/site-packages/airflow/example_dags/example_task_group.py for tasks to queue
[2022-11-29T06:52:56.545+0000] {logging_mixin.py:137} INFO - [2022-11-29T06:52:56.545+0000] {dagbag.py:537} INFO - Filling up the DagBag from /home/airflow/.local/lib/python3.7/site-packages/airflow/example_dags/example_task_group.py
[2022-11-29T06:52:56.574+0000] {processor.py:766} INFO - DAG(s) dict_keys(['example_task_group']) retrieved from /home/airflow/.local/lib/python3.7/site-packages/airflow/example_dags/example_task_group.py
[2022-11-29T06:52:56.617+0000] {logging_mixin.py:137} INFO - [2022-11-29T06:52:56.617+0000] {dag.py:2585} INFO - Sync 1 DAGs
[2022-11-29T06:52:56.664+0000] {logging_mixin.py:137} INFO - [2022-11-29T06:52:56.664+0000] {dag.py:3340} INFO - Setting next_dagrun for example_task_group to 2022-11-28T06:52:56.664318+00:00, run_after=2022-11-29T06:52:56.664318+00:00
[2022-11-29T06:52:56.698+0000] {processor.py:176} INFO - Processing /home/airflow/.local/lib/python3.7/site-packages/airflow/example_dags/example_task_group.py took 0.163 seconds
[2022-11-29T06:53:26.978+0000] {processor.py:154} INFO - Started process (PID=113) to work on /home/airflow/.local/lib/python3.7/site-packages/airflow/example_dags/example_task_group.py
[2022-11-29T06:53:26.983+0000] {processor.py:756} INFO - Processing file /home/airflow/.local/lib/python3.7/site-packages/airflow/example_dags/example_task_group.py for tasks to queue
[2022-11-29T06:53:26.985+0000] {logging_mixin.py:137} INFO - [2022-11-29T06:53:26.985+0000] {dagbag.py:537} INFO - Filling up the DagBag from /home/airflow/.local/lib/python3.7/site-packages/airflow/example_dags/example_task_group.py
[2022-11-29T06:53:27.031+0000] {processor.py:766} INFO - DAG(s) dict_keys(['example_task_group']) retrieved from /home/airflow/.local/lib/python3.7/site-packages/airflow/example_dags/example_task_group.py
[2022-11-29T06:53:27.096+0000] {logging_mixin.py:137} INFO - [2022-11-29T06:53:27.096+0000] {dag.py:2585} INFO - Sync 1 DAGs
[2022-11-29T06:53:27.141+0000] {logging_mixin.py:137} INFO - [2022-11-29T06:53:27.141+0000] {dag.py:3340} INFO - Setting next_dagrun for example_task_group to 2022-11-28T06:53:27.140707+00:00, run_after=2022-11-29T06:53:27.140707+00:00
[2022-11-29T06:53:27.174+0000] {processor.py:176} INFO - Processing /home/airflow/.local/lib/python3.7/site-packages/airflow/example_dags/example_task_group.py took 0.201 seconds
[2022-11-29T06:53:58.248+0000] {processor.py:154} INFO - Started process (PID=178) to work on /home/airflow/.local/lib/python3.7/site-packages/airflow/example_dags/example_task_group.py
[2022-11-29T06:53:58.250+0000] {processor.py:756} INFO - Processing file /home/airflow/.local/lib/python3.7/site-packages/airflow/example_dags/example_task_group.py for tasks to queue
[2022-11-29T06:53:58.251+0000] {logging_mixin.py:137} INFO - [2022-11-29T06:53:58.251+0000] {dagbag.py:537} INFO - Filling up the DagBag from /home/airflow/.local/lib/python3.7/site-packages/airflow/example_dags/example_task_group.py
[2022-11-29T06:53:58.279+0000] {processor.py:766} INFO - DAG(s) dict_keys(['example_task_group']) retrieved from /home/airflow/.local/lib/python3.7/site-packages/airflow/example_dags/example_task_group.py
[2022-11-29T06:53:58.342+0000] {logging_mixin.py:137} INFO - [2022-11-29T06:53:58.342+0000] {dag.py:2585} INFO - Sync 1 DAGs
[2022-11-29T06:53:58.380+0000] {logging_mixin.py:137} INFO - [2022-11-29T06:53:58.379+0000] {dag.py:3340} INFO - Setting next_dagrun for example_task_group to 2022-11-28T06:53:58.379400+00:00, run_after=2022-11-29T06:53:58.379400+00:00
[2022-11-29T06:53:58.409+0000] {processor.py:176} INFO - Processing /home/airflow/.local/lib/python3.7/site-packages/airflow/example_dags/example_task_group.py took 0.166 seconds
[2022-11-29T06:54:28.808+0000] {processor.py:154} INFO - Started process (PID=241) to work on /home/airflow/.local/lib/python3.7/site-packages/airflow/example_dags/example_task_group.py
[2022-11-29T06:54:28.812+0000] {processor.py:756} INFO - Processing file /home/airflow/.local/lib/python3.7/site-packages/airflow/example_dags/example_task_group.py for tasks to queue
[2022-11-29T06:54:28.813+0000] {logging_mixin.py:137} INFO - [2022-11-29T06:54:28.813+0000] {dagbag.py:537} INFO - Filling up the DagBag from /home/airflow/.local/lib/python3.7/site-packages/airflow/example_dags/example_task_group.py
[2022-11-29T06:54:28.859+0000] {processor.py:766} INFO - DAG(s) dict_keys(['example_task_group']) retrieved from /home/airflow/.local/lib/python3.7/site-packages/airflow/example_dags/example_task_group.py
[2022-11-29T06:54:28.925+0000] {logging_mixin.py:137} INFO - [2022-11-29T06:54:28.925+0000] {dag.py:2585} INFO - Sync 1 DAGs
[2022-11-29T06:54:28.965+0000] {logging_mixin.py:137} INFO - [2022-11-29T06:54:28.965+0000] {dag.py:3340} INFO - Setting next_dagrun for example_task_group to 2022-11-28T06:54:28.965255+00:00, run_after=2022-11-29T06:54:28.965255+00:00
[2022-11-29T06:54:28.991+0000] {processor.py:176} INFO - Processing /home/airflow/.local/lib/python3.7/site-packages/airflow/example_dags/example_task_group.py took 0.197 seconds
[2022-11-29T06:54:59.397+0000] {processor.py:154} INFO - Started process (PID=295) to work on /home/airflow/.local/lib/python3.7/site-packages/airflow/example_dags/example_task_group.py
[2022-11-29T06:54:59.400+0000] {processor.py:756} INFO - Processing file /home/airflow/.local/lib/python3.7/site-packages/airflow/example_dags/example_task_group.py for tasks to queue
[2022-11-29T06:54:59.402+0000] {logging_mixin.py:137} INFO - [2022-11-29T06:54:59.402+0000] {dagbag.py:537} INFO - Filling up the DagBag from /home/airflow/.local/lib/python3.7/site-packages/airflow/example_dags/example_task_group.py
[2022-11-29T06:54:59.434+0000] {processor.py:766} INFO - DAG(s) dict_keys(['example_task_group']) retrieved from /home/airflow/.local/lib/python3.7/site-packages/airflow/example_dags/example_task_group.py
[2022-11-29T06:54:59.511+0000] {logging_mixin.py:137} INFO - [2022-11-29T06:54:59.511+0000] {dag.py:2585} INFO - Sync 1 DAGs
[2022-11-29T06:54:59.551+0000] {logging_mixin.py:137} INFO - [2022-11-29T06:54:59.551+0000] {dag.py:3340} INFO - Setting next_dagrun for example_task_group to 2022-11-28T06:54:59.551480+00:00, run_after=2022-11-29T06:54:59.551480+00:00
[2022-11-29T06:54:59.582+0000] {processor.py:176} INFO - Processing /home/airflow/.local/lib/python3.7/site-packages/airflow/example_dags/example_task_group.py took 0.192 seconds
[2022-11-29T06:55:30.237+0000] {processor.py:154} INFO - Started process (PID=357) to work on /home/airflow/.local/lib/python3.7/site-packages/airflow/example_dags/example_task_group.py
[2022-11-29T06:55:30.239+0000] {processor.py:756} INFO - Processing file /home/airflow/.local/lib/python3.7/site-packages/airflow/example_dags/example_task_group.py for tasks to queue
[2022-11-29T06:55:30.241+0000] {logging_mixin.py:137} INFO - [2022-11-29T06:55:30.241+0000] {dagbag.py:537} INFO - Filling up the DagBag from /home/airflow/.local/lib/python3.7/site-packages/airflow/example_dags/example_task_group.py
[2022-11-29T06:55:30.269+0000] {processor.py:766} INFO - DAG(s) dict_keys(['example_task_group']) retrieved from /home/airflow/.local/lib/python3.7/site-packages/airflow/example_dags/example_task_group.py
[2022-11-29T06:55:30.340+0000] {logging_mixin.py:137} INFO - [2022-11-29T06:55:30.340+0000] {dag.py:2585} INFO - Sync 1 DAGs
[2022-11-29T06:55:30.382+0000] {logging_mixin.py:137} INFO - [2022-11-29T06:55:30.382+0000] {dag.py:3340} INFO - Setting next_dagrun for example_task_group to 2022-11-28T06:55:30.382057+00:00, run_after=2022-11-29T06:55:30.382057+00:00
[2022-11-29T06:55:30.416+0000] {processor.py:176} INFO - Processing /home/airflow/.local/lib/python3.7/site-packages/airflow/example_dags/example_task_group.py took 0.184 seconds
[2022-11-29T06:56:00.761+0000] {processor.py:154} INFO - Started process (PID=411) to work on /home/airflow/.local/lib/python3.7/site-packages/airflow/example_dags/example_task_group.py
[2022-11-29T06:56:00.763+0000] {processor.py:756} INFO - Processing file /home/airflow/.local/lib/python3.7/site-packages/airflow/example_dags/example_task_group.py for tasks to queue
[2022-11-29T06:56:00.765+0000] {logging_mixin.py:137} INFO - [2022-11-29T06:56:00.764+0000] {dagbag.py:537} INFO - Filling up the DagBag from /home/airflow/.local/lib/python3.7/site-packages/airflow/example_dags/example_task_group.py
[2022-11-29T06:56:00.806+0000] {processor.py:766} INFO - DAG(s) dict_keys(['example_task_group']) retrieved from /home/airflow/.local/lib/python3.7/site-packages/airflow/example_dags/example_task_group.py
[2022-11-29T06:56:00.887+0000] {logging_mixin.py:137} INFO - [2022-11-29T06:56:00.887+0000] {dag.py:2585} INFO - Sync 1 DAGs
[2022-11-29T06:56:00.955+0000] {logging_mixin.py:137} INFO - [2022-11-29T06:56:00.954+0000] {dag.py:3340} INFO - Setting next_dagrun for example_task_group to 2022-11-28T06:56:00.954400+00:00, run_after=2022-11-29T06:56:00.954400+00:00
[2022-11-29T06:56:00.990+0000] {processor.py:176} INFO - Processing /home/airflow/.local/lib/python3.7/site-packages/airflow/example_dags/example_task_group.py took 0.234 seconds
[2022-11-29T07:01:50.494+0000] {processor.py:154} INFO - Started process (PID=56) to work on /home/airflow/.local/lib/python3.7/site-packages/airflow/example_dags/example_task_group.py
[2022-11-29T07:01:50.502+0000] {processor.py:756} INFO - Processing file /home/airflow/.local/lib/python3.7/site-packages/airflow/example_dags/example_task_group.py for tasks to queue
[2022-11-29T07:01:50.507+0000] {logging_mixin.py:137} INFO - [2022-11-29T07:01:50.507+0000] {dagbag.py:537} INFO - Filling up the DagBag from /home/airflow/.local/lib/python3.7/site-packages/airflow/example_dags/example_task_group.py
[2022-11-29T07:01:50.544+0000] {processor.py:766} INFO - DAG(s) dict_keys(['example_task_group']) retrieved from /home/airflow/.local/lib/python3.7/site-packages/airflow/example_dags/example_task_group.py
[2022-11-29T07:01:50.586+0000] {logging_mixin.py:137} INFO - [2022-11-29T07:01:50.585+0000] {dag.py:2585} INFO - Sync 1 DAGs
[2022-11-29T07:01:50.624+0000] {logging_mixin.py:137} INFO - [2022-11-29T07:01:50.624+0000] {dag.py:3340} INFO - Setting next_dagrun for example_task_group to 2022-11-28T07:01:50.623854+00:00, run_after=2022-11-29T07:01:50.623854+00:00
[2022-11-29T07:01:50.651+0000] {processor.py:176} INFO - Processing /home/airflow/.local/lib/python3.7/site-packages/airflow/example_dags/example_task_group.py took 0.163 seconds
[2022-11-29T07:02:21.546+0000] {processor.py:154} INFO - Started process (PID=117) to work on /home/airflow/.local/lib/python3.7/site-packages/airflow/example_dags/example_task_group.py
[2022-11-29T07:02:21.548+0000] {processor.py:756} INFO - Processing file /home/airflow/.local/lib/python3.7/site-packages/airflow/example_dags/example_task_group.py for tasks to queue
[2022-11-29T07:02:21.550+0000] {logging_mixin.py:137} INFO - [2022-11-29T07:02:21.549+0000] {dagbag.py:537} INFO - Filling up the DagBag from /home/airflow/.local/lib/python3.7/site-packages/airflow/example_dags/example_task_group.py
[2022-11-29T07:02:21.580+0000] {processor.py:766} INFO - DAG(s) dict_keys(['example_task_group']) retrieved from /home/airflow/.local/lib/python3.7/site-packages/airflow/example_dags/example_task_group.py
[2022-11-29T07:02:21.660+0000] {logging_mixin.py:137} INFO - [2022-11-29T07:02:21.660+0000] {dag.py:2585} INFO - Sync 1 DAGs
[2022-11-29T07:02:21.712+0000] {logging_mixin.py:137} INFO - [2022-11-29T07:02:21.712+0000] {dag.py:3340} INFO - Setting next_dagrun for example_task_group to 2022-11-28T07:02:21.711533+00:00, run_after=2022-11-29T07:02:21.711533+00:00
[2022-11-29T07:02:21.754+0000] {processor.py:176} INFO - Processing /home/airflow/.local/lib/python3.7/site-packages/airflow/example_dags/example_task_group.py took 0.214 seconds
[2022-11-29T07:02:51.907+0000] {processor.py:154} INFO - Started process (PID=174) to work on /home/airflow/.local/lib/python3.7/site-packages/airflow/example_dags/example_task_group.py
[2022-11-29T07:02:51.909+0000] {processor.py:756} INFO - Processing file /home/airflow/.local/lib/python3.7/site-packages/airflow/example_dags/example_task_group.py for tasks to queue
[2022-11-29T07:02:51.911+0000] {logging_mixin.py:137} INFO - [2022-11-29T07:02:51.911+0000] {dagbag.py:537} INFO - Filling up the DagBag from /home/airflow/.local/lib/python3.7/site-packages/airflow/example_dags/example_task_group.py
[2022-11-29T07:02:51.952+0000] {processor.py:766} INFO - DAG(s) dict_keys(['example_task_group']) retrieved from /home/airflow/.local/lib/python3.7/site-packages/airflow/example_dags/example_task_group.py
[2022-11-29T07:02:52.035+0000] {logging_mixin.py:137} INFO - [2022-11-29T07:02:52.035+0000] {dag.py:2585} INFO - Sync 1 DAGs
[2022-11-29T07:02:52.073+0000] {logging_mixin.py:137} INFO - [2022-11-29T07:02:52.073+0000] {dag.py:3340} INFO - Setting next_dagrun for example_task_group to 2022-11-28T07:02:52.072767+00:00, run_after=2022-11-29T07:02:52.072767+00:00
[2022-11-29T07:02:52.100+0000] {processor.py:176} INFO - Processing /home/airflow/.local/lib/python3.7/site-packages/airflow/example_dags/example_task_group.py took 0.198 seconds
[2022-11-29T07:03:22.627+0000] {processor.py:154} INFO - Started process (PID=237) to work on /home/airflow/.local/lib/python3.7/site-packages/airflow/example_dags/example_task_group.py
[2022-11-29T07:03:22.628+0000] {processor.py:756} INFO - Processing file /home/airflow/.local/lib/python3.7/site-packages/airflow/example_dags/example_task_group.py for tasks to queue
[2022-11-29T07:03:22.630+0000] {logging_mixin.py:137} INFO - [2022-11-29T07:03:22.630+0000] {dagbag.py:537} INFO - Filling up the DagBag from /home/airflow/.local/lib/python3.7/site-packages/airflow/example_dags/example_task_group.py
[2022-11-29T07:03:22.657+0000] {processor.py:766} INFO - DAG(s) dict_keys(['example_task_group']) retrieved from /home/airflow/.local/lib/python3.7/site-packages/airflow/example_dags/example_task_group.py
[2022-11-29T07:03:22.724+0000] {logging_mixin.py:137} INFO - [2022-11-29T07:03:22.723+0000] {dag.py:2585} INFO - Sync 1 DAGs
[2022-11-29T07:03:22.765+0000] {logging_mixin.py:137} INFO - [2022-11-29T07:03:22.765+0000] {dag.py:3340} INFO - Setting next_dagrun for example_task_group to 2022-11-28T07:03:22.765253+00:00, run_after=2022-11-29T07:03:22.765253+00:00
[2022-11-29T07:03:22.798+0000] {processor.py:176} INFO - Processing /home/airflow/.local/lib/python3.7/site-packages/airflow/example_dags/example_task_group.py took 0.176 seconds
[2022-11-29T07:03:53.685+0000] {processor.py:154} INFO - Started process (PID=298) to work on /home/airflow/.local/lib/python3.7/site-packages/airflow/example_dags/example_task_group.py
[2022-11-29T07:03:53.686+0000] {processor.py:756} INFO - Processing file /home/airflow/.local/lib/python3.7/site-packages/airflow/example_dags/example_task_group.py for tasks to queue
[2022-11-29T07:03:53.688+0000] {logging_mixin.py:137} INFO - [2022-11-29T07:03:53.688+0000] {dagbag.py:537} INFO - Filling up the DagBag from /home/airflow/.local/lib/python3.7/site-packages/airflow/example_dags/example_task_group.py
[2022-11-29T07:03:53.717+0000] {processor.py:766} INFO - DAG(s) dict_keys(['example_task_group']) retrieved from /home/airflow/.local/lib/python3.7/site-packages/airflow/example_dags/example_task_group.py
[2022-11-29T07:03:53.789+0000] {logging_mixin.py:137} INFO - [2022-11-29T07:03:53.789+0000] {dag.py:2585} INFO - Sync 1 DAGs
[2022-11-29T07:03:53.832+0000] {logging_mixin.py:137} INFO - [2022-11-29T07:03:53.831+0000] {dag.py:3340} INFO - Setting next_dagrun for example_task_group to 2022-11-28T07:03:53.831496+00:00, run_after=2022-11-29T07:03:53.831496+00:00
[2022-11-29T07:03:53.861+0000] {processor.py:176} INFO - Processing /home/airflow/.local/lib/python3.7/site-packages/airflow/example_dags/example_task_group.py took 0.182 seconds
[2022-11-29T07:04:49.564+0000] {processor.py:154} INFO - Started process (PID=56) to work on /home/airflow/.local/lib/python3.7/site-packages/airflow/example_dags/example_task_group.py
[2022-11-29T07:04:49.566+0000] {processor.py:756} INFO - Processing file /home/airflow/.local/lib/python3.7/site-packages/airflow/example_dags/example_task_group.py for tasks to queue
[2022-11-29T07:04:49.580+0000] {logging_mixin.py:137} INFO - [2022-11-29T07:04:49.579+0000] {dagbag.py:537} INFO - Filling up the DagBag from /home/airflow/.local/lib/python3.7/site-packages/airflow/example_dags/example_task_group.py
[2022-11-29T07:04:49.615+0000] {processor.py:766} INFO - DAG(s) dict_keys(['example_task_group']) retrieved from /home/airflow/.local/lib/python3.7/site-packages/airflow/example_dags/example_task_group.py
[2022-11-29T07:04:49.664+0000] {logging_mixin.py:137} INFO - [2022-11-29T07:04:49.664+0000] {dag.py:2585} INFO - Sync 1 DAGs
[2022-11-29T07:04:49.728+0000] {logging_mixin.py:137} INFO - [2022-11-29T07:04:49.728+0000] {dag.py:3340} INFO - Setting next_dagrun for example_task_group to 2022-11-28T07:04:49.728166+00:00, run_after=2022-11-29T07:04:49.728166+00:00
[2022-11-29T07:04:49.761+0000] {processor.py:176} INFO - Processing /home/airflow/.local/lib/python3.7/site-packages/airflow/example_dags/example_task_group.py took 0.203 seconds
[2022-11-29T07:05:59.507+0000] {processor.py:154} INFO - Started process (PID=56) to work on /home/airflow/.local/lib/python3.7/site-packages/airflow/example_dags/example_task_group.py
[2022-11-29T07:05:59.512+0000] {processor.py:756} INFO - Processing file /home/airflow/.local/lib/python3.7/site-packages/airflow/example_dags/example_task_group.py for tasks to queue
[2022-11-29T07:05:59.516+0000] {logging_mixin.py:137} INFO - [2022-11-29T07:05:59.516+0000] {dagbag.py:537} INFO - Filling up the DagBag from /home/airflow/.local/lib/python3.7/site-packages/airflow/example_dags/example_task_group.py
[2022-11-29T07:05:59.547+0000] {processor.py:766} INFO - DAG(s) dict_keys(['example_task_group']) retrieved from /home/airflow/.local/lib/python3.7/site-packages/airflow/example_dags/example_task_group.py
[2022-11-29T07:05:59.589+0000] {logging_mixin.py:137} INFO - [2022-11-29T07:05:59.589+0000] {dag.py:2585} INFO - Sync 1 DAGs
[2022-11-29T07:05:59.666+0000] {logging_mixin.py:137} INFO - [2022-11-29T07:05:59.666+0000] {dag.py:3340} INFO - Setting next_dagrun for example_task_group to 2022-11-28T07:05:59.665723+00:00, run_after=2022-11-29T07:05:59.665723+00:00
[2022-11-29T07:05:59.782+0000] {processor.py:176} INFO - Processing /home/airflow/.local/lib/python3.7/site-packages/airflow/example_dags/example_task_group.py took 0.284 seconds
[2022-11-29T07:06:30.086+0000] {processor.py:154} INFO - Started process (PID=117) to work on /home/airflow/.local/lib/python3.7/site-packages/airflow/example_dags/example_task_group.py
[2022-11-29T07:06:30.088+0000] {processor.py:756} INFO - Processing file /home/airflow/.local/lib/python3.7/site-packages/airflow/example_dags/example_task_group.py for tasks to queue
[2022-11-29T07:06:30.090+0000] {logging_mixin.py:137} INFO - [2022-11-29T07:06:30.090+0000] {dagbag.py:537} INFO - Filling up the DagBag from /home/airflow/.local/lib/python3.7/site-packages/airflow/example_dags/example_task_group.py
[2022-11-29T07:06:30.118+0000] {processor.py:766} INFO - DAG(s) dict_keys(['example_task_group']) retrieved from /home/airflow/.local/lib/python3.7/site-packages/airflow/example_dags/example_task_group.py
[2022-11-29T07:06:30.183+0000] {logging_mixin.py:137} INFO - [2022-11-29T07:06:30.183+0000] {dag.py:2585} INFO - Sync 1 DAGs
[2022-11-29T07:06:30.243+0000] {logging_mixin.py:137} INFO - [2022-11-29T07:06:30.243+0000] {dag.py:3340} INFO - Setting next_dagrun for example_task_group to 2022-11-28T07:06:30.243322+00:00, run_after=2022-11-29T07:06:30.243322+00:00
[2022-11-29T07:06:30.298+0000] {processor.py:176} INFO - Processing /home/airflow/.local/lib/python3.7/site-packages/airflow/example_dags/example_task_group.py took 0.217 seconds
[2022-11-29T07:07:00.593+0000] {processor.py:154} INFO - Started process (PID=174) to work on /home/airflow/.local/lib/python3.7/site-packages/airflow/example_dags/example_task_group.py
[2022-11-29T07:07:00.594+0000] {processor.py:756} INFO - Processing file /home/airflow/.local/lib/python3.7/site-packages/airflow/example_dags/example_task_group.py for tasks to queue
[2022-11-29T07:07:00.596+0000] {logging_mixin.py:137} INFO - [2022-11-29T07:07:00.596+0000] {dagbag.py:537} INFO - Filling up the DagBag from /home/airflow/.local/lib/python3.7/site-packages/airflow/example_dags/example_task_group.py
[2022-11-29T07:07:00.623+0000] {processor.py:766} INFO - DAG(s) dict_keys(['example_task_group']) retrieved from /home/airflow/.local/lib/python3.7/site-packages/airflow/example_dags/example_task_group.py
[2022-11-29T07:07:00.688+0000] {logging_mixin.py:137} INFO - [2022-11-29T07:07:00.688+0000] {dag.py:2585} INFO - Sync 1 DAGs
[2022-11-29T07:07:00.732+0000] {logging_mixin.py:137} INFO - [2022-11-29T07:07:00.732+0000] {dag.py:3340} INFO - Setting next_dagrun for example_task_group to 2022-11-28T07:07:00.731652+00:00, run_after=2022-11-29T07:07:00.731652+00:00
[2022-11-29T07:07:00.769+0000] {processor.py:176} INFO - Processing /home/airflow/.local/lib/python3.7/site-packages/airflow/example_dags/example_task_group.py took 0.181 seconds
[2022-11-29T07:07:31.383+0000] {processor.py:154} INFO - Started process (PID=237) to work on /home/airflow/.local/lib/python3.7/site-packages/airflow/example_dags/example_task_group.py
[2022-11-29T07:07:31.385+0000] {processor.py:756} INFO - Processing file /home/airflow/.local/lib/python3.7/site-packages/airflow/example_dags/example_task_group.py for tasks to queue
[2022-11-29T07:07:31.387+0000] {logging_mixin.py:137} INFO - [2022-11-29T07:07:31.387+0000] {dagbag.py:537} INFO - Filling up the DagBag from /home/airflow/.local/lib/python3.7/site-packages/airflow/example_dags/example_task_group.py
[2022-11-29T07:07:31.413+0000] {processor.py:766} INFO - DAG(s) dict_keys(['example_task_group']) retrieved from /home/airflow/.local/lib/python3.7/site-packages/airflow/example_dags/example_task_group.py
[2022-11-29T07:07:31.480+0000] {logging_mixin.py:137} INFO - [2022-11-29T07:07:31.480+0000] {dag.py:2585} INFO - Sync 1 DAGs
[2022-11-29T07:07:31.543+0000] {logging_mixin.py:137} INFO - [2022-11-29T07:07:31.542+0000] {dag.py:3340} INFO - Setting next_dagrun for example_task_group to 2022-11-28T07:07:31.542419+00:00, run_after=2022-11-29T07:07:31.542419+00:00
[2022-11-29T07:07:31.576+0000] {processor.py:176} INFO - Processing /home/airflow/.local/lib/python3.7/site-packages/airflow/example_dags/example_task_group.py took 0.198 seconds
[2022-11-29T07:08:02.132+0000] {processor.py:154} INFO - Started process (PID=293) to work on /home/airflow/.local/lib/python3.7/site-packages/airflow/example_dags/example_task_group.py
[2022-11-29T07:08:02.134+0000] {processor.py:756} INFO - Processing file /home/airflow/.local/lib/python3.7/site-packages/airflow/example_dags/example_task_group.py for tasks to queue
[2022-11-29T07:08:02.136+0000] {logging_mixin.py:137} INFO - [2022-11-29T07:08:02.136+0000] {dagbag.py:537} INFO - Filling up the DagBag from /home/airflow/.local/lib/python3.7/site-packages/airflow/example_dags/example_task_group.py
[2022-11-29T07:08:02.162+0000] {processor.py:766} INFO - DAG(s) dict_keys(['example_task_group']) retrieved from /home/airflow/.local/lib/python3.7/site-packages/airflow/example_dags/example_task_group.py
[2022-11-29T07:08:02.232+0000] {logging_mixin.py:137} INFO - [2022-11-29T07:08:02.231+0000] {dag.py:2585} INFO - Sync 1 DAGs
[2022-11-29T07:08:02.275+0000] {logging_mixin.py:137} INFO - [2022-11-29T07:08:02.275+0000] {dag.py:3340} INFO - Setting next_dagrun for example_task_group to 2022-11-28T07:08:02.274614+00:00, run_after=2022-11-29T07:08:02.274614+00:00
[2022-11-29T07:08:02.320+0000] {processor.py:176} INFO - Processing /home/airflow/.local/lib/python3.7/site-packages/airflow/example_dags/example_task_group.py took 0.192 seconds
[2022-11-29T07:08:33.286+0000] {processor.py:154} INFO - Started process (PID=356) to work on /home/airflow/.local/lib/python3.7/site-packages/airflow/example_dags/example_task_group.py
[2022-11-29T07:08:33.288+0000] {processor.py:756} INFO - Processing file /home/airflow/.local/lib/python3.7/site-packages/airflow/example_dags/example_task_group.py for tasks to queue
[2022-11-29T07:08:33.290+0000] {logging_mixin.py:137} INFO - [2022-11-29T07:08:33.290+0000] {dagbag.py:537} INFO - Filling up the DagBag from /home/airflow/.local/lib/python3.7/site-packages/airflow/example_dags/example_task_group.py
[2022-11-29T07:08:33.315+0000] {processor.py:766} INFO - DAG(s) dict_keys(['example_task_group']) retrieved from /home/airflow/.local/lib/python3.7/site-packages/airflow/example_dags/example_task_group.py
[2022-11-29T07:08:33.381+0000] {logging_mixin.py:137} INFO - [2022-11-29T07:08:33.380+0000] {dag.py:2585} INFO - Sync 1 DAGs
[2022-11-29T07:08:33.422+0000] {logging_mixin.py:137} INFO - [2022-11-29T07:08:33.422+0000] {dag.py:3340} INFO - Setting next_dagrun for example_task_group to 2022-11-28T07:08:33.421525+00:00, run_after=2022-11-29T07:08:33.421525+00:00
[2022-11-29T07:08:33.451+0000] {processor.py:176} INFO - Processing /home/airflow/.local/lib/python3.7/site-packages/airflow/example_dags/example_task_group.py took 0.172 seconds
[2022-11-29T07:09:04.056+0000] {processor.py:154} INFO - Started process (PID=419) to work on /home/airflow/.local/lib/python3.7/site-packages/airflow/example_dags/example_task_group.py
[2022-11-29T07:09:04.059+0000] {processor.py:756} INFO - Processing file /home/airflow/.local/lib/python3.7/site-packages/airflow/example_dags/example_task_group.py for tasks to queue
[2022-11-29T07:09:04.060+0000] {logging_mixin.py:137} INFO - [2022-11-29T07:09:04.060+0000] {dagbag.py:537} INFO - Filling up the DagBag from /home/airflow/.local/lib/python3.7/site-packages/airflow/example_dags/example_task_group.py
[2022-11-29T07:09:04.097+0000] {processor.py:766} INFO - DAG(s) dict_keys(['example_task_group']) retrieved from /home/airflow/.local/lib/python3.7/site-packages/airflow/example_dags/example_task_group.py
[2022-11-29T07:09:04.160+0000] {logging_mixin.py:137} INFO - [2022-11-29T07:09:04.160+0000] {dag.py:2585} INFO - Sync 1 DAGs
[2022-11-29T07:09:04.199+0000] {logging_mixin.py:137} INFO - [2022-11-29T07:09:04.199+0000] {dag.py:3340} INFO - Setting next_dagrun for example_task_group to 2022-11-28T07:09:04.199360+00:00, run_after=2022-11-29T07:09:04.199360+00:00
[2022-11-29T07:09:04.234+0000] {processor.py:176} INFO - Processing /home/airflow/.local/lib/python3.7/site-packages/airflow/example_dags/example_task_group.py took 0.183 seconds
[2022-11-29T07:09:34.591+0000] {processor.py:154} INFO - Started process (PID=473) to work on /home/airflow/.local/lib/python3.7/site-packages/airflow/example_dags/example_task_group.py
[2022-11-29T07:09:34.593+0000] {processor.py:756} INFO - Processing file /home/airflow/.local/lib/python3.7/site-packages/airflow/example_dags/example_task_group.py for tasks to queue
[2022-11-29T07:09:34.595+0000] {logging_mixin.py:137} INFO - [2022-11-29T07:09:34.595+0000] {dagbag.py:537} INFO - Filling up the DagBag from /home/airflow/.local/lib/python3.7/site-packages/airflow/example_dags/example_task_group.py
[2022-11-29T07:09:34.627+0000] {processor.py:766} INFO - DAG(s) dict_keys(['example_task_group']) retrieved from /home/airflow/.local/lib/python3.7/site-packages/airflow/example_dags/example_task_group.py
[2022-11-29T07:09:34.699+0000] {logging_mixin.py:137} INFO - [2022-11-29T07:09:34.699+0000] {dag.py:2585} INFO - Sync 1 DAGs
[2022-11-29T07:09:34.740+0000] {logging_mixin.py:137} INFO - [2022-11-29T07:09:34.740+0000] {dag.py:3340} INFO - Setting next_dagrun for example_task_group to 2022-11-28T07:09:34.740209+00:00, run_after=2022-11-29T07:09:34.740209+00:00
[2022-11-29T07:09:34.772+0000] {processor.py:176} INFO - Processing /home/airflow/.local/lib/python3.7/site-packages/airflow/example_dags/example_task_group.py took 0.185 seconds
[2022-11-29T07:10:05.307+0000] {processor.py:154} INFO - Started process (PID=536) to work on /home/airflow/.local/lib/python3.7/site-packages/airflow/example_dags/example_task_group.py
[2022-11-29T07:10:05.310+0000] {processor.py:756} INFO - Processing file /home/airflow/.local/lib/python3.7/site-packages/airflow/example_dags/example_task_group.py for tasks to queue
[2022-11-29T07:10:05.313+0000] {logging_mixin.py:137} INFO - [2022-11-29T07:10:05.313+0000] {dagbag.py:537} INFO - Filling up the DagBag from /home/airflow/.local/lib/python3.7/site-packages/airflow/example_dags/example_task_group.py
[2022-11-29T07:10:05.343+0000] {processor.py:766} INFO - DAG(s) dict_keys(['example_task_group']) retrieved from /home/airflow/.local/lib/python3.7/site-packages/airflow/example_dags/example_task_group.py
[2022-11-29T07:10:05.409+0000] {logging_mixin.py:137} INFO - [2022-11-29T07:10:05.409+0000] {dag.py:2585} INFO - Sync 1 DAGs
[2022-11-29T07:10:05.453+0000] {logging_mixin.py:137} INFO - [2022-11-29T07:10:05.453+0000] {dag.py:3340} INFO - Setting next_dagrun for example_task_group to 2022-11-28T07:10:05.452633+00:00, run_after=2022-11-29T07:10:05.452633+00:00
[2022-11-29T07:10:05.490+0000] {processor.py:176} INFO - Processing /home/airflow/.local/lib/python3.7/site-packages/airflow/example_dags/example_task_group.py took 0.188 seconds
[2022-11-29T07:10:36.386+0000] {processor.py:154} INFO - Started process (PID=599) to work on /home/airflow/.local/lib/python3.7/site-packages/airflow/example_dags/example_task_group.py
[2022-11-29T07:10:36.390+0000] {processor.py:756} INFO - Processing file /home/airflow/.local/lib/python3.7/site-packages/airflow/example_dags/example_task_group.py for tasks to queue
[2022-11-29T07:10:36.393+0000] {logging_mixin.py:137} INFO - [2022-11-29T07:10:36.393+0000] {dagbag.py:537} INFO - Filling up the DagBag from /home/airflow/.local/lib/python3.7/site-packages/airflow/example_dags/example_task_group.py
[2022-11-29T07:10:36.465+0000] {processor.py:766} INFO - DAG(s) dict_keys(['example_task_group']) retrieved from /home/airflow/.local/lib/python3.7/site-packages/airflow/example_dags/example_task_group.py
[2022-11-29T07:10:36.560+0000] {logging_mixin.py:137} INFO - [2022-11-29T07:10:36.559+0000] {dag.py:2585} INFO - Sync 1 DAGs
[2022-11-29T07:10:36.613+0000] {logging_mixin.py:137} INFO - [2022-11-29T07:10:36.613+0000] {dag.py:3340} INFO - Setting next_dagrun for example_task_group to 2022-11-28T07:10:36.611799+00:00, run_after=2022-11-29T07:10:36.611799+00:00
[2022-11-29T07:10:36.653+0000] {processor.py:176} INFO - Processing /home/airflow/.local/lib/python3.7/site-packages/airflow/example_dags/example_task_group.py took 0.275 seconds
[2022-11-29T07:11:07.170+0000] {processor.py:154} INFO - Started process (PID=653) to work on /home/airflow/.local/lib/python3.7/site-packages/airflow/example_dags/example_task_group.py
[2022-11-29T07:11:07.172+0000] {processor.py:756} INFO - Processing file /home/airflow/.local/lib/python3.7/site-packages/airflow/example_dags/example_task_group.py for tasks to queue
[2022-11-29T07:11:07.173+0000] {logging_mixin.py:137} INFO - [2022-11-29T07:11:07.173+0000] {dagbag.py:537} INFO - Filling up the DagBag from /home/airflow/.local/lib/python3.7/site-packages/airflow/example_dags/example_task_group.py
[2022-11-29T07:11:07.198+0000] {processor.py:766} INFO - DAG(s) dict_keys(['example_task_group']) retrieved from /home/airflow/.local/lib/python3.7/site-packages/airflow/example_dags/example_task_group.py
[2022-11-29T07:11:07.259+0000] {logging_mixin.py:137} INFO - [2022-11-29T07:11:07.258+0000] {dag.py:2585} INFO - Sync 1 DAGs
[2022-11-29T07:11:07.299+0000] {logging_mixin.py:137} INFO - [2022-11-29T07:11:07.299+0000] {dag.py:3340} INFO - Setting next_dagrun for example_task_group to 2022-11-28T07:11:07.298700+00:00, run_after=2022-11-29T07:11:07.298700+00:00
[2022-11-29T07:11:07.326+0000] {processor.py:176} INFO - Processing /home/airflow/.local/lib/python3.7/site-packages/airflow/example_dags/example_task_group.py took 0.162 seconds
[2022-11-29T07:11:38.249+0000] {processor.py:154} INFO - Started process (PID=715) to work on /home/airflow/.local/lib/python3.7/site-packages/airflow/example_dags/example_task_group.py
[2022-11-29T07:11:38.251+0000] {processor.py:756} INFO - Processing file /home/airflow/.local/lib/python3.7/site-packages/airflow/example_dags/example_task_group.py for tasks to queue
[2022-11-29T07:11:38.254+0000] {logging_mixin.py:137} INFO - [2022-11-29T07:11:38.253+0000] {dagbag.py:537} INFO - Filling up the DagBag from /home/airflow/.local/lib/python3.7/site-packages/airflow/example_dags/example_task_group.py
[2022-11-29T07:11:38.280+0000] {processor.py:766} INFO - DAG(s) dict_keys(['example_task_group']) retrieved from /home/airflow/.local/lib/python3.7/site-packages/airflow/example_dags/example_task_group.py
[2022-11-29T07:11:38.345+0000] {logging_mixin.py:137} INFO - [2022-11-29T07:11:38.345+0000] {dag.py:2585} INFO - Sync 1 DAGs
[2022-11-29T07:11:38.385+0000] {logging_mixin.py:137} INFO - [2022-11-29T07:11:38.385+0000] {dag.py:3340} INFO - Setting next_dagrun for example_task_group to 2022-11-28T07:11:38.384664+00:00, run_after=2022-11-29T07:11:38.384664+00:00
[2022-11-29T07:11:38.414+0000] {processor.py:176} INFO - Processing /home/airflow/.local/lib/python3.7/site-packages/airflow/example_dags/example_task_group.py took 0.170 seconds
[2022-11-29T07:12:09.176+0000] {processor.py:154} INFO - Started process (PID=779) to work on /home/airflow/.local/lib/python3.7/site-packages/airflow/example_dags/example_task_group.py
[2022-11-29T07:12:09.178+0000] {processor.py:756} INFO - Processing file /home/airflow/.local/lib/python3.7/site-packages/airflow/example_dags/example_task_group.py for tasks to queue
[2022-11-29T07:12:09.180+0000] {logging_mixin.py:137} INFO - [2022-11-29T07:12:09.180+0000] {dagbag.py:537} INFO - Filling up the DagBag from /home/airflow/.local/lib/python3.7/site-packages/airflow/example_dags/example_task_group.py
[2022-11-29T07:12:09.207+0000] {processor.py:766} INFO - DAG(s) dict_keys(['example_task_group']) retrieved from /home/airflow/.local/lib/python3.7/site-packages/airflow/example_dags/example_task_group.py
[2022-11-29T07:12:09.271+0000] {logging_mixin.py:137} INFO - [2022-11-29T07:12:09.271+0000] {dag.py:2585} INFO - Sync 1 DAGs
[2022-11-29T07:12:09.310+0000] {logging_mixin.py:137} INFO - [2022-11-29T07:12:09.310+0000] {dag.py:3340} INFO - Setting next_dagrun for example_task_group to 2022-11-28T07:12:09.310173+00:00, run_after=2022-11-29T07:12:09.310173+00:00
[2022-11-29T07:12:09.345+0000] {processor.py:176} INFO - Processing /home/airflow/.local/lib/python3.7/site-packages/airflow/example_dags/example_task_group.py took 0.176 seconds
[2022-11-29T07:12:39.606+0000] {processor.py:154} INFO - Started process (PID=833) to work on /home/airflow/.local/lib/python3.7/site-packages/airflow/example_dags/example_task_group.py
[2022-11-29T07:12:39.608+0000] {processor.py:756} INFO - Processing file /home/airflow/.local/lib/python3.7/site-packages/airflow/example_dags/example_task_group.py for tasks to queue
[2022-11-29T07:12:39.610+0000] {logging_mixin.py:137} INFO - [2022-11-29T07:12:39.610+0000] {dagbag.py:537} INFO - Filling up the DagBag from /home/airflow/.local/lib/python3.7/site-packages/airflow/example_dags/example_task_group.py
[2022-11-29T07:12:39.634+0000] {processor.py:766} INFO - DAG(s) dict_keys(['example_task_group']) retrieved from /home/airflow/.local/lib/python3.7/site-packages/airflow/example_dags/example_task_group.py
[2022-11-29T07:12:39.698+0000] {logging_mixin.py:137} INFO - [2022-11-29T07:12:39.698+0000] {dag.py:2585} INFO - Sync 1 DAGs
[2022-11-29T07:12:39.742+0000] {logging_mixin.py:137} INFO - [2022-11-29T07:12:39.742+0000] {dag.py:3340} INFO - Setting next_dagrun for example_task_group to 2022-11-28T07:12:39.742308+00:00, run_after=2022-11-29T07:12:39.742308+00:00
[2022-11-29T07:12:39.779+0000] {processor.py:176} INFO - Processing /home/airflow/.local/lib/python3.7/site-packages/airflow/example_dags/example_task_group.py took 0.180 seconds
[2022-11-29T07:13:09.903+0000] {processor.py:154} INFO - Started process (PID=895) to work on /home/airflow/.local/lib/python3.7/site-packages/airflow/example_dags/example_task_group.py
[2022-11-29T07:13:09.904+0000] {processor.py:756} INFO - Processing file /home/airflow/.local/lib/python3.7/site-packages/airflow/example_dags/example_task_group.py for tasks to queue
[2022-11-29T07:13:09.906+0000] {logging_mixin.py:137} INFO - [2022-11-29T07:13:09.906+0000] {dagbag.py:537} INFO - Filling up the DagBag from /home/airflow/.local/lib/python3.7/site-packages/airflow/example_dags/example_task_group.py
[2022-11-29T07:13:09.932+0000] {processor.py:766} INFO - DAG(s) dict_keys(['example_task_group']) retrieved from /home/airflow/.local/lib/python3.7/site-packages/airflow/example_dags/example_task_group.py
[2022-11-29T07:13:09.992+0000] {logging_mixin.py:137} INFO - [2022-11-29T07:13:09.992+0000] {dag.py:2585} INFO - Sync 1 DAGs
[2022-11-29T07:13:10.028+0000] {logging_mixin.py:137} INFO - [2022-11-29T07:13:10.028+0000] {dag.py:3340} INFO - Setting next_dagrun for example_task_group to 2022-11-28T07:13:10.028154+00:00, run_after=2022-11-29T07:13:10.028154+00:00
[2022-11-29T07:13:10.070+0000] {processor.py:176} INFO - Processing /home/airflow/.local/lib/python3.7/site-packages/airflow/example_dags/example_task_group.py took 0.172 seconds
[2022-11-29T07:13:40.739+0000] {processor.py:154} INFO - Started process (PID=958) to work on /home/airflow/.local/lib/python3.7/site-packages/airflow/example_dags/example_task_group.py
[2022-11-29T07:13:40.742+0000] {processor.py:756} INFO - Processing file /home/airflow/.local/lib/python3.7/site-packages/airflow/example_dags/example_task_group.py for tasks to queue
[2022-11-29T07:13:40.743+0000] {logging_mixin.py:137} INFO - [2022-11-29T07:13:40.743+0000] {dagbag.py:537} INFO - Filling up the DagBag from /home/airflow/.local/lib/python3.7/site-packages/airflow/example_dags/example_task_group.py
[2022-11-29T07:13:40.769+0000] {processor.py:766} INFO - DAG(s) dict_keys(['example_task_group']) retrieved from /home/airflow/.local/lib/python3.7/site-packages/airflow/example_dags/example_task_group.py
[2022-11-29T07:13:40.833+0000] {logging_mixin.py:137} INFO - [2022-11-29T07:13:40.833+0000] {dag.py:2585} INFO - Sync 1 DAGs
[2022-11-29T07:13:40.878+0000] {logging_mixin.py:137} INFO - [2022-11-29T07:13:40.878+0000] {dag.py:3340} INFO - Setting next_dagrun for example_task_group to 2022-11-28T07:13:40.877838+00:00, run_after=2022-11-29T07:13:40.877838+00:00
[2022-11-29T07:13:40.911+0000] {processor.py:176} INFO - Processing /home/airflow/.local/lib/python3.7/site-packages/airflow/example_dags/example_task_group.py took 0.177 seconds
[2022-11-29T07:14:11.929+0000] {processor.py:154} INFO - Started process (PID=1012) to work on /home/airflow/.local/lib/python3.7/site-packages/airflow/example_dags/example_task_group.py
[2022-11-29T07:14:11.931+0000] {processor.py:756} INFO - Processing file /home/airflow/.local/lib/python3.7/site-packages/airflow/example_dags/example_task_group.py for tasks to queue
[2022-11-29T07:14:11.933+0000] {logging_mixin.py:137} INFO - [2022-11-29T07:14:11.932+0000] {dagbag.py:537} INFO - Filling up the DagBag from /home/airflow/.local/lib/python3.7/site-packages/airflow/example_dags/example_task_group.py
[2022-11-29T07:14:11.959+0000] {processor.py:766} INFO - DAG(s) dict_keys(['example_task_group']) retrieved from /home/airflow/.local/lib/python3.7/site-packages/airflow/example_dags/example_task_group.py
[2022-11-29T07:14:12.035+0000] {logging_mixin.py:137} INFO - [2022-11-29T07:14:12.035+0000] {dag.py:2585} INFO - Sync 1 DAGs
[2022-11-29T07:14:12.079+0000] {logging_mixin.py:137} INFO - [2022-11-29T07:14:12.079+0000] {dag.py:3340} INFO - Setting next_dagrun for example_task_group to 2022-11-28T07:14:12.078683+00:00, run_after=2022-11-29T07:14:12.078683+00:00
[2022-11-29T07:14:12.113+0000] {processor.py:176} INFO - Processing /home/airflow/.local/lib/python3.7/site-packages/airflow/example_dags/example_task_group.py took 0.191 seconds
[2022-11-29T07:14:42.350+0000] {processor.py:154} INFO - Started process (PID=1075) to work on /home/airflow/.local/lib/python3.7/site-packages/airflow/example_dags/example_task_group.py
[2022-11-29T07:14:42.352+0000] {processor.py:756} INFO - Processing file /home/airflow/.local/lib/python3.7/site-packages/airflow/example_dags/example_task_group.py for tasks to queue
[2022-11-29T07:14:42.353+0000] {logging_mixin.py:137} INFO - [2022-11-29T07:14:42.353+0000] {dagbag.py:537} INFO - Filling up the DagBag from /home/airflow/.local/lib/python3.7/site-packages/airflow/example_dags/example_task_group.py
[2022-11-29T07:14:42.378+0000] {processor.py:766} INFO - DAG(s) dict_keys(['example_task_group']) retrieved from /home/airflow/.local/lib/python3.7/site-packages/airflow/example_dags/example_task_group.py
[2022-11-29T07:14:42.449+0000] {logging_mixin.py:137} INFO - [2022-11-29T07:14:42.449+0000] {dag.py:2585} INFO - Sync 1 DAGs
[2022-11-29T07:14:42.490+0000] {logging_mixin.py:137} INFO - [2022-11-29T07:14:42.489+0000] {dag.py:3340} INFO - Setting next_dagrun for example_task_group to 2022-11-28T07:14:42.489642+00:00, run_after=2022-11-29T07:14:42.489642+00:00
[2022-11-29T07:14:42.518+0000] {processor.py:176} INFO - Processing /home/airflow/.local/lib/python3.7/site-packages/airflow/example_dags/example_task_group.py took 0.172 seconds
[2022-11-29T07:15:13.352+0000] {processor.py:154} INFO - Started process (PID=1138) to work on /home/airflow/.local/lib/python3.7/site-packages/airflow/example_dags/example_task_group.py
[2022-11-29T07:15:13.353+0000] {processor.py:756} INFO - Processing file /home/airflow/.local/lib/python3.7/site-packages/airflow/example_dags/example_task_group.py for tasks to queue
[2022-11-29T07:15:13.355+0000] {logging_mixin.py:137} INFO - [2022-11-29T07:15:13.354+0000] {dagbag.py:537} INFO - Filling up the DagBag from /home/airflow/.local/lib/python3.7/site-packages/airflow/example_dags/example_task_group.py
[2022-11-29T07:15:13.379+0000] {processor.py:766} INFO - DAG(s) dict_keys(['example_task_group']) retrieved from /home/airflow/.local/lib/python3.7/site-packages/airflow/example_dags/example_task_group.py
[2022-11-29T07:15:13.440+0000] {logging_mixin.py:137} INFO - [2022-11-29T07:15:13.440+0000] {dag.py:2585} INFO - Sync 1 DAGs
[2022-11-29T07:15:13.476+0000] {logging_mixin.py:137} INFO - [2022-11-29T07:15:13.476+0000] {dag.py:3340} INFO - Setting next_dagrun for example_task_group to 2022-11-28T07:15:13.475893+00:00, run_after=2022-11-29T07:15:13.475893+00:00
[2022-11-29T07:15:13.503+0000] {processor.py:176} INFO - Processing /home/airflow/.local/lib/python3.7/site-packages/airflow/example_dags/example_task_group.py took 0.155 seconds
[2022-11-29T07:15:43.857+0000] {processor.py:154} INFO - Started process (PID=1192) to work on /home/airflow/.local/lib/python3.7/site-packages/airflow/example_dags/example_task_group.py
[2022-11-29T07:15:43.860+0000] {processor.py:756} INFO - Processing file /home/airflow/.local/lib/python3.7/site-packages/airflow/example_dags/example_task_group.py for tasks to queue
[2022-11-29T07:15:43.861+0000] {logging_mixin.py:137} INFO - [2022-11-29T07:15:43.861+0000] {dagbag.py:537} INFO - Filling up the DagBag from /home/airflow/.local/lib/python3.7/site-packages/airflow/example_dags/example_task_group.py
[2022-11-29T07:15:43.886+0000] {processor.py:766} INFO - DAG(s) dict_keys(['example_task_group']) retrieved from /home/airflow/.local/lib/python3.7/site-packages/airflow/example_dags/example_task_group.py
[2022-11-29T07:15:43.950+0000] {logging_mixin.py:137} INFO - [2022-11-29T07:15:43.949+0000] {dag.py:2585} INFO - Sync 1 DAGs
[2022-11-29T07:15:43.993+0000] {logging_mixin.py:137} INFO - [2022-11-29T07:15:43.993+0000] {dag.py:3340} INFO - Setting next_dagrun for example_task_group to 2022-11-28T07:15:43.992754+00:00, run_after=2022-11-29T07:15:43.992754+00:00
[2022-11-29T07:15:44.023+0000] {processor.py:176} INFO - Processing /home/airflow/.local/lib/python3.7/site-packages/airflow/example_dags/example_task_group.py took 0.173 seconds
[2022-11-29T07:16:14.227+0000] {processor.py:154} INFO - Started process (PID=1256) to work on /home/airflow/.local/lib/python3.7/site-packages/airflow/example_dags/example_task_group.py
[2022-11-29T07:16:14.231+0000] {processor.py:756} INFO - Processing file /home/airflow/.local/lib/python3.7/site-packages/airflow/example_dags/example_task_group.py for tasks to queue
[2022-11-29T07:16:14.234+0000] {logging_mixin.py:137} INFO - [2022-11-29T07:16:14.234+0000] {dagbag.py:537} INFO - Filling up the DagBag from /home/airflow/.local/lib/python3.7/site-packages/airflow/example_dags/example_task_group.py
[2022-11-29T07:16:14.278+0000] {processor.py:766} INFO - DAG(s) dict_keys(['example_task_group']) retrieved from /home/airflow/.local/lib/python3.7/site-packages/airflow/example_dags/example_task_group.py
[2022-11-29T07:16:14.376+0000] {logging_mixin.py:137} INFO - [2022-11-29T07:16:14.376+0000] {dag.py:2585} INFO - Sync 1 DAGs
[2022-11-29T07:16:14.444+0000] {logging_mixin.py:137} INFO - [2022-11-29T07:16:14.443+0000] {dag.py:3340} INFO - Setting next_dagrun for example_task_group to 2022-11-28T07:16:14.443097+00:00, run_after=2022-11-29T07:16:14.443097+00:00
[2022-11-29T07:16:14.491+0000] {processor.py:176} INFO - Processing /home/airflow/.local/lib/python3.7/site-packages/airflow/example_dags/example_task_group.py took 0.281 seconds
[2022-11-29T07:16:44.803+0000] {processor.py:154} INFO - Started process (PID=1320) to work on /home/airflow/.local/lib/python3.7/site-packages/airflow/example_dags/example_task_group.py
[2022-11-29T07:16:44.805+0000] {processor.py:756} INFO - Processing file /home/airflow/.local/lib/python3.7/site-packages/airflow/example_dags/example_task_group.py for tasks to queue
[2022-11-29T07:16:44.806+0000] {logging_mixin.py:137} INFO - [2022-11-29T07:16:44.806+0000] {dagbag.py:537} INFO - Filling up the DagBag from /home/airflow/.local/lib/python3.7/site-packages/airflow/example_dags/example_task_group.py
[2022-11-29T07:16:44.838+0000] {processor.py:766} INFO - DAG(s) dict_keys(['example_task_group']) retrieved from /home/airflow/.local/lib/python3.7/site-packages/airflow/example_dags/example_task_group.py
[2022-11-29T07:16:44.900+0000] {logging_mixin.py:137} INFO - [2022-11-29T07:16:44.900+0000] {dag.py:2585} INFO - Sync 1 DAGs
[2022-11-29T07:16:44.939+0000] {logging_mixin.py:137} INFO - [2022-11-29T07:16:44.939+0000] {dag.py:3340} INFO - Setting next_dagrun for example_task_group to 2022-11-28T07:16:44.939288+00:00, run_after=2022-11-29T07:16:44.939288+00:00
[2022-11-29T07:16:44.994+0000] {processor.py:176} INFO - Processing /home/airflow/.local/lib/python3.7/site-packages/airflow/example_dags/example_task_group.py took 0.196 seconds
[2022-11-29T07:17:15.579+0000] {processor.py:154} INFO - Started process (PID=1374) to work on /home/airflow/.local/lib/python3.7/site-packages/airflow/example_dags/example_task_group.py
[2022-11-29T07:17:15.582+0000] {processor.py:756} INFO - Processing file /home/airflow/.local/lib/python3.7/site-packages/airflow/example_dags/example_task_group.py for tasks to queue
[2022-11-29T07:17:15.584+0000] {logging_mixin.py:137} INFO - [2022-11-29T07:17:15.583+0000] {dagbag.py:537} INFO - Filling up the DagBag from /home/airflow/.local/lib/python3.7/site-packages/airflow/example_dags/example_task_group.py
[2022-11-29T07:17:15.609+0000] {processor.py:766} INFO - DAG(s) dict_keys(['example_task_group']) retrieved from /home/airflow/.local/lib/python3.7/site-packages/airflow/example_dags/example_task_group.py
[2022-11-29T07:17:15.677+0000] {logging_mixin.py:137} INFO - [2022-11-29T07:17:15.676+0000] {dag.py:2585} INFO - Sync 1 DAGs
[2022-11-29T07:17:15.715+0000] {logging_mixin.py:137} INFO - [2022-11-29T07:17:15.715+0000] {dag.py:3340} INFO - Setting next_dagrun for example_task_group to 2022-11-28T07:17:15.714829+00:00, run_after=2022-11-29T07:17:15.714829+00:00
[2022-11-29T07:17:15.750+0000] {processor.py:176} INFO - Processing /home/airflow/.local/lib/python3.7/site-packages/airflow/example_dags/example_task_group.py took 0.177 seconds
[2022-11-29T07:17:46.218+0000] {processor.py:154} INFO - Started process (PID=1437) to work on /home/airflow/.local/lib/python3.7/site-packages/airflow/example_dags/example_task_group.py
[2022-11-29T07:17:46.220+0000] {processor.py:756} INFO - Processing file /home/airflow/.local/lib/python3.7/site-packages/airflow/example_dags/example_task_group.py for tasks to queue
[2022-11-29T07:17:46.222+0000] {logging_mixin.py:137} INFO - [2022-11-29T07:17:46.222+0000] {dagbag.py:537} INFO - Filling up the DagBag from /home/airflow/.local/lib/python3.7/site-packages/airflow/example_dags/example_task_group.py
[2022-11-29T07:17:46.252+0000] {processor.py:766} INFO - DAG(s) dict_keys(['example_task_group']) retrieved from /home/airflow/.local/lib/python3.7/site-packages/airflow/example_dags/example_task_group.py
[2022-11-29T07:17:46.312+0000] {logging_mixin.py:137} INFO - [2022-11-29T07:17:46.312+0000] {dag.py:2585} INFO - Sync 1 DAGs
[2022-11-29T07:17:46.355+0000] {logging_mixin.py:137} INFO - [2022-11-29T07:17:46.355+0000] {dag.py:3340} INFO - Setting next_dagrun for example_task_group to 2022-11-28T07:17:46.355023+00:00, run_after=2022-11-29T07:17:46.355023+00:00
[2022-11-29T07:17:46.393+0000] {processor.py:176} INFO - Processing /home/airflow/.local/lib/python3.7/site-packages/airflow/example_dags/example_task_group.py took 0.184 seconds
[2022-11-29T07:18:16.691+0000] {processor.py:154} INFO - Started process (PID=1493) to work on /home/airflow/.local/lib/python3.7/site-packages/airflow/example_dags/example_task_group.py
[2022-11-29T07:18:16.695+0000] {processor.py:756} INFO - Processing file /home/airflow/.local/lib/python3.7/site-packages/airflow/example_dags/example_task_group.py for tasks to queue
[2022-11-29T07:18:16.700+0000] {logging_mixin.py:137} INFO - [2022-11-29T07:18:16.700+0000] {dagbag.py:537} INFO - Filling up the DagBag from /home/airflow/.local/lib/python3.7/site-packages/airflow/example_dags/example_task_group.py
[2022-11-29T07:18:16.833+0000] {processor.py:766} INFO - DAG(s) dict_keys(['example_task_group']) retrieved from /home/airflow/.local/lib/python3.7/site-packages/airflow/example_dags/example_task_group.py
[2022-11-29T07:18:16.902+0000] {logging_mixin.py:137} INFO - [2022-11-29T07:18:16.901+0000] {dag.py:2585} INFO - Sync 1 DAGs
[2022-11-29T07:18:16.940+0000] {logging_mixin.py:137} INFO - [2022-11-29T07:18:16.940+0000] {dag.py:3340} INFO - Setting next_dagrun for example_task_group to 2022-11-28T07:18:16.940252+00:00, run_after=2022-11-29T07:18:16.940252+00:00
[2022-11-29T07:18:16.984+0000] {processor.py:176} INFO - Processing /home/airflow/.local/lib/python3.7/site-packages/airflow/example_dags/example_task_group.py took 0.309 seconds
[2022-11-29T07:18:47.142+0000] {processor.py:154} INFO - Started process (PID=1554) to work on /home/airflow/.local/lib/python3.7/site-packages/airflow/example_dags/example_task_group.py
[2022-11-29T07:18:47.144+0000] {processor.py:756} INFO - Processing file /home/airflow/.local/lib/python3.7/site-packages/airflow/example_dags/example_task_group.py for tasks to queue
[2022-11-29T07:18:47.146+0000] {logging_mixin.py:137} INFO - [2022-11-29T07:18:47.146+0000] {dagbag.py:537} INFO - Filling up the DagBag from /home/airflow/.local/lib/python3.7/site-packages/airflow/example_dags/example_task_group.py
[2022-11-29T07:18:47.172+0000] {processor.py:766} INFO - DAG(s) dict_keys(['example_task_group']) retrieved from /home/airflow/.local/lib/python3.7/site-packages/airflow/example_dags/example_task_group.py
[2022-11-29T07:18:47.240+0000] {logging_mixin.py:137} INFO - [2022-11-29T07:18:47.240+0000] {dag.py:2585} INFO - Sync 1 DAGs
[2022-11-29T07:18:47.284+0000] {logging_mixin.py:137} INFO - [2022-11-29T07:18:47.284+0000] {dag.py:3340} INFO - Setting next_dagrun for example_task_group to 2022-11-28T07:18:47.283811+00:00, run_after=2022-11-29T07:18:47.283811+00:00
[2022-11-29T07:18:47.315+0000] {processor.py:176} INFO - Processing /home/airflow/.local/lib/python3.7/site-packages/airflow/example_dags/example_task_group.py took 0.179 seconds
[2022-11-29T07:19:17.689+0000] {processor.py:154} INFO - Started process (PID=1617) to work on /home/airflow/.local/lib/python3.7/site-packages/airflow/example_dags/example_task_group.py
[2022-11-29T07:19:17.691+0000] {processor.py:756} INFO - Processing file /home/airflow/.local/lib/python3.7/site-packages/airflow/example_dags/example_task_group.py for tasks to queue
[2022-11-29T07:19:17.693+0000] {logging_mixin.py:137} INFO - [2022-11-29T07:19:17.693+0000] {dagbag.py:537} INFO - Filling up the DagBag from /home/airflow/.local/lib/python3.7/site-packages/airflow/example_dags/example_task_group.py
[2022-11-29T07:19:17.728+0000] {processor.py:766} INFO - DAG(s) dict_keys(['example_task_group']) retrieved from /home/airflow/.local/lib/python3.7/site-packages/airflow/example_dags/example_task_group.py
[2022-11-29T07:19:17.792+0000] {logging_mixin.py:137} INFO - [2022-11-29T07:19:17.792+0000] {dag.py:2585} INFO - Sync 1 DAGs
[2022-11-29T07:19:17.831+0000] {logging_mixin.py:137} INFO - [2022-11-29T07:19:17.831+0000] {dag.py:3340} INFO - Setting next_dagrun for example_task_group to 2022-11-28T07:19:17.831216+00:00, run_after=2022-11-29T07:19:17.831216+00:00
[2022-11-29T07:19:17.865+0000] {processor.py:176} INFO - Processing /home/airflow/.local/lib/python3.7/site-packages/airflow/example_dags/example_task_group.py took 0.181 seconds
[2022-11-29T07:19:48.468+0000] {processor.py:154} INFO - Started process (PID=1670) to work on /home/airflow/.local/lib/python3.7/site-packages/airflow/example_dags/example_task_group.py
[2022-11-29T07:19:48.470+0000] {processor.py:756} INFO - Processing file /home/airflow/.local/lib/python3.7/site-packages/airflow/example_dags/example_task_group.py for tasks to queue
[2022-11-29T07:19:48.472+0000] {logging_mixin.py:137} INFO - [2022-11-29T07:19:48.472+0000] {dagbag.py:537} INFO - Filling up the DagBag from /home/airflow/.local/lib/python3.7/site-packages/airflow/example_dags/example_task_group.py
[2022-11-29T07:19:48.512+0000] {processor.py:766} INFO - DAG(s) dict_keys(['example_task_group']) retrieved from /home/airflow/.local/lib/python3.7/site-packages/airflow/example_dags/example_task_group.py
[2022-11-29T07:19:48.597+0000] {logging_mixin.py:137} INFO - [2022-11-29T07:19:48.597+0000] {dag.py:2585} INFO - Sync 1 DAGs
[2022-11-29T07:19:48.642+0000] {logging_mixin.py:137} INFO - [2022-11-29T07:19:48.642+0000] {dag.py:3340} INFO - Setting next_dagrun for example_task_group to 2022-11-28T07:19:48.641597+00:00, run_after=2022-11-29T07:19:48.641597+00:00
[2022-11-29T07:19:48.674+0000] {processor.py:176} INFO - Processing /home/airflow/.local/lib/python3.7/site-packages/airflow/example_dags/example_task_group.py took 0.213 seconds
