[2022-11-29T06:27:21.969+0000] {processor.py:154} INFO - Started process (PID=73) to work on /home/airflow/.local/lib/python3.7/site-packages/airflow/example_dags/example_xcom.py
[2022-11-29T06:27:21.971+0000] {processor.py:756} INFO - Processing file /home/airflow/.local/lib/python3.7/site-packages/airflow/example_dags/example_xcom.py for tasks to queue
[2022-11-29T06:27:21.973+0000] {logging_mixin.py:137} INFO - [2022-11-29T06:27:21.973+0000] {dagbag.py:537} INFO - Filling up the DagBag from /home/airflow/.local/lib/python3.7/site-packages/airflow/example_dags/example_xcom.py
[2022-11-29T06:27:22.013+0000] {processor.py:766} INFO - DAG(s) dict_keys(['example_xcom']) retrieved from /home/airflow/.local/lib/python3.7/site-packages/airflow/example_dags/example_xcom.py
[2022-11-29T06:27:22.207+0000] {logging_mixin.py:137} INFO - [2022-11-29T06:27:22.207+0000] {manager.py:507} INFO - Created Permission View: can delete on DAG:example_xcom
[2022-11-29T06:27:22.223+0000] {logging_mixin.py:137} INFO - [2022-11-29T06:27:22.223+0000] {manager.py:507} INFO - Created Permission View: can read on DAG:example_xcom
[2022-11-29T06:27:22.236+0000] {logging_mixin.py:137} INFO - [2022-11-29T06:27:22.236+0000] {manager.py:507} INFO - Created Permission View: can edit on DAG:example_xcom
[2022-11-29T06:27:22.238+0000] {logging_mixin.py:137} INFO - [2022-11-29T06:27:22.237+0000] {dag.py:2585} INFO - Sync 1 DAGs
[2022-11-29T06:27:22.257+0000] {logging_mixin.py:137} INFO - [2022-11-29T06:27:22.257+0000] {dag.py:2606} INFO - Creating ORM DAG for example_xcom
[2022-11-29T06:27:22.278+0000] {logging_mixin.py:137} INFO - [2022-11-29T06:27:22.277+0000] {dag.py:3340} INFO - Setting next_dagrun for example_xcom to 2021-01-01T00:00:00+00:00, run_after=2021-01-01T00:00:00+00:00
[2022-11-29T06:27:22.305+0000] {processor.py:176} INFO - Processing /home/airflow/.local/lib/python3.7/site-packages/airflow/example_dags/example_xcom.py took 0.341 seconds
[2022-11-29T06:27:53.245+0000] {processor.py:154} INFO - Started process (PID=136) to work on /home/airflow/.local/lib/python3.7/site-packages/airflow/example_dags/example_xcom.py
[2022-11-29T06:27:53.248+0000] {processor.py:756} INFO - Processing file /home/airflow/.local/lib/python3.7/site-packages/airflow/example_dags/example_xcom.py for tasks to queue
[2022-11-29T06:27:53.253+0000] {logging_mixin.py:137} INFO - [2022-11-29T06:27:53.253+0000] {dagbag.py:537} INFO - Filling up the DagBag from /home/airflow/.local/lib/python3.7/site-packages/airflow/example_dags/example_xcom.py
[2022-11-29T06:27:53.326+0000] {processor.py:766} INFO - DAG(s) dict_keys(['example_xcom']) retrieved from /home/airflow/.local/lib/python3.7/site-packages/airflow/example_dags/example_xcom.py
[2022-11-29T06:27:53.484+0000] {logging_mixin.py:137} INFO - [2022-11-29T06:27:53.483+0000] {dag.py:2585} INFO - Sync 1 DAGs
[2022-11-29T06:27:53.553+0000] {logging_mixin.py:137} INFO - [2022-11-29T06:27:53.553+0000] {dag.py:3340} INFO - Setting next_dagrun for example_xcom to 2021-01-01T00:00:00+00:00, run_after=2021-01-01T00:00:00+00:00
[2022-11-29T06:27:53.594+0000] {processor.py:176} INFO - Processing /home/airflow/.local/lib/python3.7/site-packages/airflow/example_dags/example_xcom.py took 0.357 seconds
[2022-11-29T06:28:24.175+0000] {processor.py:154} INFO - Started process (PID=201) to work on /home/airflow/.local/lib/python3.7/site-packages/airflow/example_dags/example_xcom.py
[2022-11-29T06:28:24.185+0000] {processor.py:756} INFO - Processing file /home/airflow/.local/lib/python3.7/site-packages/airflow/example_dags/example_xcom.py for tasks to queue
[2022-11-29T06:28:24.187+0000] {logging_mixin.py:137} INFO - [2022-11-29T06:28:24.187+0000] {dagbag.py:537} INFO - Filling up the DagBag from /home/airflow/.local/lib/python3.7/site-packages/airflow/example_dags/example_xcom.py
[2022-11-29T06:28:24.221+0000] {processor.py:766} INFO - DAG(s) dict_keys(['example_xcom']) retrieved from /home/airflow/.local/lib/python3.7/site-packages/airflow/example_dags/example_xcom.py
[2022-11-29T06:28:24.280+0000] {logging_mixin.py:137} INFO - [2022-11-29T06:28:24.280+0000] {dag.py:2585} INFO - Sync 1 DAGs
[2022-11-29T06:28:24.319+0000] {logging_mixin.py:137} INFO - [2022-11-29T06:28:24.319+0000] {dag.py:3340} INFO - Setting next_dagrun for example_xcom to 2021-01-01T00:00:00+00:00, run_after=2021-01-01T00:00:00+00:00
[2022-11-29T06:28:24.360+0000] {processor.py:176} INFO - Processing /home/airflow/.local/lib/python3.7/site-packages/airflow/example_dags/example_xcom.py took 0.196 seconds
[2022-11-29T06:28:55.360+0000] {processor.py:154} INFO - Started process (PID=255) to work on /home/airflow/.local/lib/python3.7/site-packages/airflow/example_dags/example_xcom.py
[2022-11-29T06:28:55.362+0000] {processor.py:756} INFO - Processing file /home/airflow/.local/lib/python3.7/site-packages/airflow/example_dags/example_xcom.py for tasks to queue
[2022-11-29T06:28:55.364+0000] {logging_mixin.py:137} INFO - [2022-11-29T06:28:55.363+0000] {dagbag.py:537} INFO - Filling up the DagBag from /home/airflow/.local/lib/python3.7/site-packages/airflow/example_dags/example_xcom.py
[2022-11-29T06:28:55.394+0000] {processor.py:766} INFO - DAG(s) dict_keys(['example_xcom']) retrieved from /home/airflow/.local/lib/python3.7/site-packages/airflow/example_dags/example_xcom.py
[2022-11-29T06:28:55.453+0000] {logging_mixin.py:137} INFO - [2022-11-29T06:28:55.453+0000] {dag.py:2585} INFO - Sync 1 DAGs
[2022-11-29T06:28:55.490+0000] {logging_mixin.py:137} INFO - [2022-11-29T06:28:55.490+0000] {dag.py:3340} INFO - Setting next_dagrun for example_xcom to 2021-01-01T00:00:00+00:00, run_after=2021-01-01T00:00:00+00:00
[2022-11-29T06:28:55.517+0000] {processor.py:176} INFO - Processing /home/airflow/.local/lib/python3.7/site-packages/airflow/example_dags/example_xcom.py took 0.162 seconds
[2022-11-29T06:31:45.419+0000] {processor.py:154} INFO - Started process (PID=76) to work on /home/airflow/.local/lib/python3.7/site-packages/airflow/example_dags/example_xcom.py
[2022-11-29T06:31:45.421+0000] {processor.py:756} INFO - Processing file /home/airflow/.local/lib/python3.7/site-packages/airflow/example_dags/example_xcom.py for tasks to queue
[2022-11-29T06:31:45.422+0000] {logging_mixin.py:137} INFO - [2022-11-29T06:31:45.422+0000] {dagbag.py:537} INFO - Filling up the DagBag from /home/airflow/.local/lib/python3.7/site-packages/airflow/example_dags/example_xcom.py
[2022-11-29T06:31:45.458+0000] {processor.py:766} INFO - DAG(s) dict_keys(['example_xcom']) retrieved from /home/airflow/.local/lib/python3.7/site-packages/airflow/example_dags/example_xcom.py
[2022-11-29T06:31:45.504+0000] {logging_mixin.py:137} INFO - [2022-11-29T06:31:45.503+0000] {dag.py:2585} INFO - Sync 1 DAGs
[2022-11-29T06:31:45.556+0000] {logging_mixin.py:137} INFO - [2022-11-29T06:31:45.556+0000] {dag.py:3340} INFO - Setting next_dagrun for example_xcom to 2021-01-01T00:00:00+00:00, run_after=2021-01-01T00:00:00+00:00
[2022-11-29T06:31:45.585+0000] {processor.py:176} INFO - Processing /home/airflow/.local/lib/python3.7/site-packages/airflow/example_dags/example_xcom.py took 0.171 seconds
[2022-11-29T06:32:17.097+0000] {processor.py:154} INFO - Started process (PID=138) to work on /home/airflow/.local/lib/python3.7/site-packages/airflow/example_dags/example_xcom.py
[2022-11-29T06:32:17.109+0000] {processor.py:756} INFO - Processing file /home/airflow/.local/lib/python3.7/site-packages/airflow/example_dags/example_xcom.py for tasks to queue
[2022-11-29T06:32:17.111+0000] {logging_mixin.py:137} INFO - [2022-11-29T06:32:17.111+0000] {dagbag.py:537} INFO - Filling up the DagBag from /home/airflow/.local/lib/python3.7/site-packages/airflow/example_dags/example_xcom.py
[2022-11-29T06:32:17.156+0000] {processor.py:766} INFO - DAG(s) dict_keys(['example_xcom']) retrieved from /home/airflow/.local/lib/python3.7/site-packages/airflow/example_dags/example_xcom.py
[2022-11-29T06:32:17.233+0000] {logging_mixin.py:137} INFO - [2022-11-29T06:32:17.233+0000] {dag.py:2585} INFO - Sync 1 DAGs
[2022-11-29T06:32:17.279+0000] {logging_mixin.py:137} INFO - [2022-11-29T06:32:17.279+0000] {dag.py:3340} INFO - Setting next_dagrun for example_xcom to 2021-01-01T00:00:00+00:00, run_after=2021-01-01T00:00:00+00:00
[2022-11-29T06:32:17.314+0000] {processor.py:176} INFO - Processing /home/airflow/.local/lib/python3.7/site-packages/airflow/example_dags/example_xcom.py took 0.223 seconds
[2022-11-29T06:32:47.425+0000] {processor.py:154} INFO - Started process (PID=193) to work on /home/airflow/.local/lib/python3.7/site-packages/airflow/example_dags/example_xcom.py
[2022-11-29T06:32:47.427+0000] {processor.py:756} INFO - Processing file /home/airflow/.local/lib/python3.7/site-packages/airflow/example_dags/example_xcom.py for tasks to queue
[2022-11-29T06:32:47.428+0000] {logging_mixin.py:137} INFO - [2022-11-29T06:32:47.428+0000] {dagbag.py:537} INFO - Filling up the DagBag from /home/airflow/.local/lib/python3.7/site-packages/airflow/example_dags/example_xcom.py
[2022-11-29T06:32:47.455+0000] {processor.py:766} INFO - DAG(s) dict_keys(['example_xcom']) retrieved from /home/airflow/.local/lib/python3.7/site-packages/airflow/example_dags/example_xcom.py
[2022-11-29T06:32:47.503+0000] {logging_mixin.py:137} INFO - [2022-11-29T06:32:47.503+0000] {dag.py:2585} INFO - Sync 1 DAGs
[2022-11-29T06:32:47.534+0000] {logging_mixin.py:137} INFO - [2022-11-29T06:32:47.534+0000] {dag.py:3340} INFO - Setting next_dagrun for example_xcom to 2021-01-01T00:00:00+00:00, run_after=2021-01-01T00:00:00+00:00
[2022-11-29T06:32:47.557+0000] {processor.py:176} INFO - Processing /home/airflow/.local/lib/python3.7/site-packages/airflow/example_dags/example_xcom.py took 0.137 seconds
[2022-11-29T06:33:17.941+0000] {processor.py:154} INFO - Started process (PID=256) to work on /home/airflow/.local/lib/python3.7/site-packages/airflow/example_dags/example_xcom.py
[2022-11-29T06:33:17.943+0000] {processor.py:756} INFO - Processing file /home/airflow/.local/lib/python3.7/site-packages/airflow/example_dags/example_xcom.py for tasks to queue
[2022-11-29T06:33:17.944+0000] {logging_mixin.py:137} INFO - [2022-11-29T06:33:17.944+0000] {dagbag.py:537} INFO - Filling up the DagBag from /home/airflow/.local/lib/python3.7/site-packages/airflow/example_dags/example_xcom.py
[2022-11-29T06:33:17.978+0000] {processor.py:766} INFO - DAG(s) dict_keys(['example_xcom']) retrieved from /home/airflow/.local/lib/python3.7/site-packages/airflow/example_dags/example_xcom.py
[2022-11-29T06:33:18.038+0000] {logging_mixin.py:137} INFO - [2022-11-29T06:33:18.037+0000] {dag.py:2585} INFO - Sync 1 DAGs
[2022-11-29T06:33:18.074+0000] {logging_mixin.py:137} INFO - [2022-11-29T06:33:18.074+0000] {dag.py:3340} INFO - Setting next_dagrun for example_xcom to 2021-01-01T00:00:00+00:00, run_after=2021-01-01T00:00:00+00:00
[2022-11-29T06:33:18.103+0000] {processor.py:176} INFO - Processing /home/airflow/.local/lib/python3.7/site-packages/airflow/example_dags/example_xcom.py took 0.166 seconds
[2022-11-29T06:52:59.620+0000] {processor.py:154} INFO - Started process (PID=77) to work on /home/airflow/.local/lib/python3.7/site-packages/airflow/example_dags/example_xcom.py
[2022-11-29T06:52:59.622+0000] {processor.py:756} INFO - Processing file /home/airflow/.local/lib/python3.7/site-packages/airflow/example_dags/example_xcom.py for tasks to queue
[2022-11-29T06:52:59.624+0000] {logging_mixin.py:137} INFO - [2022-11-29T06:52:59.624+0000] {dagbag.py:537} INFO - Filling up the DagBag from /home/airflow/.local/lib/python3.7/site-packages/airflow/example_dags/example_xcom.py
[2022-11-29T06:52:59.661+0000] {processor.py:766} INFO - DAG(s) dict_keys(['example_xcom']) retrieved from /home/airflow/.local/lib/python3.7/site-packages/airflow/example_dags/example_xcom.py
[2022-11-29T06:52:59.728+0000] {logging_mixin.py:137} INFO - [2022-11-29T06:52:59.728+0000] {dag.py:2585} INFO - Sync 1 DAGs
[2022-11-29T06:52:59.764+0000] {logging_mixin.py:137} INFO - [2022-11-29T06:52:59.764+0000] {dag.py:3340} INFO - Setting next_dagrun for example_xcom to 2021-01-01T00:00:00+00:00, run_after=2021-01-01T00:00:00+00:00
[2022-11-29T06:52:59.799+0000] {processor.py:176} INFO - Processing /home/airflow/.local/lib/python3.7/site-packages/airflow/example_dags/example_xcom.py took 0.184 seconds
[2022-11-29T06:53:30.755+0000] {processor.py:154} INFO - Started process (PID=142) to work on /home/airflow/.local/lib/python3.7/site-packages/airflow/example_dags/example_xcom.py
[2022-11-29T06:53:30.757+0000] {processor.py:756} INFO - Processing file /home/airflow/.local/lib/python3.7/site-packages/airflow/example_dags/example_xcom.py for tasks to queue
[2022-11-29T06:53:30.759+0000] {logging_mixin.py:137} INFO - [2022-11-29T06:53:30.759+0000] {dagbag.py:537} INFO - Filling up the DagBag from /home/airflow/.local/lib/python3.7/site-packages/airflow/example_dags/example_xcom.py
[2022-11-29T06:53:30.799+0000] {processor.py:766} INFO - DAG(s) dict_keys(['example_xcom']) retrieved from /home/airflow/.local/lib/python3.7/site-packages/airflow/example_dags/example_xcom.py
[2022-11-29T06:53:30.870+0000] {logging_mixin.py:137} INFO - [2022-11-29T06:53:30.870+0000] {dag.py:2585} INFO - Sync 1 DAGs
[2022-11-29T06:53:30.919+0000] {logging_mixin.py:137} INFO - [2022-11-29T06:53:30.919+0000] {dag.py:3340} INFO - Setting next_dagrun for example_xcom to 2021-01-01T00:00:00+00:00, run_after=2021-01-01T00:00:00+00:00
[2022-11-29T06:53:30.946+0000] {processor.py:176} INFO - Processing /home/airflow/.local/lib/python3.7/site-packages/airflow/example_dags/example_xcom.py took 0.197 seconds
[2022-11-29T06:54:01.558+0000] {processor.py:154} INFO - Started process (PID=197) to work on /home/airflow/.local/lib/python3.7/site-packages/airflow/example_dags/example_xcom.py
[2022-11-29T06:54:01.560+0000] {processor.py:756} INFO - Processing file /home/airflow/.local/lib/python3.7/site-packages/airflow/example_dags/example_xcom.py for tasks to queue
[2022-11-29T06:54:01.563+0000] {logging_mixin.py:137} INFO - [2022-11-29T06:54:01.563+0000] {dagbag.py:537} INFO - Filling up the DagBag from /home/airflow/.local/lib/python3.7/site-packages/airflow/example_dags/example_xcom.py
[2022-11-29T06:54:01.608+0000] {processor.py:766} INFO - DAG(s) dict_keys(['example_xcom']) retrieved from /home/airflow/.local/lib/python3.7/site-packages/airflow/example_dags/example_xcom.py
[2022-11-29T06:54:01.684+0000] {logging_mixin.py:137} INFO - [2022-11-29T06:54:01.683+0000] {dag.py:2585} INFO - Sync 1 DAGs
[2022-11-29T06:54:01.732+0000] {logging_mixin.py:137} INFO - [2022-11-29T06:54:01.731+0000] {dag.py:3340} INFO - Setting next_dagrun for example_xcom to 2021-01-01T00:00:00+00:00, run_after=2021-01-01T00:00:00+00:00
[2022-11-29T06:54:01.763+0000] {processor.py:176} INFO - Processing /home/airflow/.local/lib/python3.7/site-packages/airflow/example_dags/example_xcom.py took 0.212 seconds
[2022-11-29T06:54:32.414+0000] {processor.py:154} INFO - Started process (PID=260) to work on /home/airflow/.local/lib/python3.7/site-packages/airflow/example_dags/example_xcom.py
[2022-11-29T06:54:32.417+0000] {processor.py:756} INFO - Processing file /home/airflow/.local/lib/python3.7/site-packages/airflow/example_dags/example_xcom.py for tasks to queue
[2022-11-29T06:54:32.418+0000] {logging_mixin.py:137} INFO - [2022-11-29T06:54:32.418+0000] {dagbag.py:537} INFO - Filling up the DagBag from /home/airflow/.local/lib/python3.7/site-packages/airflow/example_dags/example_xcom.py
[2022-11-29T06:54:32.458+0000] {processor.py:766} INFO - DAG(s) dict_keys(['example_xcom']) retrieved from /home/airflow/.local/lib/python3.7/site-packages/airflow/example_dags/example_xcom.py
[2022-11-29T06:54:32.526+0000] {logging_mixin.py:137} INFO - [2022-11-29T06:54:32.526+0000] {dag.py:2585} INFO - Sync 1 DAGs
[2022-11-29T06:54:32.568+0000] {logging_mixin.py:137} INFO - [2022-11-29T06:54:32.568+0000] {dag.py:3340} INFO - Setting next_dagrun for example_xcom to 2021-01-01T00:00:00+00:00, run_after=2021-01-01T00:00:00+00:00
[2022-11-29T06:54:32.599+0000] {processor.py:176} INFO - Processing /home/airflow/.local/lib/python3.7/site-packages/airflow/example_dags/example_xcom.py took 0.197 seconds
[2022-11-29T06:55:02.990+0000] {processor.py:154} INFO - Started process (PID=320) to work on /home/airflow/.local/lib/python3.7/site-packages/airflow/example_dags/example_xcom.py
[2022-11-29T06:55:02.993+0000] {processor.py:756} INFO - Processing file /home/airflow/.local/lib/python3.7/site-packages/airflow/example_dags/example_xcom.py for tasks to queue
[2022-11-29T06:55:02.996+0000] {logging_mixin.py:137} INFO - [2022-11-29T06:55:02.996+0000] {dagbag.py:537} INFO - Filling up the DagBag from /home/airflow/.local/lib/python3.7/site-packages/airflow/example_dags/example_xcom.py
[2022-11-29T06:55:03.038+0000] {processor.py:766} INFO - DAG(s) dict_keys(['example_xcom']) retrieved from /home/airflow/.local/lib/python3.7/site-packages/airflow/example_dags/example_xcom.py
[2022-11-29T06:55:03.135+0000] {logging_mixin.py:137} INFO - [2022-11-29T06:55:03.135+0000] {dag.py:2585} INFO - Sync 1 DAGs
[2022-11-29T06:55:03.214+0000] {logging_mixin.py:137} INFO - [2022-11-29T06:55:03.213+0000] {dag.py:3340} INFO - Setting next_dagrun for example_xcom to 2021-01-01T00:00:00+00:00, run_after=2021-01-01T00:00:00+00:00
[2022-11-29T06:55:03.252+0000] {processor.py:176} INFO - Processing /home/airflow/.local/lib/python3.7/site-packages/airflow/example_dags/example_xcom.py took 0.269 seconds
[2022-11-29T06:55:33.717+0000] {processor.py:154} INFO - Started process (PID=376) to work on /home/airflow/.local/lib/python3.7/site-packages/airflow/example_dags/example_xcom.py
[2022-11-29T06:55:33.719+0000] {processor.py:756} INFO - Processing file /home/airflow/.local/lib/python3.7/site-packages/airflow/example_dags/example_xcom.py for tasks to queue
[2022-11-29T06:55:33.720+0000] {logging_mixin.py:137} INFO - [2022-11-29T06:55:33.720+0000] {dagbag.py:537} INFO - Filling up the DagBag from /home/airflow/.local/lib/python3.7/site-packages/airflow/example_dags/example_xcom.py
[2022-11-29T06:55:33.756+0000] {processor.py:766} INFO - DAG(s) dict_keys(['example_xcom']) retrieved from /home/airflow/.local/lib/python3.7/site-packages/airflow/example_dags/example_xcom.py
[2022-11-29T06:55:33.831+0000] {logging_mixin.py:137} INFO - [2022-11-29T06:55:33.831+0000] {dag.py:2585} INFO - Sync 1 DAGs
[2022-11-29T06:55:33.881+0000] {logging_mixin.py:137} INFO - [2022-11-29T06:55:33.881+0000] {dag.py:3340} INFO - Setting next_dagrun for example_xcom to 2021-01-01T00:00:00+00:00, run_after=2021-01-01T00:00:00+00:00
[2022-11-29T06:55:33.912+0000] {processor.py:176} INFO - Processing /home/airflow/.local/lib/python3.7/site-packages/airflow/example_dags/example_xcom.py took 0.201 seconds
[2022-11-29T07:01:53.223+0000] {processor.py:154} INFO - Started process (PID=75) to work on /home/airflow/.local/lib/python3.7/site-packages/airflow/example_dags/example_xcom.py
[2022-11-29T07:01:53.225+0000] {processor.py:756} INFO - Processing file /home/airflow/.local/lib/python3.7/site-packages/airflow/example_dags/example_xcom.py for tasks to queue
[2022-11-29T07:01:53.226+0000] {logging_mixin.py:137} INFO - [2022-11-29T07:01:53.226+0000] {dagbag.py:537} INFO - Filling up the DagBag from /home/airflow/.local/lib/python3.7/site-packages/airflow/example_dags/example_xcom.py
[2022-11-29T07:01:53.263+0000] {processor.py:766} INFO - DAG(s) dict_keys(['example_xcom']) retrieved from /home/airflow/.local/lib/python3.7/site-packages/airflow/example_dags/example_xcom.py
[2022-11-29T07:01:53.302+0000] {logging_mixin.py:137} INFO - [2022-11-29T07:01:53.302+0000] {dag.py:2585} INFO - Sync 1 DAGs
[2022-11-29T07:01:53.343+0000] {logging_mixin.py:137} INFO - [2022-11-29T07:01:53.343+0000] {dag.py:3340} INFO - Setting next_dagrun for example_xcom to 2021-01-01T00:00:00+00:00, run_after=2021-01-01T00:00:00+00:00
[2022-11-29T07:01:53.372+0000] {processor.py:176} INFO - Processing /home/airflow/.local/lib/python3.7/site-packages/airflow/example_dags/example_xcom.py took 0.154 seconds
[2022-11-29T07:02:24.711+0000] {processor.py:154} INFO - Started process (PID=138) to work on /home/airflow/.local/lib/python3.7/site-packages/airflow/example_dags/example_xcom.py
[2022-11-29T07:02:24.712+0000] {processor.py:756} INFO - Processing file /home/airflow/.local/lib/python3.7/site-packages/airflow/example_dags/example_xcom.py for tasks to queue
[2022-11-29T07:02:24.714+0000] {logging_mixin.py:137} INFO - [2022-11-29T07:02:24.714+0000] {dagbag.py:537} INFO - Filling up the DagBag from /home/airflow/.local/lib/python3.7/site-packages/airflow/example_dags/example_xcom.py
[2022-11-29T07:02:24.761+0000] {processor.py:766} INFO - DAG(s) dict_keys(['example_xcom']) retrieved from /home/airflow/.local/lib/python3.7/site-packages/airflow/example_dags/example_xcom.py
[2022-11-29T07:02:24.842+0000] {logging_mixin.py:137} INFO - [2022-11-29T07:02:24.842+0000] {dag.py:2585} INFO - Sync 1 DAGs
[2022-11-29T07:02:24.886+0000] {logging_mixin.py:137} INFO - [2022-11-29T07:02:24.886+0000] {dag.py:3340} INFO - Setting next_dagrun for example_xcom to 2021-01-01T00:00:00+00:00, run_after=2021-01-01T00:00:00+00:00
[2022-11-29T07:02:24.926+0000] {processor.py:176} INFO - Processing /home/airflow/.local/lib/python3.7/site-packages/airflow/example_dags/example_xcom.py took 0.220 seconds
[2022-11-29T07:02:55.579+0000] {processor.py:154} INFO - Started process (PID=193) to work on /home/airflow/.local/lib/python3.7/site-packages/airflow/example_dags/example_xcom.py
[2022-11-29T07:02:55.581+0000] {processor.py:756} INFO - Processing file /home/airflow/.local/lib/python3.7/site-packages/airflow/example_dags/example_xcom.py for tasks to queue
[2022-11-29T07:02:55.583+0000] {logging_mixin.py:137} INFO - [2022-11-29T07:02:55.583+0000] {dagbag.py:537} INFO - Filling up the DagBag from /home/airflow/.local/lib/python3.7/site-packages/airflow/example_dags/example_xcom.py
[2022-11-29T07:02:55.628+0000] {processor.py:766} INFO - DAG(s) dict_keys(['example_xcom']) retrieved from /home/airflow/.local/lib/python3.7/site-packages/airflow/example_dags/example_xcom.py
[2022-11-29T07:02:55.695+0000] {logging_mixin.py:137} INFO - [2022-11-29T07:02:55.695+0000] {dag.py:2585} INFO - Sync 1 DAGs
[2022-11-29T07:02:55.741+0000] {logging_mixin.py:137} INFO - [2022-11-29T07:02:55.741+0000] {dag.py:3340} INFO - Setting next_dagrun for example_xcom to 2021-01-01T00:00:00+00:00, run_after=2021-01-01T00:00:00+00:00
[2022-11-29T07:02:55.789+0000] {processor.py:176} INFO - Processing /home/airflow/.local/lib/python3.7/site-packages/airflow/example_dags/example_xcom.py took 0.214 seconds
[2022-11-29T07:03:26.300+0000] {processor.py:154} INFO - Started process (PID=256) to work on /home/airflow/.local/lib/python3.7/site-packages/airflow/example_dags/example_xcom.py
[2022-11-29T07:03:26.302+0000] {processor.py:756} INFO - Processing file /home/airflow/.local/lib/python3.7/site-packages/airflow/example_dags/example_xcom.py for tasks to queue
[2022-11-29T07:03:26.304+0000] {logging_mixin.py:137} INFO - [2022-11-29T07:03:26.303+0000] {dagbag.py:537} INFO - Filling up the DagBag from /home/airflow/.local/lib/python3.7/site-packages/airflow/example_dags/example_xcom.py
[2022-11-29T07:03:26.344+0000] {processor.py:766} INFO - DAG(s) dict_keys(['example_xcom']) retrieved from /home/airflow/.local/lib/python3.7/site-packages/airflow/example_dags/example_xcom.py
[2022-11-29T07:03:26.416+0000] {logging_mixin.py:137} INFO - [2022-11-29T07:03:26.416+0000] {dag.py:2585} INFO - Sync 1 DAGs
[2022-11-29T07:03:26.462+0000] {logging_mixin.py:137} INFO - [2022-11-29T07:03:26.462+0000] {dag.py:3340} INFO - Setting next_dagrun for example_xcom to 2021-01-01T00:00:00+00:00, run_after=2021-01-01T00:00:00+00:00
[2022-11-29T07:03:26.491+0000] {processor.py:176} INFO - Processing /home/airflow/.local/lib/python3.7/site-packages/airflow/example_dags/example_xcom.py took 0.196 seconds
[2022-11-29T07:04:52.560+0000] {processor.py:154} INFO - Started process (PID=75) to work on /home/airflow/.local/lib/python3.7/site-packages/airflow/example_dags/example_xcom.py
[2022-11-29T07:04:52.563+0000] {processor.py:756} INFO - Processing file /home/airflow/.local/lib/python3.7/site-packages/airflow/example_dags/example_xcom.py for tasks to queue
[2022-11-29T07:04:52.564+0000] {logging_mixin.py:137} INFO - [2022-11-29T07:04:52.564+0000] {dagbag.py:537} INFO - Filling up the DagBag from /home/airflow/.local/lib/python3.7/site-packages/airflow/example_dags/example_xcom.py
[2022-11-29T07:04:52.601+0000] {processor.py:766} INFO - DAG(s) dict_keys(['example_xcom']) retrieved from /home/airflow/.local/lib/python3.7/site-packages/airflow/example_dags/example_xcom.py
[2022-11-29T07:04:52.666+0000] {logging_mixin.py:137} INFO - [2022-11-29T07:04:52.666+0000] {dag.py:2585} INFO - Sync 1 DAGs
[2022-11-29T07:04:52.709+0000] {logging_mixin.py:137} INFO - [2022-11-29T07:04:52.708+0000] {dag.py:3340} INFO - Setting next_dagrun for example_xcom to 2021-01-01T00:00:00+00:00, run_after=2021-01-01T00:00:00+00:00
[2022-11-29T07:04:52.742+0000] {processor.py:176} INFO - Processing /home/airflow/.local/lib/python3.7/site-packages/airflow/example_dags/example_xcom.py took 0.187 seconds
[2022-11-29T07:06:02.892+0000] {processor.py:154} INFO - Started process (PID=75) to work on /home/airflow/.local/lib/python3.7/site-packages/airflow/example_dags/example_xcom.py
[2022-11-29T07:06:02.898+0000] {processor.py:756} INFO - Processing file /home/airflow/.local/lib/python3.7/site-packages/airflow/example_dags/example_xcom.py for tasks to queue
[2022-11-29T07:06:02.903+0000] {logging_mixin.py:137} INFO - [2022-11-29T07:06:02.902+0000] {dagbag.py:537} INFO - Filling up the DagBag from /home/airflow/.local/lib/python3.7/site-packages/airflow/example_dags/example_xcom.py
[2022-11-29T07:06:02.952+0000] {processor.py:766} INFO - DAG(s) dict_keys(['example_xcom']) retrieved from /home/airflow/.local/lib/python3.7/site-packages/airflow/example_dags/example_xcom.py
[2022-11-29T07:06:03.058+0000] {logging_mixin.py:137} INFO - [2022-11-29T07:06:03.058+0000] {dag.py:2585} INFO - Sync 1 DAGs
[2022-11-29T07:06:03.105+0000] {logging_mixin.py:137} INFO - [2022-11-29T07:06:03.105+0000] {dag.py:3340} INFO - Setting next_dagrun for example_xcom to 2021-01-01T00:00:00+00:00, run_after=2021-01-01T00:00:00+00:00
[2022-11-29T07:06:03.138+0000] {processor.py:176} INFO - Processing /home/airflow/.local/lib/python3.7/site-packages/airflow/example_dags/example_xcom.py took 0.253 seconds
[2022-11-29T07:06:33.341+0000] {processor.py:154} INFO - Started process (PID=138) to work on /home/airflow/.local/lib/python3.7/site-packages/airflow/example_dags/example_xcom.py
[2022-11-29T07:06:33.343+0000] {processor.py:756} INFO - Processing file /home/airflow/.local/lib/python3.7/site-packages/airflow/example_dags/example_xcom.py for tasks to queue
[2022-11-29T07:06:33.344+0000] {logging_mixin.py:137} INFO - [2022-11-29T07:06:33.344+0000] {dagbag.py:537} INFO - Filling up the DagBag from /home/airflow/.local/lib/python3.7/site-packages/airflow/example_dags/example_xcom.py
[2022-11-29T07:06:33.383+0000] {processor.py:766} INFO - DAG(s) dict_keys(['example_xcom']) retrieved from /home/airflow/.local/lib/python3.7/site-packages/airflow/example_dags/example_xcom.py
[2022-11-29T07:06:33.450+0000] {logging_mixin.py:137} INFO - [2022-11-29T07:06:33.449+0000] {dag.py:2585} INFO - Sync 1 DAGs
[2022-11-29T07:06:33.502+0000] {logging_mixin.py:137} INFO - [2022-11-29T07:06:33.501+0000] {dag.py:3340} INFO - Setting next_dagrun for example_xcom to 2021-01-01T00:00:00+00:00, run_after=2021-01-01T00:00:00+00:00
[2022-11-29T07:06:33.539+0000] {processor.py:176} INFO - Processing /home/airflow/.local/lib/python3.7/site-packages/airflow/example_dags/example_xcom.py took 0.204 seconds
[2022-11-29T07:07:04.161+0000] {processor.py:154} INFO - Started process (PID=193) to work on /home/airflow/.local/lib/python3.7/site-packages/airflow/example_dags/example_xcom.py
[2022-11-29T07:07:04.163+0000] {processor.py:756} INFO - Processing file /home/airflow/.local/lib/python3.7/site-packages/airflow/example_dags/example_xcom.py for tasks to queue
[2022-11-29T07:07:04.164+0000] {logging_mixin.py:137} INFO - [2022-11-29T07:07:04.164+0000] {dagbag.py:537} INFO - Filling up the DagBag from /home/airflow/.local/lib/python3.7/site-packages/airflow/example_dags/example_xcom.py
[2022-11-29T07:07:04.219+0000] {processor.py:766} INFO - DAG(s) dict_keys(['example_xcom']) retrieved from /home/airflow/.local/lib/python3.7/site-packages/airflow/example_dags/example_xcom.py
[2022-11-29T07:07:04.330+0000] {logging_mixin.py:137} INFO - [2022-11-29T07:07:04.330+0000] {dag.py:2585} INFO - Sync 1 DAGs
[2022-11-29T07:07:04.379+0000] {logging_mixin.py:137} INFO - [2022-11-29T07:07:04.379+0000] {dag.py:3340} INFO - Setting next_dagrun for example_xcom to 2021-01-01T00:00:00+00:00, run_after=2021-01-01T00:00:00+00:00
[2022-11-29T07:07:04.419+0000] {processor.py:176} INFO - Processing /home/airflow/.local/lib/python3.7/site-packages/airflow/example_dags/example_xcom.py took 0.262 seconds
[2022-11-29T07:07:34.932+0000] {processor.py:154} INFO - Started process (PID=256) to work on /home/airflow/.local/lib/python3.7/site-packages/airflow/example_dags/example_xcom.py
[2022-11-29T07:07:34.933+0000] {processor.py:756} INFO - Processing file /home/airflow/.local/lib/python3.7/site-packages/airflow/example_dags/example_xcom.py for tasks to queue
[2022-11-29T07:07:34.935+0000] {logging_mixin.py:137} INFO - [2022-11-29T07:07:34.935+0000] {dagbag.py:537} INFO - Filling up the DagBag from /home/airflow/.local/lib/python3.7/site-packages/airflow/example_dags/example_xcom.py
[2022-11-29T07:07:34.982+0000] {processor.py:766} INFO - DAG(s) dict_keys(['example_xcom']) retrieved from /home/airflow/.local/lib/python3.7/site-packages/airflow/example_dags/example_xcom.py
[2022-11-29T07:07:35.049+0000] {logging_mixin.py:137} INFO - [2022-11-29T07:07:35.049+0000] {dag.py:2585} INFO - Sync 1 DAGs
[2022-11-29T07:07:35.096+0000] {logging_mixin.py:137} INFO - [2022-11-29T07:07:35.096+0000] {dag.py:3340} INFO - Setting next_dagrun for example_xcom to 2021-01-01T00:00:00+00:00, run_after=2021-01-01T00:00:00+00:00
[2022-11-29T07:07:35.129+0000] {processor.py:176} INFO - Processing /home/airflow/.local/lib/python3.7/site-packages/airflow/example_dags/example_xcom.py took 0.203 seconds
[2022-11-29T07:08:06.083+0000] {processor.py:154} INFO - Started process (PID=321) to work on /home/airflow/.local/lib/python3.7/site-packages/airflow/example_dags/example_xcom.py
[2022-11-29T07:08:06.085+0000] {processor.py:756} INFO - Processing file /home/airflow/.local/lib/python3.7/site-packages/airflow/example_dags/example_xcom.py for tasks to queue
[2022-11-29T07:08:06.087+0000] {logging_mixin.py:137} INFO - [2022-11-29T07:08:06.086+0000] {dagbag.py:537} INFO - Filling up the DagBag from /home/airflow/.local/lib/python3.7/site-packages/airflow/example_dags/example_xcom.py
[2022-11-29T07:08:06.128+0000] {processor.py:766} INFO - DAG(s) dict_keys(['example_xcom']) retrieved from /home/airflow/.local/lib/python3.7/site-packages/airflow/example_dags/example_xcom.py
[2022-11-29T07:08:06.207+0000] {logging_mixin.py:137} INFO - [2022-11-29T07:08:06.207+0000] {dag.py:2585} INFO - Sync 1 DAGs
[2022-11-29T07:08:06.249+0000] {logging_mixin.py:137} INFO - [2022-11-29T07:08:06.248+0000] {dag.py:3340} INFO - Setting next_dagrun for example_xcom to 2021-01-01T00:00:00+00:00, run_after=2021-01-01T00:00:00+00:00
[2022-11-29T07:08:06.282+0000] {processor.py:176} INFO - Processing /home/airflow/.local/lib/python3.7/site-packages/airflow/example_dags/example_xcom.py took 0.206 seconds
[2022-11-29T07:08:37.146+0000] {processor.py:154} INFO - Started process (PID=375) to work on /home/airflow/.local/lib/python3.7/site-packages/airflow/example_dags/example_xcom.py
[2022-11-29T07:08:37.148+0000] {processor.py:756} INFO - Processing file /home/airflow/.local/lib/python3.7/site-packages/airflow/example_dags/example_xcom.py for tasks to queue
[2022-11-29T07:08:37.150+0000] {logging_mixin.py:137} INFO - [2022-11-29T07:08:37.150+0000] {dagbag.py:537} INFO - Filling up the DagBag from /home/airflow/.local/lib/python3.7/site-packages/airflow/example_dags/example_xcom.py
[2022-11-29T07:08:37.203+0000] {processor.py:766} INFO - DAG(s) dict_keys(['example_xcom']) retrieved from /home/airflow/.local/lib/python3.7/site-packages/airflow/example_dags/example_xcom.py
[2022-11-29T07:08:37.280+0000] {logging_mixin.py:137} INFO - [2022-11-29T07:08:37.280+0000] {dag.py:2585} INFO - Sync 1 DAGs
[2022-11-29T07:08:37.316+0000] {logging_mixin.py:137} INFO - [2022-11-29T07:08:37.316+0000] {dag.py:3340} INFO - Setting next_dagrun for example_xcom to 2021-01-01T00:00:00+00:00, run_after=2021-01-01T00:00:00+00:00
[2022-11-29T07:08:37.344+0000] {processor.py:176} INFO - Processing /home/airflow/.local/lib/python3.7/site-packages/airflow/example_dags/example_xcom.py took 0.203 seconds
[2022-11-29T07:09:07.480+0000] {processor.py:154} INFO - Started process (PID=438) to work on /home/airflow/.local/lib/python3.7/site-packages/airflow/example_dags/example_xcom.py
[2022-11-29T07:09:07.482+0000] {processor.py:756} INFO - Processing file /home/airflow/.local/lib/python3.7/site-packages/airflow/example_dags/example_xcom.py for tasks to queue
[2022-11-29T07:09:07.484+0000] {logging_mixin.py:137} INFO - [2022-11-29T07:09:07.484+0000] {dagbag.py:537} INFO - Filling up the DagBag from /home/airflow/.local/lib/python3.7/site-packages/airflow/example_dags/example_xcom.py
[2022-11-29T07:09:07.520+0000] {processor.py:766} INFO - DAG(s) dict_keys(['example_xcom']) retrieved from /home/airflow/.local/lib/python3.7/site-packages/airflow/example_dags/example_xcom.py
[2022-11-29T07:09:07.585+0000] {logging_mixin.py:137} INFO - [2022-11-29T07:09:07.585+0000] {dag.py:2585} INFO - Sync 1 DAGs
[2022-11-29T07:09:07.630+0000] {logging_mixin.py:137} INFO - [2022-11-29T07:09:07.630+0000] {dag.py:3340} INFO - Setting next_dagrun for example_xcom to 2021-01-01T00:00:00+00:00, run_after=2021-01-01T00:00:00+00:00
[2022-11-29T07:09:07.664+0000] {processor.py:176} INFO - Processing /home/airflow/.local/lib/python3.7/site-packages/airflow/example_dags/example_xcom.py took 0.189 seconds
[2022-11-29T07:09:38.388+0000] {processor.py:154} INFO - Started process (PID=501) to work on /home/airflow/.local/lib/python3.7/site-packages/airflow/example_dags/example_xcom.py
[2022-11-29T07:09:38.397+0000] {processor.py:756} INFO - Processing file /home/airflow/.local/lib/python3.7/site-packages/airflow/example_dags/example_xcom.py for tasks to queue
[2022-11-29T07:09:38.399+0000] {logging_mixin.py:137} INFO - [2022-11-29T07:09:38.399+0000] {dagbag.py:537} INFO - Filling up the DagBag from /home/airflow/.local/lib/python3.7/site-packages/airflow/example_dags/example_xcom.py
[2022-11-29T07:09:38.437+0000] {processor.py:766} INFO - DAG(s) dict_keys(['example_xcom']) retrieved from /home/airflow/.local/lib/python3.7/site-packages/airflow/example_dags/example_xcom.py
[2022-11-29T07:09:38.513+0000] {logging_mixin.py:137} INFO - [2022-11-29T07:09:38.513+0000] {dag.py:2585} INFO - Sync 1 DAGs
[2022-11-29T07:09:38.563+0000] {logging_mixin.py:137} INFO - [2022-11-29T07:09:38.562+0000] {dag.py:3340} INFO - Setting next_dagrun for example_xcom to 2021-01-01T00:00:00+00:00, run_after=2021-01-01T00:00:00+00:00
[2022-11-29T07:09:38.593+0000] {processor.py:176} INFO - Processing /home/airflow/.local/lib/python3.7/site-packages/airflow/example_dags/example_xcom.py took 0.211 seconds
[2022-11-29T07:10:08.910+0000] {processor.py:154} INFO - Started process (PID=556) to work on /home/airflow/.local/lib/python3.7/site-packages/airflow/example_dags/example_xcom.py
[2022-11-29T07:10:08.912+0000] {processor.py:756} INFO - Processing file /home/airflow/.local/lib/python3.7/site-packages/airflow/example_dags/example_xcom.py for tasks to queue
[2022-11-29T07:10:08.914+0000] {logging_mixin.py:137} INFO - [2022-11-29T07:10:08.914+0000] {dagbag.py:537} INFO - Filling up the DagBag from /home/airflow/.local/lib/python3.7/site-packages/airflow/example_dags/example_xcom.py
[2022-11-29T07:10:08.952+0000] {processor.py:766} INFO - DAG(s) dict_keys(['example_xcom']) retrieved from /home/airflow/.local/lib/python3.7/site-packages/airflow/example_dags/example_xcom.py
[2022-11-29T07:10:09.021+0000] {logging_mixin.py:137} INFO - [2022-11-29T07:10:09.021+0000] {dag.py:2585} INFO - Sync 1 DAGs
[2022-11-29T07:10:09.062+0000] {logging_mixin.py:137} INFO - [2022-11-29T07:10:09.062+0000] {dag.py:3340} INFO - Setting next_dagrun for example_xcom to 2021-01-01T00:00:00+00:00, run_after=2021-01-01T00:00:00+00:00
[2022-11-29T07:10:09.091+0000] {processor.py:176} INFO - Processing /home/airflow/.local/lib/python3.7/site-packages/airflow/example_dags/example_xcom.py took 0.186 seconds
[2022-11-29T07:10:39.318+0000] {processor.py:154} INFO - Started process (PID=619) to work on /home/airflow/.local/lib/python3.7/site-packages/airflow/example_dags/example_xcom.py
[2022-11-29T07:10:39.321+0000] {processor.py:756} INFO - Processing file /home/airflow/.local/lib/python3.7/site-packages/airflow/example_dags/example_xcom.py for tasks to queue
[2022-11-29T07:10:39.323+0000] {logging_mixin.py:137} INFO - [2022-11-29T07:10:39.322+0000] {dagbag.py:537} INFO - Filling up the DagBag from /home/airflow/.local/lib/python3.7/site-packages/airflow/example_dags/example_xcom.py
[2022-11-29T07:10:39.360+0000] {processor.py:766} INFO - DAG(s) dict_keys(['example_xcom']) retrieved from /home/airflow/.local/lib/python3.7/site-packages/airflow/example_dags/example_xcom.py
[2022-11-29T07:10:39.433+0000] {logging_mixin.py:137} INFO - [2022-11-29T07:10:39.432+0000] {dag.py:2585} INFO - Sync 1 DAGs
[2022-11-29T07:10:39.481+0000] {logging_mixin.py:137} INFO - [2022-11-29T07:10:39.480+0000] {dag.py:3340} INFO - Setting next_dagrun for example_xcom to 2021-01-01T00:00:00+00:00, run_after=2021-01-01T00:00:00+00:00
[2022-11-29T07:10:39.529+0000] {processor.py:176} INFO - Processing /home/airflow/.local/lib/python3.7/site-packages/airflow/example_dags/example_xcom.py took 0.228 seconds
[2022-11-29T07:11:10.888+0000] {processor.py:154} INFO - Started process (PID=681) to work on /home/airflow/.local/lib/python3.7/site-packages/airflow/example_dags/example_xcom.py
[2022-11-29T07:11:10.891+0000] {processor.py:756} INFO - Processing file /home/airflow/.local/lib/python3.7/site-packages/airflow/example_dags/example_xcom.py for tasks to queue
[2022-11-29T07:11:10.894+0000] {logging_mixin.py:137} INFO - [2022-11-29T07:11:10.894+0000] {dagbag.py:537} INFO - Filling up the DagBag from /home/airflow/.local/lib/python3.7/site-packages/airflow/example_dags/example_xcom.py
[2022-11-29T07:11:10.936+0000] {processor.py:766} INFO - DAG(s) dict_keys(['example_xcom']) retrieved from /home/airflow/.local/lib/python3.7/site-packages/airflow/example_dags/example_xcom.py
[2022-11-29T07:11:11.004+0000] {logging_mixin.py:137} INFO - [2022-11-29T07:11:11.004+0000] {dag.py:2585} INFO - Sync 1 DAGs
[2022-11-29T07:11:11.041+0000] {logging_mixin.py:137} INFO - [2022-11-29T07:11:11.041+0000] {dag.py:3340} INFO - Setting next_dagrun for example_xcom to 2021-01-01T00:00:00+00:00, run_after=2021-01-01T00:00:00+00:00
[2022-11-29T07:11:11.063+0000] {processor.py:176} INFO - Processing /home/airflow/.local/lib/python3.7/site-packages/airflow/example_dags/example_xcom.py took 0.183 seconds
[2022-11-29T07:11:41.829+0000] {processor.py:154} INFO - Started process (PID=733) to work on /home/airflow/.local/lib/python3.7/site-packages/airflow/example_dags/example_xcom.py
[2022-11-29T07:11:41.831+0000] {processor.py:756} INFO - Processing file /home/airflow/.local/lib/python3.7/site-packages/airflow/example_dags/example_xcom.py for tasks to queue
[2022-11-29T07:11:41.833+0000] {logging_mixin.py:137} INFO - [2022-11-29T07:11:41.832+0000] {dagbag.py:537} INFO - Filling up the DagBag from /home/airflow/.local/lib/python3.7/site-packages/airflow/example_dags/example_xcom.py
[2022-11-29T07:11:41.867+0000] {processor.py:766} INFO - DAG(s) dict_keys(['example_xcom']) retrieved from /home/airflow/.local/lib/python3.7/site-packages/airflow/example_dags/example_xcom.py
[2022-11-29T07:11:41.934+0000] {logging_mixin.py:137} INFO - [2022-11-29T07:11:41.934+0000] {dag.py:2585} INFO - Sync 1 DAGs
[2022-11-29T07:11:41.974+0000] {logging_mixin.py:137} INFO - [2022-11-29T07:11:41.974+0000] {dag.py:3340} INFO - Setting next_dagrun for example_xcom to 2021-01-01T00:00:00+00:00, run_after=2021-01-01T00:00:00+00:00
[2022-11-29T07:11:42.008+0000] {processor.py:176} INFO - Processing /home/airflow/.local/lib/python3.7/site-packages/airflow/example_dags/example_xcom.py took 0.185 seconds
[2022-11-29T07:12:12.499+0000] {processor.py:154} INFO - Started process (PID=797) to work on /home/airflow/.local/lib/python3.7/site-packages/airflow/example_dags/example_xcom.py
[2022-11-29T07:12:12.502+0000] {processor.py:756} INFO - Processing file /home/airflow/.local/lib/python3.7/site-packages/airflow/example_dags/example_xcom.py for tasks to queue
[2022-11-29T07:12:12.504+0000] {logging_mixin.py:137} INFO - [2022-11-29T07:12:12.504+0000] {dagbag.py:537} INFO - Filling up the DagBag from /home/airflow/.local/lib/python3.7/site-packages/airflow/example_dags/example_xcom.py
[2022-11-29T07:12:12.547+0000] {processor.py:766} INFO - DAG(s) dict_keys(['example_xcom']) retrieved from /home/airflow/.local/lib/python3.7/site-packages/airflow/example_dags/example_xcom.py
[2022-11-29T07:12:12.613+0000] {logging_mixin.py:137} INFO - [2022-11-29T07:12:12.613+0000] {dag.py:2585} INFO - Sync 1 DAGs
[2022-11-29T07:12:12.658+0000] {logging_mixin.py:137} INFO - [2022-11-29T07:12:12.658+0000] {dag.py:3340} INFO - Setting next_dagrun for example_xcom to 2021-01-01T00:00:00+00:00, run_after=2021-01-01T00:00:00+00:00
[2022-11-29T07:12:12.693+0000] {processor.py:176} INFO - Processing /home/airflow/.local/lib/python3.7/site-packages/airflow/example_dags/example_xcom.py took 0.199 seconds
[2022-11-29T07:12:43.641+0000] {processor.py:154} INFO - Started process (PID=860) to work on /home/airflow/.local/lib/python3.7/site-packages/airflow/example_dags/example_xcom.py
[2022-11-29T07:12:43.644+0000] {processor.py:756} INFO - Processing file /home/airflow/.local/lib/python3.7/site-packages/airflow/example_dags/example_xcom.py for tasks to queue
[2022-11-29T07:12:43.646+0000] {logging_mixin.py:137} INFO - [2022-11-29T07:12:43.646+0000] {dagbag.py:537} INFO - Filling up the DagBag from /home/airflow/.local/lib/python3.7/site-packages/airflow/example_dags/example_xcom.py
[2022-11-29T07:12:43.694+0000] {processor.py:766} INFO - DAG(s) dict_keys(['example_xcom']) retrieved from /home/airflow/.local/lib/python3.7/site-packages/airflow/example_dags/example_xcom.py
[2022-11-29T07:12:43.772+0000] {logging_mixin.py:137} INFO - [2022-11-29T07:12:43.772+0000] {dag.py:2585} INFO - Sync 1 DAGs
[2022-11-29T07:12:43.812+0000] {logging_mixin.py:137} INFO - [2022-11-29T07:12:43.811+0000] {dag.py:3340} INFO - Setting next_dagrun for example_xcom to 2021-01-01T00:00:00+00:00, run_after=2021-01-01T00:00:00+00:00
[2022-11-29T07:12:43.847+0000] {processor.py:176} INFO - Processing /home/airflow/.local/lib/python3.7/site-packages/airflow/example_dags/example_xcom.py took 0.212 seconds
[2022-11-29T07:13:14.498+0000] {processor.py:154} INFO - Started process (PID=914) to work on /home/airflow/.local/lib/python3.7/site-packages/airflow/example_dags/example_xcom.py
[2022-11-29T07:13:14.500+0000] {processor.py:756} INFO - Processing file /home/airflow/.local/lib/python3.7/site-packages/airflow/example_dags/example_xcom.py for tasks to queue
[2022-11-29T07:13:14.502+0000] {logging_mixin.py:137} INFO - [2022-11-29T07:13:14.502+0000] {dagbag.py:537} INFO - Filling up the DagBag from /home/airflow/.local/lib/python3.7/site-packages/airflow/example_dags/example_xcom.py
[2022-11-29T07:13:14.543+0000] {processor.py:766} INFO - DAG(s) dict_keys(['example_xcom']) retrieved from /home/airflow/.local/lib/python3.7/site-packages/airflow/example_dags/example_xcom.py
[2022-11-29T07:13:14.630+0000] {logging_mixin.py:137} INFO - [2022-11-29T07:13:14.629+0000] {dag.py:2585} INFO - Sync 1 DAGs
[2022-11-29T07:13:14.676+0000] {logging_mixin.py:137} INFO - [2022-11-29T07:13:14.676+0000] {dag.py:3340} INFO - Setting next_dagrun for example_xcom to 2021-01-01T00:00:00+00:00, run_after=2021-01-01T00:00:00+00:00
[2022-11-29T07:13:14.709+0000] {processor.py:176} INFO - Processing /home/airflow/.local/lib/python3.7/site-packages/airflow/example_dags/example_xcom.py took 0.215 seconds
[2022-11-29T07:13:45.025+0000] {processor.py:154} INFO - Started process (PID=977) to work on /home/airflow/.local/lib/python3.7/site-packages/airflow/example_dags/example_xcom.py
[2022-11-29T07:13:45.029+0000] {processor.py:756} INFO - Processing file /home/airflow/.local/lib/python3.7/site-packages/airflow/example_dags/example_xcom.py for tasks to queue
[2022-11-29T07:13:45.031+0000] {logging_mixin.py:137} INFO - [2022-11-29T07:13:45.031+0000] {dagbag.py:537} INFO - Filling up the DagBag from /home/airflow/.local/lib/python3.7/site-packages/airflow/example_dags/example_xcom.py
[2022-11-29T07:13:45.075+0000] {processor.py:766} INFO - DAG(s) dict_keys(['example_xcom']) retrieved from /home/airflow/.local/lib/python3.7/site-packages/airflow/example_dags/example_xcom.py
[2022-11-29T07:13:45.145+0000] {logging_mixin.py:137} INFO - [2022-11-29T07:13:45.144+0000] {dag.py:2585} INFO - Sync 1 DAGs
[2022-11-29T07:13:45.189+0000] {logging_mixin.py:137} INFO - [2022-11-29T07:13:45.189+0000] {dag.py:3340} INFO - Setting next_dagrun for example_xcom to 2021-01-01T00:00:00+00:00, run_after=2021-01-01T00:00:00+00:00
[2022-11-29T07:13:45.232+0000] {processor.py:176} INFO - Processing /home/airflow/.local/lib/python3.7/site-packages/airflow/example_dags/example_xcom.py took 0.217 seconds
[2022-11-29T07:14:15.563+0000] {processor.py:154} INFO - Started process (PID=1039) to work on /home/airflow/.local/lib/python3.7/site-packages/airflow/example_dags/example_xcom.py
[2022-11-29T07:14:15.565+0000] {processor.py:756} INFO - Processing file /home/airflow/.local/lib/python3.7/site-packages/airflow/example_dags/example_xcom.py for tasks to queue
[2022-11-29T07:14:15.567+0000] {logging_mixin.py:137} INFO - [2022-11-29T07:14:15.567+0000] {dagbag.py:537} INFO - Filling up the DagBag from /home/airflow/.local/lib/python3.7/site-packages/airflow/example_dags/example_xcom.py
[2022-11-29T07:14:15.601+0000] {processor.py:766} INFO - DAG(s) dict_keys(['example_xcom']) retrieved from /home/airflow/.local/lib/python3.7/site-packages/airflow/example_dags/example_xcom.py
[2022-11-29T07:14:15.658+0000] {logging_mixin.py:137} INFO - [2022-11-29T07:14:15.658+0000] {dag.py:2585} INFO - Sync 1 DAGs
[2022-11-29T07:14:15.693+0000] {logging_mixin.py:137} INFO - [2022-11-29T07:14:15.692+0000] {dag.py:3340} INFO - Setting next_dagrun for example_xcom to 2021-01-01T00:00:00+00:00, run_after=2021-01-01T00:00:00+00:00
[2022-11-29T07:14:15.716+0000] {processor.py:176} INFO - Processing /home/airflow/.local/lib/python3.7/site-packages/airflow/example_dags/example_xcom.py took 0.158 seconds
[2022-11-29T07:14:45.857+0000] {processor.py:154} INFO - Started process (PID=1094) to work on /home/airflow/.local/lib/python3.7/site-packages/airflow/example_dags/example_xcom.py
[2022-11-29T07:14:45.858+0000] {processor.py:756} INFO - Processing file /home/airflow/.local/lib/python3.7/site-packages/airflow/example_dags/example_xcom.py for tasks to queue
[2022-11-29T07:14:45.861+0000] {logging_mixin.py:137} INFO - [2022-11-29T07:14:45.861+0000] {dagbag.py:537} INFO - Filling up the DagBag from /home/airflow/.local/lib/python3.7/site-packages/airflow/example_dags/example_xcom.py
[2022-11-29T07:14:45.908+0000] {processor.py:766} INFO - DAG(s) dict_keys(['example_xcom']) retrieved from /home/airflow/.local/lib/python3.7/site-packages/airflow/example_dags/example_xcom.py
[2022-11-29T07:14:45.978+0000] {logging_mixin.py:137} INFO - [2022-11-29T07:14:45.978+0000] {dag.py:2585} INFO - Sync 1 DAGs
[2022-11-29T07:14:46.013+0000] {logging_mixin.py:137} INFO - [2022-11-29T07:14:46.013+0000] {dag.py:3340} INFO - Setting next_dagrun for example_xcom to 2021-01-01T00:00:00+00:00, run_after=2021-01-01T00:00:00+00:00
[2022-11-29T07:14:46.041+0000] {processor.py:176} INFO - Processing /home/airflow/.local/lib/python3.7/site-packages/airflow/example_dags/example_xcom.py took 0.192 seconds
[2022-11-29T07:15:17.017+0000] {processor.py:154} INFO - Started process (PID=1157) to work on /home/airflow/.local/lib/python3.7/site-packages/airflow/example_dags/example_xcom.py
[2022-11-29T07:15:17.020+0000] {processor.py:756} INFO - Processing file /home/airflow/.local/lib/python3.7/site-packages/airflow/example_dags/example_xcom.py for tasks to queue
[2022-11-29T07:15:17.023+0000] {logging_mixin.py:137} INFO - [2022-11-29T07:15:17.023+0000] {dagbag.py:537} INFO - Filling up the DagBag from /home/airflow/.local/lib/python3.7/site-packages/airflow/example_dags/example_xcom.py
[2022-11-29T07:15:17.068+0000] {processor.py:766} INFO - DAG(s) dict_keys(['example_xcom']) retrieved from /home/airflow/.local/lib/python3.7/site-packages/airflow/example_dags/example_xcom.py
[2022-11-29T07:15:17.139+0000] {logging_mixin.py:137} INFO - [2022-11-29T07:15:17.139+0000] {dag.py:2585} INFO - Sync 1 DAGs
[2022-11-29T07:15:17.179+0000] {logging_mixin.py:137} INFO - [2022-11-29T07:15:17.179+0000] {dag.py:3340} INFO - Setting next_dagrun for example_xcom to 2021-01-01T00:00:00+00:00, run_after=2021-01-01T00:00:00+00:00
[2022-11-29T07:15:17.210+0000] {processor.py:176} INFO - Processing /home/airflow/.local/lib/python3.7/site-packages/airflow/example_dags/example_xcom.py took 0.198 seconds
[2022-11-29T07:15:47.876+0000] {processor.py:154} INFO - Started process (PID=1221) to work on /home/airflow/.local/lib/python3.7/site-packages/airflow/example_dags/example_xcom.py
[2022-11-29T07:15:47.878+0000] {processor.py:756} INFO - Processing file /home/airflow/.local/lib/python3.7/site-packages/airflow/example_dags/example_xcom.py for tasks to queue
[2022-11-29T07:15:47.879+0000] {logging_mixin.py:137} INFO - [2022-11-29T07:15:47.879+0000] {dagbag.py:537} INFO - Filling up the DagBag from /home/airflow/.local/lib/python3.7/site-packages/airflow/example_dags/example_xcom.py
[2022-11-29T07:15:47.920+0000] {processor.py:766} INFO - DAG(s) dict_keys(['example_xcom']) retrieved from /home/airflow/.local/lib/python3.7/site-packages/airflow/example_dags/example_xcom.py
[2022-11-29T07:15:47.987+0000] {logging_mixin.py:137} INFO - [2022-11-29T07:15:47.987+0000] {dag.py:2585} INFO - Sync 1 DAGs
[2022-11-29T07:15:48.033+0000] {logging_mixin.py:137} INFO - [2022-11-29T07:15:48.033+0000] {dag.py:3340} INFO - Setting next_dagrun for example_xcom to 2021-01-01T00:00:00+00:00, run_after=2021-01-01T00:00:00+00:00
[2022-11-29T07:15:48.066+0000] {processor.py:176} INFO - Processing /home/airflow/.local/lib/python3.7/site-packages/airflow/example_dags/example_xcom.py took 0.195 seconds
[2022-11-29T07:16:18.536+0000] {processor.py:154} INFO - Started process (PID=1275) to work on /home/airflow/.local/lib/python3.7/site-packages/airflow/example_dags/example_xcom.py
[2022-11-29T07:16:18.538+0000] {processor.py:756} INFO - Processing file /home/airflow/.local/lib/python3.7/site-packages/airflow/example_dags/example_xcom.py for tasks to queue
[2022-11-29T07:16:18.541+0000] {logging_mixin.py:137} INFO - [2022-11-29T07:16:18.541+0000] {dagbag.py:537} INFO - Filling up the DagBag from /home/airflow/.local/lib/python3.7/site-packages/airflow/example_dags/example_xcom.py
[2022-11-29T07:16:18.588+0000] {processor.py:766} INFO - DAG(s) dict_keys(['example_xcom']) retrieved from /home/airflow/.local/lib/python3.7/site-packages/airflow/example_dags/example_xcom.py
[2022-11-29T07:16:18.689+0000] {logging_mixin.py:137} INFO - [2022-11-29T07:16:18.689+0000] {dag.py:2585} INFO - Sync 1 DAGs
[2022-11-29T07:16:18.749+0000] {logging_mixin.py:137} INFO - [2022-11-29T07:16:18.749+0000] {dag.py:3340} INFO - Setting next_dagrun for example_xcom to 2021-01-01T00:00:00+00:00, run_after=2021-01-01T00:00:00+00:00
[2022-11-29T07:16:18.803+0000] {processor.py:176} INFO - Processing /home/airflow/.local/lib/python3.7/site-packages/airflow/example_dags/example_xcom.py took 0.277 seconds
[2022-11-29T07:16:49.433+0000] {processor.py:154} INFO - Started process (PID=1339) to work on /home/airflow/.local/lib/python3.7/site-packages/airflow/example_dags/example_xcom.py
[2022-11-29T07:16:49.435+0000] {processor.py:756} INFO - Processing file /home/airflow/.local/lib/python3.7/site-packages/airflow/example_dags/example_xcom.py for tasks to queue
[2022-11-29T07:16:49.437+0000] {logging_mixin.py:137} INFO - [2022-11-29T07:16:49.437+0000] {dagbag.py:537} INFO - Filling up the DagBag from /home/airflow/.local/lib/python3.7/site-packages/airflow/example_dags/example_xcom.py
[2022-11-29T07:16:49.480+0000] {processor.py:766} INFO - DAG(s) dict_keys(['example_xcom']) retrieved from /home/airflow/.local/lib/python3.7/site-packages/airflow/example_dags/example_xcom.py
[2022-11-29T07:16:49.550+0000] {logging_mixin.py:137} INFO - [2022-11-29T07:16:49.550+0000] {dag.py:2585} INFO - Sync 1 DAGs
[2022-11-29T07:16:49.594+0000] {logging_mixin.py:137} INFO - [2022-11-29T07:16:49.593+0000] {dag.py:3340} INFO - Setting next_dagrun for example_xcom to 2021-01-01T00:00:00+00:00, run_after=2021-01-01T00:00:00+00:00
[2022-11-29T07:16:49.626+0000] {processor.py:176} INFO - Processing /home/airflow/.local/lib/python3.7/site-packages/airflow/example_dags/example_xcom.py took 0.199 seconds
[2022-11-29T07:17:20.521+0000] {processor.py:154} INFO - Started process (PID=1402) to work on /home/airflow/.local/lib/python3.7/site-packages/airflow/example_dags/example_xcom.py
[2022-11-29T07:17:20.523+0000] {processor.py:756} INFO - Processing file /home/airflow/.local/lib/python3.7/site-packages/airflow/example_dags/example_xcom.py for tasks to queue
[2022-11-29T07:17:20.525+0000] {logging_mixin.py:137} INFO - [2022-11-29T07:17:20.525+0000] {dagbag.py:537} INFO - Filling up the DagBag from /home/airflow/.local/lib/python3.7/site-packages/airflow/example_dags/example_xcom.py
[2022-11-29T07:17:20.565+0000] {processor.py:766} INFO - DAG(s) dict_keys(['example_xcom']) retrieved from /home/airflow/.local/lib/python3.7/site-packages/airflow/example_dags/example_xcom.py
[2022-11-29T07:17:20.624+0000] {logging_mixin.py:137} INFO - [2022-11-29T07:17:20.623+0000] {dag.py:2585} INFO - Sync 1 DAGs
[2022-11-29T07:17:20.660+0000] {logging_mixin.py:137} INFO - [2022-11-29T07:17:20.660+0000] {dag.py:3340} INFO - Setting next_dagrun for example_xcom to 2021-01-01T00:00:00+00:00, run_after=2021-01-01T00:00:00+00:00
[2022-11-29T07:17:20.691+0000] {processor.py:176} INFO - Processing /home/airflow/.local/lib/python3.7/site-packages/airflow/example_dags/example_xcom.py took 0.177 seconds
[2022-11-29T07:17:51.077+0000] {processor.py:154} INFO - Started process (PID=1456) to work on /home/airflow/.local/lib/python3.7/site-packages/airflow/example_dags/example_xcom.py
[2022-11-29T07:17:51.079+0000] {processor.py:756} INFO - Processing file /home/airflow/.local/lib/python3.7/site-packages/airflow/example_dags/example_xcom.py for tasks to queue
[2022-11-29T07:17:51.082+0000] {logging_mixin.py:137} INFO - [2022-11-29T07:17:51.081+0000] {dagbag.py:537} INFO - Filling up the DagBag from /home/airflow/.local/lib/python3.7/site-packages/airflow/example_dags/example_xcom.py
[2022-11-29T07:17:51.124+0000] {processor.py:766} INFO - DAG(s) dict_keys(['example_xcom']) retrieved from /home/airflow/.local/lib/python3.7/site-packages/airflow/example_dags/example_xcom.py
[2022-11-29T07:17:51.212+0000] {logging_mixin.py:137} INFO - [2022-11-29T07:17:51.212+0000] {dag.py:2585} INFO - Sync 1 DAGs
[2022-11-29T07:17:51.256+0000] {logging_mixin.py:137} INFO - [2022-11-29T07:17:51.255+0000] {dag.py:3340} INFO - Setting next_dagrun for example_xcom to 2021-01-01T00:00:00+00:00, run_after=2021-01-01T00:00:00+00:00
[2022-11-29T07:17:51.316+0000] {processor.py:176} INFO - Processing /home/airflow/.local/lib/python3.7/site-packages/airflow/example_dags/example_xcom.py took 0.270 seconds
[2022-11-29T07:18:21.826+0000] {processor.py:154} INFO - Started process (PID=1519) to work on /home/airflow/.local/lib/python3.7/site-packages/airflow/example_dags/example_xcom.py
[2022-11-29T07:18:21.827+0000] {processor.py:756} INFO - Processing file /home/airflow/.local/lib/python3.7/site-packages/airflow/example_dags/example_xcom.py for tasks to queue
[2022-11-29T07:18:21.829+0000] {logging_mixin.py:137} INFO - [2022-11-29T07:18:21.829+0000] {dagbag.py:537} INFO - Filling up the DagBag from /home/airflow/.local/lib/python3.7/site-packages/airflow/example_dags/example_xcom.py
[2022-11-29T07:18:21.867+0000] {processor.py:766} INFO - DAG(s) dict_keys(['example_xcom']) retrieved from /home/airflow/.local/lib/python3.7/site-packages/airflow/example_dags/example_xcom.py
[2022-11-29T07:18:21.937+0000] {logging_mixin.py:137} INFO - [2022-11-29T07:18:21.937+0000] {dag.py:2585} INFO - Sync 1 DAGs
[2022-11-29T07:18:21.980+0000] {logging_mixin.py:137} INFO - [2022-11-29T07:18:21.979+0000] {dag.py:3340} INFO - Setting next_dagrun for example_xcom to 2021-01-01T00:00:00+00:00, run_after=2021-01-01T00:00:00+00:00
[2022-11-29T07:18:22.018+0000] {processor.py:176} INFO - Processing /home/airflow/.local/lib/python3.7/site-packages/airflow/example_dags/example_xcom.py took 0.198 seconds
[2022-11-29T07:18:52.996+0000] {processor.py:154} INFO - Started process (PID=1582) to work on /home/airflow/.local/lib/python3.7/site-packages/airflow/example_dags/example_xcom.py
[2022-11-29T07:18:52.999+0000] {processor.py:756} INFO - Processing file /home/airflow/.local/lib/python3.7/site-packages/airflow/example_dags/example_xcom.py for tasks to queue
[2022-11-29T07:18:53.002+0000] {logging_mixin.py:137} INFO - [2022-11-29T07:18:53.002+0000] {dagbag.py:537} INFO - Filling up the DagBag from /home/airflow/.local/lib/python3.7/site-packages/airflow/example_dags/example_xcom.py
[2022-11-29T07:18:53.081+0000] {processor.py:766} INFO - DAG(s) dict_keys(['example_xcom']) retrieved from /home/airflow/.local/lib/python3.7/site-packages/airflow/example_dags/example_xcom.py
[2022-11-29T07:18:53.185+0000] {logging_mixin.py:137} INFO - [2022-11-29T07:18:53.185+0000] {dag.py:2585} INFO - Sync 1 DAGs
[2022-11-29T07:18:53.252+0000] {logging_mixin.py:137} INFO - [2022-11-29T07:18:53.251+0000] {dag.py:3340} INFO - Setting next_dagrun for example_xcom to 2021-01-01T00:00:00+00:00, run_after=2021-01-01T00:00:00+00:00
[2022-11-29T07:18:53.321+0000] {processor.py:176} INFO - Processing /home/airflow/.local/lib/python3.7/site-packages/airflow/example_dags/example_xcom.py took 0.346 seconds
[2022-11-29T07:19:23.537+0000] {processor.py:154} INFO - Started process (PID=1636) to work on /home/airflow/.local/lib/python3.7/site-packages/airflow/example_dags/example_xcom.py
[2022-11-29T07:19:23.539+0000] {processor.py:756} INFO - Processing file /home/airflow/.local/lib/python3.7/site-packages/airflow/example_dags/example_xcom.py for tasks to queue
[2022-11-29T07:19:23.540+0000] {logging_mixin.py:137} INFO - [2022-11-29T07:19:23.540+0000] {dagbag.py:537} INFO - Filling up the DagBag from /home/airflow/.local/lib/python3.7/site-packages/airflow/example_dags/example_xcom.py
[2022-11-29T07:19:23.570+0000] {processor.py:766} INFO - DAG(s) dict_keys(['example_xcom']) retrieved from /home/airflow/.local/lib/python3.7/site-packages/airflow/example_dags/example_xcom.py
[2022-11-29T07:19:23.627+0000] {logging_mixin.py:137} INFO - [2022-11-29T07:19:23.627+0000] {dag.py:2585} INFO - Sync 1 DAGs
[2022-11-29T07:19:23.667+0000] {logging_mixin.py:137} INFO - [2022-11-29T07:19:23.667+0000] {dag.py:3340} INFO - Setting next_dagrun for example_xcom to 2021-01-01T00:00:00+00:00, run_after=2021-01-01T00:00:00+00:00
[2022-11-29T07:19:23.695+0000] {processor.py:176} INFO - Processing /home/airflow/.local/lib/python3.7/site-packages/airflow/example_dags/example_xcom.py took 0.163 seconds
[2022-11-29T07:19:54.417+0000] {processor.py:154} INFO - Started process (PID=1698) to work on /home/airflow/.local/lib/python3.7/site-packages/airflow/example_dags/example_xcom.py
[2022-11-29T07:19:54.419+0000] {processor.py:756} INFO - Processing file /home/airflow/.local/lib/python3.7/site-packages/airflow/example_dags/example_xcom.py for tasks to queue
[2022-11-29T07:19:54.421+0000] {logging_mixin.py:137} INFO - [2022-11-29T07:19:54.421+0000] {dagbag.py:537} INFO - Filling up the DagBag from /home/airflow/.local/lib/python3.7/site-packages/airflow/example_dags/example_xcom.py
[2022-11-29T07:19:54.461+0000] {processor.py:766} INFO - DAG(s) dict_keys(['example_xcom']) retrieved from /home/airflow/.local/lib/python3.7/site-packages/airflow/example_dags/example_xcom.py
[2022-11-29T07:19:54.530+0000] {logging_mixin.py:137} INFO - [2022-11-29T07:19:54.529+0000] {dag.py:2585} INFO - Sync 1 DAGs
[2022-11-29T07:19:54.573+0000] {logging_mixin.py:137} INFO - [2022-11-29T07:19:54.572+0000] {dag.py:3340} INFO - Setting next_dagrun for example_xcom to 2021-01-01T00:00:00+00:00, run_after=2021-01-01T00:00:00+00:00
[2022-11-29T07:19:54.602+0000] {processor.py:176} INFO - Processing /home/airflow/.local/lib/python3.7/site-packages/airflow/example_dags/example_xcom.py took 0.190 seconds
