[2022-11-29T06:27:20.572+0000] {processor.py:154} INFO - Started process (PID=66) to work on /home/airflow/.local/lib/python3.7/site-packages/airflow/example_dags/example_skip_dag.py
[2022-11-29T06:27:20.574+0000] {processor.py:756} INFO - Processing file /home/airflow/.local/lib/python3.7/site-packages/airflow/example_dags/example_skip_dag.py for tasks to queue
[2022-11-29T06:27:20.577+0000] {logging_mixin.py:137} INFO - [2022-11-29T06:27:20.577+0000] {dagbag.py:537} INFO - Filling up the DagBag from /home/airflow/.local/lib/python3.7/site-packages/airflow/example_dags/example_skip_dag.py
[2022-11-29T06:27:20.604+0000] {processor.py:766} INFO - DAG(s) dict_keys(['example_skip_dag']) retrieved from /home/airflow/.local/lib/python3.7/site-packages/airflow/example_dags/example_skip_dag.py
[2022-11-29T06:27:20.808+0000] {logging_mixin.py:137} INFO - [2022-11-29T06:27:20.808+0000] {manager.py:507} INFO - Created Permission View: can delete on DAG:example_skip_dag
[2022-11-29T06:27:20.823+0000] {logging_mixin.py:137} INFO - [2022-11-29T06:27:20.822+0000] {manager.py:507} INFO - Created Permission View: can read on DAG:example_skip_dag
[2022-11-29T06:27:20.834+0000] {logging_mixin.py:137} INFO - [2022-11-29T06:27:20.834+0000] {manager.py:507} INFO - Created Permission View: can edit on DAG:example_skip_dag
[2022-11-29T06:27:20.835+0000] {logging_mixin.py:137} INFO - [2022-11-29T06:27:20.835+0000] {dag.py:2585} INFO - Sync 1 DAGs
[2022-11-29T06:27:20.857+0000] {logging_mixin.py:137} INFO - [2022-11-29T06:27:20.856+0000] {dag.py:2606} INFO - Creating ORM DAG for example_skip_dag
[2022-11-29T06:27:20.875+0000] {logging_mixin.py:137} INFO - [2022-11-29T06:27:20.875+0000] {dag.py:3340} INFO - Setting next_dagrun for example_skip_dag to 2022-11-28T06:27:20.874656+00:00, run_after=2022-11-29T06:27:20.874656+00:00
[2022-11-29T06:27:20.904+0000] {processor.py:176} INFO - Processing /home/airflow/.local/lib/python3.7/site-packages/airflow/example_dags/example_skip_dag.py took 0.337 seconds
[2022-11-29T06:27:51.515+0000] {processor.py:154} INFO - Started process (PID=129) to work on /home/airflow/.local/lib/python3.7/site-packages/airflow/example_dags/example_skip_dag.py
[2022-11-29T06:27:51.517+0000] {processor.py:756} INFO - Processing file /home/airflow/.local/lib/python3.7/site-packages/airflow/example_dags/example_skip_dag.py for tasks to queue
[2022-11-29T06:27:51.519+0000] {logging_mixin.py:137} INFO - [2022-11-29T06:27:51.519+0000] {dagbag.py:537} INFO - Filling up the DagBag from /home/airflow/.local/lib/python3.7/site-packages/airflow/example_dags/example_skip_dag.py
[2022-11-29T06:27:51.554+0000] {processor.py:766} INFO - DAG(s) dict_keys(['example_skip_dag']) retrieved from /home/airflow/.local/lib/python3.7/site-packages/airflow/example_dags/example_skip_dag.py
[2022-11-29T06:27:51.656+0000] {logging_mixin.py:137} INFO - [2022-11-29T06:27:51.655+0000] {dag.py:2585} INFO - Sync 1 DAGs
[2022-11-29T06:27:51.697+0000] {logging_mixin.py:137} INFO - [2022-11-29T06:27:51.697+0000] {dag.py:3340} INFO - Setting next_dagrun for example_skip_dag to 2022-11-28T06:27:51.696840+00:00, run_after=2022-11-29T06:27:51.696840+00:00
[2022-11-29T06:27:51.749+0000] {processor.py:176} INFO - Processing /home/airflow/.local/lib/python3.7/site-packages/airflow/example_dags/example_skip_dag.py took 0.240 seconds
[2022-11-29T06:28:21.897+0000] {processor.py:154} INFO - Started process (PID=185) to work on /home/airflow/.local/lib/python3.7/site-packages/airflow/example_dags/example_skip_dag.py
[2022-11-29T06:28:21.899+0000] {processor.py:756} INFO - Processing file /home/airflow/.local/lib/python3.7/site-packages/airflow/example_dags/example_skip_dag.py for tasks to queue
[2022-11-29T06:28:21.901+0000] {logging_mixin.py:137} INFO - [2022-11-29T06:28:21.901+0000] {dagbag.py:537} INFO - Filling up the DagBag from /home/airflow/.local/lib/python3.7/site-packages/airflow/example_dags/example_skip_dag.py
[2022-11-29T06:28:21.942+0000] {processor.py:766} INFO - DAG(s) dict_keys(['example_skip_dag']) retrieved from /home/airflow/.local/lib/python3.7/site-packages/airflow/example_dags/example_skip_dag.py
[2022-11-29T06:28:22.055+0000] {logging_mixin.py:137} INFO - [2022-11-29T06:28:22.054+0000] {dag.py:2585} INFO - Sync 1 DAGs
[2022-11-29T06:28:22.099+0000] {logging_mixin.py:137} INFO - [2022-11-29T06:28:22.099+0000] {dag.py:3340} INFO - Setting next_dagrun for example_skip_dag to 2022-11-28T06:28:22.099410+00:00, run_after=2022-11-29T06:28:22.099410+00:00
[2022-11-29T06:28:22.134+0000] {processor.py:176} INFO - Processing /home/airflow/.local/lib/python3.7/site-packages/airflow/example_dags/example_skip_dag.py took 0.241 seconds
[2022-11-29T06:28:52.310+0000] {processor.py:154} INFO - Started process (PID=247) to work on /home/airflow/.local/lib/python3.7/site-packages/airflow/example_dags/example_skip_dag.py
[2022-11-29T06:28:52.312+0000] {processor.py:756} INFO - Processing file /home/airflow/.local/lib/python3.7/site-packages/airflow/example_dags/example_skip_dag.py for tasks to queue
[2022-11-29T06:28:52.314+0000] {logging_mixin.py:137} INFO - [2022-11-29T06:28:52.314+0000] {dagbag.py:537} INFO - Filling up the DagBag from /home/airflow/.local/lib/python3.7/site-packages/airflow/example_dags/example_skip_dag.py
[2022-11-29T06:28:52.340+0000] {processor.py:766} INFO - DAG(s) dict_keys(['example_skip_dag']) retrieved from /home/airflow/.local/lib/python3.7/site-packages/airflow/example_dags/example_skip_dag.py
[2022-11-29T06:28:52.410+0000] {logging_mixin.py:137} INFO - [2022-11-29T06:28:52.410+0000] {dag.py:2585} INFO - Sync 1 DAGs
[2022-11-29T06:28:52.460+0000] {logging_mixin.py:137} INFO - [2022-11-29T06:28:52.460+0000] {dag.py:3340} INFO - Setting next_dagrun for example_skip_dag to 2022-11-28T06:28:52.460063+00:00, run_after=2022-11-29T06:28:52.460063+00:00
[2022-11-29T06:28:52.489+0000] {processor.py:176} INFO - Processing /home/airflow/.local/lib/python3.7/site-packages/airflow/example_dags/example_skip_dag.py took 0.185 seconds
[2022-11-29T06:31:44.516+0000] {processor.py:154} INFO - Started process (PID=69) to work on /home/airflow/.local/lib/python3.7/site-packages/airflow/example_dags/example_skip_dag.py
[2022-11-29T06:31:44.525+0000] {processor.py:756} INFO - Processing file /home/airflow/.local/lib/python3.7/site-packages/airflow/example_dags/example_skip_dag.py for tasks to queue
[2022-11-29T06:31:44.528+0000] {logging_mixin.py:137} INFO - [2022-11-29T06:31:44.527+0000] {dagbag.py:537} INFO - Filling up the DagBag from /home/airflow/.local/lib/python3.7/site-packages/airflow/example_dags/example_skip_dag.py
[2022-11-29T06:31:44.567+0000] {processor.py:766} INFO - DAG(s) dict_keys(['example_skip_dag']) retrieved from /home/airflow/.local/lib/python3.7/site-packages/airflow/example_dags/example_skip_dag.py
[2022-11-29T06:31:44.626+0000] {logging_mixin.py:137} INFO - [2022-11-29T06:31:44.626+0000] {dag.py:2585} INFO - Sync 1 DAGs
[2022-11-29T06:31:44.675+0000] {logging_mixin.py:137} INFO - [2022-11-29T06:31:44.674+0000] {dag.py:3340} INFO - Setting next_dagrun for example_skip_dag to 2022-11-28T06:31:44.674570+00:00, run_after=2022-11-29T06:31:44.674570+00:00
[2022-11-29T06:31:44.708+0000] {processor.py:176} INFO - Processing /home/airflow/.local/lib/python3.7/site-packages/airflow/example_dags/example_skip_dag.py took 0.206 seconds
[2022-11-29T06:32:15.835+0000] {processor.py:154} INFO - Started process (PID=131) to work on /home/airflow/.local/lib/python3.7/site-packages/airflow/example_dags/example_skip_dag.py
[2022-11-29T06:32:15.839+0000] {processor.py:756} INFO - Processing file /home/airflow/.local/lib/python3.7/site-packages/airflow/example_dags/example_skip_dag.py for tasks to queue
[2022-11-29T06:32:15.841+0000] {logging_mixin.py:137} INFO - [2022-11-29T06:32:15.841+0000] {dagbag.py:537} INFO - Filling up the DagBag from /home/airflow/.local/lib/python3.7/site-packages/airflow/example_dags/example_skip_dag.py
[2022-11-29T06:32:15.876+0000] {processor.py:766} INFO - DAG(s) dict_keys(['example_skip_dag']) retrieved from /home/airflow/.local/lib/python3.7/site-packages/airflow/example_dags/example_skip_dag.py
[2022-11-29T06:32:15.950+0000] {logging_mixin.py:137} INFO - [2022-11-29T06:32:15.950+0000] {dag.py:2585} INFO - Sync 1 DAGs
[2022-11-29T06:32:15.997+0000] {logging_mixin.py:137} INFO - [2022-11-29T06:32:15.997+0000] {dag.py:3340} INFO - Setting next_dagrun for example_skip_dag to 2022-11-28T06:32:15.996693+00:00, run_after=2022-11-29T06:32:15.996693+00:00
[2022-11-29T06:32:16.033+0000] {processor.py:176} INFO - Processing /home/airflow/.local/lib/python3.7/site-packages/airflow/example_dags/example_skip_dag.py took 0.206 seconds
[2022-11-29T06:32:46.220+0000] {processor.py:154} INFO - Started process (PID=186) to work on /home/airflow/.local/lib/python3.7/site-packages/airflow/example_dags/example_skip_dag.py
[2022-11-29T06:32:46.221+0000] {processor.py:756} INFO - Processing file /home/airflow/.local/lib/python3.7/site-packages/airflow/example_dags/example_skip_dag.py for tasks to queue
[2022-11-29T06:32:46.223+0000] {logging_mixin.py:137} INFO - [2022-11-29T06:32:46.223+0000] {dagbag.py:537} INFO - Filling up the DagBag from /home/airflow/.local/lib/python3.7/site-packages/airflow/example_dags/example_skip_dag.py
[2022-11-29T06:32:46.248+0000] {processor.py:766} INFO - DAG(s) dict_keys(['example_skip_dag']) retrieved from /home/airflow/.local/lib/python3.7/site-packages/airflow/example_dags/example_skip_dag.py
[2022-11-29T06:32:46.313+0000] {logging_mixin.py:137} INFO - [2022-11-29T06:32:46.313+0000] {dag.py:2585} INFO - Sync 1 DAGs
[2022-11-29T06:32:46.349+0000] {logging_mixin.py:137} INFO - [2022-11-29T06:32:46.349+0000] {dag.py:3340} INFO - Setting next_dagrun for example_skip_dag to 2022-11-28T06:32:46.349323+00:00, run_after=2022-11-29T06:32:46.349323+00:00
[2022-11-29T06:32:46.376+0000] {processor.py:176} INFO - Processing /home/airflow/.local/lib/python3.7/site-packages/airflow/example_dags/example_skip_dag.py took 0.162 seconds
[2022-11-29T06:33:16.825+0000] {processor.py:154} INFO - Started process (PID=248) to work on /home/airflow/.local/lib/python3.7/site-packages/airflow/example_dags/example_skip_dag.py
[2022-11-29T06:33:16.827+0000] {processor.py:756} INFO - Processing file /home/airflow/.local/lib/python3.7/site-packages/airflow/example_dags/example_skip_dag.py for tasks to queue
[2022-11-29T06:33:16.829+0000] {logging_mixin.py:137} INFO - [2022-11-29T06:33:16.829+0000] {dagbag.py:537} INFO - Filling up the DagBag from /home/airflow/.local/lib/python3.7/site-packages/airflow/example_dags/example_skip_dag.py
[2022-11-29T06:33:16.852+0000] {processor.py:766} INFO - DAG(s) dict_keys(['example_skip_dag']) retrieved from /home/airflow/.local/lib/python3.7/site-packages/airflow/example_dags/example_skip_dag.py
[2022-11-29T06:33:16.925+0000] {logging_mixin.py:137} INFO - [2022-11-29T06:33:16.924+0000] {dag.py:2585} INFO - Sync 1 DAGs
[2022-11-29T06:33:16.963+0000] {logging_mixin.py:137} INFO - [2022-11-29T06:33:16.962+0000] {dag.py:3340} INFO - Setting next_dagrun for example_skip_dag to 2022-11-28T06:33:16.962606+00:00, run_after=2022-11-29T06:33:16.962606+00:00
[2022-11-29T06:33:16.993+0000] {processor.py:176} INFO - Processing /home/airflow/.local/lib/python3.7/site-packages/airflow/example_dags/example_skip_dag.py took 0.173 seconds
[2022-11-29T06:33:47.591+0000] {processor.py:154} INFO - Started process (PID=311) to work on /home/airflow/.local/lib/python3.7/site-packages/airflow/example_dags/example_skip_dag.py
[2022-11-29T06:33:47.593+0000] {processor.py:756} INFO - Processing file /home/airflow/.local/lib/python3.7/site-packages/airflow/example_dags/example_skip_dag.py for tasks to queue
[2022-11-29T06:33:47.594+0000] {logging_mixin.py:137} INFO - [2022-11-29T06:33:47.594+0000] {dagbag.py:537} INFO - Filling up the DagBag from /home/airflow/.local/lib/python3.7/site-packages/airflow/example_dags/example_skip_dag.py
[2022-11-29T06:33:47.618+0000] {processor.py:766} INFO - DAG(s) dict_keys(['example_skip_dag']) retrieved from /home/airflow/.local/lib/python3.7/site-packages/airflow/example_dags/example_skip_dag.py
[2022-11-29T06:33:47.694+0000] {logging_mixin.py:137} INFO - [2022-11-29T06:33:47.694+0000] {dag.py:2585} INFO - Sync 1 DAGs
[2022-11-29T06:33:47.745+0000] {logging_mixin.py:137} INFO - [2022-11-29T06:33:47.745+0000] {dag.py:3340} INFO - Setting next_dagrun for example_skip_dag to 2022-11-28T06:33:47.745197+00:00, run_after=2022-11-29T06:33:47.745197+00:00
[2022-11-29T06:33:47.796+0000] {processor.py:176} INFO - Processing /home/airflow/.local/lib/python3.7/site-packages/airflow/example_dags/example_skip_dag.py took 0.210 seconds
[2022-11-29T06:52:58.558+0000] {processor.py:154} INFO - Started process (PID=70) to work on /home/airflow/.local/lib/python3.7/site-packages/airflow/example_dags/example_skip_dag.py
[2022-11-29T06:52:58.562+0000] {processor.py:756} INFO - Processing file /home/airflow/.local/lib/python3.7/site-packages/airflow/example_dags/example_skip_dag.py for tasks to queue
[2022-11-29T06:52:58.564+0000] {logging_mixin.py:137} INFO - [2022-11-29T06:52:58.564+0000] {dagbag.py:537} INFO - Filling up the DagBag from /home/airflow/.local/lib/python3.7/site-packages/airflow/example_dags/example_skip_dag.py
[2022-11-29T06:52:58.609+0000] {processor.py:766} INFO - DAG(s) dict_keys(['example_skip_dag']) retrieved from /home/airflow/.local/lib/python3.7/site-packages/airflow/example_dags/example_skip_dag.py
[2022-11-29T06:52:58.654+0000] {logging_mixin.py:137} INFO - [2022-11-29T06:52:58.653+0000] {dag.py:2585} INFO - Sync 1 DAGs
[2022-11-29T06:52:58.764+0000] {logging_mixin.py:137} INFO - [2022-11-29T06:52:58.764+0000] {dag.py:3340} INFO - Setting next_dagrun for example_skip_dag to 2022-11-28T06:52:58.763456+00:00, run_after=2022-11-29T06:52:58.763456+00:00
[2022-11-29T06:52:58.801+0000] {processor.py:176} INFO - Processing /home/airflow/.local/lib/python3.7/site-packages/airflow/example_dags/example_skip_dag.py took 0.261 seconds
[2022-11-29T06:53:29.303+0000] {processor.py:154} INFO - Started process (PID=135) to work on /home/airflow/.local/lib/python3.7/site-packages/airflow/example_dags/example_skip_dag.py
[2022-11-29T06:53:29.306+0000] {processor.py:756} INFO - Processing file /home/airflow/.local/lib/python3.7/site-packages/airflow/example_dags/example_skip_dag.py for tasks to queue
[2022-11-29T06:53:29.308+0000] {logging_mixin.py:137} INFO - [2022-11-29T06:53:29.308+0000] {dagbag.py:537} INFO - Filling up the DagBag from /home/airflow/.local/lib/python3.7/site-packages/airflow/example_dags/example_skip_dag.py
[2022-11-29T06:53:29.340+0000] {processor.py:766} INFO - DAG(s) dict_keys(['example_skip_dag']) retrieved from /home/airflow/.local/lib/python3.7/site-packages/airflow/example_dags/example_skip_dag.py
[2022-11-29T06:53:29.432+0000] {logging_mixin.py:137} INFO - [2022-11-29T06:53:29.432+0000] {dag.py:2585} INFO - Sync 1 DAGs
[2022-11-29T06:53:29.519+0000] {logging_mixin.py:137} INFO - [2022-11-29T06:53:29.519+0000] {dag.py:3340} INFO - Setting next_dagrun for example_skip_dag to 2022-11-28T06:53:29.518425+00:00, run_after=2022-11-29T06:53:29.518425+00:00
[2022-11-29T06:53:29.566+0000] {processor.py:176} INFO - Processing /home/airflow/.local/lib/python3.7/site-packages/airflow/example_dags/example_skip_dag.py took 0.271 seconds
[2022-11-29T06:54:00.205+0000] {processor.py:154} INFO - Started process (PID=190) to work on /home/airflow/.local/lib/python3.7/site-packages/airflow/example_dags/example_skip_dag.py
[2022-11-29T06:54:00.210+0000] {processor.py:756} INFO - Processing file /home/airflow/.local/lib/python3.7/site-packages/airflow/example_dags/example_skip_dag.py for tasks to queue
[2022-11-29T06:54:00.214+0000] {logging_mixin.py:137} INFO - [2022-11-29T06:54:00.214+0000] {dagbag.py:537} INFO - Filling up the DagBag from /home/airflow/.local/lib/python3.7/site-packages/airflow/example_dags/example_skip_dag.py
[2022-11-29T06:54:00.241+0000] {processor.py:766} INFO - DAG(s) dict_keys(['example_skip_dag']) retrieved from /home/airflow/.local/lib/python3.7/site-packages/airflow/example_dags/example_skip_dag.py
[2022-11-29T06:54:00.307+0000] {logging_mixin.py:137} INFO - [2022-11-29T06:54:00.307+0000] {dag.py:2585} INFO - Sync 1 DAGs
[2022-11-29T06:54:00.347+0000] {logging_mixin.py:137} INFO - [2022-11-29T06:54:00.346+0000] {dag.py:3340} INFO - Setting next_dagrun for example_skip_dag to 2022-11-28T06:54:00.346472+00:00, run_after=2022-11-29T06:54:00.346472+00:00
[2022-11-29T06:54:00.377+0000] {processor.py:176} INFO - Processing /home/airflow/.local/lib/python3.7/site-packages/airflow/example_dags/example_skip_dag.py took 0.179 seconds
[2022-11-29T06:54:31.405+0000] {processor.py:154} INFO - Started process (PID=253) to work on /home/airflow/.local/lib/python3.7/site-packages/airflow/example_dags/example_skip_dag.py
[2022-11-29T06:54:31.409+0000] {processor.py:756} INFO - Processing file /home/airflow/.local/lib/python3.7/site-packages/airflow/example_dags/example_skip_dag.py for tasks to queue
[2022-11-29T06:54:31.413+0000] {logging_mixin.py:137} INFO - [2022-11-29T06:54:31.413+0000] {dagbag.py:537} INFO - Filling up the DagBag from /home/airflow/.local/lib/python3.7/site-packages/airflow/example_dags/example_skip_dag.py
[2022-11-29T06:54:31.475+0000] {processor.py:766} INFO - DAG(s) dict_keys(['example_skip_dag']) retrieved from /home/airflow/.local/lib/python3.7/site-packages/airflow/example_dags/example_skip_dag.py
[2022-11-29T06:54:31.566+0000] {logging_mixin.py:137} INFO - [2022-11-29T06:54:31.566+0000] {dag.py:2585} INFO - Sync 1 DAGs
[2022-11-29T06:54:31.615+0000] {logging_mixin.py:137} INFO - [2022-11-29T06:54:31.615+0000] {dag.py:3340} INFO - Setting next_dagrun for example_skip_dag to 2022-11-28T06:54:31.615159+00:00, run_after=2022-11-29T06:54:31.615159+00:00
[2022-11-29T06:54:31.663+0000] {processor.py:176} INFO - Processing /home/airflow/.local/lib/python3.7/site-packages/airflow/example_dags/example_skip_dag.py took 0.271 seconds
[2022-11-29T06:55:01.844+0000] {processor.py:154} INFO - Started process (PID=307) to work on /home/airflow/.local/lib/python3.7/site-packages/airflow/example_dags/example_skip_dag.py
[2022-11-29T06:55:01.846+0000] {processor.py:756} INFO - Processing file /home/airflow/.local/lib/python3.7/site-packages/airflow/example_dags/example_skip_dag.py for tasks to queue
[2022-11-29T06:55:01.848+0000] {logging_mixin.py:137} INFO - [2022-11-29T06:55:01.848+0000] {dagbag.py:537} INFO - Filling up the DagBag from /home/airflow/.local/lib/python3.7/site-packages/airflow/example_dags/example_skip_dag.py
[2022-11-29T06:55:01.871+0000] {processor.py:766} INFO - DAG(s) dict_keys(['example_skip_dag']) retrieved from /home/airflow/.local/lib/python3.7/site-packages/airflow/example_dags/example_skip_dag.py
[2022-11-29T06:55:01.982+0000] {logging_mixin.py:137} INFO - [2022-11-29T06:55:01.981+0000] {dag.py:2585} INFO - Sync 1 DAGs
[2022-11-29T06:55:02.042+0000] {logging_mixin.py:137} INFO - [2022-11-29T06:55:02.041+0000] {dag.py:3340} INFO - Setting next_dagrun for example_skip_dag to 2022-11-28T06:55:02.041492+00:00, run_after=2022-11-29T06:55:02.041492+00:00
[2022-11-29T06:55:02.077+0000] {processor.py:176} INFO - Processing /home/airflow/.local/lib/python3.7/site-packages/airflow/example_dags/example_skip_dag.py took 0.238 seconds
[2022-11-29T06:55:32.857+0000] {processor.py:154} INFO - Started process (PID=369) to work on /home/airflow/.local/lib/python3.7/site-packages/airflow/example_dags/example_skip_dag.py
[2022-11-29T06:55:32.860+0000] {processor.py:756} INFO - Processing file /home/airflow/.local/lib/python3.7/site-packages/airflow/example_dags/example_skip_dag.py for tasks to queue
[2022-11-29T06:55:32.862+0000] {logging_mixin.py:137} INFO - [2022-11-29T06:55:32.861+0000] {dagbag.py:537} INFO - Filling up the DagBag from /home/airflow/.local/lib/python3.7/site-packages/airflow/example_dags/example_skip_dag.py
[2022-11-29T06:55:32.891+0000] {processor.py:766} INFO - DAG(s) dict_keys(['example_skip_dag']) retrieved from /home/airflow/.local/lib/python3.7/site-packages/airflow/example_dags/example_skip_dag.py
[2022-11-29T06:55:32.956+0000] {logging_mixin.py:137} INFO - [2022-11-29T06:55:32.956+0000] {dag.py:2585} INFO - Sync 1 DAGs
[2022-11-29T06:55:33.005+0000] {logging_mixin.py:137} INFO - [2022-11-29T06:55:33.005+0000] {dag.py:3340} INFO - Setting next_dagrun for example_skip_dag to 2022-11-28T06:55:33.004776+00:00, run_after=2022-11-29T06:55:33.004776+00:00
[2022-11-29T06:55:33.038+0000] {processor.py:176} INFO - Processing /home/airflow/.local/lib/python3.7/site-packages/airflow/example_dags/example_skip_dag.py took 0.185 seconds
[2022-11-29T07:01:52.248+0000] {processor.py:154} INFO - Started process (PID=68) to work on /home/airflow/.local/lib/python3.7/site-packages/airflow/example_dags/example_skip_dag.py
[2022-11-29T07:01:52.250+0000] {processor.py:756} INFO - Processing file /home/airflow/.local/lib/python3.7/site-packages/airflow/example_dags/example_skip_dag.py for tasks to queue
[2022-11-29T07:01:52.252+0000] {logging_mixin.py:137} INFO - [2022-11-29T07:01:52.252+0000] {dagbag.py:537} INFO - Filling up the DagBag from /home/airflow/.local/lib/python3.7/site-packages/airflow/example_dags/example_skip_dag.py
[2022-11-29T07:01:52.285+0000] {processor.py:766} INFO - DAG(s) dict_keys(['example_skip_dag']) retrieved from /home/airflow/.local/lib/python3.7/site-packages/airflow/example_dags/example_skip_dag.py
[2022-11-29T07:01:52.329+0000] {logging_mixin.py:137} INFO - [2022-11-29T07:01:52.329+0000] {dag.py:2585} INFO - Sync 1 DAGs
[2022-11-29T07:01:52.375+0000] {logging_mixin.py:137} INFO - [2022-11-29T07:01:52.375+0000] {dag.py:3340} INFO - Setting next_dagrun for example_skip_dag to 2022-11-28T07:01:52.374623+00:00, run_after=2022-11-29T07:01:52.374623+00:00
[2022-11-29T07:01:52.424+0000] {processor.py:176} INFO - Processing /home/airflow/.local/lib/python3.7/site-packages/airflow/example_dags/example_skip_dag.py took 0.183 seconds
[2022-11-29T07:02:23.403+0000] {processor.py:154} INFO - Started process (PID=131) to work on /home/airflow/.local/lib/python3.7/site-packages/airflow/example_dags/example_skip_dag.py
[2022-11-29T07:02:23.406+0000] {processor.py:756} INFO - Processing file /home/airflow/.local/lib/python3.7/site-packages/airflow/example_dags/example_skip_dag.py for tasks to queue
[2022-11-29T07:02:23.407+0000] {logging_mixin.py:137} INFO - [2022-11-29T07:02:23.407+0000] {dagbag.py:537} INFO - Filling up the DagBag from /home/airflow/.local/lib/python3.7/site-packages/airflow/example_dags/example_skip_dag.py
[2022-11-29T07:02:23.464+0000] {processor.py:766} INFO - DAG(s) dict_keys(['example_skip_dag']) retrieved from /home/airflow/.local/lib/python3.7/site-packages/airflow/example_dags/example_skip_dag.py
[2022-11-29T07:02:23.570+0000] {logging_mixin.py:137} INFO - [2022-11-29T07:02:23.570+0000] {dag.py:2585} INFO - Sync 1 DAGs
[2022-11-29T07:02:23.614+0000] {logging_mixin.py:137} INFO - [2022-11-29T07:02:23.614+0000] {dag.py:3340} INFO - Setting next_dagrun for example_skip_dag to 2022-11-28T07:02:23.613595+00:00, run_after=2022-11-29T07:02:23.613595+00:00
[2022-11-29T07:02:23.655+0000] {processor.py:176} INFO - Processing /home/airflow/.local/lib/python3.7/site-packages/airflow/example_dags/example_skip_dag.py took 0.258 seconds
[2022-11-29T07:02:54.497+0000] {processor.py:154} INFO - Started process (PID=186) to work on /home/airflow/.local/lib/python3.7/site-packages/airflow/example_dags/example_skip_dag.py
[2022-11-29T07:02:54.499+0000] {processor.py:756} INFO - Processing file /home/airflow/.local/lib/python3.7/site-packages/airflow/example_dags/example_skip_dag.py for tasks to queue
[2022-11-29T07:02:54.501+0000] {logging_mixin.py:137} INFO - [2022-11-29T07:02:54.500+0000] {dagbag.py:537} INFO - Filling up the DagBag from /home/airflow/.local/lib/python3.7/site-packages/airflow/example_dags/example_skip_dag.py
[2022-11-29T07:02:54.543+0000] {processor.py:766} INFO - DAG(s) dict_keys(['example_skip_dag']) retrieved from /home/airflow/.local/lib/python3.7/site-packages/airflow/example_dags/example_skip_dag.py
[2022-11-29T07:02:54.603+0000] {logging_mixin.py:137} INFO - [2022-11-29T07:02:54.603+0000] {dag.py:2585} INFO - Sync 1 DAGs
[2022-11-29T07:02:54.642+0000] {logging_mixin.py:137} INFO - [2022-11-29T07:02:54.642+0000] {dag.py:3340} INFO - Setting next_dagrun for example_skip_dag to 2022-11-28T07:02:54.641780+00:00, run_after=2022-11-29T07:02:54.641780+00:00
[2022-11-29T07:02:54.671+0000] {processor.py:176} INFO - Processing /home/airflow/.local/lib/python3.7/site-packages/airflow/example_dags/example_skip_dag.py took 0.179 seconds
[2022-11-29T07:03:25.279+0000] {processor.py:154} INFO - Started process (PID=249) to work on /home/airflow/.local/lib/python3.7/site-packages/airflow/example_dags/example_skip_dag.py
[2022-11-29T07:03:25.282+0000] {processor.py:756} INFO - Processing file /home/airflow/.local/lib/python3.7/site-packages/airflow/example_dags/example_skip_dag.py for tasks to queue
[2022-11-29T07:03:25.284+0000] {logging_mixin.py:137} INFO - [2022-11-29T07:03:25.284+0000] {dagbag.py:537} INFO - Filling up the DagBag from /home/airflow/.local/lib/python3.7/site-packages/airflow/example_dags/example_skip_dag.py
[2022-11-29T07:03:25.313+0000] {processor.py:766} INFO - DAG(s) dict_keys(['example_skip_dag']) retrieved from /home/airflow/.local/lib/python3.7/site-packages/airflow/example_dags/example_skip_dag.py
[2022-11-29T07:03:25.392+0000] {logging_mixin.py:137} INFO - [2022-11-29T07:03:25.392+0000] {dag.py:2585} INFO - Sync 1 DAGs
[2022-11-29T07:03:25.443+0000] {logging_mixin.py:137} INFO - [2022-11-29T07:03:25.443+0000] {dag.py:3340} INFO - Setting next_dagrun for example_skip_dag to 2022-11-28T07:03:25.442194+00:00, run_after=2022-11-29T07:03:25.442194+00:00
[2022-11-29T07:03:25.484+0000] {processor.py:176} INFO - Processing /home/airflow/.local/lib/python3.7/site-packages/airflow/example_dags/example_skip_dag.py took 0.212 seconds
[2022-11-29T07:03:56.762+0000] {processor.py:154} INFO - Started process (PID=312) to work on /home/airflow/.local/lib/python3.7/site-packages/airflow/example_dags/example_skip_dag.py
[2022-11-29T07:03:56.769+0000] {processor.py:756} INFO - Processing file /home/airflow/.local/lib/python3.7/site-packages/airflow/example_dags/example_skip_dag.py for tasks to queue
[2022-11-29T07:03:56.787+0000] {logging_mixin.py:137} INFO - [2022-11-29T07:03:56.774+0000] {dagbag.py:537} INFO - Filling up the DagBag from /home/airflow/.local/lib/python3.7/site-packages/airflow/example_dags/example_skip_dag.py
[2022-11-29T07:03:58.030+0000] {logging_mixin.py:137} INFO - [2022-11-29T07:03:58.030+0000] {process_utils.py:256} INFO - Waiting up to 5 seconds for processes to exit...
[2022-11-29T07:04:51.306+0000] {processor.py:154} INFO - Started process (PID=68) to work on /home/airflow/.local/lib/python3.7/site-packages/airflow/example_dags/example_skip_dag.py
[2022-11-29T07:04:51.317+0000] {processor.py:756} INFO - Processing file /home/airflow/.local/lib/python3.7/site-packages/airflow/example_dags/example_skip_dag.py for tasks to queue
[2022-11-29T07:04:51.319+0000] {logging_mixin.py:137} INFO - [2022-11-29T07:04:51.319+0000] {dagbag.py:537} INFO - Filling up the DagBag from /home/airflow/.local/lib/python3.7/site-packages/airflow/example_dags/example_skip_dag.py
[2022-11-29T07:04:51.358+0000] {processor.py:766} INFO - DAG(s) dict_keys(['example_skip_dag']) retrieved from /home/airflow/.local/lib/python3.7/site-packages/airflow/example_dags/example_skip_dag.py
[2022-11-29T07:04:51.453+0000] {logging_mixin.py:137} INFO - [2022-11-29T07:04:51.452+0000] {dag.py:2585} INFO - Sync 1 DAGs
[2022-11-29T07:04:51.496+0000] {logging_mixin.py:137} INFO - [2022-11-29T07:04:51.496+0000] {dag.py:3340} INFO - Setting next_dagrun for example_skip_dag to 2022-11-28T07:04:51.496113+00:00, run_after=2022-11-29T07:04:51.496113+00:00
[2022-11-29T07:04:51.529+0000] {processor.py:176} INFO - Processing /home/airflow/.local/lib/python3.7/site-packages/airflow/example_dags/example_skip_dag.py took 0.230 seconds
[2022-11-29T07:06:01.650+0000] {processor.py:154} INFO - Started process (PID=68) to work on /home/airflow/.local/lib/python3.7/site-packages/airflow/example_dags/example_skip_dag.py
[2022-11-29T07:06:01.652+0000] {processor.py:756} INFO - Processing file /home/airflow/.local/lib/python3.7/site-packages/airflow/example_dags/example_skip_dag.py for tasks to queue
[2022-11-29T07:06:01.655+0000] {logging_mixin.py:137} INFO - [2022-11-29T07:06:01.654+0000] {dagbag.py:537} INFO - Filling up the DagBag from /home/airflow/.local/lib/python3.7/site-packages/airflow/example_dags/example_skip_dag.py
[2022-11-29T07:06:01.685+0000] {processor.py:766} INFO - DAG(s) dict_keys(['example_skip_dag']) retrieved from /home/airflow/.local/lib/python3.7/site-packages/airflow/example_dags/example_skip_dag.py
[2022-11-29T07:06:01.770+0000] {logging_mixin.py:137} INFO - [2022-11-29T07:06:01.770+0000] {dag.py:2585} INFO - Sync 1 DAGs
[2022-11-29T07:06:01.833+0000] {logging_mixin.py:137} INFO - [2022-11-29T07:06:01.832+0000] {dag.py:3340} INFO - Setting next_dagrun for example_skip_dag to 2022-11-28T07:06:01.831391+00:00, run_after=2022-11-29T07:06:01.831391+00:00
[2022-11-29T07:06:01.880+0000] {processor.py:176} INFO - Processing /home/airflow/.local/lib/python3.7/site-packages/airflow/example_dags/example_skip_dag.py took 0.240 seconds
[2022-11-29T07:06:32.359+0000] {processor.py:154} INFO - Started process (PID=131) to work on /home/airflow/.local/lib/python3.7/site-packages/airflow/example_dags/example_skip_dag.py
[2022-11-29T07:06:32.360+0000] {processor.py:756} INFO - Processing file /home/airflow/.local/lib/python3.7/site-packages/airflow/example_dags/example_skip_dag.py for tasks to queue
[2022-11-29T07:06:32.362+0000] {logging_mixin.py:137} INFO - [2022-11-29T07:06:32.362+0000] {dagbag.py:537} INFO - Filling up the DagBag from /home/airflow/.local/lib/python3.7/site-packages/airflow/example_dags/example_skip_dag.py
[2022-11-29T07:06:32.386+0000] {processor.py:766} INFO - DAG(s) dict_keys(['example_skip_dag']) retrieved from /home/airflow/.local/lib/python3.7/site-packages/airflow/example_dags/example_skip_dag.py
[2022-11-29T07:06:32.452+0000] {logging_mixin.py:137} INFO - [2022-11-29T07:06:32.452+0000] {dag.py:2585} INFO - Sync 1 DAGs
[2022-11-29T07:06:32.492+0000] {logging_mixin.py:137} INFO - [2022-11-29T07:06:32.491+0000] {dag.py:3340} INFO - Setting next_dagrun for example_skip_dag to 2022-11-28T07:06:32.491572+00:00, run_after=2022-11-29T07:06:32.491572+00:00
[2022-11-29T07:06:32.522+0000] {processor.py:176} INFO - Processing /home/airflow/.local/lib/python3.7/site-packages/airflow/example_dags/example_skip_dag.py took 0.168 seconds
[2022-11-29T07:07:02.968+0000] {processor.py:154} INFO - Started process (PID=186) to work on /home/airflow/.local/lib/python3.7/site-packages/airflow/example_dags/example_skip_dag.py
[2022-11-29T07:07:02.970+0000] {processor.py:756} INFO - Processing file /home/airflow/.local/lib/python3.7/site-packages/airflow/example_dags/example_skip_dag.py for tasks to queue
[2022-11-29T07:07:02.971+0000] {logging_mixin.py:137} INFO - [2022-11-29T07:07:02.971+0000] {dagbag.py:537} INFO - Filling up the DagBag from /home/airflow/.local/lib/python3.7/site-packages/airflow/example_dags/example_skip_dag.py
[2022-11-29T07:07:02.997+0000] {processor.py:766} INFO - DAG(s) dict_keys(['example_skip_dag']) retrieved from /home/airflow/.local/lib/python3.7/site-packages/airflow/example_dags/example_skip_dag.py
[2022-11-29T07:07:03.062+0000] {logging_mixin.py:137} INFO - [2022-11-29T07:07:03.062+0000] {dag.py:2585} INFO - Sync 1 DAGs
[2022-11-29T07:07:03.105+0000] {logging_mixin.py:137} INFO - [2022-11-29T07:07:03.105+0000] {dag.py:3340} INFO - Setting next_dagrun for example_skip_dag to 2022-11-28T07:07:03.104881+00:00, run_after=2022-11-29T07:07:03.104881+00:00
[2022-11-29T07:07:03.136+0000] {processor.py:176} INFO - Processing /home/airflow/.local/lib/python3.7/site-packages/airflow/example_dags/example_skip_dag.py took 0.174 seconds
[2022-11-29T07:07:33.752+0000] {processor.py:154} INFO - Started process (PID=249) to work on /home/airflow/.local/lib/python3.7/site-packages/airflow/example_dags/example_skip_dag.py
[2022-11-29T07:07:33.754+0000] {processor.py:756} INFO - Processing file /home/airflow/.local/lib/python3.7/site-packages/airflow/example_dags/example_skip_dag.py for tasks to queue
[2022-11-29T07:07:33.757+0000] {logging_mixin.py:137} INFO - [2022-11-29T07:07:33.756+0000] {dagbag.py:537} INFO - Filling up the DagBag from /home/airflow/.local/lib/python3.7/site-packages/airflow/example_dags/example_skip_dag.py
[2022-11-29T07:07:33.780+0000] {processor.py:766} INFO - DAG(s) dict_keys(['example_skip_dag']) retrieved from /home/airflow/.local/lib/python3.7/site-packages/airflow/example_dags/example_skip_dag.py
[2022-11-29T07:07:33.842+0000] {logging_mixin.py:137} INFO - [2022-11-29T07:07:33.842+0000] {dag.py:2585} INFO - Sync 1 DAGs
[2022-11-29T07:07:33.879+0000] {logging_mixin.py:137} INFO - [2022-11-29T07:07:33.879+0000] {dag.py:3340} INFO - Setting next_dagrun for example_skip_dag to 2022-11-28T07:07:33.878948+00:00, run_after=2022-11-29T07:07:33.878948+00:00
[2022-11-29T07:07:33.910+0000] {processor.py:176} INFO - Processing /home/airflow/.local/lib/python3.7/site-packages/airflow/example_dags/example_skip_dag.py took 0.163 seconds
[2022-11-29T07:08:04.656+0000] {processor.py:154} INFO - Started process (PID=314) to work on /home/airflow/.local/lib/python3.7/site-packages/airflow/example_dags/example_skip_dag.py
[2022-11-29T07:08:04.658+0000] {processor.py:756} INFO - Processing file /home/airflow/.local/lib/python3.7/site-packages/airflow/example_dags/example_skip_dag.py for tasks to queue
[2022-11-29T07:08:04.660+0000] {logging_mixin.py:137} INFO - [2022-11-29T07:08:04.659+0000] {dagbag.py:537} INFO - Filling up the DagBag from /home/airflow/.local/lib/python3.7/site-packages/airflow/example_dags/example_skip_dag.py
[2022-11-29T07:08:04.685+0000] {processor.py:766} INFO - DAG(s) dict_keys(['example_skip_dag']) retrieved from /home/airflow/.local/lib/python3.7/site-packages/airflow/example_dags/example_skip_dag.py
[2022-11-29T07:08:04.756+0000] {logging_mixin.py:137} INFO - [2022-11-29T07:08:04.756+0000] {dag.py:2585} INFO - Sync 1 DAGs
[2022-11-29T07:08:04.791+0000] {logging_mixin.py:137} INFO - [2022-11-29T07:08:04.791+0000] {dag.py:3340} INFO - Setting next_dagrun for example_skip_dag to 2022-11-28T07:08:04.790786+00:00, run_after=2022-11-29T07:08:04.790786+00:00
[2022-11-29T07:08:04.816+0000] {processor.py:176} INFO - Processing /home/airflow/.local/lib/python3.7/site-packages/airflow/example_dags/example_skip_dag.py took 0.165 seconds
[2022-11-29T07:08:34.906+0000] {processor.py:154} INFO - Started process (PID=367) to work on /home/airflow/.local/lib/python3.7/site-packages/airflow/example_dags/example_skip_dag.py
[2022-11-29T07:08:34.908+0000] {processor.py:756} INFO - Processing file /home/airflow/.local/lib/python3.7/site-packages/airflow/example_dags/example_skip_dag.py for tasks to queue
[2022-11-29T07:08:34.910+0000] {logging_mixin.py:137} INFO - [2022-11-29T07:08:34.910+0000] {dagbag.py:537} INFO - Filling up the DagBag from /home/airflow/.local/lib/python3.7/site-packages/airflow/example_dags/example_skip_dag.py
[2022-11-29T07:08:34.935+0000] {processor.py:766} INFO - DAG(s) dict_keys(['example_skip_dag']) retrieved from /home/airflow/.local/lib/python3.7/site-packages/airflow/example_dags/example_skip_dag.py
[2022-11-29T07:08:35.010+0000] {logging_mixin.py:137} INFO - [2022-11-29T07:08:35.010+0000] {dag.py:2585} INFO - Sync 1 DAGs
[2022-11-29T07:08:35.064+0000] {logging_mixin.py:137} INFO - [2022-11-29T07:08:35.064+0000] {dag.py:3340} INFO - Setting next_dagrun for example_skip_dag to 2022-11-28T07:08:35.064137+00:00, run_after=2022-11-29T07:08:35.064137+00:00
[2022-11-29T07:08:35.099+0000] {processor.py:176} INFO - Processing /home/airflow/.local/lib/python3.7/site-packages/airflow/example_dags/example_skip_dag.py took 0.201 seconds
[2022-11-29T07:09:05.630+0000] {processor.py:154} INFO - Started process (PID=430) to work on /home/airflow/.local/lib/python3.7/site-packages/airflow/example_dags/example_skip_dag.py
[2022-11-29T07:09:05.632+0000] {processor.py:756} INFO - Processing file /home/airflow/.local/lib/python3.7/site-packages/airflow/example_dags/example_skip_dag.py for tasks to queue
[2022-11-29T07:09:05.635+0000] {logging_mixin.py:137} INFO - [2022-11-29T07:09:05.635+0000] {dagbag.py:537} INFO - Filling up the DagBag from /home/airflow/.local/lib/python3.7/site-packages/airflow/example_dags/example_skip_dag.py
[2022-11-29T07:09:05.670+0000] {processor.py:766} INFO - DAG(s) dict_keys(['example_skip_dag']) retrieved from /home/airflow/.local/lib/python3.7/site-packages/airflow/example_dags/example_skip_dag.py
[2022-11-29T07:09:05.761+0000] {logging_mixin.py:137} INFO - [2022-11-29T07:09:05.761+0000] {dag.py:2585} INFO - Sync 1 DAGs
[2022-11-29T07:09:05.804+0000] {logging_mixin.py:137} INFO - [2022-11-29T07:09:05.804+0000] {dag.py:3340} INFO - Setting next_dagrun for example_skip_dag to 2022-11-28T07:09:05.804066+00:00, run_after=2022-11-29T07:09:05.804066+00:00
[2022-11-29T07:09:05.839+0000] {processor.py:176} INFO - Processing /home/airflow/.local/lib/python3.7/site-packages/airflow/example_dags/example_skip_dag.py took 0.216 seconds
[2022-11-29T07:09:36.010+0000] {processor.py:154} INFO - Started process (PID=491) to work on /home/airflow/.local/lib/python3.7/site-packages/airflow/example_dags/example_skip_dag.py
[2022-11-29T07:09:36.012+0000] {processor.py:756} INFO - Processing file /home/airflow/.local/lib/python3.7/site-packages/airflow/example_dags/example_skip_dag.py for tasks to queue
[2022-11-29T07:09:36.014+0000] {logging_mixin.py:137} INFO - [2022-11-29T07:09:36.014+0000] {dagbag.py:537} INFO - Filling up the DagBag from /home/airflow/.local/lib/python3.7/site-packages/airflow/example_dags/example_skip_dag.py
[2022-11-29T07:09:36.044+0000] {processor.py:766} INFO - DAG(s) dict_keys(['example_skip_dag']) retrieved from /home/airflow/.local/lib/python3.7/site-packages/airflow/example_dags/example_skip_dag.py
[2022-11-29T07:09:36.131+0000] {logging_mixin.py:137} INFO - [2022-11-29T07:09:36.131+0000] {dag.py:2585} INFO - Sync 1 DAGs
[2022-11-29T07:09:36.196+0000] {logging_mixin.py:137} INFO - [2022-11-29T07:09:36.195+0000] {dag.py:3340} INFO - Setting next_dagrun for example_skip_dag to 2022-11-28T07:09:36.195384+00:00, run_after=2022-11-29T07:09:36.195384+00:00
[2022-11-29T07:09:36.271+0000] {processor.py:176} INFO - Processing /home/airflow/.local/lib/python3.7/site-packages/airflow/example_dags/example_skip_dag.py took 0.267 seconds
[2022-11-29T07:10:06.605+0000] {processor.py:154} INFO - Started process (PID=547) to work on /home/airflow/.local/lib/python3.7/site-packages/airflow/example_dags/example_skip_dag.py
[2022-11-29T07:10:06.607+0000] {processor.py:756} INFO - Processing file /home/airflow/.local/lib/python3.7/site-packages/airflow/example_dags/example_skip_dag.py for tasks to queue
[2022-11-29T07:10:06.609+0000] {logging_mixin.py:137} INFO - [2022-11-29T07:10:06.609+0000] {dagbag.py:537} INFO - Filling up the DagBag from /home/airflow/.local/lib/python3.7/site-packages/airflow/example_dags/example_skip_dag.py
[2022-11-29T07:10:06.637+0000] {processor.py:766} INFO - DAG(s) dict_keys(['example_skip_dag']) retrieved from /home/airflow/.local/lib/python3.7/site-packages/airflow/example_dags/example_skip_dag.py
[2022-11-29T07:10:06.710+0000] {logging_mixin.py:137} INFO - [2022-11-29T07:10:06.710+0000] {dag.py:2585} INFO - Sync 1 DAGs
[2022-11-29T07:10:06.748+0000] {logging_mixin.py:137} INFO - [2022-11-29T07:10:06.748+0000] {dag.py:3340} INFO - Setting next_dagrun for example_skip_dag to 2022-11-28T07:10:06.747944+00:00, run_after=2022-11-29T07:10:06.747944+00:00
[2022-11-29T07:10:06.777+0000] {processor.py:176} INFO - Processing /home/airflow/.local/lib/python3.7/site-packages/airflow/example_dags/example_skip_dag.py took 0.182 seconds
[2022-11-29T07:10:37.929+0000] {processor.py:154} INFO - Started process (PID=610) to work on /home/airflow/.local/lib/python3.7/site-packages/airflow/example_dags/example_skip_dag.py
[2022-11-29T07:10:37.932+0000] {processor.py:756} INFO - Processing file /home/airflow/.local/lib/python3.7/site-packages/airflow/example_dags/example_skip_dag.py for tasks to queue
[2022-11-29T07:10:37.934+0000] {logging_mixin.py:137} INFO - [2022-11-29T07:10:37.934+0000] {dagbag.py:537} INFO - Filling up the DagBag from /home/airflow/.local/lib/python3.7/site-packages/airflow/example_dags/example_skip_dag.py
[2022-11-29T07:10:37.961+0000] {processor.py:766} INFO - DAG(s) dict_keys(['example_skip_dag']) retrieved from /home/airflow/.local/lib/python3.7/site-packages/airflow/example_dags/example_skip_dag.py
[2022-11-29T07:10:38.035+0000] {logging_mixin.py:137} INFO - [2022-11-29T07:10:38.035+0000] {dag.py:2585} INFO - Sync 1 DAGs
[2022-11-29T07:10:38.090+0000] {logging_mixin.py:137} INFO - [2022-11-29T07:10:38.089+0000] {dag.py:3340} INFO - Setting next_dagrun for example_skip_dag to 2022-11-28T07:10:38.089596+00:00, run_after=2022-11-29T07:10:38.089596+00:00
[2022-11-29T07:10:38.135+0000] {processor.py:176} INFO - Processing /home/airflow/.local/lib/python3.7/site-packages/airflow/example_dags/example_skip_dag.py took 0.214 seconds
[2022-11-29T07:11:09.214+0000] {processor.py:154} INFO - Started process (PID=664) to work on /home/airflow/.local/lib/python3.7/site-packages/airflow/example_dags/example_skip_dag.py
[2022-11-29T07:11:09.216+0000] {processor.py:756} INFO - Processing file /home/airflow/.local/lib/python3.7/site-packages/airflow/example_dags/example_skip_dag.py for tasks to queue
[2022-11-29T07:11:09.218+0000] {logging_mixin.py:137} INFO - [2022-11-29T07:11:09.218+0000] {dagbag.py:537} INFO - Filling up the DagBag from /home/airflow/.local/lib/python3.7/site-packages/airflow/example_dags/example_skip_dag.py
[2022-11-29T07:11:09.243+0000] {processor.py:766} INFO - DAG(s) dict_keys(['example_skip_dag']) retrieved from /home/airflow/.local/lib/python3.7/site-packages/airflow/example_dags/example_skip_dag.py
[2022-11-29T07:11:09.309+0000] {logging_mixin.py:137} INFO - [2022-11-29T07:11:09.309+0000] {dag.py:2585} INFO - Sync 1 DAGs
[2022-11-29T07:11:09.372+0000] {logging_mixin.py:137} INFO - [2022-11-29T07:11:09.372+0000] {dag.py:3340} INFO - Setting next_dagrun for example_skip_dag to 2022-11-28T07:11:09.372071+00:00, run_after=2022-11-29T07:11:09.372071+00:00
[2022-11-29T07:11:09.430+0000] {processor.py:176} INFO - Processing /home/airflow/.local/lib/python3.7/site-packages/airflow/example_dags/example_skip_dag.py took 0.221 seconds
[2022-11-29T07:11:39.884+0000] {processor.py:154} INFO - Started process (PID=726) to work on /home/airflow/.local/lib/python3.7/site-packages/airflow/example_dags/example_skip_dag.py
[2022-11-29T07:11:39.886+0000] {processor.py:756} INFO - Processing file /home/airflow/.local/lib/python3.7/site-packages/airflow/example_dags/example_skip_dag.py for tasks to queue
[2022-11-29T07:11:39.887+0000] {logging_mixin.py:137} INFO - [2022-11-29T07:11:39.887+0000] {dagbag.py:537} INFO - Filling up the DagBag from /home/airflow/.local/lib/python3.7/site-packages/airflow/example_dags/example_skip_dag.py
[2022-11-29T07:11:39.909+0000] {processor.py:766} INFO - DAG(s) dict_keys(['example_skip_dag']) retrieved from /home/airflow/.local/lib/python3.7/site-packages/airflow/example_dags/example_skip_dag.py
[2022-11-29T07:11:39.966+0000] {logging_mixin.py:137} INFO - [2022-11-29T07:11:39.966+0000] {dag.py:2585} INFO - Sync 1 DAGs
[2022-11-29T07:11:40.005+0000] {logging_mixin.py:137} INFO - [2022-11-29T07:11:40.005+0000] {dag.py:3340} INFO - Setting next_dagrun for example_skip_dag to 2022-11-28T07:11:40.004714+00:00, run_after=2022-11-29T07:11:40.004714+00:00
[2022-11-29T07:11:40.051+0000] {processor.py:176} INFO - Processing /home/airflow/.local/lib/python3.7/site-packages/airflow/example_dags/example_skip_dag.py took 0.172 seconds
[2022-11-29T07:12:10.619+0000] {processor.py:154} INFO - Started process (PID=790) to work on /home/airflow/.local/lib/python3.7/site-packages/airflow/example_dags/example_skip_dag.py
[2022-11-29T07:12:10.622+0000] {processor.py:756} INFO - Processing file /home/airflow/.local/lib/python3.7/site-packages/airflow/example_dags/example_skip_dag.py for tasks to queue
[2022-11-29T07:12:10.631+0000] {logging_mixin.py:137} INFO - [2022-11-29T07:12:10.631+0000] {dagbag.py:537} INFO - Filling up the DagBag from /home/airflow/.local/lib/python3.7/site-packages/airflow/example_dags/example_skip_dag.py
[2022-11-29T07:12:10.664+0000] {processor.py:766} INFO - DAG(s) dict_keys(['example_skip_dag']) retrieved from /home/airflow/.local/lib/python3.7/site-packages/airflow/example_dags/example_skip_dag.py
[2022-11-29T07:12:10.728+0000] {logging_mixin.py:137} INFO - [2022-11-29T07:12:10.728+0000] {dag.py:2585} INFO - Sync 1 DAGs
[2022-11-29T07:12:10.766+0000] {logging_mixin.py:137} INFO - [2022-11-29T07:12:10.766+0000] {dag.py:3340} INFO - Setting next_dagrun for example_skip_dag to 2022-11-28T07:12:10.766188+00:00, run_after=2022-11-29T07:12:10.766188+00:00
[2022-11-29T07:12:10.795+0000] {processor.py:176} INFO - Processing /home/airflow/.local/lib/python3.7/site-packages/airflow/example_dags/example_skip_dag.py took 0.181 seconds
[2022-11-29T07:12:40.990+0000] {processor.py:154} INFO - Started process (PID=844) to work on /home/airflow/.local/lib/python3.7/site-packages/airflow/example_dags/example_skip_dag.py
[2022-11-29T07:12:40.993+0000] {processor.py:756} INFO - Processing file /home/airflow/.local/lib/python3.7/site-packages/airflow/example_dags/example_skip_dag.py for tasks to queue
[2022-11-29T07:12:40.995+0000] {logging_mixin.py:137} INFO - [2022-11-29T07:12:40.994+0000] {dagbag.py:537} INFO - Filling up the DagBag from /home/airflow/.local/lib/python3.7/site-packages/airflow/example_dags/example_skip_dag.py
[2022-11-29T07:12:41.020+0000] {processor.py:766} INFO - DAG(s) dict_keys(['example_skip_dag']) retrieved from /home/airflow/.local/lib/python3.7/site-packages/airflow/example_dags/example_skip_dag.py
[2022-11-29T07:12:41.086+0000] {logging_mixin.py:137} INFO - [2022-11-29T07:12:41.085+0000] {dag.py:2585} INFO - Sync 1 DAGs
[2022-11-29T07:12:41.125+0000] {logging_mixin.py:137} INFO - [2022-11-29T07:12:41.125+0000] {dag.py:3340} INFO - Setting next_dagrun for example_skip_dag to 2022-11-28T07:12:41.124921+00:00, run_after=2022-11-29T07:12:41.124921+00:00
[2022-11-29T07:12:41.162+0000] {processor.py:176} INFO - Processing /home/airflow/.local/lib/python3.7/site-packages/airflow/example_dags/example_skip_dag.py took 0.178 seconds
[2022-11-29T07:13:11.406+0000] {processor.py:154} INFO - Started process (PID=906) to work on /home/airflow/.local/lib/python3.7/site-packages/airflow/example_dags/example_skip_dag.py
[2022-11-29T07:13:11.408+0000] {processor.py:756} INFO - Processing file /home/airflow/.local/lib/python3.7/site-packages/airflow/example_dags/example_skip_dag.py for tasks to queue
[2022-11-29T07:13:11.410+0000] {logging_mixin.py:137} INFO - [2022-11-29T07:13:11.410+0000] {dagbag.py:537} INFO - Filling up the DagBag from /home/airflow/.local/lib/python3.7/site-packages/airflow/example_dags/example_skip_dag.py
[2022-11-29T07:13:11.434+0000] {processor.py:766} INFO - DAG(s) dict_keys(['example_skip_dag']) retrieved from /home/airflow/.local/lib/python3.7/site-packages/airflow/example_dags/example_skip_dag.py
[2022-11-29T07:13:11.500+0000] {logging_mixin.py:137} INFO - [2022-11-29T07:13:11.500+0000] {dag.py:2585} INFO - Sync 1 DAGs
[2022-11-29T07:13:11.541+0000] {logging_mixin.py:137} INFO - [2022-11-29T07:13:11.541+0000] {dag.py:3340} INFO - Setting next_dagrun for example_skip_dag to 2022-11-28T07:13:11.541212+00:00, run_after=2022-11-29T07:13:11.541212+00:00
[2022-11-29T07:13:11.576+0000] {processor.py:176} INFO - Processing /home/airflow/.local/lib/python3.7/site-packages/airflow/example_dags/example_skip_dag.py took 0.177 seconds
[2022-11-29T07:13:42.109+0000] {processor.py:154} INFO - Started process (PID=969) to work on /home/airflow/.local/lib/python3.7/site-packages/airflow/example_dags/example_skip_dag.py
[2022-11-29T07:13:42.111+0000] {processor.py:756} INFO - Processing file /home/airflow/.local/lib/python3.7/site-packages/airflow/example_dags/example_skip_dag.py for tasks to queue
[2022-11-29T07:13:42.112+0000] {logging_mixin.py:137} INFO - [2022-11-29T07:13:42.112+0000] {dagbag.py:537} INFO - Filling up the DagBag from /home/airflow/.local/lib/python3.7/site-packages/airflow/example_dags/example_skip_dag.py
[2022-11-29T07:13:42.139+0000] {processor.py:766} INFO - DAG(s) dict_keys(['example_skip_dag']) retrieved from /home/airflow/.local/lib/python3.7/site-packages/airflow/example_dags/example_skip_dag.py
[2022-11-29T07:13:42.213+0000] {logging_mixin.py:137} INFO - [2022-11-29T07:13:42.213+0000] {dag.py:2585} INFO - Sync 1 DAGs
[2022-11-29T07:13:42.253+0000] {logging_mixin.py:137} INFO - [2022-11-29T07:13:42.252+0000] {dag.py:3340} INFO - Setting next_dagrun for example_skip_dag to 2022-11-28T07:13:42.252486+00:00, run_after=2022-11-29T07:13:42.252486+00:00
[2022-11-29T07:13:42.283+0000] {processor.py:176} INFO - Processing /home/airflow/.local/lib/python3.7/site-packages/airflow/example_dags/example_skip_dag.py took 0.181 seconds
[2022-11-29T07:14:13.364+0000] {processor.py:154} INFO - Started process (PID=1023) to work on /home/airflow/.local/lib/python3.7/site-packages/airflow/example_dags/example_skip_dag.py
[2022-11-29T07:14:13.367+0000] {processor.py:756} INFO - Processing file /home/airflow/.local/lib/python3.7/site-packages/airflow/example_dags/example_skip_dag.py for tasks to queue
[2022-11-29T07:14:13.369+0000] {logging_mixin.py:137} INFO - [2022-11-29T07:14:13.369+0000] {dagbag.py:537} INFO - Filling up the DagBag from /home/airflow/.local/lib/python3.7/site-packages/airflow/example_dags/example_skip_dag.py
[2022-11-29T07:14:13.390+0000] {processor.py:766} INFO - DAG(s) dict_keys(['example_skip_dag']) retrieved from /home/airflow/.local/lib/python3.7/site-packages/airflow/example_dags/example_skip_dag.py
[2022-11-29T07:14:13.459+0000] {logging_mixin.py:137} INFO - [2022-11-29T07:14:13.459+0000] {dag.py:2585} INFO - Sync 1 DAGs
[2022-11-29T07:14:13.509+0000] {logging_mixin.py:137} INFO - [2022-11-29T07:14:13.509+0000] {dag.py:3340} INFO - Setting next_dagrun for example_skip_dag to 2022-11-28T07:14:13.508779+00:00, run_after=2022-11-29T07:14:13.508779+00:00
[2022-11-29T07:14:13.568+0000] {processor.py:176} INFO - Processing /home/airflow/.local/lib/python3.7/site-packages/airflow/example_dags/example_skip_dag.py took 0.212 seconds
[2022-11-29T07:14:43.763+0000] {processor.py:154} INFO - Started process (PID=1086) to work on /home/airflow/.local/lib/python3.7/site-packages/airflow/example_dags/example_skip_dag.py
[2022-11-29T07:14:43.765+0000] {processor.py:756} INFO - Processing file /home/airflow/.local/lib/python3.7/site-packages/airflow/example_dags/example_skip_dag.py for tasks to queue
[2022-11-29T07:14:43.767+0000] {logging_mixin.py:137} INFO - [2022-11-29T07:14:43.766+0000] {dagbag.py:537} INFO - Filling up the DagBag from /home/airflow/.local/lib/python3.7/site-packages/airflow/example_dags/example_skip_dag.py
[2022-11-29T07:14:43.788+0000] {processor.py:766} INFO - DAG(s) dict_keys(['example_skip_dag']) retrieved from /home/airflow/.local/lib/python3.7/site-packages/airflow/example_dags/example_skip_dag.py
[2022-11-29T07:14:43.844+0000] {logging_mixin.py:137} INFO - [2022-11-29T07:14:43.843+0000] {dag.py:2585} INFO - Sync 1 DAGs
[2022-11-29T07:14:43.875+0000] {logging_mixin.py:137} INFO - [2022-11-29T07:14:43.875+0000] {dag.py:3340} INFO - Setting next_dagrun for example_skip_dag to 2022-11-28T07:14:43.875206+00:00, run_after=2022-11-29T07:14:43.875206+00:00
[2022-11-29T07:14:43.904+0000] {processor.py:176} INFO - Processing /home/airflow/.local/lib/python3.7/site-packages/airflow/example_dags/example_skip_dag.py took 0.146 seconds
[2022-11-29T07:15:14.716+0000] {processor.py:154} INFO - Started process (PID=1149) to work on /home/airflow/.local/lib/python3.7/site-packages/airflow/example_dags/example_skip_dag.py
[2022-11-29T07:15:14.718+0000] {processor.py:756} INFO - Processing file /home/airflow/.local/lib/python3.7/site-packages/airflow/example_dags/example_skip_dag.py for tasks to queue
[2022-11-29T07:15:14.719+0000] {logging_mixin.py:137} INFO - [2022-11-29T07:15:14.719+0000] {dagbag.py:537} INFO - Filling up the DagBag from /home/airflow/.local/lib/python3.7/site-packages/airflow/example_dags/example_skip_dag.py
[2022-11-29T07:15:14.742+0000] {processor.py:766} INFO - DAG(s) dict_keys(['example_skip_dag']) retrieved from /home/airflow/.local/lib/python3.7/site-packages/airflow/example_dags/example_skip_dag.py
[2022-11-29T07:15:14.804+0000] {logging_mixin.py:137} INFO - [2022-11-29T07:15:14.804+0000] {dag.py:2585} INFO - Sync 1 DAGs
[2022-11-29T07:15:14.845+0000] {logging_mixin.py:137} INFO - [2022-11-29T07:15:14.845+0000] {dag.py:3340} INFO - Setting next_dagrun for example_skip_dag to 2022-11-28T07:15:14.844660+00:00, run_after=2022-11-29T07:15:14.844660+00:00
[2022-11-29T07:15:14.875+0000] {processor.py:176} INFO - Processing /home/airflow/.local/lib/python3.7/site-packages/airflow/example_dags/example_skip_dag.py took 0.164 seconds
[2022-11-29T07:15:45.691+0000] {processor.py:154} INFO - Started process (PID=1203) to work on /home/airflow/.local/lib/python3.7/site-packages/airflow/example_dags/example_skip_dag.py
[2022-11-29T07:15:45.692+0000] {processor.py:756} INFO - Processing file /home/airflow/.local/lib/python3.7/site-packages/airflow/example_dags/example_skip_dag.py for tasks to queue
[2022-11-29T07:15:45.694+0000] {logging_mixin.py:137} INFO - [2022-11-29T07:15:45.694+0000] {dagbag.py:537} INFO - Filling up the DagBag from /home/airflow/.local/lib/python3.7/site-packages/airflow/example_dags/example_skip_dag.py
[2022-11-29T07:15:45.727+0000] {processor.py:766} INFO - DAG(s) dict_keys(['example_skip_dag']) retrieved from /home/airflow/.local/lib/python3.7/site-packages/airflow/example_dags/example_skip_dag.py
[2022-11-29T07:15:45.812+0000] {logging_mixin.py:137} INFO - [2022-11-29T07:15:45.811+0000] {dag.py:2585} INFO - Sync 1 DAGs
[2022-11-29T07:15:45.877+0000] {logging_mixin.py:137} INFO - [2022-11-29T07:15:45.877+0000] {dag.py:3340} INFO - Setting next_dagrun for example_skip_dag to 2022-11-28T07:15:45.877112+00:00, run_after=2022-11-29T07:15:45.877112+00:00
[2022-11-29T07:15:45.919+0000] {processor.py:176} INFO - Processing /home/airflow/.local/lib/python3.7/site-packages/airflow/example_dags/example_skip_dag.py took 0.234 seconds
[2022-11-29T07:16:16.297+0000] {processor.py:154} INFO - Started process (PID=1267) to work on /home/airflow/.local/lib/python3.7/site-packages/airflow/example_dags/example_skip_dag.py
[2022-11-29T07:16:16.299+0000] {processor.py:756} INFO - Processing file /home/airflow/.local/lib/python3.7/site-packages/airflow/example_dags/example_skip_dag.py for tasks to queue
[2022-11-29T07:16:16.302+0000] {logging_mixin.py:137} INFO - [2022-11-29T07:16:16.302+0000] {dagbag.py:537} INFO - Filling up the DagBag from /home/airflow/.local/lib/python3.7/site-packages/airflow/example_dags/example_skip_dag.py
[2022-11-29T07:16:16.343+0000] {processor.py:766} INFO - DAG(s) dict_keys(['example_skip_dag']) retrieved from /home/airflow/.local/lib/python3.7/site-packages/airflow/example_dags/example_skip_dag.py
[2022-11-29T07:16:16.442+0000] {logging_mixin.py:137} INFO - [2022-11-29T07:16:16.441+0000] {dag.py:2585} INFO - Sync 1 DAGs
[2022-11-29T07:16:16.524+0000] {logging_mixin.py:137} INFO - [2022-11-29T07:16:16.524+0000] {dag.py:3340} INFO - Setting next_dagrun for example_skip_dag to 2022-11-28T07:16:16.523491+00:00, run_after=2022-11-29T07:16:16.523491+00:00
[2022-11-29T07:16:16.573+0000] {processor.py:176} INFO - Processing /home/airflow/.local/lib/python3.7/site-packages/airflow/example_dags/example_skip_dag.py took 0.286 seconds
[2022-11-29T07:16:47.302+0000] {processor.py:154} INFO - Started process (PID=1331) to work on /home/airflow/.local/lib/python3.7/site-packages/airflow/example_dags/example_skip_dag.py
[2022-11-29T07:16:47.304+0000] {processor.py:756} INFO - Processing file /home/airflow/.local/lib/python3.7/site-packages/airflow/example_dags/example_skip_dag.py for tasks to queue
[2022-11-29T07:16:47.307+0000] {logging_mixin.py:137} INFO - [2022-11-29T07:16:47.307+0000] {dagbag.py:537} INFO - Filling up the DagBag from /home/airflow/.local/lib/python3.7/site-packages/airflow/example_dags/example_skip_dag.py
[2022-11-29T07:16:47.339+0000] {processor.py:766} INFO - DAG(s) dict_keys(['example_skip_dag']) retrieved from /home/airflow/.local/lib/python3.7/site-packages/airflow/example_dags/example_skip_dag.py
[2022-11-29T07:16:47.414+0000] {logging_mixin.py:137} INFO - [2022-11-29T07:16:47.414+0000] {dag.py:2585} INFO - Sync 1 DAGs
[2022-11-29T07:16:47.463+0000] {logging_mixin.py:137} INFO - [2022-11-29T07:16:47.463+0000] {dag.py:3340} INFO - Setting next_dagrun for example_skip_dag to 2022-11-28T07:16:47.462596+00:00, run_after=2022-11-29T07:16:47.462596+00:00
[2022-11-29T07:16:47.493+0000] {processor.py:176} INFO - Processing /home/airflow/.local/lib/python3.7/site-packages/airflow/example_dags/example_skip_dag.py took 0.198 seconds
[2022-11-29T07:17:18.166+0000] {processor.py:154} INFO - Started process (PID=1385) to work on /home/airflow/.local/lib/python3.7/site-packages/airflow/example_dags/example_skip_dag.py
[2022-11-29T07:17:18.168+0000] {processor.py:756} INFO - Processing file /home/airflow/.local/lib/python3.7/site-packages/airflow/example_dags/example_skip_dag.py for tasks to queue
[2022-11-29T07:17:18.171+0000] {logging_mixin.py:137} INFO - [2022-11-29T07:17:18.171+0000] {dagbag.py:537} INFO - Filling up the DagBag from /home/airflow/.local/lib/python3.7/site-packages/airflow/example_dags/example_skip_dag.py
[2022-11-29T07:17:18.213+0000] {processor.py:766} INFO - DAG(s) dict_keys(['example_skip_dag']) retrieved from /home/airflow/.local/lib/python3.7/site-packages/airflow/example_dags/example_skip_dag.py
[2022-11-29T07:17:18.303+0000] {logging_mixin.py:137} INFO - [2022-11-29T07:17:18.303+0000] {dag.py:2585} INFO - Sync 1 DAGs
[2022-11-29T07:17:18.350+0000] {logging_mixin.py:137} INFO - [2022-11-29T07:17:18.350+0000] {dag.py:3340} INFO - Setting next_dagrun for example_skip_dag to 2022-11-28T07:17:18.350259+00:00, run_after=2022-11-29T07:17:18.350259+00:00
[2022-11-29T07:17:18.385+0000] {processor.py:176} INFO - Processing /home/airflow/.local/lib/python3.7/site-packages/airflow/example_dags/example_skip_dag.py took 0.226 seconds
[2022-11-29T07:17:48.804+0000] {processor.py:154} INFO - Started process (PID=1448) to work on /home/airflow/.local/lib/python3.7/site-packages/airflow/example_dags/example_skip_dag.py
[2022-11-29T07:17:48.806+0000] {processor.py:756} INFO - Processing file /home/airflow/.local/lib/python3.7/site-packages/airflow/example_dags/example_skip_dag.py for tasks to queue
[2022-11-29T07:17:48.808+0000] {logging_mixin.py:137} INFO - [2022-11-29T07:17:48.807+0000] {dagbag.py:537} INFO - Filling up the DagBag from /home/airflow/.local/lib/python3.7/site-packages/airflow/example_dags/example_skip_dag.py
[2022-11-29T07:17:48.832+0000] {processor.py:766} INFO - DAG(s) dict_keys(['example_skip_dag']) retrieved from /home/airflow/.local/lib/python3.7/site-packages/airflow/example_dags/example_skip_dag.py
[2022-11-29T07:17:48.906+0000] {logging_mixin.py:137} INFO - [2022-11-29T07:17:48.906+0000] {dag.py:2585} INFO - Sync 1 DAGs
[2022-11-29T07:17:48.959+0000] {logging_mixin.py:137} INFO - [2022-11-29T07:17:48.958+0000] {dag.py:3340} INFO - Setting next_dagrun for example_skip_dag to 2022-11-28T07:17:48.958234+00:00, run_after=2022-11-29T07:17:48.958234+00:00
[2022-11-29T07:17:48.998+0000] {processor.py:176} INFO - Processing /home/airflow/.local/lib/python3.7/site-packages/airflow/example_dags/example_skip_dag.py took 0.200 seconds
[2022-11-29T07:18:19.528+0000] {processor.py:154} INFO - Started process (PID=1511) to work on /home/airflow/.local/lib/python3.7/site-packages/airflow/example_dags/example_skip_dag.py
[2022-11-29T07:18:19.530+0000] {processor.py:756} INFO - Processing file /home/airflow/.local/lib/python3.7/site-packages/airflow/example_dags/example_skip_dag.py for tasks to queue
[2022-11-29T07:18:19.532+0000] {logging_mixin.py:137} INFO - [2022-11-29T07:18:19.532+0000] {dagbag.py:537} INFO - Filling up the DagBag from /home/airflow/.local/lib/python3.7/site-packages/airflow/example_dags/example_skip_dag.py
[2022-11-29T07:18:19.557+0000] {processor.py:766} INFO - DAG(s) dict_keys(['example_skip_dag']) retrieved from /home/airflow/.local/lib/python3.7/site-packages/airflow/example_dags/example_skip_dag.py
[2022-11-29T07:18:19.623+0000] {logging_mixin.py:137} INFO - [2022-11-29T07:18:19.623+0000] {dag.py:2585} INFO - Sync 1 DAGs
[2022-11-29T07:18:19.677+0000] {logging_mixin.py:137} INFO - [2022-11-29T07:18:19.677+0000] {dag.py:3340} INFO - Setting next_dagrun for example_skip_dag to 2022-11-28T07:18:19.676903+00:00, run_after=2022-11-29T07:18:19.676903+00:00
[2022-11-29T07:18:19.715+0000] {processor.py:176} INFO - Processing /home/airflow/.local/lib/python3.7/site-packages/airflow/example_dags/example_skip_dag.py took 0.193 seconds
[2022-11-29T07:18:50.061+0000] {processor.py:154} INFO - Started process (PID=1565) to work on /home/airflow/.local/lib/python3.7/site-packages/airflow/example_dags/example_skip_dag.py
[2022-11-29T07:18:50.065+0000] {processor.py:756} INFO - Processing file /home/airflow/.local/lib/python3.7/site-packages/airflow/example_dags/example_skip_dag.py for tasks to queue
[2022-11-29T07:18:50.067+0000] {logging_mixin.py:137} INFO - [2022-11-29T07:18:50.067+0000] {dagbag.py:537} INFO - Filling up the DagBag from /home/airflow/.local/lib/python3.7/site-packages/airflow/example_dags/example_skip_dag.py
[2022-11-29T07:18:50.116+0000] {processor.py:766} INFO - DAG(s) dict_keys(['example_skip_dag']) retrieved from /home/airflow/.local/lib/python3.7/site-packages/airflow/example_dags/example_skip_dag.py
[2022-11-29T07:18:50.234+0000] {logging_mixin.py:137} INFO - [2022-11-29T07:18:50.234+0000] {dag.py:2585} INFO - Sync 1 DAGs
[2022-11-29T07:18:50.339+0000] {logging_mixin.py:137} INFO - [2022-11-29T07:18:50.339+0000] {dag.py:3340} INFO - Setting next_dagrun for example_skip_dag to 2022-11-28T07:18:50.338910+00:00, run_after=2022-11-29T07:18:50.338910+00:00
[2022-11-29T07:18:50.379+0000] {processor.py:176} INFO - Processing /home/airflow/.local/lib/python3.7/site-packages/airflow/example_dags/example_skip_dag.py took 0.327 seconds
[2022-11-29T07:19:20.886+0000] {processor.py:154} INFO - Started process (PID=1628) to work on /home/airflow/.local/lib/python3.7/site-packages/airflow/example_dags/example_skip_dag.py
[2022-11-29T07:19:20.888+0000] {processor.py:756} INFO - Processing file /home/airflow/.local/lib/python3.7/site-packages/airflow/example_dags/example_skip_dag.py for tasks to queue
[2022-11-29T07:19:20.890+0000] {logging_mixin.py:137} INFO - [2022-11-29T07:19:20.890+0000] {dagbag.py:537} INFO - Filling up the DagBag from /home/airflow/.local/lib/python3.7/site-packages/airflow/example_dags/example_skip_dag.py
[2022-11-29T07:19:20.914+0000] {processor.py:766} INFO - DAG(s) dict_keys(['example_skip_dag']) retrieved from /home/airflow/.local/lib/python3.7/site-packages/airflow/example_dags/example_skip_dag.py
[2022-11-29T07:19:20.979+0000] {logging_mixin.py:137} INFO - [2022-11-29T07:19:20.978+0000] {dag.py:2585} INFO - Sync 1 DAGs
[2022-11-29T07:19:21.019+0000] {logging_mixin.py:137} INFO - [2022-11-29T07:19:21.019+0000] {dag.py:3340} INFO - Setting next_dagrun for example_skip_dag to 2022-11-28T07:19:21.018662+00:00, run_after=2022-11-29T07:19:21.018662+00:00
[2022-11-29T07:19:21.057+0000] {processor.py:176} INFO - Processing /home/airflow/.local/lib/python3.7/site-packages/airflow/example_dags/example_skip_dag.py took 0.176 seconds
[2022-11-29T07:19:52.081+0000] {processor.py:154} INFO - Started process (PID=1690) to work on /home/airflow/.local/lib/python3.7/site-packages/airflow/example_dags/example_skip_dag.py
[2022-11-29T07:19:52.083+0000] {processor.py:756} INFO - Processing file /home/airflow/.local/lib/python3.7/site-packages/airflow/example_dags/example_skip_dag.py for tasks to queue
[2022-11-29T07:19:52.085+0000] {logging_mixin.py:137} INFO - [2022-11-29T07:19:52.085+0000] {dagbag.py:537} INFO - Filling up the DagBag from /home/airflow/.local/lib/python3.7/site-packages/airflow/example_dags/example_skip_dag.py
[2022-11-29T07:19:52.112+0000] {processor.py:766} INFO - DAG(s) dict_keys(['example_skip_dag']) retrieved from /home/airflow/.local/lib/python3.7/site-packages/airflow/example_dags/example_skip_dag.py
[2022-11-29T07:19:52.197+0000] {logging_mixin.py:137} INFO - [2022-11-29T07:19:52.197+0000] {dag.py:2585} INFO - Sync 1 DAGs
[2022-11-29T07:19:52.250+0000] {logging_mixin.py:137} INFO - [2022-11-29T07:19:52.250+0000] {dag.py:3340} INFO - Setting next_dagrun for example_skip_dag to 2022-11-28T07:19:52.249822+00:00, run_after=2022-11-29T07:19:52.249822+00:00
[2022-11-29T07:19:52.291+0000] {processor.py:176} INFO - Processing /home/airflow/.local/lib/python3.7/site-packages/airflow/example_dags/example_skip_dag.py took 0.216 seconds
