[2022-11-29T06:27:18.356+0000] {processor.py:154} INFO - Started process (PID=57) to work on /home/airflow/.local/lib/python3.7/site-packages/airflow/example_dags/example_local_kubernetes_executor.py
[2022-11-29T06:27:18.358+0000] {processor.py:756} INFO - Processing file /home/airflow/.local/lib/python3.7/site-packages/airflow/example_dags/example_local_kubernetes_executor.py for tasks to queue
[2022-11-29T06:27:18.360+0000] {logging_mixin.py:137} INFO - [2022-11-29T06:27:18.360+0000] {dagbag.py:537} INFO - Filling up the DagBag from /home/airflow/.local/lib/python3.7/site-packages/airflow/example_dags/example_local_kubernetes_executor.py
[2022-11-29T06:27:18.398+0000] {processor.py:766} INFO - DAG(s) dict_keys(['example_local_kubernetes_executor']) retrieved from /home/airflow/.local/lib/python3.7/site-packages/airflow/example_dags/example_local_kubernetes_executor.py
[2022-11-29T06:27:18.569+0000] {logging_mixin.py:137} INFO - [2022-11-29T06:27:18.569+0000] {manager.py:507} INFO - Created Permission View: can delete on DAG:example_local_kubernetes_executor
[2022-11-29T06:27:18.584+0000] {logging_mixin.py:137} INFO - [2022-11-29T06:27:18.583+0000] {manager.py:507} INFO - Created Permission View: can read on DAG:example_local_kubernetes_executor
[2022-11-29T06:27:18.600+0000] {logging_mixin.py:137} INFO - [2022-11-29T06:27:18.599+0000] {manager.py:507} INFO - Created Permission View: can edit on DAG:example_local_kubernetes_executor
[2022-11-29T06:27:18.601+0000] {logging_mixin.py:137} INFO - [2022-11-29T06:27:18.601+0000] {dag.py:2585} INFO - Sync 1 DAGs
[2022-11-29T06:27:18.628+0000] {logging_mixin.py:137} INFO - [2022-11-29T06:27:18.628+0000] {dag.py:2606} INFO - Creating ORM DAG for example_local_kubernetes_executor
[2022-11-29T06:27:18.646+0000] {logging_mixin.py:137} INFO - [2022-11-29T06:27:18.646+0000] {dag.py:3340} INFO - Setting next_dagrun for example_local_kubernetes_executor to None, run_after=None
[2022-11-29T06:27:18.677+0000] {processor.py:176} INFO - Processing /home/airflow/.local/lib/python3.7/site-packages/airflow/example_dags/example_local_kubernetes_executor.py took 0.325 seconds
[2022-11-29T06:27:49.354+0000] {processor.py:154} INFO - Started process (PID=120) to work on /home/airflow/.local/lib/python3.7/site-packages/airflow/example_dags/example_local_kubernetes_executor.py
[2022-11-29T06:27:49.357+0000] {processor.py:756} INFO - Processing file /home/airflow/.local/lib/python3.7/site-packages/airflow/example_dags/example_local_kubernetes_executor.py for tasks to queue
[2022-11-29T06:27:49.359+0000] {logging_mixin.py:137} INFO - [2022-11-29T06:27:49.358+0000] {dagbag.py:537} INFO - Filling up the DagBag from /home/airflow/.local/lib/python3.7/site-packages/airflow/example_dags/example_local_kubernetes_executor.py
[2022-11-29T06:27:49.404+0000] {processor.py:766} INFO - DAG(s) dict_keys(['example_local_kubernetes_executor']) retrieved from /home/airflow/.local/lib/python3.7/site-packages/airflow/example_dags/example_local_kubernetes_executor.py
[2022-11-29T06:27:49.502+0000] {logging_mixin.py:137} INFO - [2022-11-29T06:27:49.502+0000] {dag.py:2585} INFO - Sync 1 DAGs
[2022-11-29T06:27:49.550+0000] {logging_mixin.py:137} INFO - [2022-11-29T06:27:49.550+0000] {dag.py:3340} INFO - Setting next_dagrun for example_local_kubernetes_executor to None, run_after=None
[2022-11-29T06:27:49.586+0000] {processor.py:176} INFO - Processing /home/airflow/.local/lib/python3.7/site-packages/airflow/example_dags/example_local_kubernetes_executor.py took 0.237 seconds
[2022-11-29T06:28:19.705+0000] {processor.py:154} INFO - Started process (PID=176) to work on /home/airflow/.local/lib/python3.7/site-packages/airflow/example_dags/example_local_kubernetes_executor.py
[2022-11-29T06:28:19.706+0000] {processor.py:756} INFO - Processing file /home/airflow/.local/lib/python3.7/site-packages/airflow/example_dags/example_local_kubernetes_executor.py for tasks to queue
[2022-11-29T06:28:19.708+0000] {logging_mixin.py:137} INFO - [2022-11-29T06:28:19.707+0000] {dagbag.py:537} INFO - Filling up the DagBag from /home/airflow/.local/lib/python3.7/site-packages/airflow/example_dags/example_local_kubernetes_executor.py
[2022-11-29T06:28:19.742+0000] {processor.py:766} INFO - DAG(s) dict_keys(['example_local_kubernetes_executor']) retrieved from /home/airflow/.local/lib/python3.7/site-packages/airflow/example_dags/example_local_kubernetes_executor.py
[2022-11-29T06:28:19.799+0000] {logging_mixin.py:137} INFO - [2022-11-29T06:28:19.799+0000] {dag.py:2585} INFO - Sync 1 DAGs
[2022-11-29T06:28:19.836+0000] {logging_mixin.py:137} INFO - [2022-11-29T06:28:19.836+0000] {dag.py:3340} INFO - Setting next_dagrun for example_local_kubernetes_executor to None, run_after=None
[2022-11-29T06:28:19.862+0000] {processor.py:176} INFO - Processing /home/airflow/.local/lib/python3.7/site-packages/airflow/example_dags/example_local_kubernetes_executor.py took 0.162 seconds
[2022-11-29T06:28:50.617+0000] {processor.py:154} INFO - Started process (PID=239) to work on /home/airflow/.local/lib/python3.7/site-packages/airflow/example_dags/example_local_kubernetes_executor.py
[2022-11-29T06:28:50.619+0000] {processor.py:756} INFO - Processing file /home/airflow/.local/lib/python3.7/site-packages/airflow/example_dags/example_local_kubernetes_executor.py for tasks to queue
[2022-11-29T06:28:50.620+0000] {logging_mixin.py:137} INFO - [2022-11-29T06:28:50.620+0000] {dagbag.py:537} INFO - Filling up the DagBag from /home/airflow/.local/lib/python3.7/site-packages/airflow/example_dags/example_local_kubernetes_executor.py
[2022-11-29T06:28:50.652+0000] {processor.py:766} INFO - DAG(s) dict_keys(['example_local_kubernetes_executor']) retrieved from /home/airflow/.local/lib/python3.7/site-packages/airflow/example_dags/example_local_kubernetes_executor.py
[2022-11-29T06:28:50.708+0000] {logging_mixin.py:137} INFO - [2022-11-29T06:28:50.707+0000] {dag.py:2585} INFO - Sync 1 DAGs
[2022-11-29T06:28:50.742+0000] {logging_mixin.py:137} INFO - [2022-11-29T06:28:50.742+0000] {dag.py:3340} INFO - Setting next_dagrun for example_local_kubernetes_executor to None, run_after=None
[2022-11-29T06:28:50.765+0000] {processor.py:176} INFO - Processing /home/airflow/.local/lib/python3.7/site-packages/airflow/example_dags/example_local_kubernetes_executor.py took 0.153 seconds
[2022-11-29T06:29:21.268+0000] {processor.py:154} INFO - Started process (PID=302) to work on /home/airflow/.local/lib/python3.7/site-packages/airflow/example_dags/example_local_kubernetes_executor.py
[2022-11-29T06:29:21.275+0000] {processor.py:756} INFO - Processing file /home/airflow/.local/lib/python3.7/site-packages/airflow/example_dags/example_local_kubernetes_executor.py for tasks to queue
[2022-11-29T06:29:21.279+0000] {logging_mixin.py:137} INFO - [2022-11-29T06:29:21.279+0000] {dagbag.py:537} INFO - Filling up the DagBag from /home/airflow/.local/lib/python3.7/site-packages/airflow/example_dags/example_local_kubernetes_executor.py
[2022-11-29T06:29:21.357+0000] {processor.py:766} INFO - DAG(s) dict_keys(['example_local_kubernetes_executor']) retrieved from /home/airflow/.local/lib/python3.7/site-packages/airflow/example_dags/example_local_kubernetes_executor.py
[2022-11-29T06:29:21.510+0000] {logging_mixin.py:137} INFO - [2022-11-29T06:29:21.509+0000] {dag.py:2585} INFO - Sync 1 DAGs
[2022-11-29T06:29:23.026+0000] {logging_mixin.py:137} INFO - [2022-11-29T06:29:23.026+0000] {process_utils.py:256} INFO - Waiting up to 5 seconds for processes to exit...
[2022-11-29T06:31:43.144+0000] {processor.py:154} INFO - Started process (PID=60) to work on /home/airflow/.local/lib/python3.7/site-packages/airflow/example_dags/example_local_kubernetes_executor.py
[2022-11-29T06:31:43.153+0000] {processor.py:756} INFO - Processing file /home/airflow/.local/lib/python3.7/site-packages/airflow/example_dags/example_local_kubernetes_executor.py for tasks to queue
[2022-11-29T06:31:43.155+0000] {logging_mixin.py:137} INFO - [2022-11-29T06:31:43.155+0000] {dagbag.py:537} INFO - Filling up the DagBag from /home/airflow/.local/lib/python3.7/site-packages/airflow/example_dags/example_local_kubernetes_executor.py
[2022-11-29T06:31:43.230+0000] {processor.py:766} INFO - DAG(s) dict_keys(['example_local_kubernetes_executor']) retrieved from /home/airflow/.local/lib/python3.7/site-packages/airflow/example_dags/example_local_kubernetes_executor.py
[2022-11-29T06:31:43.290+0000] {logging_mixin.py:137} INFO - [2022-11-29T06:31:43.290+0000] {dag.py:2585} INFO - Sync 1 DAGs
[2022-11-29T06:31:43.342+0000] {logging_mixin.py:137} INFO - [2022-11-29T06:31:43.342+0000] {dag.py:3340} INFO - Setting next_dagrun for example_local_kubernetes_executor to None, run_after=None
[2022-11-29T06:31:43.377+0000] {processor.py:176} INFO - Processing /home/airflow/.local/lib/python3.7/site-packages/airflow/example_dags/example_local_kubernetes_executor.py took 0.239 seconds
[2022-11-29T06:32:14.392+0000] {processor.py:154} INFO - Started process (PID=114) to work on /home/airflow/.local/lib/python3.7/site-packages/airflow/example_dags/example_local_kubernetes_executor.py
[2022-11-29T06:32:14.394+0000] {processor.py:756} INFO - Processing file /home/airflow/.local/lib/python3.7/site-packages/airflow/example_dags/example_local_kubernetes_executor.py for tasks to queue
[2022-11-29T06:32:14.396+0000] {logging_mixin.py:137} INFO - [2022-11-29T06:32:14.396+0000] {dagbag.py:537} INFO - Filling up the DagBag from /home/airflow/.local/lib/python3.7/site-packages/airflow/example_dags/example_local_kubernetes_executor.py
[2022-11-29T06:32:14.453+0000] {processor.py:766} INFO - DAG(s) dict_keys(['example_local_kubernetes_executor']) retrieved from /home/airflow/.local/lib/python3.7/site-packages/airflow/example_dags/example_local_kubernetes_executor.py
[2022-11-29T06:32:14.534+0000] {logging_mixin.py:137} INFO - [2022-11-29T06:32:14.534+0000] {dag.py:2585} INFO - Sync 1 DAGs
[2022-11-29T06:32:14.624+0000] {logging_mixin.py:137} INFO - [2022-11-29T06:32:14.623+0000] {dag.py:3340} INFO - Setting next_dagrun for example_local_kubernetes_executor to None, run_after=None
[2022-11-29T06:32:14.668+0000] {processor.py:176} INFO - Processing /home/airflow/.local/lib/python3.7/site-packages/airflow/example_dags/example_local_kubernetes_executor.py took 0.283 seconds
[2022-11-29T06:32:44.839+0000] {processor.py:154} INFO - Started process (PID=177) to work on /home/airflow/.local/lib/python3.7/site-packages/airflow/example_dags/example_local_kubernetes_executor.py
[2022-11-29T06:32:44.841+0000] {processor.py:756} INFO - Processing file /home/airflow/.local/lib/python3.7/site-packages/airflow/example_dags/example_local_kubernetes_executor.py for tasks to queue
[2022-11-29T06:32:44.842+0000] {logging_mixin.py:137} INFO - [2022-11-29T06:32:44.842+0000] {dagbag.py:537} INFO - Filling up the DagBag from /home/airflow/.local/lib/python3.7/site-packages/airflow/example_dags/example_local_kubernetes_executor.py
[2022-11-29T06:32:44.878+0000] {processor.py:766} INFO - DAG(s) dict_keys(['example_local_kubernetes_executor']) retrieved from /home/airflow/.local/lib/python3.7/site-packages/airflow/example_dags/example_local_kubernetes_executor.py
[2022-11-29T06:32:44.942+0000] {logging_mixin.py:137} INFO - [2022-11-29T06:32:44.942+0000] {dag.py:2585} INFO - Sync 1 DAGs
[2022-11-29T06:32:44.980+0000] {logging_mixin.py:137} INFO - [2022-11-29T06:32:44.980+0000] {dag.py:3340} INFO - Setting next_dagrun for example_local_kubernetes_executor to None, run_after=None
[2022-11-29T06:32:45.007+0000] {processor.py:176} INFO - Processing /home/airflow/.local/lib/python3.7/site-packages/airflow/example_dags/example_local_kubernetes_executor.py took 0.174 seconds
[2022-11-29T06:33:15.626+0000] {processor.py:154} INFO - Started process (PID=240) to work on /home/airflow/.local/lib/python3.7/site-packages/airflow/example_dags/example_local_kubernetes_executor.py
[2022-11-29T06:33:15.629+0000] {processor.py:756} INFO - Processing file /home/airflow/.local/lib/python3.7/site-packages/airflow/example_dags/example_local_kubernetes_executor.py for tasks to queue
[2022-11-29T06:33:15.633+0000] {logging_mixin.py:137} INFO - [2022-11-29T06:33:15.632+0000] {dagbag.py:537} INFO - Filling up the DagBag from /home/airflow/.local/lib/python3.7/site-packages/airflow/example_dags/example_local_kubernetes_executor.py
[2022-11-29T06:33:15.679+0000] {processor.py:766} INFO - DAG(s) dict_keys(['example_local_kubernetes_executor']) retrieved from /home/airflow/.local/lib/python3.7/site-packages/airflow/example_dags/example_local_kubernetes_executor.py
[2022-11-29T06:33:15.753+0000] {logging_mixin.py:137} INFO - [2022-11-29T06:33:15.753+0000] {dag.py:2585} INFO - Sync 1 DAGs
[2022-11-29T06:33:15.796+0000] {logging_mixin.py:137} INFO - [2022-11-29T06:33:15.795+0000] {dag.py:3340} INFO - Setting next_dagrun for example_local_kubernetes_executor to None, run_after=None
[2022-11-29T06:33:15.835+0000] {processor.py:176} INFO - Processing /home/airflow/.local/lib/python3.7/site-packages/airflow/example_dags/example_local_kubernetes_executor.py took 0.221 seconds
[2022-11-29T06:33:46.448+0000] {processor.py:154} INFO - Started process (PID=301) to work on /home/airflow/.local/lib/python3.7/site-packages/airflow/example_dags/example_local_kubernetes_executor.py
[2022-11-29T06:33:46.449+0000] {processor.py:756} INFO - Processing file /home/airflow/.local/lib/python3.7/site-packages/airflow/example_dags/example_local_kubernetes_executor.py for tasks to queue
[2022-11-29T06:33:46.451+0000] {logging_mixin.py:137} INFO - [2022-11-29T06:33:46.451+0000] {dagbag.py:537} INFO - Filling up the DagBag from /home/airflow/.local/lib/python3.7/site-packages/airflow/example_dags/example_local_kubernetes_executor.py
[2022-11-29T06:33:46.488+0000] {processor.py:766} INFO - DAG(s) dict_keys(['example_local_kubernetes_executor']) retrieved from /home/airflow/.local/lib/python3.7/site-packages/airflow/example_dags/example_local_kubernetes_executor.py
[2022-11-29T06:33:46.548+0000] {logging_mixin.py:137} INFO - [2022-11-29T06:33:46.548+0000] {dag.py:2585} INFO - Sync 1 DAGs
[2022-11-29T06:33:46.585+0000] {logging_mixin.py:137} INFO - [2022-11-29T06:33:46.585+0000] {dag.py:3340} INFO - Setting next_dagrun for example_local_kubernetes_executor to None, run_after=None
[2022-11-29T06:33:46.612+0000] {processor.py:176} INFO - Processing /home/airflow/.local/lib/python3.7/site-packages/airflow/example_dags/example_local_kubernetes_executor.py took 0.169 seconds
[2022-11-29T06:52:57.122+0000] {processor.py:154} INFO - Started process (PID=61) to work on /home/airflow/.local/lib/python3.7/site-packages/airflow/example_dags/example_local_kubernetes_executor.py
[2022-11-29T06:52:57.125+0000] {processor.py:756} INFO - Processing file /home/airflow/.local/lib/python3.7/site-packages/airflow/example_dags/example_local_kubernetes_executor.py for tasks to queue
[2022-11-29T06:52:57.128+0000] {logging_mixin.py:137} INFO - [2022-11-29T06:52:57.127+0000] {dagbag.py:537} INFO - Filling up the DagBag from /home/airflow/.local/lib/python3.7/site-packages/airflow/example_dags/example_local_kubernetes_executor.py
[2022-11-29T06:52:57.171+0000] {processor.py:766} INFO - DAG(s) dict_keys(['example_local_kubernetes_executor']) retrieved from /home/airflow/.local/lib/python3.7/site-packages/airflow/example_dags/example_local_kubernetes_executor.py
[2022-11-29T06:52:57.222+0000] {logging_mixin.py:137} INFO - [2022-11-29T06:52:57.221+0000] {dag.py:2585} INFO - Sync 1 DAGs
[2022-11-29T06:52:57.274+0000] {logging_mixin.py:137} INFO - [2022-11-29T06:52:57.273+0000] {dag.py:3340} INFO - Setting next_dagrun for example_local_kubernetes_executor to None, run_after=None
[2022-11-29T06:52:57.314+0000] {processor.py:176} INFO - Processing /home/airflow/.local/lib/python3.7/site-packages/airflow/example_dags/example_local_kubernetes_executor.py took 0.201 seconds
[2022-11-29T06:53:27.409+0000] {processor.py:154} INFO - Started process (PID=116) to work on /home/airflow/.local/lib/python3.7/site-packages/airflow/example_dags/example_local_kubernetes_executor.py
[2022-11-29T06:53:27.411+0000] {processor.py:756} INFO - Processing file /home/airflow/.local/lib/python3.7/site-packages/airflow/example_dags/example_local_kubernetes_executor.py for tasks to queue
[2022-11-29T06:53:27.413+0000] {logging_mixin.py:137} INFO - [2022-11-29T06:53:27.413+0000] {dagbag.py:537} INFO - Filling up the DagBag from /home/airflow/.local/lib/python3.7/site-packages/airflow/example_dags/example_local_kubernetes_executor.py
[2022-11-29T06:53:27.470+0000] {processor.py:766} INFO - DAG(s) dict_keys(['example_local_kubernetes_executor']) retrieved from /home/airflow/.local/lib/python3.7/site-packages/airflow/example_dags/example_local_kubernetes_executor.py
[2022-11-29T06:53:27.547+0000] {logging_mixin.py:137} INFO - [2022-11-29T06:53:27.547+0000] {dag.py:2585} INFO - Sync 1 DAGs
[2022-11-29T06:53:27.589+0000] {logging_mixin.py:137} INFO - [2022-11-29T06:53:27.589+0000] {dag.py:3340} INFO - Setting next_dagrun for example_local_kubernetes_executor to None, run_after=None
[2022-11-29T06:53:27.625+0000] {processor.py:176} INFO - Processing /home/airflow/.local/lib/python3.7/site-packages/airflow/example_dags/example_local_kubernetes_executor.py took 0.222 seconds
[2022-11-29T06:53:58.686+0000] {processor.py:154} INFO - Started process (PID=181) to work on /home/airflow/.local/lib/python3.7/site-packages/airflow/example_dags/example_local_kubernetes_executor.py
[2022-11-29T06:53:58.688+0000] {processor.py:756} INFO - Processing file /home/airflow/.local/lib/python3.7/site-packages/airflow/example_dags/example_local_kubernetes_executor.py for tasks to queue
[2022-11-29T06:53:58.690+0000] {logging_mixin.py:137} INFO - [2022-11-29T06:53:58.690+0000] {dagbag.py:537} INFO - Filling up the DagBag from /home/airflow/.local/lib/python3.7/site-packages/airflow/example_dags/example_local_kubernetes_executor.py
[2022-11-29T06:53:58.734+0000] {processor.py:766} INFO - DAG(s) dict_keys(['example_local_kubernetes_executor']) retrieved from /home/airflow/.local/lib/python3.7/site-packages/airflow/example_dags/example_local_kubernetes_executor.py
[2022-11-29T06:53:58.800+0000] {logging_mixin.py:137} INFO - [2022-11-29T06:53:58.799+0000] {dag.py:2585} INFO - Sync 1 DAGs
[2022-11-29T06:53:58.850+0000] {logging_mixin.py:137} INFO - [2022-11-29T06:53:58.849+0000] {dag.py:3340} INFO - Setting next_dagrun for example_local_kubernetes_executor to None, run_after=None
[2022-11-29T06:53:58.889+0000] {processor.py:176} INFO - Processing /home/airflow/.local/lib/python3.7/site-packages/airflow/example_dags/example_local_kubernetes_executor.py took 0.208 seconds
[2022-11-29T06:54:29.154+0000] {processor.py:154} INFO - Started process (PID=244) to work on /home/airflow/.local/lib/python3.7/site-packages/airflow/example_dags/example_local_kubernetes_executor.py
[2022-11-29T06:54:29.163+0000] {processor.py:756} INFO - Processing file /home/airflow/.local/lib/python3.7/site-packages/airflow/example_dags/example_local_kubernetes_executor.py for tasks to queue
[2022-11-29T06:54:29.167+0000] {logging_mixin.py:137} INFO - [2022-11-29T06:54:29.166+0000] {dagbag.py:537} INFO - Filling up the DagBag from /home/airflow/.local/lib/python3.7/site-packages/airflow/example_dags/example_local_kubernetes_executor.py
[2022-11-29T06:54:29.215+0000] {processor.py:766} INFO - DAG(s) dict_keys(['example_local_kubernetes_executor']) retrieved from /home/airflow/.local/lib/python3.7/site-packages/airflow/example_dags/example_local_kubernetes_executor.py
[2022-11-29T06:54:29.308+0000] {logging_mixin.py:137} INFO - [2022-11-29T06:54:29.308+0000] {dag.py:2585} INFO - Sync 1 DAGs
[2022-11-29T06:54:29.346+0000] {logging_mixin.py:137} INFO - [2022-11-29T06:54:29.346+0000] {dag.py:3340} INFO - Setting next_dagrun for example_local_kubernetes_executor to None, run_after=None
[2022-11-29T06:54:29.379+0000] {processor.py:176} INFO - Processing /home/airflow/.local/lib/python3.7/site-packages/airflow/example_dags/example_local_kubernetes_executor.py took 0.235 seconds
[2022-11-29T06:54:59.676+0000] {processor.py:154} INFO - Started process (PID=298) to work on /home/airflow/.local/lib/python3.7/site-packages/airflow/example_dags/example_local_kubernetes_executor.py
[2022-11-29T06:54:59.679+0000] {processor.py:756} INFO - Processing file /home/airflow/.local/lib/python3.7/site-packages/airflow/example_dags/example_local_kubernetes_executor.py for tasks to queue
[2022-11-29T06:54:59.682+0000] {logging_mixin.py:137} INFO - [2022-11-29T06:54:59.682+0000] {dagbag.py:537} INFO - Filling up the DagBag from /home/airflow/.local/lib/python3.7/site-packages/airflow/example_dags/example_local_kubernetes_executor.py
[2022-11-29T06:54:59.722+0000] {processor.py:766} INFO - DAG(s) dict_keys(['example_local_kubernetes_executor']) retrieved from /home/airflow/.local/lib/python3.7/site-packages/airflow/example_dags/example_local_kubernetes_executor.py
[2022-11-29T06:54:59.788+0000] {logging_mixin.py:137} INFO - [2022-11-29T06:54:59.787+0000] {dag.py:2585} INFO - Sync 1 DAGs
[2022-11-29T06:54:59.827+0000] {logging_mixin.py:137} INFO - [2022-11-29T06:54:59.827+0000] {dag.py:3340} INFO - Setting next_dagrun for example_local_kubernetes_executor to None, run_after=None
[2022-11-29T06:54:59.854+0000] {processor.py:176} INFO - Processing /home/airflow/.local/lib/python3.7/site-packages/airflow/example_dags/example_local_kubernetes_executor.py took 0.183 seconds
[2022-11-29T06:55:30.576+0000] {processor.py:154} INFO - Started process (PID=360) to work on /home/airflow/.local/lib/python3.7/site-packages/airflow/example_dags/example_local_kubernetes_executor.py
[2022-11-29T06:55:30.578+0000] {processor.py:756} INFO - Processing file /home/airflow/.local/lib/python3.7/site-packages/airflow/example_dags/example_local_kubernetes_executor.py for tasks to queue
[2022-11-29T06:55:30.580+0000] {logging_mixin.py:137} INFO - [2022-11-29T06:55:30.580+0000] {dagbag.py:537} INFO - Filling up the DagBag from /home/airflow/.local/lib/python3.7/site-packages/airflow/example_dags/example_local_kubernetes_executor.py
[2022-11-29T06:55:30.616+0000] {processor.py:766} INFO - DAG(s) dict_keys(['example_local_kubernetes_executor']) retrieved from /home/airflow/.local/lib/python3.7/site-packages/airflow/example_dags/example_local_kubernetes_executor.py
[2022-11-29T06:55:30.698+0000] {logging_mixin.py:137} INFO - [2022-11-29T06:55:30.697+0000] {dag.py:2585} INFO - Sync 1 DAGs
[2022-11-29T06:55:30.741+0000] {logging_mixin.py:137} INFO - [2022-11-29T06:55:30.740+0000] {dag.py:3340} INFO - Setting next_dagrun for example_local_kubernetes_executor to None, run_after=None
[2022-11-29T06:55:30.776+0000] {processor.py:176} INFO - Processing /home/airflow/.local/lib/python3.7/site-packages/airflow/example_dags/example_local_kubernetes_executor.py took 0.204 seconds
[2022-11-29T06:56:01.064+0000] {processor.py:154} INFO - Started process (PID=421) to work on /home/airflow/.local/lib/python3.7/site-packages/airflow/example_dags/example_local_kubernetes_executor.py
[2022-11-29T06:56:01.066+0000] {processor.py:756} INFO - Processing file /home/airflow/.local/lib/python3.7/site-packages/airflow/example_dags/example_local_kubernetes_executor.py for tasks to queue
[2022-11-29T06:56:01.068+0000] {logging_mixin.py:137} INFO - [2022-11-29T06:56:01.068+0000] {dagbag.py:537} INFO - Filling up the DagBag from /home/airflow/.local/lib/python3.7/site-packages/airflow/example_dags/example_local_kubernetes_executor.py
[2022-11-29T06:56:01.106+0000] {processor.py:766} INFO - DAG(s) dict_keys(['example_local_kubernetes_executor']) retrieved from /home/airflow/.local/lib/python3.7/site-packages/airflow/example_dags/example_local_kubernetes_executor.py
[2022-11-29T06:56:01.172+0000] {logging_mixin.py:137} INFO - [2022-11-29T06:56:01.171+0000] {dag.py:2585} INFO - Sync 1 DAGs
[2022-11-29T06:56:01.225+0000] {logging_mixin.py:137} INFO - [2022-11-29T06:56:01.225+0000] {dag.py:3340} INFO - Setting next_dagrun for example_local_kubernetes_executor to None, run_after=None
[2022-11-29T06:56:01.263+0000] {processor.py:176} INFO - Processing /home/airflow/.local/lib/python3.7/site-packages/airflow/example_dags/example_local_kubernetes_executor.py took 0.204 seconds
[2022-11-29T07:01:50.928+0000] {processor.py:154} INFO - Started process (PID=59) to work on /home/airflow/.local/lib/python3.7/site-packages/airflow/example_dags/example_local_kubernetes_executor.py
[2022-11-29T07:01:50.930+0000] {processor.py:756} INFO - Processing file /home/airflow/.local/lib/python3.7/site-packages/airflow/example_dags/example_local_kubernetes_executor.py for tasks to queue
[2022-11-29T07:01:50.932+0000] {logging_mixin.py:137} INFO - [2022-11-29T07:01:50.932+0000] {dagbag.py:537} INFO - Filling up the DagBag from /home/airflow/.local/lib/python3.7/site-packages/airflow/example_dags/example_local_kubernetes_executor.py
[2022-11-29T07:01:50.980+0000] {processor.py:766} INFO - DAG(s) dict_keys(['example_local_kubernetes_executor']) retrieved from /home/airflow/.local/lib/python3.7/site-packages/airflow/example_dags/example_local_kubernetes_executor.py
[2022-11-29T07:01:51.036+0000] {logging_mixin.py:137} INFO - [2022-11-29T07:01:51.036+0000] {dag.py:2585} INFO - Sync 1 DAGs
[2022-11-29T07:01:51.107+0000] {logging_mixin.py:137} INFO - [2022-11-29T07:01:51.107+0000] {dag.py:3340} INFO - Setting next_dagrun for example_local_kubernetes_executor to None, run_after=None
[2022-11-29T07:01:51.160+0000] {processor.py:176} INFO - Processing /home/airflow/.local/lib/python3.7/site-packages/airflow/example_dags/example_local_kubernetes_executor.py took 0.239 seconds
[2022-11-29T07:02:21.890+0000] {processor.py:154} INFO - Started process (PID=122) to work on /home/airflow/.local/lib/python3.7/site-packages/airflow/example_dags/example_local_kubernetes_executor.py
[2022-11-29T07:02:21.892+0000] {processor.py:756} INFO - Processing file /home/airflow/.local/lib/python3.7/site-packages/airflow/example_dags/example_local_kubernetes_executor.py for tasks to queue
[2022-11-29T07:02:21.894+0000] {logging_mixin.py:137} INFO - [2022-11-29T07:02:21.894+0000] {dagbag.py:537} INFO - Filling up the DagBag from /home/airflow/.local/lib/python3.7/site-packages/airflow/example_dags/example_local_kubernetes_executor.py
[2022-11-29T07:02:21.937+0000] {processor.py:766} INFO - DAG(s) dict_keys(['example_local_kubernetes_executor']) retrieved from /home/airflow/.local/lib/python3.7/site-packages/airflow/example_dags/example_local_kubernetes_executor.py
[2022-11-29T07:02:22.009+0000] {logging_mixin.py:137} INFO - [2022-11-29T07:02:22.009+0000] {dag.py:2585} INFO - Sync 1 DAGs
[2022-11-29T07:02:22.050+0000] {logging_mixin.py:137} INFO - [2022-11-29T07:02:22.050+0000] {dag.py:3340} INFO - Setting next_dagrun for example_local_kubernetes_executor to None, run_after=None
[2022-11-29T07:02:22.080+0000] {processor.py:176} INFO - Processing /home/airflow/.local/lib/python3.7/site-packages/airflow/example_dags/example_local_kubernetes_executor.py took 0.196 seconds
[2022-11-29T07:02:52.244+0000] {processor.py:154} INFO - Started process (PID=177) to work on /home/airflow/.local/lib/python3.7/site-packages/airflow/example_dags/example_local_kubernetes_executor.py
[2022-11-29T07:02:52.246+0000] {processor.py:756} INFO - Processing file /home/airflow/.local/lib/python3.7/site-packages/airflow/example_dags/example_local_kubernetes_executor.py for tasks to queue
[2022-11-29T07:02:52.247+0000] {logging_mixin.py:137} INFO - [2022-11-29T07:02:52.247+0000] {dagbag.py:537} INFO - Filling up the DagBag from /home/airflow/.local/lib/python3.7/site-packages/airflow/example_dags/example_local_kubernetes_executor.py
[2022-11-29T07:02:52.290+0000] {processor.py:766} INFO - DAG(s) dict_keys(['example_local_kubernetes_executor']) retrieved from /home/airflow/.local/lib/python3.7/site-packages/airflow/example_dags/example_local_kubernetes_executor.py
[2022-11-29T07:02:52.364+0000] {logging_mixin.py:137} INFO - [2022-11-29T07:02:52.364+0000] {dag.py:2585} INFO - Sync 1 DAGs
[2022-11-29T07:02:52.416+0000] {logging_mixin.py:137} INFO - [2022-11-29T07:02:52.416+0000] {dag.py:3340} INFO - Setting next_dagrun for example_local_kubernetes_executor to None, run_after=None
[2022-11-29T07:02:52.487+0000] {processor.py:176} INFO - Processing /home/airflow/.local/lib/python3.7/site-packages/airflow/example_dags/example_local_kubernetes_executor.py took 0.248 seconds
[2022-11-29T07:03:23.080+0000] {processor.py:154} INFO - Started process (PID=240) to work on /home/airflow/.local/lib/python3.7/site-packages/airflow/example_dags/example_local_kubernetes_executor.py
[2022-11-29T07:03:23.083+0000] {processor.py:756} INFO - Processing file /home/airflow/.local/lib/python3.7/site-packages/airflow/example_dags/example_local_kubernetes_executor.py for tasks to queue
[2022-11-29T07:03:23.085+0000] {logging_mixin.py:137} INFO - [2022-11-29T07:03:23.085+0000] {dagbag.py:537} INFO - Filling up the DagBag from /home/airflow/.local/lib/python3.7/site-packages/airflow/example_dags/example_local_kubernetes_executor.py
[2022-11-29T07:03:23.128+0000] {processor.py:766} INFO - DAG(s) dict_keys(['example_local_kubernetes_executor']) retrieved from /home/airflow/.local/lib/python3.7/site-packages/airflow/example_dags/example_local_kubernetes_executor.py
[2022-11-29T07:03:23.197+0000] {logging_mixin.py:137} INFO - [2022-11-29T07:03:23.197+0000] {dag.py:2585} INFO - Sync 1 DAGs
[2022-11-29T07:03:23.240+0000] {logging_mixin.py:137} INFO - [2022-11-29T07:03:23.240+0000] {dag.py:3340} INFO - Setting next_dagrun for example_local_kubernetes_executor to None, run_after=None
[2022-11-29T07:03:23.290+0000] {processor.py:176} INFO - Processing /home/airflow/.local/lib/python3.7/site-packages/airflow/example_dags/example_local_kubernetes_executor.py took 0.214 seconds
[2022-11-29T07:03:53.932+0000] {processor.py:154} INFO - Started process (PID=303) to work on /home/airflow/.local/lib/python3.7/site-packages/airflow/example_dags/example_local_kubernetes_executor.py
[2022-11-29T07:03:53.934+0000] {processor.py:756} INFO - Processing file /home/airflow/.local/lib/python3.7/site-packages/airflow/example_dags/example_local_kubernetes_executor.py for tasks to queue
[2022-11-29T07:03:53.936+0000] {logging_mixin.py:137} INFO - [2022-11-29T07:03:53.936+0000] {dagbag.py:537} INFO - Filling up the DagBag from /home/airflow/.local/lib/python3.7/site-packages/airflow/example_dags/example_local_kubernetes_executor.py
[2022-11-29T07:03:53.976+0000] {processor.py:766} INFO - DAG(s) dict_keys(['example_local_kubernetes_executor']) retrieved from /home/airflow/.local/lib/python3.7/site-packages/airflow/example_dags/example_local_kubernetes_executor.py
[2022-11-29T07:03:54.052+0000] {logging_mixin.py:137} INFO - [2022-11-29T07:03:54.052+0000] {dag.py:2585} INFO - Sync 1 DAGs
[2022-11-29T07:03:54.098+0000] {logging_mixin.py:137} INFO - [2022-11-29T07:03:54.097+0000] {dag.py:3340} INFO - Setting next_dagrun for example_local_kubernetes_executor to None, run_after=None
[2022-11-29T07:03:54.131+0000] {processor.py:176} INFO - Processing /home/airflow/.local/lib/python3.7/site-packages/airflow/example_dags/example_local_kubernetes_executor.py took 0.205 seconds
[2022-11-29T07:04:49.988+0000] {processor.py:154} INFO - Started process (PID=59) to work on /home/airflow/.local/lib/python3.7/site-packages/airflow/example_dags/example_local_kubernetes_executor.py
[2022-11-29T07:04:49.990+0000] {processor.py:756} INFO - Processing file /home/airflow/.local/lib/python3.7/site-packages/airflow/example_dags/example_local_kubernetes_executor.py for tasks to queue
[2022-11-29T07:04:49.992+0000] {logging_mixin.py:137} INFO - [2022-11-29T07:04:49.992+0000] {dagbag.py:537} INFO - Filling up the DagBag from /home/airflow/.local/lib/python3.7/site-packages/airflow/example_dags/example_local_kubernetes_executor.py
[2022-11-29T07:04:50.048+0000] {processor.py:766} INFO - DAG(s) dict_keys(['example_local_kubernetes_executor']) retrieved from /home/airflow/.local/lib/python3.7/site-packages/airflow/example_dags/example_local_kubernetes_executor.py
[2022-11-29T07:04:50.094+0000] {logging_mixin.py:137} INFO - [2022-11-29T07:04:50.093+0000] {dag.py:2585} INFO - Sync 1 DAGs
[2022-11-29T07:04:50.138+0000] {logging_mixin.py:137} INFO - [2022-11-29T07:04:50.138+0000] {dag.py:3340} INFO - Setting next_dagrun for example_local_kubernetes_executor to None, run_after=None
[2022-11-29T07:04:50.168+0000] {processor.py:176} INFO - Processing /home/airflow/.local/lib/python3.7/site-packages/airflow/example_dags/example_local_kubernetes_executor.py took 0.186 seconds
[2022-11-29T07:06:00.062+0000] {processor.py:154} INFO - Started process (PID=59) to work on /home/airflow/.local/lib/python3.7/site-packages/airflow/example_dags/example_local_kubernetes_executor.py
[2022-11-29T07:06:00.066+0000] {processor.py:756} INFO - Processing file /home/airflow/.local/lib/python3.7/site-packages/airflow/example_dags/example_local_kubernetes_executor.py for tasks to queue
[2022-11-29T07:06:00.069+0000] {logging_mixin.py:137} INFO - [2022-11-29T07:06:00.069+0000] {dagbag.py:537} INFO - Filling up the DagBag from /home/airflow/.local/lib/python3.7/site-packages/airflow/example_dags/example_local_kubernetes_executor.py
[2022-11-29T07:06:00.146+0000] {processor.py:766} INFO - DAG(s) dict_keys(['example_local_kubernetes_executor']) retrieved from /home/airflow/.local/lib/python3.7/site-packages/airflow/example_dags/example_local_kubernetes_executor.py
[2022-11-29T07:06:00.222+0000] {logging_mixin.py:137} INFO - [2022-11-29T07:06:00.222+0000] {dag.py:2585} INFO - Sync 1 DAGs
[2022-11-29T07:06:00.273+0000] {logging_mixin.py:137} INFO - [2022-11-29T07:06:00.273+0000] {dag.py:3340} INFO - Setting next_dagrun for example_local_kubernetes_executor to None, run_after=None
[2022-11-29T07:06:00.315+0000] {processor.py:176} INFO - Processing /home/airflow/.local/lib/python3.7/site-packages/airflow/example_dags/example_local_kubernetes_executor.py took 0.261 seconds
[2022-11-29T07:06:30.538+0000] {processor.py:154} INFO - Started process (PID=122) to work on /home/airflow/.local/lib/python3.7/site-packages/airflow/example_dags/example_local_kubernetes_executor.py
[2022-11-29T07:06:30.541+0000] {processor.py:756} INFO - Processing file /home/airflow/.local/lib/python3.7/site-packages/airflow/example_dags/example_local_kubernetes_executor.py for tasks to queue
[2022-11-29T07:06:30.542+0000] {logging_mixin.py:137} INFO - [2022-11-29T07:06:30.542+0000] {dagbag.py:537} INFO - Filling up the DagBag from /home/airflow/.local/lib/python3.7/site-packages/airflow/example_dags/example_local_kubernetes_executor.py
[2022-11-29T07:06:30.590+0000] {processor.py:766} INFO - DAG(s) dict_keys(['example_local_kubernetes_executor']) retrieved from /home/airflow/.local/lib/python3.7/site-packages/airflow/example_dags/example_local_kubernetes_executor.py
[2022-11-29T07:06:30.671+0000] {logging_mixin.py:137} INFO - [2022-11-29T07:06:30.670+0000] {dag.py:2585} INFO - Sync 1 DAGs
[2022-11-29T07:06:30.711+0000] {logging_mixin.py:137} INFO - [2022-11-29T07:06:30.711+0000] {dag.py:3340} INFO - Setting next_dagrun for example_local_kubernetes_executor to None, run_after=None
[2022-11-29T07:06:30.742+0000] {processor.py:176} INFO - Processing /home/airflow/.local/lib/python3.7/site-packages/airflow/example_dags/example_local_kubernetes_executor.py took 0.211 seconds
[2022-11-29T07:07:00.951+0000] {processor.py:154} INFO - Started process (PID=177) to work on /home/airflow/.local/lib/python3.7/site-packages/airflow/example_dags/example_local_kubernetes_executor.py
[2022-11-29T07:07:00.953+0000] {processor.py:756} INFO - Processing file /home/airflow/.local/lib/python3.7/site-packages/airflow/example_dags/example_local_kubernetes_executor.py for tasks to queue
[2022-11-29T07:07:00.956+0000] {logging_mixin.py:137} INFO - [2022-11-29T07:07:00.956+0000] {dagbag.py:537} INFO - Filling up the DagBag from /home/airflow/.local/lib/python3.7/site-packages/airflow/example_dags/example_local_kubernetes_executor.py
[2022-11-29T07:07:00.994+0000] {processor.py:766} INFO - DAG(s) dict_keys(['example_local_kubernetes_executor']) retrieved from /home/airflow/.local/lib/python3.7/site-packages/airflow/example_dags/example_local_kubernetes_executor.py
[2022-11-29T07:07:01.071+0000] {logging_mixin.py:137} INFO - [2022-11-29T07:07:01.070+0000] {dag.py:2585} INFO - Sync 1 DAGs
[2022-11-29T07:07:01.113+0000] {logging_mixin.py:137} INFO - [2022-11-29T07:07:01.113+0000] {dag.py:3340} INFO - Setting next_dagrun for example_local_kubernetes_executor to None, run_after=None
[2022-11-29T07:07:01.144+0000] {processor.py:176} INFO - Processing /home/airflow/.local/lib/python3.7/site-packages/airflow/example_dags/example_local_kubernetes_executor.py took 0.198 seconds
[2022-11-29T07:07:31.807+0000] {processor.py:154} INFO - Started process (PID=240) to work on /home/airflow/.local/lib/python3.7/site-packages/airflow/example_dags/example_local_kubernetes_executor.py
[2022-11-29T07:07:31.809+0000] {processor.py:756} INFO - Processing file /home/airflow/.local/lib/python3.7/site-packages/airflow/example_dags/example_local_kubernetes_executor.py for tasks to queue
[2022-11-29T07:07:31.811+0000] {logging_mixin.py:137} INFO - [2022-11-29T07:07:31.811+0000] {dagbag.py:537} INFO - Filling up the DagBag from /home/airflow/.local/lib/python3.7/site-packages/airflow/example_dags/example_local_kubernetes_executor.py
[2022-11-29T07:07:31.847+0000] {processor.py:766} INFO - DAG(s) dict_keys(['example_local_kubernetes_executor']) retrieved from /home/airflow/.local/lib/python3.7/site-packages/airflow/example_dags/example_local_kubernetes_executor.py
[2022-11-29T07:07:31.906+0000] {logging_mixin.py:137} INFO - [2022-11-29T07:07:31.905+0000] {dag.py:2585} INFO - Sync 1 DAGs
[2022-11-29T07:07:31.946+0000] {logging_mixin.py:137} INFO - [2022-11-29T07:07:31.946+0000] {dag.py:3340} INFO - Setting next_dagrun for example_local_kubernetes_executor to None, run_after=None
[2022-11-29T07:07:31.977+0000] {processor.py:176} INFO - Processing /home/airflow/.local/lib/python3.7/site-packages/airflow/example_dags/example_local_kubernetes_executor.py took 0.176 seconds
[2022-11-29T07:08:02.413+0000] {processor.py:154} INFO - Started process (PID=296) to work on /home/airflow/.local/lib/python3.7/site-packages/airflow/example_dags/example_local_kubernetes_executor.py
[2022-11-29T07:08:02.415+0000] {processor.py:756} INFO - Processing file /home/airflow/.local/lib/python3.7/site-packages/airflow/example_dags/example_local_kubernetes_executor.py for tasks to queue
[2022-11-29T07:08:02.418+0000] {logging_mixin.py:137} INFO - [2022-11-29T07:08:02.417+0000] {dagbag.py:537} INFO - Filling up the DagBag from /home/airflow/.local/lib/python3.7/site-packages/airflow/example_dags/example_local_kubernetes_executor.py
[2022-11-29T07:08:02.455+0000] {processor.py:766} INFO - DAG(s) dict_keys(['example_local_kubernetes_executor']) retrieved from /home/airflow/.local/lib/python3.7/site-packages/airflow/example_dags/example_local_kubernetes_executor.py
[2022-11-29T07:08:02.567+0000] {logging_mixin.py:137} INFO - [2022-11-29T07:08:02.564+0000] {dag.py:2585} INFO - Sync 1 DAGs
[2022-11-29T07:08:02.628+0000] {logging_mixin.py:137} INFO - [2022-11-29T07:08:02.628+0000] {dag.py:3340} INFO - Setting next_dagrun for example_local_kubernetes_executor to None, run_after=None
[2022-11-29T07:08:02.667+0000] {processor.py:176} INFO - Processing /home/airflow/.local/lib/python3.7/site-packages/airflow/example_dags/example_local_kubernetes_executor.py took 0.259 seconds
[2022-11-29T07:08:33.708+0000] {processor.py:154} INFO - Started process (PID=359) to work on /home/airflow/.local/lib/python3.7/site-packages/airflow/example_dags/example_local_kubernetes_executor.py
[2022-11-29T07:08:33.721+0000] {processor.py:756} INFO - Processing file /home/airflow/.local/lib/python3.7/site-packages/airflow/example_dags/example_local_kubernetes_executor.py for tasks to queue
[2022-11-29T07:08:33.723+0000] {logging_mixin.py:137} INFO - [2022-11-29T07:08:33.723+0000] {dagbag.py:537} INFO - Filling up the DagBag from /home/airflow/.local/lib/python3.7/site-packages/airflow/example_dags/example_local_kubernetes_executor.py
[2022-11-29T07:08:33.759+0000] {processor.py:766} INFO - DAG(s) dict_keys(['example_local_kubernetes_executor']) retrieved from /home/airflow/.local/lib/python3.7/site-packages/airflow/example_dags/example_local_kubernetes_executor.py
[2022-11-29T07:08:33.819+0000] {logging_mixin.py:137} INFO - [2022-11-29T07:08:33.819+0000] {dag.py:2585} INFO - Sync 1 DAGs
[2022-11-29T07:08:33.856+0000] {logging_mixin.py:137} INFO - [2022-11-29T07:08:33.855+0000] {dag.py:3340} INFO - Setting next_dagrun for example_local_kubernetes_executor to None, run_after=None
[2022-11-29T07:08:33.887+0000] {processor.py:176} INFO - Processing /home/airflow/.local/lib/python3.7/site-packages/airflow/example_dags/example_local_kubernetes_executor.py took 0.184 seconds
[2022-11-29T07:09:04.360+0000] {processor.py:154} INFO - Started process (PID=422) to work on /home/airflow/.local/lib/python3.7/site-packages/airflow/example_dags/example_local_kubernetes_executor.py
[2022-11-29T07:09:04.362+0000] {processor.py:756} INFO - Processing file /home/airflow/.local/lib/python3.7/site-packages/airflow/example_dags/example_local_kubernetes_executor.py for tasks to queue
[2022-11-29T07:09:04.364+0000] {logging_mixin.py:137} INFO - [2022-11-29T07:09:04.363+0000] {dagbag.py:537} INFO - Filling up the DagBag from /home/airflow/.local/lib/python3.7/site-packages/airflow/example_dags/example_local_kubernetes_executor.py
[2022-11-29T07:09:04.408+0000] {processor.py:766} INFO - DAG(s) dict_keys(['example_local_kubernetes_executor']) retrieved from /home/airflow/.local/lib/python3.7/site-packages/airflow/example_dags/example_local_kubernetes_executor.py
[2022-11-29T07:09:04.478+0000] {logging_mixin.py:137} INFO - [2022-11-29T07:09:04.472+0000] {dag.py:2585} INFO - Sync 1 DAGs
[2022-11-29T07:09:04.518+0000] {logging_mixin.py:137} INFO - [2022-11-29T07:09:04.518+0000] {dag.py:3340} INFO - Setting next_dagrun for example_local_kubernetes_executor to None, run_after=None
[2022-11-29T07:09:04.557+0000] {processor.py:176} INFO - Processing /home/airflow/.local/lib/python3.7/site-packages/airflow/example_dags/example_local_kubernetes_executor.py took 0.201 seconds
[2022-11-29T07:09:34.862+0000] {processor.py:154} INFO - Started process (PID=476) to work on /home/airflow/.local/lib/python3.7/site-packages/airflow/example_dags/example_local_kubernetes_executor.py
[2022-11-29T07:09:34.864+0000] {processor.py:756} INFO - Processing file /home/airflow/.local/lib/python3.7/site-packages/airflow/example_dags/example_local_kubernetes_executor.py for tasks to queue
[2022-11-29T07:09:34.866+0000] {logging_mixin.py:137} INFO - [2022-11-29T07:09:34.866+0000] {dagbag.py:537} INFO - Filling up the DagBag from /home/airflow/.local/lib/python3.7/site-packages/airflow/example_dags/example_local_kubernetes_executor.py
[2022-11-29T07:09:34.905+0000] {processor.py:766} INFO - DAG(s) dict_keys(['example_local_kubernetes_executor']) retrieved from /home/airflow/.local/lib/python3.7/site-packages/airflow/example_dags/example_local_kubernetes_executor.py
[2022-11-29T07:09:34.977+0000] {logging_mixin.py:137} INFO - [2022-11-29T07:09:34.977+0000] {dag.py:2585} INFO - Sync 1 DAGs
[2022-11-29T07:09:35.026+0000] {logging_mixin.py:137} INFO - [2022-11-29T07:09:35.025+0000] {dag.py:3340} INFO - Setting next_dagrun for example_local_kubernetes_executor to None, run_after=None
[2022-11-29T07:09:35.065+0000] {processor.py:176} INFO - Processing /home/airflow/.local/lib/python3.7/site-packages/airflow/example_dags/example_local_kubernetes_executor.py took 0.209 seconds
[2022-11-29T07:10:05.594+0000] {processor.py:154} INFO - Started process (PID=539) to work on /home/airflow/.local/lib/python3.7/site-packages/airflow/example_dags/example_local_kubernetes_executor.py
[2022-11-29T07:10:05.596+0000] {processor.py:756} INFO - Processing file /home/airflow/.local/lib/python3.7/site-packages/airflow/example_dags/example_local_kubernetes_executor.py for tasks to queue
[2022-11-29T07:10:05.598+0000] {logging_mixin.py:137} INFO - [2022-11-29T07:10:05.598+0000] {dagbag.py:537} INFO - Filling up the DagBag from /home/airflow/.local/lib/python3.7/site-packages/airflow/example_dags/example_local_kubernetes_executor.py
[2022-11-29T07:10:05.638+0000] {processor.py:766} INFO - DAG(s) dict_keys(['example_local_kubernetes_executor']) retrieved from /home/airflow/.local/lib/python3.7/site-packages/airflow/example_dags/example_local_kubernetes_executor.py
[2022-11-29T07:10:05.707+0000] {logging_mixin.py:137} INFO - [2022-11-29T07:10:05.706+0000] {dag.py:2585} INFO - Sync 1 DAGs
[2022-11-29T07:10:05.749+0000] {logging_mixin.py:137} INFO - [2022-11-29T07:10:05.749+0000] {dag.py:3340} INFO - Setting next_dagrun for example_local_kubernetes_executor to None, run_after=None
[2022-11-29T07:10:05.779+0000] {processor.py:176} INFO - Processing /home/airflow/.local/lib/python3.7/site-packages/airflow/example_dags/example_local_kubernetes_executor.py took 0.190 seconds
[2022-11-29T07:10:36.844+0000] {processor.py:154} INFO - Started process (PID=602) to work on /home/airflow/.local/lib/python3.7/site-packages/airflow/example_dags/example_local_kubernetes_executor.py
[2022-11-29T07:10:36.846+0000] {processor.py:756} INFO - Processing file /home/airflow/.local/lib/python3.7/site-packages/airflow/example_dags/example_local_kubernetes_executor.py for tasks to queue
[2022-11-29T07:10:36.848+0000] {logging_mixin.py:137} INFO - [2022-11-29T07:10:36.848+0000] {dagbag.py:537} INFO - Filling up the DagBag from /home/airflow/.local/lib/python3.7/site-packages/airflow/example_dags/example_local_kubernetes_executor.py
[2022-11-29T07:10:36.884+0000] {processor.py:766} INFO - DAG(s) dict_keys(['example_local_kubernetes_executor']) retrieved from /home/airflow/.local/lib/python3.7/site-packages/airflow/example_dags/example_local_kubernetes_executor.py
[2022-11-29T07:10:36.946+0000] {logging_mixin.py:137} INFO - [2022-11-29T07:10:36.945+0000] {dag.py:2585} INFO - Sync 1 DAGs
[2022-11-29T07:10:36.986+0000] {logging_mixin.py:137} INFO - [2022-11-29T07:10:36.986+0000] {dag.py:3340} INFO - Setting next_dagrun for example_local_kubernetes_executor to None, run_after=None
[2022-11-29T07:10:37.021+0000] {processor.py:176} INFO - Processing /home/airflow/.local/lib/python3.7/site-packages/airflow/example_dags/example_local_kubernetes_executor.py took 0.182 seconds
[2022-11-29T07:11:07.607+0000] {processor.py:154} INFO - Started process (PID=656) to work on /home/airflow/.local/lib/python3.7/site-packages/airflow/example_dags/example_local_kubernetes_executor.py
[2022-11-29T07:11:07.612+0000] {processor.py:756} INFO - Processing file /home/airflow/.local/lib/python3.7/site-packages/airflow/example_dags/example_local_kubernetes_executor.py for tasks to queue
[2022-11-29T07:11:07.616+0000] {logging_mixin.py:137} INFO - [2022-11-29T07:11:07.615+0000] {dagbag.py:537} INFO - Filling up the DagBag from /home/airflow/.local/lib/python3.7/site-packages/airflow/example_dags/example_local_kubernetes_executor.py
[2022-11-29T07:11:07.665+0000] {processor.py:766} INFO - DAG(s) dict_keys(['example_local_kubernetes_executor']) retrieved from /home/airflow/.local/lib/python3.7/site-packages/airflow/example_dags/example_local_kubernetes_executor.py
[2022-11-29T07:11:07.752+0000] {logging_mixin.py:137} INFO - [2022-11-29T07:11:07.751+0000] {dag.py:2585} INFO - Sync 1 DAGs
[2022-11-29T07:11:07.799+0000] {logging_mixin.py:137} INFO - [2022-11-29T07:11:07.799+0000] {dag.py:3340} INFO - Setting next_dagrun for example_local_kubernetes_executor to None, run_after=None
[2022-11-29T07:11:07.843+0000] {processor.py:176} INFO - Processing /home/airflow/.local/lib/python3.7/site-packages/airflow/example_dags/example_local_kubernetes_executor.py took 0.243 seconds
[2022-11-29T07:11:38.667+0000] {processor.py:154} INFO - Started process (PID=718) to work on /home/airflow/.local/lib/python3.7/site-packages/airflow/example_dags/example_local_kubernetes_executor.py
[2022-11-29T07:11:38.669+0000] {processor.py:756} INFO - Processing file /home/airflow/.local/lib/python3.7/site-packages/airflow/example_dags/example_local_kubernetes_executor.py for tasks to queue
[2022-11-29T07:11:38.670+0000] {logging_mixin.py:137} INFO - [2022-11-29T07:11:38.670+0000] {dagbag.py:537} INFO - Filling up the DagBag from /home/airflow/.local/lib/python3.7/site-packages/airflow/example_dags/example_local_kubernetes_executor.py
[2022-11-29T07:11:38.704+0000] {processor.py:766} INFO - DAG(s) dict_keys(['example_local_kubernetes_executor']) retrieved from /home/airflow/.local/lib/python3.7/site-packages/airflow/example_dags/example_local_kubernetes_executor.py
[2022-11-29T07:11:38.763+0000] {logging_mixin.py:137} INFO - [2022-11-29T07:11:38.763+0000] {dag.py:2585} INFO - Sync 1 DAGs
[2022-11-29T07:11:38.802+0000] {logging_mixin.py:137} INFO - [2022-11-29T07:11:38.802+0000] {dag.py:3340} INFO - Setting next_dagrun for example_local_kubernetes_executor to None, run_after=None
[2022-11-29T07:11:38.832+0000] {processor.py:176} INFO - Processing /home/airflow/.local/lib/python3.7/site-packages/airflow/example_dags/example_local_kubernetes_executor.py took 0.171 seconds
[2022-11-29T07:12:09.403+0000] {processor.py:154} INFO - Started process (PID=782) to work on /home/airflow/.local/lib/python3.7/site-packages/airflow/example_dags/example_local_kubernetes_executor.py
[2022-11-29T07:12:09.405+0000] {processor.py:756} INFO - Processing file /home/airflow/.local/lib/python3.7/site-packages/airflow/example_dags/example_local_kubernetes_executor.py for tasks to queue
[2022-11-29T07:12:09.407+0000] {logging_mixin.py:137} INFO - [2022-11-29T07:12:09.407+0000] {dagbag.py:537} INFO - Filling up the DagBag from /home/airflow/.local/lib/python3.7/site-packages/airflow/example_dags/example_local_kubernetes_executor.py
[2022-11-29T07:12:09.447+0000] {processor.py:766} INFO - DAG(s) dict_keys(['example_local_kubernetes_executor']) retrieved from /home/airflow/.local/lib/python3.7/site-packages/airflow/example_dags/example_local_kubernetes_executor.py
[2022-11-29T07:12:09.517+0000] {logging_mixin.py:137} INFO - [2022-11-29T07:12:09.517+0000] {dag.py:2585} INFO - Sync 1 DAGs
[2022-11-29T07:12:09.556+0000] {logging_mixin.py:137} INFO - [2022-11-29T07:12:09.556+0000] {dag.py:3340} INFO - Setting next_dagrun for example_local_kubernetes_executor to None, run_after=None
[2022-11-29T07:12:09.588+0000] {processor.py:176} INFO - Processing /home/airflow/.local/lib/python3.7/site-packages/airflow/example_dags/example_local_kubernetes_executor.py took 0.191 seconds
[2022-11-29T07:12:40.008+0000] {processor.py:154} INFO - Started process (PID=836) to work on /home/airflow/.local/lib/python3.7/site-packages/airflow/example_dags/example_local_kubernetes_executor.py
[2022-11-29T07:12:40.010+0000] {processor.py:756} INFO - Processing file /home/airflow/.local/lib/python3.7/site-packages/airflow/example_dags/example_local_kubernetes_executor.py for tasks to queue
[2022-11-29T07:12:40.012+0000] {logging_mixin.py:137} INFO - [2022-11-29T07:12:40.012+0000] {dagbag.py:537} INFO - Filling up the DagBag from /home/airflow/.local/lib/python3.7/site-packages/airflow/example_dags/example_local_kubernetes_executor.py
[2022-11-29T07:12:40.048+0000] {processor.py:766} INFO - DAG(s) dict_keys(['example_local_kubernetes_executor']) retrieved from /home/airflow/.local/lib/python3.7/site-packages/airflow/example_dags/example_local_kubernetes_executor.py
[2022-11-29T07:12:40.109+0000] {logging_mixin.py:137} INFO - [2022-11-29T07:12:40.109+0000] {dag.py:2585} INFO - Sync 1 DAGs
[2022-11-29T07:12:40.159+0000] {logging_mixin.py:137} INFO - [2022-11-29T07:12:40.159+0000] {dag.py:3340} INFO - Setting next_dagrun for example_local_kubernetes_executor to None, run_after=None
[2022-11-29T07:12:40.197+0000] {processor.py:176} INFO - Processing /home/airflow/.local/lib/python3.7/site-packages/airflow/example_dags/example_local_kubernetes_executor.py took 0.194 seconds
[2022-11-29T07:13:10.365+0000] {processor.py:154} INFO - Started process (PID=898) to work on /home/airflow/.local/lib/python3.7/site-packages/airflow/example_dags/example_local_kubernetes_executor.py
[2022-11-29T07:13:10.367+0000] {processor.py:756} INFO - Processing file /home/airflow/.local/lib/python3.7/site-packages/airflow/example_dags/example_local_kubernetes_executor.py for tasks to queue
[2022-11-29T07:13:10.370+0000] {logging_mixin.py:137} INFO - [2022-11-29T07:13:10.370+0000] {dagbag.py:537} INFO - Filling up the DagBag from /home/airflow/.local/lib/python3.7/site-packages/airflow/example_dags/example_local_kubernetes_executor.py
[2022-11-29T07:13:10.419+0000] {processor.py:766} INFO - DAG(s) dict_keys(['example_local_kubernetes_executor']) retrieved from /home/airflow/.local/lib/python3.7/site-packages/airflow/example_dags/example_local_kubernetes_executor.py
[2022-11-29T07:13:10.483+0000] {logging_mixin.py:137} INFO - [2022-11-29T07:13:10.483+0000] {dag.py:2585} INFO - Sync 1 DAGs
[2022-11-29T07:13:10.527+0000] {logging_mixin.py:137} INFO - [2022-11-29T07:13:10.527+0000] {dag.py:3340} INFO - Setting next_dagrun for example_local_kubernetes_executor to None, run_after=None
[2022-11-29T07:13:10.559+0000] {processor.py:176} INFO - Processing /home/airflow/.local/lib/python3.7/site-packages/airflow/example_dags/example_local_kubernetes_executor.py took 0.203 seconds
[2022-11-29T07:13:41.204+0000] {processor.py:154} INFO - Started process (PID=961) to work on /home/airflow/.local/lib/python3.7/site-packages/airflow/example_dags/example_local_kubernetes_executor.py
[2022-11-29T07:13:41.206+0000] {processor.py:756} INFO - Processing file /home/airflow/.local/lib/python3.7/site-packages/airflow/example_dags/example_local_kubernetes_executor.py for tasks to queue
[2022-11-29T07:13:41.207+0000] {logging_mixin.py:137} INFO - [2022-11-29T07:13:41.207+0000] {dagbag.py:537} INFO - Filling up the DagBag from /home/airflow/.local/lib/python3.7/site-packages/airflow/example_dags/example_local_kubernetes_executor.py
[2022-11-29T07:13:41.243+0000] {processor.py:766} INFO - DAG(s) dict_keys(['example_local_kubernetes_executor']) retrieved from /home/airflow/.local/lib/python3.7/site-packages/airflow/example_dags/example_local_kubernetes_executor.py
[2022-11-29T07:13:41.301+0000] {logging_mixin.py:137} INFO - [2022-11-29T07:13:41.301+0000] {dag.py:2585} INFO - Sync 1 DAGs
[2022-11-29T07:13:41.341+0000] {logging_mixin.py:137} INFO - [2022-11-29T07:13:41.341+0000] {dag.py:3340} INFO - Setting next_dagrun for example_local_kubernetes_executor to None, run_after=None
[2022-11-29T07:13:41.370+0000] {processor.py:176} INFO - Processing /home/airflow/.local/lib/python3.7/site-packages/airflow/example_dags/example_local_kubernetes_executor.py took 0.171 seconds
[2022-11-29T07:14:12.385+0000] {processor.py:154} INFO - Started process (PID=1015) to work on /home/airflow/.local/lib/python3.7/site-packages/airflow/example_dags/example_local_kubernetes_executor.py
[2022-11-29T07:14:12.387+0000] {processor.py:756} INFO - Processing file /home/airflow/.local/lib/python3.7/site-packages/airflow/example_dags/example_local_kubernetes_executor.py for tasks to queue
[2022-11-29T07:14:12.389+0000] {logging_mixin.py:137} INFO - [2022-11-29T07:14:12.389+0000] {dagbag.py:537} INFO - Filling up the DagBag from /home/airflow/.local/lib/python3.7/site-packages/airflow/example_dags/example_local_kubernetes_executor.py
[2022-11-29T07:14:12.424+0000] {processor.py:766} INFO - DAG(s) dict_keys(['example_local_kubernetes_executor']) retrieved from /home/airflow/.local/lib/python3.7/site-packages/airflow/example_dags/example_local_kubernetes_executor.py
[2022-11-29T07:14:12.483+0000] {logging_mixin.py:137} INFO - [2022-11-29T07:14:12.483+0000] {dag.py:2585} INFO - Sync 1 DAGs
[2022-11-29T07:14:12.525+0000] {logging_mixin.py:137} INFO - [2022-11-29T07:14:12.524+0000] {dag.py:3340} INFO - Setting next_dagrun for example_local_kubernetes_executor to None, run_after=None
[2022-11-29T07:14:12.556+0000] {processor.py:176} INFO - Processing /home/airflow/.local/lib/python3.7/site-packages/airflow/example_dags/example_local_kubernetes_executor.py took 0.176 seconds
[2022-11-29T07:14:42.797+0000] {processor.py:154} INFO - Started process (PID=1078) to work on /home/airflow/.local/lib/python3.7/site-packages/airflow/example_dags/example_local_kubernetes_executor.py
[2022-11-29T07:14:42.799+0000] {processor.py:756} INFO - Processing file /home/airflow/.local/lib/python3.7/site-packages/airflow/example_dags/example_local_kubernetes_executor.py for tasks to queue
[2022-11-29T07:14:42.801+0000] {logging_mixin.py:137} INFO - [2022-11-29T07:14:42.801+0000] {dagbag.py:537} INFO - Filling up the DagBag from /home/airflow/.local/lib/python3.7/site-packages/airflow/example_dags/example_local_kubernetes_executor.py
[2022-11-29T07:14:42.837+0000] {processor.py:766} INFO - DAG(s) dict_keys(['example_local_kubernetes_executor']) retrieved from /home/airflow/.local/lib/python3.7/site-packages/airflow/example_dags/example_local_kubernetes_executor.py
[2022-11-29T07:14:42.897+0000] {logging_mixin.py:137} INFO - [2022-11-29T07:14:42.897+0000] {dag.py:2585} INFO - Sync 1 DAGs
[2022-11-29T07:14:42.946+0000] {logging_mixin.py:137} INFO - [2022-11-29T07:14:42.945+0000] {dag.py:3340} INFO - Setting next_dagrun for example_local_kubernetes_executor to None, run_after=None
[2022-11-29T07:14:42.984+0000] {processor.py:176} INFO - Processing /home/airflow/.local/lib/python3.7/site-packages/airflow/example_dags/example_local_kubernetes_executor.py took 0.191 seconds
[2022-11-29T07:15:13.737+0000] {processor.py:154} INFO - Started process (PID=1141) to work on /home/airflow/.local/lib/python3.7/site-packages/airflow/example_dags/example_local_kubernetes_executor.py
[2022-11-29T07:15:13.739+0000] {processor.py:756} INFO - Processing file /home/airflow/.local/lib/python3.7/site-packages/airflow/example_dags/example_local_kubernetes_executor.py for tasks to queue
[2022-11-29T07:15:13.741+0000] {logging_mixin.py:137} INFO - [2022-11-29T07:15:13.740+0000] {dagbag.py:537} INFO - Filling up the DagBag from /home/airflow/.local/lib/python3.7/site-packages/airflow/example_dags/example_local_kubernetes_executor.py
[2022-11-29T07:15:13.774+0000] {processor.py:766} INFO - DAG(s) dict_keys(['example_local_kubernetes_executor']) retrieved from /home/airflow/.local/lib/python3.7/site-packages/airflow/example_dags/example_local_kubernetes_executor.py
[2022-11-29T07:15:13.838+0000] {logging_mixin.py:137} INFO - [2022-11-29T07:15:13.838+0000] {dag.py:2585} INFO - Sync 1 DAGs
[2022-11-29T07:15:13.877+0000] {logging_mixin.py:137} INFO - [2022-11-29T07:15:13.877+0000] {dag.py:3340} INFO - Setting next_dagrun for example_local_kubernetes_executor to None, run_after=None
[2022-11-29T07:15:13.907+0000] {processor.py:176} INFO - Processing /home/airflow/.local/lib/python3.7/site-packages/airflow/example_dags/example_local_kubernetes_executor.py took 0.176 seconds
[2022-11-29T07:15:44.319+0000] {processor.py:154} INFO - Started process (PID=1195) to work on /home/airflow/.local/lib/python3.7/site-packages/airflow/example_dags/example_local_kubernetes_executor.py
[2022-11-29T07:15:44.321+0000] {processor.py:756} INFO - Processing file /home/airflow/.local/lib/python3.7/site-packages/airflow/example_dags/example_local_kubernetes_executor.py for tasks to queue
[2022-11-29T07:15:44.324+0000] {logging_mixin.py:137} INFO - [2022-11-29T07:15:44.323+0000] {dagbag.py:537} INFO - Filling up the DagBag from /home/airflow/.local/lib/python3.7/site-packages/airflow/example_dags/example_local_kubernetes_executor.py
[2022-11-29T07:15:44.365+0000] {processor.py:766} INFO - DAG(s) dict_keys(['example_local_kubernetes_executor']) retrieved from /home/airflow/.local/lib/python3.7/site-packages/airflow/example_dags/example_local_kubernetes_executor.py
[2022-11-29T07:15:44.432+0000] {logging_mixin.py:137} INFO - [2022-11-29T07:15:44.432+0000] {dag.py:2585} INFO - Sync 1 DAGs
[2022-11-29T07:15:44.474+0000] {logging_mixin.py:137} INFO - [2022-11-29T07:15:44.474+0000] {dag.py:3340} INFO - Setting next_dagrun for example_local_kubernetes_executor to None, run_after=None
[2022-11-29T07:15:44.507+0000] {processor.py:176} INFO - Processing /home/airflow/.local/lib/python3.7/site-packages/airflow/example_dags/example_local_kubernetes_executor.py took 0.196 seconds
[2022-11-29T07:16:14.824+0000] {processor.py:154} INFO - Started process (PID=1259) to work on /home/airflow/.local/lib/python3.7/site-packages/airflow/example_dags/example_local_kubernetes_executor.py
[2022-11-29T07:16:14.827+0000] {processor.py:756} INFO - Processing file /home/airflow/.local/lib/python3.7/site-packages/airflow/example_dags/example_local_kubernetes_executor.py for tasks to queue
[2022-11-29T07:16:14.829+0000] {logging_mixin.py:137} INFO - [2022-11-29T07:16:14.829+0000] {dagbag.py:537} INFO - Filling up the DagBag from /home/airflow/.local/lib/python3.7/site-packages/airflow/example_dags/example_local_kubernetes_executor.py
[2022-11-29T07:16:14.871+0000] {processor.py:766} INFO - DAG(s) dict_keys(['example_local_kubernetes_executor']) retrieved from /home/airflow/.local/lib/python3.7/site-packages/airflow/example_dags/example_local_kubernetes_executor.py
[2022-11-29T07:16:14.958+0000] {logging_mixin.py:137} INFO - [2022-11-29T07:16:14.957+0000] {dag.py:2585} INFO - Sync 1 DAGs
[2022-11-29T07:16:15.016+0000] {logging_mixin.py:137} INFO - [2022-11-29T07:16:15.015+0000] {dag.py:3340} INFO - Setting next_dagrun for example_local_kubernetes_executor to None, run_after=None
[2022-11-29T07:16:15.054+0000] {processor.py:176} INFO - Processing /home/airflow/.local/lib/python3.7/site-packages/airflow/example_dags/example_local_kubernetes_executor.py took 0.235 seconds
[2022-11-29T07:16:45.259+0000] {processor.py:154} INFO - Started process (PID=1323) to work on /home/airflow/.local/lib/python3.7/site-packages/airflow/example_dags/example_local_kubernetes_executor.py
[2022-11-29T07:16:45.262+0000] {processor.py:756} INFO - Processing file /home/airflow/.local/lib/python3.7/site-packages/airflow/example_dags/example_local_kubernetes_executor.py for tasks to queue
[2022-11-29T07:16:45.264+0000] {logging_mixin.py:137} INFO - [2022-11-29T07:16:45.264+0000] {dagbag.py:537} INFO - Filling up the DagBag from /home/airflow/.local/lib/python3.7/site-packages/airflow/example_dags/example_local_kubernetes_executor.py
[2022-11-29T07:16:45.312+0000] {processor.py:766} INFO - DAG(s) dict_keys(['example_local_kubernetes_executor']) retrieved from /home/airflow/.local/lib/python3.7/site-packages/airflow/example_dags/example_local_kubernetes_executor.py
[2022-11-29T07:16:45.376+0000] {logging_mixin.py:137} INFO - [2022-11-29T07:16:45.376+0000] {dag.py:2585} INFO - Sync 1 DAGs
[2022-11-29T07:16:45.423+0000] {logging_mixin.py:137} INFO - [2022-11-29T07:16:45.423+0000] {dag.py:3340} INFO - Setting next_dagrun for example_local_kubernetes_executor to None, run_after=None
[2022-11-29T07:16:45.459+0000] {processor.py:176} INFO - Processing /home/airflow/.local/lib/python3.7/site-packages/airflow/example_dags/example_local_kubernetes_executor.py took 0.206 seconds
[2022-11-29T07:17:16.023+0000] {processor.py:154} INFO - Started process (PID=1377) to work on /home/airflow/.local/lib/python3.7/site-packages/airflow/example_dags/example_local_kubernetes_executor.py
[2022-11-29T07:17:16.025+0000] {processor.py:756} INFO - Processing file /home/airflow/.local/lib/python3.7/site-packages/airflow/example_dags/example_local_kubernetes_executor.py for tasks to queue
[2022-11-29T07:17:16.027+0000] {logging_mixin.py:137} INFO - [2022-11-29T07:17:16.027+0000] {dagbag.py:537} INFO - Filling up the DagBag from /home/airflow/.local/lib/python3.7/site-packages/airflow/example_dags/example_local_kubernetes_executor.py
[2022-11-29T07:17:16.066+0000] {processor.py:766} INFO - DAG(s) dict_keys(['example_local_kubernetes_executor']) retrieved from /home/airflow/.local/lib/python3.7/site-packages/airflow/example_dags/example_local_kubernetes_executor.py
[2022-11-29T07:17:16.148+0000] {logging_mixin.py:137} INFO - [2022-11-29T07:17:16.147+0000] {dag.py:2585} INFO - Sync 1 DAGs
[2022-11-29T07:17:16.197+0000] {logging_mixin.py:137} INFO - [2022-11-29T07:17:16.197+0000] {dag.py:3340} INFO - Setting next_dagrun for example_local_kubernetes_executor to None, run_after=None
[2022-11-29T07:17:16.231+0000] {processor.py:176} INFO - Processing /home/airflow/.local/lib/python3.7/site-packages/airflow/example_dags/example_local_kubernetes_executor.py took 0.214 seconds
[2022-11-29T07:17:46.878+0000] {processor.py:154} INFO - Started process (PID=1440) to work on /home/airflow/.local/lib/python3.7/site-packages/airflow/example_dags/example_local_kubernetes_executor.py
[2022-11-29T07:17:46.881+0000] {processor.py:756} INFO - Processing file /home/airflow/.local/lib/python3.7/site-packages/airflow/example_dags/example_local_kubernetes_executor.py for tasks to queue
[2022-11-29T07:17:46.882+0000] {logging_mixin.py:137} INFO - [2022-11-29T07:17:46.882+0000] {dagbag.py:537} INFO - Filling up the DagBag from /home/airflow/.local/lib/python3.7/site-packages/airflow/example_dags/example_local_kubernetes_executor.py
[2022-11-29T07:17:46.921+0000] {processor.py:766} INFO - DAG(s) dict_keys(['example_local_kubernetes_executor']) retrieved from /home/airflow/.local/lib/python3.7/site-packages/airflow/example_dags/example_local_kubernetes_executor.py
[2022-11-29T07:17:46.987+0000] {logging_mixin.py:137} INFO - [2022-11-29T07:17:46.987+0000] {dag.py:2585} INFO - Sync 1 DAGs
[2022-11-29T07:17:47.030+0000] {logging_mixin.py:137} INFO - [2022-11-29T07:17:47.030+0000] {dag.py:3340} INFO - Setting next_dagrun for example_local_kubernetes_executor to None, run_after=None
[2022-11-29T07:17:47.056+0000] {processor.py:176} INFO - Processing /home/airflow/.local/lib/python3.7/site-packages/airflow/example_dags/example_local_kubernetes_executor.py took 0.185 seconds
[2022-11-29T07:18:17.497+0000] {processor.py:154} INFO - Started process (PID=1503) to work on /home/airflow/.local/lib/python3.7/site-packages/airflow/example_dags/example_local_kubernetes_executor.py
[2022-11-29T07:18:17.500+0000] {processor.py:756} INFO - Processing file /home/airflow/.local/lib/python3.7/site-packages/airflow/example_dags/example_local_kubernetes_executor.py for tasks to queue
[2022-11-29T07:18:17.502+0000] {logging_mixin.py:137} INFO - [2022-11-29T07:18:17.501+0000] {dagbag.py:537} INFO - Filling up the DagBag from /home/airflow/.local/lib/python3.7/site-packages/airflow/example_dags/example_local_kubernetes_executor.py
[2022-11-29T07:18:17.547+0000] {processor.py:766} INFO - DAG(s) dict_keys(['example_local_kubernetes_executor']) retrieved from /home/airflow/.local/lib/python3.7/site-packages/airflow/example_dags/example_local_kubernetes_executor.py
[2022-11-29T07:18:17.624+0000] {logging_mixin.py:137} INFO - [2022-11-29T07:18:17.624+0000] {dag.py:2585} INFO - Sync 1 DAGs
[2022-11-29T07:18:17.682+0000] {logging_mixin.py:137} INFO - [2022-11-29T07:18:17.682+0000] {dag.py:3340} INFO - Setting next_dagrun for example_local_kubernetes_executor to None, run_after=None
[2022-11-29T07:18:17.723+0000] {processor.py:176} INFO - Processing /home/airflow/.local/lib/python3.7/site-packages/airflow/example_dags/example_local_kubernetes_executor.py took 0.237 seconds
[2022-11-29T07:18:47.890+0000] {processor.py:154} INFO - Started process (PID=1557) to work on /home/airflow/.local/lib/python3.7/site-packages/airflow/example_dags/example_local_kubernetes_executor.py
[2022-11-29T07:18:47.893+0000] {processor.py:756} INFO - Processing file /home/airflow/.local/lib/python3.7/site-packages/airflow/example_dags/example_local_kubernetes_executor.py for tasks to queue
[2022-11-29T07:18:47.895+0000] {logging_mixin.py:137} INFO - [2022-11-29T07:18:47.894+0000] {dagbag.py:537} INFO - Filling up the DagBag from /home/airflow/.local/lib/python3.7/site-packages/airflow/example_dags/example_local_kubernetes_executor.py
[2022-11-29T07:18:47.944+0000] {processor.py:766} INFO - DAG(s) dict_keys(['example_local_kubernetes_executor']) retrieved from /home/airflow/.local/lib/python3.7/site-packages/airflow/example_dags/example_local_kubernetes_executor.py
[2022-11-29T07:18:48.026+0000] {logging_mixin.py:137} INFO - [2022-11-29T07:18:48.026+0000] {dag.py:2585} INFO - Sync 1 DAGs
[2022-11-29T07:18:48.076+0000] {logging_mixin.py:137} INFO - [2022-11-29T07:18:48.075+0000] {dag.py:3340} INFO - Setting next_dagrun for example_local_kubernetes_executor to None, run_after=None
[2022-11-29T07:18:48.110+0000] {processor.py:176} INFO - Processing /home/airflow/.local/lib/python3.7/site-packages/airflow/example_dags/example_local_kubernetes_executor.py took 0.229 seconds
[2022-11-29T07:19:18.972+0000] {processor.py:154} INFO - Started process (PID=1620) to work on /home/airflow/.local/lib/python3.7/site-packages/airflow/example_dags/example_local_kubernetes_executor.py
[2022-11-29T07:19:18.974+0000] {processor.py:756} INFO - Processing file /home/airflow/.local/lib/python3.7/site-packages/airflow/example_dags/example_local_kubernetes_executor.py for tasks to queue
[2022-11-29T07:19:18.976+0000] {logging_mixin.py:137} INFO - [2022-11-29T07:19:18.976+0000] {dagbag.py:537} INFO - Filling up the DagBag from /home/airflow/.local/lib/python3.7/site-packages/airflow/example_dags/example_local_kubernetes_executor.py
[2022-11-29T07:19:19.014+0000] {processor.py:766} INFO - DAG(s) dict_keys(['example_local_kubernetes_executor']) retrieved from /home/airflow/.local/lib/python3.7/site-packages/airflow/example_dags/example_local_kubernetes_executor.py
[2022-11-29T07:19:19.079+0000] {logging_mixin.py:137} INFO - [2022-11-29T07:19:19.079+0000] {dag.py:2585} INFO - Sync 1 DAGs
[2022-11-29T07:19:19.119+0000] {logging_mixin.py:137} INFO - [2022-11-29T07:19:19.119+0000] {dag.py:3340} INFO - Setting next_dagrun for example_local_kubernetes_executor to None, run_after=None
[2022-11-29T07:19:19.150+0000] {processor.py:176} INFO - Processing /home/airflow/.local/lib/python3.7/site-packages/airflow/example_dags/example_local_kubernetes_executor.py took 0.184 seconds
[2022-11-29T07:19:49.802+0000] {processor.py:154} INFO - Started process (PID=1673) to work on /home/airflow/.local/lib/python3.7/site-packages/airflow/example_dags/example_local_kubernetes_executor.py
[2022-11-29T07:19:49.804+0000] {processor.py:756} INFO - Processing file /home/airflow/.local/lib/python3.7/site-packages/airflow/example_dags/example_local_kubernetes_executor.py for tasks to queue
[2022-11-29T07:19:49.806+0000] {logging_mixin.py:137} INFO - [2022-11-29T07:19:49.806+0000] {dagbag.py:537} INFO - Filling up the DagBag from /home/airflow/.local/lib/python3.7/site-packages/airflow/example_dags/example_local_kubernetes_executor.py
[2022-11-29T07:19:49.846+0000] {processor.py:766} INFO - DAG(s) dict_keys(['example_local_kubernetes_executor']) retrieved from /home/airflow/.local/lib/python3.7/site-packages/airflow/example_dags/example_local_kubernetes_executor.py
[2022-11-29T07:19:49.932+0000] {logging_mixin.py:137} INFO - [2022-11-29T07:19:49.932+0000] {dag.py:2585} INFO - Sync 1 DAGs
[2022-11-29T07:19:49.974+0000] {logging_mixin.py:137} INFO - [2022-11-29T07:19:49.974+0000] {dag.py:3340} INFO - Setting next_dagrun for example_local_kubernetes_executor to None, run_after=None
[2022-11-29T07:19:50.007+0000] {processor.py:176} INFO - Processing /home/airflow/.local/lib/python3.7/site-packages/airflow/example_dags/example_local_kubernetes_executor.py took 0.211 seconds
