[2022-11-29T06:27:22.359+0000] {processor.py:154} INFO - Started process (PID=74) to work on /home/airflow/.local/lib/python3.7/site-packages/airflow/example_dags/example_xcomargs.py
[2022-11-29T06:27:22.398+0000] {processor.py:756} INFO - Processing file /home/airflow/.local/lib/python3.7/site-packages/airflow/example_dags/example_xcomargs.py for tasks to queue
[2022-11-29T06:27:22.405+0000] {logging_mixin.py:137} INFO - [2022-11-29T06:27:22.404+0000] {dagbag.py:537} INFO - Filling up the DagBag from /home/airflow/.local/lib/python3.7/site-packages/airflow/example_dags/example_xcomargs.py
[2022-11-29T06:27:22.458+0000] {processor.py:766} INFO - DAG(s) dict_keys(['example_xcom_args_with_operators', 'example_xcom_args']) retrieved from /home/airflow/.local/lib/python3.7/site-packages/airflow/example_dags/example_xcomargs.py
[2022-11-29T06:27:22.742+0000] {logging_mixin.py:137} INFO - [2022-11-29T06:27:22.742+0000] {manager.py:507} INFO - Created Permission View: can delete on DAG:example_xcom_args_with_operators
[2022-11-29T06:27:22.763+0000] {logging_mixin.py:137} INFO - [2022-11-29T06:27:22.763+0000] {manager.py:507} INFO - Created Permission View: can read on DAG:example_xcom_args_with_operators
[2022-11-29T06:27:22.780+0000] {logging_mixin.py:137} INFO - [2022-11-29T06:27:22.780+0000] {manager.py:507} INFO - Created Permission View: can edit on DAG:example_xcom_args_with_operators
[2022-11-29T06:27:22.800+0000] {logging_mixin.py:137} INFO - [2022-11-29T06:27:22.800+0000] {manager.py:507} INFO - Created Permission View: can delete on DAG:example_xcom_args
[2022-11-29T06:27:22.810+0000] {logging_mixin.py:137} INFO - [2022-11-29T06:27:22.809+0000] {manager.py:507} INFO - Created Permission View: can read on DAG:example_xcom_args
[2022-11-29T06:27:22.819+0000] {logging_mixin.py:137} INFO - [2022-11-29T06:27:22.819+0000] {manager.py:507} INFO - Created Permission View: can edit on DAG:example_xcom_args
[2022-11-29T06:27:22.820+0000] {logging_mixin.py:137} INFO - [2022-11-29T06:27:22.820+0000] {dag.py:2585} INFO - Sync 2 DAGs
[2022-11-29T06:27:22.838+0000] {logging_mixin.py:137} INFO - [2022-11-29T06:27:22.837+0000] {dag.py:2606} INFO - Creating ORM DAG for example_xcom_args_with_operators
[2022-11-29T06:27:22.839+0000] {logging_mixin.py:137} INFO - [2022-11-29T06:27:22.839+0000] {dag.py:2606} INFO - Creating ORM DAG for example_xcom_args
[2022-11-29T06:27:22.853+0000] {logging_mixin.py:137} INFO - [2022-11-29T06:27:22.853+0000] {dag.py:3340} INFO - Setting next_dagrun for example_xcom_args to None, run_after=None
[2022-11-29T06:27:22.855+0000] {logging_mixin.py:137} INFO - [2022-11-29T06:27:22.855+0000] {dag.py:3340} INFO - Setting next_dagrun for example_xcom_args_with_operators to None, run_after=None
[2022-11-29T06:27:22.879+0000] {processor.py:176} INFO - Processing /home/airflow/.local/lib/python3.7/site-packages/airflow/example_dags/example_xcomargs.py took 0.532 seconds
[2022-11-29T06:27:53.520+0000] {processor.py:154} INFO - Started process (PID=137) to work on /home/airflow/.local/lib/python3.7/site-packages/airflow/example_dags/example_xcomargs.py
[2022-11-29T06:27:53.522+0000] {processor.py:756} INFO - Processing file /home/airflow/.local/lib/python3.7/site-packages/airflow/example_dags/example_xcomargs.py for tasks to queue
[2022-11-29T06:27:53.524+0000] {logging_mixin.py:137} INFO - [2022-11-29T06:27:53.524+0000] {dagbag.py:537} INFO - Filling up the DagBag from /home/airflow/.local/lib/python3.7/site-packages/airflow/example_dags/example_xcomargs.py
[2022-11-29T06:27:53.570+0000] {processor.py:766} INFO - DAG(s) dict_keys(['example_xcom_args_with_operators', 'example_xcom_args']) retrieved from /home/airflow/.local/lib/python3.7/site-packages/airflow/example_dags/example_xcomargs.py
[2022-11-29T06:27:53.663+0000] {logging_mixin.py:137} INFO - [2022-11-29T06:27:53.663+0000] {dag.py:2585} INFO - Sync 2 DAGs
[2022-11-29T06:27:53.712+0000] {logging_mixin.py:137} INFO - [2022-11-29T06:27:53.712+0000] {dag.py:3340} INFO - Setting next_dagrun for example_xcom_args to None, run_after=None
[2022-11-29T06:27:53.718+0000] {logging_mixin.py:137} INFO - [2022-11-29T06:27:53.718+0000] {dag.py:3340} INFO - Setting next_dagrun for example_xcom_args_with_operators to None, run_after=None
[2022-11-29T06:27:53.746+0000] {processor.py:176} INFO - Processing /home/airflow/.local/lib/python3.7/site-packages/airflow/example_dags/example_xcomargs.py took 0.232 seconds
[2022-11-29T06:28:24.202+0000] {processor.py:154} INFO - Started process (PID=202) to work on /home/airflow/.local/lib/python3.7/site-packages/airflow/example_dags/example_xcomargs.py
[2022-11-29T06:28:24.204+0000] {processor.py:756} INFO - Processing file /home/airflow/.local/lib/python3.7/site-packages/airflow/example_dags/example_xcomargs.py for tasks to queue
[2022-11-29T06:28:24.206+0000] {logging_mixin.py:137} INFO - [2022-11-29T06:28:24.206+0000] {dagbag.py:537} INFO - Filling up the DagBag from /home/airflow/.local/lib/python3.7/site-packages/airflow/example_dags/example_xcomargs.py
[2022-11-29T06:28:24.249+0000] {processor.py:766} INFO - DAG(s) dict_keys(['example_xcom_args', 'example_xcom_args_with_operators']) retrieved from /home/airflow/.local/lib/python3.7/site-packages/airflow/example_dags/example_xcomargs.py
[2022-11-29T06:28:24.329+0000] {logging_mixin.py:137} INFO - [2022-11-29T06:28:24.329+0000] {dag.py:2585} INFO - Sync 2 DAGs
[2022-11-29T06:28:24.369+0000] {logging_mixin.py:137} INFO - [2022-11-29T06:28:24.369+0000] {dag.py:3340} INFO - Setting next_dagrun for example_xcom_args to None, run_after=None
[2022-11-29T06:28:24.377+0000] {logging_mixin.py:137} INFO - [2022-11-29T06:28:24.376+0000] {dag.py:3340} INFO - Setting next_dagrun for example_xcom_args_with_operators to None, run_after=None
[2022-11-29T06:28:24.421+0000] {processor.py:176} INFO - Processing /home/airflow/.local/lib/python3.7/site-packages/airflow/example_dags/example_xcomargs.py took 0.225 seconds
[2022-11-29T06:28:55.551+0000] {processor.py:154} INFO - Started process (PID=256) to work on /home/airflow/.local/lib/python3.7/site-packages/airflow/example_dags/example_xcomargs.py
[2022-11-29T06:28:55.553+0000] {processor.py:756} INFO - Processing file /home/airflow/.local/lib/python3.7/site-packages/airflow/example_dags/example_xcomargs.py for tasks to queue
[2022-11-29T06:28:55.554+0000] {logging_mixin.py:137} INFO - [2022-11-29T06:28:55.554+0000] {dagbag.py:537} INFO - Filling up the DagBag from /home/airflow/.local/lib/python3.7/site-packages/airflow/example_dags/example_xcomargs.py
[2022-11-29T06:28:55.593+0000] {processor.py:766} INFO - DAG(s) dict_keys(['example_xcom_args', 'example_xcom_args_with_operators']) retrieved from /home/airflow/.local/lib/python3.7/site-packages/airflow/example_dags/example_xcomargs.py
[2022-11-29T06:28:55.678+0000] {logging_mixin.py:137} INFO - [2022-11-29T06:28:55.678+0000] {dag.py:2585} INFO - Sync 2 DAGs
[2022-11-29T06:28:55.730+0000] {logging_mixin.py:137} INFO - [2022-11-29T06:28:55.730+0000] {dag.py:3340} INFO - Setting next_dagrun for example_xcom_args to None, run_after=None
[2022-11-29T06:28:55.742+0000] {logging_mixin.py:137} INFO - [2022-11-29T06:28:55.742+0000] {dag.py:3340} INFO - Setting next_dagrun for example_xcom_args_with_operators to None, run_after=None
[2022-11-29T06:28:55.773+0000] {processor.py:176} INFO - Processing /home/airflow/.local/lib/python3.7/site-packages/airflow/example_dags/example_xcomargs.py took 0.227 seconds
[2022-11-29T06:31:45.552+0000] {processor.py:154} INFO - Started process (PID=77) to work on /home/airflow/.local/lib/python3.7/site-packages/airflow/example_dags/example_xcomargs.py
[2022-11-29T06:31:45.556+0000] {processor.py:756} INFO - Processing file /home/airflow/.local/lib/python3.7/site-packages/airflow/example_dags/example_xcomargs.py for tasks to queue
[2022-11-29T06:31:45.558+0000] {logging_mixin.py:137} INFO - [2022-11-29T06:31:45.558+0000] {dagbag.py:537} INFO - Filling up the DagBag from /home/airflow/.local/lib/python3.7/site-packages/airflow/example_dags/example_xcomargs.py
[2022-11-29T06:31:45.620+0000] {processor.py:766} INFO - DAG(s) dict_keys(['example_xcom_args', 'example_xcom_args_with_operators']) retrieved from /home/airflow/.local/lib/python3.7/site-packages/airflow/example_dags/example_xcomargs.py
[2022-11-29T06:31:45.666+0000] {logging_mixin.py:137} INFO - [2022-11-29T06:31:45.665+0000] {dag.py:2585} INFO - Sync 2 DAGs
[2022-11-29T06:31:45.716+0000] {logging_mixin.py:137} INFO - [2022-11-29T06:31:45.716+0000] {dag.py:3340} INFO - Setting next_dagrun for example_xcom_args to None, run_after=None
[2022-11-29T06:31:45.723+0000] {logging_mixin.py:137} INFO - [2022-11-29T06:31:45.723+0000] {dag.py:3340} INFO - Setting next_dagrun for example_xcom_args_with_operators to None, run_after=None
[2022-11-29T06:31:45.751+0000] {processor.py:176} INFO - Processing /home/airflow/.local/lib/python3.7/site-packages/airflow/example_dags/example_xcomargs.py took 0.207 seconds
[2022-11-29T06:32:17.240+0000] {processor.py:154} INFO - Started process (PID=139) to work on /home/airflow/.local/lib/python3.7/site-packages/airflow/example_dags/example_xcomargs.py
[2022-11-29T06:32:17.242+0000] {processor.py:756} INFO - Processing file /home/airflow/.local/lib/python3.7/site-packages/airflow/example_dags/example_xcomargs.py for tasks to queue
[2022-11-29T06:32:17.243+0000] {logging_mixin.py:137} INFO - [2022-11-29T06:32:17.243+0000] {dagbag.py:537} INFO - Filling up the DagBag from /home/airflow/.local/lib/python3.7/site-packages/airflow/example_dags/example_xcomargs.py
[2022-11-29T06:32:17.283+0000] {processor.py:766} INFO - DAG(s) dict_keys(['example_xcom_args_with_operators', 'example_xcom_args']) retrieved from /home/airflow/.local/lib/python3.7/site-packages/airflow/example_dags/example_xcomargs.py
[2022-11-29T06:32:17.379+0000] {logging_mixin.py:137} INFO - [2022-11-29T06:32:17.379+0000] {dag.py:2585} INFO - Sync 2 DAGs
[2022-11-29T06:32:17.445+0000] {logging_mixin.py:137} INFO - [2022-11-29T06:32:17.445+0000] {dag.py:3340} INFO - Setting next_dagrun for example_xcom_args to None, run_after=None
[2022-11-29T06:32:17.455+0000] {logging_mixin.py:137} INFO - [2022-11-29T06:32:17.454+0000] {dag.py:3340} INFO - Setting next_dagrun for example_xcom_args_with_operators to None, run_after=None
[2022-11-29T06:32:17.520+0000] {processor.py:176} INFO - Processing /home/airflow/.local/lib/python3.7/site-packages/airflow/example_dags/example_xcomargs.py took 0.285 seconds
[2022-11-29T06:32:47.595+0000] {processor.py:154} INFO - Started process (PID=194) to work on /home/airflow/.local/lib/python3.7/site-packages/airflow/example_dags/example_xcomargs.py
[2022-11-29T06:32:47.596+0000] {processor.py:756} INFO - Processing file /home/airflow/.local/lib/python3.7/site-packages/airflow/example_dags/example_xcomargs.py for tasks to queue
[2022-11-29T06:32:47.598+0000] {logging_mixin.py:137} INFO - [2022-11-29T06:32:47.598+0000] {dagbag.py:537} INFO - Filling up the DagBag from /home/airflow/.local/lib/python3.7/site-packages/airflow/example_dags/example_xcomargs.py
[2022-11-29T06:32:47.632+0000] {processor.py:766} INFO - DAG(s) dict_keys(['example_xcom_args_with_operators', 'example_xcom_args']) retrieved from /home/airflow/.local/lib/python3.7/site-packages/airflow/example_dags/example_xcomargs.py
[2022-11-29T06:32:47.699+0000] {logging_mixin.py:137} INFO - [2022-11-29T06:32:47.698+0000] {dag.py:2585} INFO - Sync 2 DAGs
[2022-11-29T06:32:47.745+0000] {logging_mixin.py:137} INFO - [2022-11-29T06:32:47.745+0000] {dag.py:3340} INFO - Setting next_dagrun for example_xcom_args to None, run_after=None
[2022-11-29T06:32:47.750+0000] {logging_mixin.py:137} INFO - [2022-11-29T06:32:47.750+0000] {dag.py:3340} INFO - Setting next_dagrun for example_xcom_args_with_operators to None, run_after=None
[2022-11-29T06:32:47.773+0000] {processor.py:176} INFO - Processing /home/airflow/.local/lib/python3.7/site-packages/airflow/example_dags/example_xcomargs.py took 0.183 seconds
[2022-11-29T06:33:18.138+0000] {processor.py:154} INFO - Started process (PID=257) to work on /home/airflow/.local/lib/python3.7/site-packages/airflow/example_dags/example_xcomargs.py
[2022-11-29T06:33:18.140+0000] {processor.py:756} INFO - Processing file /home/airflow/.local/lib/python3.7/site-packages/airflow/example_dags/example_xcomargs.py for tasks to queue
[2022-11-29T06:33:18.142+0000] {logging_mixin.py:137} INFO - [2022-11-29T06:33:18.142+0000] {dagbag.py:537} INFO - Filling up the DagBag from /home/airflow/.local/lib/python3.7/site-packages/airflow/example_dags/example_xcomargs.py
[2022-11-29T06:33:18.174+0000] {processor.py:766} INFO - DAG(s) dict_keys(['example_xcom_args', 'example_xcom_args_with_operators']) retrieved from /home/airflow/.local/lib/python3.7/site-packages/airflow/example_dags/example_xcomargs.py
[2022-11-29T06:33:18.231+0000] {logging_mixin.py:137} INFO - [2022-11-29T06:33:18.231+0000] {dag.py:2585} INFO - Sync 2 DAGs
[2022-11-29T06:33:18.268+0000] {logging_mixin.py:137} INFO - [2022-11-29T06:33:18.268+0000] {dag.py:3340} INFO - Setting next_dagrun for example_xcom_args to None, run_after=None
[2022-11-29T06:33:18.276+0000] {logging_mixin.py:137} INFO - [2022-11-29T06:33:18.275+0000] {dag.py:3340} INFO - Setting next_dagrun for example_xcom_args_with_operators to None, run_after=None
[2022-11-29T06:33:18.302+0000] {processor.py:176} INFO - Processing /home/airflow/.local/lib/python3.7/site-packages/airflow/example_dags/example_xcomargs.py took 0.170 seconds
[2022-11-29T06:52:59.679+0000] {processor.py:154} INFO - Started process (PID=78) to work on /home/airflow/.local/lib/python3.7/site-packages/airflow/example_dags/example_xcomargs.py
[2022-11-29T06:52:59.682+0000] {processor.py:756} INFO - Processing file /home/airflow/.local/lib/python3.7/site-packages/airflow/example_dags/example_xcomargs.py for tasks to queue
[2022-11-29T06:52:59.685+0000] {logging_mixin.py:137} INFO - [2022-11-29T06:52:59.684+0000] {dagbag.py:537} INFO - Filling up the DagBag from /home/airflow/.local/lib/python3.7/site-packages/airflow/example_dags/example_xcomargs.py
[2022-11-29T06:52:59.726+0000] {processor.py:766} INFO - DAG(s) dict_keys(['example_xcom_args', 'example_xcom_args_with_operators']) retrieved from /home/airflow/.local/lib/python3.7/site-packages/airflow/example_dags/example_xcomargs.py
[2022-11-29T06:52:59.807+0000] {logging_mixin.py:137} INFO - [2022-11-29T06:52:59.806+0000] {dag.py:2585} INFO - Sync 2 DAGs
[2022-11-29T06:52:59.873+0000] {logging_mixin.py:137} INFO - [2022-11-29T06:52:59.873+0000] {dag.py:3340} INFO - Setting next_dagrun for example_xcom_args to None, run_after=None
[2022-11-29T06:52:59.882+0000] {logging_mixin.py:137} INFO - [2022-11-29T06:52:59.882+0000] {dag.py:3340} INFO - Setting next_dagrun for example_xcom_args_with_operators to None, run_after=None
[2022-11-29T06:52:59.920+0000] {processor.py:176} INFO - Processing /home/airflow/.local/lib/python3.7/site-packages/airflow/example_dags/example_xcomargs.py took 0.245 seconds
[2022-11-29T06:53:30.777+0000] {processor.py:154} INFO - Started process (PID=143) to work on /home/airflow/.local/lib/python3.7/site-packages/airflow/example_dags/example_xcomargs.py
[2022-11-29T06:53:30.779+0000] {processor.py:756} INFO - Processing file /home/airflow/.local/lib/python3.7/site-packages/airflow/example_dags/example_xcomargs.py for tasks to queue
[2022-11-29T06:53:30.780+0000] {logging_mixin.py:137} INFO - [2022-11-29T06:53:30.780+0000] {dagbag.py:537} INFO - Filling up the DagBag from /home/airflow/.local/lib/python3.7/site-packages/airflow/example_dags/example_xcomargs.py
[2022-11-29T06:53:30.819+0000] {processor.py:766} INFO - DAG(s) dict_keys(['example_xcom_args_with_operators', 'example_xcom_args']) retrieved from /home/airflow/.local/lib/python3.7/site-packages/airflow/example_dags/example_xcomargs.py
[2022-11-29T06:53:30.895+0000] {logging_mixin.py:137} INFO - [2022-11-29T06:53:30.894+0000] {dag.py:2585} INFO - Sync 2 DAGs
[2022-11-29T06:53:30.935+0000] {logging_mixin.py:137} INFO - [2022-11-29T06:53:30.935+0000] {dag.py:3340} INFO - Setting next_dagrun for example_xcom_args to None, run_after=None
[2022-11-29T06:53:30.941+0000] {logging_mixin.py:137} INFO - [2022-11-29T06:53:30.941+0000] {dag.py:3340} INFO - Setting next_dagrun for example_xcom_args_with_operators to None, run_after=None
[2022-11-29T06:53:30.980+0000] {processor.py:176} INFO - Processing /home/airflow/.local/lib/python3.7/site-packages/airflow/example_dags/example_xcomargs.py took 0.208 seconds
[2022-11-29T06:54:01.807+0000] {processor.py:154} INFO - Started process (PID=198) to work on /home/airflow/.local/lib/python3.7/site-packages/airflow/example_dags/example_xcomargs.py
[2022-11-29T06:54:01.811+0000] {processor.py:756} INFO - Processing file /home/airflow/.local/lib/python3.7/site-packages/airflow/example_dags/example_xcomargs.py for tasks to queue
[2022-11-29T06:54:01.815+0000] {logging_mixin.py:137} INFO - [2022-11-29T06:54:01.814+0000] {dagbag.py:537} INFO - Filling up the DagBag from /home/airflow/.local/lib/python3.7/site-packages/airflow/example_dags/example_xcomargs.py
[2022-11-29T06:54:01.873+0000] {processor.py:766} INFO - DAG(s) dict_keys(['example_xcom_args_with_operators', 'example_xcom_args']) retrieved from /home/airflow/.local/lib/python3.7/site-packages/airflow/example_dags/example_xcomargs.py
[2022-11-29T06:54:01.963+0000] {logging_mixin.py:137} INFO - [2022-11-29T06:54:01.963+0000] {dag.py:2585} INFO - Sync 2 DAGs
[2022-11-29T06:54:02.008+0000] {logging_mixin.py:137} INFO - [2022-11-29T06:54:02.008+0000] {dag.py:3340} INFO - Setting next_dagrun for example_xcom_args to None, run_after=None
[2022-11-29T06:54:02.015+0000] {logging_mixin.py:137} INFO - [2022-11-29T06:54:02.015+0000] {dag.py:3340} INFO - Setting next_dagrun for example_xcom_args_with_operators to None, run_after=None
[2022-11-29T06:54:02.058+0000] {processor.py:176} INFO - Processing /home/airflow/.local/lib/python3.7/site-packages/airflow/example_dags/example_xcomargs.py took 0.259 seconds
[2022-11-29T06:54:32.451+0000] {processor.py:154} INFO - Started process (PID=261) to work on /home/airflow/.local/lib/python3.7/site-packages/airflow/example_dags/example_xcomargs.py
[2022-11-29T06:54:32.453+0000] {processor.py:756} INFO - Processing file /home/airflow/.local/lib/python3.7/site-packages/airflow/example_dags/example_xcomargs.py for tasks to queue
[2022-11-29T06:54:32.455+0000] {logging_mixin.py:137} INFO - [2022-11-29T06:54:32.454+0000] {dagbag.py:537} INFO - Filling up the DagBag from /home/airflow/.local/lib/python3.7/site-packages/airflow/example_dags/example_xcomargs.py
[2022-11-29T06:54:32.491+0000] {processor.py:766} INFO - DAG(s) dict_keys(['example_xcom_args', 'example_xcom_args_with_operators']) retrieved from /home/airflow/.local/lib/python3.7/site-packages/airflow/example_dags/example_xcomargs.py
[2022-11-29T06:54:32.565+0000] {logging_mixin.py:137} INFO - [2022-11-29T06:54:32.565+0000] {dag.py:2585} INFO - Sync 2 DAGs
[2022-11-29T06:54:32.611+0000] {logging_mixin.py:137} INFO - [2022-11-29T06:54:32.610+0000] {dag.py:3340} INFO - Setting next_dagrun for example_xcom_args to None, run_after=None
[2022-11-29T06:54:32.621+0000] {logging_mixin.py:137} INFO - [2022-11-29T06:54:32.621+0000] {dag.py:3340} INFO - Setting next_dagrun for example_xcom_args_with_operators to None, run_after=None
[2022-11-29T06:54:32.675+0000] {processor.py:176} INFO - Processing /home/airflow/.local/lib/python3.7/site-packages/airflow/example_dags/example_xcomargs.py took 0.229 seconds
[2022-11-29T06:55:03.265+0000] {processor.py:154} INFO - Started process (PID=321) to work on /home/airflow/.local/lib/python3.7/site-packages/airflow/example_dags/example_xcomargs.py
[2022-11-29T06:55:03.269+0000] {processor.py:756} INFO - Processing file /home/airflow/.local/lib/python3.7/site-packages/airflow/example_dags/example_xcomargs.py for tasks to queue
[2022-11-29T06:55:03.274+0000] {logging_mixin.py:137} INFO - [2022-11-29T06:55:03.274+0000] {dagbag.py:537} INFO - Filling up the DagBag from /home/airflow/.local/lib/python3.7/site-packages/airflow/example_dags/example_xcomargs.py
[2022-11-29T06:55:03.350+0000] {processor.py:766} INFO - DAG(s) dict_keys(['example_xcom_args', 'example_xcom_args_with_operators']) retrieved from /home/airflow/.local/lib/python3.7/site-packages/airflow/example_dags/example_xcomargs.py
[2022-11-29T06:55:03.467+0000] {logging_mixin.py:137} INFO - [2022-11-29T06:55:03.466+0000] {dag.py:2585} INFO - Sync 2 DAGs
[2022-11-29T06:55:03.531+0000] {logging_mixin.py:137} INFO - [2022-11-29T06:55:03.531+0000] {dag.py:3340} INFO - Setting next_dagrun for example_xcom_args to None, run_after=None
[2022-11-29T06:55:03.540+0000] {logging_mixin.py:137} INFO - [2022-11-29T06:55:03.540+0000] {dag.py:3340} INFO - Setting next_dagrun for example_xcom_args_with_operators to None, run_after=None
[2022-11-29T06:55:03.593+0000] {processor.py:176} INFO - Processing /home/airflow/.local/lib/python3.7/site-packages/airflow/example_dags/example_xcomargs.py took 0.338 seconds
[2022-11-29T06:55:33.841+0000] {processor.py:154} INFO - Started process (PID=377) to work on /home/airflow/.local/lib/python3.7/site-packages/airflow/example_dags/example_xcomargs.py
[2022-11-29T06:55:33.843+0000] {processor.py:756} INFO - Processing file /home/airflow/.local/lib/python3.7/site-packages/airflow/example_dags/example_xcomargs.py for tasks to queue
[2022-11-29T06:55:33.844+0000] {logging_mixin.py:137} INFO - [2022-11-29T06:55:33.844+0000] {dagbag.py:537} INFO - Filling up the DagBag from /home/airflow/.local/lib/python3.7/site-packages/airflow/example_dags/example_xcomargs.py
[2022-11-29T06:55:33.885+0000] {processor.py:766} INFO - DAG(s) dict_keys(['example_xcom_args_with_operators', 'example_xcom_args']) retrieved from /home/airflow/.local/lib/python3.7/site-packages/airflow/example_dags/example_xcomargs.py
[2022-11-29T06:55:33.966+0000] {logging_mixin.py:137} INFO - [2022-11-29T06:55:33.966+0000] {dag.py:2585} INFO - Sync 2 DAGs
[2022-11-29T06:55:34.008+0000] {logging_mixin.py:137} INFO - [2022-11-29T06:55:34.008+0000] {dag.py:3340} INFO - Setting next_dagrun for example_xcom_args to None, run_after=None
[2022-11-29T06:55:34.015+0000] {logging_mixin.py:137} INFO - [2022-11-29T06:55:34.014+0000] {dag.py:3340} INFO - Setting next_dagrun for example_xcom_args_with_operators to None, run_after=None
[2022-11-29T06:55:34.053+0000] {processor.py:176} INFO - Processing /home/airflow/.local/lib/python3.7/site-packages/airflow/example_dags/example_xcomargs.py took 0.220 seconds
[2022-11-29T07:01:53.390+0000] {processor.py:154} INFO - Started process (PID=76) to work on /home/airflow/.local/lib/python3.7/site-packages/airflow/example_dags/example_xcomargs.py
[2022-11-29T07:01:53.392+0000] {processor.py:756} INFO - Processing file /home/airflow/.local/lib/python3.7/site-packages/airflow/example_dags/example_xcomargs.py for tasks to queue
[2022-11-29T07:01:53.393+0000] {logging_mixin.py:137} INFO - [2022-11-29T07:01:53.393+0000] {dagbag.py:537} INFO - Filling up the DagBag from /home/airflow/.local/lib/python3.7/site-packages/airflow/example_dags/example_xcomargs.py
[2022-11-29T07:01:53.436+0000] {processor.py:766} INFO - DAG(s) dict_keys(['example_xcom_args', 'example_xcom_args_with_operators']) retrieved from /home/airflow/.local/lib/python3.7/site-packages/airflow/example_dags/example_xcomargs.py
[2022-11-29T07:01:53.496+0000] {logging_mixin.py:137} INFO - [2022-11-29T07:01:53.496+0000] {dag.py:2585} INFO - Sync 2 DAGs
[2022-11-29T07:01:53.556+0000] {logging_mixin.py:137} INFO - [2022-11-29T07:01:53.556+0000] {dag.py:3340} INFO - Setting next_dagrun for example_xcom_args to None, run_after=None
[2022-11-29T07:01:53.562+0000] {logging_mixin.py:137} INFO - [2022-11-29T07:01:53.562+0000] {dag.py:3340} INFO - Setting next_dagrun for example_xcom_args_with_operators to None, run_after=None
[2022-11-29T07:01:53.590+0000] {processor.py:176} INFO - Processing /home/airflow/.local/lib/python3.7/site-packages/airflow/example_dags/example_xcomargs.py took 0.206 seconds
[2022-11-29T07:02:24.722+0000] {processor.py:154} INFO - Started process (PID=139) to work on /home/airflow/.local/lib/python3.7/site-packages/airflow/example_dags/example_xcomargs.py
[2022-11-29T07:02:24.725+0000] {processor.py:756} INFO - Processing file /home/airflow/.local/lib/python3.7/site-packages/airflow/example_dags/example_xcomargs.py for tasks to queue
[2022-11-29T07:02:24.727+0000] {logging_mixin.py:137} INFO - [2022-11-29T07:02:24.726+0000] {dagbag.py:537} INFO - Filling up the DagBag from /home/airflow/.local/lib/python3.7/site-packages/airflow/example_dags/example_xcomargs.py
[2022-11-29T07:02:24.773+0000] {processor.py:766} INFO - DAG(s) dict_keys(['example_xcom_args', 'example_xcom_args_with_operators']) retrieved from /home/airflow/.local/lib/python3.7/site-packages/airflow/example_dags/example_xcomargs.py
[2022-11-29T07:02:24.850+0000] {logging_mixin.py:137} INFO - [2022-11-29T07:02:24.849+0000] {dag.py:2585} INFO - Sync 2 DAGs
[2022-11-29T07:02:24.893+0000] {logging_mixin.py:137} INFO - [2022-11-29T07:02:24.892+0000] {dag.py:3340} INFO - Setting next_dagrun for example_xcom_args to None, run_after=None
[2022-11-29T07:02:24.899+0000] {logging_mixin.py:137} INFO - [2022-11-29T07:02:24.898+0000] {dag.py:3340} INFO - Setting next_dagrun for example_xcom_args_with_operators to None, run_after=None
[2022-11-29T07:02:24.932+0000] {processor.py:176} INFO - Processing /home/airflow/.local/lib/python3.7/site-packages/airflow/example_dags/example_xcomargs.py took 0.217 seconds
[2022-11-29T07:02:55.693+0000] {processor.py:154} INFO - Started process (PID=194) to work on /home/airflow/.local/lib/python3.7/site-packages/airflow/example_dags/example_xcomargs.py
[2022-11-29T07:02:55.695+0000] {processor.py:756} INFO - Processing file /home/airflow/.local/lib/python3.7/site-packages/airflow/example_dags/example_xcomargs.py for tasks to queue
[2022-11-29T07:02:55.697+0000] {logging_mixin.py:137} INFO - [2022-11-29T07:02:55.697+0000] {dagbag.py:537} INFO - Filling up the DagBag from /home/airflow/.local/lib/python3.7/site-packages/airflow/example_dags/example_xcomargs.py
[2022-11-29T07:02:55.743+0000] {processor.py:766} INFO - DAG(s) dict_keys(['example_xcom_args_with_operators', 'example_xcom_args']) retrieved from /home/airflow/.local/lib/python3.7/site-packages/airflow/example_dags/example_xcomargs.py
[2022-11-29T07:02:55.853+0000] {logging_mixin.py:137} INFO - [2022-11-29T07:02:55.852+0000] {dag.py:2585} INFO - Sync 2 DAGs
[2022-11-29T07:02:55.895+0000] {logging_mixin.py:137} INFO - [2022-11-29T07:02:55.895+0000] {dag.py:3340} INFO - Setting next_dagrun for example_xcom_args to None, run_after=None
[2022-11-29T07:02:55.901+0000] {logging_mixin.py:137} INFO - [2022-11-29T07:02:55.901+0000] {dag.py:3340} INFO - Setting next_dagrun for example_xcom_args_with_operators to None, run_after=None
[2022-11-29T07:02:55.929+0000] {processor.py:176} INFO - Processing /home/airflow/.local/lib/python3.7/site-packages/airflow/example_dags/example_xcomargs.py took 0.241 seconds
[2022-11-29T07:03:26.461+0000] {processor.py:154} INFO - Started process (PID=257) to work on /home/airflow/.local/lib/python3.7/site-packages/airflow/example_dags/example_xcomargs.py
[2022-11-29T07:03:26.463+0000] {processor.py:756} INFO - Processing file /home/airflow/.local/lib/python3.7/site-packages/airflow/example_dags/example_xcomargs.py for tasks to queue
[2022-11-29T07:03:26.464+0000] {logging_mixin.py:137} INFO - [2022-11-29T07:03:26.464+0000] {dagbag.py:537} INFO - Filling up the DagBag from /home/airflow/.local/lib/python3.7/site-packages/airflow/example_dags/example_xcomargs.py
[2022-11-29T07:03:26.513+0000] {processor.py:766} INFO - DAG(s) dict_keys(['example_xcom_args_with_operators', 'example_xcom_args']) retrieved from /home/airflow/.local/lib/python3.7/site-packages/airflow/example_dags/example_xcomargs.py
[2022-11-29T07:03:26.609+0000] {logging_mixin.py:137} INFO - [2022-11-29T07:03:26.609+0000] {dag.py:2585} INFO - Sync 2 DAGs
[2022-11-29T07:03:26.655+0000] {logging_mixin.py:137} INFO - [2022-11-29T07:03:26.655+0000] {dag.py:3340} INFO - Setting next_dagrun for example_xcom_args to None, run_after=None
[2022-11-29T07:03:26.662+0000] {logging_mixin.py:137} INFO - [2022-11-29T07:03:26.662+0000] {dag.py:3340} INFO - Setting next_dagrun for example_xcom_args_with_operators to None, run_after=None
[2022-11-29T07:03:26.691+0000] {processor.py:176} INFO - Processing /home/airflow/.local/lib/python3.7/site-packages/airflow/example_dags/example_xcomargs.py took 0.235 seconds
[2022-11-29T07:04:52.571+0000] {processor.py:154} INFO - Started process (PID=76) to work on /home/airflow/.local/lib/python3.7/site-packages/airflow/example_dags/example_xcomargs.py
[2022-11-29T07:04:52.575+0000] {processor.py:756} INFO - Processing file /home/airflow/.local/lib/python3.7/site-packages/airflow/example_dags/example_xcomargs.py for tasks to queue
[2022-11-29T07:04:52.581+0000] {logging_mixin.py:137} INFO - [2022-11-29T07:04:52.581+0000] {dagbag.py:537} INFO - Filling up the DagBag from /home/airflow/.local/lib/python3.7/site-packages/airflow/example_dags/example_xcomargs.py
[2022-11-29T07:04:52.633+0000] {processor.py:766} INFO - DAG(s) dict_keys(['example_xcom_args', 'example_xcom_args_with_operators']) retrieved from /home/airflow/.local/lib/python3.7/site-packages/airflow/example_dags/example_xcomargs.py
[2022-11-29T07:04:52.711+0000] {logging_mixin.py:137} INFO - [2022-11-29T07:04:52.710+0000] {dag.py:2585} INFO - Sync 2 DAGs
[2022-11-29T07:04:52.753+0000] {logging_mixin.py:137} INFO - [2022-11-29T07:04:52.753+0000] {dag.py:3340} INFO - Setting next_dagrun for example_xcom_args to None, run_after=None
[2022-11-29T07:04:52.759+0000] {logging_mixin.py:137} INFO - [2022-11-29T07:04:52.759+0000] {dag.py:3340} INFO - Setting next_dagrun for example_xcom_args_with_operators to None, run_after=None
[2022-11-29T07:04:52.793+0000] {processor.py:176} INFO - Processing /home/airflow/.local/lib/python3.7/site-packages/airflow/example_dags/example_xcomargs.py took 0.227 seconds
[2022-11-29T07:06:03.067+0000] {processor.py:154} INFO - Started process (PID=76) to work on /home/airflow/.local/lib/python3.7/site-packages/airflow/example_dags/example_xcomargs.py
[2022-11-29T07:06:03.070+0000] {processor.py:756} INFO - Processing file /home/airflow/.local/lib/python3.7/site-packages/airflow/example_dags/example_xcomargs.py for tasks to queue
[2022-11-29T07:06:03.072+0000] {logging_mixin.py:137} INFO - [2022-11-29T07:06:03.072+0000] {dagbag.py:537} INFO - Filling up the DagBag from /home/airflow/.local/lib/python3.7/site-packages/airflow/example_dags/example_xcomargs.py
[2022-11-29T07:06:03.114+0000] {processor.py:766} INFO - DAG(s) dict_keys(['example_xcom_args', 'example_xcom_args_with_operators']) retrieved from /home/airflow/.local/lib/python3.7/site-packages/airflow/example_dags/example_xcomargs.py
[2022-11-29T07:06:03.199+0000] {logging_mixin.py:137} INFO - [2022-11-29T07:06:03.199+0000] {dag.py:2585} INFO - Sync 2 DAGs
[2022-11-29T07:06:03.246+0000] {logging_mixin.py:137} INFO - [2022-11-29T07:06:03.246+0000] {dag.py:3340} INFO - Setting next_dagrun for example_xcom_args to None, run_after=None
[2022-11-29T07:06:03.254+0000] {logging_mixin.py:137} INFO - [2022-11-29T07:06:03.254+0000] {dag.py:3340} INFO - Setting next_dagrun for example_xcom_args_with_operators to None, run_after=None
[2022-11-29T07:06:03.296+0000] {processor.py:176} INFO - Processing /home/airflow/.local/lib/python3.7/site-packages/airflow/example_dags/example_xcomargs.py took 0.237 seconds
[2022-11-29T07:06:33.431+0000] {processor.py:154} INFO - Started process (PID=139) to work on /home/airflow/.local/lib/python3.7/site-packages/airflow/example_dags/example_xcomargs.py
[2022-11-29T07:06:33.433+0000] {processor.py:756} INFO - Processing file /home/airflow/.local/lib/python3.7/site-packages/airflow/example_dags/example_xcomargs.py for tasks to queue
[2022-11-29T07:06:33.435+0000] {logging_mixin.py:137} INFO - [2022-11-29T07:06:33.434+0000] {dagbag.py:537} INFO - Filling up the DagBag from /home/airflow/.local/lib/python3.7/site-packages/airflow/example_dags/example_xcomargs.py
[2022-11-29T07:06:33.485+0000] {processor.py:766} INFO - DAG(s) dict_keys(['example_xcom_args_with_operators', 'example_xcom_args']) retrieved from /home/airflow/.local/lib/python3.7/site-packages/airflow/example_dags/example_xcomargs.py
[2022-11-29T07:06:33.554+0000] {logging_mixin.py:137} INFO - [2022-11-29T07:06:33.554+0000] {dag.py:2585} INFO - Sync 2 DAGs
[2022-11-29T07:06:33.604+0000] {logging_mixin.py:137} INFO - [2022-11-29T07:06:33.604+0000] {dag.py:3340} INFO - Setting next_dagrun for example_xcom_args to None, run_after=None
[2022-11-29T07:06:33.619+0000] {logging_mixin.py:137} INFO - [2022-11-29T07:06:33.618+0000] {dag.py:3340} INFO - Setting next_dagrun for example_xcom_args_with_operators to None, run_after=None
[2022-11-29T07:06:33.644+0000] {processor.py:176} INFO - Processing /home/airflow/.local/lib/python3.7/site-packages/airflow/example_dags/example_xcomargs.py took 0.219 seconds
[2022-11-29T07:07:04.291+0000] {processor.py:154} INFO - Started process (PID=194) to work on /home/airflow/.local/lib/python3.7/site-packages/airflow/example_dags/example_xcomargs.py
[2022-11-29T07:07:04.296+0000] {processor.py:756} INFO - Processing file /home/airflow/.local/lib/python3.7/site-packages/airflow/example_dags/example_xcomargs.py for tasks to queue
[2022-11-29T07:07:04.301+0000] {logging_mixin.py:137} INFO - [2022-11-29T07:07:04.300+0000] {dagbag.py:537} INFO - Filling up the DagBag from /home/airflow/.local/lib/python3.7/site-packages/airflow/example_dags/example_xcomargs.py
[2022-11-29T07:07:04.355+0000] {processor.py:766} INFO - DAG(s) dict_keys(['example_xcom_args_with_operators', 'example_xcom_args']) retrieved from /home/airflow/.local/lib/python3.7/site-packages/airflow/example_dags/example_xcomargs.py
[2022-11-29T07:07:04.443+0000] {logging_mixin.py:137} INFO - [2022-11-29T07:07:04.442+0000] {dag.py:2585} INFO - Sync 2 DAGs
[2022-11-29T07:07:04.491+0000] {logging_mixin.py:137} INFO - [2022-11-29T07:07:04.491+0000] {dag.py:3340} INFO - Setting next_dagrun for example_xcom_args to None, run_after=None
[2022-11-29T07:07:04.500+0000] {logging_mixin.py:137} INFO - [2022-11-29T07:07:04.500+0000] {dag.py:3340} INFO - Setting next_dagrun for example_xcom_args_with_operators to None, run_after=None
[2022-11-29T07:07:04.542+0000] {processor.py:176} INFO - Processing /home/airflow/.local/lib/python3.7/site-packages/airflow/example_dags/example_xcomargs.py took 0.258 seconds
[2022-11-29T07:07:35.193+0000] {processor.py:154} INFO - Started process (PID=257) to work on /home/airflow/.local/lib/python3.7/site-packages/airflow/example_dags/example_xcomargs.py
[2022-11-29T07:07:35.196+0000] {processor.py:756} INFO - Processing file /home/airflow/.local/lib/python3.7/site-packages/airflow/example_dags/example_xcomargs.py for tasks to queue
[2022-11-29T07:07:35.199+0000] {logging_mixin.py:137} INFO - [2022-11-29T07:07:35.198+0000] {dagbag.py:537} INFO - Filling up the DagBag from /home/airflow/.local/lib/python3.7/site-packages/airflow/example_dags/example_xcomargs.py
[2022-11-29T07:07:35.250+0000] {processor.py:766} INFO - DAG(s) dict_keys(['example_xcom_args', 'example_xcom_args_with_operators']) retrieved from /home/airflow/.local/lib/python3.7/site-packages/airflow/example_dags/example_xcomargs.py
[2022-11-29T07:07:35.343+0000] {logging_mixin.py:137} INFO - [2022-11-29T07:07:35.343+0000] {dag.py:2585} INFO - Sync 2 DAGs
[2022-11-29T07:07:35.387+0000] {logging_mixin.py:137} INFO - [2022-11-29T07:07:35.387+0000] {dag.py:3340} INFO - Setting next_dagrun for example_xcom_args to None, run_after=None
[2022-11-29T07:07:35.396+0000] {logging_mixin.py:137} INFO - [2022-11-29T07:07:35.396+0000] {dag.py:3340} INFO - Setting next_dagrun for example_xcom_args_with_operators to None, run_after=None
[2022-11-29T07:07:35.438+0000] {processor.py:176} INFO - Processing /home/airflow/.local/lib/python3.7/site-packages/airflow/example_dags/example_xcomargs.py took 0.264 seconds
[2022-11-29T07:08:06.149+0000] {processor.py:154} INFO - Started process (PID=322) to work on /home/airflow/.local/lib/python3.7/site-packages/airflow/example_dags/example_xcomargs.py
[2022-11-29T07:08:06.152+0000] {processor.py:756} INFO - Processing file /home/airflow/.local/lib/python3.7/site-packages/airflow/example_dags/example_xcomargs.py for tasks to queue
[2022-11-29T07:08:06.154+0000] {logging_mixin.py:137} INFO - [2022-11-29T07:08:06.153+0000] {dagbag.py:537} INFO - Filling up the DagBag from /home/airflow/.local/lib/python3.7/site-packages/airflow/example_dags/example_xcomargs.py
[2022-11-29T07:08:06.190+0000] {processor.py:766} INFO - DAG(s) dict_keys(['example_xcom_args_with_operators', 'example_xcom_args']) retrieved from /home/airflow/.local/lib/python3.7/site-packages/airflow/example_dags/example_xcomargs.py
[2022-11-29T07:08:06.269+0000] {logging_mixin.py:137} INFO - [2022-11-29T07:08:06.269+0000] {dag.py:2585} INFO - Sync 2 DAGs
[2022-11-29T07:08:06.310+0000] {logging_mixin.py:137} INFO - [2022-11-29T07:08:06.310+0000] {dag.py:3340} INFO - Setting next_dagrun for example_xcom_args to None, run_after=None
[2022-11-29T07:08:06.329+0000] {logging_mixin.py:137} INFO - [2022-11-29T07:08:06.328+0000] {dag.py:3340} INFO - Setting next_dagrun for example_xcom_args_with_operators to None, run_after=None
[2022-11-29T07:08:06.369+0000] {processor.py:176} INFO - Processing /home/airflow/.local/lib/python3.7/site-packages/airflow/example_dags/example_xcomargs.py took 0.226 seconds
[2022-11-29T07:08:37.208+0000] {processor.py:154} INFO - Started process (PID=383) to work on /home/airflow/.local/lib/python3.7/site-packages/airflow/example_dags/example_xcomargs.py
[2022-11-29T07:08:37.209+0000] {processor.py:756} INFO - Processing file /home/airflow/.local/lib/python3.7/site-packages/airflow/example_dags/example_xcomargs.py for tasks to queue
[2022-11-29T07:08:37.211+0000] {logging_mixin.py:137} INFO - [2022-11-29T07:08:37.211+0000] {dagbag.py:537} INFO - Filling up the DagBag from /home/airflow/.local/lib/python3.7/site-packages/airflow/example_dags/example_xcomargs.py
[2022-11-29T07:08:37.269+0000] {processor.py:766} INFO - DAG(s) dict_keys(['example_xcom_args', 'example_xcom_args_with_operators']) retrieved from /home/airflow/.local/lib/python3.7/site-packages/airflow/example_dags/example_xcomargs.py
[2022-11-29T07:08:37.330+0000] {logging_mixin.py:137} INFO - [2022-11-29T07:08:37.330+0000] {dag.py:2585} INFO - Sync 2 DAGs
[2022-11-29T07:08:37.385+0000] {logging_mixin.py:137} INFO - [2022-11-29T07:08:37.384+0000] {dag.py:3340} INFO - Setting next_dagrun for example_xcom_args to None, run_after=None
[2022-11-29T07:08:37.390+0000] {logging_mixin.py:137} INFO - [2022-11-29T07:08:37.390+0000] {dag.py:3340} INFO - Setting next_dagrun for example_xcom_args_with_operators to None, run_after=None
[2022-11-29T07:08:37.418+0000] {processor.py:176} INFO - Processing /home/airflow/.local/lib/python3.7/site-packages/airflow/example_dags/example_xcomargs.py took 0.216 seconds
[2022-11-29T07:09:07.704+0000] {processor.py:154} INFO - Started process (PID=439) to work on /home/airflow/.local/lib/python3.7/site-packages/airflow/example_dags/example_xcomargs.py
[2022-11-29T07:09:07.706+0000] {processor.py:756} INFO - Processing file /home/airflow/.local/lib/python3.7/site-packages/airflow/example_dags/example_xcomargs.py for tasks to queue
[2022-11-29T07:09:07.708+0000] {logging_mixin.py:137} INFO - [2022-11-29T07:09:07.707+0000] {dagbag.py:537} INFO - Filling up the DagBag from /home/airflow/.local/lib/python3.7/site-packages/airflow/example_dags/example_xcomargs.py
[2022-11-29T07:09:07.751+0000] {processor.py:766} INFO - DAG(s) dict_keys(['example_xcom_args', 'example_xcom_args_with_operators']) retrieved from /home/airflow/.local/lib/python3.7/site-packages/airflow/example_dags/example_xcomargs.py
[2022-11-29T07:09:07.827+0000] {logging_mixin.py:137} INFO - [2022-11-29T07:09:07.827+0000] {dag.py:2585} INFO - Sync 2 DAGs
[2022-11-29T07:09:07.873+0000] {logging_mixin.py:137} INFO - [2022-11-29T07:09:07.872+0000] {dag.py:3340} INFO - Setting next_dagrun for example_xcom_args to None, run_after=None
[2022-11-29T07:09:07.879+0000] {logging_mixin.py:137} INFO - [2022-11-29T07:09:07.879+0000] {dag.py:3340} INFO - Setting next_dagrun for example_xcom_args_with_operators to None, run_after=None
[2022-11-29T07:09:07.908+0000] {processor.py:176} INFO - Processing /home/airflow/.local/lib/python3.7/site-packages/airflow/example_dags/example_xcomargs.py took 0.208 seconds
[2022-11-29T07:09:38.618+0000] {processor.py:154} INFO - Started process (PID=504) to work on /home/airflow/.local/lib/python3.7/site-packages/airflow/example_dags/example_xcomargs.py
[2022-11-29T07:09:38.620+0000] {processor.py:756} INFO - Processing file /home/airflow/.local/lib/python3.7/site-packages/airflow/example_dags/example_xcomargs.py for tasks to queue
[2022-11-29T07:09:38.623+0000] {logging_mixin.py:137} INFO - [2022-11-29T07:09:38.623+0000] {dagbag.py:537} INFO - Filling up the DagBag from /home/airflow/.local/lib/python3.7/site-packages/airflow/example_dags/example_xcomargs.py
[2022-11-29T07:09:38.661+0000] {processor.py:766} INFO - DAG(s) dict_keys(['example_xcom_args', 'example_xcom_args_with_operators']) retrieved from /home/airflow/.local/lib/python3.7/site-packages/airflow/example_dags/example_xcomargs.py
[2022-11-29T07:09:38.729+0000] {logging_mixin.py:137} INFO - [2022-11-29T07:09:38.729+0000] {dag.py:2585} INFO - Sync 2 DAGs
[2022-11-29T07:09:38.767+0000] {logging_mixin.py:137} INFO - [2022-11-29T07:09:38.767+0000] {dag.py:3340} INFO - Setting next_dagrun for example_xcom_args to None, run_after=None
[2022-11-29T07:09:38.772+0000] {logging_mixin.py:137} INFO - [2022-11-29T07:09:38.772+0000] {dag.py:3340} INFO - Setting next_dagrun for example_xcom_args_with_operators to None, run_after=None
[2022-11-29T07:09:38.807+0000] {processor.py:176} INFO - Processing /home/airflow/.local/lib/python3.7/site-packages/airflow/example_dags/example_xcomargs.py took 0.196 seconds
[2022-11-29T07:10:09.037+0000] {processor.py:154} INFO - Started process (PID=557) to work on /home/airflow/.local/lib/python3.7/site-packages/airflow/example_dags/example_xcomargs.py
[2022-11-29T07:10:09.039+0000] {processor.py:756} INFO - Processing file /home/airflow/.local/lib/python3.7/site-packages/airflow/example_dags/example_xcomargs.py for tasks to queue
[2022-11-29T07:10:09.041+0000] {logging_mixin.py:137} INFO - [2022-11-29T07:10:09.041+0000] {dagbag.py:537} INFO - Filling up the DagBag from /home/airflow/.local/lib/python3.7/site-packages/airflow/example_dags/example_xcomargs.py
[2022-11-29T07:10:09.083+0000] {processor.py:766} INFO - DAG(s) dict_keys(['example_xcom_args', 'example_xcom_args_with_operators']) retrieved from /home/airflow/.local/lib/python3.7/site-packages/airflow/example_dags/example_xcomargs.py
[2022-11-29T07:10:09.174+0000] {logging_mixin.py:137} INFO - [2022-11-29T07:10:09.174+0000] {dag.py:2585} INFO - Sync 2 DAGs
[2022-11-29T07:10:09.228+0000] {logging_mixin.py:137} INFO - [2022-11-29T07:10:09.228+0000] {dag.py:3340} INFO - Setting next_dagrun for example_xcom_args to None, run_after=None
[2022-11-29T07:10:09.236+0000] {logging_mixin.py:137} INFO - [2022-11-29T07:10:09.236+0000] {dag.py:3340} INFO - Setting next_dagrun for example_xcom_args_with_operators to None, run_after=None
[2022-11-29T07:10:09.262+0000] {processor.py:176} INFO - Processing /home/airflow/.local/lib/python3.7/site-packages/airflow/example_dags/example_xcomargs.py took 0.231 seconds
[2022-11-29T07:10:39.574+0000] {processor.py:154} INFO - Started process (PID=620) to work on /home/airflow/.local/lib/python3.7/site-packages/airflow/example_dags/example_xcomargs.py
[2022-11-29T07:10:39.576+0000] {processor.py:756} INFO - Processing file /home/airflow/.local/lib/python3.7/site-packages/airflow/example_dags/example_xcomargs.py for tasks to queue
[2022-11-29T07:10:39.578+0000] {logging_mixin.py:137} INFO - [2022-11-29T07:10:39.578+0000] {dagbag.py:537} INFO - Filling up the DagBag from /home/airflow/.local/lib/python3.7/site-packages/airflow/example_dags/example_xcomargs.py
[2022-11-29T07:10:39.619+0000] {processor.py:766} INFO - DAG(s) dict_keys(['example_xcom_args_with_operators', 'example_xcom_args']) retrieved from /home/airflow/.local/lib/python3.7/site-packages/airflow/example_dags/example_xcomargs.py
[2022-11-29T07:10:39.689+0000] {logging_mixin.py:137} INFO - [2022-11-29T07:10:39.688+0000] {dag.py:2585} INFO - Sync 2 DAGs
[2022-11-29T07:10:39.723+0000] {logging_mixin.py:137} INFO - [2022-11-29T07:10:39.723+0000] {dag.py:3340} INFO - Setting next_dagrun for example_xcom_args to None, run_after=None
[2022-11-29T07:10:39.728+0000] {logging_mixin.py:137} INFO - [2022-11-29T07:10:39.727+0000] {dag.py:3340} INFO - Setting next_dagrun for example_xcom_args_with_operators to None, run_after=None
[2022-11-29T07:10:39.750+0000] {processor.py:176} INFO - Processing /home/airflow/.local/lib/python3.7/site-packages/airflow/example_dags/example_xcomargs.py took 0.184 seconds
[2022-11-29T07:11:11.112+0000] {processor.py:154} INFO - Started process (PID=682) to work on /home/airflow/.local/lib/python3.7/site-packages/airflow/example_dags/example_xcomargs.py
[2022-11-29T07:11:11.114+0000] {processor.py:756} INFO - Processing file /home/airflow/.local/lib/python3.7/site-packages/airflow/example_dags/example_xcomargs.py for tasks to queue
[2022-11-29T07:11:11.116+0000] {logging_mixin.py:137} INFO - [2022-11-29T07:11:11.116+0000] {dagbag.py:537} INFO - Filling up the DagBag from /home/airflow/.local/lib/python3.7/site-packages/airflow/example_dags/example_xcomargs.py
[2022-11-29T07:11:11.150+0000] {processor.py:766} INFO - DAG(s) dict_keys(['example_xcom_args', 'example_xcom_args_with_operators']) retrieved from /home/airflow/.local/lib/python3.7/site-packages/airflow/example_dags/example_xcomargs.py
[2022-11-29T07:11:11.224+0000] {logging_mixin.py:137} INFO - [2022-11-29T07:11:11.223+0000] {dag.py:2585} INFO - Sync 2 DAGs
[2022-11-29T07:11:11.272+0000] {logging_mixin.py:137} INFO - [2022-11-29T07:11:11.272+0000] {dag.py:3340} INFO - Setting next_dagrun for example_xcom_args to None, run_after=None
[2022-11-29T07:11:11.278+0000] {logging_mixin.py:137} INFO - [2022-11-29T07:11:11.278+0000] {dag.py:3340} INFO - Setting next_dagrun for example_xcom_args_with_operators to None, run_after=None
[2022-11-29T07:11:11.317+0000] {processor.py:176} INFO - Processing /home/airflow/.local/lib/python3.7/site-packages/airflow/example_dags/example_xcomargs.py took 0.211 seconds
[2022-11-29T07:11:42.125+0000] {processor.py:154} INFO - Started process (PID=736) to work on /home/airflow/.local/lib/python3.7/site-packages/airflow/example_dags/example_xcomargs.py
[2022-11-29T07:11:42.127+0000] {processor.py:756} INFO - Processing file /home/airflow/.local/lib/python3.7/site-packages/airflow/example_dags/example_xcomargs.py for tasks to queue
[2022-11-29T07:11:42.129+0000] {logging_mixin.py:137} INFO - [2022-11-29T07:11:42.128+0000] {dagbag.py:537} INFO - Filling up the DagBag from /home/airflow/.local/lib/python3.7/site-packages/airflow/example_dags/example_xcomargs.py
[2022-11-29T07:11:42.163+0000] {processor.py:766} INFO - DAG(s) dict_keys(['example_xcom_args_with_operators', 'example_xcom_args']) retrieved from /home/airflow/.local/lib/python3.7/site-packages/airflow/example_dags/example_xcomargs.py
[2022-11-29T07:11:42.233+0000] {logging_mixin.py:137} INFO - [2022-11-29T07:11:42.231+0000] {dag.py:2585} INFO - Sync 2 DAGs
[2022-11-29T07:11:42.271+0000] {logging_mixin.py:137} INFO - [2022-11-29T07:11:42.271+0000] {dag.py:3340} INFO - Setting next_dagrun for example_xcom_args to None, run_after=None
[2022-11-29T07:11:42.277+0000] {logging_mixin.py:137} INFO - [2022-11-29T07:11:42.277+0000] {dag.py:3340} INFO - Setting next_dagrun for example_xcom_args_with_operators to None, run_after=None
[2022-11-29T07:11:42.302+0000] {processor.py:176} INFO - Processing /home/airflow/.local/lib/python3.7/site-packages/airflow/example_dags/example_xcomargs.py took 0.184 seconds
[2022-11-29T07:12:12.546+0000] {processor.py:154} INFO - Started process (PID=798) to work on /home/airflow/.local/lib/python3.7/site-packages/airflow/example_dags/example_xcomargs.py
[2022-11-29T07:12:12.548+0000] {processor.py:756} INFO - Processing file /home/airflow/.local/lib/python3.7/site-packages/airflow/example_dags/example_xcomargs.py for tasks to queue
[2022-11-29T07:12:12.549+0000] {logging_mixin.py:137} INFO - [2022-11-29T07:12:12.549+0000] {dagbag.py:537} INFO - Filling up the DagBag from /home/airflow/.local/lib/python3.7/site-packages/airflow/example_dags/example_xcomargs.py
[2022-11-29T07:12:12.592+0000] {processor.py:766} INFO - DAG(s) dict_keys(['example_xcom_args', 'example_xcom_args_with_operators']) retrieved from /home/airflow/.local/lib/python3.7/site-packages/airflow/example_dags/example_xcomargs.py
[2022-11-29T07:12:12.666+0000] {logging_mixin.py:137} INFO - [2022-11-29T07:12:12.666+0000] {dag.py:2585} INFO - Sync 2 DAGs
[2022-11-29T07:12:12.714+0000] {logging_mixin.py:137} INFO - [2022-11-29T07:12:12.714+0000] {dag.py:3340} INFO - Setting next_dagrun for example_xcom_args to None, run_after=None
[2022-11-29T07:12:12.722+0000] {logging_mixin.py:137} INFO - [2022-11-29T07:12:12.721+0000] {dag.py:3340} INFO - Setting next_dagrun for example_xcom_args_with_operators to None, run_after=None
[2022-11-29T07:12:12.754+0000] {processor.py:176} INFO - Processing /home/airflow/.local/lib/python3.7/site-packages/airflow/example_dags/example_xcomargs.py took 0.213 seconds
[2022-11-29T07:12:43.890+0000] {processor.py:154} INFO - Started process (PID=861) to work on /home/airflow/.local/lib/python3.7/site-packages/airflow/example_dags/example_xcomargs.py
[2022-11-29T07:12:43.892+0000] {processor.py:756} INFO - Processing file /home/airflow/.local/lib/python3.7/site-packages/airflow/example_dags/example_xcomargs.py for tasks to queue
[2022-11-29T07:12:43.894+0000] {logging_mixin.py:137} INFO - [2022-11-29T07:12:43.894+0000] {dagbag.py:537} INFO - Filling up the DagBag from /home/airflow/.local/lib/python3.7/site-packages/airflow/example_dags/example_xcomargs.py
[2022-11-29T07:12:43.937+0000] {processor.py:766} INFO - DAG(s) dict_keys(['example_xcom_args_with_operators', 'example_xcom_args']) retrieved from /home/airflow/.local/lib/python3.7/site-packages/airflow/example_dags/example_xcomargs.py
[2022-11-29T07:12:44.041+0000] {logging_mixin.py:137} INFO - [2022-11-29T07:12:44.041+0000] {dag.py:2585} INFO - Sync 2 DAGs
[2022-11-29T07:12:44.086+0000] {logging_mixin.py:137} INFO - [2022-11-29T07:12:44.086+0000] {dag.py:3340} INFO - Setting next_dagrun for example_xcom_args to None, run_after=None
[2022-11-29T07:12:44.100+0000] {logging_mixin.py:137} INFO - [2022-11-29T07:12:44.100+0000] {dag.py:3340} INFO - Setting next_dagrun for example_xcom_args_with_operators to None, run_after=None
[2022-11-29T07:12:44.131+0000] {processor.py:176} INFO - Processing /home/airflow/.local/lib/python3.7/site-packages/airflow/example_dags/example_xcomargs.py took 0.247 seconds
[2022-11-29T07:13:14.746+0000] {processor.py:154} INFO - Started process (PID=915) to work on /home/airflow/.local/lib/python3.7/site-packages/airflow/example_dags/example_xcomargs.py
[2022-11-29T07:13:14.747+0000] {processor.py:756} INFO - Processing file /home/airflow/.local/lib/python3.7/site-packages/airflow/example_dags/example_xcomargs.py for tasks to queue
[2022-11-29T07:13:14.749+0000] {logging_mixin.py:137} INFO - [2022-11-29T07:13:14.749+0000] {dagbag.py:537} INFO - Filling up the DagBag from /home/airflow/.local/lib/python3.7/site-packages/airflow/example_dags/example_xcomargs.py
[2022-11-29T07:13:14.783+0000] {processor.py:766} INFO - DAG(s) dict_keys(['example_xcom_args_with_operators', 'example_xcom_args']) retrieved from /home/airflow/.local/lib/python3.7/site-packages/airflow/example_dags/example_xcomargs.py
[2022-11-29T07:13:14.845+0000] {logging_mixin.py:137} INFO - [2022-11-29T07:13:14.845+0000] {dag.py:2585} INFO - Sync 2 DAGs
[2022-11-29T07:13:14.882+0000] {logging_mixin.py:137} INFO - [2022-11-29T07:13:14.882+0000] {dag.py:3340} INFO - Setting next_dagrun for example_xcom_args to None, run_after=None
[2022-11-29T07:13:14.888+0000] {logging_mixin.py:137} INFO - [2022-11-29T07:13:14.888+0000] {dag.py:3340} INFO - Setting next_dagrun for example_xcom_args_with_operators to None, run_after=None
[2022-11-29T07:13:14.912+0000] {processor.py:176} INFO - Processing /home/airflow/.local/lib/python3.7/site-packages/airflow/example_dags/example_xcomargs.py took 0.171 seconds
[2022-11-29T07:13:45.248+0000] {processor.py:154} INFO - Started process (PID=978) to work on /home/airflow/.local/lib/python3.7/site-packages/airflow/example_dags/example_xcomargs.py
[2022-11-29T07:13:45.251+0000] {processor.py:756} INFO - Processing file /home/airflow/.local/lib/python3.7/site-packages/airflow/example_dags/example_xcomargs.py for tasks to queue
[2022-11-29T07:13:45.253+0000] {logging_mixin.py:137} INFO - [2022-11-29T07:13:45.253+0000] {dagbag.py:537} INFO - Filling up the DagBag from /home/airflow/.local/lib/python3.7/site-packages/airflow/example_dags/example_xcomargs.py
[2022-11-29T07:13:45.301+0000] {processor.py:766} INFO - DAG(s) dict_keys(['example_xcom_args', 'example_xcom_args_with_operators']) retrieved from /home/airflow/.local/lib/python3.7/site-packages/airflow/example_dags/example_xcomargs.py
[2022-11-29T07:13:45.377+0000] {logging_mixin.py:137} INFO - [2022-11-29T07:13:45.377+0000] {dag.py:2585} INFO - Sync 2 DAGs
[2022-11-29T07:13:45.422+0000] {logging_mixin.py:137} INFO - [2022-11-29T07:13:45.422+0000] {dag.py:3340} INFO - Setting next_dagrun for example_xcom_args to None, run_after=None
[2022-11-29T07:13:45.431+0000] {logging_mixin.py:137} INFO - [2022-11-29T07:13:45.431+0000] {dag.py:3340} INFO - Setting next_dagrun for example_xcom_args_with_operators to None, run_after=None
[2022-11-29T07:13:45.460+0000] {processor.py:176} INFO - Processing /home/airflow/.local/lib/python3.7/site-packages/airflow/example_dags/example_xcomargs.py took 0.218 seconds
[2022-11-29T07:14:15.759+0000] {processor.py:154} INFO - Started process (PID=1040) to work on /home/airflow/.local/lib/python3.7/site-packages/airflow/example_dags/example_xcomargs.py
[2022-11-29T07:14:15.760+0000] {processor.py:756} INFO - Processing file /home/airflow/.local/lib/python3.7/site-packages/airflow/example_dags/example_xcomargs.py for tasks to queue
[2022-11-29T07:14:15.762+0000] {logging_mixin.py:137} INFO - [2022-11-29T07:14:15.762+0000] {dagbag.py:537} INFO - Filling up the DagBag from /home/airflow/.local/lib/python3.7/site-packages/airflow/example_dags/example_xcomargs.py
[2022-11-29T07:14:15.796+0000] {processor.py:766} INFO - DAG(s) dict_keys(['example_xcom_args_with_operators', 'example_xcom_args']) retrieved from /home/airflow/.local/lib/python3.7/site-packages/airflow/example_dags/example_xcomargs.py
[2022-11-29T07:14:15.860+0000] {logging_mixin.py:137} INFO - [2022-11-29T07:14:15.860+0000] {dag.py:2585} INFO - Sync 2 DAGs
[2022-11-29T07:14:15.896+0000] {logging_mixin.py:137} INFO - [2022-11-29T07:14:15.896+0000] {dag.py:3340} INFO - Setting next_dagrun for example_xcom_args to None, run_after=None
[2022-11-29T07:14:15.901+0000] {logging_mixin.py:137} INFO - [2022-11-29T07:14:15.901+0000] {dag.py:3340} INFO - Setting next_dagrun for example_xcom_args_with_operators to None, run_after=None
[2022-11-29T07:14:15.925+0000] {processor.py:176} INFO - Processing /home/airflow/.local/lib/python3.7/site-packages/airflow/example_dags/example_xcomargs.py took 0.172 seconds
[2022-11-29T07:14:46.077+0000] {processor.py:154} INFO - Started process (PID=1095) to work on /home/airflow/.local/lib/python3.7/site-packages/airflow/example_dags/example_xcomargs.py
[2022-11-29T07:14:46.079+0000] {processor.py:756} INFO - Processing file /home/airflow/.local/lib/python3.7/site-packages/airflow/example_dags/example_xcomargs.py for tasks to queue
[2022-11-29T07:14:46.080+0000] {logging_mixin.py:137} INFO - [2022-11-29T07:14:46.080+0000] {dagbag.py:537} INFO - Filling up the DagBag from /home/airflow/.local/lib/python3.7/site-packages/airflow/example_dags/example_xcomargs.py
[2022-11-29T07:14:46.112+0000] {processor.py:766} INFO - DAG(s) dict_keys(['example_xcom_args_with_operators', 'example_xcom_args']) retrieved from /home/airflow/.local/lib/python3.7/site-packages/airflow/example_dags/example_xcomargs.py
[2022-11-29T07:14:46.195+0000] {logging_mixin.py:137} INFO - [2022-11-29T07:14:46.195+0000] {dag.py:2585} INFO - Sync 2 DAGs
[2022-11-29T07:14:46.242+0000] {logging_mixin.py:137} INFO - [2022-11-29T07:14:46.242+0000] {dag.py:3340} INFO - Setting next_dagrun for example_xcom_args to None, run_after=None
[2022-11-29T07:14:46.271+0000] {logging_mixin.py:137} INFO - [2022-11-29T07:14:46.271+0000] {dag.py:3340} INFO - Setting next_dagrun for example_xcom_args_with_operators to None, run_after=None
[2022-11-29T07:14:46.297+0000] {processor.py:176} INFO - Processing /home/airflow/.local/lib/python3.7/site-packages/airflow/example_dags/example_xcomargs.py took 0.225 seconds
[2022-11-29T07:15:17.029+0000] {processor.py:154} INFO - Started process (PID=1158) to work on /home/airflow/.local/lib/python3.7/site-packages/airflow/example_dags/example_xcomargs.py
[2022-11-29T07:15:17.032+0000] {processor.py:756} INFO - Processing file /home/airflow/.local/lib/python3.7/site-packages/airflow/example_dags/example_xcomargs.py for tasks to queue
[2022-11-29T07:15:17.034+0000] {logging_mixin.py:137} INFO - [2022-11-29T07:15:17.034+0000] {dagbag.py:537} INFO - Filling up the DagBag from /home/airflow/.local/lib/python3.7/site-packages/airflow/example_dags/example_xcomargs.py
[2022-11-29T07:15:17.082+0000] {processor.py:766} INFO - DAG(s) dict_keys(['example_xcom_args', 'example_xcom_args_with_operators']) retrieved from /home/airflow/.local/lib/python3.7/site-packages/airflow/example_dags/example_xcomargs.py
[2022-11-29T07:15:17.154+0000] {logging_mixin.py:137} INFO - [2022-11-29T07:15:17.154+0000] {dag.py:2585} INFO - Sync 2 DAGs
[2022-11-29T07:15:17.196+0000] {logging_mixin.py:137} INFO - [2022-11-29T07:15:17.196+0000] {dag.py:3340} INFO - Setting next_dagrun for example_xcom_args to None, run_after=None
[2022-11-29T07:15:17.203+0000] {logging_mixin.py:137} INFO - [2022-11-29T07:15:17.203+0000] {dag.py:3340} INFO - Setting next_dagrun for example_xcom_args_with_operators to None, run_after=None
[2022-11-29T07:15:17.240+0000] {processor.py:176} INFO - Processing /home/airflow/.local/lib/python3.7/site-packages/airflow/example_dags/example_xcomargs.py took 0.216 seconds
[2022-11-29T07:15:48.068+0000] {processor.py:154} INFO - Started process (PID=1222) to work on /home/airflow/.local/lib/python3.7/site-packages/airflow/example_dags/example_xcomargs.py
[2022-11-29T07:15:48.070+0000] {processor.py:756} INFO - Processing file /home/airflow/.local/lib/python3.7/site-packages/airflow/example_dags/example_xcomargs.py for tasks to queue
[2022-11-29T07:15:48.073+0000] {logging_mixin.py:137} INFO - [2022-11-29T07:15:48.072+0000] {dagbag.py:537} INFO - Filling up the DagBag from /home/airflow/.local/lib/python3.7/site-packages/airflow/example_dags/example_xcomargs.py
[2022-11-29T07:15:48.116+0000] {processor.py:766} INFO - DAG(s) dict_keys(['example_xcom_args_with_operators', 'example_xcom_args']) retrieved from /home/airflow/.local/lib/python3.7/site-packages/airflow/example_dags/example_xcomargs.py
[2022-11-29T07:15:48.201+0000] {logging_mixin.py:137} INFO - [2022-11-29T07:15:48.200+0000] {dag.py:2585} INFO - Sync 2 DAGs
[2022-11-29T07:15:48.252+0000] {logging_mixin.py:137} INFO - [2022-11-29T07:15:48.252+0000] {dag.py:3340} INFO - Setting next_dagrun for example_xcom_args to None, run_after=None
[2022-11-29T07:15:48.258+0000] {logging_mixin.py:137} INFO - [2022-11-29T07:15:48.258+0000] {dag.py:3340} INFO - Setting next_dagrun for example_xcom_args_with_operators to None, run_after=None
[2022-11-29T07:15:48.286+0000] {processor.py:176} INFO - Processing /home/airflow/.local/lib/python3.7/site-packages/airflow/example_dags/example_xcomargs.py took 0.224 seconds
[2022-11-29T07:16:18.887+0000] {processor.py:154} INFO - Started process (PID=1277) to work on /home/airflow/.local/lib/python3.7/site-packages/airflow/example_dags/example_xcomargs.py
[2022-11-29T07:16:18.892+0000] {processor.py:756} INFO - Processing file /home/airflow/.local/lib/python3.7/site-packages/airflow/example_dags/example_xcomargs.py for tasks to queue
[2022-11-29T07:16:18.894+0000] {logging_mixin.py:137} INFO - [2022-11-29T07:16:18.894+0000] {dagbag.py:537} INFO - Filling up the DagBag from /home/airflow/.local/lib/python3.7/site-packages/airflow/example_dags/example_xcomargs.py
[2022-11-29T07:16:18.946+0000] {processor.py:766} INFO - DAG(s) dict_keys(['example_xcom_args_with_operators', 'example_xcom_args']) retrieved from /home/airflow/.local/lib/python3.7/site-packages/airflow/example_dags/example_xcomargs.py
[2022-11-29T07:16:19.029+0000] {logging_mixin.py:137} INFO - [2022-11-29T07:16:19.029+0000] {dag.py:2585} INFO - Sync 2 DAGs
[2022-11-29T07:16:19.074+0000] {logging_mixin.py:137} INFO - [2022-11-29T07:16:19.074+0000] {dag.py:3340} INFO - Setting next_dagrun for example_xcom_args to None, run_after=None
[2022-11-29T07:16:19.082+0000] {logging_mixin.py:137} INFO - [2022-11-29T07:16:19.082+0000] {dag.py:3340} INFO - Setting next_dagrun for example_xcom_args_with_operators to None, run_after=None
[2022-11-29T07:16:19.110+0000] {processor.py:176} INFO - Processing /home/airflow/.local/lib/python3.7/site-packages/airflow/example_dags/example_xcomargs.py took 0.232 seconds
[2022-11-29T07:16:49.668+0000] {processor.py:154} INFO - Started process (PID=1341) to work on /home/airflow/.local/lib/python3.7/site-packages/airflow/example_dags/example_xcomargs.py
[2022-11-29T07:16:49.670+0000] {processor.py:756} INFO - Processing file /home/airflow/.local/lib/python3.7/site-packages/airflow/example_dags/example_xcomargs.py for tasks to queue
[2022-11-29T07:16:49.671+0000] {logging_mixin.py:137} INFO - [2022-11-29T07:16:49.671+0000] {dagbag.py:537} INFO - Filling up the DagBag from /home/airflow/.local/lib/python3.7/site-packages/airflow/example_dags/example_xcomargs.py
[2022-11-29T07:16:49.706+0000] {processor.py:766} INFO - DAG(s) dict_keys(['example_xcom_args', 'example_xcom_args_with_operators']) retrieved from /home/airflow/.local/lib/python3.7/site-packages/airflow/example_dags/example_xcomargs.py
[2022-11-29T07:16:49.771+0000] {logging_mixin.py:137} INFO - [2022-11-29T07:16:49.771+0000] {dag.py:2585} INFO - Sync 2 DAGs
[2022-11-29T07:16:49.807+0000] {logging_mixin.py:137} INFO - [2022-11-29T07:16:49.807+0000] {dag.py:3340} INFO - Setting next_dagrun for example_xcom_args to None, run_after=None
[2022-11-29T07:16:49.812+0000] {logging_mixin.py:137} INFO - [2022-11-29T07:16:49.812+0000] {dag.py:3340} INFO - Setting next_dagrun for example_xcom_args_with_operators to None, run_after=None
[2022-11-29T07:16:49.839+0000] {processor.py:176} INFO - Processing /home/airflow/.local/lib/python3.7/site-packages/airflow/example_dags/example_xcomargs.py took 0.177 seconds
[2022-11-29T07:17:20.716+0000] {processor.py:154} INFO - Started process (PID=1403) to work on /home/airflow/.local/lib/python3.7/site-packages/airflow/example_dags/example_xcomargs.py
[2022-11-29T07:17:20.717+0000] {processor.py:756} INFO - Processing file /home/airflow/.local/lib/python3.7/site-packages/airflow/example_dags/example_xcomargs.py for tasks to queue
[2022-11-29T07:17:20.719+0000] {logging_mixin.py:137} INFO - [2022-11-29T07:17:20.719+0000] {dagbag.py:537} INFO - Filling up the DagBag from /home/airflow/.local/lib/python3.7/site-packages/airflow/example_dags/example_xcomargs.py
[2022-11-29T07:17:20.760+0000] {processor.py:766} INFO - DAG(s) dict_keys(['example_xcom_args', 'example_xcom_args_with_operators']) retrieved from /home/airflow/.local/lib/python3.7/site-packages/airflow/example_dags/example_xcomargs.py
[2022-11-29T07:17:20.836+0000] {logging_mixin.py:137} INFO - [2022-11-29T07:17:20.836+0000] {dag.py:2585} INFO - Sync 2 DAGs
[2022-11-29T07:17:20.884+0000] {logging_mixin.py:137} INFO - [2022-11-29T07:17:20.884+0000] {dag.py:3340} INFO - Setting next_dagrun for example_xcom_args to None, run_after=None
[2022-11-29T07:17:20.890+0000] {logging_mixin.py:137} INFO - [2022-11-29T07:17:20.890+0000] {dag.py:3340} INFO - Setting next_dagrun for example_xcom_args_with_operators to None, run_after=None
[2022-11-29T07:17:20.914+0000] {processor.py:176} INFO - Processing /home/airflow/.local/lib/python3.7/site-packages/airflow/example_dags/example_xcomargs.py took 0.203 seconds
[2022-11-29T07:17:51.305+0000] {processor.py:154} INFO - Started process (PID=1457) to work on /home/airflow/.local/lib/python3.7/site-packages/airflow/example_dags/example_xcomargs.py
[2022-11-29T07:17:51.309+0000] {processor.py:756} INFO - Processing file /home/airflow/.local/lib/python3.7/site-packages/airflow/example_dags/example_xcomargs.py for tasks to queue
[2022-11-29T07:17:51.314+0000] {logging_mixin.py:137} INFO - [2022-11-29T07:17:51.313+0000] {dagbag.py:537} INFO - Filling up the DagBag from /home/airflow/.local/lib/python3.7/site-packages/airflow/example_dags/example_xcomargs.py
[2022-11-29T07:17:51.404+0000] {processor.py:766} INFO - DAG(s) dict_keys(['example_xcom_args', 'example_xcom_args_with_operators']) retrieved from /home/airflow/.local/lib/python3.7/site-packages/airflow/example_dags/example_xcomargs.py
[2022-11-29T07:17:51.539+0000] {logging_mixin.py:137} INFO - [2022-11-29T07:17:51.539+0000] {dag.py:2585} INFO - Sync 2 DAGs
[2022-11-29T07:17:51.602+0000] {logging_mixin.py:137} INFO - [2022-11-29T07:17:51.602+0000] {dag.py:3340} INFO - Setting next_dagrun for example_xcom_args to None, run_after=None
[2022-11-29T07:17:51.611+0000] {logging_mixin.py:137} INFO - [2022-11-29T07:17:51.611+0000] {dag.py:3340} INFO - Setting next_dagrun for example_xcom_args_with_operators to None, run_after=None
[2022-11-29T07:17:51.646+0000] {processor.py:176} INFO - Processing /home/airflow/.local/lib/python3.7/site-packages/airflow/example_dags/example_xcomargs.py took 0.356 seconds
[2022-11-29T07:18:22.019+0000] {processor.py:154} INFO - Started process (PID=1520) to work on /home/airflow/.local/lib/python3.7/site-packages/airflow/example_dags/example_xcomargs.py
[2022-11-29T07:18:22.021+0000] {processor.py:756} INFO - Processing file /home/airflow/.local/lib/python3.7/site-packages/airflow/example_dags/example_xcomargs.py for tasks to queue
[2022-11-29T07:18:22.023+0000] {logging_mixin.py:137} INFO - [2022-11-29T07:18:22.023+0000] {dagbag.py:537} INFO - Filling up the DagBag from /home/airflow/.local/lib/python3.7/site-packages/airflow/example_dags/example_xcomargs.py
[2022-11-29T07:18:22.067+0000] {processor.py:766} INFO - DAG(s) dict_keys(['example_xcom_args_with_operators', 'example_xcom_args']) retrieved from /home/airflow/.local/lib/python3.7/site-packages/airflow/example_dags/example_xcomargs.py
[2022-11-29T07:18:22.139+0000] {logging_mixin.py:137} INFO - [2022-11-29T07:18:22.139+0000] {dag.py:2585} INFO - Sync 2 DAGs
[2022-11-29T07:18:22.182+0000] {logging_mixin.py:137} INFO - [2022-11-29T07:18:22.182+0000] {dag.py:3340} INFO - Setting next_dagrun for example_xcom_args to None, run_after=None
[2022-11-29T07:18:22.188+0000] {logging_mixin.py:137} INFO - [2022-11-29T07:18:22.188+0000] {dag.py:3340} INFO - Setting next_dagrun for example_xcom_args_with_operators to None, run_after=None
[2022-11-29T07:18:22.215+0000] {processor.py:176} INFO - Processing /home/airflow/.local/lib/python3.7/site-packages/airflow/example_dags/example_xcomargs.py took 0.202 seconds
[2022-11-29T07:18:53.137+0000] {processor.py:154} INFO - Started process (PID=1583) to work on /home/airflow/.local/lib/python3.7/site-packages/airflow/example_dags/example_xcomargs.py
[2022-11-29T07:18:53.140+0000] {processor.py:756} INFO - Processing file /home/airflow/.local/lib/python3.7/site-packages/airflow/example_dags/example_xcomargs.py for tasks to queue
[2022-11-29T07:18:53.143+0000] {logging_mixin.py:137} INFO - [2022-11-29T07:18:53.142+0000] {dagbag.py:537} INFO - Filling up the DagBag from /home/airflow/.local/lib/python3.7/site-packages/airflow/example_dags/example_xcomargs.py
[2022-11-29T07:18:53.209+0000] {processor.py:766} INFO - DAG(s) dict_keys(['example_xcom_args_with_operators', 'example_xcom_args']) retrieved from /home/airflow/.local/lib/python3.7/site-packages/airflow/example_dags/example_xcomargs.py
[2022-11-29T07:18:53.386+0000] {logging_mixin.py:137} INFO - [2022-11-29T07:18:53.386+0000] {dag.py:2585} INFO - Sync 2 DAGs
[2022-11-29T07:18:53.453+0000] {logging_mixin.py:137} INFO - [2022-11-29T07:18:53.452+0000] {dag.py:3340} INFO - Setting next_dagrun for example_xcom_args to None, run_after=None
[2022-11-29T07:18:53.473+0000] {logging_mixin.py:137} INFO - [2022-11-29T07:18:53.472+0000] {dag.py:3340} INFO - Setting next_dagrun for example_xcom_args_with_operators to None, run_after=None
[2022-11-29T07:18:53.512+0000] {processor.py:176} INFO - Processing /home/airflow/.local/lib/python3.7/site-packages/airflow/example_dags/example_xcomargs.py took 0.386 seconds
[2022-11-29T07:19:23.600+0000] {processor.py:154} INFO - Started process (PID=1638) to work on /home/airflow/.local/lib/python3.7/site-packages/airflow/example_dags/example_xcomargs.py
[2022-11-29T07:19:23.602+0000] {processor.py:756} INFO - Processing file /home/airflow/.local/lib/python3.7/site-packages/airflow/example_dags/example_xcomargs.py for tasks to queue
[2022-11-29T07:19:23.604+0000] {logging_mixin.py:137} INFO - [2022-11-29T07:19:23.603+0000] {dagbag.py:537} INFO - Filling up the DagBag from /home/airflow/.local/lib/python3.7/site-packages/airflow/example_dags/example_xcomargs.py
[2022-11-29T07:19:23.638+0000] {processor.py:766} INFO - DAG(s) dict_keys(['example_xcom_args_with_operators', 'example_xcom_args']) retrieved from /home/airflow/.local/lib/python3.7/site-packages/airflow/example_dags/example_xcomargs.py
[2022-11-29T07:19:23.693+0000] {logging_mixin.py:137} INFO - [2022-11-29T07:19:23.693+0000] {dag.py:2585} INFO - Sync 2 DAGs
[2022-11-29T07:19:23.734+0000] {logging_mixin.py:137} INFO - [2022-11-29T07:19:23.733+0000] {dag.py:3340} INFO - Setting next_dagrun for example_xcom_args to None, run_after=None
[2022-11-29T07:19:23.738+0000] {logging_mixin.py:137} INFO - [2022-11-29T07:19:23.738+0000] {dag.py:3340} INFO - Setting next_dagrun for example_xcom_args_with_operators to None, run_after=None
[2022-11-29T07:19:23.762+0000] {processor.py:176} INFO - Processing /home/airflow/.local/lib/python3.7/site-packages/airflow/example_dags/example_xcomargs.py took 0.167 seconds
[2022-11-29T07:19:54.625+0000] {processor.py:154} INFO - Started process (PID=1699) to work on /home/airflow/.local/lib/python3.7/site-packages/airflow/example_dags/example_xcomargs.py
[2022-11-29T07:19:54.628+0000] {processor.py:756} INFO - Processing file /home/airflow/.local/lib/python3.7/site-packages/airflow/example_dags/example_xcomargs.py for tasks to queue
[2022-11-29T07:19:54.630+0000] {logging_mixin.py:137} INFO - [2022-11-29T07:19:54.630+0000] {dagbag.py:537} INFO - Filling up the DagBag from /home/airflow/.local/lib/python3.7/site-packages/airflow/example_dags/example_xcomargs.py
[2022-11-29T07:19:54.674+0000] {processor.py:766} INFO - DAG(s) dict_keys(['example_xcom_args_with_operators', 'example_xcom_args']) retrieved from /home/airflow/.local/lib/python3.7/site-packages/airflow/example_dags/example_xcomargs.py
[2022-11-29T07:19:54.758+0000] {logging_mixin.py:137} INFO - [2022-11-29T07:19:54.758+0000] {dag.py:2585} INFO - Sync 2 DAGs
[2022-11-29T07:19:54.803+0000] {logging_mixin.py:137} INFO - [2022-11-29T07:19:54.803+0000] {dag.py:3340} INFO - Setting next_dagrun for example_xcom_args to None, run_after=None
[2022-11-29T07:19:54.809+0000] {logging_mixin.py:137} INFO - [2022-11-29T07:19:54.809+0000] {dag.py:3340} INFO - Setting next_dagrun for example_xcom_args_with_operators to None, run_after=None
[2022-11-29T07:19:54.844+0000] {processor.py:176} INFO - Processing /home/airflow/.local/lib/python3.7/site-packages/airflow/example_dags/example_xcomargs.py took 0.229 seconds
