[2022-11-29T06:27:19.189+0000] {processor.py:154} INFO - Started process (PID=61) to work on /home/airflow/.local/lib/python3.7/site-packages/airflow/example_dags/example_short_circuit_decorator.py
[2022-11-29T06:27:19.191+0000] {processor.py:756} INFO - Processing file /home/airflow/.local/lib/python3.7/site-packages/airflow/example_dags/example_short_circuit_decorator.py for tasks to queue
[2022-11-29T06:27:19.193+0000] {logging_mixin.py:137} INFO - [2022-11-29T06:27:19.193+0000] {dagbag.py:537} INFO - Filling up the DagBag from /home/airflow/.local/lib/python3.7/site-packages/airflow/example_dags/example_short_circuit_decorator.py
[2022-11-29T06:27:19.243+0000] {processor.py:766} INFO - DAG(s) dict_keys(['example_short_circuit_decorator']) retrieved from /home/airflow/.local/lib/python3.7/site-packages/airflow/example_dags/example_short_circuit_decorator.py
[2022-11-29T06:27:19.456+0000] {logging_mixin.py:137} INFO - [2022-11-29T06:27:19.456+0000] {manager.py:507} INFO - Created Permission View: can delete on DAG:example_short_circuit_decorator
[2022-11-29T06:27:19.471+0000] {logging_mixin.py:137} INFO - [2022-11-29T06:27:19.471+0000] {manager.py:507} INFO - Created Permission View: can read on DAG:example_short_circuit_decorator
[2022-11-29T06:27:19.481+0000] {logging_mixin.py:137} INFO - [2022-11-29T06:27:19.481+0000] {manager.py:507} INFO - Created Permission View: can edit on DAG:example_short_circuit_decorator
[2022-11-29T06:27:19.482+0000] {logging_mixin.py:137} INFO - [2022-11-29T06:27:19.482+0000] {dag.py:2585} INFO - Sync 1 DAGs
[2022-11-29T06:27:19.502+0000] {logging_mixin.py:137} INFO - [2022-11-29T06:27:19.502+0000] {dag.py:2606} INFO - Creating ORM DAG for example_short_circuit_decorator
[2022-11-29T06:27:19.524+0000] {logging_mixin.py:137} INFO - [2022-11-29T06:27:19.524+0000] {dag.py:3340} INFO - Setting next_dagrun for example_short_circuit_decorator to 2022-11-28T06:27:19.524078+00:00, run_after=2022-11-29T06:27:19.524078+00:00
[2022-11-29T06:27:19.555+0000] {processor.py:176} INFO - Processing /home/airflow/.local/lib/python3.7/site-packages/airflow/example_dags/example_short_circuit_decorator.py took 0.373 seconds
[2022-11-29T06:27:49.863+0000] {processor.py:154} INFO - Started process (PID=124) to work on /home/airflow/.local/lib/python3.7/site-packages/airflow/example_dags/example_short_circuit_decorator.py
[2022-11-29T06:27:49.865+0000] {processor.py:756} INFO - Processing file /home/airflow/.local/lib/python3.7/site-packages/airflow/example_dags/example_short_circuit_decorator.py for tasks to queue
[2022-11-29T06:27:49.867+0000] {logging_mixin.py:137} INFO - [2022-11-29T06:27:49.867+0000] {dagbag.py:537} INFO - Filling up the DagBag from /home/airflow/.local/lib/python3.7/site-packages/airflow/example_dags/example_short_circuit_decorator.py
[2022-11-29T06:27:49.908+0000] {processor.py:766} INFO - DAG(s) dict_keys(['example_short_circuit_decorator']) retrieved from /home/airflow/.local/lib/python3.7/site-packages/airflow/example_dags/example_short_circuit_decorator.py
[2022-11-29T06:27:49.980+0000] {logging_mixin.py:137} INFO - [2022-11-29T06:27:49.980+0000] {dag.py:2585} INFO - Sync 1 DAGs
[2022-11-29T06:27:50.019+0000] {logging_mixin.py:137} INFO - [2022-11-29T06:27:50.019+0000] {dag.py:3340} INFO - Setting next_dagrun for example_short_circuit_decorator to 2022-11-28T06:27:50.018481+00:00, run_after=2022-11-29T06:27:50.018481+00:00
[2022-11-29T06:27:50.052+0000] {processor.py:176} INFO - Processing /home/airflow/.local/lib/python3.7/site-packages/airflow/example_dags/example_short_circuit_decorator.py took 0.195 seconds
[2022-11-29T06:28:20.178+0000] {processor.py:154} INFO - Started process (PID=180) to work on /home/airflow/.local/lib/python3.7/site-packages/airflow/example_dags/example_short_circuit_decorator.py
[2022-11-29T06:28:20.181+0000] {processor.py:756} INFO - Processing file /home/airflow/.local/lib/python3.7/site-packages/airflow/example_dags/example_short_circuit_decorator.py for tasks to queue
[2022-11-29T06:28:20.185+0000] {logging_mixin.py:137} INFO - [2022-11-29T06:28:20.185+0000] {dagbag.py:537} INFO - Filling up the DagBag from /home/airflow/.local/lib/python3.7/site-packages/airflow/example_dags/example_short_circuit_decorator.py
[2022-11-29T06:28:20.227+0000] {processor.py:766} INFO - DAG(s) dict_keys(['example_short_circuit_decorator']) retrieved from /home/airflow/.local/lib/python3.7/site-packages/airflow/example_dags/example_short_circuit_decorator.py
[2022-11-29T06:28:20.292+0000] {logging_mixin.py:137} INFO - [2022-11-29T06:28:20.292+0000] {dag.py:2585} INFO - Sync 1 DAGs
[2022-11-29T06:28:20.342+0000] {logging_mixin.py:137} INFO - [2022-11-29T06:28:20.342+0000] {dag.py:3340} INFO - Setting next_dagrun for example_short_circuit_decorator to 2022-11-28T06:28:20.342393+00:00, run_after=2022-11-29T06:28:20.342393+00:00
[2022-11-29T06:28:20.380+0000] {processor.py:176} INFO - Processing /home/airflow/.local/lib/python3.7/site-packages/airflow/example_dags/example_short_circuit_decorator.py took 0.208 seconds
[2022-11-29T06:28:51.087+0000] {processor.py:154} INFO - Started process (PID=243) to work on /home/airflow/.local/lib/python3.7/site-packages/airflow/example_dags/example_short_circuit_decorator.py
[2022-11-29T06:28:51.089+0000] {processor.py:756} INFO - Processing file /home/airflow/.local/lib/python3.7/site-packages/airflow/example_dags/example_short_circuit_decorator.py for tasks to queue
[2022-11-29T06:28:51.091+0000] {logging_mixin.py:137} INFO - [2022-11-29T06:28:51.091+0000] {dagbag.py:537} INFO - Filling up the DagBag from /home/airflow/.local/lib/python3.7/site-packages/airflow/example_dags/example_short_circuit_decorator.py
[2022-11-29T06:28:51.129+0000] {processor.py:766} INFO - DAG(s) dict_keys(['example_short_circuit_decorator']) retrieved from /home/airflow/.local/lib/python3.7/site-packages/airflow/example_dags/example_short_circuit_decorator.py
[2022-11-29T06:28:51.188+0000] {logging_mixin.py:137} INFO - [2022-11-29T06:28:51.187+0000] {dag.py:2585} INFO - Sync 1 DAGs
[2022-11-29T06:28:51.225+0000] {logging_mixin.py:137} INFO - [2022-11-29T06:28:51.225+0000] {dag.py:3340} INFO - Setting next_dagrun for example_short_circuit_decorator to 2022-11-28T06:28:51.225067+00:00, run_after=2022-11-29T06:28:51.225067+00:00
[2022-11-29T06:28:51.251+0000] {processor.py:176} INFO - Processing /home/airflow/.local/lib/python3.7/site-packages/airflow/example_dags/example_short_circuit_decorator.py took 0.170 seconds
[2022-11-29T06:31:43.686+0000] {processor.py:154} INFO - Started process (PID=64) to work on /home/airflow/.local/lib/python3.7/site-packages/airflow/example_dags/example_short_circuit_decorator.py
[2022-11-29T06:31:43.688+0000] {processor.py:756} INFO - Processing file /home/airflow/.local/lib/python3.7/site-packages/airflow/example_dags/example_short_circuit_decorator.py for tasks to queue
[2022-11-29T06:31:43.690+0000] {logging_mixin.py:137} INFO - [2022-11-29T06:31:43.690+0000] {dagbag.py:537} INFO - Filling up the DagBag from /home/airflow/.local/lib/python3.7/site-packages/airflow/example_dags/example_short_circuit_decorator.py
[2022-11-29T06:31:43.739+0000] {processor.py:766} INFO - DAG(s) dict_keys(['example_short_circuit_decorator']) retrieved from /home/airflow/.local/lib/python3.7/site-packages/airflow/example_dags/example_short_circuit_decorator.py
[2022-11-29T06:31:43.837+0000] {logging_mixin.py:137} INFO - [2022-11-29T06:31:43.837+0000] {dag.py:2585} INFO - Sync 1 DAGs
[2022-11-29T06:31:43.923+0000] {logging_mixin.py:137} INFO - [2022-11-29T06:31:43.923+0000] {dag.py:3340} INFO - Setting next_dagrun for example_short_circuit_decorator to 2022-11-28T06:31:43.922344+00:00, run_after=2022-11-29T06:31:43.922344+00:00
[2022-11-29T06:31:43.962+0000] {processor.py:176} INFO - Processing /home/airflow/.local/lib/python3.7/site-packages/airflow/example_dags/example_short_circuit_decorator.py took 0.283 seconds
[2022-11-29T06:32:15.021+0000] {processor.py:154} INFO - Started process (PID=126) to work on /home/airflow/.local/lib/python3.7/site-packages/airflow/example_dags/example_short_circuit_decorator.py
[2022-11-29T06:32:15.023+0000] {processor.py:756} INFO - Processing file /home/airflow/.local/lib/python3.7/site-packages/airflow/example_dags/example_short_circuit_decorator.py for tasks to queue
[2022-11-29T06:32:15.025+0000] {logging_mixin.py:137} INFO - [2022-11-29T06:32:15.025+0000] {dagbag.py:537} INFO - Filling up the DagBag from /home/airflow/.local/lib/python3.7/site-packages/airflow/example_dags/example_short_circuit_decorator.py
[2022-11-29T06:32:15.069+0000] {processor.py:766} INFO - DAG(s) dict_keys(['example_short_circuit_decorator']) retrieved from /home/airflow/.local/lib/python3.7/site-packages/airflow/example_dags/example_short_circuit_decorator.py
[2022-11-29T06:32:15.137+0000] {logging_mixin.py:137} INFO - [2022-11-29T06:32:15.136+0000] {dag.py:2585} INFO - Sync 1 DAGs
[2022-11-29T06:32:15.180+0000] {logging_mixin.py:137} INFO - [2022-11-29T06:32:15.180+0000] {dag.py:3340} INFO - Setting next_dagrun for example_short_circuit_decorator to 2022-11-28T06:32:15.179916+00:00, run_after=2022-11-29T06:32:15.179916+00:00
[2022-11-29T06:32:15.223+0000] {processor.py:176} INFO - Processing /home/airflow/.local/lib/python3.7/site-packages/airflow/example_dags/example_short_circuit_decorator.py took 0.207 seconds
[2022-11-29T06:32:45.307+0000] {processor.py:154} INFO - Started process (PID=181) to work on /home/airflow/.local/lib/python3.7/site-packages/airflow/example_dags/example_short_circuit_decorator.py
[2022-11-29T06:32:45.309+0000] {processor.py:756} INFO - Processing file /home/airflow/.local/lib/python3.7/site-packages/airflow/example_dags/example_short_circuit_decorator.py for tasks to queue
[2022-11-29T06:32:45.311+0000] {logging_mixin.py:137} INFO - [2022-11-29T06:32:45.311+0000] {dagbag.py:537} INFO - Filling up the DagBag from /home/airflow/.local/lib/python3.7/site-packages/airflow/example_dags/example_short_circuit_decorator.py
[2022-11-29T06:32:45.354+0000] {processor.py:766} INFO - DAG(s) dict_keys(['example_short_circuit_decorator']) retrieved from /home/airflow/.local/lib/python3.7/site-packages/airflow/example_dags/example_short_circuit_decorator.py
[2022-11-29T06:32:45.415+0000] {logging_mixin.py:137} INFO - [2022-11-29T06:32:45.415+0000] {dag.py:2585} INFO - Sync 1 DAGs
[2022-11-29T06:32:45.453+0000] {logging_mixin.py:137} INFO - [2022-11-29T06:32:45.453+0000] {dag.py:3340} INFO - Setting next_dagrun for example_short_circuit_decorator to 2022-11-28T06:32:45.452859+00:00, run_after=2022-11-29T06:32:45.452859+00:00
[2022-11-29T06:32:45.482+0000] {processor.py:176} INFO - Processing /home/airflow/.local/lib/python3.7/site-packages/airflow/example_dags/example_short_circuit_decorator.py took 0.181 seconds
[2022-11-29T06:33:16.147+0000] {processor.py:154} INFO - Started process (PID=244) to work on /home/airflow/.local/lib/python3.7/site-packages/airflow/example_dags/example_short_circuit_decorator.py
[2022-11-29T06:33:16.149+0000] {processor.py:756} INFO - Processing file /home/airflow/.local/lib/python3.7/site-packages/airflow/example_dags/example_short_circuit_decorator.py for tasks to queue
[2022-11-29T06:33:16.151+0000] {logging_mixin.py:137} INFO - [2022-11-29T06:33:16.151+0000] {dagbag.py:537} INFO - Filling up the DagBag from /home/airflow/.local/lib/python3.7/site-packages/airflow/example_dags/example_short_circuit_decorator.py
[2022-11-29T06:33:16.191+0000] {processor.py:766} INFO - DAG(s) dict_keys(['example_short_circuit_decorator']) retrieved from /home/airflow/.local/lib/python3.7/site-packages/airflow/example_dags/example_short_circuit_decorator.py
[2022-11-29T06:33:16.256+0000] {logging_mixin.py:137} INFO - [2022-11-29T06:33:16.256+0000] {dag.py:2585} INFO - Sync 1 DAGs
[2022-11-29T06:33:16.296+0000] {logging_mixin.py:137} INFO - [2022-11-29T06:33:16.295+0000] {dag.py:3340} INFO - Setting next_dagrun for example_short_circuit_decorator to 2022-11-28T06:33:16.295463+00:00, run_after=2022-11-29T06:33:16.295463+00:00
[2022-11-29T06:33:16.334+0000] {processor.py:176} INFO - Processing /home/airflow/.local/lib/python3.7/site-packages/airflow/example_dags/example_short_circuit_decorator.py took 0.194 seconds
[2022-11-29T06:33:47.145+0000] {processor.py:154} INFO - Started process (PID=307) to work on /home/airflow/.local/lib/python3.7/site-packages/airflow/example_dags/example_short_circuit_decorator.py
[2022-11-29T06:33:47.147+0000] {processor.py:756} INFO - Processing file /home/airflow/.local/lib/python3.7/site-packages/airflow/example_dags/example_short_circuit_decorator.py for tasks to queue
[2022-11-29T06:33:47.149+0000] {logging_mixin.py:137} INFO - [2022-11-29T06:33:47.148+0000] {dagbag.py:537} INFO - Filling up the DagBag from /home/airflow/.local/lib/python3.7/site-packages/airflow/example_dags/example_short_circuit_decorator.py
[2022-11-29T06:33:47.187+0000] {processor.py:766} INFO - DAG(s) dict_keys(['example_short_circuit_decorator']) retrieved from /home/airflow/.local/lib/python3.7/site-packages/airflow/example_dags/example_short_circuit_decorator.py
[2022-11-29T06:33:47.248+0000] {logging_mixin.py:137} INFO - [2022-11-29T06:33:47.248+0000] {dag.py:2585} INFO - Sync 1 DAGs
[2022-11-29T06:33:47.286+0000] {logging_mixin.py:137} INFO - [2022-11-29T06:33:47.286+0000] {dag.py:3340} INFO - Setting next_dagrun for example_short_circuit_decorator to 2022-11-28T06:33:47.285723+00:00, run_after=2022-11-29T06:33:47.285723+00:00
[2022-11-29T06:33:47.315+0000] {processor.py:176} INFO - Processing /home/airflow/.local/lib/python3.7/site-packages/airflow/example_dags/example_short_circuit_decorator.py took 0.175 seconds
[2022-11-29T06:52:57.659+0000] {processor.py:154} INFO - Started process (PID=65) to work on /home/airflow/.local/lib/python3.7/site-packages/airflow/example_dags/example_short_circuit_decorator.py
[2022-11-29T06:52:57.663+0000] {processor.py:756} INFO - Processing file /home/airflow/.local/lib/python3.7/site-packages/airflow/example_dags/example_short_circuit_decorator.py for tasks to queue
[2022-11-29T06:52:57.665+0000] {logging_mixin.py:137} INFO - [2022-11-29T06:52:57.665+0000] {dagbag.py:537} INFO - Filling up the DagBag from /home/airflow/.local/lib/python3.7/site-packages/airflow/example_dags/example_short_circuit_decorator.py
[2022-11-29T06:52:57.715+0000] {processor.py:766} INFO - DAG(s) dict_keys(['example_short_circuit_decorator']) retrieved from /home/airflow/.local/lib/python3.7/site-packages/airflow/example_dags/example_short_circuit_decorator.py
[2022-11-29T06:52:57.784+0000] {logging_mixin.py:137} INFO - [2022-11-29T06:52:57.784+0000] {dag.py:2585} INFO - Sync 1 DAGs
[2022-11-29T06:52:57.859+0000] {logging_mixin.py:137} INFO - [2022-11-29T06:52:57.859+0000] {dag.py:3340} INFO - Setting next_dagrun for example_short_circuit_decorator to 2022-11-28T06:52:57.858684+00:00, run_after=2022-11-29T06:52:57.858684+00:00
[2022-11-29T06:52:57.902+0000] {processor.py:176} INFO - Processing /home/airflow/.local/lib/python3.7/site-packages/airflow/example_dags/example_short_circuit_decorator.py took 0.250 seconds
[2022-11-29T06:53:28.223+0000] {processor.py:154} INFO - Started process (PID=128) to work on /home/airflow/.local/lib/python3.7/site-packages/airflow/example_dags/example_short_circuit_decorator.py
[2022-11-29T06:53:28.226+0000] {processor.py:756} INFO - Processing file /home/airflow/.local/lib/python3.7/site-packages/airflow/example_dags/example_short_circuit_decorator.py for tasks to queue
[2022-11-29T06:53:28.230+0000] {logging_mixin.py:137} INFO - [2022-11-29T06:53:28.230+0000] {dagbag.py:537} INFO - Filling up the DagBag from /home/airflow/.local/lib/python3.7/site-packages/airflow/example_dags/example_short_circuit_decorator.py
[2022-11-29T06:53:28.299+0000] {processor.py:766} INFO - DAG(s) dict_keys(['example_short_circuit_decorator']) retrieved from /home/airflow/.local/lib/python3.7/site-packages/airflow/example_dags/example_short_circuit_decorator.py
[2022-11-29T06:53:28.402+0000] {logging_mixin.py:137} INFO - [2022-11-29T06:53:28.402+0000] {dag.py:2585} INFO - Sync 1 DAGs
[2022-11-29T06:53:28.477+0000] {logging_mixin.py:137} INFO - [2022-11-29T06:53:28.477+0000] {dag.py:3340} INFO - Setting next_dagrun for example_short_circuit_decorator to 2022-11-28T06:53:28.476629+00:00, run_after=2022-11-29T06:53:28.476629+00:00
[2022-11-29T06:53:28.511+0000] {processor.py:176} INFO - Processing /home/airflow/.local/lib/python3.7/site-packages/airflow/example_dags/example_short_circuit_decorator.py took 0.299 seconds
[2022-11-29T06:53:59.292+0000] {processor.py:154} INFO - Started process (PID=185) to work on /home/airflow/.local/lib/python3.7/site-packages/airflow/example_dags/example_short_circuit_decorator.py
[2022-11-29T06:53:59.294+0000] {processor.py:756} INFO - Processing file /home/airflow/.local/lib/python3.7/site-packages/airflow/example_dags/example_short_circuit_decorator.py for tasks to queue
[2022-11-29T06:53:59.296+0000] {logging_mixin.py:137} INFO - [2022-11-29T06:53:59.295+0000] {dagbag.py:537} INFO - Filling up the DagBag from /home/airflow/.local/lib/python3.7/site-packages/airflow/example_dags/example_short_circuit_decorator.py
[2022-11-29T06:53:59.349+0000] {processor.py:766} INFO - DAG(s) dict_keys(['example_short_circuit_decorator']) retrieved from /home/airflow/.local/lib/python3.7/site-packages/airflow/example_dags/example_short_circuit_decorator.py
[2022-11-29T06:53:59.423+0000] {logging_mixin.py:137} INFO - [2022-11-29T06:53:59.422+0000] {dag.py:2585} INFO - Sync 1 DAGs
[2022-11-29T06:53:59.463+0000] {logging_mixin.py:137} INFO - [2022-11-29T06:53:59.463+0000] {dag.py:3340} INFO - Setting next_dagrun for example_short_circuit_decorator to 2022-11-28T06:53:59.463180+00:00, run_after=2022-11-29T06:53:59.463180+00:00
[2022-11-29T06:53:59.494+0000] {processor.py:176} INFO - Processing /home/airflow/.local/lib/python3.7/site-packages/airflow/example_dags/example_short_circuit_decorator.py took 0.208 seconds
[2022-11-29T06:54:29.655+0000] {processor.py:154} INFO - Started process (PID=248) to work on /home/airflow/.local/lib/python3.7/site-packages/airflow/example_dags/example_short_circuit_decorator.py
[2022-11-29T06:54:29.657+0000] {processor.py:756} INFO - Processing file /home/airflow/.local/lib/python3.7/site-packages/airflow/example_dags/example_short_circuit_decorator.py for tasks to queue
[2022-11-29T06:54:29.659+0000] {logging_mixin.py:137} INFO - [2022-11-29T06:54:29.659+0000] {dagbag.py:537} INFO - Filling up the DagBag from /home/airflow/.local/lib/python3.7/site-packages/airflow/example_dags/example_short_circuit_decorator.py
[2022-11-29T06:54:29.699+0000] {processor.py:766} INFO - DAG(s) dict_keys(['example_short_circuit_decorator']) retrieved from /home/airflow/.local/lib/python3.7/site-packages/airflow/example_dags/example_short_circuit_decorator.py
[2022-11-29T06:54:29.765+0000] {logging_mixin.py:137} INFO - [2022-11-29T06:54:29.765+0000] {dag.py:2585} INFO - Sync 1 DAGs
[2022-11-29T06:54:29.803+0000] {logging_mixin.py:137} INFO - [2022-11-29T06:54:29.803+0000] {dag.py:3340} INFO - Setting next_dagrun for example_short_circuit_decorator to 2022-11-28T06:54:29.802751+00:00, run_after=2022-11-29T06:54:29.802751+00:00
[2022-11-29T06:54:29.832+0000] {processor.py:176} INFO - Processing /home/airflow/.local/lib/python3.7/site-packages/airflow/example_dags/example_short_circuit_decorator.py took 0.183 seconds
[2022-11-29T06:55:00.125+0000] {processor.py:154} INFO - Started process (PID=302) to work on /home/airflow/.local/lib/python3.7/site-packages/airflow/example_dags/example_short_circuit_decorator.py
[2022-11-29T06:55:00.128+0000] {processor.py:756} INFO - Processing file /home/airflow/.local/lib/python3.7/site-packages/airflow/example_dags/example_short_circuit_decorator.py for tasks to queue
[2022-11-29T06:55:00.130+0000] {logging_mixin.py:137} INFO - [2022-11-29T06:55:00.130+0000] {dagbag.py:537} INFO - Filling up the DagBag from /home/airflow/.local/lib/python3.7/site-packages/airflow/example_dags/example_short_circuit_decorator.py
[2022-11-29T06:55:00.173+0000] {processor.py:766} INFO - DAG(s) dict_keys(['example_short_circuit_decorator']) retrieved from /home/airflow/.local/lib/python3.7/site-packages/airflow/example_dags/example_short_circuit_decorator.py
[2022-11-29T06:55:00.240+0000] {logging_mixin.py:137} INFO - [2022-11-29T06:55:00.240+0000] {dag.py:2585} INFO - Sync 1 DAGs
[2022-11-29T06:55:00.279+0000] {logging_mixin.py:137} INFO - [2022-11-29T06:55:00.279+0000] {dag.py:3340} INFO - Setting next_dagrun for example_short_circuit_decorator to 2022-11-28T06:55:00.279041+00:00, run_after=2022-11-29T06:55:00.279041+00:00
[2022-11-29T06:55:00.308+0000] {processor.py:176} INFO - Processing /home/airflow/.local/lib/python3.7/site-packages/airflow/example_dags/example_short_circuit_decorator.py took 0.190 seconds
[2022-11-29T06:55:31.082+0000] {processor.py:154} INFO - Started process (PID=364) to work on /home/airflow/.local/lib/python3.7/site-packages/airflow/example_dags/example_short_circuit_decorator.py
[2022-11-29T06:55:31.085+0000] {processor.py:756} INFO - Processing file /home/airflow/.local/lib/python3.7/site-packages/airflow/example_dags/example_short_circuit_decorator.py for tasks to queue
[2022-11-29T06:55:31.087+0000] {logging_mixin.py:137} INFO - [2022-11-29T06:55:31.086+0000] {dagbag.py:537} INFO - Filling up the DagBag from /home/airflow/.local/lib/python3.7/site-packages/airflow/example_dags/example_short_circuit_decorator.py
[2022-11-29T06:55:31.127+0000] {processor.py:766} INFO - DAG(s) dict_keys(['example_short_circuit_decorator']) retrieved from /home/airflow/.local/lib/python3.7/site-packages/airflow/example_dags/example_short_circuit_decorator.py
[2022-11-29T06:55:31.202+0000] {logging_mixin.py:137} INFO - [2022-11-29T06:55:31.202+0000] {dag.py:2585} INFO - Sync 1 DAGs
[2022-11-29T06:55:31.248+0000] {logging_mixin.py:137} INFO - [2022-11-29T06:55:31.248+0000] {dag.py:3340} INFO - Setting next_dagrun for example_short_circuit_decorator to 2022-11-28T06:55:31.247971+00:00, run_after=2022-11-29T06:55:31.247971+00:00
[2022-11-29T06:55:31.286+0000] {processor.py:176} INFO - Processing /home/airflow/.local/lib/python3.7/site-packages/airflow/example_dags/example_short_circuit_decorator.py took 0.209 seconds
[2022-11-29T06:56:01.841+0000] {processor.py:154} INFO - Started process (PID=427) to work on /home/airflow/.local/lib/python3.7/site-packages/airflow/example_dags/example_short_circuit_decorator.py
[2022-11-29T06:56:01.846+0000] {processor.py:756} INFO - Processing file /home/airflow/.local/lib/python3.7/site-packages/airflow/example_dags/example_short_circuit_decorator.py for tasks to queue
[2022-11-29T06:56:01.850+0000] {logging_mixin.py:137} INFO - [2022-11-29T06:56:01.850+0000] {dagbag.py:537} INFO - Filling up the DagBag from /home/airflow/.local/lib/python3.7/site-packages/airflow/example_dags/example_short_circuit_decorator.py
[2022-11-29T06:56:01.958+0000] {processor.py:766} INFO - DAG(s) dict_keys(['example_short_circuit_decorator']) retrieved from /home/airflow/.local/lib/python3.7/site-packages/airflow/example_dags/example_short_circuit_decorator.py
[2022-11-29T06:56:02.126+0000] {logging_mixin.py:137} INFO - [2022-11-29T06:56:02.125+0000] {dag.py:2585} INFO - Sync 1 DAGs
[2022-11-29T06:56:02.191+0000] {logging_mixin.py:137} INFO - [2022-11-29T06:56:02.191+0000] {dag.py:3340} INFO - Setting next_dagrun for example_short_circuit_decorator to 2022-11-28T06:56:02.191200+00:00, run_after=2022-11-29T06:56:02.191200+00:00
[2022-11-29T06:56:02.233+0000] {processor.py:176} INFO - Processing /home/airflow/.local/lib/python3.7/site-packages/airflow/example_dags/example_short_circuit_decorator.py took 0.399 seconds
[2022-11-29T07:01:51.518+0000] {processor.py:154} INFO - Started process (PID=63) to work on /home/airflow/.local/lib/python3.7/site-packages/airflow/example_dags/example_short_circuit_decorator.py
[2022-11-29T07:01:51.534+0000] {processor.py:756} INFO - Processing file /home/airflow/.local/lib/python3.7/site-packages/airflow/example_dags/example_short_circuit_decorator.py for tasks to queue
[2022-11-29T07:01:51.536+0000] {logging_mixin.py:137} INFO - [2022-11-29T07:01:51.536+0000] {dagbag.py:537} INFO - Filling up the DagBag from /home/airflow/.local/lib/python3.7/site-packages/airflow/example_dags/example_short_circuit_decorator.py
[2022-11-29T07:01:51.609+0000] {processor.py:766} INFO - DAG(s) dict_keys(['example_short_circuit_decorator']) retrieved from /home/airflow/.local/lib/python3.7/site-packages/airflow/example_dags/example_short_circuit_decorator.py
[2022-11-29T07:01:51.651+0000] {logging_mixin.py:137} INFO - [2022-11-29T07:01:51.650+0000] {dag.py:2585} INFO - Sync 1 DAGs
[2022-11-29T07:01:51.689+0000] {logging_mixin.py:137} INFO - [2022-11-29T07:01:51.689+0000] {dag.py:3340} INFO - Setting next_dagrun for example_short_circuit_decorator to 2022-11-28T07:01:51.688980+00:00, run_after=2022-11-29T07:01:51.688980+00:00
[2022-11-29T07:01:51.715+0000] {processor.py:176} INFO - Processing /home/airflow/.local/lib/python3.7/site-packages/airflow/example_dags/example_short_circuit_decorator.py took 0.202 seconds
[2022-11-29T07:02:22.389+0000] {processor.py:154} INFO - Started process (PID=126) to work on /home/airflow/.local/lib/python3.7/site-packages/airflow/example_dags/example_short_circuit_decorator.py
[2022-11-29T07:02:22.391+0000] {processor.py:756} INFO - Processing file /home/airflow/.local/lib/python3.7/site-packages/airflow/example_dags/example_short_circuit_decorator.py for tasks to queue
[2022-11-29T07:02:22.393+0000] {logging_mixin.py:137} INFO - [2022-11-29T07:02:22.392+0000] {dagbag.py:537} INFO - Filling up the DagBag from /home/airflow/.local/lib/python3.7/site-packages/airflow/example_dags/example_short_circuit_decorator.py
[2022-11-29T07:02:22.441+0000] {processor.py:766} INFO - DAG(s) dict_keys(['example_short_circuit_decorator']) retrieved from /home/airflow/.local/lib/python3.7/site-packages/airflow/example_dags/example_short_circuit_decorator.py
[2022-11-29T07:02:22.515+0000] {logging_mixin.py:137} INFO - [2022-11-29T07:02:22.515+0000] {dag.py:2585} INFO - Sync 1 DAGs
[2022-11-29T07:02:22.564+0000] {logging_mixin.py:137} INFO - [2022-11-29T07:02:22.564+0000] {dag.py:3340} INFO - Setting next_dagrun for example_short_circuit_decorator to 2022-11-28T07:02:22.563949+00:00, run_after=2022-11-29T07:02:22.563949+00:00
[2022-11-29T07:02:22.606+0000] {processor.py:176} INFO - Processing /home/airflow/.local/lib/python3.7/site-packages/airflow/example_dags/example_short_circuit_decorator.py took 0.224 seconds
[2022-11-29T07:02:52.817+0000] {processor.py:154} INFO - Started process (PID=181) to work on /home/airflow/.local/lib/python3.7/site-packages/airflow/example_dags/example_short_circuit_decorator.py
[2022-11-29T07:02:52.820+0000] {processor.py:756} INFO - Processing file /home/airflow/.local/lib/python3.7/site-packages/airflow/example_dags/example_short_circuit_decorator.py for tasks to queue
[2022-11-29T07:02:52.823+0000] {logging_mixin.py:137} INFO - [2022-11-29T07:02:52.822+0000] {dagbag.py:537} INFO - Filling up the DagBag from /home/airflow/.local/lib/python3.7/site-packages/airflow/example_dags/example_short_circuit_decorator.py
[2022-11-29T07:02:52.870+0000] {processor.py:766} INFO - DAG(s) dict_keys(['example_short_circuit_decorator']) retrieved from /home/airflow/.local/lib/python3.7/site-packages/airflow/example_dags/example_short_circuit_decorator.py
[2022-11-29T07:02:52.936+0000] {logging_mixin.py:137} INFO - [2022-11-29T07:02:52.936+0000] {dag.py:2585} INFO - Sync 1 DAGs
[2022-11-29T07:02:52.978+0000] {logging_mixin.py:137} INFO - [2022-11-29T07:02:52.977+0000] {dag.py:3340} INFO - Setting next_dagrun for example_short_circuit_decorator to 2022-11-28T07:02:52.977542+00:00, run_after=2022-11-29T07:02:52.977542+00:00
[2022-11-29T07:02:53.009+0000] {processor.py:176} INFO - Processing /home/airflow/.local/lib/python3.7/site-packages/airflow/example_dags/example_short_circuit_decorator.py took 0.202 seconds
[2022-11-29T07:03:23.581+0000] {processor.py:154} INFO - Started process (PID=244) to work on /home/airflow/.local/lib/python3.7/site-packages/airflow/example_dags/example_short_circuit_decorator.py
[2022-11-29T07:03:23.583+0000] {processor.py:756} INFO - Processing file /home/airflow/.local/lib/python3.7/site-packages/airflow/example_dags/example_short_circuit_decorator.py for tasks to queue
[2022-11-29T07:03:23.585+0000] {logging_mixin.py:137} INFO - [2022-11-29T07:03:23.584+0000] {dagbag.py:537} INFO - Filling up the DagBag from /home/airflow/.local/lib/python3.7/site-packages/airflow/example_dags/example_short_circuit_decorator.py
[2022-11-29T07:03:23.621+0000] {processor.py:766} INFO - DAG(s) dict_keys(['example_short_circuit_decorator']) retrieved from /home/airflow/.local/lib/python3.7/site-packages/airflow/example_dags/example_short_circuit_decorator.py
[2022-11-29T07:03:23.696+0000] {logging_mixin.py:137} INFO - [2022-11-29T07:03:23.696+0000] {dag.py:2585} INFO - Sync 1 DAGs
[2022-11-29T07:03:23.733+0000] {logging_mixin.py:137} INFO - [2022-11-29T07:03:23.733+0000] {dag.py:3340} INFO - Setting next_dagrun for example_short_circuit_decorator to 2022-11-28T07:03:23.732827+00:00, run_after=2022-11-29T07:03:23.732827+00:00
[2022-11-29T07:03:23.779+0000] {processor.py:176} INFO - Processing /home/airflow/.local/lib/python3.7/site-packages/airflow/example_dags/example_short_circuit_decorator.py took 0.204 seconds
[2022-11-29T07:03:54.663+0000] {processor.py:154} INFO - Started process (PID=307) to work on /home/airflow/.local/lib/python3.7/site-packages/airflow/example_dags/example_short_circuit_decorator.py
[2022-11-29T07:03:54.670+0000] {processor.py:756} INFO - Processing file /home/airflow/.local/lib/python3.7/site-packages/airflow/example_dags/example_short_circuit_decorator.py for tasks to queue
[2022-11-29T07:03:54.671+0000] {logging_mixin.py:137} INFO - [2022-11-29T07:03:54.671+0000] {dagbag.py:537} INFO - Filling up the DagBag from /home/airflow/.local/lib/python3.7/site-packages/airflow/example_dags/example_short_circuit_decorator.py
[2022-11-29T07:03:54.707+0000] {processor.py:766} INFO - DAG(s) dict_keys(['example_short_circuit_decorator']) retrieved from /home/airflow/.local/lib/python3.7/site-packages/airflow/example_dags/example_short_circuit_decorator.py
[2022-11-29T07:03:54.764+0000] {logging_mixin.py:137} INFO - [2022-11-29T07:03:54.764+0000] {dag.py:2585} INFO - Sync 1 DAGs
[2022-11-29T07:03:54.800+0000] {logging_mixin.py:137} INFO - [2022-11-29T07:03:54.800+0000] {dag.py:3340} INFO - Setting next_dagrun for example_short_circuit_decorator to 2022-11-28T07:03:54.799953+00:00, run_after=2022-11-29T07:03:54.799953+00:00
[2022-11-29T07:03:54.830+0000] {processor.py:176} INFO - Processing /home/airflow/.local/lib/python3.7/site-packages/airflow/example_dags/example_short_circuit_decorator.py took 0.172 seconds
[2022-11-29T07:04:50.436+0000] {processor.py:154} INFO - Started process (PID=63) to work on /home/airflow/.local/lib/python3.7/site-packages/airflow/example_dags/example_short_circuit_decorator.py
[2022-11-29T07:04:50.438+0000] {processor.py:756} INFO - Processing file /home/airflow/.local/lib/python3.7/site-packages/airflow/example_dags/example_short_circuit_decorator.py for tasks to queue
[2022-11-29T07:04:50.440+0000] {logging_mixin.py:137} INFO - [2022-11-29T07:04:50.440+0000] {dagbag.py:537} INFO - Filling up the DagBag from /home/airflow/.local/lib/python3.7/site-packages/airflow/example_dags/example_short_circuit_decorator.py
[2022-11-29T07:04:50.492+0000] {processor.py:766} INFO - DAG(s) dict_keys(['example_short_circuit_decorator']) retrieved from /home/airflow/.local/lib/python3.7/site-packages/airflow/example_dags/example_short_circuit_decorator.py
[2022-11-29T07:04:50.578+0000] {logging_mixin.py:137} INFO - [2022-11-29T07:04:50.578+0000] {dag.py:2585} INFO - Sync 1 DAGs
[2022-11-29T07:04:50.637+0000] {logging_mixin.py:137} INFO - [2022-11-29T07:04:50.637+0000] {dag.py:3340} INFO - Setting next_dagrun for example_short_circuit_decorator to 2022-11-28T07:04:50.636759+00:00, run_after=2022-11-29T07:04:50.636759+00:00
[2022-11-29T07:04:50.679+0000] {processor.py:176} INFO - Processing /home/airflow/.local/lib/python3.7/site-packages/airflow/example_dags/example_short_circuit_decorator.py took 0.248 seconds
[2022-11-29T07:06:00.645+0000] {processor.py:154} INFO - Started process (PID=63) to work on /home/airflow/.local/lib/python3.7/site-packages/airflow/example_dags/example_short_circuit_decorator.py
[2022-11-29T07:06:00.651+0000] {processor.py:756} INFO - Processing file /home/airflow/.local/lib/python3.7/site-packages/airflow/example_dags/example_short_circuit_decorator.py for tasks to queue
[2022-11-29T07:06:00.654+0000] {logging_mixin.py:137} INFO - [2022-11-29T07:06:00.654+0000] {dagbag.py:537} INFO - Filling up the DagBag from /home/airflow/.local/lib/python3.7/site-packages/airflow/example_dags/example_short_circuit_decorator.py
[2022-11-29T07:06:00.710+0000] {processor.py:766} INFO - DAG(s) dict_keys(['example_short_circuit_decorator']) retrieved from /home/airflow/.local/lib/python3.7/site-packages/airflow/example_dags/example_short_circuit_decorator.py
[2022-11-29T07:06:00.775+0000] {logging_mixin.py:137} INFO - [2022-11-29T07:06:00.775+0000] {dag.py:2585} INFO - Sync 1 DAGs
[2022-11-29T07:06:00.851+0000] {logging_mixin.py:137} INFO - [2022-11-29T07:06:00.851+0000] {dag.py:3340} INFO - Setting next_dagrun for example_short_circuit_decorator to 2022-11-28T07:06:00.850978+00:00, run_after=2022-11-29T07:06:00.850978+00:00
[2022-11-29T07:06:00.893+0000] {processor.py:176} INFO - Processing /home/airflow/.local/lib/python3.7/site-packages/airflow/example_dags/example_short_circuit_decorator.py took 0.256 seconds
[2022-11-29T07:06:31.047+0000] {processor.py:154} INFO - Started process (PID=126) to work on /home/airflow/.local/lib/python3.7/site-packages/airflow/example_dags/example_short_circuit_decorator.py
[2022-11-29T07:06:31.049+0000] {processor.py:756} INFO - Processing file /home/airflow/.local/lib/python3.7/site-packages/airflow/example_dags/example_short_circuit_decorator.py for tasks to queue
[2022-11-29T07:06:31.051+0000] {logging_mixin.py:137} INFO - [2022-11-29T07:06:31.050+0000] {dagbag.py:537} INFO - Filling up the DagBag from /home/airflow/.local/lib/python3.7/site-packages/airflow/example_dags/example_short_circuit_decorator.py
[2022-11-29T07:06:31.105+0000] {processor.py:766} INFO - DAG(s) dict_keys(['example_short_circuit_decorator']) retrieved from /home/airflow/.local/lib/python3.7/site-packages/airflow/example_dags/example_short_circuit_decorator.py
[2022-11-29T07:06:31.177+0000] {logging_mixin.py:137} INFO - [2022-11-29T07:06:31.177+0000] {dag.py:2585} INFO - Sync 1 DAGs
[2022-11-29T07:06:31.220+0000] {logging_mixin.py:137} INFO - [2022-11-29T07:06:31.220+0000] {dag.py:3340} INFO - Setting next_dagrun for example_short_circuit_decorator to 2022-11-28T07:06:31.219966+00:00, run_after=2022-11-29T07:06:31.219966+00:00
[2022-11-29T07:06:31.248+0000] {processor.py:176} INFO - Processing /home/airflow/.local/lib/python3.7/site-packages/airflow/example_dags/example_short_circuit_decorator.py took 0.206 seconds
[2022-11-29T07:07:01.420+0000] {processor.py:154} INFO - Started process (PID=181) to work on /home/airflow/.local/lib/python3.7/site-packages/airflow/example_dags/example_short_circuit_decorator.py
[2022-11-29T07:07:01.423+0000] {processor.py:756} INFO - Processing file /home/airflow/.local/lib/python3.7/site-packages/airflow/example_dags/example_short_circuit_decorator.py for tasks to queue
[2022-11-29T07:07:01.424+0000] {logging_mixin.py:137} INFO - [2022-11-29T07:07:01.424+0000] {dagbag.py:537} INFO - Filling up the DagBag from /home/airflow/.local/lib/python3.7/site-packages/airflow/example_dags/example_short_circuit_decorator.py
[2022-11-29T07:07:01.464+0000] {processor.py:766} INFO - DAG(s) dict_keys(['example_short_circuit_decorator']) retrieved from /home/airflow/.local/lib/python3.7/site-packages/airflow/example_dags/example_short_circuit_decorator.py
[2022-11-29T07:07:01.532+0000] {logging_mixin.py:137} INFO - [2022-11-29T07:07:01.531+0000] {dag.py:2585} INFO - Sync 1 DAGs
[2022-11-29T07:07:01.575+0000] {logging_mixin.py:137} INFO - [2022-11-29T07:07:01.575+0000] {dag.py:3340} INFO - Setting next_dagrun for example_short_circuit_decorator to 2022-11-28T07:07:01.575134+00:00, run_after=2022-11-29T07:07:01.575134+00:00
[2022-11-29T07:07:01.608+0000] {processor.py:176} INFO - Processing /home/airflow/.local/lib/python3.7/site-packages/airflow/example_dags/example_short_circuit_decorator.py took 0.193 seconds
[2022-11-29T07:07:32.260+0000] {processor.py:154} INFO - Started process (PID=244) to work on /home/airflow/.local/lib/python3.7/site-packages/airflow/example_dags/example_short_circuit_decorator.py
[2022-11-29T07:07:32.262+0000] {processor.py:756} INFO - Processing file /home/airflow/.local/lib/python3.7/site-packages/airflow/example_dags/example_short_circuit_decorator.py for tasks to queue
[2022-11-29T07:07:32.264+0000] {logging_mixin.py:137} INFO - [2022-11-29T07:07:32.264+0000] {dagbag.py:537} INFO - Filling up the DagBag from /home/airflow/.local/lib/python3.7/site-packages/airflow/example_dags/example_short_circuit_decorator.py
[2022-11-29T07:07:32.301+0000] {processor.py:766} INFO - DAG(s) dict_keys(['example_short_circuit_decorator']) retrieved from /home/airflow/.local/lib/python3.7/site-packages/airflow/example_dags/example_short_circuit_decorator.py
[2022-11-29T07:07:32.377+0000] {logging_mixin.py:137} INFO - [2022-11-29T07:07:32.377+0000] {dag.py:2585} INFO - Sync 1 DAGs
[2022-11-29T07:07:32.420+0000] {logging_mixin.py:137} INFO - [2022-11-29T07:07:32.420+0000] {dag.py:3340} INFO - Setting next_dagrun for example_short_circuit_decorator to 2022-11-28T07:07:32.419946+00:00, run_after=2022-11-29T07:07:32.419946+00:00
[2022-11-29T07:07:32.451+0000] {processor.py:176} INFO - Processing /home/airflow/.local/lib/python3.7/site-packages/airflow/example_dags/example_short_circuit_decorator.py took 0.197 seconds
[2022-11-29T07:08:03.082+0000] {processor.py:154} INFO - Started process (PID=309) to work on /home/airflow/.local/lib/python3.7/site-packages/airflow/example_dags/example_short_circuit_decorator.py
[2022-11-29T07:08:03.085+0000] {processor.py:756} INFO - Processing file /home/airflow/.local/lib/python3.7/site-packages/airflow/example_dags/example_short_circuit_decorator.py for tasks to queue
[2022-11-29T07:08:03.087+0000] {logging_mixin.py:137} INFO - [2022-11-29T07:08:03.087+0000] {dagbag.py:537} INFO - Filling up the DagBag from /home/airflow/.local/lib/python3.7/site-packages/airflow/example_dags/example_short_circuit_decorator.py
[2022-11-29T07:08:03.141+0000] {processor.py:766} INFO - DAG(s) dict_keys(['example_short_circuit_decorator']) retrieved from /home/airflow/.local/lib/python3.7/site-packages/airflow/example_dags/example_short_circuit_decorator.py
[2022-11-29T07:08:03.211+0000] {logging_mixin.py:137} INFO - [2022-11-29T07:08:03.211+0000] {dag.py:2585} INFO - Sync 1 DAGs
[2022-11-29T07:08:03.258+0000] {logging_mixin.py:137} INFO - [2022-11-29T07:08:03.257+0000] {dag.py:3340} INFO - Setting next_dagrun for example_short_circuit_decorator to 2022-11-28T07:08:03.257024+00:00, run_after=2022-11-29T07:08:03.257024+00:00
[2022-11-29T07:08:03.296+0000] {processor.py:176} INFO - Processing /home/airflow/.local/lib/python3.7/site-packages/airflow/example_dags/example_short_circuit_decorator.py took 0.221 seconds
[2022-11-29T07:08:34.192+0000] {processor.py:154} INFO - Started process (PID=363) to work on /home/airflow/.local/lib/python3.7/site-packages/airflow/example_dags/example_short_circuit_decorator.py
[2022-11-29T07:08:34.194+0000] {processor.py:756} INFO - Processing file /home/airflow/.local/lib/python3.7/site-packages/airflow/example_dags/example_short_circuit_decorator.py for tasks to queue
[2022-11-29T07:08:34.195+0000] {logging_mixin.py:137} INFO - [2022-11-29T07:08:34.195+0000] {dagbag.py:537} INFO - Filling up the DagBag from /home/airflow/.local/lib/python3.7/site-packages/airflow/example_dags/example_short_circuit_decorator.py
[2022-11-29T07:08:34.238+0000] {processor.py:766} INFO - DAG(s) dict_keys(['example_short_circuit_decorator']) retrieved from /home/airflow/.local/lib/python3.7/site-packages/airflow/example_dags/example_short_circuit_decorator.py
[2022-11-29T07:08:34.304+0000] {logging_mixin.py:137} INFO - [2022-11-29T07:08:34.304+0000] {dag.py:2585} INFO - Sync 1 DAGs
[2022-11-29T07:08:34.350+0000] {logging_mixin.py:137} INFO - [2022-11-29T07:08:34.350+0000] {dag.py:3340} INFO - Setting next_dagrun for example_short_circuit_decorator to 2022-11-28T07:08:34.349640+00:00, run_after=2022-11-29T07:08:34.349640+00:00
[2022-11-29T07:08:34.387+0000] {processor.py:176} INFO - Processing /home/airflow/.local/lib/python3.7/site-packages/airflow/example_dags/example_short_circuit_decorator.py took 0.200 seconds
[2022-11-29T07:09:04.828+0000] {processor.py:154} INFO - Started process (PID=426) to work on /home/airflow/.local/lib/python3.7/site-packages/airflow/example_dags/example_short_circuit_decorator.py
[2022-11-29T07:09:04.830+0000] {processor.py:756} INFO - Processing file /home/airflow/.local/lib/python3.7/site-packages/airflow/example_dags/example_short_circuit_decorator.py for tasks to queue
[2022-11-29T07:09:04.831+0000] {logging_mixin.py:137} INFO - [2022-11-29T07:09:04.831+0000] {dagbag.py:537} INFO - Filling up the DagBag from /home/airflow/.local/lib/python3.7/site-packages/airflow/example_dags/example_short_circuit_decorator.py
[2022-11-29T07:09:04.870+0000] {processor.py:766} INFO - DAG(s) dict_keys(['example_short_circuit_decorator']) retrieved from /home/airflow/.local/lib/python3.7/site-packages/airflow/example_dags/example_short_circuit_decorator.py
[2022-11-29T07:09:04.944+0000] {logging_mixin.py:137} INFO - [2022-11-29T07:09:04.944+0000] {dag.py:2585} INFO - Sync 1 DAGs
[2022-11-29T07:09:04.982+0000] {logging_mixin.py:137} INFO - [2022-11-29T07:09:04.982+0000] {dag.py:3340} INFO - Setting next_dagrun for example_short_circuit_decorator to 2022-11-28T07:09:04.982224+00:00, run_after=2022-11-29T07:09:04.982224+00:00
[2022-11-29T07:09:05.011+0000] {processor.py:176} INFO - Processing /home/airflow/.local/lib/python3.7/site-packages/airflow/example_dags/example_short_circuit_decorator.py took 0.188 seconds
[2022-11-29T07:09:35.407+0000] {processor.py:154} INFO - Started process (PID=480) to work on /home/airflow/.local/lib/python3.7/site-packages/airflow/example_dags/example_short_circuit_decorator.py
[2022-11-29T07:09:35.409+0000] {processor.py:756} INFO - Processing file /home/airflow/.local/lib/python3.7/site-packages/airflow/example_dags/example_short_circuit_decorator.py for tasks to queue
[2022-11-29T07:09:35.411+0000] {logging_mixin.py:137} INFO - [2022-11-29T07:09:35.410+0000] {dagbag.py:537} INFO - Filling up the DagBag from /home/airflow/.local/lib/python3.7/site-packages/airflow/example_dags/example_short_circuit_decorator.py
[2022-11-29T07:09:35.450+0000] {processor.py:766} INFO - DAG(s) dict_keys(['example_short_circuit_decorator']) retrieved from /home/airflow/.local/lib/python3.7/site-packages/airflow/example_dags/example_short_circuit_decorator.py
[2022-11-29T07:09:35.523+0000] {logging_mixin.py:137} INFO - [2022-11-29T07:09:35.523+0000] {dag.py:2585} INFO - Sync 1 DAGs
[2022-11-29T07:09:35.564+0000] {logging_mixin.py:137} INFO - [2022-11-29T07:09:35.564+0000] {dag.py:3340} INFO - Setting next_dagrun for example_short_circuit_decorator to 2022-11-28T07:09:35.563674+00:00, run_after=2022-11-29T07:09:35.563674+00:00
[2022-11-29T07:09:35.604+0000] {processor.py:176} INFO - Processing /home/airflow/.local/lib/python3.7/site-packages/airflow/example_dags/example_short_circuit_decorator.py took 0.203 seconds
[2022-11-29T07:10:06.070+0000] {processor.py:154} INFO - Started process (PID=543) to work on /home/airflow/.local/lib/python3.7/site-packages/airflow/example_dags/example_short_circuit_decorator.py
[2022-11-29T07:10:06.072+0000] {processor.py:756} INFO - Processing file /home/airflow/.local/lib/python3.7/site-packages/airflow/example_dags/example_short_circuit_decorator.py for tasks to queue
[2022-11-29T07:10:06.073+0000] {logging_mixin.py:137} INFO - [2022-11-29T07:10:06.073+0000] {dagbag.py:537} INFO - Filling up the DagBag from /home/airflow/.local/lib/python3.7/site-packages/airflow/example_dags/example_short_circuit_decorator.py
[2022-11-29T07:10:06.111+0000] {processor.py:766} INFO - DAG(s) dict_keys(['example_short_circuit_decorator']) retrieved from /home/airflow/.local/lib/python3.7/site-packages/airflow/example_dags/example_short_circuit_decorator.py
[2022-11-29T07:10:06.175+0000] {logging_mixin.py:137} INFO - [2022-11-29T07:10:06.175+0000] {dag.py:2585} INFO - Sync 1 DAGs
[2022-11-29T07:10:06.212+0000] {logging_mixin.py:137} INFO - [2022-11-29T07:10:06.212+0000] {dag.py:3340} INFO - Setting next_dagrun for example_short_circuit_decorator to 2022-11-28T07:10:06.211938+00:00, run_after=2022-11-29T07:10:06.211938+00:00
[2022-11-29T07:10:06.243+0000] {processor.py:176} INFO - Processing /home/airflow/.local/lib/python3.7/site-packages/airflow/example_dags/example_short_circuit_decorator.py took 0.179 seconds
[2022-11-29T07:10:37.343+0000] {processor.py:154} INFO - Started process (PID=606) to work on /home/airflow/.local/lib/python3.7/site-packages/airflow/example_dags/example_short_circuit_decorator.py
[2022-11-29T07:10:37.345+0000] {processor.py:756} INFO - Processing file /home/airflow/.local/lib/python3.7/site-packages/airflow/example_dags/example_short_circuit_decorator.py for tasks to queue
[2022-11-29T07:10:37.347+0000] {logging_mixin.py:137} INFO - [2022-11-29T07:10:37.347+0000] {dagbag.py:537} INFO - Filling up the DagBag from /home/airflow/.local/lib/python3.7/site-packages/airflow/example_dags/example_short_circuit_decorator.py
[2022-11-29T07:10:37.394+0000] {processor.py:766} INFO - DAG(s) dict_keys(['example_short_circuit_decorator']) retrieved from /home/airflow/.local/lib/python3.7/site-packages/airflow/example_dags/example_short_circuit_decorator.py
[2022-11-29T07:10:37.499+0000] {logging_mixin.py:137} INFO - [2022-11-29T07:10:37.499+0000] {dag.py:2585} INFO - Sync 1 DAGs
[2022-11-29T07:10:37.542+0000] {logging_mixin.py:137} INFO - [2022-11-29T07:10:37.542+0000] {dag.py:3340} INFO - Setting next_dagrun for example_short_circuit_decorator to 2022-11-28T07:10:37.542138+00:00, run_after=2022-11-29T07:10:37.542138+00:00
[2022-11-29T07:10:37.573+0000] {processor.py:176} INFO - Processing /home/airflow/.local/lib/python3.7/site-packages/airflow/example_dags/example_short_circuit_decorator.py took 0.236 seconds
[2022-11-29T07:11:08.205+0000] {processor.py:154} INFO - Started process (PID=660) to work on /home/airflow/.local/lib/python3.7/site-packages/airflow/example_dags/example_short_circuit_decorator.py
[2022-11-29T07:11:08.209+0000] {processor.py:756} INFO - Processing file /home/airflow/.local/lib/python3.7/site-packages/airflow/example_dags/example_short_circuit_decorator.py for tasks to queue
[2022-11-29T07:11:08.211+0000] {logging_mixin.py:137} INFO - [2022-11-29T07:11:08.211+0000] {dagbag.py:537} INFO - Filling up the DagBag from /home/airflow/.local/lib/python3.7/site-packages/airflow/example_dags/example_short_circuit_decorator.py
[2022-11-29T07:11:08.279+0000] {processor.py:766} INFO - DAG(s) dict_keys(['example_short_circuit_decorator']) retrieved from /home/airflow/.local/lib/python3.7/site-packages/airflow/example_dags/example_short_circuit_decorator.py
[2022-11-29T07:11:08.356+0000] {logging_mixin.py:137} INFO - [2022-11-29T07:11:08.356+0000] {dag.py:2585} INFO - Sync 1 DAGs
[2022-11-29T07:11:08.416+0000] {logging_mixin.py:137} INFO - [2022-11-29T07:11:08.416+0000] {dag.py:3340} INFO - Setting next_dagrun for example_short_circuit_decorator to 2022-11-28T07:11:08.416255+00:00, run_after=2022-11-29T07:11:08.416255+00:00
[2022-11-29T07:11:08.473+0000] {processor.py:176} INFO - Processing /home/airflow/.local/lib/python3.7/site-packages/airflow/example_dags/example_short_circuit_decorator.py took 0.274 seconds
[2022-11-29T07:11:39.211+0000] {processor.py:154} INFO - Started process (PID=722) to work on /home/airflow/.local/lib/python3.7/site-packages/airflow/example_dags/example_short_circuit_decorator.py
[2022-11-29T07:11:39.213+0000] {processor.py:756} INFO - Processing file /home/airflow/.local/lib/python3.7/site-packages/airflow/example_dags/example_short_circuit_decorator.py for tasks to queue
[2022-11-29T07:11:39.214+0000] {logging_mixin.py:137} INFO - [2022-11-29T07:11:39.214+0000] {dagbag.py:537} INFO - Filling up the DagBag from /home/airflow/.local/lib/python3.7/site-packages/airflow/example_dags/example_short_circuit_decorator.py
[2022-11-29T07:11:39.254+0000] {processor.py:766} INFO - DAG(s) dict_keys(['example_short_circuit_decorator']) retrieved from /home/airflow/.local/lib/python3.7/site-packages/airflow/example_dags/example_short_circuit_decorator.py
[2022-11-29T07:11:39.319+0000] {logging_mixin.py:137} INFO - [2022-11-29T07:11:39.319+0000] {dag.py:2585} INFO - Sync 1 DAGs
[2022-11-29T07:11:39.360+0000] {logging_mixin.py:137} INFO - [2022-11-29T07:11:39.360+0000] {dag.py:3340} INFO - Setting next_dagrun for example_short_circuit_decorator to 2022-11-28T07:11:39.359616+00:00, run_after=2022-11-29T07:11:39.359616+00:00
[2022-11-29T07:11:39.389+0000] {processor.py:176} INFO - Processing /home/airflow/.local/lib/python3.7/site-packages/airflow/example_dags/example_short_circuit_decorator.py took 0.184 seconds
[2022-11-29T07:12:09.886+0000] {processor.py:154} INFO - Started process (PID=786) to work on /home/airflow/.local/lib/python3.7/site-packages/airflow/example_dags/example_short_circuit_decorator.py
[2022-11-29T07:12:09.888+0000] {processor.py:756} INFO - Processing file /home/airflow/.local/lib/python3.7/site-packages/airflow/example_dags/example_short_circuit_decorator.py for tasks to queue
[2022-11-29T07:12:09.890+0000] {logging_mixin.py:137} INFO - [2022-11-29T07:12:09.890+0000] {dagbag.py:537} INFO - Filling up the DagBag from /home/airflow/.local/lib/python3.7/site-packages/airflow/example_dags/example_short_circuit_decorator.py
[2022-11-29T07:12:09.930+0000] {processor.py:766} INFO - DAG(s) dict_keys(['example_short_circuit_decorator']) retrieved from /home/airflow/.local/lib/python3.7/site-packages/airflow/example_dags/example_short_circuit_decorator.py
[2022-11-29T07:12:10.002+0000] {logging_mixin.py:137} INFO - [2022-11-29T07:12:10.002+0000] {dag.py:2585} INFO - Sync 1 DAGs
[2022-11-29T07:12:10.049+0000] {logging_mixin.py:137} INFO - [2022-11-29T07:12:10.048+0000] {dag.py:3340} INFO - Setting next_dagrun for example_short_circuit_decorator to 2022-11-28T07:12:10.048475+00:00, run_after=2022-11-29T07:12:10.048475+00:00
[2022-11-29T07:12:10.076+0000] {processor.py:176} INFO - Processing /home/airflow/.local/lib/python3.7/site-packages/airflow/example_dags/example_short_circuit_decorator.py took 0.197 seconds
[2022-11-29T07:12:40.493+0000] {processor.py:154} INFO - Started process (PID=840) to work on /home/airflow/.local/lib/python3.7/site-packages/airflow/example_dags/example_short_circuit_decorator.py
[2022-11-29T07:12:40.495+0000] {processor.py:756} INFO - Processing file /home/airflow/.local/lib/python3.7/site-packages/airflow/example_dags/example_short_circuit_decorator.py for tasks to queue
[2022-11-29T07:12:40.497+0000] {logging_mixin.py:137} INFO - [2022-11-29T07:12:40.496+0000] {dagbag.py:537} INFO - Filling up the DagBag from /home/airflow/.local/lib/python3.7/site-packages/airflow/example_dags/example_short_circuit_decorator.py
[2022-11-29T07:12:40.544+0000] {processor.py:766} INFO - DAG(s) dict_keys(['example_short_circuit_decorator']) retrieved from /home/airflow/.local/lib/python3.7/site-packages/airflow/example_dags/example_short_circuit_decorator.py
[2022-11-29T07:12:40.622+0000] {logging_mixin.py:137} INFO - [2022-11-29T07:12:40.621+0000] {dag.py:2585} INFO - Sync 1 DAGs
[2022-11-29T07:12:40.662+0000] {logging_mixin.py:137} INFO - [2022-11-29T07:12:40.662+0000] {dag.py:3340} INFO - Setting next_dagrun for example_short_circuit_decorator to 2022-11-28T07:12:40.662126+00:00, run_after=2022-11-29T07:12:40.662126+00:00
[2022-11-29T07:12:40.697+0000] {processor.py:176} INFO - Processing /home/airflow/.local/lib/python3.7/site-packages/airflow/example_dags/example_short_circuit_decorator.py took 0.209 seconds
[2022-11-29T07:13:10.889+0000] {processor.py:154} INFO - Started process (PID=902) to work on /home/airflow/.local/lib/python3.7/site-packages/airflow/example_dags/example_short_circuit_decorator.py
[2022-11-29T07:13:10.891+0000] {processor.py:756} INFO - Processing file /home/airflow/.local/lib/python3.7/site-packages/airflow/example_dags/example_short_circuit_decorator.py for tasks to queue
[2022-11-29T07:13:10.893+0000] {logging_mixin.py:137} INFO - [2022-11-29T07:13:10.893+0000] {dagbag.py:537} INFO - Filling up the DagBag from /home/airflow/.local/lib/python3.7/site-packages/airflow/example_dags/example_short_circuit_decorator.py
[2022-11-29T07:13:10.935+0000] {processor.py:766} INFO - DAG(s) dict_keys(['example_short_circuit_decorator']) retrieved from /home/airflow/.local/lib/python3.7/site-packages/airflow/example_dags/example_short_circuit_decorator.py
[2022-11-29T07:13:10.999+0000] {logging_mixin.py:137} INFO - [2022-11-29T07:13:10.998+0000] {dag.py:2585} INFO - Sync 1 DAGs
[2022-11-29T07:13:11.038+0000] {logging_mixin.py:137} INFO - [2022-11-29T07:13:11.038+0000] {dag.py:3340} INFO - Setting next_dagrun for example_short_circuit_decorator to 2022-11-28T07:13:11.037985+00:00, run_after=2022-11-29T07:13:11.037985+00:00
[2022-11-29T07:13:11.069+0000] {processor.py:176} INFO - Processing /home/airflow/.local/lib/python3.7/site-packages/airflow/example_dags/example_short_circuit_decorator.py took 0.186 seconds
[2022-11-29T07:13:41.627+0000] {processor.py:154} INFO - Started process (PID=965) to work on /home/airflow/.local/lib/python3.7/site-packages/airflow/example_dags/example_short_circuit_decorator.py
[2022-11-29T07:13:41.629+0000] {processor.py:756} INFO - Processing file /home/airflow/.local/lib/python3.7/site-packages/airflow/example_dags/example_short_circuit_decorator.py for tasks to queue
[2022-11-29T07:13:41.632+0000] {logging_mixin.py:137} INFO - [2022-11-29T07:13:41.630+0000] {dagbag.py:537} INFO - Filling up the DagBag from /home/airflow/.local/lib/python3.7/site-packages/airflow/example_dags/example_short_circuit_decorator.py
[2022-11-29T07:13:41.668+0000] {processor.py:766} INFO - DAG(s) dict_keys(['example_short_circuit_decorator']) retrieved from /home/airflow/.local/lib/python3.7/site-packages/airflow/example_dags/example_short_circuit_decorator.py
[2022-11-29T07:13:41.741+0000] {logging_mixin.py:137} INFO - [2022-11-29T07:13:41.741+0000] {dag.py:2585} INFO - Sync 1 DAGs
[2022-11-29T07:13:41.785+0000] {logging_mixin.py:137} INFO - [2022-11-29T07:13:41.784+0000] {dag.py:3340} INFO - Setting next_dagrun for example_short_circuit_decorator to 2022-11-28T07:13:41.784346+00:00, run_after=2022-11-29T07:13:41.784346+00:00
[2022-11-29T07:13:41.818+0000] {processor.py:176} INFO - Processing /home/airflow/.local/lib/python3.7/site-packages/airflow/example_dags/example_short_circuit_decorator.py took 0.196 seconds
[2022-11-29T07:14:12.830+0000] {processor.py:154} INFO - Started process (PID=1019) to work on /home/airflow/.local/lib/python3.7/site-packages/airflow/example_dags/example_short_circuit_decorator.py
[2022-11-29T07:14:12.832+0000] {processor.py:756} INFO - Processing file /home/airflow/.local/lib/python3.7/site-packages/airflow/example_dags/example_short_circuit_decorator.py for tasks to queue
[2022-11-29T07:14:12.833+0000] {logging_mixin.py:137} INFO - [2022-11-29T07:14:12.833+0000] {dagbag.py:537} INFO - Filling up the DagBag from /home/airflow/.local/lib/python3.7/site-packages/airflow/example_dags/example_short_circuit_decorator.py
[2022-11-29T07:14:12.874+0000] {processor.py:766} INFO - DAG(s) dict_keys(['example_short_circuit_decorator']) retrieved from /home/airflow/.local/lib/python3.7/site-packages/airflow/example_dags/example_short_circuit_decorator.py
[2022-11-29T07:14:12.955+0000] {logging_mixin.py:137} INFO - [2022-11-29T07:14:12.955+0000] {dag.py:2585} INFO - Sync 1 DAGs
[2022-11-29T07:14:12.998+0000] {logging_mixin.py:137} INFO - [2022-11-29T07:14:12.997+0000] {dag.py:3340} INFO - Setting next_dagrun for example_short_circuit_decorator to 2022-11-28T07:14:12.997313+00:00, run_after=2022-11-29T07:14:12.997313+00:00
[2022-11-29T07:14:13.039+0000] {processor.py:176} INFO - Processing /home/airflow/.local/lib/python3.7/site-packages/airflow/example_dags/example_short_circuit_decorator.py took 0.214 seconds
[2022-11-29T07:14:43.284+0000] {processor.py:154} INFO - Started process (PID=1082) to work on /home/airflow/.local/lib/python3.7/site-packages/airflow/example_dags/example_short_circuit_decorator.py
[2022-11-29T07:14:43.286+0000] {processor.py:756} INFO - Processing file /home/airflow/.local/lib/python3.7/site-packages/airflow/example_dags/example_short_circuit_decorator.py for tasks to queue
[2022-11-29T07:14:43.289+0000] {logging_mixin.py:137} INFO - [2022-11-29T07:14:43.289+0000] {dagbag.py:537} INFO - Filling up the DagBag from /home/airflow/.local/lib/python3.7/site-packages/airflow/example_dags/example_short_circuit_decorator.py
[2022-11-29T07:14:43.332+0000] {processor.py:766} INFO - DAG(s) dict_keys(['example_short_circuit_decorator']) retrieved from /home/airflow/.local/lib/python3.7/site-packages/airflow/example_dags/example_short_circuit_decorator.py
[2022-11-29T07:14:43.415+0000] {logging_mixin.py:137} INFO - [2022-11-29T07:14:43.415+0000] {dag.py:2585} INFO - Sync 1 DAGs
[2022-11-29T07:14:43.464+0000] {logging_mixin.py:137} INFO - [2022-11-29T07:14:43.464+0000] {dag.py:3340} INFO - Setting next_dagrun for example_short_circuit_decorator to 2022-11-28T07:14:43.464094+00:00, run_after=2022-11-29T07:14:43.464094+00:00
[2022-11-29T07:14:43.494+0000] {processor.py:176} INFO - Processing /home/airflow/.local/lib/python3.7/site-packages/airflow/example_dags/example_short_circuit_decorator.py took 0.223 seconds
[2022-11-29T07:15:14.217+0000] {processor.py:154} INFO - Started process (PID=1145) to work on /home/airflow/.local/lib/python3.7/site-packages/airflow/example_dags/example_short_circuit_decorator.py
[2022-11-29T07:15:14.219+0000] {processor.py:756} INFO - Processing file /home/airflow/.local/lib/python3.7/site-packages/airflow/example_dags/example_short_circuit_decorator.py for tasks to queue
[2022-11-29T07:15:14.221+0000] {logging_mixin.py:137} INFO - [2022-11-29T07:15:14.221+0000] {dagbag.py:537} INFO - Filling up the DagBag from /home/airflow/.local/lib/python3.7/site-packages/airflow/example_dags/example_short_circuit_decorator.py
[2022-11-29T07:15:14.263+0000] {processor.py:766} INFO - DAG(s) dict_keys(['example_short_circuit_decorator']) retrieved from /home/airflow/.local/lib/python3.7/site-packages/airflow/example_dags/example_short_circuit_decorator.py
[2022-11-29T07:15:14.329+0000] {logging_mixin.py:137} INFO - [2022-11-29T07:15:14.329+0000] {dag.py:2585} INFO - Sync 1 DAGs
[2022-11-29T07:15:14.373+0000] {logging_mixin.py:137} INFO - [2022-11-29T07:15:14.373+0000] {dag.py:3340} INFO - Setting next_dagrun for example_short_circuit_decorator to 2022-11-28T07:15:14.373163+00:00, run_after=2022-11-29T07:15:14.373163+00:00
[2022-11-29T07:15:14.409+0000] {processor.py:176} INFO - Processing /home/airflow/.local/lib/python3.7/site-packages/airflow/example_dags/example_short_circuit_decorator.py took 0.201 seconds
[2022-11-29T07:15:44.874+0000] {processor.py:154} INFO - Started process (PID=1199) to work on /home/airflow/.local/lib/python3.7/site-packages/airflow/example_dags/example_short_circuit_decorator.py
[2022-11-29T07:15:44.876+0000] {processor.py:756} INFO - Processing file /home/airflow/.local/lib/python3.7/site-packages/airflow/example_dags/example_short_circuit_decorator.py for tasks to queue
[2022-11-29T07:15:44.878+0000] {logging_mixin.py:137} INFO - [2022-11-29T07:15:44.877+0000] {dagbag.py:537} INFO - Filling up the DagBag from /home/airflow/.local/lib/python3.7/site-packages/airflow/example_dags/example_short_circuit_decorator.py
[2022-11-29T07:15:44.922+0000] {processor.py:766} INFO - DAG(s) dict_keys(['example_short_circuit_decorator']) retrieved from /home/airflow/.local/lib/python3.7/site-packages/airflow/example_dags/example_short_circuit_decorator.py
[2022-11-29T07:15:44.995+0000] {logging_mixin.py:137} INFO - [2022-11-29T07:15:44.995+0000] {dag.py:2585} INFO - Sync 1 DAGs
[2022-11-29T07:15:45.041+0000] {logging_mixin.py:137} INFO - [2022-11-29T07:15:45.040+0000] {dag.py:3340} INFO - Setting next_dagrun for example_short_circuit_decorator to 2022-11-28T07:15:45.040437+00:00, run_after=2022-11-29T07:15:45.040437+00:00
[2022-11-29T07:15:45.082+0000] {processor.py:176} INFO - Processing /home/airflow/.local/lib/python3.7/site-packages/airflow/example_dags/example_short_circuit_decorator.py took 0.213 seconds
[2022-11-29T07:16:15.567+0000] {processor.py:154} INFO - Started process (PID=1263) to work on /home/airflow/.local/lib/python3.7/site-packages/airflow/example_dags/example_short_circuit_decorator.py
[2022-11-29T07:16:15.569+0000] {processor.py:756} INFO - Processing file /home/airflow/.local/lib/python3.7/site-packages/airflow/example_dags/example_short_circuit_decorator.py for tasks to queue
[2022-11-29T07:16:15.574+0000] {logging_mixin.py:137} INFO - [2022-11-29T07:16:15.573+0000] {dagbag.py:537} INFO - Filling up the DagBag from /home/airflow/.local/lib/python3.7/site-packages/airflow/example_dags/example_short_circuit_decorator.py
[2022-11-29T07:16:15.662+0000] {processor.py:766} INFO - DAG(s) dict_keys(['example_short_circuit_decorator']) retrieved from /home/airflow/.local/lib/python3.7/site-packages/airflow/example_dags/example_short_circuit_decorator.py
[2022-11-29T07:16:15.774+0000] {logging_mixin.py:137} INFO - [2022-11-29T07:16:15.774+0000] {dag.py:2585} INFO - Sync 1 DAGs
[2022-11-29T07:16:15.826+0000] {logging_mixin.py:137} INFO - [2022-11-29T07:16:15.826+0000] {dag.py:3340} INFO - Setting next_dagrun for example_short_circuit_decorator to 2022-11-28T07:16:15.825750+00:00, run_after=2022-11-29T07:16:15.825750+00:00
[2022-11-29T07:16:15.865+0000] {processor.py:176} INFO - Processing /home/airflow/.local/lib/python3.7/site-packages/airflow/example_dags/example_short_circuit_decorator.py took 0.306 seconds
[2022-11-29T07:16:45.972+0000] {processor.py:154} INFO - Started process (PID=1327) to work on /home/airflow/.local/lib/python3.7/site-packages/airflow/example_dags/example_short_circuit_decorator.py
[2022-11-29T07:16:45.974+0000] {processor.py:756} INFO - Processing file /home/airflow/.local/lib/python3.7/site-packages/airflow/example_dags/example_short_circuit_decorator.py for tasks to queue
[2022-11-29T07:16:45.976+0000] {logging_mixin.py:137} INFO - [2022-11-29T07:16:45.976+0000] {dagbag.py:537} INFO - Filling up the DagBag from /home/airflow/.local/lib/python3.7/site-packages/airflow/example_dags/example_short_circuit_decorator.py
[2022-11-29T07:16:46.020+0000] {processor.py:766} INFO - DAG(s) dict_keys(['example_short_circuit_decorator']) retrieved from /home/airflow/.local/lib/python3.7/site-packages/airflow/example_dags/example_short_circuit_decorator.py
[2022-11-29T07:16:46.083+0000] {logging_mixin.py:137} INFO - [2022-11-29T07:16:46.083+0000] {dag.py:2585} INFO - Sync 1 DAGs
[2022-11-29T07:16:46.124+0000] {logging_mixin.py:137} INFO - [2022-11-29T07:16:46.124+0000] {dag.py:3340} INFO - Setting next_dagrun for example_short_circuit_decorator to 2022-11-28T07:16:46.123814+00:00, run_after=2022-11-29T07:16:46.123814+00:00
[2022-11-29T07:16:46.159+0000] {processor.py:176} INFO - Processing /home/airflow/.local/lib/python3.7/site-packages/airflow/example_dags/example_short_circuit_decorator.py took 0.193 seconds
[2022-11-29T07:17:16.615+0000] {processor.py:154} INFO - Started process (PID=1381) to work on /home/airflow/.local/lib/python3.7/site-packages/airflow/example_dags/example_short_circuit_decorator.py
[2022-11-29T07:17:16.617+0000] {processor.py:756} INFO - Processing file /home/airflow/.local/lib/python3.7/site-packages/airflow/example_dags/example_short_circuit_decorator.py for tasks to queue
[2022-11-29T07:17:16.619+0000] {logging_mixin.py:137} INFO - [2022-11-29T07:17:16.619+0000] {dagbag.py:537} INFO - Filling up the DagBag from /home/airflow/.local/lib/python3.7/site-packages/airflow/example_dags/example_short_circuit_decorator.py
[2022-11-29T07:17:16.662+0000] {processor.py:766} INFO - DAG(s) dict_keys(['example_short_circuit_decorator']) retrieved from /home/airflow/.local/lib/python3.7/site-packages/airflow/example_dags/example_short_circuit_decorator.py
[2022-11-29T07:17:16.735+0000] {logging_mixin.py:137} INFO - [2022-11-29T07:17:16.735+0000] {dag.py:2585} INFO - Sync 1 DAGs
[2022-11-29T07:17:16.778+0000] {logging_mixin.py:137} INFO - [2022-11-29T07:17:16.778+0000] {dag.py:3340} INFO - Setting next_dagrun for example_short_circuit_decorator to 2022-11-28T07:17:16.778218+00:00, run_after=2022-11-29T07:17:16.778218+00:00
[2022-11-29T07:17:16.816+0000] {processor.py:176} INFO - Processing /home/airflow/.local/lib/python3.7/site-packages/airflow/example_dags/example_short_circuit_decorator.py took 0.207 seconds
[2022-11-29T07:17:47.323+0000] {processor.py:154} INFO - Started process (PID=1444) to work on /home/airflow/.local/lib/python3.7/site-packages/airflow/example_dags/example_short_circuit_decorator.py
[2022-11-29T07:17:47.327+0000] {processor.py:756} INFO - Processing file /home/airflow/.local/lib/python3.7/site-packages/airflow/example_dags/example_short_circuit_decorator.py for tasks to queue
[2022-11-29T07:17:47.330+0000] {logging_mixin.py:137} INFO - [2022-11-29T07:17:47.330+0000] {dagbag.py:537} INFO - Filling up the DagBag from /home/airflow/.local/lib/python3.7/site-packages/airflow/example_dags/example_short_circuit_decorator.py
[2022-11-29T07:17:47.374+0000] {processor.py:766} INFO - DAG(s) dict_keys(['example_short_circuit_decorator']) retrieved from /home/airflow/.local/lib/python3.7/site-packages/airflow/example_dags/example_short_circuit_decorator.py
[2022-11-29T07:17:47.444+0000] {logging_mixin.py:137} INFO - [2022-11-29T07:17:47.444+0000] {dag.py:2585} INFO - Sync 1 DAGs
[2022-11-29T07:17:47.484+0000] {logging_mixin.py:137} INFO - [2022-11-29T07:17:47.484+0000] {dag.py:3340} INFO - Setting next_dagrun for example_short_circuit_decorator to 2022-11-28T07:17:47.484009+00:00, run_after=2022-11-29T07:17:47.484009+00:00
[2022-11-29T07:17:47.516+0000] {processor.py:176} INFO - Processing /home/airflow/.local/lib/python3.7/site-packages/airflow/example_dags/example_short_circuit_decorator.py took 0.198 seconds
[2022-11-29T07:18:18.101+0000] {processor.py:154} INFO - Started process (PID=1507) to work on /home/airflow/.local/lib/python3.7/site-packages/airflow/example_dags/example_short_circuit_decorator.py
[2022-11-29T07:18:18.104+0000] {processor.py:756} INFO - Processing file /home/airflow/.local/lib/python3.7/site-packages/airflow/example_dags/example_short_circuit_decorator.py for tasks to queue
[2022-11-29T07:18:18.106+0000] {logging_mixin.py:137} INFO - [2022-11-29T07:18:18.106+0000] {dagbag.py:537} INFO - Filling up the DagBag from /home/airflow/.local/lib/python3.7/site-packages/airflow/example_dags/example_short_circuit_decorator.py
[2022-11-29T07:18:18.156+0000] {processor.py:766} INFO - DAG(s) dict_keys(['example_short_circuit_decorator']) retrieved from /home/airflow/.local/lib/python3.7/site-packages/airflow/example_dags/example_short_circuit_decorator.py
[2022-11-29T07:18:18.231+0000] {logging_mixin.py:137} INFO - [2022-11-29T07:18:18.231+0000] {dag.py:2585} INFO - Sync 1 DAGs
[2022-11-29T07:18:18.273+0000] {logging_mixin.py:137} INFO - [2022-11-29T07:18:18.273+0000] {dag.py:3340} INFO - Setting next_dagrun for example_short_circuit_decorator to 2022-11-28T07:18:18.272888+00:00, run_after=2022-11-29T07:18:18.272888+00:00
[2022-11-29T07:18:18.302+0000] {processor.py:176} INFO - Processing /home/airflow/.local/lib/python3.7/site-packages/airflow/example_dags/example_short_circuit_decorator.py took 0.212 seconds
[2022-11-29T07:18:48.452+0000] {processor.py:154} INFO - Started process (PID=1561) to work on /home/airflow/.local/lib/python3.7/site-packages/airflow/example_dags/example_short_circuit_decorator.py
[2022-11-29T07:18:48.454+0000] {processor.py:756} INFO - Processing file /home/airflow/.local/lib/python3.7/site-packages/airflow/example_dags/example_short_circuit_decorator.py for tasks to queue
[2022-11-29T07:18:48.457+0000] {logging_mixin.py:137} INFO - [2022-11-29T07:18:48.457+0000] {dagbag.py:537} INFO - Filling up the DagBag from /home/airflow/.local/lib/python3.7/site-packages/airflow/example_dags/example_short_circuit_decorator.py
[2022-11-29T07:18:48.527+0000] {processor.py:766} INFO - DAG(s) dict_keys(['example_short_circuit_decorator']) retrieved from /home/airflow/.local/lib/python3.7/site-packages/airflow/example_dags/example_short_circuit_decorator.py
[2022-11-29T07:18:48.628+0000] {logging_mixin.py:137} INFO - [2022-11-29T07:18:48.628+0000] {dag.py:2585} INFO - Sync 1 DAGs
[2022-11-29T07:18:48.701+0000] {logging_mixin.py:137} INFO - [2022-11-29T07:18:48.701+0000] {dag.py:3340} INFO - Setting next_dagrun for example_short_circuit_decorator to 2022-11-28T07:18:48.700567+00:00, run_after=2022-11-29T07:18:48.700567+00:00
[2022-11-29T07:18:48.747+0000] {processor.py:176} INFO - Processing /home/airflow/.local/lib/python3.7/site-packages/airflow/example_dags/example_short_circuit_decorator.py took 0.305 seconds
[2022-11-29T07:19:19.442+0000] {processor.py:154} INFO - Started process (PID=1624) to work on /home/airflow/.local/lib/python3.7/site-packages/airflow/example_dags/example_short_circuit_decorator.py
[2022-11-29T07:19:19.444+0000] {processor.py:756} INFO - Processing file /home/airflow/.local/lib/python3.7/site-packages/airflow/example_dags/example_short_circuit_decorator.py for tasks to queue
[2022-11-29T07:19:19.446+0000] {logging_mixin.py:137} INFO - [2022-11-29T07:19:19.446+0000] {dagbag.py:537} INFO - Filling up the DagBag from /home/airflow/.local/lib/python3.7/site-packages/airflow/example_dags/example_short_circuit_decorator.py
[2022-11-29T07:19:19.491+0000] {processor.py:766} INFO - DAG(s) dict_keys(['example_short_circuit_decorator']) retrieved from /home/airflow/.local/lib/python3.7/site-packages/airflow/example_dags/example_short_circuit_decorator.py
[2022-11-29T07:19:19.556+0000] {logging_mixin.py:137} INFO - [2022-11-29T07:19:19.556+0000] {dag.py:2585} INFO - Sync 1 DAGs
[2022-11-29T07:19:19.597+0000] {logging_mixin.py:137} INFO - [2022-11-29T07:19:19.596+0000] {dag.py:3340} INFO - Setting next_dagrun for example_short_circuit_decorator to 2022-11-28T07:19:19.596511+00:00, run_after=2022-11-29T07:19:19.596511+00:00
[2022-11-29T07:19:19.629+0000] {processor.py:176} INFO - Processing /home/airflow/.local/lib/python3.7/site-packages/airflow/example_dags/example_short_circuit_decorator.py took 0.194 seconds
[2022-11-29T07:19:50.316+0000] {processor.py:154} INFO - Started process (PID=1677) to work on /home/airflow/.local/lib/python3.7/site-packages/airflow/example_dags/example_short_circuit_decorator.py
[2022-11-29T07:19:50.319+0000] {processor.py:756} INFO - Processing file /home/airflow/.local/lib/python3.7/site-packages/airflow/example_dags/example_short_circuit_decorator.py for tasks to queue
[2022-11-29T07:19:50.323+0000] {logging_mixin.py:137} INFO - [2022-11-29T07:19:50.323+0000] {dagbag.py:537} INFO - Filling up the DagBag from /home/airflow/.local/lib/python3.7/site-packages/airflow/example_dags/example_short_circuit_decorator.py
[2022-11-29T07:19:50.370+0000] {processor.py:766} INFO - DAG(s) dict_keys(['example_short_circuit_decorator']) retrieved from /home/airflow/.local/lib/python3.7/site-packages/airflow/example_dags/example_short_circuit_decorator.py
[2022-11-29T07:19:50.442+0000] {logging_mixin.py:137} INFO - [2022-11-29T07:19:50.442+0000] {dag.py:2585} INFO - Sync 1 DAGs
[2022-11-29T07:19:50.481+0000] {logging_mixin.py:137} INFO - [2022-11-29T07:19:50.480+0000] {dag.py:3340} INFO - Setting next_dagrun for example_short_circuit_decorator to 2022-11-28T07:19:50.480470+00:00, run_after=2022-11-29T07:19:50.480470+00:00
[2022-11-29T07:19:50.511+0000] {processor.py:176} INFO - Processing /home/airflow/.local/lib/python3.7/site-packages/airflow/example_dags/example_short_circuit_decorator.py took 0.201 seconds
