[2022-11-29T06:27:15.548+0000] {processor.py:154} INFO - Started process (PID=47) to work on /home/airflow/.local/lib/python3.7/site-packages/airflow/example_dags/example_branch_operator.py
[2022-11-29T06:27:15.554+0000] {processor.py:756} INFO - Processing file /home/airflow/.local/lib/python3.7/site-packages/airflow/example_dags/example_branch_operator.py for tasks to queue
[2022-11-29T06:27:15.558+0000] {logging_mixin.py:137} INFO - [2022-11-29T06:27:15.558+0000] {dagbag.py:537} INFO - Filling up the DagBag from /home/airflow/.local/lib/python3.7/site-packages/airflow/example_dags/example_branch_operator.py
[2022-11-29T06:27:15.603+0000] {processor.py:766} INFO - DAG(s) dict_keys(['example_branch_operator']) retrieved from /home/airflow/.local/lib/python3.7/site-packages/airflow/example_dags/example_branch_operator.py
[2022-11-29T06:27:15.857+0000] {logging_mixin.py:137} INFO - [2022-11-29T06:27:15.857+0000] {manager.py:507} INFO - Created Permission View: can delete on DAG:example_branch_operator
[2022-11-29T06:27:15.879+0000] {logging_mixin.py:137} INFO - [2022-11-29T06:27:15.879+0000] {manager.py:507} INFO - Created Permission View: can read on DAG:example_branch_operator
[2022-11-29T06:27:15.893+0000] {logging_mixin.py:137} INFO - [2022-11-29T06:27:15.893+0000] {manager.py:507} INFO - Created Permission View: can edit on DAG:example_branch_operator
[2022-11-29T06:27:15.900+0000] {logging_mixin.py:137} INFO - [2022-11-29T06:27:15.899+0000] {dag.py:2585} INFO - Sync 1 DAGs
[2022-11-29T06:27:15.930+0000] {logging_mixin.py:137} INFO - [2022-11-29T06:27:15.930+0000] {dag.py:2606} INFO - Creating ORM DAG for example_branch_operator
[2022-11-29T06:27:15.952+0000] {logging_mixin.py:137} INFO - [2022-11-29T06:27:15.951+0000] {dag.py:3340} INFO - Setting next_dagrun for example_branch_operator to 2022-11-28T00:00:00+00:00, run_after=2022-11-29T00:00:00+00:00
[2022-11-29T06:27:16.013+0000] {processor.py:176} INFO - Processing /home/airflow/.local/lib/python3.7/site-packages/airflow/example_dags/example_branch_operator.py took 0.473 seconds
[2022-11-29T06:27:46.358+0000] {processor.py:154} INFO - Started process (PID=101) to work on /home/airflow/.local/lib/python3.7/site-packages/airflow/example_dags/example_branch_operator.py
[2022-11-29T06:27:46.361+0000] {processor.py:756} INFO - Processing file /home/airflow/.local/lib/python3.7/site-packages/airflow/example_dags/example_branch_operator.py for tasks to queue
[2022-11-29T06:27:46.363+0000] {logging_mixin.py:137} INFO - [2022-11-29T06:27:46.362+0000] {dagbag.py:537} INFO - Filling up the DagBag from /home/airflow/.local/lib/python3.7/site-packages/airflow/example_dags/example_branch_operator.py
[2022-11-29T06:27:46.392+0000] {processor.py:766} INFO - DAG(s) dict_keys(['example_branch_operator']) retrieved from /home/airflow/.local/lib/python3.7/site-packages/airflow/example_dags/example_branch_operator.py
[2022-11-29T06:27:46.462+0000] {logging_mixin.py:137} INFO - [2022-11-29T06:27:46.462+0000] {dag.py:2585} INFO - Sync 1 DAGs
[2022-11-29T06:27:46.549+0000] {logging_mixin.py:137} INFO - [2022-11-29T06:27:46.548+0000] {dag.py:3340} INFO - Setting next_dagrun for example_branch_operator to 2022-11-28T00:00:00+00:00, run_after=2022-11-29T00:00:00+00:00
[2022-11-29T06:27:46.640+0000] {processor.py:176} INFO - Processing /home/airflow/.local/lib/python3.7/site-packages/airflow/example_dags/example_branch_operator.py took 0.288 seconds
[2022-11-29T06:28:17.430+0000] {processor.py:154} INFO - Started process (PID=166) to work on /home/airflow/.local/lib/python3.7/site-packages/airflow/example_dags/example_branch_operator.py
[2022-11-29T06:28:17.432+0000] {processor.py:756} INFO - Processing file /home/airflow/.local/lib/python3.7/site-packages/airflow/example_dags/example_branch_operator.py for tasks to queue
[2022-11-29T06:28:17.434+0000] {logging_mixin.py:137} INFO - [2022-11-29T06:28:17.434+0000] {dagbag.py:537} INFO - Filling up the DagBag from /home/airflow/.local/lib/python3.7/site-packages/airflow/example_dags/example_branch_operator.py
[2022-11-29T06:28:17.469+0000] {processor.py:766} INFO - DAG(s) dict_keys(['example_branch_operator']) retrieved from /home/airflow/.local/lib/python3.7/site-packages/airflow/example_dags/example_branch_operator.py
[2022-11-29T06:28:17.551+0000] {logging_mixin.py:137} INFO - [2022-11-29T06:28:17.551+0000] {dag.py:2585} INFO - Sync 1 DAGs
[2022-11-29T06:28:17.593+0000] {logging_mixin.py:137} INFO - [2022-11-29T06:28:17.593+0000] {dag.py:3340} INFO - Setting next_dagrun for example_branch_operator to 2022-11-28T00:00:00+00:00, run_after=2022-11-29T00:00:00+00:00
[2022-11-29T06:28:17.623+0000] {processor.py:176} INFO - Processing /home/airflow/.local/lib/python3.7/site-packages/airflow/example_dags/example_branch_operator.py took 0.199 seconds
[2022-11-29T06:28:48.215+0000] {processor.py:154} INFO - Started process (PID=229) to work on /home/airflow/.local/lib/python3.7/site-packages/airflow/example_dags/example_branch_operator.py
[2022-11-29T06:28:48.218+0000] {processor.py:756} INFO - Processing file /home/airflow/.local/lib/python3.7/site-packages/airflow/example_dags/example_branch_operator.py for tasks to queue
[2022-11-29T06:28:48.220+0000] {logging_mixin.py:137} INFO - [2022-11-29T06:28:48.220+0000] {dagbag.py:537} INFO - Filling up the DagBag from /home/airflow/.local/lib/python3.7/site-packages/airflow/example_dags/example_branch_operator.py
[2022-11-29T06:28:48.247+0000] {processor.py:766} INFO - DAG(s) dict_keys(['example_branch_operator']) retrieved from /home/airflow/.local/lib/python3.7/site-packages/airflow/example_dags/example_branch_operator.py
[2022-11-29T06:28:48.326+0000] {logging_mixin.py:137} INFO - [2022-11-29T06:28:48.326+0000] {dag.py:2585} INFO - Sync 1 DAGs
[2022-11-29T06:28:48.370+0000] {logging_mixin.py:137} INFO - [2022-11-29T06:28:48.370+0000] {dag.py:3340} INFO - Setting next_dagrun for example_branch_operator to 2022-11-28T00:00:00+00:00, run_after=2022-11-29T00:00:00+00:00
[2022-11-29T06:28:48.400+0000] {processor.py:176} INFO - Processing /home/airflow/.local/lib/python3.7/site-packages/airflow/example_dags/example_branch_operator.py took 0.190 seconds
[2022-11-29T06:29:18.443+0000] {processor.py:154} INFO - Started process (PID=283) to work on /home/airflow/.local/lib/python3.7/site-packages/airflow/example_dags/example_branch_operator.py
[2022-11-29T06:29:18.445+0000] {processor.py:756} INFO - Processing file /home/airflow/.local/lib/python3.7/site-packages/airflow/example_dags/example_branch_operator.py for tasks to queue
[2022-11-29T06:29:18.447+0000] {logging_mixin.py:137} INFO - [2022-11-29T06:29:18.447+0000] {dagbag.py:537} INFO - Filling up the DagBag from /home/airflow/.local/lib/python3.7/site-packages/airflow/example_dags/example_branch_operator.py
[2022-11-29T06:29:18.473+0000] {processor.py:766} INFO - DAG(s) dict_keys(['example_branch_operator']) retrieved from /home/airflow/.local/lib/python3.7/site-packages/airflow/example_dags/example_branch_operator.py
[2022-11-29T06:29:18.537+0000] {logging_mixin.py:137} INFO - [2022-11-29T06:29:18.536+0000] {dag.py:2585} INFO - Sync 1 DAGs
[2022-11-29T06:29:18.576+0000] {logging_mixin.py:137} INFO - [2022-11-29T06:29:18.576+0000] {dag.py:3340} INFO - Setting next_dagrun for example_branch_operator to 2022-11-28T00:00:00+00:00, run_after=2022-11-29T00:00:00+00:00
[2022-11-29T06:29:18.604+0000] {processor.py:176} INFO - Processing /home/airflow/.local/lib/python3.7/site-packages/airflow/example_dags/example_branch_operator.py took 0.169 seconds
[2022-11-29T06:31:41.557+0000] {processor.py:154} INFO - Started process (PID=50) to work on /home/airflow/.local/lib/python3.7/site-packages/airflow/example_dags/example_branch_operator.py
[2022-11-29T06:31:41.559+0000] {processor.py:756} INFO - Processing file /home/airflow/.local/lib/python3.7/site-packages/airflow/example_dags/example_branch_operator.py for tasks to queue
[2022-11-29T06:31:41.570+0000] {logging_mixin.py:137} INFO - [2022-11-29T06:31:41.570+0000] {dagbag.py:537} INFO - Filling up the DagBag from /home/airflow/.local/lib/python3.7/site-packages/airflow/example_dags/example_branch_operator.py
[2022-11-29T06:31:41.629+0000] {processor.py:766} INFO - DAG(s) dict_keys(['example_branch_operator']) retrieved from /home/airflow/.local/lib/python3.7/site-packages/airflow/example_dags/example_branch_operator.py
[2022-11-29T06:31:41.726+0000] {logging_mixin.py:137} INFO - [2022-11-29T06:31:41.726+0000] {dag.py:2585} INFO - Sync 1 DAGs
[2022-11-29T06:31:41.800+0000] {logging_mixin.py:137} INFO - [2022-11-29T06:31:41.800+0000] {dag.py:3340} INFO - Setting next_dagrun for example_branch_operator to 2022-11-28T00:00:00+00:00, run_after=2022-11-29T00:00:00+00:00
[2022-11-29T06:31:41.902+0000] {processor.py:176} INFO - Processing /home/airflow/.local/lib/python3.7/site-packages/airflow/example_dags/example_branch_operator.py took 0.351 seconds
[2022-11-29T06:32:12.762+0000] {processor.py:154} INFO - Started process (PID=104) to work on /home/airflow/.local/lib/python3.7/site-packages/airflow/example_dags/example_branch_operator.py
[2022-11-29T06:32:12.773+0000] {processor.py:756} INFO - Processing file /home/airflow/.local/lib/python3.7/site-packages/airflow/example_dags/example_branch_operator.py for tasks to queue
[2022-11-29T06:32:12.775+0000] {logging_mixin.py:137} INFO - [2022-11-29T06:32:12.775+0000] {dagbag.py:537} INFO - Filling up the DagBag from /home/airflow/.local/lib/python3.7/site-packages/airflow/example_dags/example_branch_operator.py
[2022-11-29T06:32:12.864+0000] {processor.py:766} INFO - DAG(s) dict_keys(['example_branch_operator']) retrieved from /home/airflow/.local/lib/python3.7/site-packages/airflow/example_dags/example_branch_operator.py
[2022-11-29T06:32:12.957+0000] {logging_mixin.py:137} INFO - [2022-11-29T06:32:12.957+0000] {dag.py:2585} INFO - Sync 1 DAGs
[2022-11-29T06:32:13.007+0000] {logging_mixin.py:137} INFO - [2022-11-29T06:32:13.007+0000] {dag.py:3340} INFO - Setting next_dagrun for example_branch_operator to 2022-11-28T00:00:00+00:00, run_after=2022-11-29T00:00:00+00:00
[2022-11-29T06:32:13.048+0000] {processor.py:176} INFO - Processing /home/airflow/.local/lib/python3.7/site-packages/airflow/example_dags/example_branch_operator.py took 0.292 seconds
[2022-11-29T06:32:43.568+0000] {processor.py:154} INFO - Started process (PID=167) to work on /home/airflow/.local/lib/python3.7/site-packages/airflow/example_dags/example_branch_operator.py
[2022-11-29T06:32:43.574+0000] {processor.py:756} INFO - Processing file /home/airflow/.local/lib/python3.7/site-packages/airflow/example_dags/example_branch_operator.py for tasks to queue
[2022-11-29T06:32:43.576+0000] {logging_mixin.py:137} INFO - [2022-11-29T06:32:43.576+0000] {dagbag.py:537} INFO - Filling up the DagBag from /home/airflow/.local/lib/python3.7/site-packages/airflow/example_dags/example_branch_operator.py
[2022-11-29T06:32:43.610+0000] {processor.py:766} INFO - DAG(s) dict_keys(['example_branch_operator']) retrieved from /home/airflow/.local/lib/python3.7/site-packages/airflow/example_dags/example_branch_operator.py
[2022-11-29T06:32:43.672+0000] {logging_mixin.py:137} INFO - [2022-11-29T06:32:43.672+0000] {dag.py:2585} INFO - Sync 1 DAGs
[2022-11-29T06:32:43.709+0000] {logging_mixin.py:137} INFO - [2022-11-29T06:32:43.709+0000] {dag.py:3340} INFO - Setting next_dagrun for example_branch_operator to 2022-11-28T00:00:00+00:00, run_after=2022-11-29T00:00:00+00:00
[2022-11-29T06:32:43.741+0000] {processor.py:176} INFO - Processing /home/airflow/.local/lib/python3.7/site-packages/airflow/example_dags/example_branch_operator.py took 0.178 seconds
[2022-11-29T06:33:14.537+0000] {processor.py:154} INFO - Started process (PID=230) to work on /home/airflow/.local/lib/python3.7/site-packages/airflow/example_dags/example_branch_operator.py
[2022-11-29T06:33:14.539+0000] {processor.py:756} INFO - Processing file /home/airflow/.local/lib/python3.7/site-packages/airflow/example_dags/example_branch_operator.py for tasks to queue
[2022-11-29T06:33:14.540+0000] {logging_mixin.py:137} INFO - [2022-11-29T06:33:14.540+0000] {dagbag.py:537} INFO - Filling up the DagBag from /home/airflow/.local/lib/python3.7/site-packages/airflow/example_dags/example_branch_operator.py
[2022-11-29T06:33:14.567+0000] {processor.py:766} INFO - DAG(s) dict_keys(['example_branch_operator']) retrieved from /home/airflow/.local/lib/python3.7/site-packages/airflow/example_dags/example_branch_operator.py
[2022-11-29T06:33:14.629+0000] {logging_mixin.py:137} INFO - [2022-11-29T06:33:14.629+0000] {dag.py:2585} INFO - Sync 1 DAGs
[2022-11-29T06:33:14.667+0000] {logging_mixin.py:137} INFO - [2022-11-29T06:33:14.667+0000] {dag.py:3340} INFO - Setting next_dagrun for example_branch_operator to 2022-11-28T00:00:00+00:00, run_after=2022-11-29T00:00:00+00:00
[2022-11-29T06:33:14.694+0000] {processor.py:176} INFO - Processing /home/airflow/.local/lib/python3.7/site-packages/airflow/example_dags/example_branch_operator.py took 0.163 seconds
[2022-11-29T06:33:45.051+0000] {processor.py:154} INFO - Started process (PID=285) to work on /home/airflow/.local/lib/python3.7/site-packages/airflow/example_dags/example_branch_operator.py
[2022-11-29T06:33:45.054+0000] {processor.py:756} INFO - Processing file /home/airflow/.local/lib/python3.7/site-packages/airflow/example_dags/example_branch_operator.py for tasks to queue
[2022-11-29T06:33:45.058+0000] {logging_mixin.py:137} INFO - [2022-11-29T06:33:45.058+0000] {dagbag.py:537} INFO - Filling up the DagBag from /home/airflow/.local/lib/python3.7/site-packages/airflow/example_dags/example_branch_operator.py
[2022-11-29T06:33:45.088+0000] {processor.py:766} INFO - DAG(s) dict_keys(['example_branch_operator']) retrieved from /home/airflow/.local/lib/python3.7/site-packages/airflow/example_dags/example_branch_operator.py
[2022-11-29T06:33:45.156+0000] {logging_mixin.py:137} INFO - [2022-11-29T06:33:45.156+0000] {dag.py:2585} INFO - Sync 1 DAGs
[2022-11-29T06:33:45.205+0000] {logging_mixin.py:137} INFO - [2022-11-29T06:33:45.205+0000] {dag.py:3340} INFO - Setting next_dagrun for example_branch_operator to 2022-11-28T00:00:00+00:00, run_after=2022-11-29T00:00:00+00:00
[2022-11-29T06:33:45.236+0000] {processor.py:176} INFO - Processing /home/airflow/.local/lib/python3.7/site-packages/airflow/example_dags/example_branch_operator.py took 0.195 seconds
[2022-11-29T06:52:55.535+0000] {processor.py:154} INFO - Started process (PID=51) to work on /home/airflow/.local/lib/python3.7/site-packages/airflow/example_dags/example_branch_operator.py
[2022-11-29T06:52:55.537+0000] {processor.py:756} INFO - Processing file /home/airflow/.local/lib/python3.7/site-packages/airflow/example_dags/example_branch_operator.py for tasks to queue
[2022-11-29T06:52:55.539+0000] {logging_mixin.py:137} INFO - [2022-11-29T06:52:55.539+0000] {dagbag.py:537} INFO - Filling up the DagBag from /home/airflow/.local/lib/python3.7/site-packages/airflow/example_dags/example_branch_operator.py
[2022-11-29T06:52:55.568+0000] {processor.py:766} INFO - DAG(s) dict_keys(['example_branch_operator']) retrieved from /home/airflow/.local/lib/python3.7/site-packages/airflow/example_dags/example_branch_operator.py
[2022-11-29T06:52:55.616+0000] {logging_mixin.py:137} INFO - [2022-11-29T06:52:55.616+0000] {dag.py:2585} INFO - Sync 1 DAGs
[2022-11-29T06:52:55.664+0000] {logging_mixin.py:137} INFO - [2022-11-29T06:52:55.664+0000] {dag.py:3340} INFO - Setting next_dagrun for example_branch_operator to 2022-11-28T00:00:00+00:00, run_after=2022-11-29T00:00:00+00:00
[2022-11-29T06:52:55.694+0000] {processor.py:176} INFO - Processing /home/airflow/.local/lib/python3.7/site-packages/airflow/example_dags/example_branch_operator.py took 0.163 seconds
[2022-11-29T06:53:25.828+0000] {processor.py:154} INFO - Started process (PID=106) to work on /home/airflow/.local/lib/python3.7/site-packages/airflow/example_dags/example_branch_operator.py
[2022-11-29T06:53:25.830+0000] {processor.py:756} INFO - Processing file /home/airflow/.local/lib/python3.7/site-packages/airflow/example_dags/example_branch_operator.py for tasks to queue
[2022-11-29T06:53:25.831+0000] {logging_mixin.py:137} INFO - [2022-11-29T06:53:25.831+0000] {dagbag.py:537} INFO - Filling up the DagBag from /home/airflow/.local/lib/python3.7/site-packages/airflow/example_dags/example_branch_operator.py
[2022-11-29T06:53:25.860+0000] {processor.py:766} INFO - DAG(s) dict_keys(['example_branch_operator']) retrieved from /home/airflow/.local/lib/python3.7/site-packages/airflow/example_dags/example_branch_operator.py
[2022-11-29T06:53:25.924+0000] {logging_mixin.py:137} INFO - [2022-11-29T06:53:25.923+0000] {dag.py:2585} INFO - Sync 1 DAGs
[2022-11-29T06:53:25.960+0000] {logging_mixin.py:137} INFO - [2022-11-29T06:53:25.960+0000] {dag.py:3340} INFO - Setting next_dagrun for example_branch_operator to 2022-11-28T00:00:00+00:00, run_after=2022-11-29T00:00:00+00:00
[2022-11-29T06:53:25.989+0000] {processor.py:176} INFO - Processing /home/airflow/.local/lib/python3.7/site-packages/airflow/example_dags/example_branch_operator.py took 0.167 seconds
[2022-11-29T06:53:56.994+0000] {processor.py:154} INFO - Started process (PID=171) to work on /home/airflow/.local/lib/python3.7/site-packages/airflow/example_dags/example_branch_operator.py
[2022-11-29T06:53:56.996+0000] {processor.py:756} INFO - Processing file /home/airflow/.local/lib/python3.7/site-packages/airflow/example_dags/example_branch_operator.py for tasks to queue
[2022-11-29T06:53:56.998+0000] {logging_mixin.py:137} INFO - [2022-11-29T06:53:56.998+0000] {dagbag.py:537} INFO - Filling up the DagBag from /home/airflow/.local/lib/python3.7/site-packages/airflow/example_dags/example_branch_operator.py
[2022-11-29T06:53:57.037+0000] {processor.py:766} INFO - DAG(s) dict_keys(['example_branch_operator']) retrieved from /home/airflow/.local/lib/python3.7/site-packages/airflow/example_dags/example_branch_operator.py
[2022-11-29T06:53:57.133+0000] {logging_mixin.py:137} INFO - [2022-11-29T06:53:57.132+0000] {dag.py:2585} INFO - Sync 1 DAGs
[2022-11-29T06:53:57.180+0000] {logging_mixin.py:137} INFO - [2022-11-29T06:53:57.180+0000] {dag.py:3340} INFO - Setting next_dagrun for example_branch_operator to 2022-11-28T00:00:00+00:00, run_after=2022-11-29T00:00:00+00:00
[2022-11-29T06:53:57.211+0000] {processor.py:176} INFO - Processing /home/airflow/.local/lib/python3.7/site-packages/airflow/example_dags/example_branch_operator.py took 0.222 seconds
[2022-11-29T06:54:27.753+0000] {processor.py:154} INFO - Started process (PID=225) to work on /home/airflow/.local/lib/python3.7/site-packages/airflow/example_dags/example_branch_operator.py
[2022-11-29T06:54:27.755+0000] {processor.py:756} INFO - Processing file /home/airflow/.local/lib/python3.7/site-packages/airflow/example_dags/example_branch_operator.py for tasks to queue
[2022-11-29T06:54:27.758+0000] {logging_mixin.py:137} INFO - [2022-11-29T06:54:27.758+0000] {dagbag.py:537} INFO - Filling up the DagBag from /home/airflow/.local/lib/python3.7/site-packages/airflow/example_dags/example_branch_operator.py
[2022-11-29T06:54:27.801+0000] {processor.py:766} INFO - DAG(s) dict_keys(['example_branch_operator']) retrieved from /home/airflow/.local/lib/python3.7/site-packages/airflow/example_dags/example_branch_operator.py
[2022-11-29T06:54:27.894+0000] {logging_mixin.py:137} INFO - [2022-11-29T06:54:27.894+0000] {dag.py:2585} INFO - Sync 1 DAGs
[2022-11-29T06:54:27.934+0000] {logging_mixin.py:137} INFO - [2022-11-29T06:54:27.934+0000] {dag.py:3340} INFO - Setting next_dagrun for example_branch_operator to 2022-11-28T00:00:00+00:00, run_after=2022-11-29T00:00:00+00:00
[2022-11-29T06:54:27.961+0000] {processor.py:176} INFO - Processing /home/airflow/.local/lib/python3.7/site-packages/airflow/example_dags/example_branch_operator.py took 0.213 seconds
[2022-11-29T06:54:58.586+0000] {processor.py:154} INFO - Started process (PID=288) to work on /home/airflow/.local/lib/python3.7/site-packages/airflow/example_dags/example_branch_operator.py
[2022-11-29T06:54:58.588+0000] {processor.py:756} INFO - Processing file /home/airflow/.local/lib/python3.7/site-packages/airflow/example_dags/example_branch_operator.py for tasks to queue
[2022-11-29T06:54:58.589+0000] {logging_mixin.py:137} INFO - [2022-11-29T06:54:58.589+0000] {dagbag.py:537} INFO - Filling up the DagBag from /home/airflow/.local/lib/python3.7/site-packages/airflow/example_dags/example_branch_operator.py
[2022-11-29T06:54:58.618+0000] {processor.py:766} INFO - DAG(s) dict_keys(['example_branch_operator']) retrieved from /home/airflow/.local/lib/python3.7/site-packages/airflow/example_dags/example_branch_operator.py
[2022-11-29T06:54:58.678+0000] {logging_mixin.py:137} INFO - [2022-11-29T06:54:58.678+0000] {dag.py:2585} INFO - Sync 1 DAGs
[2022-11-29T06:54:58.716+0000] {logging_mixin.py:137} INFO - [2022-11-29T06:54:58.716+0000] {dag.py:3340} INFO - Setting next_dagrun for example_branch_operator to 2022-11-28T00:00:00+00:00, run_after=2022-11-29T00:00:00+00:00
[2022-11-29T06:54:58.746+0000] {processor.py:176} INFO - Processing /home/airflow/.local/lib/python3.7/site-packages/airflow/example_dags/example_branch_operator.py took 0.164 seconds
[2022-11-29T06:55:29.274+0000] {processor.py:154} INFO - Started process (PID=350) to work on /home/airflow/.local/lib/python3.7/site-packages/airflow/example_dags/example_branch_operator.py
[2022-11-29T06:55:29.279+0000] {processor.py:756} INFO - Processing file /home/airflow/.local/lib/python3.7/site-packages/airflow/example_dags/example_branch_operator.py for tasks to queue
[2022-11-29T06:55:29.282+0000] {logging_mixin.py:137} INFO - [2022-11-29T06:55:29.281+0000] {dagbag.py:537} INFO - Filling up the DagBag from /home/airflow/.local/lib/python3.7/site-packages/airflow/example_dags/example_branch_operator.py
[2022-11-29T06:55:29.320+0000] {processor.py:766} INFO - DAG(s) dict_keys(['example_branch_operator']) retrieved from /home/airflow/.local/lib/python3.7/site-packages/airflow/example_dags/example_branch_operator.py
[2022-11-29T06:55:29.413+0000] {logging_mixin.py:137} INFO - [2022-11-29T06:55:29.413+0000] {dag.py:2585} INFO - Sync 1 DAGs
[2022-11-29T06:55:29.461+0000] {logging_mixin.py:137} INFO - [2022-11-29T06:55:29.461+0000] {dag.py:3340} INFO - Setting next_dagrun for example_branch_operator to 2022-11-28T00:00:00+00:00, run_after=2022-11-29T00:00:00+00:00
[2022-11-29T06:55:29.493+0000] {processor.py:176} INFO - Processing /home/airflow/.local/lib/python3.7/site-packages/airflow/example_dags/example_branch_operator.py took 0.225 seconds
[2022-11-29T06:55:59.897+0000] {processor.py:154} INFO - Started process (PID=404) to work on /home/airflow/.local/lib/python3.7/site-packages/airflow/example_dags/example_branch_operator.py
[2022-11-29T06:55:59.899+0000] {processor.py:756} INFO - Processing file /home/airflow/.local/lib/python3.7/site-packages/airflow/example_dags/example_branch_operator.py for tasks to queue
[2022-11-29T06:55:59.901+0000] {logging_mixin.py:137} INFO - [2022-11-29T06:55:59.900+0000] {dagbag.py:537} INFO - Filling up the DagBag from /home/airflow/.local/lib/python3.7/site-packages/airflow/example_dags/example_branch_operator.py
[2022-11-29T06:55:59.937+0000] {processor.py:766} INFO - DAG(s) dict_keys(['example_branch_operator']) retrieved from /home/airflow/.local/lib/python3.7/site-packages/airflow/example_dags/example_branch_operator.py
[2022-11-29T06:56:00.001+0000] {logging_mixin.py:137} INFO - [2022-11-29T06:56:00.001+0000] {dag.py:2585} INFO - Sync 1 DAGs
[2022-11-29T06:56:00.044+0000] {logging_mixin.py:137} INFO - [2022-11-29T06:56:00.044+0000] {dag.py:3340} INFO - Setting next_dagrun for example_branch_operator to 2022-11-28T00:00:00+00:00, run_after=2022-11-29T00:00:00+00:00
[2022-11-29T06:56:00.071+0000] {processor.py:176} INFO - Processing /home/airflow/.local/lib/python3.7/site-packages/airflow/example_dags/example_branch_operator.py took 0.180 seconds
[2022-11-29T07:01:49.464+0000] {processor.py:154} INFO - Started process (PID=49) to work on /home/airflow/.local/lib/python3.7/site-packages/airflow/example_dags/example_branch_operator.py
[2022-11-29T07:01:49.470+0000] {processor.py:756} INFO - Processing file /home/airflow/.local/lib/python3.7/site-packages/airflow/example_dags/example_branch_operator.py for tasks to queue
[2022-11-29T07:01:49.473+0000] {logging_mixin.py:137} INFO - [2022-11-29T07:01:49.473+0000] {dagbag.py:537} INFO - Filling up the DagBag from /home/airflow/.local/lib/python3.7/site-packages/airflow/example_dags/example_branch_operator.py
[2022-11-29T07:01:49.529+0000] {processor.py:766} INFO - DAG(s) dict_keys(['example_branch_operator']) retrieved from /home/airflow/.local/lib/python3.7/site-packages/airflow/example_dags/example_branch_operator.py
[2022-11-29T07:01:49.605+0000] {logging_mixin.py:137} INFO - [2022-11-29T07:01:49.605+0000] {dag.py:2585} INFO - Sync 1 DAGs
[2022-11-29T07:01:49.675+0000] {logging_mixin.py:137} INFO - [2022-11-29T07:01:49.675+0000] {dag.py:3340} INFO - Setting next_dagrun for example_branch_operator to 2022-11-28T00:00:00+00:00, run_after=2022-11-29T00:00:00+00:00
[2022-11-29T07:01:49.731+0000] {processor.py:176} INFO - Processing /home/airflow/.local/lib/python3.7/site-packages/airflow/example_dags/example_branch_operator.py took 0.285 seconds
[2022-11-29T07:02:20.471+0000] {processor.py:154} INFO - Started process (PID=103) to work on /home/airflow/.local/lib/python3.7/site-packages/airflow/example_dags/example_branch_operator.py
[2022-11-29T07:02:20.473+0000] {processor.py:756} INFO - Processing file /home/airflow/.local/lib/python3.7/site-packages/airflow/example_dags/example_branch_operator.py for tasks to queue
[2022-11-29T07:02:20.475+0000] {logging_mixin.py:137} INFO - [2022-11-29T07:02:20.475+0000] {dagbag.py:537} INFO - Filling up the DagBag from /home/airflow/.local/lib/python3.7/site-packages/airflow/example_dags/example_branch_operator.py
[2022-11-29T07:02:20.511+0000] {processor.py:766} INFO - DAG(s) dict_keys(['example_branch_operator']) retrieved from /home/airflow/.local/lib/python3.7/site-packages/airflow/example_dags/example_branch_operator.py
[2022-11-29T07:02:20.582+0000] {logging_mixin.py:137} INFO - [2022-11-29T07:02:20.582+0000] {dag.py:2585} INFO - Sync 1 DAGs
[2022-11-29T07:02:20.623+0000] {logging_mixin.py:137} INFO - [2022-11-29T07:02:20.623+0000] {dag.py:3340} INFO - Setting next_dagrun for example_branch_operator to 2022-11-28T00:00:00+00:00, run_after=2022-11-29T00:00:00+00:00
[2022-11-29T07:02:20.669+0000] {processor.py:176} INFO - Processing /home/airflow/.local/lib/python3.7/site-packages/airflow/example_dags/example_branch_operator.py took 0.204 seconds
[2022-11-29T07:02:51.034+0000] {processor.py:154} INFO - Started process (PID=167) to work on /home/airflow/.local/lib/python3.7/site-packages/airflow/example_dags/example_branch_operator.py
[2022-11-29T07:02:51.037+0000] {processor.py:756} INFO - Processing file /home/airflow/.local/lib/python3.7/site-packages/airflow/example_dags/example_branch_operator.py for tasks to queue
[2022-11-29T07:02:51.039+0000] {logging_mixin.py:137} INFO - [2022-11-29T07:02:51.039+0000] {dagbag.py:537} INFO - Filling up the DagBag from /home/airflow/.local/lib/python3.7/site-packages/airflow/example_dags/example_branch_operator.py
[2022-11-29T07:02:51.069+0000] {processor.py:766} INFO - DAG(s) dict_keys(['example_branch_operator']) retrieved from /home/airflow/.local/lib/python3.7/site-packages/airflow/example_dags/example_branch_operator.py
[2022-11-29T07:02:51.130+0000] {logging_mixin.py:137} INFO - [2022-11-29T07:02:51.130+0000] {dag.py:2585} INFO - Sync 1 DAGs
[2022-11-29T07:02:51.164+0000] {logging_mixin.py:137} INFO - [2022-11-29T07:02:51.164+0000] {dag.py:3340} INFO - Setting next_dagrun for example_branch_operator to 2022-11-28T00:00:00+00:00, run_after=2022-11-29T00:00:00+00:00
[2022-11-29T07:02:51.189+0000] {processor.py:176} INFO - Processing /home/airflow/.local/lib/python3.7/site-packages/airflow/example_dags/example_branch_operator.py took 0.160 seconds
[2022-11-29T07:03:21.729+0000] {processor.py:154} INFO - Started process (PID=230) to work on /home/airflow/.local/lib/python3.7/site-packages/airflow/example_dags/example_branch_operator.py
[2022-11-29T07:03:21.731+0000] {processor.py:756} INFO - Processing file /home/airflow/.local/lib/python3.7/site-packages/airflow/example_dags/example_branch_operator.py for tasks to queue
[2022-11-29T07:03:21.732+0000] {logging_mixin.py:137} INFO - [2022-11-29T07:03:21.732+0000] {dagbag.py:537} INFO - Filling up the DagBag from /home/airflow/.local/lib/python3.7/site-packages/airflow/example_dags/example_branch_operator.py
[2022-11-29T07:03:21.761+0000] {processor.py:766} INFO - DAG(s) dict_keys(['example_branch_operator']) retrieved from /home/airflow/.local/lib/python3.7/site-packages/airflow/example_dags/example_branch_operator.py
[2022-11-29T07:03:21.818+0000] {logging_mixin.py:137} INFO - [2022-11-29T07:03:21.817+0000] {dag.py:2585} INFO - Sync 1 DAGs
[2022-11-29T07:03:21.849+0000] {logging_mixin.py:137} INFO - [2022-11-29T07:03:21.848+0000] {dag.py:3340} INFO - Setting next_dagrun for example_branch_operator to 2022-11-28T00:00:00+00:00, run_after=2022-11-29T00:00:00+00:00
[2022-11-29T07:03:21.873+0000] {processor.py:176} INFO - Processing /home/airflow/.local/lib/python3.7/site-packages/airflow/example_dags/example_branch_operator.py took 0.170 seconds
[2022-11-29T07:03:52.462+0000] {processor.py:154} INFO - Started process (PID=284) to work on /home/airflow/.local/lib/python3.7/site-packages/airflow/example_dags/example_branch_operator.py
[2022-11-29T07:03:52.465+0000] {processor.py:756} INFO - Processing file /home/airflow/.local/lib/python3.7/site-packages/airflow/example_dags/example_branch_operator.py for tasks to queue
[2022-11-29T07:03:52.467+0000] {logging_mixin.py:137} INFO - [2022-11-29T07:03:52.466+0000] {dagbag.py:537} INFO - Filling up the DagBag from /home/airflow/.local/lib/python3.7/site-packages/airflow/example_dags/example_branch_operator.py
[2022-11-29T07:03:52.496+0000] {processor.py:766} INFO - DAG(s) dict_keys(['example_branch_operator']) retrieved from /home/airflow/.local/lib/python3.7/site-packages/airflow/example_dags/example_branch_operator.py
[2022-11-29T07:03:52.558+0000] {logging_mixin.py:137} INFO - [2022-11-29T07:03:52.558+0000] {dag.py:2585} INFO - Sync 1 DAGs
[2022-11-29T07:03:52.603+0000] {logging_mixin.py:137} INFO - [2022-11-29T07:03:52.603+0000] {dag.py:3340} INFO - Setting next_dagrun for example_branch_operator to 2022-11-28T00:00:00+00:00, run_after=2022-11-29T00:00:00+00:00
[2022-11-29T07:03:52.637+0000] {processor.py:176} INFO - Processing /home/airflow/.local/lib/python3.7/site-packages/airflow/example_dags/example_branch_operator.py took 0.181 seconds
[2022-11-29T07:04:48.666+0000] {processor.py:154} INFO - Started process (PID=49) to work on /home/airflow/.local/lib/python3.7/site-packages/airflow/example_dags/example_branch_operator.py
[2022-11-29T07:04:48.668+0000] {processor.py:756} INFO - Processing file /home/airflow/.local/lib/python3.7/site-packages/airflow/example_dags/example_branch_operator.py for tasks to queue
[2022-11-29T07:04:48.670+0000] {logging_mixin.py:137} INFO - [2022-11-29T07:04:48.670+0000] {dagbag.py:537} INFO - Filling up the DagBag from /home/airflow/.local/lib/python3.7/site-packages/airflow/example_dags/example_branch_operator.py
[2022-11-29T07:04:48.703+0000] {processor.py:766} INFO - DAG(s) dict_keys(['example_branch_operator']) retrieved from /home/airflow/.local/lib/python3.7/site-packages/airflow/example_dags/example_branch_operator.py
[2022-11-29T07:04:48.745+0000] {logging_mixin.py:137} INFO - [2022-11-29T07:04:48.745+0000] {dag.py:2585} INFO - Sync 1 DAGs
[2022-11-29T07:04:48.788+0000] {logging_mixin.py:137} INFO - [2022-11-29T07:04:48.788+0000] {dag.py:3340} INFO - Setting next_dagrun for example_branch_operator to 2022-11-28T00:00:00+00:00, run_after=2022-11-29T00:00:00+00:00
[2022-11-29T07:04:48.816+0000] {processor.py:176} INFO - Processing /home/airflow/.local/lib/python3.7/site-packages/airflow/example_dags/example_branch_operator.py took 0.156 seconds
[2022-11-29T07:05:58.377+0000] {processor.py:154} INFO - Started process (PID=49) to work on /home/airflow/.local/lib/python3.7/site-packages/airflow/example_dags/example_branch_operator.py
[2022-11-29T07:05:58.381+0000] {processor.py:756} INFO - Processing file /home/airflow/.local/lib/python3.7/site-packages/airflow/example_dags/example_branch_operator.py for tasks to queue
[2022-11-29T07:05:58.383+0000] {logging_mixin.py:137} INFO - [2022-11-29T07:05:58.383+0000] {dagbag.py:537} INFO - Filling up the DagBag from /home/airflow/.local/lib/python3.7/site-packages/airflow/example_dags/example_branch_operator.py
[2022-11-29T07:05:58.459+0000] {processor.py:766} INFO - DAG(s) dict_keys(['example_branch_operator']) retrieved from /home/airflow/.local/lib/python3.7/site-packages/airflow/example_dags/example_branch_operator.py
[2022-11-29T07:05:58.529+0000] {logging_mixin.py:137} INFO - [2022-11-29T07:05:58.529+0000] {dag.py:2585} INFO - Sync 1 DAGs
[2022-11-29T07:05:58.578+0000] {logging_mixin.py:137} INFO - [2022-11-29T07:05:58.578+0000] {dag.py:3340} INFO - Setting next_dagrun for example_branch_operator to 2022-11-28T00:00:00+00:00, run_after=2022-11-29T00:00:00+00:00
[2022-11-29T07:05:58.612+0000] {processor.py:176} INFO - Processing /home/airflow/.local/lib/python3.7/site-packages/airflow/example_dags/example_branch_operator.py took 0.249 seconds
[2022-11-29T07:06:29.166+0000] {processor.py:154} INFO - Started process (PID=103) to work on /home/airflow/.local/lib/python3.7/site-packages/airflow/example_dags/example_branch_operator.py
[2022-11-29T07:06:29.168+0000] {processor.py:756} INFO - Processing file /home/airflow/.local/lib/python3.7/site-packages/airflow/example_dags/example_branch_operator.py for tasks to queue
[2022-11-29T07:06:29.169+0000] {logging_mixin.py:137} INFO - [2022-11-29T07:06:29.169+0000] {dagbag.py:537} INFO - Filling up the DagBag from /home/airflow/.local/lib/python3.7/site-packages/airflow/example_dags/example_branch_operator.py
[2022-11-29T07:06:29.198+0000] {processor.py:766} INFO - DAG(s) dict_keys(['example_branch_operator']) retrieved from /home/airflow/.local/lib/python3.7/site-packages/airflow/example_dags/example_branch_operator.py
[2022-11-29T07:06:29.265+0000] {logging_mixin.py:137} INFO - [2022-11-29T07:06:29.265+0000] {dag.py:2585} INFO - Sync 1 DAGs
[2022-11-29T07:06:29.301+0000] {logging_mixin.py:137} INFO - [2022-11-29T07:06:29.301+0000] {dag.py:3340} INFO - Setting next_dagrun for example_branch_operator to 2022-11-28T00:00:00+00:00, run_after=2022-11-29T00:00:00+00:00
[2022-11-29T07:06:29.328+0000] {processor.py:176} INFO - Processing /home/airflow/.local/lib/python3.7/site-packages/airflow/example_dags/example_branch_operator.py took 0.169 seconds
[2022-11-29T07:06:59.693+0000] {processor.py:154} INFO - Started process (PID=167) to work on /home/airflow/.local/lib/python3.7/site-packages/airflow/example_dags/example_branch_operator.py
[2022-11-29T07:06:59.694+0000] {processor.py:756} INFO - Processing file /home/airflow/.local/lib/python3.7/site-packages/airflow/example_dags/example_branch_operator.py for tasks to queue
[2022-11-29T07:06:59.696+0000] {logging_mixin.py:137} INFO - [2022-11-29T07:06:59.696+0000] {dagbag.py:537} INFO - Filling up the DagBag from /home/airflow/.local/lib/python3.7/site-packages/airflow/example_dags/example_branch_operator.py
[2022-11-29T07:06:59.725+0000] {processor.py:766} INFO - DAG(s) dict_keys(['example_branch_operator']) retrieved from /home/airflow/.local/lib/python3.7/site-packages/airflow/example_dags/example_branch_operator.py
[2022-11-29T07:06:59.789+0000] {logging_mixin.py:137} INFO - [2022-11-29T07:06:59.789+0000] {dag.py:2585} INFO - Sync 1 DAGs
[2022-11-29T07:06:59.830+0000] {logging_mixin.py:137} INFO - [2022-11-29T07:06:59.830+0000] {dag.py:3340} INFO - Setting next_dagrun for example_branch_operator to 2022-11-28T00:00:00+00:00, run_after=2022-11-29T00:00:00+00:00
[2022-11-29T07:06:59.856+0000] {processor.py:176} INFO - Processing /home/airflow/.local/lib/python3.7/site-packages/airflow/example_dags/example_branch_operator.py took 0.168 seconds
[2022-11-29T07:07:30.426+0000] {processor.py:154} INFO - Started process (PID=230) to work on /home/airflow/.local/lib/python3.7/site-packages/airflow/example_dags/example_branch_operator.py
[2022-11-29T07:07:30.427+0000] {processor.py:756} INFO - Processing file /home/airflow/.local/lib/python3.7/site-packages/airflow/example_dags/example_branch_operator.py for tasks to queue
[2022-11-29T07:07:30.429+0000] {logging_mixin.py:137} INFO - [2022-11-29T07:07:30.429+0000] {dagbag.py:537} INFO - Filling up the DagBag from /home/airflow/.local/lib/python3.7/site-packages/airflow/example_dags/example_branch_operator.py
[2022-11-29T07:07:30.460+0000] {processor.py:766} INFO - DAG(s) dict_keys(['example_branch_operator']) retrieved from /home/airflow/.local/lib/python3.7/site-packages/airflow/example_dags/example_branch_operator.py
[2022-11-29T07:07:30.525+0000] {logging_mixin.py:137} INFO - [2022-11-29T07:07:30.525+0000] {dag.py:2585} INFO - Sync 1 DAGs
[2022-11-29T07:07:30.568+0000] {logging_mixin.py:137} INFO - [2022-11-29T07:07:30.568+0000] {dag.py:3340} INFO - Setting next_dagrun for example_branch_operator to 2022-11-28T00:00:00+00:00, run_after=2022-11-29T00:00:00+00:00
[2022-11-29T07:07:30.599+0000] {processor.py:176} INFO - Processing /home/airflow/.local/lib/python3.7/site-packages/airflow/example_dags/example_branch_operator.py took 0.178 seconds
[2022-11-29T07:08:01.141+0000] {processor.py:154} INFO - Started process (PID=286) to work on /home/airflow/.local/lib/python3.7/site-packages/airflow/example_dags/example_branch_operator.py
[2022-11-29T07:08:01.142+0000] {processor.py:756} INFO - Processing file /home/airflow/.local/lib/python3.7/site-packages/airflow/example_dags/example_branch_operator.py for tasks to queue
[2022-11-29T07:08:01.144+0000] {logging_mixin.py:137} INFO - [2022-11-29T07:08:01.143+0000] {dagbag.py:537} INFO - Filling up the DagBag from /home/airflow/.local/lib/python3.7/site-packages/airflow/example_dags/example_branch_operator.py
[2022-11-29T07:08:01.167+0000] {processor.py:766} INFO - DAG(s) dict_keys(['example_branch_operator']) retrieved from /home/airflow/.local/lib/python3.7/site-packages/airflow/example_dags/example_branch_operator.py
[2022-11-29T07:08:01.224+0000] {logging_mixin.py:137} INFO - [2022-11-29T07:08:01.224+0000] {dag.py:2585} INFO - Sync 1 DAGs
[2022-11-29T07:08:01.261+0000] {logging_mixin.py:137} INFO - [2022-11-29T07:08:01.261+0000] {dag.py:3340} INFO - Setting next_dagrun for example_branch_operator to 2022-11-28T00:00:00+00:00, run_after=2022-11-29T00:00:00+00:00
[2022-11-29T07:08:01.291+0000] {processor.py:176} INFO - Processing /home/airflow/.local/lib/python3.7/site-packages/airflow/example_dags/example_branch_operator.py took 0.156 seconds
[2022-11-29T07:08:32.218+0000] {processor.py:154} INFO - Started process (PID=349) to work on /home/airflow/.local/lib/python3.7/site-packages/airflow/example_dags/example_branch_operator.py
[2022-11-29T07:08:32.220+0000] {processor.py:756} INFO - Processing file /home/airflow/.local/lib/python3.7/site-packages/airflow/example_dags/example_branch_operator.py for tasks to queue
[2022-11-29T07:08:32.221+0000] {logging_mixin.py:137} INFO - [2022-11-29T07:08:32.221+0000] {dagbag.py:537} INFO - Filling up the DagBag from /home/airflow/.local/lib/python3.7/site-packages/airflow/example_dags/example_branch_operator.py
[2022-11-29T07:08:32.248+0000] {processor.py:766} INFO - DAG(s) dict_keys(['example_branch_operator']) retrieved from /home/airflow/.local/lib/python3.7/site-packages/airflow/example_dags/example_branch_operator.py
[2022-11-29T07:08:32.322+0000] {logging_mixin.py:137} INFO - [2022-11-29T07:08:32.322+0000] {dag.py:2585} INFO - Sync 1 DAGs
[2022-11-29T07:08:32.369+0000] {logging_mixin.py:137} INFO - [2022-11-29T07:08:32.369+0000] {dag.py:3340} INFO - Setting next_dagrun for example_branch_operator to 2022-11-28T00:00:00+00:00, run_after=2022-11-29T00:00:00+00:00
[2022-11-29T07:08:32.403+0000] {processor.py:176} INFO - Processing /home/airflow/.local/lib/python3.7/site-packages/airflow/example_dags/example_branch_operator.py took 0.190 seconds
[2022-11-29T07:09:03.216+0000] {processor.py:154} INFO - Started process (PID=412) to work on /home/airflow/.local/lib/python3.7/site-packages/airflow/example_dags/example_branch_operator.py
[2022-11-29T07:09:03.218+0000] {processor.py:756} INFO - Processing file /home/airflow/.local/lib/python3.7/site-packages/airflow/example_dags/example_branch_operator.py for tasks to queue
[2022-11-29T07:09:03.219+0000] {logging_mixin.py:137} INFO - [2022-11-29T07:09:03.219+0000] {dagbag.py:537} INFO - Filling up the DagBag from /home/airflow/.local/lib/python3.7/site-packages/airflow/example_dags/example_branch_operator.py
[2022-11-29T07:09:03.248+0000] {processor.py:766} INFO - DAG(s) dict_keys(['example_branch_operator']) retrieved from /home/airflow/.local/lib/python3.7/site-packages/airflow/example_dags/example_branch_operator.py
[2022-11-29T07:09:03.318+0000] {logging_mixin.py:137} INFO - [2022-11-29T07:09:03.317+0000] {dag.py:2585} INFO - Sync 1 DAGs
[2022-11-29T07:09:03.358+0000] {logging_mixin.py:137} INFO - [2022-11-29T07:09:03.358+0000] {dag.py:3340} INFO - Setting next_dagrun for example_branch_operator to 2022-11-28T00:00:00+00:00, run_after=2022-11-29T00:00:00+00:00
[2022-11-29T07:09:03.384+0000] {processor.py:176} INFO - Processing /home/airflow/.local/lib/python3.7/site-packages/airflow/example_dags/example_branch_operator.py took 0.174 seconds
[2022-11-29T07:09:33.735+0000] {processor.py:154} INFO - Started process (PID=466) to work on /home/airflow/.local/lib/python3.7/site-packages/airflow/example_dags/example_branch_operator.py
[2022-11-29T07:09:33.736+0000] {processor.py:756} INFO - Processing file /home/airflow/.local/lib/python3.7/site-packages/airflow/example_dags/example_branch_operator.py for tasks to queue
[2022-11-29T07:09:33.738+0000] {logging_mixin.py:137} INFO - [2022-11-29T07:09:33.738+0000] {dagbag.py:537} INFO - Filling up the DagBag from /home/airflow/.local/lib/python3.7/site-packages/airflow/example_dags/example_branch_operator.py
[2022-11-29T07:09:33.766+0000] {processor.py:766} INFO - DAG(s) dict_keys(['example_branch_operator']) retrieved from /home/airflow/.local/lib/python3.7/site-packages/airflow/example_dags/example_branch_operator.py
[2022-11-29T07:09:33.830+0000] {logging_mixin.py:137} INFO - [2022-11-29T07:09:33.830+0000] {dag.py:2585} INFO - Sync 1 DAGs
[2022-11-29T07:09:33.870+0000] {logging_mixin.py:137} INFO - [2022-11-29T07:09:33.870+0000] {dag.py:3340} INFO - Setting next_dagrun for example_branch_operator to 2022-11-28T00:00:00+00:00, run_after=2022-11-29T00:00:00+00:00
[2022-11-29T07:09:33.896+0000] {processor.py:176} INFO - Processing /home/airflow/.local/lib/python3.7/site-packages/airflow/example_dags/example_branch_operator.py took 0.166 seconds
[2022-11-29T07:10:04.421+0000] {processor.py:154} INFO - Started process (PID=529) to work on /home/airflow/.local/lib/python3.7/site-packages/airflow/example_dags/example_branch_operator.py
[2022-11-29T07:10:04.427+0000] {processor.py:756} INFO - Processing file /home/airflow/.local/lib/python3.7/site-packages/airflow/example_dags/example_branch_operator.py for tasks to queue
[2022-11-29T07:10:04.432+0000] {logging_mixin.py:137} INFO - [2022-11-29T07:10:04.431+0000] {dagbag.py:537} INFO - Filling up the DagBag from /home/airflow/.local/lib/python3.7/site-packages/airflow/example_dags/example_branch_operator.py
[2022-11-29T07:10:04.461+0000] {processor.py:766} INFO - DAG(s) dict_keys(['example_branch_operator']) retrieved from /home/airflow/.local/lib/python3.7/site-packages/airflow/example_dags/example_branch_operator.py
[2022-11-29T07:10:04.526+0000] {logging_mixin.py:137} INFO - [2022-11-29T07:10:04.526+0000] {dag.py:2585} INFO - Sync 1 DAGs
[2022-11-29T07:10:04.560+0000] {logging_mixin.py:137} INFO - [2022-11-29T07:10:04.560+0000] {dag.py:3340} INFO - Setting next_dagrun for example_branch_operator to 2022-11-28T00:00:00+00:00, run_after=2022-11-29T00:00:00+00:00
[2022-11-29T07:10:04.581+0000] {processor.py:176} INFO - Processing /home/airflow/.local/lib/python3.7/site-packages/airflow/example_dags/example_branch_operator.py took 0.166 seconds
[2022-11-29T07:10:35.103+0000] {processor.py:154} INFO - Started process (PID=592) to work on /home/airflow/.local/lib/python3.7/site-packages/airflow/example_dags/example_branch_operator.py
[2022-11-29T07:10:35.106+0000] {processor.py:756} INFO - Processing file /home/airflow/.local/lib/python3.7/site-packages/airflow/example_dags/example_branch_operator.py for tasks to queue
[2022-11-29T07:10:35.108+0000] {logging_mixin.py:137} INFO - [2022-11-29T07:10:35.108+0000] {dagbag.py:537} INFO - Filling up the DagBag from /home/airflow/.local/lib/python3.7/site-packages/airflow/example_dags/example_branch_operator.py
[2022-11-29T07:10:35.162+0000] {processor.py:766} INFO - DAG(s) dict_keys(['example_branch_operator']) retrieved from /home/airflow/.local/lib/python3.7/site-packages/airflow/example_dags/example_branch_operator.py
[2022-11-29T07:10:35.247+0000] {logging_mixin.py:137} INFO - [2022-11-29T07:10:35.247+0000] {dag.py:2585} INFO - Sync 1 DAGs
[2022-11-29T07:10:35.324+0000] {logging_mixin.py:137} INFO - [2022-11-29T07:10:35.324+0000] {dag.py:3340} INFO - Setting next_dagrun for example_branch_operator to 2022-11-28T00:00:00+00:00, run_after=2022-11-29T00:00:00+00:00
[2022-11-29T07:10:35.358+0000] {processor.py:176} INFO - Processing /home/airflow/.local/lib/python3.7/site-packages/airflow/example_dags/example_branch_operator.py took 0.268 seconds
[2022-11-29T07:11:05.501+0000] {processor.py:154} INFO - Started process (PID=646) to work on /home/airflow/.local/lib/python3.7/site-packages/airflow/example_dags/example_branch_operator.py
[2022-11-29T07:11:05.503+0000] {processor.py:756} INFO - Processing file /home/airflow/.local/lib/python3.7/site-packages/airflow/example_dags/example_branch_operator.py for tasks to queue
[2022-11-29T07:11:05.505+0000] {logging_mixin.py:137} INFO - [2022-11-29T07:11:05.505+0000] {dagbag.py:537} INFO - Filling up the DagBag from /home/airflow/.local/lib/python3.7/site-packages/airflow/example_dags/example_branch_operator.py
[2022-11-29T07:11:05.529+0000] {processor.py:766} INFO - DAG(s) dict_keys(['example_branch_operator']) retrieved from /home/airflow/.local/lib/python3.7/site-packages/airflow/example_dags/example_branch_operator.py
[2022-11-29T07:11:05.586+0000] {logging_mixin.py:137} INFO - [2022-11-29T07:11:05.586+0000] {dag.py:2585} INFO - Sync 1 DAGs
[2022-11-29T07:11:05.635+0000] {logging_mixin.py:137} INFO - [2022-11-29T07:11:05.635+0000] {dag.py:3340} INFO - Setting next_dagrun for example_branch_operator to 2022-11-28T00:00:00+00:00, run_after=2022-11-29T00:00:00+00:00
[2022-11-29T07:11:05.662+0000] {processor.py:176} INFO - Processing /home/airflow/.local/lib/python3.7/site-packages/airflow/example_dags/example_branch_operator.py took 0.165 seconds
[2022-11-29T07:11:36.346+0000] {processor.py:154} INFO - Started process (PID=708) to work on /home/airflow/.local/lib/python3.7/site-packages/airflow/example_dags/example_branch_operator.py
[2022-11-29T07:11:36.347+0000] {processor.py:756} INFO - Processing file /home/airflow/.local/lib/python3.7/site-packages/airflow/example_dags/example_branch_operator.py for tasks to queue
[2022-11-29T07:11:36.349+0000] {logging_mixin.py:137} INFO - [2022-11-29T07:11:36.349+0000] {dagbag.py:537} INFO - Filling up the DagBag from /home/airflow/.local/lib/python3.7/site-packages/airflow/example_dags/example_branch_operator.py
[2022-11-29T07:11:36.374+0000] {processor.py:766} INFO - DAG(s) dict_keys(['example_branch_operator']) retrieved from /home/airflow/.local/lib/python3.7/site-packages/airflow/example_dags/example_branch_operator.py
[2022-11-29T07:11:36.431+0000] {logging_mixin.py:137} INFO - [2022-11-29T07:11:36.431+0000] {dag.py:2585} INFO - Sync 1 DAGs
[2022-11-29T07:11:36.468+0000] {logging_mixin.py:137} INFO - [2022-11-29T07:11:36.468+0000] {dag.py:3340} INFO - Setting next_dagrun for example_branch_operator to 2022-11-28T00:00:00+00:00, run_after=2022-11-29T00:00:00+00:00
[2022-11-29T07:11:36.494+0000] {processor.py:176} INFO - Processing /home/airflow/.local/lib/python3.7/site-packages/airflow/example_dags/example_branch_operator.py took 0.153 seconds
[2022-11-29T07:12:07.149+0000] {processor.py:154} INFO - Started process (PID=762) to work on /home/airflow/.local/lib/python3.7/site-packages/airflow/example_dags/example_branch_operator.py
[2022-11-29T07:12:07.152+0000] {processor.py:756} INFO - Processing file /home/airflow/.local/lib/python3.7/site-packages/airflow/example_dags/example_branch_operator.py for tasks to queue
[2022-11-29T07:12:07.154+0000] {logging_mixin.py:137} INFO - [2022-11-29T07:12:07.154+0000] {dagbag.py:537} INFO - Filling up the DagBag from /home/airflow/.local/lib/python3.7/site-packages/airflow/example_dags/example_branch_operator.py
[2022-11-29T07:12:07.192+0000] {processor.py:766} INFO - DAG(s) dict_keys(['example_branch_operator']) retrieved from /home/airflow/.local/lib/python3.7/site-packages/airflow/example_dags/example_branch_operator.py
[2022-11-29T07:12:07.267+0000] {logging_mixin.py:137} INFO - [2022-11-29T07:12:07.267+0000] {dag.py:2585} INFO - Sync 1 DAGs
[2022-11-29T07:12:07.306+0000] {logging_mixin.py:137} INFO - [2022-11-29T07:12:07.305+0000] {dag.py:3340} INFO - Setting next_dagrun for example_branch_operator to 2022-11-28T00:00:00+00:00, run_after=2022-11-29T00:00:00+00:00
[2022-11-29T07:12:07.332+0000] {processor.py:176} INFO - Processing /home/airflow/.local/lib/python3.7/site-packages/airflow/example_dags/example_branch_operator.py took 0.188 seconds
[2022-11-29T07:12:37.575+0000] {processor.py:154} INFO - Started process (PID=826) to work on /home/airflow/.local/lib/python3.7/site-packages/airflow/example_dags/example_branch_operator.py
[2022-11-29T07:12:37.577+0000] {processor.py:756} INFO - Processing file /home/airflow/.local/lib/python3.7/site-packages/airflow/example_dags/example_branch_operator.py for tasks to queue
[2022-11-29T07:12:37.578+0000] {logging_mixin.py:137} INFO - [2022-11-29T07:12:37.578+0000] {dagbag.py:537} INFO - Filling up the DagBag from /home/airflow/.local/lib/python3.7/site-packages/airflow/example_dags/example_branch_operator.py
[2022-11-29T07:12:37.606+0000] {processor.py:766} INFO - DAG(s) dict_keys(['example_branch_operator']) retrieved from /home/airflow/.local/lib/python3.7/site-packages/airflow/example_dags/example_branch_operator.py
[2022-11-29T07:12:37.667+0000] {logging_mixin.py:137} INFO - [2022-11-29T07:12:37.667+0000] {dag.py:2585} INFO - Sync 1 DAGs
[2022-11-29T07:12:37.707+0000] {logging_mixin.py:137} INFO - [2022-11-29T07:12:37.707+0000] {dag.py:3340} INFO - Setting next_dagrun for example_branch_operator to 2022-11-28T00:00:00+00:00, run_after=2022-11-29T00:00:00+00:00
[2022-11-29T07:12:37.745+0000] {processor.py:176} INFO - Processing /home/airflow/.local/lib/python3.7/site-packages/airflow/example_dags/example_branch_operator.py took 0.175 seconds
[2022-11-29T07:13:08.148+0000] {processor.py:154} INFO - Started process (PID=888) to work on /home/airflow/.local/lib/python3.7/site-packages/airflow/example_dags/example_branch_operator.py
[2022-11-29T07:13:08.152+0000] {processor.py:756} INFO - Processing file /home/airflow/.local/lib/python3.7/site-packages/airflow/example_dags/example_branch_operator.py for tasks to queue
[2022-11-29T07:13:08.158+0000] {logging_mixin.py:137} INFO - [2022-11-29T07:13:08.158+0000] {dagbag.py:537} INFO - Filling up the DagBag from /home/airflow/.local/lib/python3.7/site-packages/airflow/example_dags/example_branch_operator.py
[2022-11-29T07:13:08.205+0000] {processor.py:766} INFO - DAG(s) dict_keys(['example_branch_operator']) retrieved from /home/airflow/.local/lib/python3.7/site-packages/airflow/example_dags/example_branch_operator.py
[2022-11-29T07:13:08.285+0000] {logging_mixin.py:137} INFO - [2022-11-29T07:13:08.284+0000] {dag.py:2585} INFO - Sync 1 DAGs
[2022-11-29T07:13:08.334+0000] {logging_mixin.py:137} INFO - [2022-11-29T07:13:08.334+0000] {dag.py:3340} INFO - Setting next_dagrun for example_branch_operator to 2022-11-28T00:00:00+00:00, run_after=2022-11-29T00:00:00+00:00
[2022-11-29T07:13:08.372+0000] {processor.py:176} INFO - Processing /home/airflow/.local/lib/python3.7/site-packages/airflow/example_dags/example_branch_operator.py took 0.236 seconds
[2022-11-29T07:13:39.019+0000] {processor.py:154} INFO - Started process (PID=942) to work on /home/airflow/.local/lib/python3.7/site-packages/airflow/example_dags/example_branch_operator.py
[2022-11-29T07:13:39.021+0000] {processor.py:756} INFO - Processing file /home/airflow/.local/lib/python3.7/site-packages/airflow/example_dags/example_branch_operator.py for tasks to queue
[2022-11-29T07:13:39.023+0000] {logging_mixin.py:137} INFO - [2022-11-29T07:13:39.023+0000] {dagbag.py:537} INFO - Filling up the DagBag from /home/airflow/.local/lib/python3.7/site-packages/airflow/example_dags/example_branch_operator.py
[2022-11-29T07:13:39.050+0000] {processor.py:766} INFO - DAG(s) dict_keys(['example_branch_operator']) retrieved from /home/airflow/.local/lib/python3.7/site-packages/airflow/example_dags/example_branch_operator.py
[2022-11-29T07:13:39.110+0000] {logging_mixin.py:137} INFO - [2022-11-29T07:13:39.110+0000] {dag.py:2585} INFO - Sync 1 DAGs
[2022-11-29T07:13:39.151+0000] {logging_mixin.py:137} INFO - [2022-11-29T07:13:39.151+0000] {dag.py:3340} INFO - Setting next_dagrun for example_branch_operator to 2022-11-28T00:00:00+00:00, run_after=2022-11-29T00:00:00+00:00
[2022-11-29T07:13:39.176+0000] {processor.py:176} INFO - Processing /home/airflow/.local/lib/python3.7/site-packages/airflow/example_dags/example_branch_operator.py took 0.165 seconds
[2022-11-29T07:14:09.236+0000] {processor.py:154} INFO - Started process (PID=1005) to work on /home/airflow/.local/lib/python3.7/site-packages/airflow/example_dags/example_branch_operator.py
[2022-11-29T07:14:09.238+0000] {processor.py:756} INFO - Processing file /home/airflow/.local/lib/python3.7/site-packages/airflow/example_dags/example_branch_operator.py for tasks to queue
[2022-11-29T07:14:09.240+0000] {logging_mixin.py:137} INFO - [2022-11-29T07:14:09.239+0000] {dagbag.py:537} INFO - Filling up the DagBag from /home/airflow/.local/lib/python3.7/site-packages/airflow/example_dags/example_branch_operator.py
[2022-11-29T07:14:09.266+0000] {processor.py:766} INFO - DAG(s) dict_keys(['example_branch_operator']) retrieved from /home/airflow/.local/lib/python3.7/site-packages/airflow/example_dags/example_branch_operator.py
[2022-11-29T07:14:09.324+0000] {logging_mixin.py:137} INFO - [2022-11-29T07:14:09.323+0000] {dag.py:2585} INFO - Sync 1 DAGs
[2022-11-29T07:14:09.357+0000] {logging_mixin.py:137} INFO - [2022-11-29T07:14:09.357+0000] {dag.py:3340} INFO - Setting next_dagrun for example_branch_operator to 2022-11-28T00:00:00+00:00, run_after=2022-11-29T00:00:00+00:00
[2022-11-29T07:14:09.384+0000] {processor.py:176} INFO - Processing /home/airflow/.local/lib/python3.7/site-packages/airflow/example_dags/example_branch_operator.py took 0.154 seconds
[2022-11-29T07:14:39.880+0000] {processor.py:154} INFO - Started process (PID=1068) to work on /home/airflow/.local/lib/python3.7/site-packages/airflow/example_dags/example_branch_operator.py
[2022-11-29T07:14:39.882+0000] {processor.py:756} INFO - Processing file /home/airflow/.local/lib/python3.7/site-packages/airflow/example_dags/example_branch_operator.py for tasks to queue
[2022-11-29T07:14:39.883+0000] {logging_mixin.py:137} INFO - [2022-11-29T07:14:39.883+0000] {dagbag.py:537} INFO - Filling up the DagBag from /home/airflow/.local/lib/python3.7/site-packages/airflow/example_dags/example_branch_operator.py
[2022-11-29T07:14:39.911+0000] {processor.py:766} INFO - DAG(s) dict_keys(['example_branch_operator']) retrieved from /home/airflow/.local/lib/python3.7/site-packages/airflow/example_dags/example_branch_operator.py
[2022-11-29T07:14:39.976+0000] {logging_mixin.py:137} INFO - [2022-11-29T07:14:39.976+0000] {dag.py:2585} INFO - Sync 1 DAGs
[2022-11-29T07:14:40.015+0000] {logging_mixin.py:137} INFO - [2022-11-29T07:14:40.015+0000] {dag.py:3340} INFO - Setting next_dagrun for example_branch_operator to 2022-11-28T00:00:00+00:00, run_after=2022-11-29T00:00:00+00:00
[2022-11-29T07:14:40.047+0000] {processor.py:176} INFO - Processing /home/airflow/.local/lib/python3.7/site-packages/airflow/example_dags/example_branch_operator.py took 0.177 seconds
[2022-11-29T07:15:10.215+0000] {processor.py:154} INFO - Started process (PID=1122) to work on /home/airflow/.local/lib/python3.7/site-packages/airflow/example_dags/example_branch_operator.py
[2022-11-29T07:15:10.224+0000] {processor.py:756} INFO - Processing file /home/airflow/.local/lib/python3.7/site-packages/airflow/example_dags/example_branch_operator.py for tasks to queue
[2022-11-29T07:15:10.246+0000] {logging_mixin.py:137} INFO - [2022-11-29T07:15:10.246+0000] {dagbag.py:537} INFO - Filling up the DagBag from /home/airflow/.local/lib/python3.7/site-packages/airflow/example_dags/example_branch_operator.py
[2022-11-29T07:15:10.306+0000] {processor.py:766} INFO - DAG(s) dict_keys(['example_branch_operator']) retrieved from /home/airflow/.local/lib/python3.7/site-packages/airflow/example_dags/example_branch_operator.py
[2022-11-29T07:15:10.368+0000] {logging_mixin.py:137} INFO - [2022-11-29T07:15:10.368+0000] {dag.py:2585} INFO - Sync 1 DAGs
[2022-11-29T07:15:10.406+0000] {logging_mixin.py:137} INFO - [2022-11-29T07:15:10.406+0000] {dag.py:3340} INFO - Setting next_dagrun for example_branch_operator to 2022-11-28T00:00:00+00:00, run_after=2022-11-29T00:00:00+00:00
[2022-11-29T07:15:10.435+0000] {processor.py:176} INFO - Processing /home/airflow/.local/lib/python3.7/site-packages/airflow/example_dags/example_branch_operator.py took 0.225 seconds
[2022-11-29T07:15:41.080+0000] {processor.py:154} INFO - Started process (PID=1185) to work on /home/airflow/.local/lib/python3.7/site-packages/airflow/example_dags/example_branch_operator.py
[2022-11-29T07:15:41.082+0000] {processor.py:756} INFO - Processing file /home/airflow/.local/lib/python3.7/site-packages/airflow/example_dags/example_branch_operator.py for tasks to queue
[2022-11-29T07:15:41.084+0000] {logging_mixin.py:137} INFO - [2022-11-29T07:15:41.084+0000] {dagbag.py:537} INFO - Filling up the DagBag from /home/airflow/.local/lib/python3.7/site-packages/airflow/example_dags/example_branch_operator.py
[2022-11-29T07:15:41.126+0000] {processor.py:766} INFO - DAG(s) dict_keys(['example_branch_operator']) retrieved from /home/airflow/.local/lib/python3.7/site-packages/airflow/example_dags/example_branch_operator.py
[2022-11-29T07:15:41.211+0000] {logging_mixin.py:137} INFO - [2022-11-29T07:15:41.210+0000] {dag.py:2585} INFO - Sync 1 DAGs
[2022-11-29T07:15:41.261+0000] {logging_mixin.py:137} INFO - [2022-11-29T07:15:41.261+0000] {dag.py:3340} INFO - Setting next_dagrun for example_branch_operator to 2022-11-28T00:00:00+00:00, run_after=2022-11-29T00:00:00+00:00
[2022-11-29T07:15:41.293+0000] {processor.py:176} INFO - Processing /home/airflow/.local/lib/python3.7/site-packages/airflow/example_dags/example_branch_operator.py took 0.219 seconds
[2022-11-29T07:16:12.223+0000] {processor.py:154} INFO - Started process (PID=1249) to work on /home/airflow/.local/lib/python3.7/site-packages/airflow/example_dags/example_branch_operator.py
[2022-11-29T07:16:12.225+0000] {processor.py:756} INFO - Processing file /home/airflow/.local/lib/python3.7/site-packages/airflow/example_dags/example_branch_operator.py for tasks to queue
[2022-11-29T07:16:12.227+0000] {logging_mixin.py:137} INFO - [2022-11-29T07:16:12.227+0000] {dagbag.py:537} INFO - Filling up the DagBag from /home/airflow/.local/lib/python3.7/site-packages/airflow/example_dags/example_branch_operator.py
[2022-11-29T07:16:12.261+0000] {processor.py:766} INFO - DAG(s) dict_keys(['example_branch_operator']) retrieved from /home/airflow/.local/lib/python3.7/site-packages/airflow/example_dags/example_branch_operator.py
[2022-11-29T07:16:12.328+0000] {logging_mixin.py:137} INFO - [2022-11-29T07:16:12.328+0000] {dag.py:2585} INFO - Sync 1 DAGs
[2022-11-29T07:16:12.388+0000] {logging_mixin.py:137} INFO - [2022-11-29T07:16:12.388+0000] {dag.py:3340} INFO - Setting next_dagrun for example_branch_operator to 2022-11-28T00:00:00+00:00, run_after=2022-11-29T00:00:00+00:00
[2022-11-29T07:16:12.416+0000] {processor.py:176} INFO - Processing /home/airflow/.local/lib/python3.7/site-packages/airflow/example_dags/example_branch_operator.py took 0.211 seconds
[2022-11-29T07:16:42.915+0000] {processor.py:154} INFO - Started process (PID=1303) to work on /home/airflow/.local/lib/python3.7/site-packages/airflow/example_dags/example_branch_operator.py
[2022-11-29T07:16:42.917+0000] {processor.py:756} INFO - Processing file /home/airflow/.local/lib/python3.7/site-packages/airflow/example_dags/example_branch_operator.py for tasks to queue
[2022-11-29T07:16:42.920+0000] {logging_mixin.py:137} INFO - [2022-11-29T07:16:42.920+0000] {dagbag.py:537} INFO - Filling up the DagBag from /home/airflow/.local/lib/python3.7/site-packages/airflow/example_dags/example_branch_operator.py
[2022-11-29T07:16:42.978+0000] {processor.py:766} INFO - DAG(s) dict_keys(['example_branch_operator']) retrieved from /home/airflow/.local/lib/python3.7/site-packages/airflow/example_dags/example_branch_operator.py
[2022-11-29T07:16:43.055+0000] {logging_mixin.py:137} INFO - [2022-11-29T07:16:43.055+0000] {dag.py:2585} INFO - Sync 1 DAGs
[2022-11-29T07:16:43.096+0000] {logging_mixin.py:137} INFO - [2022-11-29T07:16:43.095+0000] {dag.py:3340} INFO - Setting next_dagrun for example_branch_operator to 2022-11-28T00:00:00+00:00, run_after=2022-11-29T00:00:00+00:00
[2022-11-29T07:16:43.127+0000] {processor.py:176} INFO - Processing /home/airflow/.local/lib/python3.7/site-packages/airflow/example_dags/example_branch_operator.py took 0.228 seconds
[2022-11-29T07:17:13.686+0000] {processor.py:154} INFO - Started process (PID=1367) to work on /home/airflow/.local/lib/python3.7/site-packages/airflow/example_dags/example_branch_operator.py
[2022-11-29T07:17:13.689+0000] {processor.py:756} INFO - Processing file /home/airflow/.local/lib/python3.7/site-packages/airflow/example_dags/example_branch_operator.py for tasks to queue
[2022-11-29T07:17:13.691+0000] {logging_mixin.py:137} INFO - [2022-11-29T07:17:13.691+0000] {dagbag.py:537} INFO - Filling up the DagBag from /home/airflow/.local/lib/python3.7/site-packages/airflow/example_dags/example_branch_operator.py
[2022-11-29T07:17:13.724+0000] {processor.py:766} INFO - DAG(s) dict_keys(['example_branch_operator']) retrieved from /home/airflow/.local/lib/python3.7/site-packages/airflow/example_dags/example_branch_operator.py
[2022-11-29T07:17:13.788+0000] {logging_mixin.py:137} INFO - [2022-11-29T07:17:13.788+0000] {dag.py:2585} INFO - Sync 1 DAGs
[2022-11-29T07:17:13.833+0000] {logging_mixin.py:137} INFO - [2022-11-29T07:17:13.832+0000] {dag.py:3340} INFO - Setting next_dagrun for example_branch_operator to 2022-11-28T00:00:00+00:00, run_after=2022-11-29T00:00:00+00:00
[2022-11-29T07:17:13.865+0000] {processor.py:176} INFO - Processing /home/airflow/.local/lib/python3.7/site-packages/airflow/example_dags/example_branch_operator.py took 0.190 seconds
[2022-11-29T07:17:44.599+0000] {processor.py:154} INFO - Started process (PID=1430) to work on /home/airflow/.local/lib/python3.7/site-packages/airflow/example_dags/example_branch_operator.py
[2022-11-29T07:17:44.601+0000] {processor.py:756} INFO - Processing file /home/airflow/.local/lib/python3.7/site-packages/airflow/example_dags/example_branch_operator.py for tasks to queue
[2022-11-29T07:17:44.602+0000] {logging_mixin.py:137} INFO - [2022-11-29T07:17:44.602+0000] {dagbag.py:537} INFO - Filling up the DagBag from /home/airflow/.local/lib/python3.7/site-packages/airflow/example_dags/example_branch_operator.py
[2022-11-29T07:17:44.630+0000] {processor.py:766} INFO - DAG(s) dict_keys(['example_branch_operator']) retrieved from /home/airflow/.local/lib/python3.7/site-packages/airflow/example_dags/example_branch_operator.py
[2022-11-29T07:17:44.689+0000] {logging_mixin.py:137} INFO - [2022-11-29T07:17:44.689+0000] {dag.py:2585} INFO - Sync 1 DAGs
[2022-11-29T07:17:44.727+0000] {logging_mixin.py:137} INFO - [2022-11-29T07:17:44.726+0000] {dag.py:3340} INFO - Setting next_dagrun for example_branch_operator to 2022-11-28T00:00:00+00:00, run_after=2022-11-29T00:00:00+00:00
[2022-11-29T07:17:44.751+0000] {processor.py:176} INFO - Processing /home/airflow/.local/lib/python3.7/site-packages/airflow/example_dags/example_branch_operator.py took 0.158 seconds
[2022-11-29T07:18:15.573+0000] {processor.py:154} INFO - Started process (PID=1484) to work on /home/airflow/.local/lib/python3.7/site-packages/airflow/example_dags/example_branch_operator.py
[2022-11-29T07:18:15.575+0000] {processor.py:756} INFO - Processing file /home/airflow/.local/lib/python3.7/site-packages/airflow/example_dags/example_branch_operator.py for tasks to queue
[2022-11-29T07:18:15.577+0000] {logging_mixin.py:137} INFO - [2022-11-29T07:18:15.577+0000] {dagbag.py:537} INFO - Filling up the DagBag from /home/airflow/.local/lib/python3.7/site-packages/airflow/example_dags/example_branch_operator.py
[2022-11-29T07:18:15.604+0000] {processor.py:766} INFO - DAG(s) dict_keys(['example_branch_operator']) retrieved from /home/airflow/.local/lib/python3.7/site-packages/airflow/example_dags/example_branch_operator.py
[2022-11-29T07:18:15.667+0000] {logging_mixin.py:137} INFO - [2022-11-29T07:18:15.667+0000] {dag.py:2585} INFO - Sync 1 DAGs
[2022-11-29T07:18:15.713+0000] {logging_mixin.py:137} INFO - [2022-11-29T07:18:15.712+0000] {dag.py:3340} INFO - Setting next_dagrun for example_branch_operator to 2022-11-28T00:00:00+00:00, run_after=2022-11-29T00:00:00+00:00
[2022-11-29T07:18:15.761+0000] {processor.py:176} INFO - Processing /home/airflow/.local/lib/python3.7/site-packages/airflow/example_dags/example_branch_operator.py took 0.194 seconds
[2022-11-29T07:18:45.968+0000] {processor.py:154} INFO - Started process (PID=1547) to work on /home/airflow/.local/lib/python3.7/site-packages/airflow/example_dags/example_branch_operator.py
[2022-11-29T07:18:45.970+0000] {processor.py:756} INFO - Processing file /home/airflow/.local/lib/python3.7/site-packages/airflow/example_dags/example_branch_operator.py for tasks to queue
[2022-11-29T07:18:45.971+0000] {logging_mixin.py:137} INFO - [2022-11-29T07:18:45.971+0000] {dagbag.py:537} INFO - Filling up the DagBag from /home/airflow/.local/lib/python3.7/site-packages/airflow/example_dags/example_branch_operator.py
[2022-11-29T07:18:45.998+0000] {processor.py:766} INFO - DAG(s) dict_keys(['example_branch_operator']) retrieved from /home/airflow/.local/lib/python3.7/site-packages/airflow/example_dags/example_branch_operator.py
[2022-11-29T07:18:46.067+0000] {logging_mixin.py:137} INFO - [2022-11-29T07:18:46.067+0000] {dag.py:2585} INFO - Sync 1 DAGs
[2022-11-29T07:18:46.104+0000] {logging_mixin.py:137} INFO - [2022-11-29T07:18:46.104+0000] {dag.py:3340} INFO - Setting next_dagrun for example_branch_operator to 2022-11-28T00:00:00+00:00, run_after=2022-11-29T00:00:00+00:00
[2022-11-29T07:18:46.137+0000] {processor.py:176} INFO - Processing /home/airflow/.local/lib/python3.7/site-packages/airflow/example_dags/example_branch_operator.py took 0.175 seconds
[2022-11-29T07:19:16.413+0000] {processor.py:154} INFO - Started process (PID=1610) to work on /home/airflow/.local/lib/python3.7/site-packages/airflow/example_dags/example_branch_operator.py
[2022-11-29T07:19:16.415+0000] {processor.py:756} INFO - Processing file /home/airflow/.local/lib/python3.7/site-packages/airflow/example_dags/example_branch_operator.py for tasks to queue
[2022-11-29T07:19:16.416+0000] {logging_mixin.py:137} INFO - [2022-11-29T07:19:16.416+0000] {dagbag.py:537} INFO - Filling up the DagBag from /home/airflow/.local/lib/python3.7/site-packages/airflow/example_dags/example_branch_operator.py
[2022-11-29T07:19:16.459+0000] {processor.py:766} INFO - DAG(s) dict_keys(['example_branch_operator']) retrieved from /home/airflow/.local/lib/python3.7/site-packages/airflow/example_dags/example_branch_operator.py
[2022-11-29T07:19:16.542+0000] {logging_mixin.py:137} INFO - [2022-11-29T07:19:16.542+0000] {dag.py:2585} INFO - Sync 1 DAGs
[2022-11-29T07:19:16.615+0000] {logging_mixin.py:137} INFO - [2022-11-29T07:19:16.615+0000] {dag.py:3340} INFO - Setting next_dagrun for example_branch_operator to 2022-11-28T00:00:00+00:00, run_after=2022-11-29T00:00:00+00:00
[2022-11-29T07:19:16.655+0000] {processor.py:176} INFO - Processing /home/airflow/.local/lib/python3.7/site-packages/airflow/example_dags/example_branch_operator.py took 0.248 seconds
[2022-11-29T07:19:47.558+0000] {processor.py:154} INFO - Started process (PID=1663) to work on /home/airflow/.local/lib/python3.7/site-packages/airflow/example_dags/example_branch_operator.py
[2022-11-29T07:19:47.560+0000] {processor.py:756} INFO - Processing file /home/airflow/.local/lib/python3.7/site-packages/airflow/example_dags/example_branch_operator.py for tasks to queue
[2022-11-29T07:19:47.562+0000] {logging_mixin.py:137} INFO - [2022-11-29T07:19:47.562+0000] {dagbag.py:537} INFO - Filling up the DagBag from /home/airflow/.local/lib/python3.7/site-packages/airflow/example_dags/example_branch_operator.py
[2022-11-29T07:19:47.590+0000] {processor.py:766} INFO - DAG(s) dict_keys(['example_branch_operator']) retrieved from /home/airflow/.local/lib/python3.7/site-packages/airflow/example_dags/example_branch_operator.py
[2022-11-29T07:19:47.650+0000] {logging_mixin.py:137} INFO - [2022-11-29T07:19:47.650+0000] {dag.py:2585} INFO - Sync 1 DAGs
[2022-11-29T07:19:47.694+0000] {logging_mixin.py:137} INFO - [2022-11-29T07:19:47.693+0000] {dag.py:3340} INFO - Setting next_dagrun for example_branch_operator to 2022-11-28T00:00:00+00:00, run_after=2022-11-29T00:00:00+00:00
[2022-11-29T07:19:47.723+0000] {processor.py:176} INFO - Processing /home/airflow/.local/lib/python3.7/site-packages/airflow/example_dags/example_branch_operator.py took 0.170 seconds
