[2022-11-29T06:27:17.163+0000] {processor.py:154} INFO - Started process (PID=53) to work on /home/airflow/.local/lib/python3.7/site-packages/airflow/example_dags/example_kubernetes_executor.py
[2022-11-29T06:27:17.165+0000] {processor.py:756} INFO - Processing file /home/airflow/.local/lib/python3.7/site-packages/airflow/example_dags/example_kubernetes_executor.py for tasks to queue
[2022-11-29T06:27:17.167+0000] {logging_mixin.py:137} INFO - [2022-11-29T06:27:17.167+0000] {dagbag.py:537} INFO - Filling up the DagBag from /home/airflow/.local/lib/python3.7/site-packages/airflow/example_dags/example_kubernetes_executor.py
[2022-11-29T06:27:17.211+0000] {processor.py:766} INFO - DAG(s) dict_keys(['example_kubernetes_executor']) retrieved from /home/airflow/.local/lib/python3.7/site-packages/airflow/example_dags/example_kubernetes_executor.py
[2022-11-29T06:27:17.464+0000] {logging_mixin.py:137} INFO - [2022-11-29T06:27:17.464+0000] {manager.py:507} INFO - Created Permission View: can delete on DAG:example_kubernetes_executor
[2022-11-29T06:27:17.481+0000] {logging_mixin.py:137} INFO - [2022-11-29T06:27:17.481+0000] {manager.py:507} INFO - Created Permission View: can read on DAG:example_kubernetes_executor
[2022-11-29T06:27:17.491+0000] {logging_mixin.py:137} INFO - [2022-11-29T06:27:17.490+0000] {manager.py:507} INFO - Created Permission View: can edit on DAG:example_kubernetes_executor
[2022-11-29T06:27:17.492+0000] {logging_mixin.py:137} INFO - [2022-11-29T06:27:17.492+0000] {dag.py:2585} INFO - Sync 1 DAGs
[2022-11-29T06:27:17.513+0000] {logging_mixin.py:137} INFO - [2022-11-29T06:27:17.513+0000] {dag.py:2606} INFO - Creating ORM DAG for example_kubernetes_executor
[2022-11-29T06:27:17.533+0000] {logging_mixin.py:137} INFO - [2022-11-29T06:27:17.532+0000] {dag.py:3340} INFO - Setting next_dagrun for example_kubernetes_executor to None, run_after=None
[2022-11-29T06:27:17.563+0000] {processor.py:176} INFO - Processing /home/airflow/.local/lib/python3.7/site-packages/airflow/example_dags/example_kubernetes_executor.py took 0.421 seconds
[2022-11-29T06:27:47.799+0000] {processor.py:154} INFO - Started process (PID=116) to work on /home/airflow/.local/lib/python3.7/site-packages/airflow/example_dags/example_kubernetes_executor.py
[2022-11-29T06:27:47.804+0000] {processor.py:756} INFO - Processing file /home/airflow/.local/lib/python3.7/site-packages/airflow/example_dags/example_kubernetes_executor.py for tasks to queue
[2022-11-29T06:27:47.807+0000] {logging_mixin.py:137} INFO - [2022-11-29T06:27:47.806+0000] {dagbag.py:537} INFO - Filling up the DagBag from /home/airflow/.local/lib/python3.7/site-packages/airflow/example_dags/example_kubernetes_executor.py
[2022-11-29T06:27:47.877+0000] {processor.py:766} INFO - DAG(s) dict_keys(['example_kubernetes_executor']) retrieved from /home/airflow/.local/lib/python3.7/site-packages/airflow/example_dags/example_kubernetes_executor.py
[2022-11-29T06:27:47.983+0000] {logging_mixin.py:137} INFO - [2022-11-29T06:27:47.982+0000] {dag.py:2585} INFO - Sync 1 DAGs
[2022-11-29T06:27:48.049+0000] {logging_mixin.py:137} INFO - [2022-11-29T06:27:48.049+0000] {dag.py:3340} INFO - Setting next_dagrun for example_kubernetes_executor to None, run_after=None
[2022-11-29T06:27:48.084+0000] {processor.py:176} INFO - Processing /home/airflow/.local/lib/python3.7/site-packages/airflow/example_dags/example_kubernetes_executor.py took 0.299 seconds
[2022-11-29T06:28:18.298+0000] {processor.py:154} INFO - Started process (PID=172) to work on /home/airflow/.local/lib/python3.7/site-packages/airflow/example_dags/example_kubernetes_executor.py
[2022-11-29T06:28:18.300+0000] {processor.py:756} INFO - Processing file /home/airflow/.local/lib/python3.7/site-packages/airflow/example_dags/example_kubernetes_executor.py for tasks to queue
[2022-11-29T06:28:18.302+0000] {logging_mixin.py:137} INFO - [2022-11-29T06:28:18.301+0000] {dagbag.py:537} INFO - Filling up the DagBag from /home/airflow/.local/lib/python3.7/site-packages/airflow/example_dags/example_kubernetes_executor.py
[2022-11-29T06:28:18.338+0000] {processor.py:766} INFO - DAG(s) dict_keys(['example_kubernetes_executor']) retrieved from /home/airflow/.local/lib/python3.7/site-packages/airflow/example_dags/example_kubernetes_executor.py
[2022-11-29T06:28:18.391+0000] {logging_mixin.py:137} INFO - [2022-11-29T06:28:18.391+0000] {dag.py:2585} INFO - Sync 1 DAGs
[2022-11-29T06:28:18.424+0000] {logging_mixin.py:137} INFO - [2022-11-29T06:28:18.423+0000] {dag.py:3340} INFO - Setting next_dagrun for example_kubernetes_executor to None, run_after=None
[2022-11-29T06:28:18.449+0000] {processor.py:176} INFO - Processing /home/airflow/.local/lib/python3.7/site-packages/airflow/example_dags/example_kubernetes_executor.py took 0.156 seconds
[2022-11-29T06:28:49.181+0000] {processor.py:154} INFO - Started process (PID=235) to work on /home/airflow/.local/lib/python3.7/site-packages/airflow/example_dags/example_kubernetes_executor.py
[2022-11-29T06:28:49.183+0000] {processor.py:756} INFO - Processing file /home/airflow/.local/lib/python3.7/site-packages/airflow/example_dags/example_kubernetes_executor.py for tasks to queue
[2022-11-29T06:28:49.184+0000] {logging_mixin.py:137} INFO - [2022-11-29T06:28:49.184+0000] {dagbag.py:537} INFO - Filling up the DagBag from /home/airflow/.local/lib/python3.7/site-packages/airflow/example_dags/example_kubernetes_executor.py
[2022-11-29T06:28:49.232+0000] {processor.py:766} INFO - DAG(s) dict_keys(['example_kubernetes_executor']) retrieved from /home/airflow/.local/lib/python3.7/site-packages/airflow/example_dags/example_kubernetes_executor.py
[2022-11-29T06:28:49.312+0000] {logging_mixin.py:137} INFO - [2022-11-29T06:28:49.311+0000] {dag.py:2585} INFO - Sync 1 DAGs
[2022-11-29T06:28:49.354+0000] {logging_mixin.py:137} INFO - [2022-11-29T06:28:49.354+0000] {dag.py:3340} INFO - Setting next_dagrun for example_kubernetes_executor to None, run_after=None
[2022-11-29T06:28:49.383+0000] {processor.py:176} INFO - Processing /home/airflow/.local/lib/python3.7/site-packages/airflow/example_dags/example_kubernetes_executor.py took 0.208 seconds
[2022-11-29T06:29:20.179+0000] {processor.py:154} INFO - Started process (PID=296) to work on /home/airflow/.local/lib/python3.7/site-packages/airflow/example_dags/example_kubernetes_executor.py
[2022-11-29T06:29:20.181+0000] {processor.py:756} INFO - Processing file /home/airflow/.local/lib/python3.7/site-packages/airflow/example_dags/example_kubernetes_executor.py for tasks to queue
[2022-11-29T06:29:20.184+0000] {logging_mixin.py:137} INFO - [2022-11-29T06:29:20.184+0000] {dagbag.py:537} INFO - Filling up the DagBag from /home/airflow/.local/lib/python3.7/site-packages/airflow/example_dags/example_kubernetes_executor.py
[2022-11-29T06:29:20.226+0000] {processor.py:766} INFO - DAG(s) dict_keys(['example_kubernetes_executor']) retrieved from /home/airflow/.local/lib/python3.7/site-packages/airflow/example_dags/example_kubernetes_executor.py
[2022-11-29T06:29:20.291+0000] {logging_mixin.py:137} INFO - [2022-11-29T06:29:20.291+0000] {dag.py:2585} INFO - Sync 1 DAGs
[2022-11-29T06:29:20.332+0000] {logging_mixin.py:137} INFO - [2022-11-29T06:29:20.332+0000] {dag.py:3340} INFO - Setting next_dagrun for example_kubernetes_executor to None, run_after=None
[2022-11-29T06:29:20.366+0000] {processor.py:176} INFO - Processing /home/airflow/.local/lib/python3.7/site-packages/airflow/example_dags/example_kubernetes_executor.py took 0.192 seconds
[2022-11-29T06:31:42.512+0000] {processor.py:154} INFO - Started process (PID=56) to work on /home/airflow/.local/lib/python3.7/site-packages/airflow/example_dags/example_kubernetes_executor.py
[2022-11-29T06:31:42.521+0000] {processor.py:756} INFO - Processing file /home/airflow/.local/lib/python3.7/site-packages/airflow/example_dags/example_kubernetes_executor.py for tasks to queue
[2022-11-29T06:31:42.523+0000] {logging_mixin.py:137} INFO - [2022-11-29T06:31:42.523+0000] {dagbag.py:537} INFO - Filling up the DagBag from /home/airflow/.local/lib/python3.7/site-packages/airflow/example_dags/example_kubernetes_executor.py
[2022-11-29T06:31:42.596+0000] {processor.py:766} INFO - DAG(s) dict_keys(['example_kubernetes_executor']) retrieved from /home/airflow/.local/lib/python3.7/site-packages/airflow/example_dags/example_kubernetes_executor.py
[2022-11-29T06:31:42.650+0000] {logging_mixin.py:137} INFO - [2022-11-29T06:31:42.650+0000] {dag.py:2585} INFO - Sync 1 DAGs
[2022-11-29T06:31:42.702+0000] {logging_mixin.py:137} INFO - [2022-11-29T06:31:42.702+0000] {dag.py:3340} INFO - Setting next_dagrun for example_kubernetes_executor to None, run_after=None
[2022-11-29T06:31:42.742+0000] {processor.py:176} INFO - Processing /home/airflow/.local/lib/python3.7/site-packages/airflow/example_dags/example_kubernetes_executor.py took 0.236 seconds
[2022-11-29T06:32:13.793+0000] {processor.py:154} INFO - Started process (PID=110) to work on /home/airflow/.local/lib/python3.7/site-packages/airflow/example_dags/example_kubernetes_executor.py
[2022-11-29T06:32:13.795+0000] {processor.py:756} INFO - Processing file /home/airflow/.local/lib/python3.7/site-packages/airflow/example_dags/example_kubernetes_executor.py for tasks to queue
[2022-11-29T06:32:13.797+0000] {logging_mixin.py:137} INFO - [2022-11-29T06:32:13.796+0000] {dagbag.py:537} INFO - Filling up the DagBag from /home/airflow/.local/lib/python3.7/site-packages/airflow/example_dags/example_kubernetes_executor.py
[2022-11-29T06:32:13.860+0000] {processor.py:766} INFO - DAG(s) dict_keys(['example_kubernetes_executor']) retrieved from /home/airflow/.local/lib/python3.7/site-packages/airflow/example_dags/example_kubernetes_executor.py
[2022-11-29T06:32:13.949+0000] {logging_mixin.py:137} INFO - [2022-11-29T06:32:13.949+0000] {dag.py:2585} INFO - Sync 1 DAGs
[2022-11-29T06:32:13.992+0000] {logging_mixin.py:137} INFO - [2022-11-29T06:32:13.992+0000] {dag.py:3340} INFO - Setting next_dagrun for example_kubernetes_executor to None, run_after=None
[2022-11-29T06:32:14.029+0000] {processor.py:176} INFO - Processing /home/airflow/.local/lib/python3.7/site-packages/airflow/example_dags/example_kubernetes_executor.py took 0.242 seconds
[2022-11-29T06:32:44.258+0000] {processor.py:154} INFO - Started process (PID=173) to work on /home/airflow/.local/lib/python3.7/site-packages/airflow/example_dags/example_kubernetes_executor.py
[2022-11-29T06:32:44.260+0000] {processor.py:756} INFO - Processing file /home/airflow/.local/lib/python3.7/site-packages/airflow/example_dags/example_kubernetes_executor.py for tasks to queue
[2022-11-29T06:32:44.261+0000] {logging_mixin.py:137} INFO - [2022-11-29T06:32:44.261+0000] {dagbag.py:537} INFO - Filling up the DagBag from /home/airflow/.local/lib/python3.7/site-packages/airflow/example_dags/example_kubernetes_executor.py
[2022-11-29T06:32:44.306+0000] {processor.py:766} INFO - DAG(s) dict_keys(['example_kubernetes_executor']) retrieved from /home/airflow/.local/lib/python3.7/site-packages/airflow/example_dags/example_kubernetes_executor.py
[2022-11-29T06:32:44.367+0000] {logging_mixin.py:137} INFO - [2022-11-29T06:32:44.367+0000] {dag.py:2585} INFO - Sync 1 DAGs
[2022-11-29T06:32:44.409+0000] {logging_mixin.py:137} INFO - [2022-11-29T06:32:44.408+0000] {dag.py:3340} INFO - Setting next_dagrun for example_kubernetes_executor to None, run_after=None
[2022-11-29T06:32:44.439+0000] {processor.py:176} INFO - Processing /home/airflow/.local/lib/python3.7/site-packages/airflow/example_dags/example_kubernetes_executor.py took 0.186 seconds
[2022-11-29T06:33:15.158+0000] {processor.py:154} INFO - Started process (PID=236) to work on /home/airflow/.local/lib/python3.7/site-packages/airflow/example_dags/example_kubernetes_executor.py
[2022-11-29T06:33:15.159+0000] {processor.py:756} INFO - Processing file /home/airflow/.local/lib/python3.7/site-packages/airflow/example_dags/example_kubernetes_executor.py for tasks to queue
[2022-11-29T06:33:15.161+0000] {logging_mixin.py:137} INFO - [2022-11-29T06:33:15.161+0000] {dagbag.py:537} INFO - Filling up the DagBag from /home/airflow/.local/lib/python3.7/site-packages/airflow/example_dags/example_kubernetes_executor.py
[2022-11-29T06:33:15.214+0000] {processor.py:766} INFO - DAG(s) dict_keys(['example_kubernetes_executor']) retrieved from /home/airflow/.local/lib/python3.7/site-packages/airflow/example_dags/example_kubernetes_executor.py
[2022-11-29T06:33:15.280+0000] {logging_mixin.py:137} INFO - [2022-11-29T06:33:15.280+0000] {dag.py:2585} INFO - Sync 1 DAGs
[2022-11-29T06:33:15.319+0000] {logging_mixin.py:137} INFO - [2022-11-29T06:33:15.319+0000] {dag.py:3340} INFO - Setting next_dagrun for example_kubernetes_executor to None, run_after=None
[2022-11-29T06:33:15.353+0000] {processor.py:176} INFO - Processing /home/airflow/.local/lib/python3.7/site-packages/airflow/example_dags/example_kubernetes_executor.py took 0.200 seconds
[2022-11-29T06:33:45.924+0000] {processor.py:154} INFO - Started process (PID=291) to work on /home/airflow/.local/lib/python3.7/site-packages/airflow/example_dags/example_kubernetes_executor.py
[2022-11-29T06:33:45.926+0000] {processor.py:756} INFO - Processing file /home/airflow/.local/lib/python3.7/site-packages/airflow/example_dags/example_kubernetes_executor.py for tasks to queue
[2022-11-29T06:33:45.928+0000] {logging_mixin.py:137} INFO - [2022-11-29T06:33:45.927+0000] {dagbag.py:537} INFO - Filling up the DagBag from /home/airflow/.local/lib/python3.7/site-packages/airflow/example_dags/example_kubernetes_executor.py
[2022-11-29T06:33:45.971+0000] {processor.py:766} INFO - DAG(s) dict_keys(['example_kubernetes_executor']) retrieved from /home/airflow/.local/lib/python3.7/site-packages/airflow/example_dags/example_kubernetes_executor.py
[2022-11-29T06:33:46.046+0000] {logging_mixin.py:137} INFO - [2022-11-29T06:33:46.046+0000] {dag.py:2585} INFO - Sync 1 DAGs
[2022-11-29T06:33:46.089+0000] {logging_mixin.py:137} INFO - [2022-11-29T06:33:46.089+0000] {dag.py:3340} INFO - Setting next_dagrun for example_kubernetes_executor to None, run_after=None
[2022-11-29T06:33:46.129+0000] {processor.py:176} INFO - Processing /home/airflow/.local/lib/python3.7/site-packages/airflow/example_dags/example_kubernetes_executor.py took 0.210 seconds
[2022-11-29T06:52:56.484+0000] {processor.py:154} INFO - Started process (PID=57) to work on /home/airflow/.local/lib/python3.7/site-packages/airflow/example_dags/example_kubernetes_executor.py
[2022-11-29T06:52:56.486+0000] {processor.py:756} INFO - Processing file /home/airflow/.local/lib/python3.7/site-packages/airflow/example_dags/example_kubernetes_executor.py for tasks to queue
[2022-11-29T06:52:56.488+0000] {logging_mixin.py:137} INFO - [2022-11-29T06:52:56.488+0000] {dagbag.py:537} INFO - Filling up the DagBag from /home/airflow/.local/lib/python3.7/site-packages/airflow/example_dags/example_kubernetes_executor.py
[2022-11-29T06:52:56.590+0000] {processor.py:766} INFO - DAG(s) dict_keys(['example_kubernetes_executor']) retrieved from /home/airflow/.local/lib/python3.7/site-packages/airflow/example_dags/example_kubernetes_executor.py
[2022-11-29T06:52:56.638+0000] {logging_mixin.py:137} INFO - [2022-11-29T06:52:56.638+0000] {dag.py:2585} INFO - Sync 1 DAGs
[2022-11-29T06:52:56.703+0000] {logging_mixin.py:137} INFO - [2022-11-29T06:52:56.700+0000] {dag.py:3340} INFO - Setting next_dagrun for example_kubernetes_executor to None, run_after=None
[2022-11-29T06:52:56.742+0000] {processor.py:176} INFO - Processing /home/airflow/.local/lib/python3.7/site-packages/airflow/example_dags/example_kubernetes_executor.py took 0.264 seconds
[2022-11-29T06:53:26.939+0000] {processor.py:154} INFO - Started process (PID=112) to work on /home/airflow/.local/lib/python3.7/site-packages/airflow/example_dags/example_kubernetes_executor.py
[2022-11-29T06:53:26.941+0000] {processor.py:756} INFO - Processing file /home/airflow/.local/lib/python3.7/site-packages/airflow/example_dags/example_kubernetes_executor.py for tasks to queue
[2022-11-29T06:53:26.943+0000] {logging_mixin.py:137} INFO - [2022-11-29T06:53:26.942+0000] {dagbag.py:537} INFO - Filling up the DagBag from /home/airflow/.local/lib/python3.7/site-packages/airflow/example_dags/example_kubernetes_executor.py
[2022-11-29T06:53:26.991+0000] {processor.py:766} INFO - DAG(s) dict_keys(['example_kubernetes_executor']) retrieved from /home/airflow/.local/lib/python3.7/site-packages/airflow/example_dags/example_kubernetes_executor.py
[2022-11-29T06:53:27.070+0000] {logging_mixin.py:137} INFO - [2022-11-29T06:53:27.070+0000] {dag.py:2585} INFO - Sync 1 DAGs
[2022-11-29T06:53:27.109+0000] {logging_mixin.py:137} INFO - [2022-11-29T06:53:27.109+0000] {dag.py:3340} INFO - Setting next_dagrun for example_kubernetes_executor to None, run_after=None
[2022-11-29T06:53:27.138+0000] {processor.py:176} INFO - Processing /home/airflow/.local/lib/python3.7/site-packages/airflow/example_dags/example_kubernetes_executor.py took 0.204 seconds
[2022-11-29T06:53:58.023+0000] {processor.py:154} INFO - Started process (PID=177) to work on /home/airflow/.local/lib/python3.7/site-packages/airflow/example_dags/example_kubernetes_executor.py
[2022-11-29T06:53:58.025+0000] {processor.py:756} INFO - Processing file /home/airflow/.local/lib/python3.7/site-packages/airflow/example_dags/example_kubernetes_executor.py for tasks to queue
[2022-11-29T06:53:58.027+0000] {logging_mixin.py:137} INFO - [2022-11-29T06:53:58.027+0000] {dagbag.py:537} INFO - Filling up the DagBag from /home/airflow/.local/lib/python3.7/site-packages/airflow/example_dags/example_kubernetes_executor.py
[2022-11-29T06:53:58.080+0000] {processor.py:766} INFO - DAG(s) dict_keys(['example_kubernetes_executor']) retrieved from /home/airflow/.local/lib/python3.7/site-packages/airflow/example_dags/example_kubernetes_executor.py
[2022-11-29T06:53:58.145+0000] {logging_mixin.py:137} INFO - [2022-11-29T06:53:58.144+0000] {dag.py:2585} INFO - Sync 1 DAGs
[2022-11-29T06:53:58.181+0000] {logging_mixin.py:137} INFO - [2022-11-29T06:53:58.180+0000] {dag.py:3340} INFO - Setting next_dagrun for example_kubernetes_executor to None, run_after=None
[2022-11-29T06:53:58.208+0000] {processor.py:176} INFO - Processing /home/airflow/.local/lib/python3.7/site-packages/airflow/example_dags/example_kubernetes_executor.py took 0.190 seconds
[2022-11-29T06:54:28.585+0000] {processor.py:154} INFO - Started process (PID=240) to work on /home/airflow/.local/lib/python3.7/site-packages/airflow/example_dags/example_kubernetes_executor.py
[2022-11-29T06:54:28.587+0000] {processor.py:756} INFO - Processing file /home/airflow/.local/lib/python3.7/site-packages/airflow/example_dags/example_kubernetes_executor.py for tasks to queue
[2022-11-29T06:54:28.588+0000] {logging_mixin.py:137} INFO - [2022-11-29T06:54:28.588+0000] {dagbag.py:537} INFO - Filling up the DagBag from /home/airflow/.local/lib/python3.7/site-packages/airflow/example_dags/example_kubernetes_executor.py
[2022-11-29T06:54:28.647+0000] {processor.py:766} INFO - DAG(s) dict_keys(['example_kubernetes_executor']) retrieved from /home/airflow/.local/lib/python3.7/site-packages/airflow/example_dags/example_kubernetes_executor.py
[2022-11-29T06:54:28.720+0000] {logging_mixin.py:137} INFO - [2022-11-29T06:54:28.719+0000] {dag.py:2585} INFO - Sync 1 DAGs
[2022-11-29T06:54:28.765+0000] {logging_mixin.py:137} INFO - [2022-11-29T06:54:28.765+0000] {dag.py:3340} INFO - Setting next_dagrun for example_kubernetes_executor to None, run_after=None
[2022-11-29T06:54:28.802+0000] {processor.py:176} INFO - Processing /home/airflow/.local/lib/python3.7/site-packages/airflow/example_dags/example_kubernetes_executor.py took 0.224 seconds
[2022-11-29T06:54:59.263+0000] {processor.py:154} INFO - Started process (PID=294) to work on /home/airflow/.local/lib/python3.7/site-packages/airflow/example_dags/example_kubernetes_executor.py
[2022-11-29T06:54:59.266+0000] {processor.py:756} INFO - Processing file /home/airflow/.local/lib/python3.7/site-packages/airflow/example_dags/example_kubernetes_executor.py for tasks to queue
[2022-11-29T06:54:59.268+0000] {logging_mixin.py:137} INFO - [2022-11-29T06:54:59.268+0000] {dagbag.py:537} INFO - Filling up the DagBag from /home/airflow/.local/lib/python3.7/site-packages/airflow/example_dags/example_kubernetes_executor.py
[2022-11-29T06:54:59.316+0000] {processor.py:766} INFO - DAG(s) dict_keys(['example_kubernetes_executor']) retrieved from /home/airflow/.local/lib/python3.7/site-packages/airflow/example_dags/example_kubernetes_executor.py
[2022-11-29T06:54:59.385+0000] {logging_mixin.py:137} INFO - [2022-11-29T06:54:59.385+0000] {dag.py:2585} INFO - Sync 1 DAGs
[2022-11-29T06:54:59.421+0000] {logging_mixin.py:137} INFO - [2022-11-29T06:54:59.421+0000] {dag.py:3340} INFO - Setting next_dagrun for example_kubernetes_executor to None, run_after=None
[2022-11-29T06:54:59.446+0000] {processor.py:176} INFO - Processing /home/airflow/.local/lib/python3.7/site-packages/airflow/example_dags/example_kubernetes_executor.py took 0.189 seconds
[2022-11-29T06:55:30.113+0000] {processor.py:154} INFO - Started process (PID=356) to work on /home/airflow/.local/lib/python3.7/site-packages/airflow/example_dags/example_kubernetes_executor.py
[2022-11-29T06:55:30.115+0000] {processor.py:756} INFO - Processing file /home/airflow/.local/lib/python3.7/site-packages/airflow/example_dags/example_kubernetes_executor.py for tasks to queue
[2022-11-29T06:55:30.117+0000] {logging_mixin.py:137} INFO - [2022-11-29T06:55:30.116+0000] {dagbag.py:537} INFO - Filling up the DagBag from /home/airflow/.local/lib/python3.7/site-packages/airflow/example_dags/example_kubernetes_executor.py
[2022-11-29T06:55:30.161+0000] {processor.py:766} INFO - DAG(s) dict_keys(['example_kubernetes_executor']) retrieved from /home/airflow/.local/lib/python3.7/site-packages/airflow/example_dags/example_kubernetes_executor.py
[2022-11-29T06:55:30.230+0000] {logging_mixin.py:137} INFO - [2022-11-29T06:55:30.229+0000] {dag.py:2585} INFO - Sync 1 DAGs
[2022-11-29T06:55:30.274+0000] {logging_mixin.py:137} INFO - [2022-11-29T06:55:30.274+0000] {dag.py:3340} INFO - Setting next_dagrun for example_kubernetes_executor to None, run_after=None
[2022-11-29T06:55:30.303+0000] {processor.py:176} INFO - Processing /home/airflow/.local/lib/python3.7/site-packages/airflow/example_dags/example_kubernetes_executor.py took 0.196 seconds
[2022-11-29T06:56:00.590+0000] {processor.py:154} INFO - Started process (PID=410) to work on /home/airflow/.local/lib/python3.7/site-packages/airflow/example_dags/example_kubernetes_executor.py
[2022-11-29T06:56:00.591+0000] {processor.py:756} INFO - Processing file /home/airflow/.local/lib/python3.7/site-packages/airflow/example_dags/example_kubernetes_executor.py for tasks to queue
[2022-11-29T06:56:00.593+0000] {logging_mixin.py:137} INFO - [2022-11-29T06:56:00.593+0000] {dagbag.py:537} INFO - Filling up the DagBag from /home/airflow/.local/lib/python3.7/site-packages/airflow/example_dags/example_kubernetes_executor.py
[2022-11-29T06:56:00.635+0000] {processor.py:766} INFO - DAG(s) dict_keys(['example_kubernetes_executor']) retrieved from /home/airflow/.local/lib/python3.7/site-packages/airflow/example_dags/example_kubernetes_executor.py
[2022-11-29T06:56:00.699+0000] {logging_mixin.py:137} INFO - [2022-11-29T06:56:00.699+0000] {dag.py:2585} INFO - Sync 1 DAGs
[2022-11-29T06:56:00.747+0000] {logging_mixin.py:137} INFO - [2022-11-29T06:56:00.747+0000] {dag.py:3340} INFO - Setting next_dagrun for example_kubernetes_executor to None, run_after=None
[2022-11-29T06:56:00.777+0000] {processor.py:176} INFO - Processing /home/airflow/.local/lib/python3.7/site-packages/airflow/example_dags/example_kubernetes_executor.py took 0.192 seconds
[2022-11-29T07:01:50.473+0000] {processor.py:154} INFO - Started process (PID=55) to work on /home/airflow/.local/lib/python3.7/site-packages/airflow/example_dags/example_kubernetes_executor.py
[2022-11-29T07:01:50.478+0000] {processor.py:756} INFO - Processing file /home/airflow/.local/lib/python3.7/site-packages/airflow/example_dags/example_kubernetes_executor.py for tasks to queue
[2022-11-29T07:01:50.480+0000] {logging_mixin.py:137} INFO - [2022-11-29T07:01:50.480+0000] {dagbag.py:537} INFO - Filling up the DagBag from /home/airflow/.local/lib/python3.7/site-packages/airflow/example_dags/example_kubernetes_executor.py
[2022-11-29T07:01:50.578+0000] {processor.py:766} INFO - DAG(s) dict_keys(['example_kubernetes_executor']) retrieved from /home/airflow/.local/lib/python3.7/site-packages/airflow/example_dags/example_kubernetes_executor.py
[2022-11-29T07:01:50.631+0000] {logging_mixin.py:137} INFO - [2022-11-29T07:01:50.631+0000] {dag.py:2585} INFO - Sync 1 DAGs
[2022-11-29T07:01:50.710+0000] {logging_mixin.py:137} INFO - [2022-11-29T07:01:50.710+0000] {dag.py:3340} INFO - Setting next_dagrun for example_kubernetes_executor to None, run_after=None
[2022-11-29T07:01:50.748+0000] {processor.py:176} INFO - Processing /home/airflow/.local/lib/python3.7/site-packages/airflow/example_dags/example_kubernetes_executor.py took 0.279 seconds
[2022-11-29T07:02:21.344+0000] {processor.py:154} INFO - Started process (PID=116) to work on /home/airflow/.local/lib/python3.7/site-packages/airflow/example_dags/example_kubernetes_executor.py
[2022-11-29T07:02:21.346+0000] {processor.py:756} INFO - Processing file /home/airflow/.local/lib/python3.7/site-packages/airflow/example_dags/example_kubernetes_executor.py for tasks to queue
[2022-11-29T07:02:21.364+0000] {logging_mixin.py:137} INFO - [2022-11-29T07:02:21.361+0000] {dagbag.py:537} INFO - Filling up the DagBag from /home/airflow/.local/lib/python3.7/site-packages/airflow/example_dags/example_kubernetes_executor.py
[2022-11-29T07:02:21.423+0000] {processor.py:766} INFO - DAG(s) dict_keys(['example_kubernetes_executor']) retrieved from /home/airflow/.local/lib/python3.7/site-packages/airflow/example_dags/example_kubernetes_executor.py
[2022-11-29T07:02:21.525+0000] {logging_mixin.py:137} INFO - [2022-11-29T07:02:21.523+0000] {dag.py:2585} INFO - Sync 1 DAGs
[2022-11-29T07:02:21.571+0000] {logging_mixin.py:137} INFO - [2022-11-29T07:02:21.571+0000] {dag.py:3340} INFO - Setting next_dagrun for example_kubernetes_executor to None, run_after=None
[2022-11-29T07:02:21.602+0000] {processor.py:176} INFO - Processing /home/airflow/.local/lib/python3.7/site-packages/airflow/example_dags/example_kubernetes_executor.py took 0.264 seconds
[2022-11-29T07:02:51.795+0000] {processor.py:154} INFO - Started process (PID=173) to work on /home/airflow/.local/lib/python3.7/site-packages/airflow/example_dags/example_kubernetes_executor.py
[2022-11-29T07:02:51.799+0000] {processor.py:756} INFO - Processing file /home/airflow/.local/lib/python3.7/site-packages/airflow/example_dags/example_kubernetes_executor.py for tasks to queue
[2022-11-29T07:02:51.801+0000] {logging_mixin.py:137} INFO - [2022-11-29T07:02:51.800+0000] {dagbag.py:537} INFO - Filling up the DagBag from /home/airflow/.local/lib/python3.7/site-packages/airflow/example_dags/example_kubernetes_executor.py
[2022-11-29T07:02:51.826+0000] {processor.py:766} INFO - DAG(s) dict_keys(['example_kubernetes_executor']) retrieved from /home/airflow/.local/lib/python3.7/site-packages/airflow/example_dags/example_kubernetes_executor.py
[2022-11-29T07:02:51.896+0000] {logging_mixin.py:137} INFO - [2022-11-29T07:02:51.896+0000] {dag.py:2585} INFO - Sync 1 DAGs
[2022-11-29T07:02:51.947+0000] {logging_mixin.py:137} INFO - [2022-11-29T07:02:51.947+0000] {dag.py:3340} INFO - Setting next_dagrun for example_kubernetes_executor to None, run_after=None
[2022-11-29T07:02:51.987+0000] {processor.py:176} INFO - Processing /home/airflow/.local/lib/python3.7/site-packages/airflow/example_dags/example_kubernetes_executor.py took 0.219 seconds
[2022-11-29T07:03:22.389+0000] {processor.py:154} INFO - Started process (PID=236) to work on /home/airflow/.local/lib/python3.7/site-packages/airflow/example_dags/example_kubernetes_executor.py
[2022-11-29T07:03:22.391+0000] {processor.py:756} INFO - Processing file /home/airflow/.local/lib/python3.7/site-packages/airflow/example_dags/example_kubernetes_executor.py for tasks to queue
[2022-11-29T07:03:22.392+0000] {logging_mixin.py:137} INFO - [2022-11-29T07:03:22.392+0000] {dagbag.py:537} INFO - Filling up the DagBag from /home/airflow/.local/lib/python3.7/site-packages/airflow/example_dags/example_kubernetes_executor.py
[2022-11-29T07:03:22.439+0000] {processor.py:766} INFO - DAG(s) dict_keys(['example_kubernetes_executor']) retrieved from /home/airflow/.local/lib/python3.7/site-packages/airflow/example_dags/example_kubernetes_executor.py
[2022-11-29T07:03:22.509+0000] {logging_mixin.py:137} INFO - [2022-11-29T07:03:22.509+0000] {dag.py:2585} INFO - Sync 1 DAGs
[2022-11-29T07:03:22.550+0000] {logging_mixin.py:137} INFO - [2022-11-29T07:03:22.550+0000] {dag.py:3340} INFO - Setting next_dagrun for example_kubernetes_executor to None, run_after=None
[2022-11-29T07:03:22.582+0000] {processor.py:176} INFO - Processing /home/airflow/.local/lib/python3.7/site-packages/airflow/example_dags/example_kubernetes_executor.py took 0.198 seconds
[2022-11-29T07:03:53.407+0000] {processor.py:154} INFO - Started process (PID=290) to work on /home/airflow/.local/lib/python3.7/site-packages/airflow/example_dags/example_kubernetes_executor.py
[2022-11-29T07:03:53.409+0000] {processor.py:756} INFO - Processing file /home/airflow/.local/lib/python3.7/site-packages/airflow/example_dags/example_kubernetes_executor.py for tasks to queue
[2022-11-29T07:03:53.411+0000] {logging_mixin.py:137} INFO - [2022-11-29T07:03:53.411+0000] {dagbag.py:537} INFO - Filling up the DagBag from /home/airflow/.local/lib/python3.7/site-packages/airflow/example_dags/example_kubernetes_executor.py
[2022-11-29T07:03:53.476+0000] {processor.py:766} INFO - DAG(s) dict_keys(['example_kubernetes_executor']) retrieved from /home/airflow/.local/lib/python3.7/site-packages/airflow/example_dags/example_kubernetes_executor.py
[2022-11-29T07:03:53.548+0000] {logging_mixin.py:137} INFO - [2022-11-29T07:03:53.548+0000] {dag.py:2585} INFO - Sync 1 DAGs
[2022-11-29T07:03:53.591+0000] {logging_mixin.py:137} INFO - [2022-11-29T07:03:53.590+0000] {dag.py:3340} INFO - Setting next_dagrun for example_kubernetes_executor to None, run_after=None
[2022-11-29T07:03:53.639+0000] {processor.py:176} INFO - Processing /home/airflow/.local/lib/python3.7/site-packages/airflow/example_dags/example_kubernetes_executor.py took 0.237 seconds
[2022-11-29T07:04:49.409+0000] {processor.py:154} INFO - Started process (PID=55) to work on /home/airflow/.local/lib/python3.7/site-packages/airflow/example_dags/example_kubernetes_executor.py
[2022-11-29T07:04:49.417+0000] {processor.py:756} INFO - Processing file /home/airflow/.local/lib/python3.7/site-packages/airflow/example_dags/example_kubernetes_executor.py for tasks to queue
[2022-11-29T07:04:49.419+0000] {logging_mixin.py:137} INFO - [2022-11-29T07:04:49.418+0000] {dagbag.py:537} INFO - Filling up the DagBag from /home/airflow/.local/lib/python3.7/site-packages/airflow/example_dags/example_kubernetes_executor.py
[2022-11-29T07:04:49.506+0000] {processor.py:766} INFO - DAG(s) dict_keys(['example_kubernetes_executor']) retrieved from /home/airflow/.local/lib/python3.7/site-packages/airflow/example_dags/example_kubernetes_executor.py
[2022-11-29T07:04:49.554+0000] {logging_mixin.py:137} INFO - [2022-11-29T07:04:49.554+0000] {dag.py:2585} INFO - Sync 1 DAGs
[2022-11-29T07:04:49.602+0000] {logging_mixin.py:137} INFO - [2022-11-29T07:04:49.601+0000] {dag.py:3340} INFO - Setting next_dagrun for example_kubernetes_executor to None, run_after=None
[2022-11-29T07:04:49.652+0000] {processor.py:176} INFO - Processing /home/airflow/.local/lib/python3.7/site-packages/airflow/example_dags/example_kubernetes_executor.py took 0.248 seconds
[2022-11-29T07:05:59.361+0000] {processor.py:154} INFO - Started process (PID=55) to work on /home/airflow/.local/lib/python3.7/site-packages/airflow/example_dags/example_kubernetes_executor.py
[2022-11-29T07:05:59.363+0000] {processor.py:756} INFO - Processing file /home/airflow/.local/lib/python3.7/site-packages/airflow/example_dags/example_kubernetes_executor.py for tasks to queue
[2022-11-29T07:05:59.366+0000] {logging_mixin.py:137} INFO - [2022-11-29T07:05:59.365+0000] {dagbag.py:537} INFO - Filling up the DagBag from /home/airflow/.local/lib/python3.7/site-packages/airflow/example_dags/example_kubernetes_executor.py
[2022-11-29T07:05:59.480+0000] {processor.py:766} INFO - DAG(s) dict_keys(['example_kubernetes_executor']) retrieved from /home/airflow/.local/lib/python3.7/site-packages/airflow/example_dags/example_kubernetes_executor.py
[2022-11-29T07:05:59.539+0000] {logging_mixin.py:137} INFO - [2022-11-29T07:05:59.538+0000] {dag.py:2585} INFO - Sync 1 DAGs
[2022-11-29T07:05:59.597+0000] {logging_mixin.py:137} INFO - [2022-11-29T07:05:59.597+0000] {dag.py:3340} INFO - Setting next_dagrun for example_kubernetes_executor to None, run_after=None
[2022-11-29T07:05:59.627+0000] {processor.py:176} INFO - Processing /home/airflow/.local/lib/python3.7/site-packages/airflow/example_dags/example_kubernetes_executor.py took 0.271 seconds
[2022-11-29T07:06:29.946+0000] {processor.py:154} INFO - Started process (PID=116) to work on /home/airflow/.local/lib/python3.7/site-packages/airflow/example_dags/example_kubernetes_executor.py
[2022-11-29T07:06:29.949+0000] {processor.py:756} INFO - Processing file /home/airflow/.local/lib/python3.7/site-packages/airflow/example_dags/example_kubernetes_executor.py for tasks to queue
[2022-11-29T07:06:29.952+0000] {logging_mixin.py:137} INFO - [2022-11-29T07:06:29.951+0000] {dagbag.py:537} INFO - Filling up the DagBag from /home/airflow/.local/lib/python3.7/site-packages/airflow/example_dags/example_kubernetes_executor.py
[2022-11-29T07:06:30.014+0000] {processor.py:766} INFO - DAG(s) dict_keys(['example_kubernetes_executor']) retrieved from /home/airflow/.local/lib/python3.7/site-packages/airflow/example_dags/example_kubernetes_executor.py
[2022-11-29T07:06:30.102+0000] {logging_mixin.py:137} INFO - [2022-11-29T07:06:30.101+0000] {dag.py:2585} INFO - Sync 1 DAGs
[2022-11-29T07:06:30.150+0000] {logging_mixin.py:137} INFO - [2022-11-29T07:06:30.150+0000] {dag.py:3340} INFO - Setting next_dagrun for example_kubernetes_executor to None, run_after=None
[2022-11-29T07:06:30.179+0000] {processor.py:176} INFO - Processing /home/airflow/.local/lib/python3.7/site-packages/airflow/example_dags/example_kubernetes_executor.py took 0.243 seconds
[2022-11-29T07:07:00.448+0000] {processor.py:154} INFO - Started process (PID=173) to work on /home/airflow/.local/lib/python3.7/site-packages/airflow/example_dags/example_kubernetes_executor.py
[2022-11-29T07:07:00.452+0000] {processor.py:756} INFO - Processing file /home/airflow/.local/lib/python3.7/site-packages/airflow/example_dags/example_kubernetes_executor.py for tasks to queue
[2022-11-29T07:07:00.459+0000] {logging_mixin.py:137} INFO - [2022-11-29T07:07:00.458+0000] {dagbag.py:537} INFO - Filling up the DagBag from /home/airflow/.local/lib/python3.7/site-packages/airflow/example_dags/example_kubernetes_executor.py
[2022-11-29T07:07:00.509+0000] {processor.py:766} INFO - DAG(s) dict_keys(['example_kubernetes_executor']) retrieved from /home/airflow/.local/lib/python3.7/site-packages/airflow/example_dags/example_kubernetes_executor.py
[2022-11-29T07:07:00.585+0000] {logging_mixin.py:137} INFO - [2022-11-29T07:07:00.585+0000] {dag.py:2585} INFO - Sync 1 DAGs
[2022-11-29T07:07:00.625+0000] {logging_mixin.py:137} INFO - [2022-11-29T07:07:00.625+0000] {dag.py:3340} INFO - Setting next_dagrun for example_kubernetes_executor to None, run_after=None
[2022-11-29T07:07:00.660+0000] {processor.py:176} INFO - Processing /home/airflow/.local/lib/python3.7/site-packages/airflow/example_dags/example_kubernetes_executor.py took 0.217 seconds
[2022-11-29T07:07:31.286+0000] {processor.py:154} INFO - Started process (PID=236) to work on /home/airflow/.local/lib/python3.7/site-packages/airflow/example_dags/example_kubernetes_executor.py
[2022-11-29T07:07:31.288+0000] {processor.py:756} INFO - Processing file /home/airflow/.local/lib/python3.7/site-packages/airflow/example_dags/example_kubernetes_executor.py for tasks to queue
[2022-11-29T07:07:31.291+0000] {logging_mixin.py:137} INFO - [2022-11-29T07:07:31.291+0000] {dagbag.py:537} INFO - Filling up the DagBag from /home/airflow/.local/lib/python3.7/site-packages/airflow/example_dags/example_kubernetes_executor.py
[2022-11-29T07:07:31.340+0000] {processor.py:766} INFO - DAG(s) dict_keys(['example_kubernetes_executor']) retrieved from /home/airflow/.local/lib/python3.7/site-packages/airflow/example_dags/example_kubernetes_executor.py
[2022-11-29T07:07:31.408+0000] {logging_mixin.py:137} INFO - [2022-11-29T07:07:31.407+0000] {dag.py:2585} INFO - Sync 1 DAGs
[2022-11-29T07:07:31.450+0000] {logging_mixin.py:137} INFO - [2022-11-29T07:07:31.449+0000] {dag.py:3340} INFO - Setting next_dagrun for example_kubernetes_executor to None, run_after=None
[2022-11-29T07:07:31.491+0000] {processor.py:176} INFO - Processing /home/airflow/.local/lib/python3.7/site-packages/airflow/example_dags/example_kubernetes_executor.py took 0.213 seconds
[2022-11-29T07:08:01.965+0000] {processor.py:154} INFO - Started process (PID=292) to work on /home/airflow/.local/lib/python3.7/site-packages/airflow/example_dags/example_kubernetes_executor.py
[2022-11-29T07:08:01.967+0000] {processor.py:756} INFO - Processing file /home/airflow/.local/lib/python3.7/site-packages/airflow/example_dags/example_kubernetes_executor.py for tasks to queue
[2022-11-29T07:08:01.969+0000] {logging_mixin.py:137} INFO - [2022-11-29T07:08:01.969+0000] {dagbag.py:537} INFO - Filling up the DagBag from /home/airflow/.local/lib/python3.7/site-packages/airflow/example_dags/example_kubernetes_executor.py
[2022-11-29T07:08:02.012+0000] {processor.py:766} INFO - DAG(s) dict_keys(['example_kubernetes_executor']) retrieved from /home/airflow/.local/lib/python3.7/site-packages/airflow/example_dags/example_kubernetes_executor.py
[2022-11-29T07:08:02.082+0000] {logging_mixin.py:137} INFO - [2022-11-29T07:08:02.082+0000] {dag.py:2585} INFO - Sync 1 DAGs
[2022-11-29T07:08:02.120+0000] {logging_mixin.py:137} INFO - [2022-11-29T07:08:02.120+0000] {dag.py:3340} INFO - Setting next_dagrun for example_kubernetes_executor to None, run_after=None
[2022-11-29T07:08:02.151+0000] {processor.py:176} INFO - Processing /home/airflow/.local/lib/python3.7/site-packages/airflow/example_dags/example_kubernetes_executor.py took 0.193 seconds
[2022-11-29T07:08:33.277+0000] {processor.py:154} INFO - Started process (PID=355) to work on /home/airflow/.local/lib/python3.7/site-packages/airflow/example_dags/example_kubernetes_executor.py
[2022-11-29T07:08:33.279+0000] {processor.py:756} INFO - Processing file /home/airflow/.local/lib/python3.7/site-packages/airflow/example_dags/example_kubernetes_executor.py for tasks to queue
[2022-11-29T07:08:33.281+0000] {logging_mixin.py:137} INFO - [2022-11-29T07:08:33.281+0000] {dagbag.py:537} INFO - Filling up the DagBag from /home/airflow/.local/lib/python3.7/site-packages/airflow/example_dags/example_kubernetes_executor.py
[2022-11-29T07:08:33.325+0000] {processor.py:766} INFO - DAG(s) dict_keys(['example_kubernetes_executor']) retrieved from /home/airflow/.local/lib/python3.7/site-packages/airflow/example_dags/example_kubernetes_executor.py
[2022-11-29T07:08:33.395+0000] {logging_mixin.py:137} INFO - [2022-11-29T07:08:33.395+0000] {dag.py:2585} INFO - Sync 1 DAGs
[2022-11-29T07:08:33.437+0000] {logging_mixin.py:137} INFO - [2022-11-29T07:08:33.437+0000] {dag.py:3340} INFO - Setting next_dagrun for example_kubernetes_executor to None, run_after=None
[2022-11-29T07:08:33.468+0000] {processor.py:176} INFO - Processing /home/airflow/.local/lib/python3.7/site-packages/airflow/example_dags/example_kubernetes_executor.py took 0.198 seconds
[2022-11-29T07:09:03.887+0000] {processor.py:154} INFO - Started process (PID=418) to work on /home/airflow/.local/lib/python3.7/site-packages/airflow/example_dags/example_kubernetes_executor.py
[2022-11-29T07:09:03.888+0000] {processor.py:756} INFO - Processing file /home/airflow/.local/lib/python3.7/site-packages/airflow/example_dags/example_kubernetes_executor.py for tasks to queue
[2022-11-29T07:09:03.890+0000] {logging_mixin.py:137} INFO - [2022-11-29T07:09:03.890+0000] {dagbag.py:537} INFO - Filling up the DagBag from /home/airflow/.local/lib/python3.7/site-packages/airflow/example_dags/example_kubernetes_executor.py
[2022-11-29T07:09:03.936+0000] {processor.py:766} INFO - DAG(s) dict_keys(['example_kubernetes_executor']) retrieved from /home/airflow/.local/lib/python3.7/site-packages/airflow/example_dags/example_kubernetes_executor.py
[2022-11-29T07:09:04.002+0000] {logging_mixin.py:137} INFO - [2022-11-29T07:09:04.002+0000] {dag.py:2585} INFO - Sync 1 DAGs
[2022-11-29T07:09:04.045+0000] {logging_mixin.py:137} INFO - [2022-11-29T07:09:04.045+0000] {dag.py:3340} INFO - Setting next_dagrun for example_kubernetes_executor to None, run_after=None
[2022-11-29T07:09:04.079+0000] {processor.py:176} INFO - Processing /home/airflow/.local/lib/python3.7/site-packages/airflow/example_dags/example_kubernetes_executor.py took 0.199 seconds
[2022-11-29T07:09:34.401+0000] {processor.py:154} INFO - Started process (PID=472) to work on /home/airflow/.local/lib/python3.7/site-packages/airflow/example_dags/example_kubernetes_executor.py
[2022-11-29T07:09:34.403+0000] {processor.py:756} INFO - Processing file /home/airflow/.local/lib/python3.7/site-packages/airflow/example_dags/example_kubernetes_executor.py for tasks to queue
[2022-11-29T07:09:34.405+0000] {logging_mixin.py:137} INFO - [2022-11-29T07:09:34.405+0000] {dagbag.py:537} INFO - Filling up the DagBag from /home/airflow/.local/lib/python3.7/site-packages/airflow/example_dags/example_kubernetes_executor.py
[2022-11-29T07:09:34.455+0000] {processor.py:766} INFO - DAG(s) dict_keys(['example_kubernetes_executor']) retrieved from /home/airflow/.local/lib/python3.7/site-packages/airflow/example_dags/example_kubernetes_executor.py
[2022-11-29T07:09:34.524+0000] {logging_mixin.py:137} INFO - [2022-11-29T07:09:34.524+0000] {dag.py:2585} INFO - Sync 1 DAGs
[2022-11-29T07:09:34.564+0000] {logging_mixin.py:137} INFO - [2022-11-29T07:09:34.564+0000] {dag.py:3340} INFO - Setting next_dagrun for example_kubernetes_executor to None, run_after=None
[2022-11-29T07:09:34.596+0000] {processor.py:176} INFO - Processing /home/airflow/.local/lib/python3.7/site-packages/airflow/example_dags/example_kubernetes_executor.py took 0.200 seconds
[2022-11-29T07:10:05.088+0000] {processor.py:154} INFO - Started process (PID=535) to work on /home/airflow/.local/lib/python3.7/site-packages/airflow/example_dags/example_kubernetes_executor.py
[2022-11-29T07:10:05.090+0000] {processor.py:756} INFO - Processing file /home/airflow/.local/lib/python3.7/site-packages/airflow/example_dags/example_kubernetes_executor.py for tasks to queue
[2022-11-29T07:10:05.091+0000] {logging_mixin.py:137} INFO - [2022-11-29T07:10:05.091+0000] {dagbag.py:537} INFO - Filling up the DagBag from /home/airflow/.local/lib/python3.7/site-packages/airflow/example_dags/example_kubernetes_executor.py
[2022-11-29T07:10:05.142+0000] {processor.py:766} INFO - DAG(s) dict_keys(['example_kubernetes_executor']) retrieved from /home/airflow/.local/lib/python3.7/site-packages/airflow/example_dags/example_kubernetes_executor.py
[2022-11-29T07:10:05.216+0000] {logging_mixin.py:137} INFO - [2022-11-29T07:10:05.216+0000] {dag.py:2585} INFO - Sync 1 DAGs
[2022-11-29T07:10:05.260+0000] {logging_mixin.py:137} INFO - [2022-11-29T07:10:05.260+0000] {dag.py:3340} INFO - Setting next_dagrun for example_kubernetes_executor to None, run_after=None
[2022-11-29T07:10:05.301+0000] {processor.py:176} INFO - Processing /home/airflow/.local/lib/python3.7/site-packages/airflow/example_dags/example_kubernetes_executor.py took 0.219 seconds
[2022-11-29T07:10:36.156+0000] {processor.py:154} INFO - Started process (PID=598) to work on /home/airflow/.local/lib/python3.7/site-packages/airflow/example_dags/example_kubernetes_executor.py
[2022-11-29T07:10:36.158+0000] {processor.py:756} INFO - Processing file /home/airflow/.local/lib/python3.7/site-packages/airflow/example_dags/example_kubernetes_executor.py for tasks to queue
[2022-11-29T07:10:36.161+0000] {logging_mixin.py:137} INFO - [2022-11-29T07:10:36.160+0000] {dagbag.py:537} INFO - Filling up the DagBag from /home/airflow/.local/lib/python3.7/site-packages/airflow/example_dags/example_kubernetes_executor.py
[2022-11-29T07:10:36.223+0000] {processor.py:766} INFO - DAG(s) dict_keys(['example_kubernetes_executor']) retrieved from /home/airflow/.local/lib/python3.7/site-packages/airflow/example_dags/example_kubernetes_executor.py
[2022-11-29T07:10:36.320+0000] {logging_mixin.py:137} INFO - [2022-11-29T07:10:36.319+0000] {dag.py:2585} INFO - Sync 1 DAGs
[2022-11-29T07:10:36.385+0000] {logging_mixin.py:137} INFO - [2022-11-29T07:10:36.384+0000] {dag.py:3340} INFO - Setting next_dagrun for example_kubernetes_executor to None, run_after=None
[2022-11-29T07:10:36.441+0000] {processor.py:176} INFO - Processing /home/airflow/.local/lib/python3.7/site-packages/airflow/example_dags/example_kubernetes_executor.py took 0.295 seconds
[2022-11-29T07:11:07.150+0000] {processor.py:154} INFO - Started process (PID=652) to work on /home/airflow/.local/lib/python3.7/site-packages/airflow/example_dags/example_kubernetes_executor.py
[2022-11-29T07:11:07.152+0000] {processor.py:756} INFO - Processing file /home/airflow/.local/lib/python3.7/site-packages/airflow/example_dags/example_kubernetes_executor.py for tasks to queue
[2022-11-29T07:11:07.153+0000] {logging_mixin.py:137} INFO - [2022-11-29T07:11:07.153+0000] {dagbag.py:537} INFO - Filling up the DagBag from /home/airflow/.local/lib/python3.7/site-packages/airflow/example_dags/example_kubernetes_executor.py
[2022-11-29T07:11:07.196+0000] {processor.py:766} INFO - DAG(s) dict_keys(['example_kubernetes_executor']) retrieved from /home/airflow/.local/lib/python3.7/site-packages/airflow/example_dags/example_kubernetes_executor.py
[2022-11-29T07:11:07.259+0000] {logging_mixin.py:137} INFO - [2022-11-29T07:11:07.258+0000] {dag.py:2585} INFO - Sync 1 DAGs
[2022-11-29T07:11:07.297+0000] {logging_mixin.py:137} INFO - [2022-11-29T07:11:07.296+0000] {dag.py:3340} INFO - Setting next_dagrun for example_kubernetes_executor to None, run_after=None
[2022-11-29T07:11:07.325+0000] {processor.py:176} INFO - Processing /home/airflow/.local/lib/python3.7/site-packages/airflow/example_dags/example_kubernetes_executor.py took 0.180 seconds
[2022-11-29T07:11:38.224+0000] {processor.py:154} INFO - Started process (PID=714) to work on /home/airflow/.local/lib/python3.7/site-packages/airflow/example_dags/example_kubernetes_executor.py
[2022-11-29T07:11:38.226+0000] {processor.py:756} INFO - Processing file /home/airflow/.local/lib/python3.7/site-packages/airflow/example_dags/example_kubernetes_executor.py for tasks to queue
[2022-11-29T07:11:38.228+0000] {logging_mixin.py:137} INFO - [2022-11-29T07:11:38.228+0000] {dagbag.py:537} INFO - Filling up the DagBag from /home/airflow/.local/lib/python3.7/site-packages/airflow/example_dags/example_kubernetes_executor.py
[2022-11-29T07:11:38.277+0000] {processor.py:766} INFO - DAG(s) dict_keys(['example_kubernetes_executor']) retrieved from /home/airflow/.local/lib/python3.7/site-packages/airflow/example_dags/example_kubernetes_executor.py
[2022-11-29T07:11:38.346+0000] {logging_mixin.py:137} INFO - [2022-11-29T07:11:38.346+0000] {dag.py:2585} INFO - Sync 1 DAGs
[2022-11-29T07:11:38.384+0000] {logging_mixin.py:137} INFO - [2022-11-29T07:11:38.384+0000] {dag.py:3340} INFO - Setting next_dagrun for example_kubernetes_executor to None, run_after=None
[2022-11-29T07:11:38.413+0000] {processor.py:176} INFO - Processing /home/airflow/.local/lib/python3.7/site-packages/airflow/example_dags/example_kubernetes_executor.py took 0.194 seconds
[2022-11-29T07:12:08.957+0000] {processor.py:154} INFO - Started process (PID=778) to work on /home/airflow/.local/lib/python3.7/site-packages/airflow/example_dags/example_kubernetes_executor.py
[2022-11-29T07:12:08.959+0000] {processor.py:756} INFO - Processing file /home/airflow/.local/lib/python3.7/site-packages/airflow/example_dags/example_kubernetes_executor.py for tasks to queue
[2022-11-29T07:12:08.961+0000] {logging_mixin.py:137} INFO - [2022-11-29T07:12:08.961+0000] {dagbag.py:537} INFO - Filling up the DagBag from /home/airflow/.local/lib/python3.7/site-packages/airflow/example_dags/example_kubernetes_executor.py
[2022-11-29T07:12:09.004+0000] {processor.py:766} INFO - DAG(s) dict_keys(['example_kubernetes_executor']) retrieved from /home/airflow/.local/lib/python3.7/site-packages/airflow/example_dags/example_kubernetes_executor.py
[2022-11-29T07:12:09.067+0000] {logging_mixin.py:137} INFO - [2022-11-29T07:12:09.067+0000] {dag.py:2585} INFO - Sync 1 DAGs
[2022-11-29T07:12:09.103+0000] {logging_mixin.py:137} INFO - [2022-11-29T07:12:09.103+0000] {dag.py:3340} INFO - Setting next_dagrun for example_kubernetes_executor to None, run_after=None
[2022-11-29T07:12:09.133+0000] {processor.py:176} INFO - Processing /home/airflow/.local/lib/python3.7/site-packages/airflow/example_dags/example_kubernetes_executor.py took 0.180 seconds
[2022-11-29T07:12:39.390+0000] {processor.py:154} INFO - Started process (PID=832) to work on /home/airflow/.local/lib/python3.7/site-packages/airflow/example_dags/example_kubernetes_executor.py
[2022-11-29T07:12:39.392+0000] {processor.py:756} INFO - Processing file /home/airflow/.local/lib/python3.7/site-packages/airflow/example_dags/example_kubernetes_executor.py for tasks to queue
[2022-11-29T07:12:39.393+0000] {logging_mixin.py:137} INFO - [2022-11-29T07:12:39.393+0000] {dagbag.py:537} INFO - Filling up the DagBag from /home/airflow/.local/lib/python3.7/site-packages/airflow/example_dags/example_kubernetes_executor.py
[2022-11-29T07:12:39.434+0000] {processor.py:766} INFO - DAG(s) dict_keys(['example_kubernetes_executor']) retrieved from /home/airflow/.local/lib/python3.7/site-packages/airflow/example_dags/example_kubernetes_executor.py
[2022-11-29T07:12:39.498+0000] {logging_mixin.py:137} INFO - [2022-11-29T07:12:39.498+0000] {dag.py:2585} INFO - Sync 1 DAGs
[2022-11-29T07:12:39.536+0000] {logging_mixin.py:137} INFO - [2022-11-29T07:12:39.536+0000] {dag.py:3340} INFO - Setting next_dagrun for example_kubernetes_executor to None, run_after=None
[2022-11-29T07:12:39.567+0000] {processor.py:176} INFO - Processing /home/airflow/.local/lib/python3.7/site-packages/airflow/example_dags/example_kubernetes_executor.py took 0.184 seconds
[2022-11-29T07:13:09.866+0000] {processor.py:154} INFO - Started process (PID=894) to work on /home/airflow/.local/lib/python3.7/site-packages/airflow/example_dags/example_kubernetes_executor.py
[2022-11-29T07:13:09.869+0000] {processor.py:756} INFO - Processing file /home/airflow/.local/lib/python3.7/site-packages/airflow/example_dags/example_kubernetes_executor.py for tasks to queue
[2022-11-29T07:13:09.871+0000] {logging_mixin.py:137} INFO - [2022-11-29T07:13:09.871+0000] {dagbag.py:537} INFO - Filling up the DagBag from /home/airflow/.local/lib/python3.7/site-packages/airflow/example_dags/example_kubernetes_executor.py
[2022-11-29T07:13:09.916+0000] {processor.py:766} INFO - DAG(s) dict_keys(['example_kubernetes_executor']) retrieved from /home/airflow/.local/lib/python3.7/site-packages/airflow/example_dags/example_kubernetes_executor.py
[2022-11-29T07:13:09.981+0000] {logging_mixin.py:137} INFO - [2022-11-29T07:13:09.981+0000] {dag.py:2585} INFO - Sync 1 DAGs
[2022-11-29T07:13:10.019+0000] {logging_mixin.py:137} INFO - [2022-11-29T07:13:10.019+0000] {dag.py:3340} INFO - Setting next_dagrun for example_kubernetes_executor to None, run_after=None
[2022-11-29T07:13:10.047+0000] {processor.py:176} INFO - Processing /home/airflow/.local/lib/python3.7/site-packages/airflow/example_dags/example_kubernetes_executor.py took 0.190 seconds
[2022-11-29T07:13:40.712+0000] {processor.py:154} INFO - Started process (PID=957) to work on /home/airflow/.local/lib/python3.7/site-packages/airflow/example_dags/example_kubernetes_executor.py
[2022-11-29T07:13:40.714+0000] {processor.py:756} INFO - Processing file /home/airflow/.local/lib/python3.7/site-packages/airflow/example_dags/example_kubernetes_executor.py for tasks to queue
[2022-11-29T07:13:40.716+0000] {logging_mixin.py:137} INFO - [2022-11-29T07:13:40.716+0000] {dagbag.py:537} INFO - Filling up the DagBag from /home/airflow/.local/lib/python3.7/site-packages/airflow/example_dags/example_kubernetes_executor.py
[2022-11-29T07:13:40.786+0000] {processor.py:766} INFO - DAG(s) dict_keys(['example_kubernetes_executor']) retrieved from /home/airflow/.local/lib/python3.7/site-packages/airflow/example_dags/example_kubernetes_executor.py
[2022-11-29T07:13:40.869+0000] {logging_mixin.py:137} INFO - [2022-11-29T07:13:40.868+0000] {dag.py:2585} INFO - Sync 1 DAGs
[2022-11-29T07:13:40.940+0000] {logging_mixin.py:137} INFO - [2022-11-29T07:13:40.940+0000] {dag.py:3340} INFO - Setting next_dagrun for example_kubernetes_executor to None, run_after=None
[2022-11-29T07:13:40.975+0000] {processor.py:176} INFO - Processing /home/airflow/.local/lib/python3.7/site-packages/airflow/example_dags/example_kubernetes_executor.py took 0.267 seconds
[2022-11-29T07:14:11.921+0000] {processor.py:154} INFO - Started process (PID=1011) to work on /home/airflow/.local/lib/python3.7/site-packages/airflow/example_dags/example_kubernetes_executor.py
[2022-11-29T07:14:11.923+0000] {processor.py:756} INFO - Processing file /home/airflow/.local/lib/python3.7/site-packages/airflow/example_dags/example_kubernetes_executor.py for tasks to queue
[2022-11-29T07:14:11.926+0000] {logging_mixin.py:137} INFO - [2022-11-29T07:14:11.925+0000] {dagbag.py:537} INFO - Filling up the DagBag from /home/airflow/.local/lib/python3.7/site-packages/airflow/example_dags/example_kubernetes_executor.py
[2022-11-29T07:14:11.975+0000] {processor.py:766} INFO - DAG(s) dict_keys(['example_kubernetes_executor']) retrieved from /home/airflow/.local/lib/python3.7/site-packages/airflow/example_dags/example_kubernetes_executor.py
[2022-11-29T07:14:12.050+0000] {logging_mixin.py:137} INFO - [2022-11-29T07:14:12.050+0000] {dag.py:2585} INFO - Sync 1 DAGs
[2022-11-29T07:14:12.097+0000] {logging_mixin.py:137} INFO - [2022-11-29T07:14:12.097+0000] {dag.py:3340} INFO - Setting next_dagrun for example_kubernetes_executor to None, run_after=None
[2022-11-29T07:14:12.136+0000] {processor.py:176} INFO - Processing /home/airflow/.local/lib/python3.7/site-packages/airflow/example_dags/example_kubernetes_executor.py took 0.222 seconds
[2022-11-29T07:14:42.342+0000] {processor.py:154} INFO - Started process (PID=1074) to work on /home/airflow/.local/lib/python3.7/site-packages/airflow/example_dags/example_kubernetes_executor.py
[2022-11-29T07:14:42.344+0000] {processor.py:756} INFO - Processing file /home/airflow/.local/lib/python3.7/site-packages/airflow/example_dags/example_kubernetes_executor.py for tasks to queue
[2022-11-29T07:14:42.346+0000] {logging_mixin.py:137} INFO - [2022-11-29T07:14:42.346+0000] {dagbag.py:537} INFO - Filling up the DagBag from /home/airflow/.local/lib/python3.7/site-packages/airflow/example_dags/example_kubernetes_executor.py
[2022-11-29T07:14:42.408+0000] {processor.py:766} INFO - DAG(s) dict_keys(['example_kubernetes_executor']) retrieved from /home/airflow/.local/lib/python3.7/site-packages/airflow/example_dags/example_kubernetes_executor.py
[2022-11-29T07:14:42.489+0000] {logging_mixin.py:137} INFO - [2022-11-29T07:14:42.489+0000] {dag.py:2585} INFO - Sync 1 DAGs
[2022-11-29T07:14:42.539+0000] {logging_mixin.py:137} INFO - [2022-11-29T07:14:42.538+0000] {dag.py:3340} INFO - Setting next_dagrun for example_kubernetes_executor to None, run_after=None
[2022-11-29T07:14:42.576+0000] {processor.py:176} INFO - Processing /home/airflow/.local/lib/python3.7/site-packages/airflow/example_dags/example_kubernetes_executor.py took 0.239 seconds
[2022-11-29T07:15:13.339+0000] {processor.py:154} INFO - Started process (PID=1137) to work on /home/airflow/.local/lib/python3.7/site-packages/airflow/example_dags/example_kubernetes_executor.py
[2022-11-29T07:15:13.342+0000] {processor.py:756} INFO - Processing file /home/airflow/.local/lib/python3.7/site-packages/airflow/example_dags/example_kubernetes_executor.py for tasks to queue
[2022-11-29T07:15:13.343+0000] {logging_mixin.py:137} INFO - [2022-11-29T07:15:13.343+0000] {dagbag.py:537} INFO - Filling up the DagBag from /home/airflow/.local/lib/python3.7/site-packages/airflow/example_dags/example_kubernetes_executor.py
[2022-11-29T07:15:13.386+0000] {processor.py:766} INFO - DAG(s) dict_keys(['example_kubernetes_executor']) retrieved from /home/airflow/.local/lib/python3.7/site-packages/airflow/example_dags/example_kubernetes_executor.py
[2022-11-29T07:15:13.446+0000] {logging_mixin.py:137} INFO - [2022-11-29T07:15:13.445+0000] {dag.py:2585} INFO - Sync 1 DAGs
[2022-11-29T07:15:13.481+0000] {logging_mixin.py:137} INFO - [2022-11-29T07:15:13.481+0000] {dag.py:3340} INFO - Setting next_dagrun for example_kubernetes_executor to None, run_after=None
[2022-11-29T07:15:13.509+0000] {processor.py:176} INFO - Processing /home/airflow/.local/lib/python3.7/site-packages/airflow/example_dags/example_kubernetes_executor.py took 0.176 seconds
[2022-11-29T07:15:43.849+0000] {processor.py:154} INFO - Started process (PID=1191) to work on /home/airflow/.local/lib/python3.7/site-packages/airflow/example_dags/example_kubernetes_executor.py
[2022-11-29T07:15:43.851+0000] {processor.py:756} INFO - Processing file /home/airflow/.local/lib/python3.7/site-packages/airflow/example_dags/example_kubernetes_executor.py for tasks to queue
[2022-11-29T07:15:43.853+0000] {logging_mixin.py:137} INFO - [2022-11-29T07:15:43.853+0000] {dagbag.py:537} INFO - Filling up the DagBag from /home/airflow/.local/lib/python3.7/site-packages/airflow/example_dags/example_kubernetes_executor.py
[2022-11-29T07:15:43.897+0000] {processor.py:766} INFO - DAG(s) dict_keys(['example_kubernetes_executor']) retrieved from /home/airflow/.local/lib/python3.7/site-packages/airflow/example_dags/example_kubernetes_executor.py
[2022-11-29T07:15:43.962+0000] {logging_mixin.py:137} INFO - [2022-11-29T07:15:43.961+0000] {dag.py:2585} INFO - Sync 1 DAGs
[2022-11-29T07:15:44.005+0000] {logging_mixin.py:137} INFO - [2022-11-29T07:15:44.005+0000] {dag.py:3340} INFO - Setting next_dagrun for example_kubernetes_executor to None, run_after=None
[2022-11-29T07:15:44.036+0000] {processor.py:176} INFO - Processing /home/airflow/.local/lib/python3.7/site-packages/airflow/example_dags/example_kubernetes_executor.py took 0.196 seconds
[2022-11-29T07:16:14.206+0000] {processor.py:154} INFO - Started process (PID=1255) to work on /home/airflow/.local/lib/python3.7/site-packages/airflow/example_dags/example_kubernetes_executor.py
[2022-11-29T07:16:14.212+0000] {processor.py:756} INFO - Processing file /home/airflow/.local/lib/python3.7/site-packages/airflow/example_dags/example_kubernetes_executor.py for tasks to queue
[2022-11-29T07:16:14.221+0000] {logging_mixin.py:137} INFO - [2022-11-29T07:16:14.221+0000] {dagbag.py:537} INFO - Filling up the DagBag from /home/airflow/.local/lib/python3.7/site-packages/airflow/example_dags/example_kubernetes_executor.py
[2022-11-29T07:16:14.297+0000] {processor.py:766} INFO - DAG(s) dict_keys(['example_kubernetes_executor']) retrieved from /home/airflow/.local/lib/python3.7/site-packages/airflow/example_dags/example_kubernetes_executor.py
[2022-11-29T07:16:14.395+0000] {logging_mixin.py:137} INFO - [2022-11-29T07:16:14.395+0000] {dag.py:2585} INFO - Sync 1 DAGs
[2022-11-29T07:16:14.453+0000] {logging_mixin.py:137} INFO - [2022-11-29T07:16:14.453+0000] {dag.py:3340} INFO - Setting next_dagrun for example_kubernetes_executor to None, run_after=None
[2022-11-29T07:16:14.495+0000] {processor.py:176} INFO - Processing /home/airflow/.local/lib/python3.7/site-packages/airflow/example_dags/example_kubernetes_executor.py took 0.301 seconds
[2022-11-29T07:16:44.792+0000] {processor.py:154} INFO - Started process (PID=1319) to work on /home/airflow/.local/lib/python3.7/site-packages/airflow/example_dags/example_kubernetes_executor.py
[2022-11-29T07:16:44.794+0000] {processor.py:756} INFO - Processing file /home/airflow/.local/lib/python3.7/site-packages/airflow/example_dags/example_kubernetes_executor.py for tasks to queue
[2022-11-29T07:16:44.796+0000] {logging_mixin.py:137} INFO - [2022-11-29T07:16:44.796+0000] {dagbag.py:537} INFO - Filling up the DagBag from /home/airflow/.local/lib/python3.7/site-packages/airflow/example_dags/example_kubernetes_executor.py
[2022-11-29T07:16:44.837+0000] {processor.py:766} INFO - DAG(s) dict_keys(['example_kubernetes_executor']) retrieved from /home/airflow/.local/lib/python3.7/site-packages/airflow/example_dags/example_kubernetes_executor.py
[2022-11-29T07:16:44.902+0000] {logging_mixin.py:137} INFO - [2022-11-29T07:16:44.902+0000] {dag.py:2585} INFO - Sync 1 DAGs
[2022-11-29T07:16:44.944+0000] {logging_mixin.py:137} INFO - [2022-11-29T07:16:44.944+0000] {dag.py:3340} INFO - Setting next_dagrun for example_kubernetes_executor to None, run_after=None
[2022-11-29T07:16:44.987+0000] {processor.py:176} INFO - Processing /home/airflow/.local/lib/python3.7/site-packages/airflow/example_dags/example_kubernetes_executor.py took 0.199 seconds
[2022-11-29T07:17:15.573+0000] {processor.py:154} INFO - Started process (PID=1373) to work on /home/airflow/.local/lib/python3.7/site-packages/airflow/example_dags/example_kubernetes_executor.py
[2022-11-29T07:17:15.576+0000] {processor.py:756} INFO - Processing file /home/airflow/.local/lib/python3.7/site-packages/airflow/example_dags/example_kubernetes_executor.py for tasks to queue
[2022-11-29T07:17:15.578+0000] {logging_mixin.py:137} INFO - [2022-11-29T07:17:15.578+0000] {dagbag.py:537} INFO - Filling up the DagBag from /home/airflow/.local/lib/python3.7/site-packages/airflow/example_dags/example_kubernetes_executor.py
[2022-11-29T07:17:15.628+0000] {processor.py:766} INFO - DAG(s) dict_keys(['example_kubernetes_executor']) retrieved from /home/airflow/.local/lib/python3.7/site-packages/airflow/example_dags/example_kubernetes_executor.py
[2022-11-29T07:17:15.693+0000] {logging_mixin.py:137} INFO - [2022-11-29T07:17:15.693+0000] {dag.py:2585} INFO - Sync 1 DAGs
[2022-11-29T07:17:15.735+0000] {logging_mixin.py:137} INFO - [2022-11-29T07:17:15.735+0000] {dag.py:3340} INFO - Setting next_dagrun for example_kubernetes_executor to None, run_after=None
[2022-11-29T07:17:15.774+0000] {processor.py:176} INFO - Processing /home/airflow/.local/lib/python3.7/site-packages/airflow/example_dags/example_kubernetes_executor.py took 0.211 seconds
[2022-11-29T07:17:46.204+0000] {processor.py:154} INFO - Started process (PID=1436) to work on /home/airflow/.local/lib/python3.7/site-packages/airflow/example_dags/example_kubernetes_executor.py
[2022-11-29T07:17:46.206+0000] {processor.py:756} INFO - Processing file /home/airflow/.local/lib/python3.7/site-packages/airflow/example_dags/example_kubernetes_executor.py for tasks to queue
[2022-11-29T07:17:46.207+0000] {logging_mixin.py:137} INFO - [2022-11-29T07:17:46.207+0000] {dagbag.py:537} INFO - Filling up the DagBag from /home/airflow/.local/lib/python3.7/site-packages/airflow/example_dags/example_kubernetes_executor.py
[2022-11-29T07:17:46.249+0000] {processor.py:766} INFO - DAG(s) dict_keys(['example_kubernetes_executor']) retrieved from /home/airflow/.local/lib/python3.7/site-packages/airflow/example_dags/example_kubernetes_executor.py
[2022-11-29T07:17:46.312+0000] {logging_mixin.py:137} INFO - [2022-11-29T07:17:46.312+0000] {dag.py:2585} INFO - Sync 1 DAGs
[2022-11-29T07:17:46.354+0000] {logging_mixin.py:137} INFO - [2022-11-29T07:17:46.353+0000] {dag.py:3340} INFO - Setting next_dagrun for example_kubernetes_executor to None, run_after=None
[2022-11-29T07:17:46.392+0000] {processor.py:176} INFO - Processing /home/airflow/.local/lib/python3.7/site-packages/airflow/example_dags/example_kubernetes_executor.py took 0.196 seconds
[2022-11-29T07:18:16.641+0000] {processor.py:154} INFO - Started process (PID=1490) to work on /home/airflow/.local/lib/python3.7/site-packages/airflow/example_dags/example_kubernetes_executor.py
[2022-11-29T07:18:16.654+0000] {processor.py:756} INFO - Processing file /home/airflow/.local/lib/python3.7/site-packages/airflow/example_dags/example_kubernetes_executor.py for tasks to queue
[2022-11-29T07:18:16.659+0000] {logging_mixin.py:137} INFO - [2022-11-29T07:18:16.656+0000] {dagbag.py:537} INFO - Filling up the DagBag from /home/airflow/.local/lib/python3.7/site-packages/airflow/example_dags/example_kubernetes_executor.py
[2022-11-29T07:18:16.725+0000] {processor.py:766} INFO - DAG(s) dict_keys(['example_kubernetes_executor']) retrieved from /home/airflow/.local/lib/python3.7/site-packages/airflow/example_dags/example_kubernetes_executor.py
[2022-11-29T07:18:16.800+0000] {logging_mixin.py:137} INFO - [2022-11-29T07:18:16.800+0000] {dag.py:2585} INFO - Sync 1 DAGs
[2022-11-29T07:18:16.841+0000] {logging_mixin.py:137} INFO - [2022-11-29T07:18:16.841+0000] {dag.py:3340} INFO - Setting next_dagrun for example_kubernetes_executor to None, run_after=None
[2022-11-29T07:18:16.971+0000] {processor.py:176} INFO - Processing /home/airflow/.local/lib/python3.7/site-packages/airflow/example_dags/example_kubernetes_executor.py took 0.339 seconds
[2022-11-29T07:18:47.134+0000] {processor.py:154} INFO - Started process (PID=1553) to work on /home/airflow/.local/lib/python3.7/site-packages/airflow/example_dags/example_kubernetes_executor.py
[2022-11-29T07:18:47.136+0000] {processor.py:756} INFO - Processing file /home/airflow/.local/lib/python3.7/site-packages/airflow/example_dags/example_kubernetes_executor.py for tasks to queue
[2022-11-29T07:18:47.138+0000] {logging_mixin.py:137} INFO - [2022-11-29T07:18:47.138+0000] {dagbag.py:537} INFO - Filling up the DagBag from /home/airflow/.local/lib/python3.7/site-packages/airflow/example_dags/example_kubernetes_executor.py
[2022-11-29T07:18:47.184+0000] {processor.py:766} INFO - DAG(s) dict_keys(['example_kubernetes_executor']) retrieved from /home/airflow/.local/lib/python3.7/site-packages/airflow/example_dags/example_kubernetes_executor.py
[2022-11-29T07:18:47.251+0000] {logging_mixin.py:137} INFO - [2022-11-29T07:18:47.251+0000] {dag.py:2585} INFO - Sync 1 DAGs
[2022-11-29T07:18:47.292+0000] {logging_mixin.py:137} INFO - [2022-11-29T07:18:47.292+0000] {dag.py:3340} INFO - Setting next_dagrun for example_kubernetes_executor to None, run_after=None
[2022-11-29T07:18:47.323+0000] {processor.py:176} INFO - Processing /home/airflow/.local/lib/python3.7/site-packages/airflow/example_dags/example_kubernetes_executor.py took 0.196 seconds
[2022-11-29T07:19:17.449+0000] {processor.py:154} INFO - Started process (PID=1616) to work on /home/airflow/.local/lib/python3.7/site-packages/airflow/example_dags/example_kubernetes_executor.py
[2022-11-29T07:19:17.451+0000] {processor.py:756} INFO - Processing file /home/airflow/.local/lib/python3.7/site-packages/airflow/example_dags/example_kubernetes_executor.py for tasks to queue
[2022-11-29T07:19:17.452+0000] {logging_mixin.py:137} INFO - [2022-11-29T07:19:17.452+0000] {dagbag.py:537} INFO - Filling up the DagBag from /home/airflow/.local/lib/python3.7/site-packages/airflow/example_dags/example_kubernetes_executor.py
[2022-11-29T07:19:17.510+0000] {processor.py:766} INFO - DAG(s) dict_keys(['example_kubernetes_executor']) retrieved from /home/airflow/.local/lib/python3.7/site-packages/airflow/example_dags/example_kubernetes_executor.py
[2022-11-29T07:19:17.598+0000] {logging_mixin.py:137} INFO - [2022-11-29T07:19:17.598+0000] {dag.py:2585} INFO - Sync 1 DAGs
[2022-11-29T07:19:17.659+0000] {logging_mixin.py:137} INFO - [2022-11-29T07:19:17.659+0000] {dag.py:3340} INFO - Setting next_dagrun for example_kubernetes_executor to None, run_after=None
[2022-11-29T07:19:17.689+0000] {processor.py:176} INFO - Processing /home/airflow/.local/lib/python3.7/site-packages/airflow/example_dags/example_kubernetes_executor.py took 0.246 seconds
[2022-11-29T07:19:48.199+0000] {processor.py:154} INFO - Started process (PID=1669) to work on /home/airflow/.local/lib/python3.7/site-packages/airflow/example_dags/example_kubernetes_executor.py
[2022-11-29T07:19:48.201+0000] {processor.py:756} INFO - Processing file /home/airflow/.local/lib/python3.7/site-packages/airflow/example_dags/example_kubernetes_executor.py for tasks to queue
[2022-11-29T07:19:48.203+0000] {logging_mixin.py:137} INFO - [2022-11-29T07:19:48.203+0000] {dagbag.py:537} INFO - Filling up the DagBag from /home/airflow/.local/lib/python3.7/site-packages/airflow/example_dags/example_kubernetes_executor.py
[2022-11-29T07:19:48.263+0000] {processor.py:766} INFO - DAG(s) dict_keys(['example_kubernetes_executor']) retrieved from /home/airflow/.local/lib/python3.7/site-packages/airflow/example_dags/example_kubernetes_executor.py
[2022-11-29T07:19:48.371+0000] {logging_mixin.py:137} INFO - [2022-11-29T07:19:48.370+0000] {dag.py:2585} INFO - Sync 1 DAGs
[2022-11-29T07:19:48.431+0000] {logging_mixin.py:137} INFO - [2022-11-29T07:19:48.431+0000] {dag.py:3340} INFO - Setting next_dagrun for example_kubernetes_executor to None, run_after=None
[2022-11-29T07:19:48.474+0000] {processor.py:176} INFO - Processing /home/airflow/.local/lib/python3.7/site-packages/airflow/example_dags/example_kubernetes_executor.py took 0.281 seconds
