[2022-11-29T06:27:15.721+0000] {processor.py:154} INFO - Started process (PID=48) to work on /home/airflow/.local/lib/python3.7/site-packages/airflow/example_dags/example_external_task_marker_dag.py
[2022-11-29T06:27:15.728+0000] {processor.py:756} INFO - Processing file /home/airflow/.local/lib/python3.7/site-packages/airflow/example_dags/example_external_task_marker_dag.py for tasks to queue
[2022-11-29T06:27:15.730+0000] {logging_mixin.py:137} INFO - [2022-11-29T06:27:15.730+0000] {dagbag.py:537} INFO - Filling up the DagBag from /home/airflow/.local/lib/python3.7/site-packages/airflow/example_dags/example_external_task_marker_dag.py
[2022-11-29T06:27:15.798+0000] {processor.py:766} INFO - DAG(s) dict_keys(['example_external_task_marker_parent', 'example_external_task_marker_child']) retrieved from /home/airflow/.local/lib/python3.7/site-packages/airflow/example_dags/example_external_task_marker_dag.py
[2022-11-29T06:27:16.041+0000] {logging_mixin.py:137} INFO - [2022-11-29T06:27:16.041+0000] {manager.py:507} INFO - Created Permission View: can delete on DAG:example_external_task_marker_parent
[2022-11-29T06:27:16.056+0000] {logging_mixin.py:137} INFO - [2022-11-29T06:27:16.056+0000] {manager.py:507} INFO - Created Permission View: can read on DAG:example_external_task_marker_parent
[2022-11-29T06:27:16.074+0000] {logging_mixin.py:137} INFO - [2022-11-29T06:27:16.073+0000] {manager.py:507} INFO - Created Permission View: can edit on DAG:example_external_task_marker_parent
[2022-11-29T06:27:16.409+0000] {logging_mixin.py:137} INFO - [2022-11-29T06:27:16.409+0000] {manager.py:507} INFO - Created Permission View: can delete on DAG:example_external_task_marker_child
[2022-11-29T06:27:16.428+0000] {logging_mixin.py:137} INFO - [2022-11-29T06:27:16.428+0000] {manager.py:507} INFO - Created Permission View: can read on DAG:example_external_task_marker_child
[2022-11-29T06:27:16.445+0000] {logging_mixin.py:137} INFO - [2022-11-29T06:27:16.444+0000] {manager.py:507} INFO - Created Permission View: can edit on DAG:example_external_task_marker_child
[2022-11-29T06:27:16.446+0000] {logging_mixin.py:137} INFO - [2022-11-29T06:27:16.446+0000] {dag.py:2585} INFO - Sync 2 DAGs
[2022-11-29T06:27:16.474+0000] {logging_mixin.py:137} INFO - [2022-11-29T06:27:16.474+0000] {dag.py:2606} INFO - Creating ORM DAG for example_external_task_marker_parent
[2022-11-29T06:27:16.477+0000] {logging_mixin.py:137} INFO - [2022-11-29T06:27:16.476+0000] {dag.py:2606} INFO - Creating ORM DAG for example_external_task_marker_child
[2022-11-29T06:27:16.499+0000] {logging_mixin.py:137} INFO - [2022-11-29T06:27:16.499+0000] {dag.py:3340} INFO - Setting next_dagrun for example_external_task_marker_child to None, run_after=None
[2022-11-29T06:27:16.503+0000] {logging_mixin.py:137} INFO - [2022-11-29T06:27:16.502+0000] {dag.py:3340} INFO - Setting next_dagrun for example_external_task_marker_parent to None, run_after=None
[2022-11-29T06:27:16.539+0000] {processor.py:176} INFO - Processing /home/airflow/.local/lib/python3.7/site-packages/airflow/example_dags/example_external_task_marker_dag.py took 0.837 seconds
[2022-11-29T06:27:46.706+0000] {processor.py:154} INFO - Started process (PID=102) to work on /home/airflow/.local/lib/python3.7/site-packages/airflow/example_dags/example_external_task_marker_dag.py
[2022-11-29T06:27:46.709+0000] {processor.py:756} INFO - Processing file /home/airflow/.local/lib/python3.7/site-packages/airflow/example_dags/example_external_task_marker_dag.py for tasks to queue
[2022-11-29T06:27:46.714+0000] {logging_mixin.py:137} INFO - [2022-11-29T06:27:46.714+0000] {dagbag.py:537} INFO - Filling up the DagBag from /home/airflow/.local/lib/python3.7/site-packages/airflow/example_dags/example_external_task_marker_dag.py
[2022-11-29T06:27:46.823+0000] {processor.py:766} INFO - DAG(s) dict_keys(['example_external_task_marker_child', 'example_external_task_marker_parent']) retrieved from /home/airflow/.local/lib/python3.7/site-packages/airflow/example_dags/example_external_task_marker_dag.py
[2022-11-29T06:27:47.419+0000] {logging_mixin.py:137} INFO - [2022-11-29T06:27:47.418+0000] {dag.py:2585} INFO - Sync 2 DAGs
[2022-11-29T06:27:47.499+0000] {logging_mixin.py:137} INFO - [2022-11-29T06:27:47.498+0000] {dag.py:3340} INFO - Setting next_dagrun for example_external_task_marker_child to None, run_after=None
[2022-11-29T06:27:47.505+0000] {logging_mixin.py:137} INFO - [2022-11-29T06:27:47.505+0000] {dag.py:3340} INFO - Setting next_dagrun for example_external_task_marker_parent to None, run_after=None
[2022-11-29T06:27:47.542+0000] {processor.py:176} INFO - Processing /home/airflow/.local/lib/python3.7/site-packages/airflow/example_dags/example_external_task_marker_dag.py took 0.843 seconds
[2022-11-29T06:28:17.660+0000] {processor.py:154} INFO - Started process (PID=168) to work on /home/airflow/.local/lib/python3.7/site-packages/airflow/example_dags/example_external_task_marker_dag.py
[2022-11-29T06:28:17.662+0000] {processor.py:756} INFO - Processing file /home/airflow/.local/lib/python3.7/site-packages/airflow/example_dags/example_external_task_marker_dag.py for tasks to queue
[2022-11-29T06:28:17.664+0000] {logging_mixin.py:137} INFO - [2022-11-29T06:28:17.664+0000] {dagbag.py:537} INFO - Filling up the DagBag from /home/airflow/.local/lib/python3.7/site-packages/airflow/example_dags/example_external_task_marker_dag.py
[2022-11-29T06:28:17.689+0000] {processor.py:766} INFO - DAG(s) dict_keys(['example_external_task_marker_child', 'example_external_task_marker_parent']) retrieved from /home/airflow/.local/lib/python3.7/site-packages/airflow/example_dags/example_external_task_marker_dag.py
[2022-11-29T06:28:17.999+0000] {logging_mixin.py:137} INFO - [2022-11-29T06:28:17.998+0000] {dag.py:2585} INFO - Sync 2 DAGs
[2022-11-29T06:28:18.036+0000] {logging_mixin.py:137} INFO - [2022-11-29T06:28:18.036+0000] {dag.py:3340} INFO - Setting next_dagrun for example_external_task_marker_child to None, run_after=None
[2022-11-29T06:28:18.042+0000] {logging_mixin.py:137} INFO - [2022-11-29T06:28:18.042+0000] {dag.py:3340} INFO - Setting next_dagrun for example_external_task_marker_parent to None, run_after=None
[2022-11-29T06:28:18.071+0000] {processor.py:176} INFO - Processing /home/airflow/.local/lib/python3.7/site-packages/airflow/example_dags/example_external_task_marker_dag.py took 0.416 seconds
[2022-11-29T06:28:48.485+0000] {processor.py:154} INFO - Started process (PID=232) to work on /home/airflow/.local/lib/python3.7/site-packages/airflow/example_dags/example_external_task_marker_dag.py
[2022-11-29T06:28:48.487+0000] {processor.py:756} INFO - Processing file /home/airflow/.local/lib/python3.7/site-packages/airflow/example_dags/example_external_task_marker_dag.py for tasks to queue
[2022-11-29T06:28:48.488+0000] {logging_mixin.py:137} INFO - [2022-11-29T06:28:48.488+0000] {dagbag.py:537} INFO - Filling up the DagBag from /home/airflow/.local/lib/python3.7/site-packages/airflow/example_dags/example_external_task_marker_dag.py
[2022-11-29T06:28:48.509+0000] {processor.py:766} INFO - DAG(s) dict_keys(['example_external_task_marker_child', 'example_external_task_marker_parent']) retrieved from /home/airflow/.local/lib/python3.7/site-packages/airflow/example_dags/example_external_task_marker_dag.py
[2022-11-29T06:28:49.047+0000] {logging_mixin.py:137} INFO - [2022-11-29T06:28:49.047+0000] {dag.py:2585} INFO - Sync 2 DAGs
[2022-11-29T06:28:49.096+0000] {logging_mixin.py:137} INFO - [2022-11-29T06:28:49.096+0000] {dag.py:3340} INFO - Setting next_dagrun for example_external_task_marker_child to None, run_after=None
[2022-11-29T06:28:49.102+0000] {logging_mixin.py:137} INFO - [2022-11-29T06:28:49.102+0000] {dag.py:3340} INFO - Setting next_dagrun for example_external_task_marker_parent to None, run_after=None
[2022-11-29T06:28:49.135+0000] {processor.py:176} INFO - Processing /home/airflow/.local/lib/python3.7/site-packages/airflow/example_dags/example_external_task_marker_dag.py took 0.655 seconds
[2022-11-29T06:29:19.650+0000] {processor.py:154} INFO - Started process (PID=285) to work on /home/airflow/.local/lib/python3.7/site-packages/airflow/example_dags/example_external_task_marker_dag.py
[2022-11-29T06:29:19.653+0000] {processor.py:756} INFO - Processing file /home/airflow/.local/lib/python3.7/site-packages/airflow/example_dags/example_external_task_marker_dag.py for tasks to queue
[2022-11-29T06:29:19.655+0000] {logging_mixin.py:137} INFO - [2022-11-29T06:29:19.654+0000] {dagbag.py:537} INFO - Filling up the DagBag from /home/airflow/.local/lib/python3.7/site-packages/airflow/example_dags/example_external_task_marker_dag.py
[2022-11-29T06:29:19.675+0000] {processor.py:766} INFO - DAG(s) dict_keys(['example_external_task_marker_child', 'example_external_task_marker_parent']) retrieved from /home/airflow/.local/lib/python3.7/site-packages/airflow/example_dags/example_external_task_marker_dag.py
[2022-11-29T06:29:20.047+0000] {logging_mixin.py:137} INFO - [2022-11-29T06:29:20.047+0000] {dag.py:2585} INFO - Sync 2 DAGs
[2022-11-29T06:29:20.090+0000] {logging_mixin.py:137} INFO - [2022-11-29T06:29:20.090+0000] {dag.py:3340} INFO - Setting next_dagrun for example_external_task_marker_child to None, run_after=None
[2022-11-29T06:29:20.097+0000] {logging_mixin.py:137} INFO - [2022-11-29T06:29:20.096+0000] {dag.py:3340} INFO - Setting next_dagrun for example_external_task_marker_parent to None, run_after=None
[2022-11-29T06:29:20.131+0000] {processor.py:176} INFO - Processing /home/airflow/.local/lib/python3.7/site-packages/airflow/example_dags/example_external_task_marker_dag.py took 0.486 seconds
[2022-11-29T06:31:41.966+0000] {processor.py:154} INFO - Started process (PID=51) to work on /home/airflow/.local/lib/python3.7/site-packages/airflow/example_dags/example_external_task_marker_dag.py
[2022-11-29T06:31:41.977+0000] {processor.py:756} INFO - Processing file /home/airflow/.local/lib/python3.7/site-packages/airflow/example_dags/example_external_task_marker_dag.py for tasks to queue
[2022-11-29T06:31:41.980+0000] {logging_mixin.py:137} INFO - [2022-11-29T06:31:41.979+0000] {dagbag.py:537} INFO - Filling up the DagBag from /home/airflow/.local/lib/python3.7/site-packages/airflow/example_dags/example_external_task_marker_dag.py
[2022-11-29T06:31:42.023+0000] {processor.py:766} INFO - DAG(s) dict_keys(['example_external_task_marker_child', 'example_external_task_marker_parent']) retrieved from /home/airflow/.local/lib/python3.7/site-packages/airflow/example_dags/example_external_task_marker_dag.py
[2022-11-29T06:31:42.083+0000] {logging_mixin.py:137} INFO - [2022-11-29T06:31:42.083+0000] {dag.py:2585} INFO - Sync 2 DAGs
[2022-11-29T06:31:42.145+0000] {logging_mixin.py:137} INFO - [2022-11-29T06:31:42.145+0000] {dag.py:3340} INFO - Setting next_dagrun for example_external_task_marker_child to None, run_after=None
[2022-11-29T06:31:42.155+0000] {logging_mixin.py:137} INFO - [2022-11-29T06:31:42.155+0000] {dag.py:3340} INFO - Setting next_dagrun for example_external_task_marker_parent to None, run_after=None
[2022-11-29T06:31:42.198+0000] {processor.py:176} INFO - Processing /home/airflow/.local/lib/python3.7/site-packages/airflow/example_dags/example_external_task_marker_dag.py took 0.244 seconds
[2022-11-29T06:32:12.807+0000] {processor.py:154} INFO - Started process (PID=105) to work on /home/airflow/.local/lib/python3.7/site-packages/airflow/example_dags/example_external_task_marker_dag.py
[2022-11-29T06:32:12.814+0000] {processor.py:756} INFO - Processing file /home/airflow/.local/lib/python3.7/site-packages/airflow/example_dags/example_external_task_marker_dag.py for tasks to queue
[2022-11-29T06:32:12.822+0000] {logging_mixin.py:137} INFO - [2022-11-29T06:32:12.818+0000] {dagbag.py:537} INFO - Filling up the DagBag from /home/airflow/.local/lib/python3.7/site-packages/airflow/example_dags/example_external_task_marker_dag.py
[2022-11-29T06:32:12.859+0000] {processor.py:766} INFO - DAG(s) dict_keys(['example_external_task_marker_child', 'example_external_task_marker_parent']) retrieved from /home/airflow/.local/lib/python3.7/site-packages/airflow/example_dags/example_external_task_marker_dag.py
[2022-11-29T06:32:13.335+0000] {logging_mixin.py:137} INFO - [2022-11-29T06:32:13.334+0000] {dag.py:2585} INFO - Sync 2 DAGs
[2022-11-29T06:32:13.381+0000] {logging_mixin.py:137} INFO - [2022-11-29T06:32:13.380+0000] {dag.py:3340} INFO - Setting next_dagrun for example_external_task_marker_child to None, run_after=None
[2022-11-29T06:32:13.388+0000] {logging_mixin.py:137} INFO - [2022-11-29T06:32:13.388+0000] {dag.py:3340} INFO - Setting next_dagrun for example_external_task_marker_parent to None, run_after=None
[2022-11-29T06:32:13.425+0000] {processor.py:176} INFO - Processing /home/airflow/.local/lib/python3.7/site-packages/airflow/example_dags/example_external_task_marker_dag.py took 0.643 seconds
[2022-11-29T06:32:43.584+0000] {processor.py:154} INFO - Started process (PID=168) to work on /home/airflow/.local/lib/python3.7/site-packages/airflow/example_dags/example_external_task_marker_dag.py
[2022-11-29T06:32:43.589+0000] {processor.py:756} INFO - Processing file /home/airflow/.local/lib/python3.7/site-packages/airflow/example_dags/example_external_task_marker_dag.py for tasks to queue
[2022-11-29T06:32:43.591+0000] {logging_mixin.py:137} INFO - [2022-11-29T06:32:43.591+0000] {dagbag.py:537} INFO - Filling up the DagBag from /home/airflow/.local/lib/python3.7/site-packages/airflow/example_dags/example_external_task_marker_dag.py
[2022-11-29T06:32:43.625+0000] {processor.py:766} INFO - DAG(s) dict_keys(['example_external_task_marker_parent', 'example_external_task_marker_child']) retrieved from /home/airflow/.local/lib/python3.7/site-packages/airflow/example_dags/example_external_task_marker_dag.py
[2022-11-29T06:32:43.941+0000] {logging_mixin.py:137} INFO - [2022-11-29T06:32:43.941+0000] {dag.py:2585} INFO - Sync 2 DAGs
[2022-11-29T06:32:43.976+0000] {logging_mixin.py:137} INFO - [2022-11-29T06:32:43.976+0000] {dag.py:3340} INFO - Setting next_dagrun for example_external_task_marker_child to None, run_after=None
[2022-11-29T06:32:43.983+0000] {logging_mixin.py:137} INFO - [2022-11-29T06:32:43.983+0000] {dag.py:3340} INFO - Setting next_dagrun for example_external_task_marker_parent to None, run_after=None
[2022-11-29T06:32:44.009+0000] {processor.py:176} INFO - Processing /home/airflow/.local/lib/python3.7/site-packages/airflow/example_dags/example_external_task_marker_dag.py took 0.430 seconds
[2022-11-29T06:33:14.544+0000] {processor.py:154} INFO - Started process (PID=231) to work on /home/airflow/.local/lib/python3.7/site-packages/airflow/example_dags/example_external_task_marker_dag.py
[2022-11-29T06:33:14.546+0000] {processor.py:756} INFO - Processing file /home/airflow/.local/lib/python3.7/site-packages/airflow/example_dags/example_external_task_marker_dag.py for tasks to queue
[2022-11-29T06:33:14.547+0000] {logging_mixin.py:137} INFO - [2022-11-29T06:33:14.547+0000] {dagbag.py:537} INFO - Filling up the DagBag from /home/airflow/.local/lib/python3.7/site-packages/airflow/example_dags/example_external_task_marker_dag.py
[2022-11-29T06:33:14.568+0000] {processor.py:766} INFO - DAG(s) dict_keys(['example_external_task_marker_parent', 'example_external_task_marker_child']) retrieved from /home/airflow/.local/lib/python3.7/site-packages/airflow/example_dags/example_external_task_marker_dag.py
[2022-11-29T06:33:14.845+0000] {logging_mixin.py:137} INFO - [2022-11-29T06:33:14.844+0000] {dag.py:2585} INFO - Sync 2 DAGs
[2022-11-29T06:33:14.881+0000] {logging_mixin.py:137} INFO - [2022-11-29T06:33:14.881+0000] {dag.py:3340} INFO - Setting next_dagrun for example_external_task_marker_child to None, run_after=None
[2022-11-29T06:33:14.887+0000] {logging_mixin.py:137} INFO - [2022-11-29T06:33:14.887+0000] {dag.py:3340} INFO - Setting next_dagrun for example_external_task_marker_parent to None, run_after=None
[2022-11-29T06:33:14.917+0000] {processor.py:176} INFO - Processing /home/airflow/.local/lib/python3.7/site-packages/airflow/example_dags/example_external_task_marker_dag.py took 0.378 seconds
[2022-11-29T06:33:45.050+0000] {processor.py:154} INFO - Started process (PID=286) to work on /home/airflow/.local/lib/python3.7/site-packages/airflow/example_dags/example_external_task_marker_dag.py
[2022-11-29T06:33:45.052+0000] {processor.py:756} INFO - Processing file /home/airflow/.local/lib/python3.7/site-packages/airflow/example_dags/example_external_task_marker_dag.py for tasks to queue
[2022-11-29T06:33:45.054+0000] {logging_mixin.py:137} INFO - [2022-11-29T06:33:45.054+0000] {dagbag.py:537} INFO - Filling up the DagBag from /home/airflow/.local/lib/python3.7/site-packages/airflow/example_dags/example_external_task_marker_dag.py
[2022-11-29T06:33:45.075+0000] {processor.py:766} INFO - DAG(s) dict_keys(['example_external_task_marker_child', 'example_external_task_marker_parent']) retrieved from /home/airflow/.local/lib/python3.7/site-packages/airflow/example_dags/example_external_task_marker_dag.py
[2022-11-29T06:33:45.394+0000] {logging_mixin.py:137} INFO - [2022-11-29T06:33:45.394+0000] {dag.py:2585} INFO - Sync 2 DAGs
[2022-11-29T06:33:45.439+0000] {logging_mixin.py:137} INFO - [2022-11-29T06:33:45.439+0000] {dag.py:3340} INFO - Setting next_dagrun for example_external_task_marker_child to None, run_after=None
[2022-11-29T06:33:45.444+0000] {logging_mixin.py:137} INFO - [2022-11-29T06:33:45.444+0000] {dag.py:3340} INFO - Setting next_dagrun for example_external_task_marker_parent to None, run_after=None
[2022-11-29T06:33:45.472+0000] {processor.py:176} INFO - Processing /home/airflow/.local/lib/python3.7/site-packages/airflow/example_dags/example_external_task_marker_dag.py took 0.426 seconds
[2022-11-29T06:52:55.733+0000] {processor.py:154} INFO - Started process (PID=52) to work on /home/airflow/.local/lib/python3.7/site-packages/airflow/example_dags/example_external_task_marker_dag.py
[2022-11-29T06:52:55.735+0000] {processor.py:756} INFO - Processing file /home/airflow/.local/lib/python3.7/site-packages/airflow/example_dags/example_external_task_marker_dag.py for tasks to queue
[2022-11-29T06:52:55.739+0000] {logging_mixin.py:137} INFO - [2022-11-29T06:52:55.738+0000] {dagbag.py:537} INFO - Filling up the DagBag from /home/airflow/.local/lib/python3.7/site-packages/airflow/example_dags/example_external_task_marker_dag.py
[2022-11-29T06:52:55.796+0000] {processor.py:766} INFO - DAG(s) dict_keys(['example_external_task_marker_parent', 'example_external_task_marker_child']) retrieved from /home/airflow/.local/lib/python3.7/site-packages/airflow/example_dags/example_external_task_marker_dag.py
[2022-11-29T06:52:55.872+0000] {logging_mixin.py:137} INFO - [2022-11-29T06:52:55.872+0000] {dag.py:2585} INFO - Sync 2 DAGs
[2022-11-29T06:52:55.934+0000] {logging_mixin.py:137} INFO - [2022-11-29T06:52:55.934+0000] {dag.py:3340} INFO - Setting next_dagrun for example_external_task_marker_child to None, run_after=None
[2022-11-29T06:52:55.940+0000] {logging_mixin.py:137} INFO - [2022-11-29T06:52:55.940+0000] {dag.py:3340} INFO - Setting next_dagrun for example_external_task_marker_parent to None, run_after=None
[2022-11-29T06:52:55.981+0000] {processor.py:176} INFO - Processing /home/airflow/.local/lib/python3.7/site-packages/airflow/example_dags/example_external_task_marker_dag.py took 0.253 seconds
[2022-11-29T06:53:26.027+0000] {processor.py:154} INFO - Started process (PID=107) to work on /home/airflow/.local/lib/python3.7/site-packages/airflow/example_dags/example_external_task_marker_dag.py
[2022-11-29T06:53:26.029+0000] {processor.py:756} INFO - Processing file /home/airflow/.local/lib/python3.7/site-packages/airflow/example_dags/example_external_task_marker_dag.py for tasks to queue
[2022-11-29T06:53:26.031+0000] {logging_mixin.py:137} INFO - [2022-11-29T06:53:26.031+0000] {dagbag.py:537} INFO - Filling up the DagBag from /home/airflow/.local/lib/python3.7/site-packages/airflow/example_dags/example_external_task_marker_dag.py
[2022-11-29T06:53:26.053+0000] {processor.py:766} INFO - DAG(s) dict_keys(['example_external_task_marker_child', 'example_external_task_marker_parent']) retrieved from /home/airflow/.local/lib/python3.7/site-packages/airflow/example_dags/example_external_task_marker_dag.py
[2022-11-29T06:53:26.417+0000] {logging_mixin.py:137} INFO - [2022-11-29T06:53:26.417+0000] {dag.py:2585} INFO - Sync 2 DAGs
[2022-11-29T06:53:26.449+0000] {logging_mixin.py:137} INFO - [2022-11-29T06:53:26.449+0000] {dag.py:3340} INFO - Setting next_dagrun for example_external_task_marker_child to None, run_after=None
[2022-11-29T06:53:26.453+0000] {logging_mixin.py:137} INFO - [2022-11-29T06:53:26.453+0000] {dag.py:3340} INFO - Setting next_dagrun for example_external_task_marker_parent to None, run_after=None
[2022-11-29T06:53:26.476+0000] {processor.py:176} INFO - Processing /home/airflow/.local/lib/python3.7/site-packages/airflow/example_dags/example_external_task_marker_dag.py took 0.454 seconds
[2022-11-29T06:53:57.255+0000] {processor.py:154} INFO - Started process (PID=172) to work on /home/airflow/.local/lib/python3.7/site-packages/airflow/example_dags/example_external_task_marker_dag.py
[2022-11-29T06:53:57.258+0000] {processor.py:756} INFO - Processing file /home/airflow/.local/lib/python3.7/site-packages/airflow/example_dags/example_external_task_marker_dag.py for tasks to queue
[2022-11-29T06:53:57.260+0000] {logging_mixin.py:137} INFO - [2022-11-29T06:53:57.260+0000] {dagbag.py:537} INFO - Filling up the DagBag from /home/airflow/.local/lib/python3.7/site-packages/airflow/example_dags/example_external_task_marker_dag.py
[2022-11-29T06:53:57.288+0000] {processor.py:766} INFO - DAG(s) dict_keys(['example_external_task_marker_child', 'example_external_task_marker_parent']) retrieved from /home/airflow/.local/lib/python3.7/site-packages/airflow/example_dags/example_external_task_marker_dag.py
[2022-11-29T06:53:57.646+0000] {logging_mixin.py:137} INFO - [2022-11-29T06:53:57.646+0000] {dag.py:2585} INFO - Sync 2 DAGs
[2022-11-29T06:53:57.685+0000] {logging_mixin.py:137} INFO - [2022-11-29T06:53:57.685+0000] {dag.py:3340} INFO - Setting next_dagrun for example_external_task_marker_child to None, run_after=None
[2022-11-29T06:53:57.691+0000] {logging_mixin.py:137} INFO - [2022-11-29T06:53:57.690+0000] {dag.py:3340} INFO - Setting next_dagrun for example_external_task_marker_parent to None, run_after=None
[2022-11-29T06:53:57.719+0000] {processor.py:176} INFO - Processing /home/airflow/.local/lib/python3.7/site-packages/airflow/example_dags/example_external_task_marker_dag.py took 0.471 seconds
[2022-11-29T06:54:28.000+0000] {processor.py:154} INFO - Started process (PID=227) to work on /home/airflow/.local/lib/python3.7/site-packages/airflow/example_dags/example_external_task_marker_dag.py
[2022-11-29T06:54:28.002+0000] {processor.py:756} INFO - Processing file /home/airflow/.local/lib/python3.7/site-packages/airflow/example_dags/example_external_task_marker_dag.py for tasks to queue
[2022-11-29T06:54:28.004+0000] {logging_mixin.py:137} INFO - [2022-11-29T06:54:28.003+0000] {dagbag.py:537} INFO - Filling up the DagBag from /home/airflow/.local/lib/python3.7/site-packages/airflow/example_dags/example_external_task_marker_dag.py
[2022-11-29T06:54:28.025+0000] {processor.py:766} INFO - DAG(s) dict_keys(['example_external_task_marker_parent', 'example_external_task_marker_child']) retrieved from /home/airflow/.local/lib/python3.7/site-packages/airflow/example_dags/example_external_task_marker_dag.py
[2022-11-29T06:54:28.423+0000] {logging_mixin.py:137} INFO - [2022-11-29T06:54:28.423+0000] {dag.py:2585} INFO - Sync 2 DAGs
[2022-11-29T06:54:28.458+0000] {logging_mixin.py:137} INFO - [2022-11-29T06:54:28.458+0000] {dag.py:3340} INFO - Setting next_dagrun for example_external_task_marker_child to None, run_after=None
[2022-11-29T06:54:28.466+0000] {logging_mixin.py:137} INFO - [2022-11-29T06:54:28.466+0000] {dag.py:3340} INFO - Setting next_dagrun for example_external_task_marker_parent to None, run_after=None
[2022-11-29T06:54:28.493+0000] {processor.py:176} INFO - Processing /home/airflow/.local/lib/python3.7/site-packages/airflow/example_dags/example_external_task_marker_dag.py took 0.497 seconds
[2022-11-29T06:54:58.809+0000] {processor.py:154} INFO - Started process (PID=291) to work on /home/airflow/.local/lib/python3.7/site-packages/airflow/example_dags/example_external_task_marker_dag.py
[2022-11-29T06:54:58.810+0000] {processor.py:756} INFO - Processing file /home/airflow/.local/lib/python3.7/site-packages/airflow/example_dags/example_external_task_marker_dag.py for tasks to queue
[2022-11-29T06:54:58.813+0000] {logging_mixin.py:137} INFO - [2022-11-29T06:54:58.813+0000] {dagbag.py:537} INFO - Filling up the DagBag from /home/airflow/.local/lib/python3.7/site-packages/airflow/example_dags/example_external_task_marker_dag.py
[2022-11-29T06:54:58.840+0000] {processor.py:766} INFO - DAG(s) dict_keys(['example_external_task_marker_parent', 'example_external_task_marker_child']) retrieved from /home/airflow/.local/lib/python3.7/site-packages/airflow/example_dags/example_external_task_marker_dag.py
[2022-11-29T06:54:59.130+0000] {logging_mixin.py:137} INFO - [2022-11-29T06:54:59.129+0000] {dag.py:2585} INFO - Sync 2 DAGs
[2022-11-29T06:54:59.184+0000] {logging_mixin.py:137} INFO - [2022-11-29T06:54:59.184+0000] {dag.py:3340} INFO - Setting next_dagrun for example_external_task_marker_child to None, run_after=None
[2022-11-29T06:54:59.190+0000] {logging_mixin.py:137} INFO - [2022-11-29T06:54:59.190+0000] {dag.py:3340} INFO - Setting next_dagrun for example_external_task_marker_parent to None, run_after=None
[2022-11-29T06:54:59.222+0000] {processor.py:176} INFO - Processing /home/airflow/.local/lib/python3.7/site-packages/airflow/example_dags/example_external_task_marker_dag.py took 0.422 seconds
[2022-11-29T06:55:29.389+0000] {processor.py:154} INFO - Started process (PID=351) to work on /home/airflow/.local/lib/python3.7/site-packages/airflow/example_dags/example_external_task_marker_dag.py
[2022-11-29T06:55:29.391+0000] {processor.py:756} INFO - Processing file /home/airflow/.local/lib/python3.7/site-packages/airflow/example_dags/example_external_task_marker_dag.py for tasks to queue
[2022-11-29T06:55:29.393+0000] {logging_mixin.py:137} INFO - [2022-11-29T06:55:29.393+0000] {dagbag.py:537} INFO - Filling up the DagBag from /home/airflow/.local/lib/python3.7/site-packages/airflow/example_dags/example_external_task_marker_dag.py
[2022-11-29T06:55:29.422+0000] {processor.py:766} INFO - DAG(s) dict_keys(['example_external_task_marker_parent', 'example_external_task_marker_child']) retrieved from /home/airflow/.local/lib/python3.7/site-packages/airflow/example_dags/example_external_task_marker_dag.py
[2022-11-29T06:55:29.754+0000] {logging_mixin.py:137} INFO - [2022-11-29T06:55:29.754+0000] {dag.py:2585} INFO - Sync 2 DAGs
[2022-11-29T06:55:29.796+0000] {logging_mixin.py:137} INFO - [2022-11-29T06:55:29.796+0000] {dag.py:3340} INFO - Setting next_dagrun for example_external_task_marker_child to None, run_after=None
[2022-11-29T06:55:29.803+0000] {logging_mixin.py:137} INFO - [2022-11-29T06:55:29.803+0000] {dag.py:3340} INFO - Setting next_dagrun for example_external_task_marker_parent to None, run_after=None
[2022-11-29T06:55:29.831+0000] {processor.py:176} INFO - Processing /home/airflow/.local/lib/python3.7/site-packages/airflow/example_dags/example_external_task_marker_dag.py took 0.448 seconds
[2022-11-29T06:55:59.931+0000] {processor.py:154} INFO - Started process (PID=405) to work on /home/airflow/.local/lib/python3.7/site-packages/airflow/example_dags/example_external_task_marker_dag.py
[2022-11-29T06:55:59.933+0000] {processor.py:756} INFO - Processing file /home/airflow/.local/lib/python3.7/site-packages/airflow/example_dags/example_external_task_marker_dag.py for tasks to queue
[2022-11-29T06:55:59.935+0000] {logging_mixin.py:137} INFO - [2022-11-29T06:55:59.935+0000] {dagbag.py:537} INFO - Filling up the DagBag from /home/airflow/.local/lib/python3.7/site-packages/airflow/example_dags/example_external_task_marker_dag.py
[2022-11-29T06:55:59.956+0000] {processor.py:766} INFO - DAG(s) dict_keys(['example_external_task_marker_child', 'example_external_task_marker_parent']) retrieved from /home/airflow/.local/lib/python3.7/site-packages/airflow/example_dags/example_external_task_marker_dag.py
[2022-11-29T06:56:00.253+0000] {logging_mixin.py:137} INFO - [2022-11-29T06:56:00.253+0000] {dag.py:2585} INFO - Sync 2 DAGs
[2022-11-29T06:56:00.291+0000] {logging_mixin.py:137} INFO - [2022-11-29T06:56:00.290+0000] {dag.py:3340} INFO - Setting next_dagrun for example_external_task_marker_child to None, run_after=None
[2022-11-29T06:56:00.299+0000] {logging_mixin.py:137} INFO - [2022-11-29T06:56:00.299+0000] {dag.py:3340} INFO - Setting next_dagrun for example_external_task_marker_parent to None, run_after=None
[2022-11-29T06:56:00.330+0000] {processor.py:176} INFO - Processing /home/airflow/.local/lib/python3.7/site-packages/airflow/example_dags/example_external_task_marker_dag.py took 0.404 seconds
[2022-11-29T07:01:49.535+0000] {processor.py:154} INFO - Started process (PID=50) to work on /home/airflow/.local/lib/python3.7/site-packages/airflow/example_dags/example_external_task_marker_dag.py
[2022-11-29T07:01:49.537+0000] {processor.py:756} INFO - Processing file /home/airflow/.local/lib/python3.7/site-packages/airflow/example_dags/example_external_task_marker_dag.py for tasks to queue
[2022-11-29T07:01:49.539+0000] {logging_mixin.py:137} INFO - [2022-11-29T07:01:49.539+0000] {dagbag.py:537} INFO - Filling up the DagBag from /home/airflow/.local/lib/python3.7/site-packages/airflow/example_dags/example_external_task_marker_dag.py
[2022-11-29T07:01:49.570+0000] {processor.py:766} INFO - DAG(s) dict_keys(['example_external_task_marker_parent', 'example_external_task_marker_child']) retrieved from /home/airflow/.local/lib/python3.7/site-packages/airflow/example_dags/example_external_task_marker_dag.py
[2022-11-29T07:01:49.640+0000] {logging_mixin.py:137} INFO - [2022-11-29T07:01:49.640+0000] {dag.py:2585} INFO - Sync 2 DAGs
[2022-11-29T07:01:49.678+0000] {logging_mixin.py:137} INFO - [2022-11-29T07:01:49.678+0000] {dag.py:3340} INFO - Setting next_dagrun for example_external_task_marker_child to None, run_after=None
[2022-11-29T07:01:49.684+0000] {logging_mixin.py:137} INFO - [2022-11-29T07:01:49.683+0000] {dag.py:3340} INFO - Setting next_dagrun for example_external_task_marker_parent to None, run_after=None
[2022-11-29T07:01:49.729+0000] {processor.py:176} INFO - Processing /home/airflow/.local/lib/python3.7/site-packages/airflow/example_dags/example_external_task_marker_dag.py took 0.207 seconds
[2022-11-29T07:02:20.509+0000] {processor.py:154} INFO - Started process (PID=104) to work on /home/airflow/.local/lib/python3.7/site-packages/airflow/example_dags/example_external_task_marker_dag.py
[2022-11-29T07:02:20.510+0000] {processor.py:756} INFO - Processing file /home/airflow/.local/lib/python3.7/site-packages/airflow/example_dags/example_external_task_marker_dag.py for tasks to queue
[2022-11-29T07:02:20.513+0000] {logging_mixin.py:137} INFO - [2022-11-29T07:02:20.512+0000] {dagbag.py:537} INFO - Filling up the DagBag from /home/airflow/.local/lib/python3.7/site-packages/airflow/example_dags/example_external_task_marker_dag.py
[2022-11-29T07:02:20.535+0000] {processor.py:766} INFO - DAG(s) dict_keys(['example_external_task_marker_parent', 'example_external_task_marker_child']) retrieved from /home/airflow/.local/lib/python3.7/site-packages/airflow/example_dags/example_external_task_marker_dag.py
[2022-11-29T07:02:20.883+0000] {logging_mixin.py:137} INFO - [2022-11-29T07:02:20.883+0000] {dag.py:2585} INFO - Sync 2 DAGs
[2022-11-29T07:02:20.928+0000] {logging_mixin.py:137} INFO - [2022-11-29T07:02:20.928+0000] {dag.py:3340} INFO - Setting next_dagrun for example_external_task_marker_child to None, run_after=None
[2022-11-29T07:02:20.933+0000] {logging_mixin.py:137} INFO - [2022-11-29T07:02:20.933+0000] {dag.py:3340} INFO - Setting next_dagrun for example_external_task_marker_parent to None, run_after=None
[2022-11-29T07:02:20.968+0000] {processor.py:176} INFO - Processing /home/airflow/.local/lib/python3.7/site-packages/airflow/example_dags/example_external_task_marker_dag.py took 0.465 seconds
[2022-11-29T07:02:51.065+0000] {processor.py:154} INFO - Started process (PID=168) to work on /home/airflow/.local/lib/python3.7/site-packages/airflow/example_dags/example_external_task_marker_dag.py
[2022-11-29T07:02:51.067+0000] {processor.py:756} INFO - Processing file /home/airflow/.local/lib/python3.7/site-packages/airflow/example_dags/example_external_task_marker_dag.py for tasks to queue
[2022-11-29T07:02:51.069+0000] {logging_mixin.py:137} INFO - [2022-11-29T07:02:51.069+0000] {dagbag.py:537} INFO - Filling up the DagBag from /home/airflow/.local/lib/python3.7/site-packages/airflow/example_dags/example_external_task_marker_dag.py
[2022-11-29T07:02:51.091+0000] {processor.py:766} INFO - DAG(s) dict_keys(['example_external_task_marker_parent', 'example_external_task_marker_child']) retrieved from /home/airflow/.local/lib/python3.7/site-packages/airflow/example_dags/example_external_task_marker_dag.py
[2022-11-29T07:02:51.350+0000] {logging_mixin.py:137} INFO - [2022-11-29T07:02:51.350+0000] {dag.py:2585} INFO - Sync 2 DAGs
[2022-11-29T07:02:51.390+0000] {logging_mixin.py:137} INFO - [2022-11-29T07:02:51.390+0000] {dag.py:3340} INFO - Setting next_dagrun for example_external_task_marker_child to None, run_after=None
[2022-11-29T07:02:51.396+0000] {logging_mixin.py:137} INFO - [2022-11-29T07:02:51.396+0000] {dag.py:3340} INFO - Setting next_dagrun for example_external_task_marker_parent to None, run_after=None
[2022-11-29T07:02:51.433+0000] {processor.py:176} INFO - Processing /home/airflow/.local/lib/python3.7/site-packages/airflow/example_dags/example_external_task_marker_dag.py took 0.372 seconds
[2022-11-29T07:03:21.747+0000] {processor.py:154} INFO - Started process (PID=231) to work on /home/airflow/.local/lib/python3.7/site-packages/airflow/example_dags/example_external_task_marker_dag.py
[2022-11-29T07:03:21.749+0000] {processor.py:756} INFO - Processing file /home/airflow/.local/lib/python3.7/site-packages/airflow/example_dags/example_external_task_marker_dag.py for tasks to queue
[2022-11-29T07:03:21.750+0000] {logging_mixin.py:137} INFO - [2022-11-29T07:03:21.750+0000] {dagbag.py:537} INFO - Filling up the DagBag from /home/airflow/.local/lib/python3.7/site-packages/airflow/example_dags/example_external_task_marker_dag.py
[2022-11-29T07:03:21.770+0000] {processor.py:766} INFO - DAG(s) dict_keys(['example_external_task_marker_child', 'example_external_task_marker_parent']) retrieved from /home/airflow/.local/lib/python3.7/site-packages/airflow/example_dags/example_external_task_marker_dag.py
[2022-11-29T07:03:22.029+0000] {logging_mixin.py:137} INFO - [2022-11-29T07:03:22.029+0000] {dag.py:2585} INFO - Sync 2 DAGs
[2022-11-29T07:03:22.062+0000] {logging_mixin.py:137} INFO - [2022-11-29T07:03:22.062+0000] {dag.py:3340} INFO - Setting next_dagrun for example_external_task_marker_child to None, run_after=None
[2022-11-29T07:03:22.077+0000] {logging_mixin.py:137} INFO - [2022-11-29T07:03:22.077+0000] {dag.py:3340} INFO - Setting next_dagrun for example_external_task_marker_parent to None, run_after=None
[2022-11-29T07:03:22.111+0000] {processor.py:176} INFO - Processing /home/airflow/.local/lib/python3.7/site-packages/airflow/example_dags/example_external_task_marker_dag.py took 0.391 seconds
[2022-11-29T07:03:52.677+0000] {processor.py:154} INFO - Started process (PID=285) to work on /home/airflow/.local/lib/python3.7/site-packages/airflow/example_dags/example_external_task_marker_dag.py
[2022-11-29T07:03:52.678+0000] {processor.py:756} INFO - Processing file /home/airflow/.local/lib/python3.7/site-packages/airflow/example_dags/example_external_task_marker_dag.py for tasks to queue
[2022-11-29T07:03:52.680+0000] {logging_mixin.py:137} INFO - [2022-11-29T07:03:52.680+0000] {dagbag.py:537} INFO - Filling up the DagBag from /home/airflow/.local/lib/python3.7/site-packages/airflow/example_dags/example_external_task_marker_dag.py
[2022-11-29T07:03:52.704+0000] {processor.py:766} INFO - DAG(s) dict_keys(['example_external_task_marker_child', 'example_external_task_marker_parent']) retrieved from /home/airflow/.local/lib/python3.7/site-packages/airflow/example_dags/example_external_task_marker_dag.py
[2022-11-29T07:03:53.054+0000] {logging_mixin.py:137} INFO - [2022-11-29T07:03:53.054+0000] {dag.py:2585} INFO - Sync 2 DAGs
[2022-11-29T07:03:53.088+0000] {logging_mixin.py:137} INFO - [2022-11-29T07:03:53.088+0000] {dag.py:3340} INFO - Setting next_dagrun for example_external_task_marker_child to None, run_after=None
[2022-11-29T07:03:53.094+0000] {logging_mixin.py:137} INFO - [2022-11-29T07:03:53.093+0000] {dag.py:3340} INFO - Setting next_dagrun for example_external_task_marker_parent to None, run_after=None
[2022-11-29T07:03:53.119+0000] {processor.py:176} INFO - Processing /home/airflow/.local/lib/python3.7/site-packages/airflow/example_dags/example_external_task_marker_dag.py took 0.449 seconds
[2022-11-29T07:04:48.681+0000] {processor.py:154} INFO - Started process (PID=50) to work on /home/airflow/.local/lib/python3.7/site-packages/airflow/example_dags/example_external_task_marker_dag.py
[2022-11-29T07:04:48.683+0000] {processor.py:756} INFO - Processing file /home/airflow/.local/lib/python3.7/site-packages/airflow/example_dags/example_external_task_marker_dag.py for tasks to queue
[2022-11-29T07:04:48.684+0000] {logging_mixin.py:137} INFO - [2022-11-29T07:04:48.684+0000] {dagbag.py:537} INFO - Filling up the DagBag from /home/airflow/.local/lib/python3.7/site-packages/airflow/example_dags/example_external_task_marker_dag.py
[2022-11-29T07:04:48.711+0000] {processor.py:766} INFO - DAG(s) dict_keys(['example_external_task_marker_child', 'example_external_task_marker_parent']) retrieved from /home/airflow/.local/lib/python3.7/site-packages/airflow/example_dags/example_external_task_marker_dag.py
[2022-11-29T07:04:48.766+0000] {logging_mixin.py:137} INFO - [2022-11-29T07:04:48.766+0000] {dag.py:2585} INFO - Sync 2 DAGs
[2022-11-29T07:04:48.806+0000] {logging_mixin.py:137} INFO - [2022-11-29T07:04:48.806+0000] {dag.py:3340} INFO - Setting next_dagrun for example_external_task_marker_child to None, run_after=None
[2022-11-29T07:04:48.812+0000] {logging_mixin.py:137} INFO - [2022-11-29T07:04:48.812+0000] {dag.py:3340} INFO - Setting next_dagrun for example_external_task_marker_parent to None, run_after=None
[2022-11-29T07:04:48.856+0000] {processor.py:176} INFO - Processing /home/airflow/.local/lib/python3.7/site-packages/airflow/example_dags/example_external_task_marker_dag.py took 0.181 seconds
[2022-11-29T07:05:58.574+0000] {processor.py:154} INFO - Started process (PID=50) to work on /home/airflow/.local/lib/python3.7/site-packages/airflow/example_dags/example_external_task_marker_dag.py
[2022-11-29T07:05:58.584+0000] {processor.py:756} INFO - Processing file /home/airflow/.local/lib/python3.7/site-packages/airflow/example_dags/example_external_task_marker_dag.py for tasks to queue
[2022-11-29T07:05:58.586+0000] {logging_mixin.py:137} INFO - [2022-11-29T07:05:58.585+0000] {dagbag.py:537} INFO - Filling up the DagBag from /home/airflow/.local/lib/python3.7/site-packages/airflow/example_dags/example_external_task_marker_dag.py
[2022-11-29T07:05:58.633+0000] {processor.py:766} INFO - DAG(s) dict_keys(['example_external_task_marker_child', 'example_external_task_marker_parent']) retrieved from /home/airflow/.local/lib/python3.7/site-packages/airflow/example_dags/example_external_task_marker_dag.py
[2022-11-29T07:05:58.715+0000] {logging_mixin.py:137} INFO - [2022-11-29T07:05:58.715+0000] {dag.py:2585} INFO - Sync 2 DAGs
[2022-11-29T07:05:58.809+0000] {logging_mixin.py:137} INFO - [2022-11-29T07:05:58.808+0000] {dag.py:3340} INFO - Setting next_dagrun for example_external_task_marker_child to None, run_after=None
[2022-11-29T07:05:58.815+0000] {logging_mixin.py:137} INFO - [2022-11-29T07:05:58.815+0000] {dag.py:3340} INFO - Setting next_dagrun for example_external_task_marker_parent to None, run_after=None
[2022-11-29T07:05:58.851+0000] {processor.py:176} INFO - Processing /home/airflow/.local/lib/python3.7/site-packages/airflow/example_dags/example_external_task_marker_dag.py took 0.283 seconds
[2022-11-29T07:06:29.198+0000] {processor.py:154} INFO - Started process (PID=104) to work on /home/airflow/.local/lib/python3.7/site-packages/airflow/example_dags/example_external_task_marker_dag.py
[2022-11-29T07:06:29.201+0000] {processor.py:756} INFO - Processing file /home/airflow/.local/lib/python3.7/site-packages/airflow/example_dags/example_external_task_marker_dag.py for tasks to queue
[2022-11-29T07:06:29.203+0000] {logging_mixin.py:137} INFO - [2022-11-29T07:06:29.203+0000] {dagbag.py:537} INFO - Filling up the DagBag from /home/airflow/.local/lib/python3.7/site-packages/airflow/example_dags/example_external_task_marker_dag.py
[2022-11-29T07:06:29.225+0000] {processor.py:766} INFO - DAG(s) dict_keys(['example_external_task_marker_child', 'example_external_task_marker_parent']) retrieved from /home/airflow/.local/lib/python3.7/site-packages/airflow/example_dags/example_external_task_marker_dag.py
[2022-11-29T07:06:29.520+0000] {logging_mixin.py:137} INFO - [2022-11-29T07:06:29.520+0000] {dag.py:2585} INFO - Sync 2 DAGs
[2022-11-29T07:06:29.569+0000] {logging_mixin.py:137} INFO - [2022-11-29T07:06:29.569+0000] {dag.py:3340} INFO - Setting next_dagrun for example_external_task_marker_child to None, run_after=None
[2022-11-29T07:06:29.578+0000] {logging_mixin.py:137} INFO - [2022-11-29T07:06:29.578+0000] {dag.py:3340} INFO - Setting next_dagrun for example_external_task_marker_parent to None, run_after=None
[2022-11-29T07:06:29.611+0000] {processor.py:176} INFO - Processing /home/airflow/.local/lib/python3.7/site-packages/airflow/example_dags/example_external_task_marker_dag.py took 0.418 seconds
[2022-11-29T07:06:59.721+0000] {processor.py:154} INFO - Started process (PID=168) to work on /home/airflow/.local/lib/python3.7/site-packages/airflow/example_dags/example_external_task_marker_dag.py
[2022-11-29T07:06:59.723+0000] {processor.py:756} INFO - Processing file /home/airflow/.local/lib/python3.7/site-packages/airflow/example_dags/example_external_task_marker_dag.py for tasks to queue
[2022-11-29T07:06:59.724+0000] {logging_mixin.py:137} INFO - [2022-11-29T07:06:59.724+0000] {dagbag.py:537} INFO - Filling up the DagBag from /home/airflow/.local/lib/python3.7/site-packages/airflow/example_dags/example_external_task_marker_dag.py
[2022-11-29T07:06:59.750+0000] {processor.py:766} INFO - DAG(s) dict_keys(['example_external_task_marker_parent', 'example_external_task_marker_child']) retrieved from /home/airflow/.local/lib/python3.7/site-packages/airflow/example_dags/example_external_task_marker_dag.py
[2022-11-29T07:07:00.051+0000] {logging_mixin.py:137} INFO - [2022-11-29T07:07:00.051+0000] {dag.py:2585} INFO - Sync 2 DAGs
[2022-11-29T07:07:00.096+0000] {logging_mixin.py:137} INFO - [2022-11-29T07:07:00.096+0000] {dag.py:3340} INFO - Setting next_dagrun for example_external_task_marker_child to None, run_after=None
[2022-11-29T07:07:00.102+0000] {logging_mixin.py:137} INFO - [2022-11-29T07:07:00.102+0000] {dag.py:3340} INFO - Setting next_dagrun for example_external_task_marker_parent to None, run_after=None
[2022-11-29T07:07:00.129+0000] {processor.py:176} INFO - Processing /home/airflow/.local/lib/python3.7/site-packages/airflow/example_dags/example_external_task_marker_dag.py took 0.413 seconds
[2022-11-29T07:07:30.454+0000] {processor.py:154} INFO - Started process (PID=231) to work on /home/airflow/.local/lib/python3.7/site-packages/airflow/example_dags/example_external_task_marker_dag.py
[2022-11-29T07:07:30.456+0000] {processor.py:756} INFO - Processing file /home/airflow/.local/lib/python3.7/site-packages/airflow/example_dags/example_external_task_marker_dag.py for tasks to queue
[2022-11-29T07:07:30.457+0000] {logging_mixin.py:137} INFO - [2022-11-29T07:07:30.457+0000] {dagbag.py:537} INFO - Filling up the DagBag from /home/airflow/.local/lib/python3.7/site-packages/airflow/example_dags/example_external_task_marker_dag.py
[2022-11-29T07:07:30.485+0000] {processor.py:766} INFO - DAG(s) dict_keys(['example_external_task_marker_child', 'example_external_task_marker_parent']) retrieved from /home/airflow/.local/lib/python3.7/site-packages/airflow/example_dags/example_external_task_marker_dag.py
[2022-11-29T07:07:30.862+0000] {logging_mixin.py:137} INFO - [2022-11-29T07:07:30.862+0000] {dag.py:2585} INFO - Sync 2 DAGs
[2022-11-29T07:07:30.923+0000] {logging_mixin.py:137} INFO - [2022-11-29T07:07:30.923+0000] {dag.py:3340} INFO - Setting next_dagrun for example_external_task_marker_child to None, run_after=None
[2022-11-29T07:07:30.936+0000] {logging_mixin.py:137} INFO - [2022-11-29T07:07:30.936+0000] {dag.py:3340} INFO - Setting next_dagrun for example_external_task_marker_parent to None, run_after=None
[2022-11-29T07:07:30.967+0000] {processor.py:176} INFO - Processing /home/airflow/.local/lib/python3.7/site-packages/airflow/example_dags/example_external_task_marker_dag.py took 0.519 seconds
[2022-11-29T07:08:01.325+0000] {processor.py:154} INFO - Started process (PID=287) to work on /home/airflow/.local/lib/python3.7/site-packages/airflow/example_dags/example_external_task_marker_dag.py
[2022-11-29T07:08:01.327+0000] {processor.py:756} INFO - Processing file /home/airflow/.local/lib/python3.7/site-packages/airflow/example_dags/example_external_task_marker_dag.py for tasks to queue
[2022-11-29T07:08:01.329+0000] {logging_mixin.py:137} INFO - [2022-11-29T07:08:01.329+0000] {dagbag.py:537} INFO - Filling up the DagBag from /home/airflow/.local/lib/python3.7/site-packages/airflow/example_dags/example_external_task_marker_dag.py
[2022-11-29T07:08:01.351+0000] {processor.py:766} INFO - DAG(s) dict_keys(['example_external_task_marker_child', 'example_external_task_marker_parent']) retrieved from /home/airflow/.local/lib/python3.7/site-packages/airflow/example_dags/example_external_task_marker_dag.py
[2022-11-29T07:08:01.663+0000] {logging_mixin.py:137} INFO - [2022-11-29T07:08:01.662+0000] {dag.py:2585} INFO - Sync 2 DAGs
[2022-11-29T07:08:01.698+0000] {logging_mixin.py:137} INFO - [2022-11-29T07:08:01.698+0000] {dag.py:3340} INFO - Setting next_dagrun for example_external_task_marker_child to None, run_after=None
[2022-11-29T07:08:01.703+0000] {logging_mixin.py:137} INFO - [2022-11-29T07:08:01.703+0000] {dag.py:3340} INFO - Setting next_dagrun for example_external_task_marker_parent to None, run_after=None
[2022-11-29T07:08:01.728+0000] {processor.py:176} INFO - Processing /home/airflow/.local/lib/python3.7/site-packages/airflow/example_dags/example_external_task_marker_dag.py took 0.407 seconds
[2022-11-29T07:08:32.636+0000] {processor.py:154} INFO - Started process (PID=351) to work on /home/airflow/.local/lib/python3.7/site-packages/airflow/example_dags/example_external_task_marker_dag.py
[2022-11-29T07:08:32.639+0000] {processor.py:756} INFO - Processing file /home/airflow/.local/lib/python3.7/site-packages/airflow/example_dags/example_external_task_marker_dag.py for tasks to queue
[2022-11-29T07:08:32.640+0000] {logging_mixin.py:137} INFO - [2022-11-29T07:08:32.640+0000] {dagbag.py:537} INFO - Filling up the DagBag from /home/airflow/.local/lib/python3.7/site-packages/airflow/example_dags/example_external_task_marker_dag.py
[2022-11-29T07:08:32.663+0000] {processor.py:766} INFO - DAG(s) dict_keys(['example_external_task_marker_parent', 'example_external_task_marker_child']) retrieved from /home/airflow/.local/lib/python3.7/site-packages/airflow/example_dags/example_external_task_marker_dag.py
[2022-11-29T07:08:32.962+0000] {logging_mixin.py:137} INFO - [2022-11-29T07:08:32.962+0000] {dag.py:2585} INFO - Sync 2 DAGs
[2022-11-29T07:08:32.998+0000] {logging_mixin.py:137} INFO - [2022-11-29T07:08:32.998+0000] {dag.py:3340} INFO - Setting next_dagrun for example_external_task_marker_child to None, run_after=None
[2022-11-29T07:08:33.006+0000] {logging_mixin.py:137} INFO - [2022-11-29T07:08:33.006+0000] {dag.py:3340} INFO - Setting next_dagrun for example_external_task_marker_parent to None, run_after=None
[2022-11-29T07:08:33.031+0000] {processor.py:176} INFO - Processing /home/airflow/.local/lib/python3.7/site-packages/airflow/example_dags/example_external_task_marker_dag.py took 0.401 seconds
[2022-11-29T07:09:03.256+0000] {processor.py:154} INFO - Started process (PID=413) to work on /home/airflow/.local/lib/python3.7/site-packages/airflow/example_dags/example_external_task_marker_dag.py
[2022-11-29T07:09:03.258+0000] {processor.py:756} INFO - Processing file /home/airflow/.local/lib/python3.7/site-packages/airflow/example_dags/example_external_task_marker_dag.py for tasks to queue
[2022-11-29T07:09:03.260+0000] {logging_mixin.py:137} INFO - [2022-11-29T07:09:03.259+0000] {dagbag.py:537} INFO - Filling up the DagBag from /home/airflow/.local/lib/python3.7/site-packages/airflow/example_dags/example_external_task_marker_dag.py
[2022-11-29T07:09:03.282+0000] {processor.py:766} INFO - DAG(s) dict_keys(['example_external_task_marker_parent', 'example_external_task_marker_child']) retrieved from /home/airflow/.local/lib/python3.7/site-packages/airflow/example_dags/example_external_task_marker_dag.py
[2022-11-29T07:09:03.544+0000] {logging_mixin.py:137} INFO - [2022-11-29T07:09:03.544+0000] {dag.py:2585} INFO - Sync 2 DAGs
[2022-11-29T07:09:03.579+0000] {logging_mixin.py:137} INFO - [2022-11-29T07:09:03.579+0000] {dag.py:3340} INFO - Setting next_dagrun for example_external_task_marker_child to None, run_after=None
[2022-11-29T07:09:03.584+0000] {logging_mixin.py:137} INFO - [2022-11-29T07:09:03.583+0000] {dag.py:3340} INFO - Setting next_dagrun for example_external_task_marker_parent to None, run_after=None
[2022-11-29T07:09:03.603+0000] {processor.py:176} INFO - Processing /home/airflow/.local/lib/python3.7/site-packages/airflow/example_dags/example_external_task_marker_dag.py took 0.352 seconds
[2022-11-29T07:09:33.754+0000] {processor.py:154} INFO - Started process (PID=467) to work on /home/airflow/.local/lib/python3.7/site-packages/airflow/example_dags/example_external_task_marker_dag.py
[2022-11-29T07:09:33.756+0000] {processor.py:756} INFO - Processing file /home/airflow/.local/lib/python3.7/site-packages/airflow/example_dags/example_external_task_marker_dag.py for tasks to queue
[2022-11-29T07:09:33.757+0000] {logging_mixin.py:137} INFO - [2022-11-29T07:09:33.757+0000] {dagbag.py:537} INFO - Filling up the DagBag from /home/airflow/.local/lib/python3.7/site-packages/airflow/example_dags/example_external_task_marker_dag.py
[2022-11-29T07:09:33.780+0000] {processor.py:766} INFO - DAG(s) dict_keys(['example_external_task_marker_parent', 'example_external_task_marker_child']) retrieved from /home/airflow/.local/lib/python3.7/site-packages/airflow/example_dags/example_external_task_marker_dag.py
[2022-11-29T07:09:34.062+0000] {logging_mixin.py:137} INFO - [2022-11-29T07:09:34.062+0000] {dag.py:2585} INFO - Sync 2 DAGs
[2022-11-29T07:09:34.097+0000] {logging_mixin.py:137} INFO - [2022-11-29T07:09:34.097+0000] {dag.py:3340} INFO - Setting next_dagrun for example_external_task_marker_child to None, run_after=None
[2022-11-29T07:09:34.105+0000] {logging_mixin.py:137} INFO - [2022-11-29T07:09:34.105+0000] {dag.py:3340} INFO - Setting next_dagrun for example_external_task_marker_parent to None, run_after=None
[2022-11-29T07:09:34.137+0000] {processor.py:176} INFO - Processing /home/airflow/.local/lib/python3.7/site-packages/airflow/example_dags/example_external_task_marker_dag.py took 0.388 seconds
[2022-11-29T07:10:04.446+0000] {processor.py:154} INFO - Started process (PID=530) to work on /home/airflow/.local/lib/python3.7/site-packages/airflow/example_dags/example_external_task_marker_dag.py
[2022-11-29T07:10:04.447+0000] {processor.py:756} INFO - Processing file /home/airflow/.local/lib/python3.7/site-packages/airflow/example_dags/example_external_task_marker_dag.py for tasks to queue
[2022-11-29T07:10:04.449+0000] {logging_mixin.py:137} INFO - [2022-11-29T07:10:04.449+0000] {dagbag.py:537} INFO - Filling up the DagBag from /home/airflow/.local/lib/python3.7/site-packages/airflow/example_dags/example_external_task_marker_dag.py
[2022-11-29T07:10:04.471+0000] {processor.py:766} INFO - DAG(s) dict_keys(['example_external_task_marker_child', 'example_external_task_marker_parent']) retrieved from /home/airflow/.local/lib/python3.7/site-packages/airflow/example_dags/example_external_task_marker_dag.py
[2022-11-29T07:10:04.752+0000] {logging_mixin.py:137} INFO - [2022-11-29T07:10:04.752+0000] {dag.py:2585} INFO - Sync 2 DAGs
[2022-11-29T07:10:04.790+0000] {logging_mixin.py:137} INFO - [2022-11-29T07:10:04.789+0000] {dag.py:3340} INFO - Setting next_dagrun for example_external_task_marker_child to None, run_after=None
[2022-11-29T07:10:04.797+0000] {logging_mixin.py:137} INFO - [2022-11-29T07:10:04.797+0000] {dag.py:3340} INFO - Setting next_dagrun for example_external_task_marker_parent to None, run_after=None
[2022-11-29T07:10:04.820+0000] {processor.py:176} INFO - Processing /home/airflow/.local/lib/python3.7/site-packages/airflow/example_dags/example_external_task_marker_dag.py took 0.379 seconds
[2022-11-29T07:10:35.135+0000] {processor.py:154} INFO - Started process (PID=593) to work on /home/airflow/.local/lib/python3.7/site-packages/airflow/example_dags/example_external_task_marker_dag.py
[2022-11-29T07:10:35.137+0000] {processor.py:756} INFO - Processing file /home/airflow/.local/lib/python3.7/site-packages/airflow/example_dags/example_external_task_marker_dag.py for tasks to queue
[2022-11-29T07:10:35.139+0000] {logging_mixin.py:137} INFO - [2022-11-29T07:10:35.139+0000] {dagbag.py:537} INFO - Filling up the DagBag from /home/airflow/.local/lib/python3.7/site-packages/airflow/example_dags/example_external_task_marker_dag.py
[2022-11-29T07:10:35.163+0000] {processor.py:766} INFO - DAG(s) dict_keys(['example_external_task_marker_parent', 'example_external_task_marker_child']) retrieved from /home/airflow/.local/lib/python3.7/site-packages/airflow/example_dags/example_external_task_marker_dag.py
[2022-11-29T07:10:35.544+0000] {logging_mixin.py:137} INFO - [2022-11-29T07:10:35.544+0000] {dag.py:2585} INFO - Sync 2 DAGs
[2022-11-29T07:10:35.584+0000] {logging_mixin.py:137} INFO - [2022-11-29T07:10:35.583+0000] {dag.py:3340} INFO - Setting next_dagrun for example_external_task_marker_child to None, run_after=None
[2022-11-29T07:10:35.592+0000] {logging_mixin.py:137} INFO - [2022-11-29T07:10:35.591+0000] {dag.py:3340} INFO - Setting next_dagrun for example_external_task_marker_parent to None, run_after=None
[2022-11-29T07:10:35.618+0000] {processor.py:176} INFO - Processing /home/airflow/.local/lib/python3.7/site-packages/airflow/example_dags/example_external_task_marker_dag.py took 0.491 seconds
[2022-11-29T07:11:05.701+0000] {processor.py:154} INFO - Started process (PID=647) to work on /home/airflow/.local/lib/python3.7/site-packages/airflow/example_dags/example_external_task_marker_dag.py
[2022-11-29T07:11:05.703+0000] {processor.py:756} INFO - Processing file /home/airflow/.local/lib/python3.7/site-packages/airflow/example_dags/example_external_task_marker_dag.py for tasks to queue
[2022-11-29T07:11:05.705+0000] {logging_mixin.py:137} INFO - [2022-11-29T07:11:05.705+0000] {dagbag.py:537} INFO - Filling up the DagBag from /home/airflow/.local/lib/python3.7/site-packages/airflow/example_dags/example_external_task_marker_dag.py
[2022-11-29T07:11:05.731+0000] {processor.py:766} INFO - DAG(s) dict_keys(['example_external_task_marker_parent', 'example_external_task_marker_child']) retrieved from /home/airflow/.local/lib/python3.7/site-packages/airflow/example_dags/example_external_task_marker_dag.py
[2022-11-29T07:11:05.988+0000] {logging_mixin.py:137} INFO - [2022-11-29T07:11:05.988+0000] {dag.py:2585} INFO - Sync 2 DAGs
[2022-11-29T07:11:06.018+0000] {logging_mixin.py:137} INFO - [2022-11-29T07:11:06.018+0000] {dag.py:3340} INFO - Setting next_dagrun for example_external_task_marker_child to None, run_after=None
[2022-11-29T07:11:06.023+0000] {logging_mixin.py:137} INFO - [2022-11-29T07:11:06.023+0000] {dag.py:3340} INFO - Setting next_dagrun for example_external_task_marker_parent to None, run_after=None
[2022-11-29T07:11:06.048+0000] {processor.py:176} INFO - Processing /home/airflow/.local/lib/python3.7/site-packages/airflow/example_dags/example_external_task_marker_dag.py took 0.353 seconds
[2022-11-29T07:11:36.529+0000] {processor.py:154} INFO - Started process (PID=709) to work on /home/airflow/.local/lib/python3.7/site-packages/airflow/example_dags/example_external_task_marker_dag.py
[2022-11-29T07:11:36.530+0000] {processor.py:756} INFO - Processing file /home/airflow/.local/lib/python3.7/site-packages/airflow/example_dags/example_external_task_marker_dag.py for tasks to queue
[2022-11-29T07:11:36.532+0000] {logging_mixin.py:137} INFO - [2022-11-29T07:11:36.532+0000] {dagbag.py:537} INFO - Filling up the DagBag from /home/airflow/.local/lib/python3.7/site-packages/airflow/example_dags/example_external_task_marker_dag.py
[2022-11-29T07:11:36.555+0000] {processor.py:766} INFO - DAG(s) dict_keys(['example_external_task_marker_child', 'example_external_task_marker_parent']) retrieved from /home/airflow/.local/lib/python3.7/site-packages/airflow/example_dags/example_external_task_marker_dag.py
[2022-11-29T07:11:36.874+0000] {logging_mixin.py:137} INFO - [2022-11-29T07:11:36.874+0000] {dag.py:2585} INFO - Sync 2 DAGs
[2022-11-29T07:11:36.910+0000] {logging_mixin.py:137} INFO - [2022-11-29T07:11:36.910+0000] {dag.py:3340} INFO - Setting next_dagrun for example_external_task_marker_child to None, run_after=None
[2022-11-29T07:11:36.916+0000] {logging_mixin.py:137} INFO - [2022-11-29T07:11:36.915+0000] {dag.py:3340} INFO - Setting next_dagrun for example_external_task_marker_parent to None, run_after=None
[2022-11-29T07:11:36.940+0000] {processor.py:176} INFO - Processing /home/airflow/.local/lib/python3.7/site-packages/airflow/example_dags/example_external_task_marker_dag.py took 0.416 seconds
[2022-11-29T07:12:07.210+0000] {processor.py:154} INFO - Started process (PID=770) to work on /home/airflow/.local/lib/python3.7/site-packages/airflow/example_dags/example_external_task_marker_dag.py
[2022-11-29T07:12:07.213+0000] {processor.py:756} INFO - Processing file /home/airflow/.local/lib/python3.7/site-packages/airflow/example_dags/example_external_task_marker_dag.py for tasks to queue
[2022-11-29T07:12:07.216+0000] {logging_mixin.py:137} INFO - [2022-11-29T07:12:07.215+0000] {dagbag.py:537} INFO - Filling up the DagBag from /home/airflow/.local/lib/python3.7/site-packages/airflow/example_dags/example_external_task_marker_dag.py
[2022-11-29T07:12:07.243+0000] {processor.py:766} INFO - DAG(s) dict_keys(['example_external_task_marker_child', 'example_external_task_marker_parent']) retrieved from /home/airflow/.local/lib/python3.7/site-packages/airflow/example_dags/example_external_task_marker_dag.py
[2022-11-29T07:12:07.588+0000] {logging_mixin.py:137} INFO - [2022-11-29T07:12:07.588+0000] {dag.py:2585} INFO - Sync 2 DAGs
[2022-11-29T07:12:07.657+0000] {logging_mixin.py:137} INFO - [2022-11-29T07:12:07.657+0000] {dag.py:3340} INFO - Setting next_dagrun for example_external_task_marker_child to None, run_after=None
[2022-11-29T07:12:07.663+0000] {logging_mixin.py:137} INFO - [2022-11-29T07:12:07.663+0000] {dag.py:3340} INFO - Setting next_dagrun for example_external_task_marker_parent to None, run_after=None
[2022-11-29T07:12:07.694+0000] {processor.py:176} INFO - Processing /home/airflow/.local/lib/python3.7/site-packages/airflow/example_dags/example_external_task_marker_dag.py took 0.492 seconds
[2022-11-29T07:12:37.784+0000] {processor.py:154} INFO - Started process (PID=827) to work on /home/airflow/.local/lib/python3.7/site-packages/airflow/example_dags/example_external_task_marker_dag.py
[2022-11-29T07:12:37.786+0000] {processor.py:756} INFO - Processing file /home/airflow/.local/lib/python3.7/site-packages/airflow/example_dags/example_external_task_marker_dag.py for tasks to queue
[2022-11-29T07:12:37.788+0000] {logging_mixin.py:137} INFO - [2022-11-29T07:12:37.788+0000] {dagbag.py:537} INFO - Filling up the DagBag from /home/airflow/.local/lib/python3.7/site-packages/airflow/example_dags/example_external_task_marker_dag.py
[2022-11-29T07:12:37.814+0000] {processor.py:766} INFO - DAG(s) dict_keys(['example_external_task_marker_parent', 'example_external_task_marker_child']) retrieved from /home/airflow/.local/lib/python3.7/site-packages/airflow/example_dags/example_external_task_marker_dag.py
[2022-11-29T07:12:38.087+0000] {logging_mixin.py:137} INFO - [2022-11-29T07:12:38.086+0000] {dag.py:2585} INFO - Sync 2 DAGs
[2022-11-29T07:12:38.116+0000] {logging_mixin.py:137} INFO - [2022-11-29T07:12:38.115+0000] {dag.py:3340} INFO - Setting next_dagrun for example_external_task_marker_child to None, run_after=None
[2022-11-29T07:12:38.121+0000] {logging_mixin.py:137} INFO - [2022-11-29T07:12:38.121+0000] {dag.py:3340} INFO - Setting next_dagrun for example_external_task_marker_parent to None, run_after=None
[2022-11-29T07:12:38.141+0000] {processor.py:176} INFO - Processing /home/airflow/.local/lib/python3.7/site-packages/airflow/example_dags/example_external_task_marker_dag.py took 0.362 seconds
[2022-11-29T07:13:08.413+0000] {processor.py:154} INFO - Started process (PID=890) to work on /home/airflow/.local/lib/python3.7/site-packages/airflow/example_dags/example_external_task_marker_dag.py
[2022-11-29T07:13:08.415+0000] {processor.py:756} INFO - Processing file /home/airflow/.local/lib/python3.7/site-packages/airflow/example_dags/example_external_task_marker_dag.py for tasks to queue
[2022-11-29T07:13:08.417+0000] {logging_mixin.py:137} INFO - [2022-11-29T07:13:08.417+0000] {dagbag.py:537} INFO - Filling up the DagBag from /home/airflow/.local/lib/python3.7/site-packages/airflow/example_dags/example_external_task_marker_dag.py
[2022-11-29T07:13:08.440+0000] {processor.py:766} INFO - DAG(s) dict_keys(['example_external_task_marker_child', 'example_external_task_marker_parent']) retrieved from /home/airflow/.local/lib/python3.7/site-packages/airflow/example_dags/example_external_task_marker_dag.py
[2022-11-29T07:13:08.708+0000] {logging_mixin.py:137} INFO - [2022-11-29T07:13:08.708+0000] {dag.py:2585} INFO - Sync 2 DAGs
[2022-11-29T07:13:08.742+0000] {logging_mixin.py:137} INFO - [2022-11-29T07:13:08.742+0000] {dag.py:3340} INFO - Setting next_dagrun for example_external_task_marker_child to None, run_after=None
[2022-11-29T07:13:08.747+0000] {logging_mixin.py:137} INFO - [2022-11-29T07:13:08.746+0000] {dag.py:3340} INFO - Setting next_dagrun for example_external_task_marker_parent to None, run_after=None
[2022-11-29T07:13:08.769+0000] {processor.py:176} INFO - Processing /home/airflow/.local/lib/python3.7/site-packages/airflow/example_dags/example_external_task_marker_dag.py took 0.361 seconds
[2022-11-29T07:13:39.029+0000] {processor.py:154} INFO - Started process (PID=943) to work on /home/airflow/.local/lib/python3.7/site-packages/airflow/example_dags/example_external_task_marker_dag.py
[2022-11-29T07:13:39.031+0000] {processor.py:756} INFO - Processing file /home/airflow/.local/lib/python3.7/site-packages/airflow/example_dags/example_external_task_marker_dag.py for tasks to queue
[2022-11-29T07:13:39.033+0000] {logging_mixin.py:137} INFO - [2022-11-29T07:13:39.033+0000] {dagbag.py:537} INFO - Filling up the DagBag from /home/airflow/.local/lib/python3.7/site-packages/airflow/example_dags/example_external_task_marker_dag.py
[2022-11-29T07:13:39.054+0000] {processor.py:766} INFO - DAG(s) dict_keys(['example_external_task_marker_parent', 'example_external_task_marker_child']) retrieved from /home/airflow/.local/lib/python3.7/site-packages/airflow/example_dags/example_external_task_marker_dag.py
[2022-11-29T07:13:39.344+0000] {logging_mixin.py:137} INFO - [2022-11-29T07:13:39.343+0000] {dag.py:2585} INFO - Sync 2 DAGs
[2022-11-29T07:13:39.384+0000] {logging_mixin.py:137} INFO - [2022-11-29T07:13:39.384+0000] {dag.py:3340} INFO - Setting next_dagrun for example_external_task_marker_child to None, run_after=None
[2022-11-29T07:13:39.393+0000] {logging_mixin.py:137} INFO - [2022-11-29T07:13:39.393+0000] {dag.py:3340} INFO - Setting next_dagrun for example_external_task_marker_parent to None, run_after=None
[2022-11-29T07:13:39.421+0000] {processor.py:176} INFO - Processing /home/airflow/.local/lib/python3.7/site-packages/airflow/example_dags/example_external_task_marker_dag.py took 0.398 seconds
[2022-11-29T07:14:10.247+0000] {processor.py:154} INFO - Started process (PID=1006) to work on /home/airflow/.local/lib/python3.7/site-packages/airflow/example_dags/example_external_task_marker_dag.py
[2022-11-29T07:14:10.250+0000] {processor.py:756} INFO - Processing file /home/airflow/.local/lib/python3.7/site-packages/airflow/example_dags/example_external_task_marker_dag.py for tasks to queue
[2022-11-29T07:14:10.252+0000] {logging_mixin.py:137} INFO - [2022-11-29T07:14:10.252+0000] {dagbag.py:537} INFO - Filling up the DagBag from /home/airflow/.local/lib/python3.7/site-packages/airflow/example_dags/example_external_task_marker_dag.py
[2022-11-29T07:14:10.281+0000] {processor.py:766} INFO - DAG(s) dict_keys(['example_external_task_marker_parent', 'example_external_task_marker_child']) retrieved from /home/airflow/.local/lib/python3.7/site-packages/airflow/example_dags/example_external_task_marker_dag.py
[2022-11-29T07:14:10.604+0000] {logging_mixin.py:137} INFO - [2022-11-29T07:14:10.604+0000] {dag.py:2585} INFO - Sync 2 DAGs
[2022-11-29T07:14:10.639+0000] {logging_mixin.py:137} INFO - [2022-11-29T07:14:10.639+0000] {dag.py:3340} INFO - Setting next_dagrun for example_external_task_marker_child to None, run_after=None
[2022-11-29T07:14:10.645+0000] {logging_mixin.py:137} INFO - [2022-11-29T07:14:10.644+0000] {dag.py:3340} INFO - Setting next_dagrun for example_external_task_marker_parent to None, run_after=None
[2022-11-29T07:14:10.667+0000] {processor.py:176} INFO - Processing /home/airflow/.local/lib/python3.7/site-packages/airflow/example_dags/example_external_task_marker_dag.py took 0.426 seconds
[2022-11-29T07:14:40.904+0000] {processor.py:154} INFO - Started process (PID=1069) to work on /home/airflow/.local/lib/python3.7/site-packages/airflow/example_dags/example_external_task_marker_dag.py
[2022-11-29T07:14:40.906+0000] {processor.py:756} INFO - Processing file /home/airflow/.local/lib/python3.7/site-packages/airflow/example_dags/example_external_task_marker_dag.py for tasks to queue
[2022-11-29T07:14:40.907+0000] {logging_mixin.py:137} INFO - [2022-11-29T07:14:40.907+0000] {dagbag.py:537} INFO - Filling up the DagBag from /home/airflow/.local/lib/python3.7/site-packages/airflow/example_dags/example_external_task_marker_dag.py
[2022-11-29T07:14:40.929+0000] {processor.py:766} INFO - DAG(s) dict_keys(['example_external_task_marker_child', 'example_external_task_marker_parent']) retrieved from /home/airflow/.local/lib/python3.7/site-packages/airflow/example_dags/example_external_task_marker_dag.py
[2022-11-29T07:14:41.219+0000] {logging_mixin.py:137} INFO - [2022-11-29T07:14:41.219+0000] {dag.py:2585} INFO - Sync 2 DAGs
[2022-11-29T07:14:41.258+0000] {logging_mixin.py:137} INFO - [2022-11-29T07:14:41.258+0000] {dag.py:3340} INFO - Setting next_dagrun for example_external_task_marker_child to None, run_after=None
[2022-11-29T07:14:41.265+0000] {logging_mixin.py:137} INFO - [2022-11-29T07:14:41.264+0000] {dag.py:3340} INFO - Setting next_dagrun for example_external_task_marker_parent to None, run_after=None
[2022-11-29T07:14:41.289+0000] {processor.py:176} INFO - Processing /home/airflow/.local/lib/python3.7/site-packages/airflow/example_dags/example_external_task_marker_dag.py took 0.393 seconds
[2022-11-29T07:15:11.484+0000] {processor.py:154} INFO - Started process (PID=1133) to work on /home/airflow/.local/lib/python3.7/site-packages/airflow/example_dags/example_external_task_marker_dag.py
[2022-11-29T07:15:11.487+0000] {processor.py:756} INFO - Processing file /home/airflow/.local/lib/python3.7/site-packages/airflow/example_dags/example_external_task_marker_dag.py for tasks to queue
[2022-11-29T07:15:11.488+0000] {logging_mixin.py:137} INFO - [2022-11-29T07:15:11.488+0000] {dagbag.py:537} INFO - Filling up the DagBag from /home/airflow/.local/lib/python3.7/site-packages/airflow/example_dags/example_external_task_marker_dag.py
[2022-11-29T07:15:11.508+0000] {processor.py:766} INFO - DAG(s) dict_keys(['example_external_task_marker_parent', 'example_external_task_marker_child']) retrieved from /home/airflow/.local/lib/python3.7/site-packages/airflow/example_dags/example_external_task_marker_dag.py
[2022-11-29T07:15:11.770+0000] {logging_mixin.py:137} INFO - [2022-11-29T07:15:11.770+0000] {dag.py:2585} INFO - Sync 2 DAGs
[2022-11-29T07:15:11.805+0000] {logging_mixin.py:137} INFO - [2022-11-29T07:15:11.805+0000] {dag.py:3340} INFO - Setting next_dagrun for example_external_task_marker_child to None, run_after=None
[2022-11-29T07:15:11.810+0000] {logging_mixin.py:137} INFO - [2022-11-29T07:15:11.810+0000] {dag.py:3340} INFO - Setting next_dagrun for example_external_task_marker_parent to None, run_after=None
[2022-11-29T07:15:11.838+0000] {processor.py:176} INFO - Processing /home/airflow/.local/lib/python3.7/site-packages/airflow/example_dags/example_external_task_marker_dag.py took 0.364 seconds
[2022-11-29T07:15:42.182+0000] {processor.py:154} INFO - Started process (PID=1186) to work on /home/airflow/.local/lib/python3.7/site-packages/airflow/example_dags/example_external_task_marker_dag.py
[2022-11-29T07:15:42.183+0000] {processor.py:756} INFO - Processing file /home/airflow/.local/lib/python3.7/site-packages/airflow/example_dags/example_external_task_marker_dag.py for tasks to queue
[2022-11-29T07:15:42.185+0000] {logging_mixin.py:137} INFO - [2022-11-29T07:15:42.185+0000] {dagbag.py:537} INFO - Filling up the DagBag from /home/airflow/.local/lib/python3.7/site-packages/airflow/example_dags/example_external_task_marker_dag.py
[2022-11-29T07:15:42.208+0000] {processor.py:766} INFO - DAG(s) dict_keys(['example_external_task_marker_child', 'example_external_task_marker_parent']) retrieved from /home/airflow/.local/lib/python3.7/site-packages/airflow/example_dags/example_external_task_marker_dag.py
[2022-11-29T07:15:42.516+0000] {logging_mixin.py:137} INFO - [2022-11-29T07:15:42.516+0000] {dag.py:2585} INFO - Sync 2 DAGs
[2022-11-29T07:15:42.550+0000] {logging_mixin.py:137} INFO - [2022-11-29T07:15:42.550+0000] {dag.py:3340} INFO - Setting next_dagrun for example_external_task_marker_child to None, run_after=None
[2022-11-29T07:15:42.557+0000] {logging_mixin.py:137} INFO - [2022-11-29T07:15:42.557+0000] {dag.py:3340} INFO - Setting next_dagrun for example_external_task_marker_parent to None, run_after=None
[2022-11-29T07:15:42.588+0000] {processor.py:176} INFO - Processing /home/airflow/.local/lib/python3.7/site-packages/airflow/example_dags/example_external_task_marker_dag.py took 0.412 seconds
[2022-11-29T07:16:12.665+0000] {processor.py:154} INFO - Started process (PID=1251) to work on /home/airflow/.local/lib/python3.7/site-packages/airflow/example_dags/example_external_task_marker_dag.py
[2022-11-29T07:16:12.667+0000] {processor.py:756} INFO - Processing file /home/airflow/.local/lib/python3.7/site-packages/airflow/example_dags/example_external_task_marker_dag.py for tasks to queue
[2022-11-29T07:16:12.669+0000] {logging_mixin.py:137} INFO - [2022-11-29T07:16:12.669+0000] {dagbag.py:537} INFO - Filling up the DagBag from /home/airflow/.local/lib/python3.7/site-packages/airflow/example_dags/example_external_task_marker_dag.py
[2022-11-29T07:16:12.693+0000] {processor.py:766} INFO - DAG(s) dict_keys(['example_external_task_marker_parent', 'example_external_task_marker_child']) retrieved from /home/airflow/.local/lib/python3.7/site-packages/airflow/example_dags/example_external_task_marker_dag.py
[2022-11-29T07:16:13.044+0000] {logging_mixin.py:137} INFO - [2022-11-29T07:16:13.044+0000] {dag.py:2585} INFO - Sync 2 DAGs
[2022-11-29T07:16:13.097+0000] {logging_mixin.py:137} INFO - [2022-11-29T07:16:13.097+0000] {dag.py:3340} INFO - Setting next_dagrun for example_external_task_marker_child to None, run_after=None
[2022-11-29T07:16:13.111+0000] {logging_mixin.py:137} INFO - [2022-11-29T07:16:13.111+0000] {dag.py:3340} INFO - Setting next_dagrun for example_external_task_marker_parent to None, run_after=None
[2022-11-29T07:16:13.146+0000] {processor.py:176} INFO - Processing /home/airflow/.local/lib/python3.7/site-packages/airflow/example_dags/example_external_task_marker_dag.py took 0.487 seconds
[2022-11-29T07:16:43.355+0000] {processor.py:154} INFO - Started process (PID=1306) to work on /home/airflow/.local/lib/python3.7/site-packages/airflow/example_dags/example_external_task_marker_dag.py
[2022-11-29T07:16:43.356+0000] {processor.py:756} INFO - Processing file /home/airflow/.local/lib/python3.7/site-packages/airflow/example_dags/example_external_task_marker_dag.py for tasks to queue
[2022-11-29T07:16:43.358+0000] {logging_mixin.py:137} INFO - [2022-11-29T07:16:43.358+0000] {dagbag.py:537} INFO - Filling up the DagBag from /home/airflow/.local/lib/python3.7/site-packages/airflow/example_dags/example_external_task_marker_dag.py
[2022-11-29T07:16:43.380+0000] {processor.py:766} INFO - DAG(s) dict_keys(['example_external_task_marker_parent', 'example_external_task_marker_child']) retrieved from /home/airflow/.local/lib/python3.7/site-packages/airflow/example_dags/example_external_task_marker_dag.py
[2022-11-29T07:16:43.682+0000] {logging_mixin.py:137} INFO - [2022-11-29T07:16:43.681+0000] {dag.py:2585} INFO - Sync 2 DAGs
[2022-11-29T07:16:43.719+0000] {logging_mixin.py:137} INFO - [2022-11-29T07:16:43.719+0000] {dag.py:3340} INFO - Setting next_dagrun for example_external_task_marker_child to None, run_after=None
[2022-11-29T07:16:43.725+0000] {logging_mixin.py:137} INFO - [2022-11-29T07:16:43.725+0000] {dag.py:3340} INFO - Setting next_dagrun for example_external_task_marker_parent to None, run_after=None
[2022-11-29T07:16:43.752+0000] {processor.py:176} INFO - Processing /home/airflow/.local/lib/python3.7/site-packages/airflow/example_dags/example_external_task_marker_dag.py took 0.403 seconds
[2022-11-29T07:17:14.144+0000] {processor.py:154} INFO - Started process (PID=1371) to work on /home/airflow/.local/lib/python3.7/site-packages/airflow/example_dags/example_external_task_marker_dag.py
[2022-11-29T07:17:14.146+0000] {processor.py:756} INFO - Processing file /home/airflow/.local/lib/python3.7/site-packages/airflow/example_dags/example_external_task_marker_dag.py for tasks to queue
[2022-11-29T07:17:14.149+0000] {logging_mixin.py:137} INFO - [2022-11-29T07:17:14.149+0000] {dagbag.py:537} INFO - Filling up the DagBag from /home/airflow/.local/lib/python3.7/site-packages/airflow/example_dags/example_external_task_marker_dag.py
[2022-11-29T07:17:14.175+0000] {processor.py:766} INFO - DAG(s) dict_keys(['example_external_task_marker_parent', 'example_external_task_marker_child']) retrieved from /home/airflow/.local/lib/python3.7/site-packages/airflow/example_dags/example_external_task_marker_dag.py
[2022-11-29T07:17:14.439+0000] {logging_mixin.py:137} INFO - [2022-11-29T07:17:14.439+0000] {dag.py:2585} INFO - Sync 2 DAGs
[2022-11-29T07:17:14.479+0000] {logging_mixin.py:137} INFO - [2022-11-29T07:17:14.479+0000] {dag.py:3340} INFO - Setting next_dagrun for example_external_task_marker_child to None, run_after=None
[2022-11-29T07:17:14.489+0000] {logging_mixin.py:137} INFO - [2022-11-29T07:17:14.489+0000] {dag.py:3340} INFO - Setting next_dagrun for example_external_task_marker_parent to None, run_after=None
[2022-11-29T07:17:14.519+0000] {processor.py:176} INFO - Processing /home/airflow/.local/lib/python3.7/site-packages/airflow/example_dags/example_external_task_marker_dag.py took 0.382 seconds
[2022-11-29T07:17:44.793+0000] {processor.py:154} INFO - Started process (PID=1432) to work on /home/airflow/.local/lib/python3.7/site-packages/airflow/example_dags/example_external_task_marker_dag.py
[2022-11-29T07:17:44.795+0000] {processor.py:756} INFO - Processing file /home/airflow/.local/lib/python3.7/site-packages/airflow/example_dags/example_external_task_marker_dag.py for tasks to queue
[2022-11-29T07:17:44.798+0000] {logging_mixin.py:137} INFO - [2022-11-29T07:17:44.797+0000] {dagbag.py:537} INFO - Filling up the DagBag from /home/airflow/.local/lib/python3.7/site-packages/airflow/example_dags/example_external_task_marker_dag.py
[2022-11-29T07:17:44.822+0000] {processor.py:766} INFO - DAG(s) dict_keys(['example_external_task_marker_parent', 'example_external_task_marker_child']) retrieved from /home/airflow/.local/lib/python3.7/site-packages/airflow/example_dags/example_external_task_marker_dag.py
[2022-11-29T07:17:45.083+0000] {logging_mixin.py:137} INFO - [2022-11-29T07:17:45.083+0000] {dag.py:2585} INFO - Sync 2 DAGs
[2022-11-29T07:17:45.114+0000] {logging_mixin.py:137} INFO - [2022-11-29T07:17:45.113+0000] {dag.py:3340} INFO - Setting next_dagrun for example_external_task_marker_child to None, run_after=None
[2022-11-29T07:17:45.118+0000] {logging_mixin.py:137} INFO - [2022-11-29T07:17:45.118+0000] {dag.py:3340} INFO - Setting next_dagrun for example_external_task_marker_parent to None, run_after=None
[2022-11-29T07:17:45.141+0000] {processor.py:176} INFO - Processing /home/airflow/.local/lib/python3.7/site-packages/airflow/example_dags/example_external_task_marker_dag.py took 0.355 seconds
[2022-11-29T07:18:15.737+0000] {processor.py:154} INFO - Started process (PID=1485) to work on /home/airflow/.local/lib/python3.7/site-packages/airflow/example_dags/example_external_task_marker_dag.py
[2022-11-29T07:18:15.739+0000] {processor.py:756} INFO - Processing file /home/airflow/.local/lib/python3.7/site-packages/airflow/example_dags/example_external_task_marker_dag.py for tasks to queue
[2022-11-29T07:18:15.741+0000] {logging_mixin.py:137} INFO - [2022-11-29T07:18:15.741+0000] {dagbag.py:537} INFO - Filling up the DagBag from /home/airflow/.local/lib/python3.7/site-packages/airflow/example_dags/example_external_task_marker_dag.py
[2022-11-29T07:18:15.773+0000] {processor.py:766} INFO - DAG(s) dict_keys(['example_external_task_marker_parent', 'example_external_task_marker_child']) retrieved from /home/airflow/.local/lib/python3.7/site-packages/airflow/example_dags/example_external_task_marker_dag.py
[2022-11-29T07:18:16.127+0000] {logging_mixin.py:137} INFO - [2022-11-29T07:18:16.126+0000] {dag.py:2585} INFO - Sync 2 DAGs
[2022-11-29T07:18:16.171+0000] {logging_mixin.py:137} INFO - [2022-11-29T07:18:16.171+0000] {dag.py:3340} INFO - Setting next_dagrun for example_external_task_marker_child to None, run_after=None
[2022-11-29T07:18:16.178+0000] {logging_mixin.py:137} INFO - [2022-11-29T07:18:16.178+0000] {dag.py:3340} INFO - Setting next_dagrun for example_external_task_marker_parent to None, run_after=None
[2022-11-29T07:18:16.232+0000] {processor.py:176} INFO - Processing /home/airflow/.local/lib/python3.7/site-packages/airflow/example_dags/example_external_task_marker_dag.py took 0.504 seconds
[2022-11-29T07:18:46.370+0000] {processor.py:154} INFO - Started process (PID=1549) to work on /home/airflow/.local/lib/python3.7/site-packages/airflow/example_dags/example_external_task_marker_dag.py
[2022-11-29T07:18:46.372+0000] {processor.py:756} INFO - Processing file /home/airflow/.local/lib/python3.7/site-packages/airflow/example_dags/example_external_task_marker_dag.py for tasks to queue
[2022-11-29T07:18:46.374+0000] {logging_mixin.py:137} INFO - [2022-11-29T07:18:46.373+0000] {dagbag.py:537} INFO - Filling up the DagBag from /home/airflow/.local/lib/python3.7/site-packages/airflow/example_dags/example_external_task_marker_dag.py
[2022-11-29T07:18:46.393+0000] {processor.py:766} INFO - DAG(s) dict_keys(['example_external_task_marker_parent', 'example_external_task_marker_child']) retrieved from /home/airflow/.local/lib/python3.7/site-packages/airflow/example_dags/example_external_task_marker_dag.py
[2022-11-29T07:18:46.628+0000] {logging_mixin.py:137} INFO - [2022-11-29T07:18:46.628+0000] {dag.py:2585} INFO - Sync 2 DAGs
[2022-11-29T07:18:46.654+0000] {logging_mixin.py:137} INFO - [2022-11-29T07:18:46.654+0000] {dag.py:3340} INFO - Setting next_dagrun for example_external_task_marker_child to None, run_after=None
[2022-11-29T07:18:46.658+0000] {logging_mixin.py:137} INFO - [2022-11-29T07:18:46.658+0000] {dag.py:3340} INFO - Setting next_dagrun for example_external_task_marker_parent to None, run_after=None
[2022-11-29T07:18:46.676+0000] {processor.py:176} INFO - Processing /home/airflow/.local/lib/python3.7/site-packages/airflow/example_dags/example_external_task_marker_dag.py took 0.311 seconds
[2022-11-29T07:19:16.776+0000] {processor.py:154} INFO - Started process (PID=1612) to work on /home/airflow/.local/lib/python3.7/site-packages/airflow/example_dags/example_external_task_marker_dag.py
[2022-11-29T07:19:16.778+0000] {processor.py:756} INFO - Processing file /home/airflow/.local/lib/python3.7/site-packages/airflow/example_dags/example_external_task_marker_dag.py for tasks to queue
[2022-11-29T07:19:16.779+0000] {logging_mixin.py:137} INFO - [2022-11-29T07:19:16.779+0000] {dagbag.py:537} INFO - Filling up the DagBag from /home/airflow/.local/lib/python3.7/site-packages/airflow/example_dags/example_external_task_marker_dag.py
[2022-11-29T07:19:16.801+0000] {processor.py:766} INFO - DAG(s) dict_keys(['example_external_task_marker_child', 'example_external_task_marker_parent']) retrieved from /home/airflow/.local/lib/python3.7/site-packages/airflow/example_dags/example_external_task_marker_dag.py
[2022-11-29T07:19:17.055+0000] {logging_mixin.py:137} INFO - [2022-11-29T07:19:17.054+0000] {dag.py:2585} INFO - Sync 2 DAGs
[2022-11-29T07:19:17.093+0000] {logging_mixin.py:137} INFO - [2022-11-29T07:19:17.092+0000] {dag.py:3340} INFO - Setting next_dagrun for example_external_task_marker_child to None, run_after=None
[2022-11-29T07:19:17.098+0000] {logging_mixin.py:137} INFO - [2022-11-29T07:19:17.098+0000] {dag.py:3340} INFO - Setting next_dagrun for example_external_task_marker_parent to None, run_after=None
[2022-11-29T07:19:17.126+0000] {processor.py:176} INFO - Processing /home/airflow/.local/lib/python3.7/site-packages/airflow/example_dags/example_external_task_marker_dag.py took 0.355 seconds
[2022-11-29T07:19:47.766+0000] {processor.py:154} INFO - Started process (PID=1665) to work on /home/airflow/.local/lib/python3.7/site-packages/airflow/example_dags/example_external_task_marker_dag.py
[2022-11-29T07:19:47.768+0000] {processor.py:756} INFO - Processing file /home/airflow/.local/lib/python3.7/site-packages/airflow/example_dags/example_external_task_marker_dag.py for tasks to queue
[2022-11-29T07:19:47.769+0000] {logging_mixin.py:137} INFO - [2022-11-29T07:19:47.769+0000] {dagbag.py:537} INFO - Filling up the DagBag from /home/airflow/.local/lib/python3.7/site-packages/airflow/example_dags/example_external_task_marker_dag.py
[2022-11-29T07:19:47.791+0000] {processor.py:766} INFO - DAG(s) dict_keys(['example_external_task_marker_parent', 'example_external_task_marker_child']) retrieved from /home/airflow/.local/lib/python3.7/site-packages/airflow/example_dags/example_external_task_marker_dag.py
[2022-11-29T07:19:48.042+0000] {logging_mixin.py:137} INFO - [2022-11-29T07:19:48.042+0000] {dag.py:2585} INFO - Sync 2 DAGs
[2022-11-29T07:19:48.076+0000] {logging_mixin.py:137} INFO - [2022-11-29T07:19:48.076+0000] {dag.py:3340} INFO - Setting next_dagrun for example_external_task_marker_child to None, run_after=None
[2022-11-29T07:19:48.086+0000] {logging_mixin.py:137} INFO - [2022-11-29T07:19:48.085+0000] {dag.py:3340} INFO - Setting next_dagrun for example_external_task_marker_parent to None, run_after=None
[2022-11-29T07:19:48.112+0000] {processor.py:176} INFO - Processing /home/airflow/.local/lib/python3.7/site-packages/airflow/example_dags/example_external_task_marker_dag.py took 0.351 seconds
