[2022-11-29T06:27:19.551+0000] {processor.py:154} INFO - Started process (PID=62) to work on /home/airflow/.local/lib/python3.7/site-packages/airflow/example_dags/example_dag_decorator.py
[2022-11-29T06:27:19.555+0000] {processor.py:756} INFO - Processing file /home/airflow/.local/lib/python3.7/site-packages/airflow/example_dags/example_dag_decorator.py for tasks to queue
[2022-11-29T06:27:19.561+0000] {logging_mixin.py:137} INFO - [2022-11-29T06:27:19.560+0000] {dagbag.py:537} INFO - Filling up the DagBag from /home/airflow/.local/lib/python3.7/site-packages/airflow/example_dags/example_dag_decorator.py
[2022-11-29T06:27:19.608+0000] {logging_mixin.py:137} INFO - [2022-11-29T06:27:19.608+0000] {taskmixin.py:205} WARNING - Dependency <Task(_PythonDecoratedOperator): prepare_email>, send_email already registered for DAG: example_dag_decorator
[2022-11-29T06:27:19.609+0000] {logging_mixin.py:137} INFO - [2022-11-29T06:27:19.609+0000] {taskmixin.py:205} WARNING - Dependency <Task(EmailOperator): send_email>, prepare_email already registered for DAG: example_dag_decorator
[2022-11-29T06:27:19.638+0000] {processor.py:766} INFO - DAG(s) dict_keys(['example_dag_decorator']) retrieved from /home/airflow/.local/lib/python3.7/site-packages/airflow/example_dags/example_dag_decorator.py
[2022-11-29T06:27:19.819+0000] {logging_mixin.py:137} INFO - [2022-11-29T06:27:19.819+0000] {manager.py:507} INFO - Created Permission View: can delete on DAG:example_dag_decorator
[2022-11-29T06:27:19.834+0000] {logging_mixin.py:137} INFO - [2022-11-29T06:27:19.834+0000] {manager.py:507} INFO - Created Permission View: can read on DAG:example_dag_decorator
[2022-11-29T06:27:19.847+0000] {logging_mixin.py:137} INFO - [2022-11-29T06:27:19.846+0000] {manager.py:507} INFO - Created Permission View: can edit on DAG:example_dag_decorator
[2022-11-29T06:27:19.848+0000] {logging_mixin.py:137} INFO - [2022-11-29T06:27:19.847+0000] {dag.py:2585} INFO - Sync 1 DAGs
[2022-11-29T06:27:19.868+0000] {logging_mixin.py:137} INFO - [2022-11-29T06:27:19.868+0000] {dag.py:2606} INFO - Creating ORM DAG for example_dag_decorator
[2022-11-29T06:27:19.888+0000] {logging_mixin.py:137} INFO - [2022-11-29T06:27:19.888+0000] {dag.py:3340} INFO - Setting next_dagrun for example_dag_decorator to None, run_after=None
[2022-11-29T06:27:19.922+0000] {processor.py:176} INFO - Processing /home/airflow/.local/lib/python3.7/site-packages/airflow/example_dags/example_dag_decorator.py took 0.380 seconds
[2022-11-29T06:27:49.987+0000] {processor.py:154} INFO - Started process (PID=125) to work on /home/airflow/.local/lib/python3.7/site-packages/airflow/example_dags/example_dag_decorator.py
[2022-11-29T06:27:49.989+0000] {processor.py:756} INFO - Processing file /home/airflow/.local/lib/python3.7/site-packages/airflow/example_dags/example_dag_decorator.py for tasks to queue
[2022-11-29T06:27:49.990+0000] {logging_mixin.py:137} INFO - [2022-11-29T06:27:49.990+0000] {dagbag.py:537} INFO - Filling up the DagBag from /home/airflow/.local/lib/python3.7/site-packages/airflow/example_dags/example_dag_decorator.py
[2022-11-29T06:27:50.014+0000] {logging_mixin.py:137} INFO - [2022-11-29T06:27:50.014+0000] {taskmixin.py:205} WARNING - Dependency <Task(_PythonDecoratedOperator): prepare_email>, send_email already registered for DAG: example_dag_decorator
[2022-11-29T06:27:50.015+0000] {logging_mixin.py:137} INFO - [2022-11-29T06:27:50.015+0000] {taskmixin.py:205} WARNING - Dependency <Task(EmailOperator): send_email>, prepare_email already registered for DAG: example_dag_decorator
[2022-11-29T06:27:50.038+0000] {processor.py:766} INFO - DAG(s) dict_keys(['example_dag_decorator']) retrieved from /home/airflow/.local/lib/python3.7/site-packages/airflow/example_dags/example_dag_decorator.py
[2022-11-29T06:27:50.171+0000] {logging_mixin.py:137} INFO - [2022-11-29T06:27:50.171+0000] {dag.py:2585} INFO - Sync 1 DAGs
[2022-11-29T06:27:50.205+0000] {logging_mixin.py:137} INFO - [2022-11-29T06:27:50.205+0000] {dag.py:3340} INFO - Setting next_dagrun for example_dag_decorator to None, run_after=None
[2022-11-29T06:27:50.234+0000] {processor.py:176} INFO - Processing /home/airflow/.local/lib/python3.7/site-packages/airflow/example_dags/example_dag_decorator.py took 0.253 seconds
[2022-11-29T06:28:20.377+0000] {processor.py:154} INFO - Started process (PID=181) to work on /home/airflow/.local/lib/python3.7/site-packages/airflow/example_dags/example_dag_decorator.py
[2022-11-29T06:28:20.380+0000] {processor.py:756} INFO - Processing file /home/airflow/.local/lib/python3.7/site-packages/airflow/example_dags/example_dag_decorator.py for tasks to queue
[2022-11-29T06:28:20.382+0000] {logging_mixin.py:137} INFO - [2022-11-29T06:28:20.382+0000] {dagbag.py:537} INFO - Filling up the DagBag from /home/airflow/.local/lib/python3.7/site-packages/airflow/example_dags/example_dag_decorator.py
[2022-11-29T06:28:20.416+0000] {logging_mixin.py:137} INFO - [2022-11-29T06:28:20.415+0000] {taskmixin.py:205} WARNING - Dependency <Task(_PythonDecoratedOperator): prepare_email>, send_email already registered for DAG: example_dag_decorator
[2022-11-29T06:28:20.417+0000] {logging_mixin.py:137} INFO - [2022-11-29T06:28:20.417+0000] {taskmixin.py:205} WARNING - Dependency <Task(EmailOperator): send_email>, prepare_email already registered for DAG: example_dag_decorator
[2022-11-29T06:28:20.440+0000] {processor.py:766} INFO - DAG(s) dict_keys(['example_dag_decorator']) retrieved from /home/airflow/.local/lib/python3.7/site-packages/airflow/example_dags/example_dag_decorator.py
[2022-11-29T06:28:20.547+0000] {logging_mixin.py:137} INFO - [2022-11-29T06:28:20.547+0000] {dag.py:2585} INFO - Sync 1 DAGs
[2022-11-29T06:28:20.586+0000] {logging_mixin.py:137} INFO - [2022-11-29T06:28:20.586+0000] {dag.py:3340} INFO - Setting next_dagrun for example_dag_decorator to None, run_after=None
[2022-11-29T06:28:20.619+0000] {processor.py:176} INFO - Processing /home/airflow/.local/lib/python3.7/site-packages/airflow/example_dags/example_dag_decorator.py took 0.250 seconds
[2022-11-29T06:28:51.236+0000] {processor.py:154} INFO - Started process (PID=244) to work on /home/airflow/.local/lib/python3.7/site-packages/airflow/example_dags/example_dag_decorator.py
[2022-11-29T06:28:51.238+0000] {processor.py:756} INFO - Processing file /home/airflow/.local/lib/python3.7/site-packages/airflow/example_dags/example_dag_decorator.py for tasks to queue
[2022-11-29T06:28:51.240+0000] {logging_mixin.py:137} INFO - [2022-11-29T06:28:51.239+0000] {dagbag.py:537} INFO - Filling up the DagBag from /home/airflow/.local/lib/python3.7/site-packages/airflow/example_dags/example_dag_decorator.py
[2022-11-29T06:28:51.263+0000] {logging_mixin.py:137} INFO - [2022-11-29T06:28:51.263+0000] {taskmixin.py:205} WARNING - Dependency <Task(_PythonDecoratedOperator): prepare_email>, send_email already registered for DAG: example_dag_decorator
[2022-11-29T06:28:51.264+0000] {logging_mixin.py:137} INFO - [2022-11-29T06:28:51.264+0000] {taskmixin.py:205} WARNING - Dependency <Task(EmailOperator): send_email>, prepare_email already registered for DAG: example_dag_decorator
[2022-11-29T06:28:51.292+0000] {processor.py:766} INFO - DAG(s) dict_keys(['example_dag_decorator']) retrieved from /home/airflow/.local/lib/python3.7/site-packages/airflow/example_dags/example_dag_decorator.py
[2022-11-29T06:28:51.445+0000] {logging_mixin.py:137} INFO - [2022-11-29T06:28:51.445+0000] {dag.py:2585} INFO - Sync 1 DAGs
[2022-11-29T06:28:51.474+0000] {logging_mixin.py:137} INFO - [2022-11-29T06:28:51.474+0000] {dag.py:3340} INFO - Setting next_dagrun for example_dag_decorator to None, run_after=None
[2022-11-29T06:28:51.499+0000] {processor.py:176} INFO - Processing /home/airflow/.local/lib/python3.7/site-packages/airflow/example_dags/example_dag_decorator.py took 0.267 seconds
[2022-11-29T06:31:43.916+0000] {processor.py:154} INFO - Started process (PID=65) to work on /home/airflow/.local/lib/python3.7/site-packages/airflow/example_dags/example_dag_decorator.py
[2022-11-29T06:31:43.924+0000] {processor.py:756} INFO - Processing file /home/airflow/.local/lib/python3.7/site-packages/airflow/example_dags/example_dag_decorator.py for tasks to queue
[2022-11-29T06:31:43.934+0000] {logging_mixin.py:137} INFO - [2022-11-29T06:31:43.933+0000] {dagbag.py:537} INFO - Filling up the DagBag from /home/airflow/.local/lib/python3.7/site-packages/airflow/example_dags/example_dag_decorator.py
[2022-11-29T06:31:43.983+0000] {logging_mixin.py:137} INFO - [2022-11-29T06:31:43.983+0000] {taskmixin.py:205} WARNING - Dependency <Task(_PythonDecoratedOperator): prepare_email>, send_email already registered for DAG: example_dag_decorator
[2022-11-29T06:31:43.985+0000] {logging_mixin.py:137} INFO - [2022-11-29T06:31:43.984+0000] {taskmixin.py:205} WARNING - Dependency <Task(EmailOperator): send_email>, prepare_email already registered for DAG: example_dag_decorator
[2022-11-29T06:31:44.020+0000] {processor.py:766} INFO - DAG(s) dict_keys(['example_dag_decorator']) retrieved from /home/airflow/.local/lib/python3.7/site-packages/airflow/example_dags/example_dag_decorator.py
[2022-11-29T06:31:44.057+0000] {logging_mixin.py:137} INFO - [2022-11-29T06:31:44.057+0000] {dag.py:2585} INFO - Sync 1 DAGs
[2022-11-29T06:31:44.095+0000] {logging_mixin.py:137} INFO - [2022-11-29T06:31:44.095+0000] {dag.py:3340} INFO - Setting next_dagrun for example_dag_decorator to None, run_after=None
[2022-11-29T06:31:44.139+0000] {processor.py:176} INFO - Processing /home/airflow/.local/lib/python3.7/site-packages/airflow/example_dags/example_dag_decorator.py took 0.233 seconds
[2022-11-29T06:32:15.241+0000] {processor.py:154} INFO - Started process (PID=127) to work on /home/airflow/.local/lib/python3.7/site-packages/airflow/example_dags/example_dag_decorator.py
[2022-11-29T06:32:15.243+0000] {processor.py:756} INFO - Processing file /home/airflow/.local/lib/python3.7/site-packages/airflow/example_dags/example_dag_decorator.py for tasks to queue
[2022-11-29T06:32:15.245+0000] {logging_mixin.py:137} INFO - [2022-11-29T06:32:15.244+0000] {dagbag.py:537} INFO - Filling up the DagBag from /home/airflow/.local/lib/python3.7/site-packages/airflow/example_dags/example_dag_decorator.py
[2022-11-29T06:32:15.281+0000] {logging_mixin.py:137} INFO - [2022-11-29T06:32:15.281+0000] {taskmixin.py:205} WARNING - Dependency <Task(_PythonDecoratedOperator): prepare_email>, send_email already registered for DAG: example_dag_decorator
[2022-11-29T06:32:15.282+0000] {logging_mixin.py:137} INFO - [2022-11-29T06:32:15.282+0000] {taskmixin.py:205} WARNING - Dependency <Task(EmailOperator): send_email>, prepare_email already registered for DAG: example_dag_decorator
[2022-11-29T06:32:15.303+0000] {processor.py:766} INFO - DAG(s) dict_keys(['example_dag_decorator']) retrieved from /home/airflow/.local/lib/python3.7/site-packages/airflow/example_dags/example_dag_decorator.py
[2022-11-29T06:32:15.444+0000] {logging_mixin.py:137} INFO - [2022-11-29T06:32:15.444+0000] {dag.py:2585} INFO - Sync 1 DAGs
[2022-11-29T06:32:15.479+0000] {logging_mixin.py:137} INFO - [2022-11-29T06:32:15.479+0000] {dag.py:3340} INFO - Setting next_dagrun for example_dag_decorator to None, run_after=None
[2022-11-29T06:32:15.522+0000] {processor.py:176} INFO - Processing /home/airflow/.local/lib/python3.7/site-packages/airflow/example_dags/example_dag_decorator.py took 0.287 seconds
[2022-11-29T06:32:45.727+0000] {processor.py:154} INFO - Started process (PID=183) to work on /home/airflow/.local/lib/python3.7/site-packages/airflow/example_dags/example_dag_decorator.py
[2022-11-29T06:32:45.729+0000] {processor.py:756} INFO - Processing file /home/airflow/.local/lib/python3.7/site-packages/airflow/example_dags/example_dag_decorator.py for tasks to queue
[2022-11-29T06:32:45.731+0000] {logging_mixin.py:137} INFO - [2022-11-29T06:32:45.731+0000] {dagbag.py:537} INFO - Filling up the DagBag from /home/airflow/.local/lib/python3.7/site-packages/airflow/example_dags/example_dag_decorator.py
[2022-11-29T06:32:45.757+0000] {logging_mixin.py:137} INFO - [2022-11-29T06:32:45.757+0000] {taskmixin.py:205} WARNING - Dependency <Task(_PythonDecoratedOperator): prepare_email>, send_email already registered for DAG: example_dag_decorator
[2022-11-29T06:32:45.759+0000] {logging_mixin.py:137} INFO - [2022-11-29T06:32:45.758+0000] {taskmixin.py:205} WARNING - Dependency <Task(EmailOperator): send_email>, prepare_email already registered for DAG: example_dag_decorator
[2022-11-29T06:32:45.780+0000] {processor.py:766} INFO - DAG(s) dict_keys(['example_dag_decorator']) retrieved from /home/airflow/.local/lib/python3.7/site-packages/airflow/example_dags/example_dag_decorator.py
[2022-11-29T06:32:45.899+0000] {logging_mixin.py:137} INFO - [2022-11-29T06:32:45.899+0000] {dag.py:2585} INFO - Sync 1 DAGs
[2022-11-29T06:32:45.929+0000] {logging_mixin.py:137} INFO - [2022-11-29T06:32:45.929+0000] {dag.py:3340} INFO - Setting next_dagrun for example_dag_decorator to None, run_after=None
[2022-11-29T06:32:45.955+0000] {processor.py:176} INFO - Processing /home/airflow/.local/lib/python3.7/site-packages/airflow/example_dags/example_dag_decorator.py took 0.232 seconds
[2022-11-29T06:33:16.355+0000] {processor.py:154} INFO - Started process (PID=245) to work on /home/airflow/.local/lib/python3.7/site-packages/airflow/example_dags/example_dag_decorator.py
[2022-11-29T06:33:16.357+0000] {processor.py:756} INFO - Processing file /home/airflow/.local/lib/python3.7/site-packages/airflow/example_dags/example_dag_decorator.py for tasks to queue
[2022-11-29T06:33:16.359+0000] {logging_mixin.py:137} INFO - [2022-11-29T06:33:16.358+0000] {dagbag.py:537} INFO - Filling up the DagBag from /home/airflow/.local/lib/python3.7/site-packages/airflow/example_dags/example_dag_decorator.py
[2022-11-29T06:33:16.384+0000] {logging_mixin.py:137} INFO - [2022-11-29T06:33:16.384+0000] {taskmixin.py:205} WARNING - Dependency <Task(_PythonDecoratedOperator): prepare_email>, send_email already registered for DAG: example_dag_decorator
[2022-11-29T06:33:16.385+0000] {logging_mixin.py:137} INFO - [2022-11-29T06:33:16.385+0000] {taskmixin.py:205} WARNING - Dependency <Task(EmailOperator): send_email>, prepare_email already registered for DAG: example_dag_decorator
[2022-11-29T06:33:16.402+0000] {processor.py:766} INFO - DAG(s) dict_keys(['example_dag_decorator']) retrieved from /home/airflow/.local/lib/python3.7/site-packages/airflow/example_dags/example_dag_decorator.py
[2022-11-29T06:33:16.521+0000] {logging_mixin.py:137} INFO - [2022-11-29T06:33:16.521+0000] {dag.py:2585} INFO - Sync 1 DAGs
[2022-11-29T06:33:16.555+0000] {logging_mixin.py:137} INFO - [2022-11-29T06:33:16.555+0000] {dag.py:3340} INFO - Setting next_dagrun for example_dag_decorator to None, run_after=None
[2022-11-29T06:33:16.585+0000] {processor.py:176} INFO - Processing /home/airflow/.local/lib/python3.7/site-packages/airflow/example_dags/example_dag_decorator.py took 0.235 seconds
[2022-11-29T06:33:47.175+0000] {processor.py:154} INFO - Started process (PID=308) to work on /home/airflow/.local/lib/python3.7/site-packages/airflow/example_dags/example_dag_decorator.py
[2022-11-29T06:33:47.176+0000] {processor.py:756} INFO - Processing file /home/airflow/.local/lib/python3.7/site-packages/airflow/example_dags/example_dag_decorator.py for tasks to queue
[2022-11-29T06:33:47.179+0000] {logging_mixin.py:137} INFO - [2022-11-29T06:33:47.179+0000] {dagbag.py:537} INFO - Filling up the DagBag from /home/airflow/.local/lib/python3.7/site-packages/airflow/example_dags/example_dag_decorator.py
[2022-11-29T06:33:47.202+0000] {logging_mixin.py:137} INFO - [2022-11-29T06:33:47.202+0000] {taskmixin.py:205} WARNING - Dependency <Task(_PythonDecoratedOperator): prepare_email>, send_email already registered for DAG: example_dag_decorator
[2022-11-29T06:33:47.203+0000] {logging_mixin.py:137} INFO - [2022-11-29T06:33:47.203+0000] {taskmixin.py:205} WARNING - Dependency <Task(EmailOperator): send_email>, prepare_email already registered for DAG: example_dag_decorator
[2022-11-29T06:33:47.227+0000] {processor.py:766} INFO - DAG(s) dict_keys(['example_dag_decorator']) retrieved from /home/airflow/.local/lib/python3.7/site-packages/airflow/example_dags/example_dag_decorator.py
[2022-11-29T06:33:47.354+0000] {logging_mixin.py:137} INFO - [2022-11-29T06:33:47.354+0000] {dag.py:2585} INFO - Sync 1 DAGs
[2022-11-29T06:33:47.393+0000] {logging_mixin.py:137} INFO - [2022-11-29T06:33:47.392+0000] {dag.py:3340} INFO - Setting next_dagrun for example_dag_decorator to None, run_after=None
[2022-11-29T06:33:47.427+0000] {processor.py:176} INFO - Processing /home/airflow/.local/lib/python3.7/site-packages/airflow/example_dags/example_dag_decorator.py took 0.257 seconds
[2022-11-29T06:52:57.970+0000] {processor.py:154} INFO - Started process (PID=66) to work on /home/airflow/.local/lib/python3.7/site-packages/airflow/example_dags/example_dag_decorator.py
[2022-11-29T06:52:57.972+0000] {processor.py:756} INFO - Processing file /home/airflow/.local/lib/python3.7/site-packages/airflow/example_dags/example_dag_decorator.py for tasks to queue
[2022-11-29T06:52:57.976+0000] {logging_mixin.py:137} INFO - [2022-11-29T06:52:57.975+0000] {dagbag.py:537} INFO - Filling up the DagBag from /home/airflow/.local/lib/python3.7/site-packages/airflow/example_dags/example_dag_decorator.py
[2022-11-29T06:52:58.007+0000] {logging_mixin.py:137} INFO - [2022-11-29T06:52:58.007+0000] {taskmixin.py:205} WARNING - Dependency <Task(_PythonDecoratedOperator): prepare_email>, send_email already registered for DAG: example_dag_decorator
[2022-11-29T06:52:58.009+0000] {logging_mixin.py:137} INFO - [2022-11-29T06:52:58.008+0000] {taskmixin.py:205} WARNING - Dependency <Task(EmailOperator): send_email>, prepare_email already registered for DAG: example_dag_decorator
[2022-11-29T06:52:58.043+0000] {processor.py:766} INFO - DAG(s) dict_keys(['example_dag_decorator']) retrieved from /home/airflow/.local/lib/python3.7/site-packages/airflow/example_dags/example_dag_decorator.py
[2022-11-29T06:52:58.093+0000] {logging_mixin.py:137} INFO - [2022-11-29T06:52:58.093+0000] {dag.py:2585} INFO - Sync 1 DAGs
[2022-11-29T06:52:58.142+0000] {logging_mixin.py:137} INFO - [2022-11-29T06:52:58.142+0000] {dag.py:3340} INFO - Setting next_dagrun for example_dag_decorator to None, run_after=None
[2022-11-29T06:52:58.174+0000] {processor.py:176} INFO - Processing /home/airflow/.local/lib/python3.7/site-packages/airflow/example_dags/example_dag_decorator.py took 0.211 seconds
[2022-11-29T06:53:28.393+0000] {processor.py:154} INFO - Started process (PID=129) to work on /home/airflow/.local/lib/python3.7/site-packages/airflow/example_dags/example_dag_decorator.py
[2022-11-29T06:53:28.397+0000] {processor.py:756} INFO - Processing file /home/airflow/.local/lib/python3.7/site-packages/airflow/example_dags/example_dag_decorator.py for tasks to queue
[2022-11-29T06:53:28.401+0000] {logging_mixin.py:137} INFO - [2022-11-29T06:53:28.400+0000] {dagbag.py:537} INFO - Filling up the DagBag from /home/airflow/.local/lib/python3.7/site-packages/airflow/example_dags/example_dag_decorator.py
[2022-11-29T06:53:28.443+0000] {logging_mixin.py:137} INFO - [2022-11-29T06:53:28.442+0000] {taskmixin.py:205} WARNING - Dependency <Task(_PythonDecoratedOperator): prepare_email>, send_email already registered for DAG: example_dag_decorator
[2022-11-29T06:53:28.445+0000] {logging_mixin.py:137} INFO - [2022-11-29T06:53:28.444+0000] {taskmixin.py:205} WARNING - Dependency <Task(EmailOperator): send_email>, prepare_email already registered for DAG: example_dag_decorator
[2022-11-29T06:53:28.483+0000] {processor.py:766} INFO - DAG(s) dict_keys(['example_dag_decorator']) retrieved from /home/airflow/.local/lib/python3.7/site-packages/airflow/example_dags/example_dag_decorator.py
[2022-11-29T06:53:28.678+0000] {logging_mixin.py:137} INFO - [2022-11-29T06:53:28.677+0000] {dag.py:2585} INFO - Sync 1 DAGs
[2022-11-29T06:53:28.726+0000] {logging_mixin.py:137} INFO - [2022-11-29T06:53:28.726+0000] {dag.py:3340} INFO - Setting next_dagrun for example_dag_decorator to None, run_after=None
[2022-11-29T06:53:28.777+0000] {processor.py:176} INFO - Processing /home/airflow/.local/lib/python3.7/site-packages/airflow/example_dags/example_dag_decorator.py took 0.393 seconds
[2022-11-29T06:53:59.530+0000] {processor.py:154} INFO - Started process (PID=186) to work on /home/airflow/.local/lib/python3.7/site-packages/airflow/example_dags/example_dag_decorator.py
[2022-11-29T06:53:59.533+0000] {processor.py:756} INFO - Processing file /home/airflow/.local/lib/python3.7/site-packages/airflow/example_dags/example_dag_decorator.py for tasks to queue
[2022-11-29T06:53:59.536+0000] {logging_mixin.py:137} INFO - [2022-11-29T06:53:59.536+0000] {dagbag.py:537} INFO - Filling up the DagBag from /home/airflow/.local/lib/python3.7/site-packages/airflow/example_dags/example_dag_decorator.py
[2022-11-29T06:53:59.566+0000] {logging_mixin.py:137} INFO - [2022-11-29T06:53:59.565+0000] {taskmixin.py:205} WARNING - Dependency <Task(_PythonDecoratedOperator): prepare_email>, send_email already registered for DAG: example_dag_decorator
[2022-11-29T06:53:59.567+0000] {logging_mixin.py:137} INFO - [2022-11-29T06:53:59.567+0000] {taskmixin.py:205} WARNING - Dependency <Task(EmailOperator): send_email>, prepare_email already registered for DAG: example_dag_decorator
[2022-11-29T06:53:59.592+0000] {processor.py:766} INFO - DAG(s) dict_keys(['example_dag_decorator']) retrieved from /home/airflow/.local/lib/python3.7/site-packages/airflow/example_dags/example_dag_decorator.py
[2022-11-29T06:53:59.745+0000] {logging_mixin.py:137} INFO - [2022-11-29T06:53:59.745+0000] {dag.py:2585} INFO - Sync 1 DAGs
[2022-11-29T06:53:59.789+0000] {logging_mixin.py:137} INFO - [2022-11-29T06:53:59.788+0000] {dag.py:3340} INFO - Setting next_dagrun for example_dag_decorator to None, run_after=None
[2022-11-29T06:53:59.830+0000] {processor.py:176} INFO - Processing /home/airflow/.local/lib/python3.7/site-packages/airflow/example_dags/example_dag_decorator.py took 0.306 seconds
[2022-11-29T06:54:29.880+0000] {processor.py:154} INFO - Started process (PID=249) to work on /home/airflow/.local/lib/python3.7/site-packages/airflow/example_dags/example_dag_decorator.py
[2022-11-29T06:54:29.882+0000] {processor.py:756} INFO - Processing file /home/airflow/.local/lib/python3.7/site-packages/airflow/example_dags/example_dag_decorator.py for tasks to queue
[2022-11-29T06:54:29.883+0000] {logging_mixin.py:137} INFO - [2022-11-29T06:54:29.883+0000] {dagbag.py:537} INFO - Filling up the DagBag from /home/airflow/.local/lib/python3.7/site-packages/airflow/example_dags/example_dag_decorator.py
[2022-11-29T06:54:29.908+0000] {logging_mixin.py:137} INFO - [2022-11-29T06:54:29.908+0000] {taskmixin.py:205} WARNING - Dependency <Task(_PythonDecoratedOperator): prepare_email>, send_email already registered for DAG: example_dag_decorator
[2022-11-29T06:54:29.909+0000] {logging_mixin.py:137} INFO - [2022-11-29T06:54:29.909+0000] {taskmixin.py:205} WARNING - Dependency <Task(EmailOperator): send_email>, prepare_email already registered for DAG: example_dag_decorator
[2022-11-29T06:54:29.930+0000] {processor.py:766} INFO - DAG(s) dict_keys(['example_dag_decorator']) retrieved from /home/airflow/.local/lib/python3.7/site-packages/airflow/example_dags/example_dag_decorator.py
[2022-11-29T06:54:30.054+0000] {logging_mixin.py:137} INFO - [2022-11-29T06:54:30.054+0000] {dag.py:2585} INFO - Sync 1 DAGs
[2022-11-29T06:54:30.088+0000] {logging_mixin.py:137} INFO - [2022-11-29T06:54:30.088+0000] {dag.py:3340} INFO - Setting next_dagrun for example_dag_decorator to None, run_after=None
[2022-11-29T06:54:30.119+0000] {processor.py:176} INFO - Processing /home/airflow/.local/lib/python3.7/site-packages/airflow/example_dags/example_dag_decorator.py took 0.243 seconds
[2022-11-29T06:55:00.346+0000] {processor.py:154} INFO - Started process (PID=303) to work on /home/airflow/.local/lib/python3.7/site-packages/airflow/example_dags/example_dag_decorator.py
[2022-11-29T06:55:00.349+0000] {processor.py:756} INFO - Processing file /home/airflow/.local/lib/python3.7/site-packages/airflow/example_dags/example_dag_decorator.py for tasks to queue
[2022-11-29T06:55:00.351+0000] {logging_mixin.py:137} INFO - [2022-11-29T06:55:00.351+0000] {dagbag.py:537} INFO - Filling up the DagBag from /home/airflow/.local/lib/python3.7/site-packages/airflow/example_dags/example_dag_decorator.py
[2022-11-29T06:55:00.379+0000] {logging_mixin.py:137} INFO - [2022-11-29T06:55:00.379+0000] {taskmixin.py:205} WARNING - Dependency <Task(_PythonDecoratedOperator): prepare_email>, send_email already registered for DAG: example_dag_decorator
[2022-11-29T06:55:00.382+0000] {logging_mixin.py:137} INFO - [2022-11-29T06:55:00.382+0000] {taskmixin.py:205} WARNING - Dependency <Task(EmailOperator): send_email>, prepare_email already registered for DAG: example_dag_decorator
[2022-11-29T06:55:00.406+0000] {processor.py:766} INFO - DAG(s) dict_keys(['example_dag_decorator']) retrieved from /home/airflow/.local/lib/python3.7/site-packages/airflow/example_dags/example_dag_decorator.py
[2022-11-29T06:55:00.522+0000] {logging_mixin.py:137} INFO - [2022-11-29T06:55:00.522+0000] {dag.py:2585} INFO - Sync 1 DAGs
[2022-11-29T06:55:00.556+0000] {logging_mixin.py:137} INFO - [2022-11-29T06:55:00.556+0000] {dag.py:3340} INFO - Setting next_dagrun for example_dag_decorator to None, run_after=None
[2022-11-29T06:55:00.586+0000] {processor.py:176} INFO - Processing /home/airflow/.local/lib/python3.7/site-packages/airflow/example_dags/example_dag_decorator.py took 0.246 seconds
[2022-11-29T06:55:31.265+0000] {processor.py:154} INFO - Started process (PID=365) to work on /home/airflow/.local/lib/python3.7/site-packages/airflow/example_dags/example_dag_decorator.py
[2022-11-29T06:55:31.267+0000] {processor.py:756} INFO - Processing file /home/airflow/.local/lib/python3.7/site-packages/airflow/example_dags/example_dag_decorator.py for tasks to queue
[2022-11-29T06:55:31.269+0000] {logging_mixin.py:137} INFO - [2022-11-29T06:55:31.269+0000] {dagbag.py:537} INFO - Filling up the DagBag from /home/airflow/.local/lib/python3.7/site-packages/airflow/example_dags/example_dag_decorator.py
[2022-11-29T06:55:31.298+0000] {logging_mixin.py:137} INFO - [2022-11-29T06:55:31.297+0000] {taskmixin.py:205} WARNING - Dependency <Task(_PythonDecoratedOperator): prepare_email>, send_email already registered for DAG: example_dag_decorator
[2022-11-29T06:55:31.299+0000] {logging_mixin.py:137} INFO - [2022-11-29T06:55:31.299+0000] {taskmixin.py:205} WARNING - Dependency <Task(EmailOperator): send_email>, prepare_email already registered for DAG: example_dag_decorator
[2022-11-29T06:55:31.329+0000] {processor.py:766} INFO - DAG(s) dict_keys(['example_dag_decorator']) retrieved from /home/airflow/.local/lib/python3.7/site-packages/airflow/example_dags/example_dag_decorator.py
[2022-11-29T06:55:31.456+0000] {logging_mixin.py:137} INFO - [2022-11-29T06:55:31.456+0000] {dag.py:2585} INFO - Sync 1 DAGs
[2022-11-29T06:55:31.486+0000] {logging_mixin.py:137} INFO - [2022-11-29T06:55:31.486+0000] {dag.py:3340} INFO - Setting next_dagrun for example_dag_decorator to None, run_after=None
[2022-11-29T06:55:31.513+0000] {processor.py:176} INFO - Processing /home/airflow/.local/lib/python3.7/site-packages/airflow/example_dags/example_dag_decorator.py took 0.253 seconds
[2022-11-29T06:56:02.149+0000] {processor.py:154} INFO - Started process (PID=428) to work on /home/airflow/.local/lib/python3.7/site-packages/airflow/example_dags/example_dag_decorator.py
[2022-11-29T06:56:02.155+0000] {processor.py:756} INFO - Processing file /home/airflow/.local/lib/python3.7/site-packages/airflow/example_dags/example_dag_decorator.py for tasks to queue
[2022-11-29T06:56:02.157+0000] {logging_mixin.py:137} INFO - [2022-11-29T06:56:02.157+0000] {dagbag.py:537} INFO - Filling up the DagBag from /home/airflow/.local/lib/python3.7/site-packages/airflow/example_dags/example_dag_decorator.py
[2022-11-29T06:56:02.238+0000] {logging_mixin.py:137} INFO - [2022-11-29T06:56:02.234+0000] {taskmixin.py:205} WARNING - Dependency <Task(_PythonDecoratedOperator): prepare_email>, send_email already registered for DAG: example_dag_decorator
[2022-11-29T06:56:02.241+0000] {logging_mixin.py:137} INFO - [2022-11-29T06:56:02.240+0000] {taskmixin.py:205} WARNING - Dependency <Task(EmailOperator): send_email>, prepare_email already registered for DAG: example_dag_decorator
[2022-11-29T06:56:02.281+0000] {processor.py:766} INFO - DAG(s) dict_keys(['example_dag_decorator']) retrieved from /home/airflow/.local/lib/python3.7/site-packages/airflow/example_dags/example_dag_decorator.py
[2022-11-29T06:56:02.428+0000] {logging_mixin.py:137} INFO - [2022-11-29T06:56:02.428+0000] {dag.py:2585} INFO - Sync 1 DAGs
[2022-11-29T06:56:03.277+0000] {logging_mixin.py:137} INFO - [2022-11-29T06:56:03.277+0000] {process_utils.py:256} INFO - Waiting up to 5 seconds for processes to exit...
[2022-11-29T07:01:51.639+0000] {processor.py:154} INFO - Started process (PID=64) to work on /home/airflow/.local/lib/python3.7/site-packages/airflow/example_dags/example_dag_decorator.py
[2022-11-29T07:01:51.642+0000] {processor.py:756} INFO - Processing file /home/airflow/.local/lib/python3.7/site-packages/airflow/example_dags/example_dag_decorator.py for tasks to queue
[2022-11-29T07:01:51.645+0000] {logging_mixin.py:137} INFO - [2022-11-29T07:01:51.644+0000] {dagbag.py:537} INFO - Filling up the DagBag from /home/airflow/.local/lib/python3.7/site-packages/airflow/example_dags/example_dag_decorator.py
[2022-11-29T07:01:51.674+0000] {logging_mixin.py:137} INFO - [2022-11-29T07:01:51.674+0000] {taskmixin.py:205} WARNING - Dependency <Task(_PythonDecoratedOperator): prepare_email>, send_email already registered for DAG: example_dag_decorator
[2022-11-29T07:01:51.680+0000] {logging_mixin.py:137} INFO - [2022-11-29T07:01:51.680+0000] {taskmixin.py:205} WARNING - Dependency <Task(EmailOperator): send_email>, prepare_email already registered for DAG: example_dag_decorator
[2022-11-29T07:01:51.765+0000] {processor.py:766} INFO - DAG(s) dict_keys(['example_dag_decorator']) retrieved from /home/airflow/.local/lib/python3.7/site-packages/airflow/example_dags/example_dag_decorator.py
[2022-11-29T07:01:51.815+0000] {logging_mixin.py:137} INFO - [2022-11-29T07:01:51.815+0000] {dag.py:2585} INFO - Sync 1 DAGs
[2022-11-29T07:01:51.858+0000] {logging_mixin.py:137} INFO - [2022-11-29T07:01:51.858+0000] {dag.py:3340} INFO - Setting next_dagrun for example_dag_decorator to None, run_after=None
[2022-11-29T07:01:51.889+0000] {processor.py:176} INFO - Processing /home/airflow/.local/lib/python3.7/site-packages/airflow/example_dags/example_dag_decorator.py took 0.281 seconds
[2022-11-29T07:02:22.601+0000] {processor.py:154} INFO - Started process (PID=127) to work on /home/airflow/.local/lib/python3.7/site-packages/airflow/example_dags/example_dag_decorator.py
[2022-11-29T07:02:22.604+0000] {processor.py:756} INFO - Processing file /home/airflow/.local/lib/python3.7/site-packages/airflow/example_dags/example_dag_decorator.py for tasks to queue
[2022-11-29T07:02:22.606+0000] {logging_mixin.py:137} INFO - [2022-11-29T07:02:22.605+0000] {dagbag.py:537} INFO - Filling up the DagBag from /home/airflow/.local/lib/python3.7/site-packages/airflow/example_dags/example_dag_decorator.py
[2022-11-29T07:02:22.641+0000] {logging_mixin.py:137} INFO - [2022-11-29T07:02:22.641+0000] {taskmixin.py:205} WARNING - Dependency <Task(_PythonDecoratedOperator): prepare_email>, send_email already registered for DAG: example_dag_decorator
[2022-11-29T07:02:22.642+0000] {logging_mixin.py:137} INFO - [2022-11-29T07:02:22.642+0000] {taskmixin.py:205} WARNING - Dependency <Task(EmailOperator): send_email>, prepare_email already registered for DAG: example_dag_decorator
[2022-11-29T07:02:22.667+0000] {processor.py:766} INFO - DAG(s) dict_keys(['example_dag_decorator']) retrieved from /home/airflow/.local/lib/python3.7/site-packages/airflow/example_dags/example_dag_decorator.py
[2022-11-29T07:02:22.797+0000] {logging_mixin.py:137} INFO - [2022-11-29T07:02:22.797+0000] {dag.py:2585} INFO - Sync 1 DAGs
[2022-11-29T07:02:22.835+0000] {logging_mixin.py:137} INFO - [2022-11-29T07:02:22.834+0000] {dag.py:3340} INFO - Setting next_dagrun for example_dag_decorator to None, run_after=None
[2022-11-29T07:02:22.867+0000] {processor.py:176} INFO - Processing /home/airflow/.local/lib/python3.7/site-packages/airflow/example_dags/example_dag_decorator.py took 0.272 seconds
[2022-11-29T07:02:53.046+0000] {processor.py:154} INFO - Started process (PID=182) to work on /home/airflow/.local/lib/python3.7/site-packages/airflow/example_dags/example_dag_decorator.py
[2022-11-29T07:02:53.048+0000] {processor.py:756} INFO - Processing file /home/airflow/.local/lib/python3.7/site-packages/airflow/example_dags/example_dag_decorator.py for tasks to queue
[2022-11-29T07:02:53.049+0000] {logging_mixin.py:137} INFO - [2022-11-29T07:02:53.049+0000] {dagbag.py:537} INFO - Filling up the DagBag from /home/airflow/.local/lib/python3.7/site-packages/airflow/example_dags/example_dag_decorator.py
[2022-11-29T07:02:53.075+0000] {logging_mixin.py:137} INFO - [2022-11-29T07:02:53.075+0000] {taskmixin.py:205} WARNING - Dependency <Task(_PythonDecoratedOperator): prepare_email>, send_email already registered for DAG: example_dag_decorator
[2022-11-29T07:02:53.076+0000] {logging_mixin.py:137} INFO - [2022-11-29T07:02:53.076+0000] {taskmixin.py:205} WARNING - Dependency <Task(EmailOperator): send_email>, prepare_email already registered for DAG: example_dag_decorator
[2022-11-29T07:02:53.095+0000] {processor.py:766} INFO - DAG(s) dict_keys(['example_dag_decorator']) retrieved from /home/airflow/.local/lib/python3.7/site-packages/airflow/example_dags/example_dag_decorator.py
[2022-11-29T07:02:53.214+0000] {logging_mixin.py:137} INFO - [2022-11-29T07:02:53.214+0000] {dag.py:2585} INFO - Sync 1 DAGs
[2022-11-29T07:02:53.246+0000] {logging_mixin.py:137} INFO - [2022-11-29T07:02:53.246+0000] {dag.py:3340} INFO - Setting next_dagrun for example_dag_decorator to None, run_after=None
[2022-11-29T07:02:53.274+0000] {processor.py:176} INFO - Processing /home/airflow/.local/lib/python3.7/site-packages/airflow/example_dags/example_dag_decorator.py took 0.234 seconds
[2022-11-29T07:03:23.691+0000] {processor.py:154} INFO - Started process (PID=245) to work on /home/airflow/.local/lib/python3.7/site-packages/airflow/example_dags/example_dag_decorator.py
[2022-11-29T07:03:23.693+0000] {processor.py:756} INFO - Processing file /home/airflow/.local/lib/python3.7/site-packages/airflow/example_dags/example_dag_decorator.py for tasks to queue
[2022-11-29T07:03:23.695+0000] {logging_mixin.py:137} INFO - [2022-11-29T07:03:23.695+0000] {dagbag.py:537} INFO - Filling up the DagBag from /home/airflow/.local/lib/python3.7/site-packages/airflow/example_dags/example_dag_decorator.py
[2022-11-29T07:03:23.718+0000] {logging_mixin.py:137} INFO - [2022-11-29T07:03:23.717+0000] {taskmixin.py:205} WARNING - Dependency <Task(_PythonDecoratedOperator): prepare_email>, send_email already registered for DAG: example_dag_decorator
[2022-11-29T07:03:23.719+0000] {logging_mixin.py:137} INFO - [2022-11-29T07:03:23.719+0000] {taskmixin.py:205} WARNING - Dependency <Task(EmailOperator): send_email>, prepare_email already registered for DAG: example_dag_decorator
[2022-11-29T07:03:23.738+0000] {processor.py:766} INFO - DAG(s) dict_keys(['example_dag_decorator']) retrieved from /home/airflow/.local/lib/python3.7/site-packages/airflow/example_dags/example_dag_decorator.py
[2022-11-29T07:03:23.906+0000] {logging_mixin.py:137} INFO - [2022-11-29T07:03:23.906+0000] {dag.py:2585} INFO - Sync 1 DAGs
[2022-11-29T07:03:23.957+0000] {logging_mixin.py:137} INFO - [2022-11-29T07:03:23.957+0000] {dag.py:3340} INFO - Setting next_dagrun for example_dag_decorator to None, run_after=None
[2022-11-29T07:03:23.990+0000] {processor.py:176} INFO - Processing /home/airflow/.local/lib/python3.7/site-packages/airflow/example_dags/example_dag_decorator.py took 0.305 seconds
[2022-11-29T07:03:54.874+0000] {processor.py:154} INFO - Started process (PID=308) to work on /home/airflow/.local/lib/python3.7/site-packages/airflow/example_dags/example_dag_decorator.py
[2022-11-29T07:03:54.877+0000] {processor.py:756} INFO - Processing file /home/airflow/.local/lib/python3.7/site-packages/airflow/example_dags/example_dag_decorator.py for tasks to queue
[2022-11-29T07:03:54.879+0000] {logging_mixin.py:137} INFO - [2022-11-29T07:03:54.879+0000] {dagbag.py:537} INFO - Filling up the DagBag from /home/airflow/.local/lib/python3.7/site-packages/airflow/example_dags/example_dag_decorator.py
[2022-11-29T07:03:54.904+0000] {logging_mixin.py:137} INFO - [2022-11-29T07:03:54.904+0000] {taskmixin.py:205} WARNING - Dependency <Task(_PythonDecoratedOperator): prepare_email>, send_email already registered for DAG: example_dag_decorator
[2022-11-29T07:03:54.906+0000] {logging_mixin.py:137} INFO - [2022-11-29T07:03:54.906+0000] {taskmixin.py:205} WARNING - Dependency <Task(EmailOperator): send_email>, prepare_email already registered for DAG: example_dag_decorator
[2022-11-29T07:03:54.926+0000] {processor.py:766} INFO - DAG(s) dict_keys(['example_dag_decorator']) retrieved from /home/airflow/.local/lib/python3.7/site-packages/airflow/example_dags/example_dag_decorator.py
[2022-11-29T07:03:55.051+0000] {logging_mixin.py:137} INFO - [2022-11-29T07:03:55.051+0000] {dag.py:2585} INFO - Sync 1 DAGs
[2022-11-29T07:03:55.094+0000] {logging_mixin.py:137} INFO - [2022-11-29T07:03:55.094+0000] {dag.py:3340} INFO - Setting next_dagrun for example_dag_decorator to None, run_after=None
[2022-11-29T07:03:55.127+0000] {processor.py:176} INFO - Processing /home/airflow/.local/lib/python3.7/site-packages/airflow/example_dags/example_dag_decorator.py took 0.260 seconds
[2022-11-29T07:04:50.723+0000] {processor.py:154} INFO - Started process (PID=64) to work on /home/airflow/.local/lib/python3.7/site-packages/airflow/example_dags/example_dag_decorator.py
[2022-11-29T07:04:50.726+0000] {processor.py:756} INFO - Processing file /home/airflow/.local/lib/python3.7/site-packages/airflow/example_dags/example_dag_decorator.py for tasks to queue
[2022-11-29T07:04:50.728+0000] {logging_mixin.py:137} INFO - [2022-11-29T07:04:50.728+0000] {dagbag.py:537} INFO - Filling up the DagBag from /home/airflow/.local/lib/python3.7/site-packages/airflow/example_dags/example_dag_decorator.py
[2022-11-29T07:04:50.758+0000] {logging_mixin.py:137} INFO - [2022-11-29T07:04:50.758+0000] {taskmixin.py:205} WARNING - Dependency <Task(_PythonDecoratedOperator): prepare_email>, send_email already registered for DAG: example_dag_decorator
[2022-11-29T07:04:50.760+0000] {logging_mixin.py:137} INFO - [2022-11-29T07:04:50.759+0000] {taskmixin.py:205} WARNING - Dependency <Task(EmailOperator): send_email>, prepare_email already registered for DAG: example_dag_decorator
[2022-11-29T07:04:50.791+0000] {processor.py:766} INFO - DAG(s) dict_keys(['example_dag_decorator']) retrieved from /home/airflow/.local/lib/python3.7/site-packages/airflow/example_dags/example_dag_decorator.py
[2022-11-29T07:04:50.838+0000] {logging_mixin.py:137} INFO - [2022-11-29T07:04:50.838+0000] {dag.py:2585} INFO - Sync 1 DAGs
[2022-11-29T07:04:50.882+0000] {logging_mixin.py:137} INFO - [2022-11-29T07:04:50.882+0000] {dag.py:3340} INFO - Setting next_dagrun for example_dag_decorator to None, run_after=None
[2022-11-29T07:04:50.920+0000] {processor.py:176} INFO - Processing /home/airflow/.local/lib/python3.7/site-packages/airflow/example_dags/example_dag_decorator.py took 0.204 seconds
[2022-11-29T07:06:00.799+0000] {processor.py:154} INFO - Started process (PID=64) to work on /home/airflow/.local/lib/python3.7/site-packages/airflow/example_dags/example_dag_decorator.py
[2022-11-29T07:06:00.806+0000] {processor.py:756} INFO - Processing file /home/airflow/.local/lib/python3.7/site-packages/airflow/example_dags/example_dag_decorator.py for tasks to queue
[2022-11-29T07:06:00.810+0000] {logging_mixin.py:137} INFO - [2022-11-29T07:06:00.809+0000] {dagbag.py:537} INFO - Filling up the DagBag from /home/airflow/.local/lib/python3.7/site-packages/airflow/example_dags/example_dag_decorator.py
[2022-11-29T07:06:00.871+0000] {logging_mixin.py:137} INFO - [2022-11-29T07:06:00.871+0000] {taskmixin.py:205} WARNING - Dependency <Task(_PythonDecoratedOperator): prepare_email>, send_email already registered for DAG: example_dag_decorator
[2022-11-29T07:06:00.872+0000] {logging_mixin.py:137} INFO - [2022-11-29T07:06:00.872+0000] {taskmixin.py:205} WARNING - Dependency <Task(EmailOperator): send_email>, prepare_email already registered for DAG: example_dag_decorator
[2022-11-29T07:06:00.908+0000] {processor.py:766} INFO - DAG(s) dict_keys(['example_dag_decorator']) retrieved from /home/airflow/.local/lib/python3.7/site-packages/airflow/example_dags/example_dag_decorator.py
[2022-11-29T07:06:00.947+0000] {logging_mixin.py:137} INFO - [2022-11-29T07:06:00.947+0000] {dag.py:2585} INFO - Sync 1 DAGs
[2022-11-29T07:06:01.055+0000] {logging_mixin.py:137} INFO - [2022-11-29T07:06:01.055+0000] {dag.py:3340} INFO - Setting next_dagrun for example_dag_decorator to None, run_after=None
[2022-11-29T07:06:01.089+0000] {processor.py:176} INFO - Processing /home/airflow/.local/lib/python3.7/site-packages/airflow/example_dags/example_dag_decorator.py took 0.303 seconds
[2022-11-29T07:06:31.318+0000] {processor.py:154} INFO - Started process (PID=127) to work on /home/airflow/.local/lib/python3.7/site-packages/airflow/example_dags/example_dag_decorator.py
[2022-11-29T07:06:31.320+0000] {processor.py:756} INFO - Processing file /home/airflow/.local/lib/python3.7/site-packages/airflow/example_dags/example_dag_decorator.py for tasks to queue
[2022-11-29T07:06:31.322+0000] {logging_mixin.py:137} INFO - [2022-11-29T07:06:31.322+0000] {dagbag.py:537} INFO - Filling up the DagBag from /home/airflow/.local/lib/python3.7/site-packages/airflow/example_dags/example_dag_decorator.py
[2022-11-29T07:06:31.355+0000] {logging_mixin.py:137} INFO - [2022-11-29T07:06:31.355+0000] {taskmixin.py:205} WARNING - Dependency <Task(_PythonDecoratedOperator): prepare_email>, send_email already registered for DAG: example_dag_decorator
[2022-11-29T07:06:31.356+0000] {logging_mixin.py:137} INFO - [2022-11-29T07:06:31.356+0000] {taskmixin.py:205} WARNING - Dependency <Task(EmailOperator): send_email>, prepare_email already registered for DAG: example_dag_decorator
[2022-11-29T07:06:31.383+0000] {processor.py:766} INFO - DAG(s) dict_keys(['example_dag_decorator']) retrieved from /home/airflow/.local/lib/python3.7/site-packages/airflow/example_dags/example_dag_decorator.py
[2022-11-29T07:06:31.527+0000] {logging_mixin.py:137} INFO - [2022-11-29T07:06:31.527+0000] {dag.py:2585} INFO - Sync 1 DAGs
[2022-11-29T07:06:31.564+0000] {logging_mixin.py:137} INFO - [2022-11-29T07:06:31.564+0000] {dag.py:3340} INFO - Setting next_dagrun for example_dag_decorator to None, run_after=None
[2022-11-29T07:06:31.598+0000] {processor.py:176} INFO - Processing /home/airflow/.local/lib/python3.7/site-packages/airflow/example_dags/example_dag_decorator.py took 0.300 seconds
[2022-11-29T07:07:01.650+0000] {processor.py:154} INFO - Started process (PID=182) to work on /home/airflow/.local/lib/python3.7/site-packages/airflow/example_dags/example_dag_decorator.py
[2022-11-29T07:07:01.652+0000] {processor.py:756} INFO - Processing file /home/airflow/.local/lib/python3.7/site-packages/airflow/example_dags/example_dag_decorator.py for tasks to queue
[2022-11-29T07:07:01.654+0000] {logging_mixin.py:137} INFO - [2022-11-29T07:07:01.654+0000] {dagbag.py:537} INFO - Filling up the DagBag from /home/airflow/.local/lib/python3.7/site-packages/airflow/example_dags/example_dag_decorator.py
[2022-11-29T07:07:01.683+0000] {logging_mixin.py:137} INFO - [2022-11-29T07:07:01.682+0000] {taskmixin.py:205} WARNING - Dependency <Task(_PythonDecoratedOperator): prepare_email>, send_email already registered for DAG: example_dag_decorator
[2022-11-29T07:07:01.684+0000] {logging_mixin.py:137} INFO - [2022-11-29T07:07:01.684+0000] {taskmixin.py:205} WARNING - Dependency <Task(EmailOperator): send_email>, prepare_email already registered for DAG: example_dag_decorator
[2022-11-29T07:07:01.707+0000] {processor.py:766} INFO - DAG(s) dict_keys(['example_dag_decorator']) retrieved from /home/airflow/.local/lib/python3.7/site-packages/airflow/example_dags/example_dag_decorator.py
[2022-11-29T07:07:01.834+0000] {logging_mixin.py:137} INFO - [2022-11-29T07:07:01.834+0000] {dag.py:2585} INFO - Sync 1 DAGs
[2022-11-29T07:07:01.869+0000] {logging_mixin.py:137} INFO - [2022-11-29T07:07:01.869+0000] {dag.py:3340} INFO - Setting next_dagrun for example_dag_decorator to None, run_after=None
[2022-11-29T07:07:01.903+0000] {processor.py:176} INFO - Processing /home/airflow/.local/lib/python3.7/site-packages/airflow/example_dags/example_dag_decorator.py took 0.259 seconds
[2022-11-29T07:07:32.379+0000] {processor.py:154} INFO - Started process (PID=245) to work on /home/airflow/.local/lib/python3.7/site-packages/airflow/example_dags/example_dag_decorator.py
[2022-11-29T07:07:32.381+0000] {processor.py:756} INFO - Processing file /home/airflow/.local/lib/python3.7/site-packages/airflow/example_dags/example_dag_decorator.py for tasks to queue
[2022-11-29T07:07:32.383+0000] {logging_mixin.py:137} INFO - [2022-11-29T07:07:32.383+0000] {dagbag.py:537} INFO - Filling up the DagBag from /home/airflow/.local/lib/python3.7/site-packages/airflow/example_dags/example_dag_decorator.py
[2022-11-29T07:07:32.412+0000] {logging_mixin.py:137} INFO - [2022-11-29T07:07:32.412+0000] {taskmixin.py:205} WARNING - Dependency <Task(_PythonDecoratedOperator): prepare_email>, send_email already registered for DAG: example_dag_decorator
[2022-11-29T07:07:32.414+0000] {logging_mixin.py:137} INFO - [2022-11-29T07:07:32.414+0000] {taskmixin.py:205} WARNING - Dependency <Task(EmailOperator): send_email>, prepare_email already registered for DAG: example_dag_decorator
[2022-11-29T07:07:32.435+0000] {processor.py:766} INFO - DAG(s) dict_keys(['example_dag_decorator']) retrieved from /home/airflow/.local/lib/python3.7/site-packages/airflow/example_dags/example_dag_decorator.py
[2022-11-29T07:07:32.577+0000] {logging_mixin.py:137} INFO - [2022-11-29T07:07:32.577+0000] {dag.py:2585} INFO - Sync 1 DAGs
[2022-11-29T07:07:32.613+0000] {logging_mixin.py:137} INFO - [2022-11-29T07:07:32.612+0000] {dag.py:3340} INFO - Setting next_dagrun for example_dag_decorator to None, run_after=None
[2022-11-29T07:07:32.647+0000] {processor.py:176} INFO - Processing /home/airflow/.local/lib/python3.7/site-packages/airflow/example_dags/example_dag_decorator.py took 0.274 seconds
[2022-11-29T07:08:03.304+0000] {processor.py:154} INFO - Started process (PID=310) to work on /home/airflow/.local/lib/python3.7/site-packages/airflow/example_dags/example_dag_decorator.py
[2022-11-29T07:08:03.306+0000] {processor.py:756} INFO - Processing file /home/airflow/.local/lib/python3.7/site-packages/airflow/example_dags/example_dag_decorator.py for tasks to queue
[2022-11-29T07:08:03.308+0000] {logging_mixin.py:137} INFO - [2022-11-29T07:08:03.308+0000] {dagbag.py:537} INFO - Filling up the DagBag from /home/airflow/.local/lib/python3.7/site-packages/airflow/example_dags/example_dag_decorator.py
[2022-11-29T07:08:03.353+0000] {logging_mixin.py:137} INFO - [2022-11-29T07:08:03.353+0000] {taskmixin.py:205} WARNING - Dependency <Task(_PythonDecoratedOperator): prepare_email>, send_email already registered for DAG: example_dag_decorator
[2022-11-29T07:08:03.354+0000] {logging_mixin.py:137} INFO - [2022-11-29T07:08:03.354+0000] {taskmixin.py:205} WARNING - Dependency <Task(EmailOperator): send_email>, prepare_email already registered for DAG: example_dag_decorator
[2022-11-29T07:08:03.390+0000] {processor.py:766} INFO - DAG(s) dict_keys(['example_dag_decorator']) retrieved from /home/airflow/.local/lib/python3.7/site-packages/airflow/example_dags/example_dag_decorator.py
[2022-11-29T07:08:03.538+0000] {logging_mixin.py:137} INFO - [2022-11-29T07:08:03.537+0000] {dag.py:2585} INFO - Sync 1 DAGs
[2022-11-29T07:08:03.573+0000] {logging_mixin.py:137} INFO - [2022-11-29T07:08:03.572+0000] {dag.py:3340} INFO - Setting next_dagrun for example_dag_decorator to None, run_after=None
[2022-11-29T07:08:03.603+0000] {processor.py:176} INFO - Processing /home/airflow/.local/lib/python3.7/site-packages/airflow/example_dags/example_dag_decorator.py took 0.309 seconds
[2022-11-29T07:08:34.377+0000] {processor.py:154} INFO - Started process (PID=364) to work on /home/airflow/.local/lib/python3.7/site-packages/airflow/example_dags/example_dag_decorator.py
[2022-11-29T07:08:34.379+0000] {processor.py:756} INFO - Processing file /home/airflow/.local/lib/python3.7/site-packages/airflow/example_dags/example_dag_decorator.py for tasks to queue
[2022-11-29T07:08:34.381+0000] {logging_mixin.py:137} INFO - [2022-11-29T07:08:34.381+0000] {dagbag.py:537} INFO - Filling up the DagBag from /home/airflow/.local/lib/python3.7/site-packages/airflow/example_dags/example_dag_decorator.py
[2022-11-29T07:08:34.410+0000] {logging_mixin.py:137} INFO - [2022-11-29T07:08:34.409+0000] {taskmixin.py:205} WARNING - Dependency <Task(_PythonDecoratedOperator): prepare_email>, send_email already registered for DAG: example_dag_decorator
[2022-11-29T07:08:34.411+0000] {logging_mixin.py:137} INFO - [2022-11-29T07:08:34.411+0000] {taskmixin.py:205} WARNING - Dependency <Task(EmailOperator): send_email>, prepare_email already registered for DAG: example_dag_decorator
[2022-11-29T07:08:34.431+0000] {processor.py:766} INFO - DAG(s) dict_keys(['example_dag_decorator']) retrieved from /home/airflow/.local/lib/python3.7/site-packages/airflow/example_dags/example_dag_decorator.py
[2022-11-29T07:08:34.548+0000] {logging_mixin.py:137} INFO - [2022-11-29T07:08:34.548+0000] {dag.py:2585} INFO - Sync 1 DAGs
[2022-11-29T07:08:34.584+0000] {logging_mixin.py:137} INFO - [2022-11-29T07:08:34.584+0000] {dag.py:3340} INFO - Setting next_dagrun for example_dag_decorator to None, run_after=None
[2022-11-29T07:08:34.622+0000] {processor.py:176} INFO - Processing /home/airflow/.local/lib/python3.7/site-packages/airflow/example_dags/example_dag_decorator.py took 0.250 seconds
[2022-11-29T07:09:05.050+0000] {processor.py:154} INFO - Started process (PID=427) to work on /home/airflow/.local/lib/python3.7/site-packages/airflow/example_dags/example_dag_decorator.py
[2022-11-29T07:09:05.052+0000] {processor.py:756} INFO - Processing file /home/airflow/.local/lib/python3.7/site-packages/airflow/example_dags/example_dag_decorator.py for tasks to queue
[2022-11-29T07:09:05.054+0000] {logging_mixin.py:137} INFO - [2022-11-29T07:09:05.053+0000] {dagbag.py:537} INFO - Filling up the DagBag from /home/airflow/.local/lib/python3.7/site-packages/airflow/example_dags/example_dag_decorator.py
[2022-11-29T07:09:05.080+0000] {logging_mixin.py:137} INFO - [2022-11-29T07:09:05.080+0000] {taskmixin.py:205} WARNING - Dependency <Task(_PythonDecoratedOperator): prepare_email>, send_email already registered for DAG: example_dag_decorator
[2022-11-29T07:09:05.081+0000] {logging_mixin.py:137} INFO - [2022-11-29T07:09:05.081+0000] {taskmixin.py:205} WARNING - Dependency <Task(EmailOperator): send_email>, prepare_email already registered for DAG: example_dag_decorator
[2022-11-29T07:09:05.102+0000] {processor.py:766} INFO - DAG(s) dict_keys(['example_dag_decorator']) retrieved from /home/airflow/.local/lib/python3.7/site-packages/airflow/example_dags/example_dag_decorator.py
[2022-11-29T07:09:05.245+0000] {logging_mixin.py:137} INFO - [2022-11-29T07:09:05.245+0000] {dag.py:2585} INFO - Sync 1 DAGs
[2022-11-29T07:09:05.299+0000] {logging_mixin.py:137} INFO - [2022-11-29T07:09:05.299+0000] {dag.py:3340} INFO - Setting next_dagrun for example_dag_decorator to None, run_after=None
[2022-11-29T07:09:05.346+0000] {processor.py:176} INFO - Processing /home/airflow/.local/lib/python3.7/site-packages/airflow/example_dags/example_dag_decorator.py took 0.301 seconds
[2022-11-29T07:09:35.636+0000] {processor.py:154} INFO - Started process (PID=481) to work on /home/airflow/.local/lib/python3.7/site-packages/airflow/example_dags/example_dag_decorator.py
[2022-11-29T07:09:35.638+0000] {processor.py:756} INFO - Processing file /home/airflow/.local/lib/python3.7/site-packages/airflow/example_dags/example_dag_decorator.py for tasks to queue
[2022-11-29T07:09:35.640+0000] {logging_mixin.py:137} INFO - [2022-11-29T07:09:35.640+0000] {dagbag.py:537} INFO - Filling up the DagBag from /home/airflow/.local/lib/python3.7/site-packages/airflow/example_dags/example_dag_decorator.py
[2022-11-29T07:09:35.673+0000] {logging_mixin.py:137} INFO - [2022-11-29T07:09:35.672+0000] {taskmixin.py:205} WARNING - Dependency <Task(_PythonDecoratedOperator): prepare_email>, send_email already registered for DAG: example_dag_decorator
[2022-11-29T07:09:35.674+0000] {logging_mixin.py:137} INFO - [2022-11-29T07:09:35.674+0000] {taskmixin.py:205} WARNING - Dependency <Task(EmailOperator): send_email>, prepare_email already registered for DAG: example_dag_decorator
[2022-11-29T07:09:35.699+0000] {processor.py:766} INFO - DAG(s) dict_keys(['example_dag_decorator']) retrieved from /home/airflow/.local/lib/python3.7/site-packages/airflow/example_dags/example_dag_decorator.py
[2022-11-29T07:09:35.854+0000] {logging_mixin.py:137} INFO - [2022-11-29T07:09:35.854+0000] {dag.py:2585} INFO - Sync 1 DAGs
[2022-11-29T07:09:35.903+0000] {logging_mixin.py:137} INFO - [2022-11-29T07:09:35.903+0000] {dag.py:3340} INFO - Setting next_dagrun for example_dag_decorator to None, run_after=None
[2022-11-29T07:09:35.947+0000] {processor.py:176} INFO - Processing /home/airflow/.local/lib/python3.7/site-packages/airflow/example_dags/example_dag_decorator.py took 0.317 seconds
[2022-11-29T07:10:06.274+0000] {processor.py:154} INFO - Started process (PID=544) to work on /home/airflow/.local/lib/python3.7/site-packages/airflow/example_dags/example_dag_decorator.py
[2022-11-29T07:10:06.276+0000] {processor.py:756} INFO - Processing file /home/airflow/.local/lib/python3.7/site-packages/airflow/example_dags/example_dag_decorator.py for tasks to queue
[2022-11-29T07:10:06.278+0000] {logging_mixin.py:137} INFO - [2022-11-29T07:10:06.278+0000] {dagbag.py:537} INFO - Filling up the DagBag from /home/airflow/.local/lib/python3.7/site-packages/airflow/example_dags/example_dag_decorator.py
[2022-11-29T07:10:06.308+0000] {logging_mixin.py:137} INFO - [2022-11-29T07:10:06.308+0000] {taskmixin.py:205} WARNING - Dependency <Task(_PythonDecoratedOperator): prepare_email>, send_email already registered for DAG: example_dag_decorator
[2022-11-29T07:10:06.309+0000] {logging_mixin.py:137} INFO - [2022-11-29T07:10:06.309+0000] {taskmixin.py:205} WARNING - Dependency <Task(EmailOperator): send_email>, prepare_email already registered for DAG: example_dag_decorator
[2022-11-29T07:10:06.333+0000] {processor.py:766} INFO - DAG(s) dict_keys(['example_dag_decorator']) retrieved from /home/airflow/.local/lib/python3.7/site-packages/airflow/example_dags/example_dag_decorator.py
[2022-11-29T07:10:06.480+0000] {logging_mixin.py:137} INFO - [2022-11-29T07:10:06.479+0000] {dag.py:2585} INFO - Sync 1 DAGs
[2022-11-29T07:10:06.523+0000] {logging_mixin.py:137} INFO - [2022-11-29T07:10:06.523+0000] {dag.py:3340} INFO - Setting next_dagrun for example_dag_decorator to None, run_after=None
[2022-11-29T07:10:06.560+0000] {processor.py:176} INFO - Processing /home/airflow/.local/lib/python3.7/site-packages/airflow/example_dags/example_dag_decorator.py took 0.293 seconds
[2022-11-29T07:10:37.590+0000] {processor.py:154} INFO - Started process (PID=607) to work on /home/airflow/.local/lib/python3.7/site-packages/airflow/example_dags/example_dag_decorator.py
[2022-11-29T07:10:37.594+0000] {processor.py:756} INFO - Processing file /home/airflow/.local/lib/python3.7/site-packages/airflow/example_dags/example_dag_decorator.py for tasks to queue
[2022-11-29T07:10:37.596+0000] {logging_mixin.py:137} INFO - [2022-11-29T07:10:37.596+0000] {dagbag.py:537} INFO - Filling up the DagBag from /home/airflow/.local/lib/python3.7/site-packages/airflow/example_dags/example_dag_decorator.py
[2022-11-29T07:10:37.627+0000] {logging_mixin.py:137} INFO - [2022-11-29T07:10:37.627+0000] {taskmixin.py:205} WARNING - Dependency <Task(_PythonDecoratedOperator): prepare_email>, send_email already registered for DAG: example_dag_decorator
[2022-11-29T07:10:37.628+0000] {logging_mixin.py:137} INFO - [2022-11-29T07:10:37.628+0000] {taskmixin.py:205} WARNING - Dependency <Task(EmailOperator): send_email>, prepare_email already registered for DAG: example_dag_decorator
[2022-11-29T07:10:37.651+0000] {processor.py:766} INFO - DAG(s) dict_keys(['example_dag_decorator']) retrieved from /home/airflow/.local/lib/python3.7/site-packages/airflow/example_dags/example_dag_decorator.py
[2022-11-29T07:10:37.782+0000] {logging_mixin.py:137} INFO - [2022-11-29T07:10:37.782+0000] {dag.py:2585} INFO - Sync 1 DAGs
[2022-11-29T07:10:37.821+0000] {logging_mixin.py:137} INFO - [2022-11-29T07:10:37.821+0000] {dag.py:3340} INFO - Setting next_dagrun for example_dag_decorator to None, run_after=None
[2022-11-29T07:10:37.866+0000] {processor.py:176} INFO - Processing /home/airflow/.local/lib/python3.7/site-packages/airflow/example_dags/example_dag_decorator.py took 0.281 seconds
[2022-11-29T07:11:08.432+0000] {processor.py:154} INFO - Started process (PID=661) to work on /home/airflow/.local/lib/python3.7/site-packages/airflow/example_dags/example_dag_decorator.py
[2022-11-29T07:11:08.434+0000] {processor.py:756} INFO - Processing file /home/airflow/.local/lib/python3.7/site-packages/airflow/example_dags/example_dag_decorator.py for tasks to queue
[2022-11-29T07:11:08.437+0000] {logging_mixin.py:137} INFO - [2022-11-29T07:11:08.436+0000] {dagbag.py:537} INFO - Filling up the DagBag from /home/airflow/.local/lib/python3.7/site-packages/airflow/example_dags/example_dag_decorator.py
[2022-11-29T07:11:08.473+0000] {logging_mixin.py:137} INFO - [2022-11-29T07:11:08.473+0000] {taskmixin.py:205} WARNING - Dependency <Task(_PythonDecoratedOperator): prepare_email>, send_email already registered for DAG: example_dag_decorator
[2022-11-29T07:11:08.475+0000] {logging_mixin.py:137} INFO - [2022-11-29T07:11:08.475+0000] {taskmixin.py:205} WARNING - Dependency <Task(EmailOperator): send_email>, prepare_email already registered for DAG: example_dag_decorator
[2022-11-29T07:11:08.525+0000] {processor.py:766} INFO - DAG(s) dict_keys(['example_dag_decorator']) retrieved from /home/airflow/.local/lib/python3.7/site-packages/airflow/example_dags/example_dag_decorator.py
[2022-11-29T07:11:08.763+0000] {logging_mixin.py:137} INFO - [2022-11-29T07:11:08.763+0000] {dag.py:2585} INFO - Sync 1 DAGs
[2022-11-29T07:11:08.820+0000] {logging_mixin.py:137} INFO - [2022-11-29T07:11:08.820+0000] {dag.py:3340} INFO - Setting next_dagrun for example_dag_decorator to None, run_after=None
[2022-11-29T07:11:08.877+0000] {processor.py:176} INFO - Processing /home/airflow/.local/lib/python3.7/site-packages/airflow/example_dags/example_dag_decorator.py took 0.450 seconds
[2022-11-29T07:11:39.372+0000] {processor.py:154} INFO - Started process (PID=723) to work on /home/airflow/.local/lib/python3.7/site-packages/airflow/example_dags/example_dag_decorator.py
[2022-11-29T07:11:39.375+0000] {processor.py:756} INFO - Processing file /home/airflow/.local/lib/python3.7/site-packages/airflow/example_dags/example_dag_decorator.py for tasks to queue
[2022-11-29T07:11:39.377+0000] {logging_mixin.py:137} INFO - [2022-11-29T07:11:39.376+0000] {dagbag.py:537} INFO - Filling up the DagBag from /home/airflow/.local/lib/python3.7/site-packages/airflow/example_dags/example_dag_decorator.py
[2022-11-29T07:11:39.405+0000] {logging_mixin.py:137} INFO - [2022-11-29T07:11:39.405+0000] {taskmixin.py:205} WARNING - Dependency <Task(_PythonDecoratedOperator): prepare_email>, send_email already registered for DAG: example_dag_decorator
[2022-11-29T07:11:39.406+0000] {logging_mixin.py:137} INFO - [2022-11-29T07:11:39.406+0000] {taskmixin.py:205} WARNING - Dependency <Task(EmailOperator): send_email>, prepare_email already registered for DAG: example_dag_decorator
[2022-11-29T07:11:39.430+0000] {processor.py:766} INFO - DAG(s) dict_keys(['example_dag_decorator']) retrieved from /home/airflow/.local/lib/python3.7/site-packages/airflow/example_dags/example_dag_decorator.py
[2022-11-29T07:11:39.554+0000] {logging_mixin.py:137} INFO - [2022-11-29T07:11:39.554+0000] {dag.py:2585} INFO - Sync 1 DAGs
[2022-11-29T07:11:39.592+0000] {logging_mixin.py:137} INFO - [2022-11-29T07:11:39.592+0000] {dag.py:3340} INFO - Setting next_dagrun for example_dag_decorator to None, run_after=None
[2022-11-29T07:11:39.631+0000] {processor.py:176} INFO - Processing /home/airflow/.local/lib/python3.7/site-packages/airflow/example_dags/example_dag_decorator.py took 0.266 seconds
[2022-11-29T07:12:10.063+0000] {processor.py:154} INFO - Started process (PID=787) to work on /home/airflow/.local/lib/python3.7/site-packages/airflow/example_dags/example_dag_decorator.py
[2022-11-29T07:12:10.066+0000] {processor.py:756} INFO - Processing file /home/airflow/.local/lib/python3.7/site-packages/airflow/example_dags/example_dag_decorator.py for tasks to queue
[2022-11-29T07:12:10.068+0000] {logging_mixin.py:137} INFO - [2022-11-29T07:12:10.068+0000] {dagbag.py:537} INFO - Filling up the DagBag from /home/airflow/.local/lib/python3.7/site-packages/airflow/example_dags/example_dag_decorator.py
[2022-11-29T07:12:10.093+0000] {logging_mixin.py:137} INFO - [2022-11-29T07:12:10.093+0000] {taskmixin.py:205} WARNING - Dependency <Task(_PythonDecoratedOperator): prepare_email>, send_email already registered for DAG: example_dag_decorator
[2022-11-29T07:12:10.094+0000] {logging_mixin.py:137} INFO - [2022-11-29T07:12:10.094+0000] {taskmixin.py:205} WARNING - Dependency <Task(EmailOperator): send_email>, prepare_email already registered for DAG: example_dag_decorator
[2022-11-29T07:12:10.114+0000] {processor.py:766} INFO - DAG(s) dict_keys(['example_dag_decorator']) retrieved from /home/airflow/.local/lib/python3.7/site-packages/airflow/example_dags/example_dag_decorator.py
[2022-11-29T07:12:10.259+0000] {logging_mixin.py:137} INFO - [2022-11-29T07:12:10.258+0000] {dag.py:2585} INFO - Sync 1 DAGs
[2022-11-29T07:12:10.308+0000] {logging_mixin.py:137} INFO - [2022-11-29T07:12:10.308+0000] {dag.py:3340} INFO - Setting next_dagrun for example_dag_decorator to None, run_after=None
[2022-11-29T07:12:10.338+0000] {processor.py:176} INFO - Processing /home/airflow/.local/lib/python3.7/site-packages/airflow/example_dags/example_dag_decorator.py took 0.279 seconds
[2022-11-29T07:12:40.603+0000] {processor.py:154} INFO - Started process (PID=841) to work on /home/airflow/.local/lib/python3.7/site-packages/airflow/example_dags/example_dag_decorator.py
[2022-11-29T07:12:40.605+0000] {processor.py:756} INFO - Processing file /home/airflow/.local/lib/python3.7/site-packages/airflow/example_dags/example_dag_decorator.py for tasks to queue
[2022-11-29T07:12:40.607+0000] {logging_mixin.py:137} INFO - [2022-11-29T07:12:40.606+0000] {dagbag.py:537} INFO - Filling up the DagBag from /home/airflow/.local/lib/python3.7/site-packages/airflow/example_dags/example_dag_decorator.py
[2022-11-29T07:12:40.630+0000] {logging_mixin.py:137} INFO - [2022-11-29T07:12:40.630+0000] {taskmixin.py:205} WARNING - Dependency <Task(_PythonDecoratedOperator): prepare_email>, send_email already registered for DAG: example_dag_decorator
[2022-11-29T07:12:40.632+0000] {logging_mixin.py:137} INFO - [2022-11-29T07:12:40.631+0000] {taskmixin.py:205} WARNING - Dependency <Task(EmailOperator): send_email>, prepare_email already registered for DAG: example_dag_decorator
[2022-11-29T07:12:40.651+0000] {processor.py:766} INFO - DAG(s) dict_keys(['example_dag_decorator']) retrieved from /home/airflow/.local/lib/python3.7/site-packages/airflow/example_dags/example_dag_decorator.py
[2022-11-29T07:12:40.803+0000] {logging_mixin.py:137} INFO - [2022-11-29T07:12:40.803+0000] {dag.py:2585} INFO - Sync 1 DAGs
[2022-11-29T07:12:40.841+0000] {logging_mixin.py:137} INFO - [2022-11-29T07:12:40.841+0000] {dag.py:3340} INFO - Setting next_dagrun for example_dag_decorator to None, run_after=None
[2022-11-29T07:12:40.880+0000] {processor.py:176} INFO - Processing /home/airflow/.local/lib/python3.7/site-packages/airflow/example_dags/example_dag_decorator.py took 0.284 seconds
[2022-11-29T07:13:11.005+0000] {processor.py:154} INFO - Started process (PID=903) to work on /home/airflow/.local/lib/python3.7/site-packages/airflow/example_dags/example_dag_decorator.py
[2022-11-29T07:13:11.007+0000] {processor.py:756} INFO - Processing file /home/airflow/.local/lib/python3.7/site-packages/airflow/example_dags/example_dag_decorator.py for tasks to queue
[2022-11-29T07:13:11.010+0000] {logging_mixin.py:137} INFO - [2022-11-29T07:13:11.009+0000] {dagbag.py:537} INFO - Filling up the DagBag from /home/airflow/.local/lib/python3.7/site-packages/airflow/example_dags/example_dag_decorator.py
[2022-11-29T07:13:11.040+0000] {logging_mixin.py:137} INFO - [2022-11-29T07:13:11.040+0000] {taskmixin.py:205} WARNING - Dependency <Task(_PythonDecoratedOperator): prepare_email>, send_email already registered for DAG: example_dag_decorator
[2022-11-29T07:13:11.042+0000] {logging_mixin.py:137} INFO - [2022-11-29T07:13:11.042+0000] {taskmixin.py:205} WARNING - Dependency <Task(EmailOperator): send_email>, prepare_email already registered for DAG: example_dag_decorator
[2022-11-29T07:13:11.061+0000] {processor.py:766} INFO - DAG(s) dict_keys(['example_dag_decorator']) retrieved from /home/airflow/.local/lib/python3.7/site-packages/airflow/example_dags/example_dag_decorator.py
[2022-11-29T07:13:11.199+0000] {logging_mixin.py:137} INFO - [2022-11-29T07:13:11.199+0000] {dag.py:2585} INFO - Sync 1 DAGs
[2022-11-29T07:13:11.238+0000] {logging_mixin.py:137} INFO - [2022-11-29T07:13:11.238+0000] {dag.py:3340} INFO - Setting next_dagrun for example_dag_decorator to None, run_after=None
[2022-11-29T07:13:11.264+0000] {processor.py:176} INFO - Processing /home/airflow/.local/lib/python3.7/site-packages/airflow/example_dags/example_dag_decorator.py took 0.270 seconds
[2022-11-29T07:13:41.770+0000] {processor.py:154} INFO - Started process (PID=966) to work on /home/airflow/.local/lib/python3.7/site-packages/airflow/example_dags/example_dag_decorator.py
[2022-11-29T07:13:41.772+0000] {processor.py:756} INFO - Processing file /home/airflow/.local/lib/python3.7/site-packages/airflow/example_dags/example_dag_decorator.py for tasks to queue
[2022-11-29T07:13:41.774+0000] {logging_mixin.py:137} INFO - [2022-11-29T07:13:41.773+0000] {dagbag.py:537} INFO - Filling up the DagBag from /home/airflow/.local/lib/python3.7/site-packages/airflow/example_dags/example_dag_decorator.py
[2022-11-29T07:13:41.798+0000] {logging_mixin.py:137} INFO - [2022-11-29T07:13:41.798+0000] {taskmixin.py:205} WARNING - Dependency <Task(_PythonDecoratedOperator): prepare_email>, send_email already registered for DAG: example_dag_decorator
[2022-11-29T07:13:41.799+0000] {logging_mixin.py:137} INFO - [2022-11-29T07:13:41.799+0000] {taskmixin.py:205} WARNING - Dependency <Task(EmailOperator): send_email>, prepare_email already registered for DAG: example_dag_decorator
[2022-11-29T07:13:41.821+0000] {processor.py:766} INFO - DAG(s) dict_keys(['example_dag_decorator']) retrieved from /home/airflow/.local/lib/python3.7/site-packages/airflow/example_dags/example_dag_decorator.py
[2022-11-29T07:13:41.958+0000] {logging_mixin.py:137} INFO - [2022-11-29T07:13:41.958+0000] {dag.py:2585} INFO - Sync 1 DAGs
[2022-11-29T07:13:41.996+0000] {logging_mixin.py:137} INFO - [2022-11-29T07:13:41.996+0000] {dag.py:3340} INFO - Setting next_dagrun for example_dag_decorator to None, run_after=None
[2022-11-29T07:13:42.032+0000] {processor.py:176} INFO - Processing /home/airflow/.local/lib/python3.7/site-packages/airflow/example_dags/example_dag_decorator.py took 0.270 seconds
[2022-11-29T07:14:12.943+0000] {processor.py:154} INFO - Started process (PID=1020) to work on /home/airflow/.local/lib/python3.7/site-packages/airflow/example_dags/example_dag_decorator.py
[2022-11-29T07:14:12.945+0000] {processor.py:756} INFO - Processing file /home/airflow/.local/lib/python3.7/site-packages/airflow/example_dags/example_dag_decorator.py for tasks to queue
[2022-11-29T07:14:12.947+0000] {logging_mixin.py:137} INFO - [2022-11-29T07:14:12.947+0000] {dagbag.py:537} INFO - Filling up the DagBag from /home/airflow/.local/lib/python3.7/site-packages/airflow/example_dags/example_dag_decorator.py
[2022-11-29T07:14:12.974+0000] {logging_mixin.py:137} INFO - [2022-11-29T07:14:12.973+0000] {taskmixin.py:205} WARNING - Dependency <Task(_PythonDecoratedOperator): prepare_email>, send_email already registered for DAG: example_dag_decorator
[2022-11-29T07:14:12.975+0000] {logging_mixin.py:137} INFO - [2022-11-29T07:14:12.975+0000] {taskmixin.py:205} WARNING - Dependency <Task(EmailOperator): send_email>, prepare_email already registered for DAG: example_dag_decorator
[2022-11-29T07:14:12.995+0000] {processor.py:766} INFO - DAG(s) dict_keys(['example_dag_decorator']) retrieved from /home/airflow/.local/lib/python3.7/site-packages/airflow/example_dags/example_dag_decorator.py
[2022-11-29T07:14:13.162+0000] {logging_mixin.py:137} INFO - [2022-11-29T07:14:13.161+0000] {dag.py:2585} INFO - Sync 1 DAGs
[2022-11-29T07:14:13.201+0000] {logging_mixin.py:137} INFO - [2022-11-29T07:14:13.201+0000] {dag.py:3340} INFO - Setting next_dagrun for example_dag_decorator to None, run_after=None
[2022-11-29T07:14:13.239+0000] {processor.py:176} INFO - Processing /home/airflow/.local/lib/python3.7/site-packages/airflow/example_dags/example_dag_decorator.py took 0.301 seconds
[2022-11-29T07:14:43.452+0000] {processor.py:154} INFO - Started process (PID=1083) to work on /home/airflow/.local/lib/python3.7/site-packages/airflow/example_dags/example_dag_decorator.py
[2022-11-29T07:14:43.453+0000] {processor.py:756} INFO - Processing file /home/airflow/.local/lib/python3.7/site-packages/airflow/example_dags/example_dag_decorator.py for tasks to queue
[2022-11-29T07:14:43.455+0000] {logging_mixin.py:137} INFO - [2022-11-29T07:14:43.455+0000] {dagbag.py:537} INFO - Filling up the DagBag from /home/airflow/.local/lib/python3.7/site-packages/airflow/example_dags/example_dag_decorator.py
[2022-11-29T07:14:43.482+0000] {logging_mixin.py:137} INFO - [2022-11-29T07:14:43.481+0000] {taskmixin.py:205} WARNING - Dependency <Task(_PythonDecoratedOperator): prepare_email>, send_email already registered for DAG: example_dag_decorator
[2022-11-29T07:14:43.483+0000] {logging_mixin.py:137} INFO - [2022-11-29T07:14:43.483+0000] {taskmixin.py:205} WARNING - Dependency <Task(EmailOperator): send_email>, prepare_email already registered for DAG: example_dag_decorator
[2022-11-29T07:14:43.512+0000] {processor.py:766} INFO - DAG(s) dict_keys(['example_dag_decorator']) retrieved from /home/airflow/.local/lib/python3.7/site-packages/airflow/example_dags/example_dag_decorator.py
[2022-11-29T07:14:43.634+0000] {logging_mixin.py:137} INFO - [2022-11-29T07:14:43.634+0000] {dag.py:2585} INFO - Sync 1 DAGs
[2022-11-29T07:14:43.667+0000] {logging_mixin.py:137} INFO - [2022-11-29T07:14:43.667+0000] {dag.py:3340} INFO - Setting next_dagrun for example_dag_decorator to None, run_after=None
[2022-11-29T07:14:43.694+0000] {processor.py:176} INFO - Processing /home/airflow/.local/lib/python3.7/site-packages/airflow/example_dags/example_dag_decorator.py took 0.249 seconds
[2022-11-29T07:15:14.420+0000] {processor.py:154} INFO - Started process (PID=1146) to work on /home/airflow/.local/lib/python3.7/site-packages/airflow/example_dags/example_dag_decorator.py
[2022-11-29T07:15:14.422+0000] {processor.py:756} INFO - Processing file /home/airflow/.local/lib/python3.7/site-packages/airflow/example_dags/example_dag_decorator.py for tasks to queue
[2022-11-29T07:15:14.424+0000] {logging_mixin.py:137} INFO - [2022-11-29T07:15:14.424+0000] {dagbag.py:537} INFO - Filling up the DagBag from /home/airflow/.local/lib/python3.7/site-packages/airflow/example_dags/example_dag_decorator.py
[2022-11-29T07:15:14.453+0000] {logging_mixin.py:137} INFO - [2022-11-29T07:15:14.452+0000] {taskmixin.py:205} WARNING - Dependency <Task(_PythonDecoratedOperator): prepare_email>, send_email already registered for DAG: example_dag_decorator
[2022-11-29T07:15:14.454+0000] {logging_mixin.py:137} INFO - [2022-11-29T07:15:14.454+0000] {taskmixin.py:205} WARNING - Dependency <Task(EmailOperator): send_email>, prepare_email already registered for DAG: example_dag_decorator
[2022-11-29T07:15:14.474+0000] {processor.py:766} INFO - DAG(s) dict_keys(['example_dag_decorator']) retrieved from /home/airflow/.local/lib/python3.7/site-packages/airflow/example_dags/example_dag_decorator.py
[2022-11-29T07:15:14.598+0000] {logging_mixin.py:137} INFO - [2022-11-29T07:15:14.597+0000] {dag.py:2585} INFO - Sync 1 DAGs
[2022-11-29T07:15:14.632+0000] {logging_mixin.py:137} INFO - [2022-11-29T07:15:14.632+0000] {dag.py:3340} INFO - Setting next_dagrun for example_dag_decorator to None, run_after=None
[2022-11-29T07:15:14.674+0000] {processor.py:176} INFO - Processing /home/airflow/.local/lib/python3.7/site-packages/airflow/example_dags/example_dag_decorator.py took 0.260 seconds
[2022-11-29T07:15:45.080+0000] {processor.py:154} INFO - Started process (PID=1200) to work on /home/airflow/.local/lib/python3.7/site-packages/airflow/example_dags/example_dag_decorator.py
[2022-11-29T07:15:45.083+0000] {processor.py:756} INFO - Processing file /home/airflow/.local/lib/python3.7/site-packages/airflow/example_dags/example_dag_decorator.py for tasks to queue
[2022-11-29T07:15:45.085+0000] {logging_mixin.py:137} INFO - [2022-11-29T07:15:45.085+0000] {dagbag.py:537} INFO - Filling up the DagBag from /home/airflow/.local/lib/python3.7/site-packages/airflow/example_dags/example_dag_decorator.py
[2022-11-29T07:15:45.113+0000] {logging_mixin.py:137} INFO - [2022-11-29T07:15:45.112+0000] {taskmixin.py:205} WARNING - Dependency <Task(_PythonDecoratedOperator): prepare_email>, send_email already registered for DAG: example_dag_decorator
[2022-11-29T07:15:45.114+0000] {logging_mixin.py:137} INFO - [2022-11-29T07:15:45.114+0000] {taskmixin.py:205} WARNING - Dependency <Task(EmailOperator): send_email>, prepare_email already registered for DAG: example_dag_decorator
[2022-11-29T07:15:45.143+0000] {processor.py:766} INFO - DAG(s) dict_keys(['example_dag_decorator']) retrieved from /home/airflow/.local/lib/python3.7/site-packages/airflow/example_dags/example_dag_decorator.py
[2022-11-29T07:15:45.306+0000] {logging_mixin.py:137} INFO - [2022-11-29T07:15:45.305+0000] {dag.py:2585} INFO - Sync 1 DAGs
[2022-11-29T07:15:45.357+0000] {logging_mixin.py:137} INFO - [2022-11-29T07:15:45.357+0000] {dag.py:3340} INFO - Setting next_dagrun for example_dag_decorator to None, run_after=None
[2022-11-29T07:15:45.397+0000] {processor.py:176} INFO - Processing /home/airflow/.local/lib/python3.7/site-packages/airflow/example_dags/example_dag_decorator.py took 0.323 seconds
[2022-11-29T07:16:15.804+0000] {processor.py:154} INFO - Started process (PID=1264) to work on /home/airflow/.local/lib/python3.7/site-packages/airflow/example_dags/example_dag_decorator.py
[2022-11-29T07:16:15.809+0000] {processor.py:756} INFO - Processing file /home/airflow/.local/lib/python3.7/site-packages/airflow/example_dags/example_dag_decorator.py for tasks to queue
[2022-11-29T07:16:15.812+0000] {logging_mixin.py:137} INFO - [2022-11-29T07:16:15.812+0000] {dagbag.py:537} INFO - Filling up the DagBag from /home/airflow/.local/lib/python3.7/site-packages/airflow/example_dags/example_dag_decorator.py
[2022-11-29T07:16:15.854+0000] {logging_mixin.py:137} INFO - [2022-11-29T07:16:15.853+0000] {taskmixin.py:205} WARNING - Dependency <Task(_PythonDecoratedOperator): prepare_email>, send_email already registered for DAG: example_dag_decorator
[2022-11-29T07:16:15.856+0000] {logging_mixin.py:137} INFO - [2022-11-29T07:16:15.855+0000] {taskmixin.py:205} WARNING - Dependency <Task(EmailOperator): send_email>, prepare_email already registered for DAG: example_dag_decorator
[2022-11-29T07:16:15.888+0000] {processor.py:766} INFO - DAG(s) dict_keys(['example_dag_decorator']) retrieved from /home/airflow/.local/lib/python3.7/site-packages/airflow/example_dags/example_dag_decorator.py
[2022-11-29T07:16:16.068+0000] {logging_mixin.py:137} INFO - [2022-11-29T07:16:16.068+0000] {dag.py:2585} INFO - Sync 1 DAGs
[2022-11-29T07:16:16.126+0000] {logging_mixin.py:137} INFO - [2022-11-29T07:16:16.126+0000] {dag.py:3340} INFO - Setting next_dagrun for example_dag_decorator to None, run_after=None
[2022-11-29T07:16:16.177+0000] {processor.py:176} INFO - Processing /home/airflow/.local/lib/python3.7/site-packages/airflow/example_dags/example_dag_decorator.py took 0.384 seconds
[2022-11-29T07:16:46.982+0000] {processor.py:154} INFO - Started process (PID=1328) to work on /home/airflow/.local/lib/python3.7/site-packages/airflow/example_dags/example_dag_decorator.py
[2022-11-29T07:16:46.984+0000] {processor.py:756} INFO - Processing file /home/airflow/.local/lib/python3.7/site-packages/airflow/example_dags/example_dag_decorator.py for tasks to queue
[2022-11-29T07:16:46.986+0000] {logging_mixin.py:137} INFO - [2022-11-29T07:16:46.986+0000] {dagbag.py:537} INFO - Filling up the DagBag from /home/airflow/.local/lib/python3.7/site-packages/airflow/example_dags/example_dag_decorator.py
[2022-11-29T07:16:47.013+0000] {logging_mixin.py:137} INFO - [2022-11-29T07:16:47.012+0000] {taskmixin.py:205} WARNING - Dependency <Task(_PythonDecoratedOperator): prepare_email>, send_email already registered for DAG: example_dag_decorator
[2022-11-29T07:16:47.014+0000] {logging_mixin.py:137} INFO - [2022-11-29T07:16:47.014+0000] {taskmixin.py:205} WARNING - Dependency <Task(EmailOperator): send_email>, prepare_email already registered for DAG: example_dag_decorator
[2022-11-29T07:16:47.038+0000] {processor.py:766} INFO - DAG(s) dict_keys(['example_dag_decorator']) retrieved from /home/airflow/.local/lib/python3.7/site-packages/airflow/example_dags/example_dag_decorator.py
[2022-11-29T07:16:47.167+0000] {logging_mixin.py:137} INFO - [2022-11-29T07:16:47.167+0000] {dag.py:2585} INFO - Sync 1 DAGs
[2022-11-29T07:16:47.211+0000] {logging_mixin.py:137} INFO - [2022-11-29T07:16:47.211+0000] {dag.py:3340} INFO - Setting next_dagrun for example_dag_decorator to None, run_after=None
[2022-11-29T07:16:47.253+0000] {processor.py:176} INFO - Processing /home/airflow/.local/lib/python3.7/site-packages/airflow/example_dags/example_dag_decorator.py took 0.276 seconds
[2022-11-29T07:17:17.835+0000] {processor.py:154} INFO - Started process (PID=1382) to work on /home/airflow/.local/lib/python3.7/site-packages/airflow/example_dags/example_dag_decorator.py
[2022-11-29T07:17:17.837+0000] {processor.py:756} INFO - Processing file /home/airflow/.local/lib/python3.7/site-packages/airflow/example_dags/example_dag_decorator.py for tasks to queue
[2022-11-29T07:17:17.839+0000] {logging_mixin.py:137} INFO - [2022-11-29T07:17:17.839+0000] {dagbag.py:537} INFO - Filling up the DagBag from /home/airflow/.local/lib/python3.7/site-packages/airflow/example_dags/example_dag_decorator.py
[2022-11-29T07:17:17.863+0000] {logging_mixin.py:137} INFO - [2022-11-29T07:17:17.863+0000] {taskmixin.py:205} WARNING - Dependency <Task(_PythonDecoratedOperator): prepare_email>, send_email already registered for DAG: example_dag_decorator
[2022-11-29T07:17:17.864+0000] {logging_mixin.py:137} INFO - [2022-11-29T07:17:17.864+0000] {taskmixin.py:205} WARNING - Dependency <Task(EmailOperator): send_email>, prepare_email already registered for DAG: example_dag_decorator
[2022-11-29T07:17:17.882+0000] {processor.py:766} INFO - DAG(s) dict_keys(['example_dag_decorator']) retrieved from /home/airflow/.local/lib/python3.7/site-packages/airflow/example_dags/example_dag_decorator.py
[2022-11-29T07:17:18.023+0000] {logging_mixin.py:137} INFO - [2022-11-29T07:17:18.023+0000] {dag.py:2585} INFO - Sync 1 DAGs
[2022-11-29T07:17:18.072+0000] {logging_mixin.py:137} INFO - [2022-11-29T07:17:18.071+0000] {dag.py:3340} INFO - Setting next_dagrun for example_dag_decorator to None, run_after=None
[2022-11-29T07:17:18.113+0000] {processor.py:176} INFO - Processing /home/airflow/.local/lib/python3.7/site-packages/airflow/example_dags/example_dag_decorator.py took 0.282 seconds
[2022-11-29T07:17:48.459+0000] {processor.py:154} INFO - Started process (PID=1445) to work on /home/airflow/.local/lib/python3.7/site-packages/airflow/example_dags/example_dag_decorator.py
[2022-11-29T07:17:48.461+0000] {processor.py:756} INFO - Processing file /home/airflow/.local/lib/python3.7/site-packages/airflow/example_dags/example_dag_decorator.py for tasks to queue
[2022-11-29T07:17:48.462+0000] {logging_mixin.py:137} INFO - [2022-11-29T07:17:48.462+0000] {dagbag.py:537} INFO - Filling up the DagBag from /home/airflow/.local/lib/python3.7/site-packages/airflow/example_dags/example_dag_decorator.py
[2022-11-29T07:17:48.489+0000] {logging_mixin.py:137} INFO - [2022-11-29T07:17:48.488+0000] {taskmixin.py:205} WARNING - Dependency <Task(_PythonDecoratedOperator): prepare_email>, send_email already registered for DAG: example_dag_decorator
[2022-11-29T07:17:48.490+0000] {logging_mixin.py:137} INFO - [2022-11-29T07:17:48.490+0000] {taskmixin.py:205} WARNING - Dependency <Task(EmailOperator): send_email>, prepare_email already registered for DAG: example_dag_decorator
[2022-11-29T07:17:48.512+0000] {processor.py:766} INFO - DAG(s) dict_keys(['example_dag_decorator']) retrieved from /home/airflow/.local/lib/python3.7/site-packages/airflow/example_dags/example_dag_decorator.py
[2022-11-29T07:17:48.639+0000] {logging_mixin.py:137} INFO - [2022-11-29T07:17:48.639+0000] {dag.py:2585} INFO - Sync 1 DAGs
[2022-11-29T07:17:48.696+0000] {logging_mixin.py:137} INFO - [2022-11-29T07:17:48.696+0000] {dag.py:3340} INFO - Setting next_dagrun for example_dag_decorator to None, run_after=None
[2022-11-29T07:17:48.733+0000] {processor.py:176} INFO - Processing /home/airflow/.local/lib/python3.7/site-packages/airflow/example_dags/example_dag_decorator.py took 0.282 seconds
[2022-11-29T07:18:19.174+0000] {processor.py:154} INFO - Started process (PID=1508) to work on /home/airflow/.local/lib/python3.7/site-packages/airflow/example_dags/example_dag_decorator.py
[2022-11-29T07:18:19.176+0000] {processor.py:756} INFO - Processing file /home/airflow/.local/lib/python3.7/site-packages/airflow/example_dags/example_dag_decorator.py for tasks to queue
[2022-11-29T07:18:19.178+0000] {logging_mixin.py:137} INFO - [2022-11-29T07:18:19.178+0000] {dagbag.py:537} INFO - Filling up the DagBag from /home/airflow/.local/lib/python3.7/site-packages/airflow/example_dags/example_dag_decorator.py
[2022-11-29T07:18:19.209+0000] {logging_mixin.py:137} INFO - [2022-11-29T07:18:19.209+0000] {taskmixin.py:205} WARNING - Dependency <Task(_PythonDecoratedOperator): prepare_email>, send_email already registered for DAG: example_dag_decorator
[2022-11-29T07:18:19.210+0000] {logging_mixin.py:137} INFO - [2022-11-29T07:18:19.210+0000] {taskmixin.py:205} WARNING - Dependency <Task(EmailOperator): send_email>, prepare_email already registered for DAG: example_dag_decorator
[2022-11-29T07:18:19.248+0000] {processor.py:766} INFO - DAG(s) dict_keys(['example_dag_decorator']) retrieved from /home/airflow/.local/lib/python3.7/site-packages/airflow/example_dags/example_dag_decorator.py
[2022-11-29T07:18:19.396+0000] {logging_mixin.py:137} INFO - [2022-11-29T07:18:19.396+0000] {dag.py:2585} INFO - Sync 1 DAGs
[2022-11-29T07:18:19.436+0000] {logging_mixin.py:137} INFO - [2022-11-29T07:18:19.436+0000] {dag.py:3340} INFO - Setting next_dagrun for example_dag_decorator to None, run_after=None
[2022-11-29T07:18:19.477+0000] {processor.py:176} INFO - Processing /home/airflow/.local/lib/python3.7/site-packages/airflow/example_dags/example_dag_decorator.py took 0.308 seconds
[2022-11-29T07:18:49.576+0000] {processor.py:154} INFO - Started process (PID=1562) to work on /home/airflow/.local/lib/python3.7/site-packages/airflow/example_dags/example_dag_decorator.py
[2022-11-29T07:18:49.578+0000] {processor.py:756} INFO - Processing file /home/airflow/.local/lib/python3.7/site-packages/airflow/example_dags/example_dag_decorator.py for tasks to queue
[2022-11-29T07:18:49.580+0000] {logging_mixin.py:137} INFO - [2022-11-29T07:18:49.580+0000] {dagbag.py:537} INFO - Filling up the DagBag from /home/airflow/.local/lib/python3.7/site-packages/airflow/example_dags/example_dag_decorator.py
[2022-11-29T07:18:49.611+0000] {logging_mixin.py:137} INFO - [2022-11-29T07:18:49.610+0000] {taskmixin.py:205} WARNING - Dependency <Task(_PythonDecoratedOperator): prepare_email>, send_email already registered for DAG: example_dag_decorator
[2022-11-29T07:18:49.612+0000] {logging_mixin.py:137} INFO - [2022-11-29T07:18:49.612+0000] {taskmixin.py:205} WARNING - Dependency <Task(EmailOperator): send_email>, prepare_email already registered for DAG: example_dag_decorator
[2022-11-29T07:18:49.642+0000] {processor.py:766} INFO - DAG(s) dict_keys(['example_dag_decorator']) retrieved from /home/airflow/.local/lib/python3.7/site-packages/airflow/example_dags/example_dag_decorator.py
[2022-11-29T07:18:49.873+0000] {logging_mixin.py:137} INFO - [2022-11-29T07:18:49.873+0000] {dag.py:2585} INFO - Sync 1 DAGs
[2022-11-29T07:18:49.943+0000] {logging_mixin.py:137} INFO - [2022-11-29T07:18:49.943+0000] {dag.py:3340} INFO - Setting next_dagrun for example_dag_decorator to None, run_after=None
[2022-11-29T07:18:49.991+0000] {processor.py:176} INFO - Processing /home/airflow/.local/lib/python3.7/site-packages/airflow/example_dags/example_dag_decorator.py took 0.423 seconds
[2022-11-29T07:19:20.562+0000] {processor.py:154} INFO - Started process (PID=1625) to work on /home/airflow/.local/lib/python3.7/site-packages/airflow/example_dags/example_dag_decorator.py
[2022-11-29T07:19:20.564+0000] {processor.py:756} INFO - Processing file /home/airflow/.local/lib/python3.7/site-packages/airflow/example_dags/example_dag_decorator.py for tasks to queue
[2022-11-29T07:19:20.567+0000] {logging_mixin.py:137} INFO - [2022-11-29T07:19:20.566+0000] {dagbag.py:537} INFO - Filling up the DagBag from /home/airflow/.local/lib/python3.7/site-packages/airflow/example_dags/example_dag_decorator.py
[2022-11-29T07:19:20.597+0000] {logging_mixin.py:137} INFO - [2022-11-29T07:19:20.597+0000] {taskmixin.py:205} WARNING - Dependency <Task(_PythonDecoratedOperator): prepare_email>, send_email already registered for DAG: example_dag_decorator
[2022-11-29T07:19:20.598+0000] {logging_mixin.py:137} INFO - [2022-11-29T07:19:20.598+0000] {taskmixin.py:205} WARNING - Dependency <Task(EmailOperator): send_email>, prepare_email already registered for DAG: example_dag_decorator
[2022-11-29T07:19:20.624+0000] {processor.py:766} INFO - DAG(s) dict_keys(['example_dag_decorator']) retrieved from /home/airflow/.local/lib/python3.7/site-packages/airflow/example_dags/example_dag_decorator.py
[2022-11-29T07:19:20.756+0000] {logging_mixin.py:137} INFO - [2022-11-29T07:19:20.756+0000] {dag.py:2585} INFO - Sync 1 DAGs
[2022-11-29T07:19:20.809+0000] {logging_mixin.py:137} INFO - [2022-11-29T07:19:20.809+0000] {dag.py:3340} INFO - Setting next_dagrun for example_dag_decorator to None, run_after=None
[2022-11-29T07:19:20.841+0000] {processor.py:176} INFO - Processing /home/airflow/.local/lib/python3.7/site-packages/airflow/example_dags/example_dag_decorator.py took 0.286 seconds
[2022-11-29T07:19:51.440+0000] {processor.py:154} INFO - Started process (PID=1687) to work on /home/airflow/.local/lib/python3.7/site-packages/airflow/example_dags/example_dag_decorator.py
[2022-11-29T07:19:51.444+0000] {processor.py:756} INFO - Processing file /home/airflow/.local/lib/python3.7/site-packages/airflow/example_dags/example_dag_decorator.py for tasks to queue
[2022-11-29T07:19:51.447+0000] {logging_mixin.py:137} INFO - [2022-11-29T07:19:51.446+0000] {dagbag.py:537} INFO - Filling up the DagBag from /home/airflow/.local/lib/python3.7/site-packages/airflow/example_dags/example_dag_decorator.py
[2022-11-29T07:19:51.504+0000] {logging_mixin.py:137} INFO - [2022-11-29T07:19:51.504+0000] {taskmixin.py:205} WARNING - Dependency <Task(_PythonDecoratedOperator): prepare_email>, send_email already registered for DAG: example_dag_decorator
[2022-11-29T07:19:51.507+0000] {logging_mixin.py:137} INFO - [2022-11-29T07:19:51.506+0000] {taskmixin.py:205} WARNING - Dependency <Task(EmailOperator): send_email>, prepare_email already registered for DAG: example_dag_decorator
[2022-11-29T07:19:51.561+0000] {processor.py:766} INFO - DAG(s) dict_keys(['example_dag_decorator']) retrieved from /home/airflow/.local/lib/python3.7/site-packages/airflow/example_dags/example_dag_decorator.py
[2022-11-29T07:19:51.937+0000] {logging_mixin.py:137} INFO - [2022-11-29T07:19:51.937+0000] {dag.py:2585} INFO - Sync 1 DAGs
[2022-11-29T07:19:51.979+0000] {logging_mixin.py:137} INFO - [2022-11-29T07:19:51.979+0000] {dag.py:3340} INFO - Setting next_dagrun for example_dag_decorator to None, run_after=None
[2022-11-29T07:19:52.020+0000] {processor.py:176} INFO - Processing /home/airflow/.local/lib/python3.7/site-packages/airflow/example_dags/example_dag_decorator.py took 0.598 seconds
