[2022-11-29T06:27:18.724+0000] {processor.py:154} INFO - Started process (PID=59) to work on /home/airflow/.local/lib/python3.7/site-packages/airflow/example_dags/example_short_circuit_operator.py
[2022-11-29T06:27:18.727+0000] {processor.py:756} INFO - Processing file /home/airflow/.local/lib/python3.7/site-packages/airflow/example_dags/example_short_circuit_operator.py for tasks to queue
[2022-11-29T06:27:18.729+0000] {logging_mixin.py:137} INFO - [2022-11-29T06:27:18.728+0000] {dagbag.py:537} INFO - Filling up the DagBag from /home/airflow/.local/lib/python3.7/site-packages/airflow/example_dags/example_short_circuit_operator.py
[2022-11-29T06:27:18.764+0000] {processor.py:766} INFO - DAG(s) dict_keys(['example_short_circuit_operator']) retrieved from /home/airflow/.local/lib/python3.7/site-packages/airflow/example_dags/example_short_circuit_operator.py
[2022-11-29T06:27:18.982+0000] {logging_mixin.py:137} INFO - [2022-11-29T06:27:18.981+0000] {manager.py:507} INFO - Created Permission View: can delete on DAG:example_short_circuit_operator
[2022-11-29T06:27:18.998+0000] {logging_mixin.py:137} INFO - [2022-11-29T06:27:18.998+0000] {manager.py:507} INFO - Created Permission View: can read on DAG:example_short_circuit_operator
[2022-11-29T06:27:19.025+0000] {logging_mixin.py:137} INFO - [2022-11-29T06:27:19.025+0000] {manager.py:507} INFO - Created Permission View: can edit on DAG:example_short_circuit_operator
[2022-11-29T06:27:19.027+0000] {logging_mixin.py:137} INFO - [2022-11-29T06:27:19.027+0000] {dag.py:2585} INFO - Sync 1 DAGs
[2022-11-29T06:27:19.047+0000] {logging_mixin.py:137} INFO - [2022-11-29T06:27:19.047+0000] {dag.py:2606} INFO - Creating ORM DAG for example_short_circuit_operator
[2022-11-29T06:27:19.068+0000] {logging_mixin.py:137} INFO - [2022-11-29T06:27:19.068+0000] {dag.py:3340} INFO - Setting next_dagrun for example_short_circuit_operator to 2022-11-28T06:27:19.068038+00:00, run_after=2022-11-29T06:27:19.068038+00:00
[2022-11-29T06:27:19.101+0000] {processor.py:176} INFO - Processing /home/airflow/.local/lib/python3.7/site-packages/airflow/example_dags/example_short_circuit_operator.py took 0.384 seconds
[2022-11-29T06:27:49.634+0000] {processor.py:154} INFO - Started process (PID=122) to work on /home/airflow/.local/lib/python3.7/site-packages/airflow/example_dags/example_short_circuit_operator.py
[2022-11-29T06:27:49.637+0000] {processor.py:756} INFO - Processing file /home/airflow/.local/lib/python3.7/site-packages/airflow/example_dags/example_short_circuit_operator.py for tasks to queue
[2022-11-29T06:27:49.639+0000] {logging_mixin.py:137} INFO - [2022-11-29T06:27:49.639+0000] {dagbag.py:537} INFO - Filling up the DagBag from /home/airflow/.local/lib/python3.7/site-packages/airflow/example_dags/example_short_circuit_operator.py
[2022-11-29T06:27:49.668+0000] {processor.py:766} INFO - DAG(s) dict_keys(['example_short_circuit_operator']) retrieved from /home/airflow/.local/lib/python3.7/site-packages/airflow/example_dags/example_short_circuit_operator.py
[2022-11-29T06:27:49.741+0000] {logging_mixin.py:137} INFO - [2022-11-29T06:27:49.740+0000] {dag.py:2585} INFO - Sync 1 DAGs
[2022-11-29T06:27:49.782+0000] {logging_mixin.py:137} INFO - [2022-11-29T06:27:49.782+0000] {dag.py:3340} INFO - Setting next_dagrun for example_short_circuit_operator to 2022-11-28T06:27:49.782333+00:00, run_after=2022-11-29T06:27:49.782333+00:00
[2022-11-29T06:27:49.814+0000] {processor.py:176} INFO - Processing /home/airflow/.local/lib/python3.7/site-packages/airflow/example_dags/example_short_circuit_operator.py took 0.186 seconds
[2022-11-29T06:28:19.902+0000] {processor.py:154} INFO - Started process (PID=178) to work on /home/airflow/.local/lib/python3.7/site-packages/airflow/example_dags/example_short_circuit_operator.py
[2022-11-29T06:28:19.903+0000] {processor.py:756} INFO - Processing file /home/airflow/.local/lib/python3.7/site-packages/airflow/example_dags/example_short_circuit_operator.py for tasks to queue
[2022-11-29T06:28:19.905+0000] {logging_mixin.py:137} INFO - [2022-11-29T06:28:19.905+0000] {dagbag.py:537} INFO - Filling up the DagBag from /home/airflow/.local/lib/python3.7/site-packages/airflow/example_dags/example_short_circuit_operator.py
[2022-11-29T06:28:19.931+0000] {processor.py:766} INFO - DAG(s) dict_keys(['example_short_circuit_operator']) retrieved from /home/airflow/.local/lib/python3.7/site-packages/airflow/example_dags/example_short_circuit_operator.py
[2022-11-29T06:28:19.997+0000] {logging_mixin.py:137} INFO - [2022-11-29T06:28:19.997+0000] {dag.py:2585} INFO - Sync 1 DAGs
[2022-11-29T06:28:20.037+0000] {logging_mixin.py:137} INFO - [2022-11-29T06:28:20.037+0000] {dag.py:3340} INFO - Setting next_dagrun for example_short_circuit_operator to 2022-11-28T06:28:20.037361+00:00, run_after=2022-11-29T06:28:20.037361+00:00
[2022-11-29T06:28:20.068+0000] {processor.py:176} INFO - Processing /home/airflow/.local/lib/python3.7/site-packages/airflow/example_dags/example_short_circuit_operator.py took 0.172 seconds
[2022-11-29T06:28:50.807+0000] {processor.py:154} INFO - Started process (PID=241) to work on /home/airflow/.local/lib/python3.7/site-packages/airflow/example_dags/example_short_circuit_operator.py
[2022-11-29T06:28:50.809+0000] {processor.py:756} INFO - Processing file /home/airflow/.local/lib/python3.7/site-packages/airflow/example_dags/example_short_circuit_operator.py for tasks to queue
[2022-11-29T06:28:50.811+0000] {logging_mixin.py:137} INFO - [2022-11-29T06:28:50.810+0000] {dagbag.py:537} INFO - Filling up the DagBag from /home/airflow/.local/lib/python3.7/site-packages/airflow/example_dags/example_short_circuit_operator.py
[2022-11-29T06:28:50.837+0000] {processor.py:766} INFO - DAG(s) dict_keys(['example_short_circuit_operator']) retrieved from /home/airflow/.local/lib/python3.7/site-packages/airflow/example_dags/example_short_circuit_operator.py
[2022-11-29T06:28:50.898+0000] {logging_mixin.py:137} INFO - [2022-11-29T06:28:50.897+0000] {dag.py:2585} INFO - Sync 1 DAGs
[2022-11-29T06:28:50.935+0000] {logging_mixin.py:137} INFO - [2022-11-29T06:28:50.935+0000] {dag.py:3340} INFO - Setting next_dagrun for example_short_circuit_operator to 2022-11-28T06:28:50.935419+00:00, run_after=2022-11-29T06:28:50.935419+00:00
[2022-11-29T06:28:50.961+0000] {processor.py:176} INFO - Processing /home/airflow/.local/lib/python3.7/site-packages/airflow/example_dags/example_short_circuit_operator.py took 0.159 seconds
[2022-11-29T06:31:43.439+0000] {processor.py:154} INFO - Started process (PID=62) to work on /home/airflow/.local/lib/python3.7/site-packages/airflow/example_dags/example_short_circuit_operator.py
[2022-11-29T06:31:43.442+0000] {processor.py:756} INFO - Processing file /home/airflow/.local/lib/python3.7/site-packages/airflow/example_dags/example_short_circuit_operator.py for tasks to queue
[2022-11-29T06:31:43.447+0000] {logging_mixin.py:137} INFO - [2022-11-29T06:31:43.446+0000] {dagbag.py:537} INFO - Filling up the DagBag from /home/airflow/.local/lib/python3.7/site-packages/airflow/example_dags/example_short_circuit_operator.py
[2022-11-29T06:31:43.500+0000] {processor.py:766} INFO - DAG(s) dict_keys(['example_short_circuit_operator']) retrieved from /home/airflow/.local/lib/python3.7/site-packages/airflow/example_dags/example_short_circuit_operator.py
[2022-11-29T06:31:43.554+0000] {logging_mixin.py:137} INFO - [2022-11-29T06:31:43.553+0000] {dag.py:2585} INFO - Sync 1 DAGs
[2022-11-29T06:31:43.596+0000] {logging_mixin.py:137} INFO - [2022-11-29T06:31:43.596+0000] {dag.py:3340} INFO - Setting next_dagrun for example_short_circuit_operator to 2022-11-28T06:31:43.596359+00:00, run_after=2022-11-29T06:31:43.596359+00:00
[2022-11-29T06:31:43.634+0000] {processor.py:176} INFO - Processing /home/airflow/.local/lib/python3.7/site-packages/airflow/example_dags/example_short_circuit_operator.py took 0.213 seconds
[2022-11-29T06:32:14.727+0000] {processor.py:154} INFO - Started process (PID=122) to work on /home/airflow/.local/lib/python3.7/site-packages/airflow/example_dags/example_short_circuit_operator.py
[2022-11-29T06:32:14.729+0000] {processor.py:756} INFO - Processing file /home/airflow/.local/lib/python3.7/site-packages/airflow/example_dags/example_short_circuit_operator.py for tasks to queue
[2022-11-29T06:32:14.734+0000] {logging_mixin.py:137} INFO - [2022-11-29T06:32:14.733+0000] {dagbag.py:537} INFO - Filling up the DagBag from /home/airflow/.local/lib/python3.7/site-packages/airflow/example_dags/example_short_circuit_operator.py
[2022-11-29T06:32:14.773+0000] {processor.py:766} INFO - DAG(s) dict_keys(['example_short_circuit_operator']) retrieved from /home/airflow/.local/lib/python3.7/site-packages/airflow/example_dags/example_short_circuit_operator.py
[2022-11-29T06:32:14.848+0000] {logging_mixin.py:137} INFO - [2022-11-29T06:32:14.848+0000] {dag.py:2585} INFO - Sync 1 DAGs
[2022-11-29T06:32:14.924+0000] {logging_mixin.py:137} INFO - [2022-11-29T06:32:14.924+0000] {dag.py:3340} INFO - Setting next_dagrun for example_short_circuit_operator to 2022-11-28T06:32:14.923735+00:00, run_after=2022-11-29T06:32:14.923735+00:00
[2022-11-29T06:32:14.959+0000] {processor.py:176} INFO - Processing /home/airflow/.local/lib/python3.7/site-packages/airflow/example_dags/example_short_circuit_operator.py took 0.243 seconds
[2022-11-29T06:32:45.052+0000] {processor.py:154} INFO - Started process (PID=179) to work on /home/airflow/.local/lib/python3.7/site-packages/airflow/example_dags/example_short_circuit_operator.py
[2022-11-29T06:32:45.054+0000] {processor.py:756} INFO - Processing file /home/airflow/.local/lib/python3.7/site-packages/airflow/example_dags/example_short_circuit_operator.py for tasks to queue
[2022-11-29T06:32:45.056+0000] {logging_mixin.py:137} INFO - [2022-11-29T06:32:45.055+0000] {dagbag.py:537} INFO - Filling up the DagBag from /home/airflow/.local/lib/python3.7/site-packages/airflow/example_dags/example_short_circuit_operator.py
[2022-11-29T06:32:45.086+0000] {processor.py:766} INFO - DAG(s) dict_keys(['example_short_circuit_operator']) retrieved from /home/airflow/.local/lib/python3.7/site-packages/airflow/example_dags/example_short_circuit_operator.py
[2022-11-29T06:32:45.153+0000] {logging_mixin.py:137} INFO - [2022-11-29T06:32:45.153+0000] {dag.py:2585} INFO - Sync 1 DAGs
[2022-11-29T06:32:45.196+0000] {logging_mixin.py:137} INFO - [2022-11-29T06:32:45.196+0000] {dag.py:3340} INFO - Setting next_dagrun for example_short_circuit_operator to 2022-11-28T06:32:45.196231+00:00, run_after=2022-11-29T06:32:45.196231+00:00
[2022-11-29T06:32:45.231+0000] {processor.py:176} INFO - Processing /home/airflow/.local/lib/python3.7/site-packages/airflow/example_dags/example_short_circuit_operator.py took 0.184 seconds
[2022-11-29T06:33:15.884+0000] {processor.py:154} INFO - Started process (PID=242) to work on /home/airflow/.local/lib/python3.7/site-packages/airflow/example_dags/example_short_circuit_operator.py
[2022-11-29T06:33:15.886+0000] {processor.py:756} INFO - Processing file /home/airflow/.local/lib/python3.7/site-packages/airflow/example_dags/example_short_circuit_operator.py for tasks to queue
[2022-11-29T06:33:15.887+0000] {logging_mixin.py:137} INFO - [2022-11-29T06:33:15.887+0000] {dagbag.py:537} INFO - Filling up the DagBag from /home/airflow/.local/lib/python3.7/site-packages/airflow/example_dags/example_short_circuit_operator.py
[2022-11-29T06:33:15.915+0000] {processor.py:766} INFO - DAG(s) dict_keys(['example_short_circuit_operator']) retrieved from /home/airflow/.local/lib/python3.7/site-packages/airflow/example_dags/example_short_circuit_operator.py
[2022-11-29T06:33:15.981+0000] {logging_mixin.py:137} INFO - [2022-11-29T06:33:15.981+0000] {dag.py:2585} INFO - Sync 1 DAGs
[2022-11-29T06:33:16.019+0000] {logging_mixin.py:137} INFO - [2022-11-29T06:33:16.019+0000] {dag.py:3340} INFO - Setting next_dagrun for example_short_circuit_operator to 2022-11-28T06:33:16.018922+00:00, run_after=2022-11-29T06:33:16.018922+00:00
[2022-11-29T06:33:16.049+0000] {processor.py:176} INFO - Processing /home/airflow/.local/lib/python3.7/site-packages/airflow/example_dags/example_short_circuit_operator.py took 0.170 seconds
[2022-11-29T06:33:46.943+0000] {processor.py:154} INFO - Started process (PID=305) to work on /home/airflow/.local/lib/python3.7/site-packages/airflow/example_dags/example_short_circuit_operator.py
[2022-11-29T06:33:46.945+0000] {processor.py:756} INFO - Processing file /home/airflow/.local/lib/python3.7/site-packages/airflow/example_dags/example_short_circuit_operator.py for tasks to queue
[2022-11-29T06:33:46.947+0000] {logging_mixin.py:137} INFO - [2022-11-29T06:33:46.947+0000] {dagbag.py:537} INFO - Filling up the DagBag from /home/airflow/.local/lib/python3.7/site-packages/airflow/example_dags/example_short_circuit_operator.py
[2022-11-29T06:33:46.973+0000] {processor.py:766} INFO - DAG(s) dict_keys(['example_short_circuit_operator']) retrieved from /home/airflow/.local/lib/python3.7/site-packages/airflow/example_dags/example_short_circuit_operator.py
[2022-11-29T06:33:47.042+0000] {logging_mixin.py:137} INFO - [2022-11-29T06:33:47.042+0000] {dag.py:2585} INFO - Sync 1 DAGs
[2022-11-29T06:33:47.076+0000] {logging_mixin.py:137} INFO - [2022-11-29T06:33:47.075+0000] {dag.py:3340} INFO - Setting next_dagrun for example_short_circuit_operator to 2022-11-28T06:33:47.075498+00:00, run_after=2022-11-29T06:33:47.075498+00:00
[2022-11-29T06:33:47.101+0000] {processor.py:176} INFO - Processing /home/airflow/.local/lib/python3.7/site-packages/airflow/example_dags/example_short_circuit_operator.py took 0.163 seconds
[2022-11-29T06:52:57.382+0000] {processor.py:154} INFO - Started process (PID=63) to work on /home/airflow/.local/lib/python3.7/site-packages/airflow/example_dags/example_short_circuit_operator.py
[2022-11-29T06:52:57.385+0000] {processor.py:756} INFO - Processing file /home/airflow/.local/lib/python3.7/site-packages/airflow/example_dags/example_short_circuit_operator.py for tasks to queue
[2022-11-29T06:52:57.386+0000] {logging_mixin.py:137} INFO - [2022-11-29T06:52:57.386+0000] {dagbag.py:537} INFO - Filling up the DagBag from /home/airflow/.local/lib/python3.7/site-packages/airflow/example_dags/example_short_circuit_operator.py
[2022-11-29T06:52:57.416+0000] {processor.py:766} INFO - DAG(s) dict_keys(['example_short_circuit_operator']) retrieved from /home/airflow/.local/lib/python3.7/site-packages/airflow/example_dags/example_short_circuit_operator.py
[2022-11-29T06:52:57.454+0000] {logging_mixin.py:137} INFO - [2022-11-29T06:52:57.454+0000] {dag.py:2585} INFO - Sync 1 DAGs
[2022-11-29T06:52:57.505+0000] {logging_mixin.py:137} INFO - [2022-11-29T06:52:57.505+0000] {dag.py:3340} INFO - Setting next_dagrun for example_short_circuit_operator to 2022-11-28T06:52:57.504781+00:00, run_after=2022-11-29T06:52:57.504781+00:00
[2022-11-29T06:52:57.535+0000] {processor.py:176} INFO - Processing /home/airflow/.local/lib/python3.7/site-packages/airflow/example_dags/example_short_circuit_operator.py took 0.159 seconds
[2022-11-29T06:53:27.682+0000] {processor.py:154} INFO - Started process (PID=118) to work on /home/airflow/.local/lib/python3.7/site-packages/airflow/example_dags/example_short_circuit_operator.py
[2022-11-29T06:53:27.685+0000] {processor.py:756} INFO - Processing file /home/airflow/.local/lib/python3.7/site-packages/airflow/example_dags/example_short_circuit_operator.py for tasks to queue
[2022-11-29T06:53:27.687+0000] {logging_mixin.py:137} INFO - [2022-11-29T06:53:27.687+0000] {dagbag.py:537} INFO - Filling up the DagBag from /home/airflow/.local/lib/python3.7/site-packages/airflow/example_dags/example_short_circuit_operator.py
[2022-11-29T06:53:27.723+0000] {processor.py:766} INFO - DAG(s) dict_keys(['example_short_circuit_operator']) retrieved from /home/airflow/.local/lib/python3.7/site-packages/airflow/example_dags/example_short_circuit_operator.py
[2022-11-29T06:53:27.825+0000] {logging_mixin.py:137} INFO - [2022-11-29T06:53:27.825+0000] {dag.py:2585} INFO - Sync 1 DAGs
[2022-11-29T06:53:27.892+0000] {logging_mixin.py:137} INFO - [2022-11-29T06:53:27.892+0000] {dag.py:3340} INFO - Setting next_dagrun for example_short_circuit_operator to 2022-11-28T06:53:27.890975+00:00, run_after=2022-11-29T06:53:27.890975+00:00
[2022-11-29T06:53:27.949+0000] {processor.py:176} INFO - Processing /home/airflow/.local/lib/python3.7/site-packages/airflow/example_dags/example_short_circuit_operator.py took 0.277 seconds
[2022-11-29T06:53:58.945+0000] {processor.py:154} INFO - Started process (PID=183) to work on /home/airflow/.local/lib/python3.7/site-packages/airflow/example_dags/example_short_circuit_operator.py
[2022-11-29T06:53:58.949+0000] {processor.py:756} INFO - Processing file /home/airflow/.local/lib/python3.7/site-packages/airflow/example_dags/example_short_circuit_operator.py for tasks to queue
[2022-11-29T06:53:58.952+0000] {logging_mixin.py:137} INFO - [2022-11-29T06:53:58.952+0000] {dagbag.py:537} INFO - Filling up the DagBag from /home/airflow/.local/lib/python3.7/site-packages/airflow/example_dags/example_short_circuit_operator.py
[2022-11-29T06:53:58.991+0000] {processor.py:766} INFO - DAG(s) dict_keys(['example_short_circuit_operator']) retrieved from /home/airflow/.local/lib/python3.7/site-packages/airflow/example_dags/example_short_circuit_operator.py
[2022-11-29T06:53:59.081+0000] {logging_mixin.py:137} INFO - [2022-11-29T06:53:59.080+0000] {dag.py:2585} INFO - Sync 1 DAGs
[2022-11-29T06:53:59.138+0000] {logging_mixin.py:137} INFO - [2022-11-29T06:53:59.138+0000] {dag.py:3340} INFO - Setting next_dagrun for example_short_circuit_operator to 2022-11-28T06:53:59.138018+00:00, run_after=2022-11-29T06:53:59.138018+00:00
[2022-11-29T06:53:59.201+0000] {processor.py:176} INFO - Processing /home/airflow/.local/lib/python3.7/site-packages/airflow/example_dags/example_short_circuit_operator.py took 0.264 seconds
[2022-11-29T06:54:29.422+0000] {processor.py:154} INFO - Started process (PID=246) to work on /home/airflow/.local/lib/python3.7/site-packages/airflow/example_dags/example_short_circuit_operator.py
[2022-11-29T06:54:29.431+0000] {processor.py:756} INFO - Processing file /home/airflow/.local/lib/python3.7/site-packages/airflow/example_dags/example_short_circuit_operator.py for tasks to queue
[2022-11-29T06:54:29.433+0000] {logging_mixin.py:137} INFO - [2022-11-29T06:54:29.433+0000] {dagbag.py:537} INFO - Filling up the DagBag from /home/airflow/.local/lib/python3.7/site-packages/airflow/example_dags/example_short_circuit_operator.py
[2022-11-29T06:54:29.462+0000] {processor.py:766} INFO - DAG(s) dict_keys(['example_short_circuit_operator']) retrieved from /home/airflow/.local/lib/python3.7/site-packages/airflow/example_dags/example_short_circuit_operator.py
[2022-11-29T06:54:29.534+0000] {logging_mixin.py:137} INFO - [2022-11-29T06:54:29.534+0000] {dag.py:2585} INFO - Sync 1 DAGs
[2022-11-29T06:54:29.575+0000] {logging_mixin.py:137} INFO - [2022-11-29T06:54:29.575+0000] {dag.py:3340} INFO - Setting next_dagrun for example_short_circuit_operator to 2022-11-28T06:54:29.574695+00:00, run_after=2022-11-29T06:54:29.574695+00:00
[2022-11-29T06:54:29.611+0000] {processor.py:176} INFO - Processing /home/airflow/.local/lib/python3.7/site-packages/airflow/example_dags/example_short_circuit_operator.py took 0.195 seconds
[2022-11-29T06:54:59.891+0000] {processor.py:154} INFO - Started process (PID=300) to work on /home/airflow/.local/lib/python3.7/site-packages/airflow/example_dags/example_short_circuit_operator.py
[2022-11-29T06:54:59.893+0000] {processor.py:756} INFO - Processing file /home/airflow/.local/lib/python3.7/site-packages/airflow/example_dags/example_short_circuit_operator.py for tasks to queue
[2022-11-29T06:54:59.894+0000] {logging_mixin.py:137} INFO - [2022-11-29T06:54:59.894+0000] {dagbag.py:537} INFO - Filling up the DagBag from /home/airflow/.local/lib/python3.7/site-packages/airflow/example_dags/example_short_circuit_operator.py
[2022-11-29T06:54:59.919+0000] {processor.py:766} INFO - DAG(s) dict_keys(['example_short_circuit_operator']) retrieved from /home/airflow/.local/lib/python3.7/site-packages/airflow/example_dags/example_short_circuit_operator.py
[2022-11-29T06:54:59.983+0000] {logging_mixin.py:137} INFO - [2022-11-29T06:54:59.983+0000] {dag.py:2585} INFO - Sync 1 DAGs
[2022-11-29T06:55:00.031+0000] {logging_mixin.py:137} INFO - [2022-11-29T06:55:00.031+0000] {dag.py:3340} INFO - Setting next_dagrun for example_short_circuit_operator to 2022-11-28T06:55:00.031124+00:00, run_after=2022-11-29T06:55:00.031124+00:00
[2022-11-29T06:55:00.063+0000] {processor.py:176} INFO - Processing /home/airflow/.local/lib/python3.7/site-packages/airflow/example_dags/example_short_circuit_operator.py took 0.177 seconds
[2022-11-29T06:55:30.828+0000] {processor.py:154} INFO - Started process (PID=362) to work on /home/airflow/.local/lib/python3.7/site-packages/airflow/example_dags/example_short_circuit_operator.py
[2022-11-29T06:55:30.830+0000] {processor.py:756} INFO - Processing file /home/airflow/.local/lib/python3.7/site-packages/airflow/example_dags/example_short_circuit_operator.py for tasks to queue
[2022-11-29T06:55:30.833+0000] {logging_mixin.py:137} INFO - [2022-11-29T06:55:30.833+0000] {dagbag.py:537} INFO - Filling up the DagBag from /home/airflow/.local/lib/python3.7/site-packages/airflow/example_dags/example_short_circuit_operator.py
[2022-11-29T06:55:30.870+0000] {processor.py:766} INFO - DAG(s) dict_keys(['example_short_circuit_operator']) retrieved from /home/airflow/.local/lib/python3.7/site-packages/airflow/example_dags/example_short_circuit_operator.py
[2022-11-29T06:55:30.946+0000] {logging_mixin.py:137} INFO - [2022-11-29T06:55:30.946+0000] {dag.py:2585} INFO - Sync 1 DAGs
[2022-11-29T06:55:30.995+0000] {logging_mixin.py:137} INFO - [2022-11-29T06:55:30.995+0000] {dag.py:3340} INFO - Setting next_dagrun for example_short_circuit_operator to 2022-11-28T06:55:30.995142+00:00, run_after=2022-11-29T06:55:30.995142+00:00
[2022-11-29T06:55:31.036+0000] {processor.py:176} INFO - Processing /home/airflow/.local/lib/python3.7/site-packages/airflow/example_dags/example_short_circuit_operator.py took 0.215 seconds
[2022-11-29T06:56:01.328+0000] {processor.py:154} INFO - Started process (PID=425) to work on /home/airflow/.local/lib/python3.7/site-packages/airflow/example_dags/example_short_circuit_operator.py
[2022-11-29T06:56:01.330+0000] {processor.py:756} INFO - Processing file /home/airflow/.local/lib/python3.7/site-packages/airflow/example_dags/example_short_circuit_operator.py for tasks to queue
[2022-11-29T06:56:01.332+0000] {logging_mixin.py:137} INFO - [2022-11-29T06:56:01.332+0000] {dagbag.py:537} INFO - Filling up the DagBag from /home/airflow/.local/lib/python3.7/site-packages/airflow/example_dags/example_short_circuit_operator.py
[2022-11-29T06:56:01.373+0000] {processor.py:766} INFO - DAG(s) dict_keys(['example_short_circuit_operator']) retrieved from /home/airflow/.local/lib/python3.7/site-packages/airflow/example_dags/example_short_circuit_operator.py
[2022-11-29T06:56:01.570+0000] {logging_mixin.py:137} INFO - [2022-11-29T06:56:01.570+0000] {dag.py:2585} INFO - Sync 1 DAGs
[2022-11-29T06:56:01.702+0000] {logging_mixin.py:137} INFO - [2022-11-29T06:56:01.701+0000] {dag.py:3340} INFO - Setting next_dagrun for example_short_circuit_operator to 2022-11-28T06:56:01.699460+00:00, run_after=2022-11-29T06:56:01.699460+00:00
[2022-11-29T06:56:01.757+0000] {processor.py:176} INFO - Processing /home/airflow/.local/lib/python3.7/site-packages/airflow/example_dags/example_short_circuit_operator.py took 0.434 seconds
[2022-11-29T07:01:51.217+0000] {processor.py:154} INFO - Started process (PID=61) to work on /home/airflow/.local/lib/python3.7/site-packages/airflow/example_dags/example_short_circuit_operator.py
[2022-11-29T07:01:51.221+0000] {processor.py:756} INFO - Processing file /home/airflow/.local/lib/python3.7/site-packages/airflow/example_dags/example_short_circuit_operator.py for tasks to queue
[2022-11-29T07:01:51.225+0000] {logging_mixin.py:137} INFO - [2022-11-29T07:01:51.224+0000] {dagbag.py:537} INFO - Filling up the DagBag from /home/airflow/.local/lib/python3.7/site-packages/airflow/example_dags/example_short_circuit_operator.py
[2022-11-29T07:01:51.282+0000] {processor.py:766} INFO - DAG(s) dict_keys(['example_short_circuit_operator']) retrieved from /home/airflow/.local/lib/python3.7/site-packages/airflow/example_dags/example_short_circuit_operator.py
[2022-11-29T07:01:51.349+0000] {logging_mixin.py:137} INFO - [2022-11-29T07:01:51.349+0000] {dag.py:2585} INFO - Sync 1 DAGs
[2022-11-29T07:01:51.430+0000] {logging_mixin.py:137} INFO - [2022-11-29T07:01:51.430+0000] {dag.py:3340} INFO - Setting next_dagrun for example_short_circuit_operator to 2022-11-28T07:01:51.429986+00:00, run_after=2022-11-29T07:01:51.429986+00:00
[2022-11-29T07:01:51.474+0000] {processor.py:176} INFO - Processing /home/airflow/.local/lib/python3.7/site-packages/airflow/example_dags/example_short_circuit_operator.py took 0.268 seconds
[2022-11-29T07:02:22.120+0000] {processor.py:154} INFO - Started process (PID=124) to work on /home/airflow/.local/lib/python3.7/site-packages/airflow/example_dags/example_short_circuit_operator.py
[2022-11-29T07:02:22.122+0000] {processor.py:756} INFO - Processing file /home/airflow/.local/lib/python3.7/site-packages/airflow/example_dags/example_short_circuit_operator.py for tasks to queue
[2022-11-29T07:02:22.124+0000] {logging_mixin.py:137} INFO - [2022-11-29T07:02:22.124+0000] {dagbag.py:537} INFO - Filling up the DagBag from /home/airflow/.local/lib/python3.7/site-packages/airflow/example_dags/example_short_circuit_operator.py
[2022-11-29T07:02:22.152+0000] {processor.py:766} INFO - DAG(s) dict_keys(['example_short_circuit_operator']) retrieved from /home/airflow/.local/lib/python3.7/site-packages/airflow/example_dags/example_short_circuit_operator.py
[2022-11-29T07:02:22.226+0000] {logging_mixin.py:137} INFO - [2022-11-29T07:02:22.225+0000] {dag.py:2585} INFO - Sync 1 DAGs
[2022-11-29T07:02:22.265+0000] {logging_mixin.py:137} INFO - [2022-11-29T07:02:22.265+0000] {dag.py:3340} INFO - Setting next_dagrun for example_short_circuit_operator to 2022-11-28T07:02:22.264779+00:00, run_after=2022-11-29T07:02:22.264779+00:00
[2022-11-29T07:02:22.300+0000] {processor.py:176} INFO - Processing /home/airflow/.local/lib/python3.7/site-packages/airflow/example_dags/example_short_circuit_operator.py took 0.187 seconds
[2022-11-29T07:02:52.351+0000] {processor.py:154} INFO - Started process (PID=178) to work on /home/airflow/.local/lib/python3.7/site-packages/airflow/example_dags/example_short_circuit_operator.py
[2022-11-29T07:02:52.353+0000] {processor.py:756} INFO - Processing file /home/airflow/.local/lib/python3.7/site-packages/airflow/example_dags/example_short_circuit_operator.py for tasks to queue
[2022-11-29T07:02:52.355+0000] {logging_mixin.py:137} INFO - [2022-11-29T07:02:52.354+0000] {dagbag.py:537} INFO - Filling up the DagBag from /home/airflow/.local/lib/python3.7/site-packages/airflow/example_dags/example_short_circuit_operator.py
[2022-11-29T07:02:52.389+0000] {processor.py:766} INFO - DAG(s) dict_keys(['example_short_circuit_operator']) retrieved from /home/airflow/.local/lib/python3.7/site-packages/airflow/example_dags/example_short_circuit_operator.py
[2022-11-29T07:02:52.477+0000] {logging_mixin.py:137} INFO - [2022-11-29T07:02:52.477+0000] {dag.py:2585} INFO - Sync 1 DAGs
[2022-11-29T07:02:52.531+0000] {logging_mixin.py:137} INFO - [2022-11-29T07:02:52.531+0000] {dag.py:3340} INFO - Setting next_dagrun for example_short_circuit_operator to 2022-11-28T07:02:52.530975+00:00, run_after=2022-11-29T07:02:52.530975+00:00
[2022-11-29T07:02:52.559+0000] {processor.py:176} INFO - Processing /home/airflow/.local/lib/python3.7/site-packages/airflow/example_dags/example_short_circuit_operator.py took 0.214 seconds
[2022-11-29T07:03:23.341+0000] {processor.py:154} INFO - Started process (PID=242) to work on /home/airflow/.local/lib/python3.7/site-packages/airflow/example_dags/example_short_circuit_operator.py
[2022-11-29T07:03:23.344+0000] {processor.py:756} INFO - Processing file /home/airflow/.local/lib/python3.7/site-packages/airflow/example_dags/example_short_circuit_operator.py for tasks to queue
[2022-11-29T07:03:23.346+0000] {logging_mixin.py:137} INFO - [2022-11-29T07:03:23.346+0000] {dagbag.py:537} INFO - Filling up the DagBag from /home/airflow/.local/lib/python3.7/site-packages/airflow/example_dags/example_short_circuit_operator.py
[2022-11-29T07:03:23.377+0000] {processor.py:766} INFO - DAG(s) dict_keys(['example_short_circuit_operator']) retrieved from /home/airflow/.local/lib/python3.7/site-packages/airflow/example_dags/example_short_circuit_operator.py
[2022-11-29T07:03:23.459+0000] {logging_mixin.py:137} INFO - [2022-11-29T07:03:23.459+0000] {dag.py:2585} INFO - Sync 1 DAGs
[2022-11-29T07:03:23.506+0000] {logging_mixin.py:137} INFO - [2022-11-29T07:03:23.505+0000] {dag.py:3340} INFO - Setting next_dagrun for example_short_circuit_operator to 2022-11-28T07:03:23.504780+00:00, run_after=2022-11-29T07:03:23.504780+00:00
[2022-11-29T07:03:23.536+0000] {processor.py:176} INFO - Processing /home/airflow/.local/lib/python3.7/site-packages/airflow/example_dags/example_short_circuit_operator.py took 0.202 seconds
[2022-11-29T07:03:54.181+0000] {processor.py:154} INFO - Started process (PID=305) to work on /home/airflow/.local/lib/python3.7/site-packages/airflow/example_dags/example_short_circuit_operator.py
[2022-11-29T07:03:54.185+0000] {processor.py:756} INFO - Processing file /home/airflow/.local/lib/python3.7/site-packages/airflow/example_dags/example_short_circuit_operator.py for tasks to queue
[2022-11-29T07:03:54.188+0000] {logging_mixin.py:137} INFO - [2022-11-29T07:03:54.187+0000] {dagbag.py:537} INFO - Filling up the DagBag from /home/airflow/.local/lib/python3.7/site-packages/airflow/example_dags/example_short_circuit_operator.py
[2022-11-29T07:03:54.218+0000] {processor.py:766} INFO - DAG(s) dict_keys(['example_short_circuit_operator']) retrieved from /home/airflow/.local/lib/python3.7/site-packages/airflow/example_dags/example_short_circuit_operator.py
[2022-11-29T07:03:54.317+0000] {logging_mixin.py:137} INFO - [2022-11-29T07:03:54.317+0000] {dag.py:2585} INFO - Sync 1 DAGs
[2022-11-29T07:03:54.362+0000] {logging_mixin.py:137} INFO - [2022-11-29T07:03:54.361+0000] {dag.py:3340} INFO - Setting next_dagrun for example_short_circuit_operator to 2022-11-28T07:03:54.361454+00:00, run_after=2022-11-29T07:03:54.361454+00:00
[2022-11-29T07:03:54.395+0000] {processor.py:176} INFO - Processing /home/airflow/.local/lib/python3.7/site-packages/airflow/example_dags/example_short_circuit_operator.py took 0.222 seconds
[2022-11-29T07:04:50.217+0000] {processor.py:154} INFO - Started process (PID=61) to work on /home/airflow/.local/lib/python3.7/site-packages/airflow/example_dags/example_short_circuit_operator.py
[2022-11-29T07:04:50.220+0000] {processor.py:756} INFO - Processing file /home/airflow/.local/lib/python3.7/site-packages/airflow/example_dags/example_short_circuit_operator.py for tasks to queue
[2022-11-29T07:04:50.223+0000] {logging_mixin.py:137} INFO - [2022-11-29T07:04:50.223+0000] {dagbag.py:537} INFO - Filling up the DagBag from /home/airflow/.local/lib/python3.7/site-packages/airflow/example_dags/example_short_circuit_operator.py
[2022-11-29T07:04:50.256+0000] {processor.py:766} INFO - DAG(s) dict_keys(['example_short_circuit_operator']) retrieved from /home/airflow/.local/lib/python3.7/site-packages/airflow/example_dags/example_short_circuit_operator.py
[2022-11-29T07:04:50.306+0000] {logging_mixin.py:137} INFO - [2022-11-29T07:04:50.306+0000] {dag.py:2585} INFO - Sync 1 DAGs
[2022-11-29T07:04:50.344+0000] {logging_mixin.py:137} INFO - [2022-11-29T07:04:50.344+0000] {dag.py:3340} INFO - Setting next_dagrun for example_short_circuit_operator to 2022-11-28T07:04:50.344152+00:00, run_after=2022-11-29T07:04:50.344152+00:00
[2022-11-29T07:04:50.377+0000] {processor.py:176} INFO - Processing /home/airflow/.local/lib/python3.7/site-packages/airflow/example_dags/example_short_circuit_operator.py took 0.166 seconds
[2022-11-29T07:06:00.371+0000] {processor.py:154} INFO - Started process (PID=61) to work on /home/airflow/.local/lib/python3.7/site-packages/airflow/example_dags/example_short_circuit_operator.py
[2022-11-29T07:06:00.373+0000] {processor.py:756} INFO - Processing file /home/airflow/.local/lib/python3.7/site-packages/airflow/example_dags/example_short_circuit_operator.py for tasks to queue
[2022-11-29T07:06:00.375+0000] {logging_mixin.py:137} INFO - [2022-11-29T07:06:00.374+0000] {dagbag.py:537} INFO - Filling up the DagBag from /home/airflow/.local/lib/python3.7/site-packages/airflow/example_dags/example_short_circuit_operator.py
[2022-11-29T07:06:00.405+0000] {processor.py:766} INFO - DAG(s) dict_keys(['example_short_circuit_operator']) retrieved from /home/airflow/.local/lib/python3.7/site-packages/airflow/example_dags/example_short_circuit_operator.py
[2022-11-29T07:06:00.446+0000] {logging_mixin.py:137} INFO - [2022-11-29T07:06:00.445+0000] {dag.py:2585} INFO - Sync 1 DAGs
[2022-11-29T07:06:00.517+0000] {logging_mixin.py:137} INFO - [2022-11-29T07:06:00.517+0000] {dag.py:3340} INFO - Setting next_dagrun for example_short_circuit_operator to 2022-11-28T07:06:00.516513+00:00, run_after=2022-11-29T07:06:00.516513+00:00
[2022-11-29T07:06:00.566+0000] {processor.py:176} INFO - Processing /home/airflow/.local/lib/python3.7/site-packages/airflow/example_dags/example_short_circuit_operator.py took 0.201 seconds
[2022-11-29T07:06:30.782+0000] {processor.py:154} INFO - Started process (PID=124) to work on /home/airflow/.local/lib/python3.7/site-packages/airflow/example_dags/example_short_circuit_operator.py
[2022-11-29T07:06:30.784+0000] {processor.py:756} INFO - Processing file /home/airflow/.local/lib/python3.7/site-packages/airflow/example_dags/example_short_circuit_operator.py for tasks to queue
[2022-11-29T07:06:30.787+0000] {logging_mixin.py:137} INFO - [2022-11-29T07:06:30.787+0000] {dagbag.py:537} INFO - Filling up the DagBag from /home/airflow/.local/lib/python3.7/site-packages/airflow/example_dags/example_short_circuit_operator.py
[2022-11-29T07:06:30.815+0000] {processor.py:766} INFO - DAG(s) dict_keys(['example_short_circuit_operator']) retrieved from /home/airflow/.local/lib/python3.7/site-packages/airflow/example_dags/example_short_circuit_operator.py
[2022-11-29T07:06:30.883+0000] {logging_mixin.py:137} INFO - [2022-11-29T07:06:30.883+0000] {dag.py:2585} INFO - Sync 1 DAGs
[2022-11-29T07:06:30.926+0000] {logging_mixin.py:137} INFO - [2022-11-29T07:06:30.926+0000] {dag.py:3340} INFO - Setting next_dagrun for example_short_circuit_operator to 2022-11-28T07:06:30.925076+00:00, run_after=2022-11-29T07:06:30.925076+00:00
[2022-11-29T07:06:30.986+0000] {processor.py:176} INFO - Processing /home/airflow/.local/lib/python3.7/site-packages/airflow/example_dags/example_short_circuit_operator.py took 0.211 seconds
[2022-11-29T07:07:01.188+0000] {processor.py:154} INFO - Started process (PID=179) to work on /home/airflow/.local/lib/python3.7/site-packages/airflow/example_dags/example_short_circuit_operator.py
[2022-11-29T07:07:01.191+0000] {processor.py:756} INFO - Processing file /home/airflow/.local/lib/python3.7/site-packages/airflow/example_dags/example_short_circuit_operator.py for tasks to queue
[2022-11-29T07:07:01.193+0000] {logging_mixin.py:137} INFO - [2022-11-29T07:07:01.193+0000] {dagbag.py:537} INFO - Filling up the DagBag from /home/airflow/.local/lib/python3.7/site-packages/airflow/example_dags/example_short_circuit_operator.py
[2022-11-29T07:07:01.221+0000] {processor.py:766} INFO - DAG(s) dict_keys(['example_short_circuit_operator']) retrieved from /home/airflow/.local/lib/python3.7/site-packages/airflow/example_dags/example_short_circuit_operator.py
[2022-11-29T07:07:01.301+0000] {logging_mixin.py:137} INFO - [2022-11-29T07:07:01.301+0000] {dag.py:2585} INFO - Sync 1 DAGs
[2022-11-29T07:07:01.349+0000] {logging_mixin.py:137} INFO - [2022-11-29T07:07:01.349+0000] {dag.py:3340} INFO - Setting next_dagrun for example_short_circuit_operator to 2022-11-28T07:07:01.348997+00:00, run_after=2022-11-29T07:07:01.348997+00:00
[2022-11-29T07:07:01.376+0000] {processor.py:176} INFO - Processing /home/airflow/.local/lib/python3.7/site-packages/airflow/example_dags/example_short_circuit_operator.py took 0.197 seconds
[2022-11-29T07:07:32.031+0000] {processor.py:154} INFO - Started process (PID=242) to work on /home/airflow/.local/lib/python3.7/site-packages/airflow/example_dags/example_short_circuit_operator.py
[2022-11-29T07:07:32.034+0000] {processor.py:756} INFO - Processing file /home/airflow/.local/lib/python3.7/site-packages/airflow/example_dags/example_short_circuit_operator.py for tasks to queue
[2022-11-29T07:07:32.036+0000] {logging_mixin.py:137} INFO - [2022-11-29T07:07:32.036+0000] {dagbag.py:537} INFO - Filling up the DagBag from /home/airflow/.local/lib/python3.7/site-packages/airflow/example_dags/example_short_circuit_operator.py
[2022-11-29T07:07:32.065+0000] {processor.py:766} INFO - DAG(s) dict_keys(['example_short_circuit_operator']) retrieved from /home/airflow/.local/lib/python3.7/site-packages/airflow/example_dags/example_short_circuit_operator.py
[2022-11-29T07:07:32.144+0000] {logging_mixin.py:137} INFO - [2022-11-29T07:07:32.144+0000] {dag.py:2585} INFO - Sync 1 DAGs
[2022-11-29T07:07:32.187+0000] {logging_mixin.py:137} INFO - [2022-11-29T07:07:32.187+0000] {dag.py:3340} INFO - Setting next_dagrun for example_short_circuit_operator to 2022-11-28T07:07:32.186776+00:00, run_after=2022-11-29T07:07:32.186776+00:00
[2022-11-29T07:07:32.216+0000] {processor.py:176} INFO - Processing /home/airflow/.local/lib/python3.7/site-packages/airflow/example_dags/example_short_circuit_operator.py took 0.192 seconds
[2022-11-29T07:08:02.731+0000] {processor.py:154} INFO - Started process (PID=305) to work on /home/airflow/.local/lib/python3.7/site-packages/airflow/example_dags/example_short_circuit_operator.py
[2022-11-29T07:08:02.735+0000] {processor.py:756} INFO - Processing file /home/airflow/.local/lib/python3.7/site-packages/airflow/example_dags/example_short_circuit_operator.py for tasks to queue
[2022-11-29T07:08:02.739+0000] {logging_mixin.py:137} INFO - [2022-11-29T07:08:02.738+0000] {dagbag.py:537} INFO - Filling up the DagBag from /home/airflow/.local/lib/python3.7/site-packages/airflow/example_dags/example_short_circuit_operator.py
[2022-11-29T07:08:02.805+0000] {processor.py:766} INFO - DAG(s) dict_keys(['example_short_circuit_operator']) retrieved from /home/airflow/.local/lib/python3.7/site-packages/airflow/example_dags/example_short_circuit_operator.py
[2022-11-29T07:08:02.913+0000] {logging_mixin.py:137} INFO - [2022-11-29T07:08:02.910+0000] {dag.py:2585} INFO - Sync 1 DAGs
[2022-11-29T07:08:02.984+0000] {logging_mixin.py:137} INFO - [2022-11-29T07:08:02.984+0000] {dag.py:3340} INFO - Setting next_dagrun for example_short_circuit_operator to 2022-11-28T07:08:02.983128+00:00, run_after=2022-11-29T07:08:02.983128+00:00
[2022-11-29T07:08:03.034+0000] {processor.py:176} INFO - Processing /home/airflow/.local/lib/python3.7/site-packages/airflow/example_dags/example_short_circuit_operator.py took 0.313 seconds
[2022-11-29T07:08:33.935+0000] {processor.py:154} INFO - Started process (PID=361) to work on /home/airflow/.local/lib/python3.7/site-packages/airflow/example_dags/example_short_circuit_operator.py
[2022-11-29T07:08:33.938+0000] {processor.py:756} INFO - Processing file /home/airflow/.local/lib/python3.7/site-packages/airflow/example_dags/example_short_circuit_operator.py for tasks to queue
[2022-11-29T07:08:33.940+0000] {logging_mixin.py:137} INFO - [2022-11-29T07:08:33.940+0000] {dagbag.py:537} INFO - Filling up the DagBag from /home/airflow/.local/lib/python3.7/site-packages/airflow/example_dags/example_short_circuit_operator.py
[2022-11-29T07:08:33.968+0000] {processor.py:766} INFO - DAG(s) dict_keys(['example_short_circuit_operator']) retrieved from /home/airflow/.local/lib/python3.7/site-packages/airflow/example_dags/example_short_circuit_operator.py
[2022-11-29T07:08:34.034+0000] {logging_mixin.py:137} INFO - [2022-11-29T07:08:34.033+0000] {dag.py:2585} INFO - Sync 1 DAGs
[2022-11-29T07:08:34.073+0000] {logging_mixin.py:137} INFO - [2022-11-29T07:08:34.073+0000] {dag.py:3340} INFO - Setting next_dagrun for example_short_circuit_operator to 2022-11-28T07:08:34.073135+00:00, run_after=2022-11-29T07:08:34.073135+00:00
[2022-11-29T07:08:34.108+0000] {processor.py:176} INFO - Processing /home/airflow/.local/lib/python3.7/site-packages/airflow/example_dags/example_short_circuit_operator.py took 0.178 seconds
[2022-11-29T07:09:04.601+0000] {processor.py:154} INFO - Started process (PID=424) to work on /home/airflow/.local/lib/python3.7/site-packages/airflow/example_dags/example_short_circuit_operator.py
[2022-11-29T07:09:04.604+0000] {processor.py:756} INFO - Processing file /home/airflow/.local/lib/python3.7/site-packages/airflow/example_dags/example_short_circuit_operator.py for tasks to queue
[2022-11-29T07:09:04.606+0000] {logging_mixin.py:137} INFO - [2022-11-29T07:09:04.605+0000] {dagbag.py:537} INFO - Filling up the DagBag from /home/airflow/.local/lib/python3.7/site-packages/airflow/example_dags/example_short_circuit_operator.py
[2022-11-29T07:09:04.634+0000] {processor.py:766} INFO - DAG(s) dict_keys(['example_short_circuit_operator']) retrieved from /home/airflow/.local/lib/python3.7/site-packages/airflow/example_dags/example_short_circuit_operator.py
[2022-11-29T07:09:04.706+0000] {logging_mixin.py:137} INFO - [2022-11-29T07:09:04.706+0000] {dag.py:2585} INFO - Sync 1 DAGs
[2022-11-29T07:09:04.752+0000] {logging_mixin.py:137} INFO - [2022-11-29T07:09:04.751+0000] {dag.py:3340} INFO - Setting next_dagrun for example_short_circuit_operator to 2022-11-28T07:09:04.751427+00:00, run_after=2022-11-29T07:09:04.751427+00:00
[2022-11-29T07:09:04.783+0000] {processor.py:176} INFO - Processing /home/airflow/.local/lib/python3.7/site-packages/airflow/example_dags/example_short_circuit_operator.py took 0.187 seconds
[2022-11-29T07:09:35.112+0000] {processor.py:154} INFO - Started process (PID=478) to work on /home/airflow/.local/lib/python3.7/site-packages/airflow/example_dags/example_short_circuit_operator.py
[2022-11-29T07:09:35.114+0000] {processor.py:756} INFO - Processing file /home/airflow/.local/lib/python3.7/site-packages/airflow/example_dags/example_short_circuit_operator.py for tasks to queue
[2022-11-29T07:09:35.117+0000] {logging_mixin.py:137} INFO - [2022-11-29T07:09:35.117+0000] {dagbag.py:537} INFO - Filling up the DagBag from /home/airflow/.local/lib/python3.7/site-packages/airflow/example_dags/example_short_circuit_operator.py
[2022-11-29T07:09:35.151+0000] {processor.py:766} INFO - DAG(s) dict_keys(['example_short_circuit_operator']) retrieved from /home/airflow/.local/lib/python3.7/site-packages/airflow/example_dags/example_short_circuit_operator.py
[2022-11-29T07:09:35.231+0000] {logging_mixin.py:137} INFO - [2022-11-29T07:09:35.231+0000] {dag.py:2585} INFO - Sync 1 DAGs
[2022-11-29T07:09:35.280+0000] {logging_mixin.py:137} INFO - [2022-11-29T07:09:35.280+0000] {dag.py:3340} INFO - Setting next_dagrun for example_short_circuit_operator to 2022-11-28T07:09:35.279650+00:00, run_after=2022-11-29T07:09:35.279650+00:00
[2022-11-29T07:09:35.324+0000] {processor.py:176} INFO - Processing /home/airflow/.local/lib/python3.7/site-packages/airflow/example_dags/example_short_circuit_operator.py took 0.217 seconds
[2022-11-29T07:10:05.824+0000] {processor.py:154} INFO - Started process (PID=541) to work on /home/airflow/.local/lib/python3.7/site-packages/airflow/example_dags/example_short_circuit_operator.py
[2022-11-29T07:10:05.826+0000] {processor.py:756} INFO - Processing file /home/airflow/.local/lib/python3.7/site-packages/airflow/example_dags/example_short_circuit_operator.py for tasks to queue
[2022-11-29T07:10:05.828+0000] {logging_mixin.py:137} INFO - [2022-11-29T07:10:05.827+0000] {dagbag.py:537} INFO - Filling up the DagBag from /home/airflow/.local/lib/python3.7/site-packages/airflow/example_dags/example_short_circuit_operator.py
[2022-11-29T07:10:05.858+0000] {processor.py:766} INFO - DAG(s) dict_keys(['example_short_circuit_operator']) retrieved from /home/airflow/.local/lib/python3.7/site-packages/airflow/example_dags/example_short_circuit_operator.py
[2022-11-29T07:10:05.928+0000] {logging_mixin.py:137} INFO - [2022-11-29T07:10:05.928+0000] {dag.py:2585} INFO - Sync 1 DAGs
[2022-11-29T07:10:05.971+0000] {logging_mixin.py:137} INFO - [2022-11-29T07:10:05.971+0000] {dag.py:3340} INFO - Setting next_dagrun for example_short_circuit_operator to 2022-11-28T07:10:05.971126+00:00, run_after=2022-11-29T07:10:05.971126+00:00
[2022-11-29T07:10:06.001+0000] {processor.py:176} INFO - Processing /home/airflow/.local/lib/python3.7/site-packages/airflow/example_dags/example_short_circuit_operator.py took 0.183 seconds
[2022-11-29T07:10:37.065+0000] {processor.py:154} INFO - Started process (PID=604) to work on /home/airflow/.local/lib/python3.7/site-packages/airflow/example_dags/example_short_circuit_operator.py
[2022-11-29T07:10:37.068+0000] {processor.py:756} INFO - Processing file /home/airflow/.local/lib/python3.7/site-packages/airflow/example_dags/example_short_circuit_operator.py for tasks to queue
[2022-11-29T07:10:37.070+0000] {logging_mixin.py:137} INFO - [2022-11-29T07:10:37.069+0000] {dagbag.py:537} INFO - Filling up the DagBag from /home/airflow/.local/lib/python3.7/site-packages/airflow/example_dags/example_short_circuit_operator.py
[2022-11-29T07:10:37.105+0000] {processor.py:766} INFO - DAG(s) dict_keys(['example_short_circuit_operator']) retrieved from /home/airflow/.local/lib/python3.7/site-packages/airflow/example_dags/example_short_circuit_operator.py
[2022-11-29T07:10:37.188+0000] {logging_mixin.py:137} INFO - [2022-11-29T07:10:37.188+0000] {dag.py:2585} INFO - Sync 1 DAGs
[2022-11-29T07:10:37.244+0000] {logging_mixin.py:137} INFO - [2022-11-29T07:10:37.244+0000] {dag.py:3340} INFO - Setting next_dagrun for example_short_circuit_operator to 2022-11-28T07:10:37.243812+00:00, run_after=2022-11-29T07:10:37.243812+00:00
[2022-11-29T07:10:37.279+0000] {processor.py:176} INFO - Processing /home/airflow/.local/lib/python3.7/site-packages/airflow/example_dags/example_short_circuit_operator.py took 0.219 seconds
[2022-11-29T07:11:07.899+0000] {processor.py:154} INFO - Started process (PID=658) to work on /home/airflow/.local/lib/python3.7/site-packages/airflow/example_dags/example_short_circuit_operator.py
[2022-11-29T07:11:07.901+0000] {processor.py:756} INFO - Processing file /home/airflow/.local/lib/python3.7/site-packages/airflow/example_dags/example_short_circuit_operator.py for tasks to queue
[2022-11-29T07:11:07.904+0000] {logging_mixin.py:137} INFO - [2022-11-29T07:11:07.903+0000] {dagbag.py:537} INFO - Filling up the DagBag from /home/airflow/.local/lib/python3.7/site-packages/airflow/example_dags/example_short_circuit_operator.py
[2022-11-29T07:11:07.944+0000] {processor.py:766} INFO - DAG(s) dict_keys(['example_short_circuit_operator']) retrieved from /home/airflow/.local/lib/python3.7/site-packages/airflow/example_dags/example_short_circuit_operator.py
[2022-11-29T07:11:08.041+0000] {logging_mixin.py:137} INFO - [2022-11-29T07:11:08.040+0000] {dag.py:2585} INFO - Sync 1 DAGs
[2022-11-29T07:11:08.090+0000] {logging_mixin.py:137} INFO - [2022-11-29T07:11:08.090+0000] {dag.py:3340} INFO - Setting next_dagrun for example_short_circuit_operator to 2022-11-28T07:11:08.089361+00:00, run_after=2022-11-29T07:11:08.089361+00:00
[2022-11-29T07:11:08.127+0000] {processor.py:176} INFO - Processing /home/airflow/.local/lib/python3.7/site-packages/airflow/example_dags/example_short_circuit_operator.py took 0.237 seconds
[2022-11-29T07:11:38.883+0000] {processor.py:154} INFO - Started process (PID=720) to work on /home/airflow/.local/lib/python3.7/site-packages/airflow/example_dags/example_short_circuit_operator.py
[2022-11-29T07:11:38.885+0000] {processor.py:756} INFO - Processing file /home/airflow/.local/lib/python3.7/site-packages/airflow/example_dags/example_short_circuit_operator.py for tasks to queue
[2022-11-29T07:11:38.887+0000] {logging_mixin.py:137} INFO - [2022-11-29T07:11:38.887+0000] {dagbag.py:537} INFO - Filling up the DagBag from /home/airflow/.local/lib/python3.7/site-packages/airflow/example_dags/example_short_circuit_operator.py
[2022-11-29T07:11:38.917+0000] {processor.py:766} INFO - DAG(s) dict_keys(['example_short_circuit_operator']) retrieved from /home/airflow/.local/lib/python3.7/site-packages/airflow/example_dags/example_short_circuit_operator.py
[2022-11-29T07:11:38.985+0000] {logging_mixin.py:137} INFO - [2022-11-29T07:11:38.985+0000] {dag.py:2585} INFO - Sync 1 DAGs
[2022-11-29T07:11:39.040+0000] {logging_mixin.py:137} INFO - [2022-11-29T07:11:39.040+0000] {dag.py:3340} INFO - Setting next_dagrun for example_short_circuit_operator to 2022-11-28T07:11:39.040104+00:00, run_after=2022-11-29T07:11:39.040104+00:00
[2022-11-29T07:11:39.079+0000] {processor.py:176} INFO - Processing /home/airflow/.local/lib/python3.7/site-packages/airflow/example_dags/example_short_circuit_operator.py took 0.202 seconds
[2022-11-29T07:12:09.630+0000] {processor.py:154} INFO - Started process (PID=784) to work on /home/airflow/.local/lib/python3.7/site-packages/airflow/example_dags/example_short_circuit_operator.py
[2022-11-29T07:12:09.631+0000] {processor.py:756} INFO - Processing file /home/airflow/.local/lib/python3.7/site-packages/airflow/example_dags/example_short_circuit_operator.py for tasks to queue
[2022-11-29T07:12:09.633+0000] {logging_mixin.py:137} INFO - [2022-11-29T07:12:09.633+0000] {dagbag.py:537} INFO - Filling up the DagBag from /home/airflow/.local/lib/python3.7/site-packages/airflow/example_dags/example_short_circuit_operator.py
[2022-11-29T07:12:09.664+0000] {processor.py:766} INFO - DAG(s) dict_keys(['example_short_circuit_operator']) retrieved from /home/airflow/.local/lib/python3.7/site-packages/airflow/example_dags/example_short_circuit_operator.py
[2022-11-29T07:12:09.728+0000] {logging_mixin.py:137} INFO - [2022-11-29T07:12:09.728+0000] {dag.py:2585} INFO - Sync 1 DAGs
[2022-11-29T07:12:09.764+0000] {logging_mixin.py:137} INFO - [2022-11-29T07:12:09.764+0000] {dag.py:3340} INFO - Setting next_dagrun for example_short_circuit_operator to 2022-11-28T07:12:09.763915+00:00, run_after=2022-11-29T07:12:09.763915+00:00
[2022-11-29T07:12:09.793+0000] {processor.py:176} INFO - Processing /home/airflow/.local/lib/python3.7/site-packages/airflow/example_dags/example_short_circuit_operator.py took 0.169 seconds
[2022-11-29T07:12:40.255+0000] {processor.py:154} INFO - Started process (PID=838) to work on /home/airflow/.local/lib/python3.7/site-packages/airflow/example_dags/example_short_circuit_operator.py
[2022-11-29T07:12:40.257+0000] {processor.py:756} INFO - Processing file /home/airflow/.local/lib/python3.7/site-packages/airflow/example_dags/example_short_circuit_operator.py for tasks to queue
[2022-11-29T07:12:40.259+0000] {logging_mixin.py:137} INFO - [2022-11-29T07:12:40.259+0000] {dagbag.py:537} INFO - Filling up the DagBag from /home/airflow/.local/lib/python3.7/site-packages/airflow/example_dags/example_short_circuit_operator.py
[2022-11-29T07:12:40.295+0000] {processor.py:766} INFO - DAG(s) dict_keys(['example_short_circuit_operator']) retrieved from /home/airflow/.local/lib/python3.7/site-packages/airflow/example_dags/example_short_circuit_operator.py
[2022-11-29T07:12:40.372+0000] {logging_mixin.py:137} INFO - [2022-11-29T07:12:40.372+0000] {dag.py:2585} INFO - Sync 1 DAGs
[2022-11-29T07:12:40.417+0000] {logging_mixin.py:137} INFO - [2022-11-29T07:12:40.417+0000] {dag.py:3340} INFO - Setting next_dagrun for example_short_circuit_operator to 2022-11-28T07:12:40.416846+00:00, run_after=2022-11-29T07:12:40.416846+00:00
[2022-11-29T07:12:40.446+0000] {processor.py:176} INFO - Processing /home/airflow/.local/lib/python3.7/site-packages/airflow/example_dags/example_short_circuit_operator.py took 0.198 seconds
[2022-11-29T07:13:10.608+0000] {processor.py:154} INFO - Started process (PID=900) to work on /home/airflow/.local/lib/python3.7/site-packages/airflow/example_dags/example_short_circuit_operator.py
[2022-11-29T07:13:10.613+0000] {processor.py:756} INFO - Processing file /home/airflow/.local/lib/python3.7/site-packages/airflow/example_dags/example_short_circuit_operator.py for tasks to queue
[2022-11-29T07:13:10.617+0000] {logging_mixin.py:137} INFO - [2022-11-29T07:13:10.616+0000] {dagbag.py:537} INFO - Filling up the DagBag from /home/airflow/.local/lib/python3.7/site-packages/airflow/example_dags/example_short_circuit_operator.py
[2022-11-29T07:13:10.661+0000] {processor.py:766} INFO - DAG(s) dict_keys(['example_short_circuit_operator']) retrieved from /home/airflow/.local/lib/python3.7/site-packages/airflow/example_dags/example_short_circuit_operator.py
[2022-11-29T07:13:10.755+0000] {logging_mixin.py:137} INFO - [2022-11-29T07:13:10.755+0000] {dag.py:2585} INFO - Sync 1 DAGs
[2022-11-29T07:13:10.801+0000] {logging_mixin.py:137} INFO - [2022-11-29T07:13:10.801+0000] {dag.py:3340} INFO - Setting next_dagrun for example_short_circuit_operator to 2022-11-28T07:13:10.801378+00:00, run_after=2022-11-29T07:13:10.801378+00:00
[2022-11-29T07:13:10.837+0000] {processor.py:176} INFO - Processing /home/airflow/.local/lib/python3.7/site-packages/airflow/example_dags/example_short_circuit_operator.py took 0.240 seconds
[2022-11-29T07:13:41.410+0000] {processor.py:154} INFO - Started process (PID=963) to work on /home/airflow/.local/lib/python3.7/site-packages/airflow/example_dags/example_short_circuit_operator.py
[2022-11-29T07:13:41.412+0000] {processor.py:756} INFO - Processing file /home/airflow/.local/lib/python3.7/site-packages/airflow/example_dags/example_short_circuit_operator.py for tasks to queue
[2022-11-29T07:13:41.414+0000] {logging_mixin.py:137} INFO - [2022-11-29T07:13:41.414+0000] {dagbag.py:537} INFO - Filling up the DagBag from /home/airflow/.local/lib/python3.7/site-packages/airflow/example_dags/example_short_circuit_operator.py
[2022-11-29T07:13:41.442+0000] {processor.py:766} INFO - DAG(s) dict_keys(['example_short_circuit_operator']) retrieved from /home/airflow/.local/lib/python3.7/site-packages/airflow/example_dags/example_short_circuit_operator.py
[2022-11-29T07:13:41.507+0000] {logging_mixin.py:137} INFO - [2022-11-29T07:13:41.507+0000] {dag.py:2585} INFO - Sync 1 DAGs
[2022-11-29T07:13:41.557+0000] {logging_mixin.py:137} INFO - [2022-11-29T07:13:41.557+0000] {dag.py:3340} INFO - Setting next_dagrun for example_short_circuit_operator to 2022-11-28T07:13:41.556746+00:00, run_after=2022-11-29T07:13:41.556746+00:00
[2022-11-29T07:13:41.585+0000] {processor.py:176} INFO - Processing /home/airflow/.local/lib/python3.7/site-packages/airflow/example_dags/example_short_circuit_operator.py took 0.181 seconds
[2022-11-29T07:14:12.607+0000] {processor.py:154} INFO - Started process (PID=1017) to work on /home/airflow/.local/lib/python3.7/site-packages/airflow/example_dags/example_short_circuit_operator.py
[2022-11-29T07:14:12.608+0000] {processor.py:756} INFO - Processing file /home/airflow/.local/lib/python3.7/site-packages/airflow/example_dags/example_short_circuit_operator.py for tasks to queue
[2022-11-29T07:14:12.610+0000] {logging_mixin.py:137} INFO - [2022-11-29T07:14:12.610+0000] {dagbag.py:537} INFO - Filling up the DagBag from /home/airflow/.local/lib/python3.7/site-packages/airflow/example_dags/example_short_circuit_operator.py
[2022-11-29T07:14:12.642+0000] {processor.py:766} INFO - DAG(s) dict_keys(['example_short_circuit_operator']) retrieved from /home/airflow/.local/lib/python3.7/site-packages/airflow/example_dags/example_short_circuit_operator.py
[2022-11-29T07:14:12.717+0000] {logging_mixin.py:137} INFO - [2022-11-29T07:14:12.716+0000] {dag.py:2585} INFO - Sync 1 DAGs
[2022-11-29T07:14:12.759+0000] {logging_mixin.py:137} INFO - [2022-11-29T07:14:12.759+0000] {dag.py:3340} INFO - Setting next_dagrun for example_short_circuit_operator to 2022-11-28T07:14:12.758645+00:00, run_after=2022-11-29T07:14:12.758645+00:00
[2022-11-29T07:14:12.789+0000] {processor.py:176} INFO - Processing /home/airflow/.local/lib/python3.7/site-packages/airflow/example_dags/example_short_circuit_operator.py took 0.189 seconds
[2022-11-29T07:14:43.035+0000] {processor.py:154} INFO - Started process (PID=1080) to work on /home/airflow/.local/lib/python3.7/site-packages/airflow/example_dags/example_short_circuit_operator.py
[2022-11-29T07:14:43.037+0000] {processor.py:756} INFO - Processing file /home/airflow/.local/lib/python3.7/site-packages/airflow/example_dags/example_short_circuit_operator.py for tasks to queue
[2022-11-29T07:14:43.038+0000] {logging_mixin.py:137} INFO - [2022-11-29T07:14:43.038+0000] {dagbag.py:537} INFO - Filling up the DagBag from /home/airflow/.local/lib/python3.7/site-packages/airflow/example_dags/example_short_circuit_operator.py
[2022-11-29T07:14:43.073+0000] {processor.py:766} INFO - DAG(s) dict_keys(['example_short_circuit_operator']) retrieved from /home/airflow/.local/lib/python3.7/site-packages/airflow/example_dags/example_short_circuit_operator.py
[2022-11-29T07:14:43.149+0000] {logging_mixin.py:137} INFO - [2022-11-29T07:14:43.148+0000] {dag.py:2585} INFO - Sync 1 DAGs
[2022-11-29T07:14:43.193+0000] {logging_mixin.py:137} INFO - [2022-11-29T07:14:43.193+0000] {dag.py:3340} INFO - Setting next_dagrun for example_short_circuit_operator to 2022-11-28T07:14:43.192843+00:00, run_after=2022-11-29T07:14:43.192843+00:00
[2022-11-29T07:14:43.223+0000] {processor.py:176} INFO - Processing /home/airflow/.local/lib/python3.7/site-packages/airflow/example_dags/example_short_circuit_operator.py took 0.194 seconds
[2022-11-29T07:15:13.951+0000] {processor.py:154} INFO - Started process (PID=1143) to work on /home/airflow/.local/lib/python3.7/site-packages/airflow/example_dags/example_short_circuit_operator.py
[2022-11-29T07:15:13.952+0000] {processor.py:756} INFO - Processing file /home/airflow/.local/lib/python3.7/site-packages/airflow/example_dags/example_short_circuit_operator.py for tasks to queue
[2022-11-29T07:15:13.954+0000] {logging_mixin.py:137} INFO - [2022-11-29T07:15:13.954+0000] {dagbag.py:537} INFO - Filling up the DagBag from /home/airflow/.local/lib/python3.7/site-packages/airflow/example_dags/example_short_circuit_operator.py
[2022-11-29T07:15:13.979+0000] {processor.py:766} INFO - DAG(s) dict_keys(['example_short_circuit_operator']) retrieved from /home/airflow/.local/lib/python3.7/site-packages/airflow/example_dags/example_short_circuit_operator.py
[2022-11-29T07:15:14.041+0000] {logging_mixin.py:137} INFO - [2022-11-29T07:15:14.041+0000] {dag.py:2585} INFO - Sync 1 DAGs
[2022-11-29T07:15:14.082+0000] {logging_mixin.py:137} INFO - [2022-11-29T07:15:14.082+0000] {dag.py:3340} INFO - Setting next_dagrun for example_short_circuit_operator to 2022-11-28T07:15:14.081643+00:00, run_after=2022-11-29T07:15:14.081643+00:00
[2022-11-29T07:15:14.115+0000] {processor.py:176} INFO - Processing /home/airflow/.local/lib/python3.7/site-packages/airflow/example_dags/example_short_circuit_operator.py took 0.169 seconds
[2022-11-29T07:15:44.570+0000] {processor.py:154} INFO - Started process (PID=1197) to work on /home/airflow/.local/lib/python3.7/site-packages/airflow/example_dags/example_short_circuit_operator.py
[2022-11-29T07:15:44.572+0000] {processor.py:756} INFO - Processing file /home/airflow/.local/lib/python3.7/site-packages/airflow/example_dags/example_short_circuit_operator.py for tasks to queue
[2022-11-29T07:15:44.574+0000] {logging_mixin.py:137} INFO - [2022-11-29T07:15:44.574+0000] {dagbag.py:537} INFO - Filling up the DagBag from /home/airflow/.local/lib/python3.7/site-packages/airflow/example_dags/example_short_circuit_operator.py
[2022-11-29T07:15:44.601+0000] {processor.py:766} INFO - DAG(s) dict_keys(['example_short_circuit_operator']) retrieved from /home/airflow/.local/lib/python3.7/site-packages/airflow/example_dags/example_short_circuit_operator.py
[2022-11-29T07:15:44.666+0000] {logging_mixin.py:137} INFO - [2022-11-29T07:15:44.665+0000] {dag.py:2585} INFO - Sync 1 DAGs
[2022-11-29T07:15:44.716+0000] {logging_mixin.py:137} INFO - [2022-11-29T07:15:44.716+0000] {dag.py:3340} INFO - Setting next_dagrun for example_short_circuit_operator to 2022-11-28T07:15:44.715684+00:00, run_after=2022-11-29T07:15:44.715684+00:00
[2022-11-29T07:15:44.749+0000] {processor.py:176} INFO - Processing /home/airflow/.local/lib/python3.7/site-packages/airflow/example_dags/example_short_circuit_operator.py took 0.184 seconds
[2022-11-29T07:16:15.077+0000] {processor.py:154} INFO - Started process (PID=1260) to work on /home/airflow/.local/lib/python3.7/site-packages/airflow/example_dags/example_short_circuit_operator.py
[2022-11-29T07:16:15.079+0000] {processor.py:756} INFO - Processing file /home/airflow/.local/lib/python3.7/site-packages/airflow/example_dags/example_short_circuit_operator.py for tasks to queue
[2022-11-29T07:16:15.082+0000] {logging_mixin.py:137} INFO - [2022-11-29T07:16:15.082+0000] {dagbag.py:537} INFO - Filling up the DagBag from /home/airflow/.local/lib/python3.7/site-packages/airflow/example_dags/example_short_circuit_operator.py
[2022-11-29T07:16:15.121+0000] {processor.py:766} INFO - DAG(s) dict_keys(['example_short_circuit_operator']) retrieved from /home/airflow/.local/lib/python3.7/site-packages/airflow/example_dags/example_short_circuit_operator.py
[2022-11-29T07:16:15.223+0000] {logging_mixin.py:137} INFO - [2022-11-29T07:16:15.223+0000] {dag.py:2585} INFO - Sync 1 DAGs
[2022-11-29T07:16:15.306+0000] {logging_mixin.py:137} INFO - [2022-11-29T07:16:15.305+0000] {dag.py:3340} INFO - Setting next_dagrun for example_short_circuit_operator to 2022-11-28T07:16:15.305011+00:00, run_after=2022-11-29T07:16:15.305011+00:00
[2022-11-29T07:16:15.350+0000] {processor.py:176} INFO - Processing /home/airflow/.local/lib/python3.7/site-packages/airflow/example_dags/example_short_circuit_operator.py took 0.280 seconds
[2022-11-29T07:16:45.509+0000] {processor.py:154} INFO - Started process (PID=1324) to work on /home/airflow/.local/lib/python3.7/site-packages/airflow/example_dags/example_short_circuit_operator.py
[2022-11-29T07:16:45.511+0000] {processor.py:756} INFO - Processing file /home/airflow/.local/lib/python3.7/site-packages/airflow/example_dags/example_short_circuit_operator.py for tasks to queue
[2022-11-29T07:16:45.513+0000] {logging_mixin.py:137} INFO - [2022-11-29T07:16:45.513+0000] {dagbag.py:537} INFO - Filling up the DagBag from /home/airflow/.local/lib/python3.7/site-packages/airflow/example_dags/example_short_circuit_operator.py
[2022-11-29T07:16:45.541+0000] {processor.py:766} INFO - DAG(s) dict_keys(['example_short_circuit_operator']) retrieved from /home/airflow/.local/lib/python3.7/site-packages/airflow/example_dags/example_short_circuit_operator.py
[2022-11-29T07:16:45.604+0000] {logging_mixin.py:137} INFO - [2022-11-29T07:16:45.603+0000] {dag.py:2585} INFO - Sync 1 DAGs
[2022-11-29T07:16:45.641+0000] {logging_mixin.py:137} INFO - [2022-11-29T07:16:45.641+0000] {dag.py:3340} INFO - Setting next_dagrun for example_short_circuit_operator to 2022-11-28T07:16:45.641233+00:00, run_after=2022-11-29T07:16:45.641233+00:00
[2022-11-29T07:16:45.669+0000] {processor.py:176} INFO - Processing /home/airflow/.local/lib/python3.7/site-packages/airflow/example_dags/example_short_circuit_operator.py took 0.168 seconds
[2022-11-29T07:17:16.319+0000] {processor.py:154} INFO - Started process (PID=1379) to work on /home/airflow/.local/lib/python3.7/site-packages/airflow/example_dags/example_short_circuit_operator.py
[2022-11-29T07:17:16.323+0000] {processor.py:756} INFO - Processing file /home/airflow/.local/lib/python3.7/site-packages/airflow/example_dags/example_short_circuit_operator.py for tasks to queue
[2022-11-29T07:17:16.326+0000] {logging_mixin.py:137} INFO - [2022-11-29T07:17:16.326+0000] {dagbag.py:537} INFO - Filling up the DagBag from /home/airflow/.local/lib/python3.7/site-packages/airflow/example_dags/example_short_circuit_operator.py
[2022-11-29T07:17:16.363+0000] {processor.py:766} INFO - DAG(s) dict_keys(['example_short_circuit_operator']) retrieved from /home/airflow/.local/lib/python3.7/site-packages/airflow/example_dags/example_short_circuit_operator.py
[2022-11-29T07:17:16.428+0000] {logging_mixin.py:137} INFO - [2022-11-29T07:17:16.428+0000] {dag.py:2585} INFO - Sync 1 DAGs
[2022-11-29T07:17:16.484+0000] {logging_mixin.py:137} INFO - [2022-11-29T07:17:16.484+0000] {dag.py:3340} INFO - Setting next_dagrun for example_short_circuit_operator to 2022-11-28T07:17:16.483356+00:00, run_after=2022-11-29T07:17:16.483356+00:00
[2022-11-29T07:17:16.521+0000] {processor.py:176} INFO - Processing /home/airflow/.local/lib/python3.7/site-packages/airflow/example_dags/example_short_circuit_operator.py took 0.213 seconds
[2022-11-29T07:17:47.100+0000] {processor.py:154} INFO - Started process (PID=1442) to work on /home/airflow/.local/lib/python3.7/site-packages/airflow/example_dags/example_short_circuit_operator.py
[2022-11-29T07:17:47.102+0000] {processor.py:756} INFO - Processing file /home/airflow/.local/lib/python3.7/site-packages/airflow/example_dags/example_short_circuit_operator.py for tasks to queue
[2022-11-29T07:17:47.104+0000] {logging_mixin.py:137} INFO - [2022-11-29T07:17:47.104+0000] {dagbag.py:537} INFO - Filling up the DagBag from /home/airflow/.local/lib/python3.7/site-packages/airflow/example_dags/example_short_circuit_operator.py
[2022-11-29T07:17:47.132+0000] {processor.py:766} INFO - DAG(s) dict_keys(['example_short_circuit_operator']) retrieved from /home/airflow/.local/lib/python3.7/site-packages/airflow/example_dags/example_short_circuit_operator.py
[2022-11-29T07:17:47.203+0000] {logging_mixin.py:137} INFO - [2022-11-29T07:17:47.203+0000] {dag.py:2585} INFO - Sync 1 DAGs
[2022-11-29T07:17:47.246+0000] {logging_mixin.py:137} INFO - [2022-11-29T07:17:47.246+0000] {dag.py:3340} INFO - Setting next_dagrun for example_short_circuit_operator to 2022-11-28T07:17:47.245827+00:00, run_after=2022-11-29T07:17:47.245827+00:00
[2022-11-29T07:17:47.280+0000] {processor.py:176} INFO - Processing /home/airflow/.local/lib/python3.7/site-packages/airflow/example_dags/example_short_circuit_operator.py took 0.190 seconds
[2022-11-29T07:18:17.807+0000] {processor.py:154} INFO - Started process (PID=1505) to work on /home/airflow/.local/lib/python3.7/site-packages/airflow/example_dags/example_short_circuit_operator.py
[2022-11-29T07:18:17.818+0000] {processor.py:756} INFO - Processing file /home/airflow/.local/lib/python3.7/site-packages/airflow/example_dags/example_short_circuit_operator.py for tasks to queue
[2022-11-29T07:18:17.822+0000] {logging_mixin.py:137} INFO - [2022-11-29T07:18:17.822+0000] {dagbag.py:537} INFO - Filling up the DagBag from /home/airflow/.local/lib/python3.7/site-packages/airflow/example_dags/example_short_circuit_operator.py
[2022-11-29T07:18:17.878+0000] {processor.py:766} INFO - DAG(s) dict_keys(['example_short_circuit_operator']) retrieved from /home/airflow/.local/lib/python3.7/site-packages/airflow/example_dags/example_short_circuit_operator.py
[2022-11-29T07:18:17.964+0000] {logging_mixin.py:137} INFO - [2022-11-29T07:18:17.964+0000] {dag.py:2585} INFO - Sync 1 DAGs
[2022-11-29T07:18:18.013+0000] {logging_mixin.py:137} INFO - [2022-11-29T07:18:18.013+0000] {dag.py:3340} INFO - Setting next_dagrun for example_short_circuit_operator to 2022-11-28T07:18:18.013240+00:00, run_after=2022-11-29T07:18:18.013240+00:00
[2022-11-29T07:18:18.049+0000] {processor.py:176} INFO - Processing /home/airflow/.local/lib/python3.7/site-packages/airflow/example_dags/example_short_circuit_operator.py took 0.273 seconds
[2022-11-29T07:18:48.160+0000] {processor.py:154} INFO - Started process (PID=1559) to work on /home/airflow/.local/lib/python3.7/site-packages/airflow/example_dags/example_short_circuit_operator.py
[2022-11-29T07:18:48.162+0000] {processor.py:756} INFO - Processing file /home/airflow/.local/lib/python3.7/site-packages/airflow/example_dags/example_short_circuit_operator.py for tasks to queue
[2022-11-29T07:18:48.164+0000] {logging_mixin.py:137} INFO - [2022-11-29T07:18:48.164+0000] {dagbag.py:537} INFO - Filling up the DagBag from /home/airflow/.local/lib/python3.7/site-packages/airflow/example_dags/example_short_circuit_operator.py
[2022-11-29T07:18:48.194+0000] {processor.py:766} INFO - DAG(s) dict_keys(['example_short_circuit_operator']) retrieved from /home/airflow/.local/lib/python3.7/site-packages/airflow/example_dags/example_short_circuit_operator.py
[2022-11-29T07:18:48.289+0000] {logging_mixin.py:137} INFO - [2022-11-29T07:18:48.289+0000] {dag.py:2585} INFO - Sync 1 DAGs
[2022-11-29T07:18:48.355+0000] {logging_mixin.py:137} INFO - [2022-11-29T07:18:48.354+0000] {dag.py:3340} INFO - Setting next_dagrun for example_short_circuit_operator to 2022-11-28T07:18:48.354237+00:00, run_after=2022-11-29T07:18:48.354237+00:00
[2022-11-29T07:18:48.396+0000] {processor.py:176} INFO - Processing /home/airflow/.local/lib/python3.7/site-packages/airflow/example_dags/example_short_circuit_operator.py took 0.244 seconds
[2022-11-29T07:19:19.193+0000] {processor.py:154} INFO - Started process (PID=1622) to work on /home/airflow/.local/lib/python3.7/site-packages/airflow/example_dags/example_short_circuit_operator.py
[2022-11-29T07:19:19.196+0000] {processor.py:756} INFO - Processing file /home/airflow/.local/lib/python3.7/site-packages/airflow/example_dags/example_short_circuit_operator.py for tasks to queue
[2022-11-29T07:19:19.200+0000] {logging_mixin.py:137} INFO - [2022-11-29T07:19:19.199+0000] {dagbag.py:537} INFO - Filling up the DagBag from /home/airflow/.local/lib/python3.7/site-packages/airflow/example_dags/example_short_circuit_operator.py
[2022-11-29T07:19:19.230+0000] {processor.py:766} INFO - DAG(s) dict_keys(['example_short_circuit_operator']) retrieved from /home/airflow/.local/lib/python3.7/site-packages/airflow/example_dags/example_short_circuit_operator.py
[2022-11-29T07:19:19.304+0000] {logging_mixin.py:137} INFO - [2022-11-29T07:19:19.304+0000] {dag.py:2585} INFO - Sync 1 DAGs
[2022-11-29T07:19:19.355+0000] {logging_mixin.py:137} INFO - [2022-11-29T07:19:19.355+0000] {dag.py:3340} INFO - Setting next_dagrun for example_short_circuit_operator to 2022-11-28T07:19:19.355160+00:00, run_after=2022-11-29T07:19:19.355160+00:00
[2022-11-29T07:19:19.396+0000] {processor.py:176} INFO - Processing /home/airflow/.local/lib/python3.7/site-packages/airflow/example_dags/example_short_circuit_operator.py took 0.211 seconds
[2022-11-29T07:19:50.051+0000] {processor.py:154} INFO - Started process (PID=1675) to work on /home/airflow/.local/lib/python3.7/site-packages/airflow/example_dags/example_short_circuit_operator.py
[2022-11-29T07:19:50.053+0000] {processor.py:756} INFO - Processing file /home/airflow/.local/lib/python3.7/site-packages/airflow/example_dags/example_short_circuit_operator.py for tasks to queue
[2022-11-29T07:19:50.054+0000] {logging_mixin.py:137} INFO - [2022-11-29T07:19:50.054+0000] {dagbag.py:537} INFO - Filling up the DagBag from /home/airflow/.local/lib/python3.7/site-packages/airflow/example_dags/example_short_circuit_operator.py
[2022-11-29T07:19:50.083+0000] {processor.py:766} INFO - DAG(s) dict_keys(['example_short_circuit_operator']) retrieved from /home/airflow/.local/lib/python3.7/site-packages/airflow/example_dags/example_short_circuit_operator.py
[2022-11-29T07:19:50.158+0000] {logging_mixin.py:137} INFO - [2022-11-29T07:19:50.158+0000] {dag.py:2585} INFO - Sync 1 DAGs
[2022-11-29T07:19:50.200+0000] {logging_mixin.py:137} INFO - [2022-11-29T07:19:50.200+0000] {dag.py:3340} INFO - Setting next_dagrun for example_short_circuit_operator to 2022-11-28T07:19:50.200075+00:00, run_after=2022-11-29T07:19:50.200075+00:00
[2022-11-29T07:19:50.253+0000] {processor.py:176} INFO - Processing /home/airflow/.local/lib/python3.7/site-packages/airflow/example_dags/example_short_circuit_operator.py took 0.207 seconds
