[2022-11-29T06:27:14.447+0000] {processor.py:154} INFO - Started process (PID=43) to work on /home/airflow/.local/lib/python3.7/site-packages/airflow/example_dags/tutorial.py
[2022-11-29T06:27:14.450+0000] {processor.py:756} INFO - Processing file /home/airflow/.local/lib/python3.7/site-packages/airflow/example_dags/tutorial.py for tasks to queue
[2022-11-29T06:27:14.455+0000] {logging_mixin.py:137} INFO - [2022-11-29T06:27:14.453+0000] {dagbag.py:537} INFO - Filling up the DagBag from /home/airflow/.local/lib/python3.7/site-packages/airflow/example_dags/tutorial.py
[2022-11-29T06:27:14.520+0000] {processor.py:766} INFO - DAG(s) dict_keys(['tutorial']) retrieved from /home/airflow/.local/lib/python3.7/site-packages/airflow/example_dags/tutorial.py
[2022-11-29T06:27:14.733+0000] {logging_mixin.py:137} INFO - [2022-11-29T06:27:14.733+0000] {manager.py:507} INFO - Created Permission View: can delete on DAG:tutorial
[2022-11-29T06:27:14.744+0000] {logging_mixin.py:137} INFO - [2022-11-29T06:27:14.744+0000] {manager.py:507} INFO - Created Permission View: can read on DAG:tutorial
[2022-11-29T06:27:14.753+0000] {logging_mixin.py:137} INFO - [2022-11-29T06:27:14.753+0000] {manager.py:507} INFO - Created Permission View: can edit on DAG:tutorial
[2022-11-29T06:27:14.754+0000] {logging_mixin.py:137} INFO - [2022-11-29T06:27:14.754+0000] {dag.py:2585} INFO - Sync 1 DAGs
[2022-11-29T06:27:14.772+0000] {logging_mixin.py:137} INFO - [2022-11-29T06:27:14.772+0000] {dag.py:2606} INFO - Creating ORM DAG for tutorial
[2022-11-29T06:27:14.788+0000] {logging_mixin.py:137} INFO - [2022-11-29T06:27:14.787+0000] {dag.py:3340} INFO - Setting next_dagrun for tutorial to 2022-11-28T06:27:14.787633+00:00, run_after=2022-11-29T06:27:14.787633+00:00
[2022-11-29T06:27:14.810+0000] {processor.py:176} INFO - Processing /home/airflow/.local/lib/python3.7/site-packages/airflow/example_dags/tutorial.py took 0.368 seconds
[2022-11-29T06:27:45.807+0000] {processor.py:154} INFO - Started process (PID=97) to work on /home/airflow/.local/lib/python3.7/site-packages/airflow/example_dags/tutorial.py
[2022-11-29T06:27:45.809+0000] {processor.py:756} INFO - Processing file /home/airflow/.local/lib/python3.7/site-packages/airflow/example_dags/tutorial.py for tasks to queue
[2022-11-29T06:27:45.811+0000] {logging_mixin.py:137} INFO - [2022-11-29T06:27:45.810+0000] {dagbag.py:537} INFO - Filling up the DagBag from /home/airflow/.local/lib/python3.7/site-packages/airflow/example_dags/tutorial.py
[2022-11-29T06:27:45.834+0000] {processor.py:766} INFO - DAG(s) dict_keys(['tutorial']) retrieved from /home/airflow/.local/lib/python3.7/site-packages/airflow/example_dags/tutorial.py
[2022-11-29T06:27:45.911+0000] {logging_mixin.py:137} INFO - [2022-11-29T06:27:45.910+0000] {dag.py:2585} INFO - Sync 1 DAGs
[2022-11-29T06:27:45.960+0000] {logging_mixin.py:137} INFO - [2022-11-29T06:27:45.960+0000] {dag.py:3340} INFO - Setting next_dagrun for tutorial to 2022-11-28T06:27:45.960419+00:00, run_after=2022-11-29T06:27:45.960419+00:00
[2022-11-29T06:27:45.990+0000] {processor.py:176} INFO - Processing /home/airflow/.local/lib/python3.7/site-packages/airflow/example_dags/tutorial.py took 0.191 seconds
[2022-11-29T06:28:16.039+0000] {processor.py:154} INFO - Started process (PID=162) to work on /home/airflow/.local/lib/python3.7/site-packages/airflow/example_dags/tutorial.py
[2022-11-29T06:28:16.041+0000] {processor.py:756} INFO - Processing file /home/airflow/.local/lib/python3.7/site-packages/airflow/example_dags/tutorial.py for tasks to queue
[2022-11-29T06:28:16.043+0000] {logging_mixin.py:137} INFO - [2022-11-29T06:28:16.043+0000] {dagbag.py:537} INFO - Filling up the DagBag from /home/airflow/.local/lib/python3.7/site-packages/airflow/example_dags/tutorial.py
[2022-11-29T06:28:16.062+0000] {processor.py:766} INFO - DAG(s) dict_keys(['tutorial']) retrieved from /home/airflow/.local/lib/python3.7/site-packages/airflow/example_dags/tutorial.py
[2022-11-29T06:28:16.117+0000] {logging_mixin.py:137} INFO - [2022-11-29T06:28:16.117+0000] {dag.py:2585} INFO - Sync 1 DAGs
[2022-11-29T06:28:16.161+0000] {logging_mixin.py:137} INFO - [2022-11-29T06:28:16.161+0000] {dag.py:3340} INFO - Setting next_dagrun for tutorial to 2022-11-28T06:28:16.160710+00:00, run_after=2022-11-29T06:28:16.160710+00:00
[2022-11-29T06:28:16.198+0000] {processor.py:176} INFO - Processing /home/airflow/.local/lib/python3.7/site-packages/airflow/example_dags/tutorial.py took 0.163 seconds
[2022-11-29T06:28:46.820+0000] {processor.py:154} INFO - Started process (PID=225) to work on /home/airflow/.local/lib/python3.7/site-packages/airflow/example_dags/tutorial.py
[2022-11-29T06:28:46.822+0000] {processor.py:756} INFO - Processing file /home/airflow/.local/lib/python3.7/site-packages/airflow/example_dags/tutorial.py for tasks to queue
[2022-11-29T06:28:46.825+0000] {logging_mixin.py:137} INFO - [2022-11-29T06:28:46.824+0000] {dagbag.py:537} INFO - Filling up the DagBag from /home/airflow/.local/lib/python3.7/site-packages/airflow/example_dags/tutorial.py
[2022-11-29T06:28:46.850+0000] {processor.py:766} INFO - DAG(s) dict_keys(['tutorial']) retrieved from /home/airflow/.local/lib/python3.7/site-packages/airflow/example_dags/tutorial.py
[2022-11-29T06:28:46.915+0000] {logging_mixin.py:137} INFO - [2022-11-29T06:28:46.915+0000] {dag.py:2585} INFO - Sync 1 DAGs
[2022-11-29T06:28:46.954+0000] {logging_mixin.py:137} INFO - [2022-11-29T06:28:46.954+0000] {dag.py:3340} INFO - Setting next_dagrun for tutorial to 2022-11-28T06:28:46.954287+00:00, run_after=2022-11-29T06:28:46.954287+00:00
[2022-11-29T06:28:46.985+0000] {processor.py:176} INFO - Processing /home/airflow/.local/lib/python3.7/site-packages/airflow/example_dags/tutorial.py took 0.169 seconds
[2022-11-29T06:29:17.052+0000] {processor.py:154} INFO - Started process (PID=279) to work on /home/airflow/.local/lib/python3.7/site-packages/airflow/example_dags/tutorial.py
[2022-11-29T06:29:17.054+0000] {processor.py:756} INFO - Processing file /home/airflow/.local/lib/python3.7/site-packages/airflow/example_dags/tutorial.py for tasks to queue
[2022-11-29T06:29:17.056+0000] {logging_mixin.py:137} INFO - [2022-11-29T06:29:17.056+0000] {dagbag.py:537} INFO - Filling up the DagBag from /home/airflow/.local/lib/python3.7/site-packages/airflow/example_dags/tutorial.py
[2022-11-29T06:29:17.082+0000] {processor.py:766} INFO - DAG(s) dict_keys(['tutorial']) retrieved from /home/airflow/.local/lib/python3.7/site-packages/airflow/example_dags/tutorial.py
[2022-11-29T06:29:17.144+0000] {logging_mixin.py:137} INFO - [2022-11-29T06:29:17.143+0000] {dag.py:2585} INFO - Sync 1 DAGs
[2022-11-29T06:29:17.184+0000] {logging_mixin.py:137} INFO - [2022-11-29T06:29:17.184+0000] {dag.py:3340} INFO - Setting next_dagrun for tutorial to 2022-11-28T06:29:17.184241+00:00, run_after=2022-11-29T06:29:17.184241+00:00
[2022-11-29T06:29:17.215+0000] {processor.py:176} INFO - Processing /home/airflow/.local/lib/python3.7/site-packages/airflow/example_dags/tutorial.py took 0.169 seconds
[2022-11-29T06:31:40.743+0000] {processor.py:154} INFO - Started process (PID=46) to work on /home/airflow/.local/lib/python3.7/site-packages/airflow/example_dags/tutorial.py
[2022-11-29T06:31:40.746+0000] {processor.py:756} INFO - Processing file /home/airflow/.local/lib/python3.7/site-packages/airflow/example_dags/tutorial.py for tasks to queue
[2022-11-29T06:31:40.750+0000] {logging_mixin.py:137} INFO - [2022-11-29T06:31:40.749+0000] {dagbag.py:537} INFO - Filling up the DagBag from /home/airflow/.local/lib/python3.7/site-packages/airflow/example_dags/tutorial.py
[2022-11-29T06:31:40.801+0000] {processor.py:766} INFO - DAG(s) dict_keys(['tutorial']) retrieved from /home/airflow/.local/lib/python3.7/site-packages/airflow/example_dags/tutorial.py
[2022-11-29T06:31:40.895+0000] {logging_mixin.py:137} INFO - [2022-11-29T06:31:40.895+0000] {dag.py:2585} INFO - Sync 1 DAGs
[2022-11-29T06:31:40.965+0000] {logging_mixin.py:137} INFO - [2022-11-29T06:31:40.965+0000] {dag.py:3340} INFO - Setting next_dagrun for tutorial to 2022-11-28T06:31:40.965132+00:00, run_after=2022-11-29T06:31:40.965132+00:00
[2022-11-29T06:31:41.043+0000] {processor.py:176} INFO - Processing /home/airflow/.local/lib/python3.7/site-packages/airflow/example_dags/tutorial.py took 0.304 seconds
[2022-11-29T06:32:11.130+0000] {processor.py:154} INFO - Started process (PID=100) to work on /home/airflow/.local/lib/python3.7/site-packages/airflow/example_dags/tutorial.py
[2022-11-29T06:32:11.132+0000] {processor.py:756} INFO - Processing file /home/airflow/.local/lib/python3.7/site-packages/airflow/example_dags/tutorial.py for tasks to queue
[2022-11-29T06:32:11.133+0000] {logging_mixin.py:137} INFO - [2022-11-29T06:32:11.133+0000] {dagbag.py:537} INFO - Filling up the DagBag from /home/airflow/.local/lib/python3.7/site-packages/airflow/example_dags/tutorial.py
[2022-11-29T06:32:11.154+0000] {processor.py:766} INFO - DAG(s) dict_keys(['tutorial']) retrieved from /home/airflow/.local/lib/python3.7/site-packages/airflow/example_dags/tutorial.py
[2022-11-29T06:32:11.207+0000] {logging_mixin.py:137} INFO - [2022-11-29T06:32:11.207+0000] {dag.py:2585} INFO - Sync 1 DAGs
[2022-11-29T06:32:11.239+0000] {logging_mixin.py:137} INFO - [2022-11-29T06:32:11.238+0000] {dag.py:3340} INFO - Setting next_dagrun for tutorial to 2022-11-28T06:32:11.238582+00:00, run_after=2022-11-29T06:32:11.238582+00:00
[2022-11-29T06:32:11.265+0000] {processor.py:176} INFO - Processing /home/airflow/.local/lib/python3.7/site-packages/airflow/example_dags/tutorial.py took 0.140 seconds
[2022-11-29T06:32:41.928+0000] {processor.py:154} INFO - Started process (PID=163) to work on /home/airflow/.local/lib/python3.7/site-packages/airflow/example_dags/tutorial.py
[2022-11-29T06:32:41.930+0000] {processor.py:756} INFO - Processing file /home/airflow/.local/lib/python3.7/site-packages/airflow/example_dags/tutorial.py for tasks to queue
[2022-11-29T06:32:41.931+0000] {logging_mixin.py:137} INFO - [2022-11-29T06:32:41.931+0000] {dagbag.py:537} INFO - Filling up the DagBag from /home/airflow/.local/lib/python3.7/site-packages/airflow/example_dags/tutorial.py
[2022-11-29T06:32:41.963+0000] {processor.py:766} INFO - DAG(s) dict_keys(['tutorial']) retrieved from /home/airflow/.local/lib/python3.7/site-packages/airflow/example_dags/tutorial.py
[2022-11-29T06:32:42.016+0000] {logging_mixin.py:137} INFO - [2022-11-29T06:32:42.016+0000] {dag.py:2585} INFO - Sync 1 DAGs
[2022-11-29T06:32:42.050+0000] {logging_mixin.py:137} INFO - [2022-11-29T06:32:42.050+0000] {dag.py:3340} INFO - Setting next_dagrun for tutorial to 2022-11-28T06:32:42.049893+00:00, run_after=2022-11-29T06:32:42.049893+00:00
[2022-11-29T06:32:42.075+0000] {processor.py:176} INFO - Processing /home/airflow/.local/lib/python3.7/site-packages/airflow/example_dags/tutorial.py took 0.152 seconds
[2022-11-29T06:33:13.081+0000] {processor.py:154} INFO - Started process (PID=226) to work on /home/airflow/.local/lib/python3.7/site-packages/airflow/example_dags/tutorial.py
[2022-11-29T06:33:13.083+0000] {processor.py:756} INFO - Processing file /home/airflow/.local/lib/python3.7/site-packages/airflow/example_dags/tutorial.py for tasks to queue
[2022-11-29T06:33:13.085+0000] {logging_mixin.py:137} INFO - [2022-11-29T06:33:13.085+0000] {dagbag.py:537} INFO - Filling up the DagBag from /home/airflow/.local/lib/python3.7/site-packages/airflow/example_dags/tutorial.py
[2022-11-29T06:33:13.108+0000] {processor.py:766} INFO - DAG(s) dict_keys(['tutorial']) retrieved from /home/airflow/.local/lib/python3.7/site-packages/airflow/example_dags/tutorial.py
[2022-11-29T06:33:13.172+0000] {logging_mixin.py:137} INFO - [2022-11-29T06:33:13.172+0000] {dag.py:2585} INFO - Sync 1 DAGs
[2022-11-29T06:33:13.213+0000] {logging_mixin.py:137} INFO - [2022-11-29T06:33:13.213+0000] {dag.py:3340} INFO - Setting next_dagrun for tutorial to 2022-11-28T06:33:13.212910+00:00, run_after=2022-11-29T06:33:13.212910+00:00
[2022-11-29T06:33:13.241+0000] {processor.py:176} INFO - Processing /home/airflow/.local/lib/python3.7/site-packages/airflow/example_dags/tutorial.py took 0.165 seconds
[2022-11-29T06:33:43.784+0000] {processor.py:154} INFO - Started process (PID=281) to work on /home/airflow/.local/lib/python3.7/site-packages/airflow/example_dags/tutorial.py
[2022-11-29T06:33:43.786+0000] {processor.py:756} INFO - Processing file /home/airflow/.local/lib/python3.7/site-packages/airflow/example_dags/tutorial.py for tasks to queue
[2022-11-29T06:33:43.788+0000] {logging_mixin.py:137} INFO - [2022-11-29T06:33:43.788+0000] {dagbag.py:537} INFO - Filling up the DagBag from /home/airflow/.local/lib/python3.7/site-packages/airflow/example_dags/tutorial.py
[2022-11-29T06:33:43.816+0000] {processor.py:766} INFO - DAG(s) dict_keys(['tutorial']) retrieved from /home/airflow/.local/lib/python3.7/site-packages/airflow/example_dags/tutorial.py
[2022-11-29T06:33:43.879+0000] {logging_mixin.py:137} INFO - [2022-11-29T06:33:43.878+0000] {dag.py:2585} INFO - Sync 1 DAGs
[2022-11-29T06:33:43.918+0000] {logging_mixin.py:137} INFO - [2022-11-29T06:33:43.918+0000] {dag.py:3340} INFO - Setting next_dagrun for tutorial to 2022-11-28T06:33:43.918031+00:00, run_after=2022-11-29T06:33:43.918031+00:00
[2022-11-29T06:33:43.948+0000] {processor.py:176} INFO - Processing /home/airflow/.local/lib/python3.7/site-packages/airflow/example_dags/tutorial.py took 0.170 seconds
[2022-11-29T06:52:54.773+0000] {processor.py:154} INFO - Started process (PID=47) to work on /home/airflow/.local/lib/python3.7/site-packages/airflow/example_dags/tutorial.py
[2022-11-29T06:52:54.774+0000] {processor.py:756} INFO - Processing file /home/airflow/.local/lib/python3.7/site-packages/airflow/example_dags/tutorial.py for tasks to queue
[2022-11-29T06:52:54.776+0000] {logging_mixin.py:137} INFO - [2022-11-29T06:52:54.776+0000] {dagbag.py:537} INFO - Filling up the DagBag from /home/airflow/.local/lib/python3.7/site-packages/airflow/example_dags/tutorial.py
[2022-11-29T06:52:54.846+0000] {processor.py:766} INFO - DAG(s) dict_keys(['tutorial']) retrieved from /home/airflow/.local/lib/python3.7/site-packages/airflow/example_dags/tutorial.py
[2022-11-29T06:52:54.922+0000] {logging_mixin.py:137} INFO - [2022-11-29T06:52:54.922+0000] {dag.py:2585} INFO - Sync 1 DAGs
[2022-11-29T06:52:55.002+0000] {logging_mixin.py:137} INFO - [2022-11-29T06:52:55.001+0000] {dag.py:3340} INFO - Setting next_dagrun for tutorial to 2022-11-28T06:52:55.001299+00:00, run_after=2022-11-29T06:52:55.001299+00:00
[2022-11-29T06:52:55.032+0000] {processor.py:176} INFO - Processing /home/airflow/.local/lib/python3.7/site-packages/airflow/example_dags/tutorial.py took 0.267 seconds
[2022-11-29T06:53:25.304+0000] {processor.py:154} INFO - Started process (PID=102) to work on /home/airflow/.local/lib/python3.7/site-packages/airflow/example_dags/tutorial.py
[2022-11-29T06:53:25.306+0000] {processor.py:756} INFO - Processing file /home/airflow/.local/lib/python3.7/site-packages/airflow/example_dags/tutorial.py for tasks to queue
[2022-11-29T06:53:25.308+0000] {logging_mixin.py:137} INFO - [2022-11-29T06:53:25.308+0000] {dagbag.py:537} INFO - Filling up the DagBag from /home/airflow/.local/lib/python3.7/site-packages/airflow/example_dags/tutorial.py
[2022-11-29T06:53:25.338+0000] {processor.py:766} INFO - DAG(s) dict_keys(['tutorial']) retrieved from /home/airflow/.local/lib/python3.7/site-packages/airflow/example_dags/tutorial.py
[2022-11-29T06:53:25.407+0000] {logging_mixin.py:137} INFO - [2022-11-29T06:53:25.407+0000] {dag.py:2585} INFO - Sync 1 DAGs
[2022-11-29T06:53:25.457+0000] {logging_mixin.py:137} INFO - [2022-11-29T06:53:25.457+0000] {dag.py:3340} INFO - Setting next_dagrun for tutorial to 2022-11-28T06:53:25.456548+00:00, run_after=2022-11-29T06:53:25.456548+00:00
[2022-11-29T06:53:25.485+0000] {processor.py:176} INFO - Processing /home/airflow/.local/lib/python3.7/site-packages/airflow/example_dags/tutorial.py took 0.186 seconds
[2022-11-29T06:53:56.439+0000] {processor.py:154} INFO - Started process (PID=167) to work on /home/airflow/.local/lib/python3.7/site-packages/airflow/example_dags/tutorial.py
[2022-11-29T06:53:56.441+0000] {processor.py:756} INFO - Processing file /home/airflow/.local/lib/python3.7/site-packages/airflow/example_dags/tutorial.py for tasks to queue
[2022-11-29T06:53:56.443+0000] {logging_mixin.py:137} INFO - [2022-11-29T06:53:56.443+0000] {dagbag.py:537} INFO - Filling up the DagBag from /home/airflow/.local/lib/python3.7/site-packages/airflow/example_dags/tutorial.py
[2022-11-29T06:53:56.489+0000] {processor.py:766} INFO - DAG(s) dict_keys(['tutorial']) retrieved from /home/airflow/.local/lib/python3.7/site-packages/airflow/example_dags/tutorial.py
[2022-11-29T06:53:56.571+0000] {logging_mixin.py:137} INFO - [2022-11-29T06:53:56.570+0000] {dag.py:2585} INFO - Sync 1 DAGs
[2022-11-29T06:53:56.629+0000] {logging_mixin.py:137} INFO - [2022-11-29T06:53:56.629+0000] {dag.py:3340} INFO - Setting next_dagrun for tutorial to 2022-11-28T06:53:56.628795+00:00, run_after=2022-11-29T06:53:56.628795+00:00
[2022-11-29T06:53:56.678+0000] {processor.py:176} INFO - Processing /home/airflow/.local/lib/python3.7/site-packages/airflow/example_dags/tutorial.py took 0.244 seconds
[2022-11-29T06:54:27.334+0000] {processor.py:154} INFO - Started process (PID=221) to work on /home/airflow/.local/lib/python3.7/site-packages/airflow/example_dags/tutorial.py
[2022-11-29T06:54:27.335+0000] {processor.py:756} INFO - Processing file /home/airflow/.local/lib/python3.7/site-packages/airflow/example_dags/tutorial.py for tasks to queue
[2022-11-29T06:54:27.337+0000] {logging_mixin.py:137} INFO - [2022-11-29T06:54:27.337+0000] {dagbag.py:537} INFO - Filling up the DagBag from /home/airflow/.local/lib/python3.7/site-packages/airflow/example_dags/tutorial.py
[2022-11-29T06:54:27.358+0000] {processor.py:766} INFO - DAG(s) dict_keys(['tutorial']) retrieved from /home/airflow/.local/lib/python3.7/site-packages/airflow/example_dags/tutorial.py
[2022-11-29T06:54:27.412+0000] {logging_mixin.py:137} INFO - [2022-11-29T06:54:27.412+0000] {dag.py:2585} INFO - Sync 1 DAGs
[2022-11-29T06:54:27.446+0000] {logging_mixin.py:137} INFO - [2022-11-29T06:54:27.446+0000] {dag.py:3340} INFO - Setting next_dagrun for tutorial to 2022-11-28T06:54:27.446216+00:00, run_after=2022-11-29T06:54:27.446216+00:00
[2022-11-29T06:54:27.470+0000] {processor.py:176} INFO - Processing /home/airflow/.local/lib/python3.7/site-packages/airflow/example_dags/tutorial.py took 0.141 seconds
[2022-11-29T06:54:58.104+0000] {processor.py:154} INFO - Started process (PID=284) to work on /home/airflow/.local/lib/python3.7/site-packages/airflow/example_dags/tutorial.py
[2022-11-29T06:54:58.107+0000] {processor.py:756} INFO - Processing file /home/airflow/.local/lib/python3.7/site-packages/airflow/example_dags/tutorial.py for tasks to queue
[2022-11-29T06:54:58.109+0000] {logging_mixin.py:137} INFO - [2022-11-29T06:54:58.108+0000] {dagbag.py:537} INFO - Filling up the DagBag from /home/airflow/.local/lib/python3.7/site-packages/airflow/example_dags/tutorial.py
[2022-11-29T06:54:58.146+0000] {processor.py:766} INFO - DAG(s) dict_keys(['tutorial']) retrieved from /home/airflow/.local/lib/python3.7/site-packages/airflow/example_dags/tutorial.py
[2022-11-29T06:54:58.218+0000] {logging_mixin.py:137} INFO - [2022-11-29T06:54:58.218+0000] {dag.py:2585} INFO - Sync 1 DAGs
[2022-11-29T06:54:58.264+0000] {logging_mixin.py:137} INFO - [2022-11-29T06:54:58.263+0000] {dag.py:3340} INFO - Setting next_dagrun for tutorial to 2022-11-28T06:54:58.263536+00:00, run_after=2022-11-29T06:54:58.263536+00:00
[2022-11-29T06:54:58.299+0000] {processor.py:176} INFO - Processing /home/airflow/.local/lib/python3.7/site-packages/airflow/example_dags/tutorial.py took 0.202 seconds
[2022-11-29T06:55:28.839+0000] {processor.py:154} INFO - Started process (PID=346) to work on /home/airflow/.local/lib/python3.7/site-packages/airflow/example_dags/tutorial.py
[2022-11-29T06:55:28.841+0000] {processor.py:756} INFO - Processing file /home/airflow/.local/lib/python3.7/site-packages/airflow/example_dags/tutorial.py for tasks to queue
[2022-11-29T06:55:28.843+0000] {logging_mixin.py:137} INFO - [2022-11-29T06:55:28.843+0000] {dagbag.py:537} INFO - Filling up the DagBag from /home/airflow/.local/lib/python3.7/site-packages/airflow/example_dags/tutorial.py
[2022-11-29T06:55:28.865+0000] {processor.py:766} INFO - DAG(s) dict_keys(['tutorial']) retrieved from /home/airflow/.local/lib/python3.7/site-packages/airflow/example_dags/tutorial.py
[2022-11-29T06:55:28.935+0000] {logging_mixin.py:137} INFO - [2022-11-29T06:55:28.935+0000] {dag.py:2585} INFO - Sync 1 DAGs
[2022-11-29T06:55:28.970+0000] {logging_mixin.py:137} INFO - [2022-11-29T06:55:28.970+0000] {dag.py:3340} INFO - Setting next_dagrun for tutorial to 2022-11-28T06:55:28.970250+00:00, run_after=2022-11-29T06:55:28.970250+00:00
[2022-11-29T06:55:28.997+0000] {processor.py:176} INFO - Processing /home/airflow/.local/lib/python3.7/site-packages/airflow/example_dags/tutorial.py took 0.163 seconds
[2022-11-29T06:55:59.460+0000] {processor.py:154} INFO - Started process (PID=400) to work on /home/airflow/.local/lib/python3.7/site-packages/airflow/example_dags/tutorial.py
[2022-11-29T06:55:59.463+0000] {processor.py:756} INFO - Processing file /home/airflow/.local/lib/python3.7/site-packages/airflow/example_dags/tutorial.py for tasks to queue
[2022-11-29T06:55:59.465+0000] {logging_mixin.py:137} INFO - [2022-11-29T06:55:59.465+0000] {dagbag.py:537} INFO - Filling up the DagBag from /home/airflow/.local/lib/python3.7/site-packages/airflow/example_dags/tutorial.py
[2022-11-29T06:55:59.491+0000] {processor.py:766} INFO - DAG(s) dict_keys(['tutorial']) retrieved from /home/airflow/.local/lib/python3.7/site-packages/airflow/example_dags/tutorial.py
[2022-11-29T06:55:59.556+0000] {logging_mixin.py:137} INFO - [2022-11-29T06:55:59.556+0000] {dag.py:2585} INFO - Sync 1 DAGs
[2022-11-29T06:55:59.600+0000] {logging_mixin.py:137} INFO - [2022-11-29T06:55:59.600+0000] {dag.py:3340} INFO - Setting next_dagrun for tutorial to 2022-11-28T06:55:59.600084+00:00, run_after=2022-11-29T06:55:59.600084+00:00
[2022-11-29T06:55:59.637+0000] {processor.py:176} INFO - Processing /home/airflow/.local/lib/python3.7/site-packages/airflow/example_dags/tutorial.py took 0.183 seconds
[2022-11-29T07:01:48.965+0000] {processor.py:154} INFO - Started process (PID=45) to work on /home/airflow/.local/lib/python3.7/site-packages/airflow/example_dags/tutorial.py
[2022-11-29T07:01:48.967+0000] {processor.py:756} INFO - Processing file /home/airflow/.local/lib/python3.7/site-packages/airflow/example_dags/tutorial.py for tasks to queue
[2022-11-29T07:01:48.969+0000] {logging_mixin.py:137} INFO - [2022-11-29T07:01:48.969+0000] {dagbag.py:537} INFO - Filling up the DagBag from /home/airflow/.local/lib/python3.7/site-packages/airflow/example_dags/tutorial.py
[2022-11-29T07:01:49.017+0000] {processor.py:766} INFO - DAG(s) dict_keys(['tutorial']) retrieved from /home/airflow/.local/lib/python3.7/site-packages/airflow/example_dags/tutorial.py
[2022-11-29T07:01:49.112+0000] {logging_mixin.py:137} INFO - [2022-11-29T07:01:49.112+0000] {dag.py:2585} INFO - Sync 1 DAGs
[2022-11-29T07:01:49.156+0000] {logging_mixin.py:137} INFO - [2022-11-29T07:01:49.156+0000] {dag.py:3340} INFO - Setting next_dagrun for tutorial to 2022-11-28T07:01:49.156028+00:00, run_after=2022-11-29T07:01:49.156028+00:00
[2022-11-29T07:01:49.186+0000] {processor.py:176} INFO - Processing /home/airflow/.local/lib/python3.7/site-packages/airflow/example_dags/tutorial.py took 0.227 seconds
[2022-11-29T07:02:19.966+0000] {processor.py:154} INFO - Started process (PID=99) to work on /home/airflow/.local/lib/python3.7/site-packages/airflow/example_dags/tutorial.py
[2022-11-29T07:02:19.969+0000] {processor.py:756} INFO - Processing file /home/airflow/.local/lib/python3.7/site-packages/airflow/example_dags/tutorial.py for tasks to queue
[2022-11-29T07:02:19.971+0000] {logging_mixin.py:137} INFO - [2022-11-29T07:02:19.970+0000] {dagbag.py:537} INFO - Filling up the DagBag from /home/airflow/.local/lib/python3.7/site-packages/airflow/example_dags/tutorial.py
[2022-11-29T07:02:19.995+0000] {processor.py:766} INFO - DAG(s) dict_keys(['tutorial']) retrieved from /home/airflow/.local/lib/python3.7/site-packages/airflow/example_dags/tutorial.py
[2022-11-29T07:02:20.058+0000] {logging_mixin.py:137} INFO - [2022-11-29T07:02:20.058+0000] {dag.py:2585} INFO - Sync 1 DAGs
[2022-11-29T07:02:20.096+0000] {logging_mixin.py:137} INFO - [2022-11-29T07:02:20.096+0000] {dag.py:3340} INFO - Setting next_dagrun for tutorial to 2022-11-28T07:02:20.096248+00:00, run_after=2022-11-29T07:02:20.096248+00:00
[2022-11-29T07:02:20.129+0000] {processor.py:176} INFO - Processing /home/airflow/.local/lib/python3.7/site-packages/airflow/example_dags/tutorial.py took 0.168 seconds
[2022-11-29T07:02:50.501+0000] {processor.py:154} INFO - Started process (PID=163) to work on /home/airflow/.local/lib/python3.7/site-packages/airflow/example_dags/tutorial.py
[2022-11-29T07:02:50.503+0000] {processor.py:756} INFO - Processing file /home/airflow/.local/lib/python3.7/site-packages/airflow/example_dags/tutorial.py for tasks to queue
[2022-11-29T07:02:50.507+0000] {logging_mixin.py:137} INFO - [2022-11-29T07:02:50.506+0000] {dagbag.py:537} INFO - Filling up the DagBag from /home/airflow/.local/lib/python3.7/site-packages/airflow/example_dags/tutorial.py
[2022-11-29T07:02:50.555+0000] {processor.py:766} INFO - DAG(s) dict_keys(['tutorial']) retrieved from /home/airflow/.local/lib/python3.7/site-packages/airflow/example_dags/tutorial.py
[2022-11-29T07:02:50.624+0000] {logging_mixin.py:137} INFO - [2022-11-29T07:02:50.624+0000] {dag.py:2585} INFO - Sync 1 DAGs
[2022-11-29T07:02:50.675+0000] {logging_mixin.py:137} INFO - [2022-11-29T07:02:50.675+0000] {dag.py:3340} INFO - Setting next_dagrun for tutorial to 2022-11-28T07:02:50.674788+00:00, run_after=2022-11-29T07:02:50.674788+00:00
[2022-11-29T07:02:50.719+0000] {processor.py:176} INFO - Processing /home/airflow/.local/lib/python3.7/site-packages/airflow/example_dags/tutorial.py took 0.226 seconds
[2022-11-29T07:03:21.338+0000] {processor.py:154} INFO - Started process (PID=226) to work on /home/airflow/.local/lib/python3.7/site-packages/airflow/example_dags/tutorial.py
[2022-11-29T07:03:21.340+0000] {processor.py:756} INFO - Processing file /home/airflow/.local/lib/python3.7/site-packages/airflow/example_dags/tutorial.py for tasks to queue
[2022-11-29T07:03:21.344+0000] {logging_mixin.py:137} INFO - [2022-11-29T07:03:21.344+0000] {dagbag.py:537} INFO - Filling up the DagBag from /home/airflow/.local/lib/python3.7/site-packages/airflow/example_dags/tutorial.py
[2022-11-29T07:03:21.368+0000] {processor.py:766} INFO - DAG(s) dict_keys(['tutorial']) retrieved from /home/airflow/.local/lib/python3.7/site-packages/airflow/example_dags/tutorial.py
[2022-11-29T07:03:21.423+0000] {logging_mixin.py:137} INFO - [2022-11-29T07:03:21.423+0000] {dag.py:2585} INFO - Sync 1 DAGs
[2022-11-29T07:03:21.460+0000] {logging_mixin.py:137} INFO - [2022-11-29T07:03:21.460+0000] {dag.py:3340} INFO - Setting next_dagrun for tutorial to 2022-11-28T07:03:21.459902+00:00, run_after=2022-11-29T07:03:21.459902+00:00
[2022-11-29T07:03:21.487+0000] {processor.py:176} INFO - Processing /home/airflow/.local/lib/python3.7/site-packages/airflow/example_dags/tutorial.py took 0.153 seconds
[2022-11-29T07:03:52.031+0000] {processor.py:154} INFO - Started process (PID=280) to work on /home/airflow/.local/lib/python3.7/site-packages/airflow/example_dags/tutorial.py
[2022-11-29T07:03:52.033+0000] {processor.py:756} INFO - Processing file /home/airflow/.local/lib/python3.7/site-packages/airflow/example_dags/tutorial.py for tasks to queue
[2022-11-29T07:03:52.034+0000] {logging_mixin.py:137} INFO - [2022-11-29T07:03:52.034+0000] {dagbag.py:537} INFO - Filling up the DagBag from /home/airflow/.local/lib/python3.7/site-packages/airflow/example_dags/tutorial.py
[2022-11-29T07:03:52.058+0000] {processor.py:766} INFO - DAG(s) dict_keys(['tutorial']) retrieved from /home/airflow/.local/lib/python3.7/site-packages/airflow/example_dags/tutorial.py
[2022-11-29T07:03:52.116+0000] {logging_mixin.py:137} INFO - [2022-11-29T07:03:52.116+0000] {dag.py:2585} INFO - Sync 1 DAGs
[2022-11-29T07:03:52.151+0000] {logging_mixin.py:137} INFO - [2022-11-29T07:03:52.151+0000] {dag.py:3340} INFO - Setting next_dagrun for tutorial to 2022-11-28T07:03:52.151379+00:00, run_after=2022-11-29T07:03:52.151379+00:00
[2022-11-29T07:03:52.188+0000] {processor.py:176} INFO - Processing /home/airflow/.local/lib/python3.7/site-packages/airflow/example_dags/tutorial.py took 0.162 seconds
[2022-11-29T07:04:47.967+0000] {processor.py:154} INFO - Started process (PID=45) to work on /home/airflow/.local/lib/python3.7/site-packages/airflow/example_dags/tutorial.py
[2022-11-29T07:04:47.970+0000] {processor.py:756} INFO - Processing file /home/airflow/.local/lib/python3.7/site-packages/airflow/example_dags/tutorial.py for tasks to queue
[2022-11-29T07:04:47.972+0000] {logging_mixin.py:137} INFO - [2022-11-29T07:04:47.972+0000] {dagbag.py:537} INFO - Filling up the DagBag from /home/airflow/.local/lib/python3.7/site-packages/airflow/example_dags/tutorial.py
[2022-11-29T07:04:48.009+0000] {processor.py:766} INFO - DAG(s) dict_keys(['tutorial']) retrieved from /home/airflow/.local/lib/python3.7/site-packages/airflow/example_dags/tutorial.py
[2022-11-29T07:04:48.065+0000] {logging_mixin.py:137} INFO - [2022-11-29T07:04:48.065+0000] {dag.py:2585} INFO - Sync 1 DAGs
[2022-11-29T07:04:48.122+0000] {logging_mixin.py:137} INFO - [2022-11-29T07:04:48.122+0000] {dag.py:3340} INFO - Setting next_dagrun for tutorial to 2022-11-28T07:04:48.122314+00:00, run_after=2022-11-29T07:04:48.122314+00:00
[2022-11-29T07:04:48.152+0000] {processor.py:176} INFO - Processing /home/airflow/.local/lib/python3.7/site-packages/airflow/example_dags/tutorial.py took 0.191 seconds
[2022-11-29T07:05:57.815+0000] {processor.py:154} INFO - Started process (PID=45) to work on /home/airflow/.local/lib/python3.7/site-packages/airflow/example_dags/tutorial.py
[2022-11-29T07:05:57.817+0000] {processor.py:756} INFO - Processing file /home/airflow/.local/lib/python3.7/site-packages/airflow/example_dags/tutorial.py for tasks to queue
[2022-11-29T07:05:57.819+0000] {logging_mixin.py:137} INFO - [2022-11-29T07:05:57.819+0000] {dagbag.py:537} INFO - Filling up the DagBag from /home/airflow/.local/lib/python3.7/site-packages/airflow/example_dags/tutorial.py
[2022-11-29T07:05:57.845+0000] {processor.py:766} INFO - DAG(s) dict_keys(['tutorial']) retrieved from /home/airflow/.local/lib/python3.7/site-packages/airflow/example_dags/tutorial.py
[2022-11-29T07:05:57.885+0000] {logging_mixin.py:137} INFO - [2022-11-29T07:05:57.885+0000] {dag.py:2585} INFO - Sync 1 DAGs
[2022-11-29T07:05:57.926+0000] {logging_mixin.py:137} INFO - [2022-11-29T07:05:57.926+0000] {dag.py:3340} INFO - Setting next_dagrun for tutorial to 2022-11-28T07:05:57.925702+00:00, run_after=2022-11-29T07:05:57.925702+00:00
[2022-11-29T07:05:57.956+0000] {processor.py:176} INFO - Processing /home/airflow/.local/lib/python3.7/site-packages/airflow/example_dags/tutorial.py took 0.146 seconds
[2022-11-29T07:06:28.665+0000] {processor.py:154} INFO - Started process (PID=99) to work on /home/airflow/.local/lib/python3.7/site-packages/airflow/example_dags/tutorial.py
[2022-11-29T07:06:28.667+0000] {processor.py:756} INFO - Processing file /home/airflow/.local/lib/python3.7/site-packages/airflow/example_dags/tutorial.py for tasks to queue
[2022-11-29T07:06:28.669+0000] {logging_mixin.py:137} INFO - [2022-11-29T07:06:28.668+0000] {dagbag.py:537} INFO - Filling up the DagBag from /home/airflow/.local/lib/python3.7/site-packages/airflow/example_dags/tutorial.py
[2022-11-29T07:06:28.698+0000] {processor.py:766} INFO - DAG(s) dict_keys(['tutorial']) retrieved from /home/airflow/.local/lib/python3.7/site-packages/airflow/example_dags/tutorial.py
[2022-11-29T07:06:28.761+0000] {logging_mixin.py:137} INFO - [2022-11-29T07:06:28.761+0000] {dag.py:2585} INFO - Sync 1 DAGs
[2022-11-29T07:06:28.823+0000] {logging_mixin.py:137} INFO - [2022-11-29T07:06:28.823+0000] {dag.py:3340} INFO - Setting next_dagrun for tutorial to 2022-11-28T07:06:28.823119+00:00, run_after=2022-11-29T07:06:28.823119+00:00
[2022-11-29T07:06:28.865+0000] {processor.py:176} INFO - Processing /home/airflow/.local/lib/python3.7/site-packages/airflow/example_dags/tutorial.py took 0.207 seconds
[2022-11-29T07:06:59.029+0000] {processor.py:154} INFO - Started process (PID=163) to work on /home/airflow/.local/lib/python3.7/site-packages/airflow/example_dags/tutorial.py
[2022-11-29T07:06:59.031+0000] {processor.py:756} INFO - Processing file /home/airflow/.local/lib/python3.7/site-packages/airflow/example_dags/tutorial.py for tasks to queue
[2022-11-29T07:06:59.032+0000] {logging_mixin.py:137} INFO - [2022-11-29T07:06:59.032+0000] {dagbag.py:537} INFO - Filling up the DagBag from /home/airflow/.local/lib/python3.7/site-packages/airflow/example_dags/tutorial.py
[2022-11-29T07:06:59.055+0000] {processor.py:766} INFO - DAG(s) dict_keys(['tutorial']) retrieved from /home/airflow/.local/lib/python3.7/site-packages/airflow/example_dags/tutorial.py
[2022-11-29T07:06:59.125+0000] {logging_mixin.py:137} INFO - [2022-11-29T07:06:59.125+0000] {dag.py:2585} INFO - Sync 1 DAGs
[2022-11-29T07:06:59.166+0000] {logging_mixin.py:137} INFO - [2022-11-29T07:06:59.166+0000] {dag.py:3340} INFO - Setting next_dagrun for tutorial to 2022-11-28T07:06:59.166460+00:00, run_after=2022-11-29T07:06:59.166460+00:00
[2022-11-29T07:06:59.204+0000] {processor.py:176} INFO - Processing /home/airflow/.local/lib/python3.7/site-packages/airflow/example_dags/tutorial.py took 0.180 seconds
[2022-11-29T07:07:29.940+0000] {processor.py:154} INFO - Started process (PID=226) to work on /home/airflow/.local/lib/python3.7/site-packages/airflow/example_dags/tutorial.py
[2022-11-29T07:07:29.949+0000] {processor.py:756} INFO - Processing file /home/airflow/.local/lib/python3.7/site-packages/airflow/example_dags/tutorial.py for tasks to queue
[2022-11-29T07:07:29.955+0000] {logging_mixin.py:137} INFO - [2022-11-29T07:07:29.954+0000] {dagbag.py:537} INFO - Filling up the DagBag from /home/airflow/.local/lib/python3.7/site-packages/airflow/example_dags/tutorial.py
[2022-11-29T07:07:29.984+0000] {processor.py:766} INFO - DAG(s) dict_keys(['tutorial']) retrieved from /home/airflow/.local/lib/python3.7/site-packages/airflow/example_dags/tutorial.py
[2022-11-29T07:07:30.038+0000] {logging_mixin.py:137} INFO - [2022-11-29T07:07:30.038+0000] {dag.py:2585} INFO - Sync 1 DAGs
[2022-11-29T07:07:30.091+0000] {logging_mixin.py:137} INFO - [2022-11-29T07:07:30.091+0000] {dag.py:3340} INFO - Setting next_dagrun for tutorial to 2022-11-28T07:07:30.091177+00:00, run_after=2022-11-29T07:07:30.091177+00:00
[2022-11-29T07:07:30.120+0000] {processor.py:176} INFO - Processing /home/airflow/.local/lib/python3.7/site-packages/airflow/example_dags/tutorial.py took 0.191 seconds
[2022-11-29T07:08:00.747+0000] {processor.py:154} INFO - Started process (PID=282) to work on /home/airflow/.local/lib/python3.7/site-packages/airflow/example_dags/tutorial.py
[2022-11-29T07:08:00.748+0000] {processor.py:756} INFO - Processing file /home/airflow/.local/lib/python3.7/site-packages/airflow/example_dags/tutorial.py for tasks to queue
[2022-11-29T07:08:00.749+0000] {logging_mixin.py:137} INFO - [2022-11-29T07:08:00.749+0000] {dagbag.py:537} INFO - Filling up the DagBag from /home/airflow/.local/lib/python3.7/site-packages/airflow/example_dags/tutorial.py
[2022-11-29T07:08:00.772+0000] {processor.py:766} INFO - DAG(s) dict_keys(['tutorial']) retrieved from /home/airflow/.local/lib/python3.7/site-packages/airflow/example_dags/tutorial.py
[2022-11-29T07:08:00.827+0000] {logging_mixin.py:137} INFO - [2022-11-29T07:08:00.826+0000] {dag.py:2585} INFO - Sync 1 DAGs
[2022-11-29T07:08:00.863+0000] {logging_mixin.py:137} INFO - [2022-11-29T07:08:00.863+0000] {dag.py:3340} INFO - Setting next_dagrun for tutorial to 2022-11-28T07:08:00.862602+00:00, run_after=2022-11-29T07:08:00.862602+00:00
[2022-11-29T07:08:00.889+0000] {processor.py:176} INFO - Processing /home/airflow/.local/lib/python3.7/site-packages/airflow/example_dags/tutorial.py took 0.147 seconds
[2022-11-29T07:08:31.806+0000] {processor.py:154} INFO - Started process (PID=345) to work on /home/airflow/.local/lib/python3.7/site-packages/airflow/example_dags/tutorial.py
[2022-11-29T07:08:31.808+0000] {processor.py:756} INFO - Processing file /home/airflow/.local/lib/python3.7/site-packages/airflow/example_dags/tutorial.py for tasks to queue
[2022-11-29T07:08:31.809+0000] {logging_mixin.py:137} INFO - [2022-11-29T07:08:31.809+0000] {dagbag.py:537} INFO - Filling up the DagBag from /home/airflow/.local/lib/python3.7/site-packages/airflow/example_dags/tutorial.py
[2022-11-29T07:08:31.834+0000] {processor.py:766} INFO - DAG(s) dict_keys(['tutorial']) retrieved from /home/airflow/.local/lib/python3.7/site-packages/airflow/example_dags/tutorial.py
[2022-11-29T07:08:31.891+0000] {logging_mixin.py:137} INFO - [2022-11-29T07:08:31.891+0000] {dag.py:2585} INFO - Sync 1 DAGs
[2022-11-29T07:08:31.926+0000] {logging_mixin.py:137} INFO - [2022-11-29T07:08:31.926+0000] {dag.py:3340} INFO - Setting next_dagrun for tutorial to 2022-11-28T07:08:31.926385+00:00, run_after=2022-11-29T07:08:31.926385+00:00
[2022-11-29T07:08:31.951+0000] {processor.py:176} INFO - Processing /home/airflow/.local/lib/python3.7/site-packages/airflow/example_dags/tutorial.py took 0.150 seconds
[2022-11-29T07:09:02.809+0000] {processor.py:154} INFO - Started process (PID=408) to work on /home/airflow/.local/lib/python3.7/site-packages/airflow/example_dags/tutorial.py
[2022-11-29T07:09:02.811+0000] {processor.py:756} INFO - Processing file /home/airflow/.local/lib/python3.7/site-packages/airflow/example_dags/tutorial.py for tasks to queue
[2022-11-29T07:09:02.812+0000] {logging_mixin.py:137} INFO - [2022-11-29T07:09:02.812+0000] {dagbag.py:537} INFO - Filling up the DagBag from /home/airflow/.local/lib/python3.7/site-packages/airflow/example_dags/tutorial.py
[2022-11-29T07:09:02.838+0000] {processor.py:766} INFO - DAG(s) dict_keys(['tutorial']) retrieved from /home/airflow/.local/lib/python3.7/site-packages/airflow/example_dags/tutorial.py
[2022-11-29T07:09:02.897+0000] {logging_mixin.py:137} INFO - [2022-11-29T07:09:02.897+0000] {dag.py:2585} INFO - Sync 1 DAGs
[2022-11-29T07:09:02.934+0000] {logging_mixin.py:137} INFO - [2022-11-29T07:09:02.934+0000] {dag.py:3340} INFO - Setting next_dagrun for tutorial to 2022-11-28T07:09:02.933964+00:00, run_after=2022-11-29T07:09:02.933964+00:00
[2022-11-29T07:09:02.963+0000] {processor.py:176} INFO - Processing /home/airflow/.local/lib/python3.7/site-packages/airflow/example_dags/tutorial.py took 0.159 seconds
[2022-11-29T07:09:33.199+0000] {processor.py:154} INFO - Started process (PID=462) to work on /home/airflow/.local/lib/python3.7/site-packages/airflow/example_dags/tutorial.py
[2022-11-29T07:09:33.201+0000] {processor.py:756} INFO - Processing file /home/airflow/.local/lib/python3.7/site-packages/airflow/example_dags/tutorial.py for tasks to queue
[2022-11-29T07:09:33.203+0000] {logging_mixin.py:137} INFO - [2022-11-29T07:09:33.203+0000] {dagbag.py:537} INFO - Filling up the DagBag from /home/airflow/.local/lib/python3.7/site-packages/airflow/example_dags/tutorial.py
[2022-11-29T07:09:33.241+0000] {processor.py:766} INFO - DAG(s) dict_keys(['tutorial']) retrieved from /home/airflow/.local/lib/python3.7/site-packages/airflow/example_dags/tutorial.py
[2022-11-29T07:09:33.311+0000] {logging_mixin.py:137} INFO - [2022-11-29T07:09:33.310+0000] {dag.py:2585} INFO - Sync 1 DAGs
[2022-11-29T07:09:33.354+0000] {logging_mixin.py:137} INFO - [2022-11-29T07:09:33.354+0000] {dag.py:3340} INFO - Setting next_dagrun for tutorial to 2022-11-28T07:09:33.354018+00:00, run_after=2022-11-29T07:09:33.354018+00:00
[2022-11-29T07:09:33.387+0000] {processor.py:176} INFO - Processing /home/airflow/.local/lib/python3.7/site-packages/airflow/example_dags/tutorial.py took 0.194 seconds
[2022-11-29T07:10:03.964+0000] {processor.py:154} INFO - Started process (PID=525) to work on /home/airflow/.local/lib/python3.7/site-packages/airflow/example_dags/tutorial.py
[2022-11-29T07:10:03.967+0000] {processor.py:756} INFO - Processing file /home/airflow/.local/lib/python3.7/site-packages/airflow/example_dags/tutorial.py for tasks to queue
[2022-11-29T07:10:03.971+0000] {logging_mixin.py:137} INFO - [2022-11-29T07:10:03.970+0000] {dagbag.py:537} INFO - Filling up the DagBag from /home/airflow/.local/lib/python3.7/site-packages/airflow/example_dags/tutorial.py
[2022-11-29T07:10:04.008+0000] {processor.py:766} INFO - DAG(s) dict_keys(['tutorial']) retrieved from /home/airflow/.local/lib/python3.7/site-packages/airflow/example_dags/tutorial.py
[2022-11-29T07:10:04.068+0000] {logging_mixin.py:137} INFO - [2022-11-29T07:10:04.068+0000] {dag.py:2585} INFO - Sync 1 DAGs
[2022-11-29T07:10:04.108+0000] {logging_mixin.py:137} INFO - [2022-11-29T07:10:04.108+0000] {dag.py:3340} INFO - Setting next_dagrun for tutorial to 2022-11-28T07:10:04.108236+00:00, run_after=2022-11-29T07:10:04.108236+00:00
[2022-11-29T07:10:04.136+0000] {processor.py:176} INFO - Processing /home/airflow/.local/lib/python3.7/site-packages/airflow/example_dags/tutorial.py took 0.183 seconds
[2022-11-29T07:10:34.591+0000] {processor.py:154} INFO - Started process (PID=586) to work on /home/airflow/.local/lib/python3.7/site-packages/airflow/example_dags/tutorial.py
[2022-11-29T07:10:34.593+0000] {processor.py:756} INFO - Processing file /home/airflow/.local/lib/python3.7/site-packages/airflow/example_dags/tutorial.py for tasks to queue
[2022-11-29T07:10:34.594+0000] {logging_mixin.py:137} INFO - [2022-11-29T07:10:34.594+0000] {dagbag.py:537} INFO - Filling up the DagBag from /home/airflow/.local/lib/python3.7/site-packages/airflow/example_dags/tutorial.py
[2022-11-29T07:10:34.620+0000] {processor.py:766} INFO - DAG(s) dict_keys(['tutorial']) retrieved from /home/airflow/.local/lib/python3.7/site-packages/airflow/example_dags/tutorial.py
[2022-11-29T07:10:34.680+0000] {logging_mixin.py:137} INFO - [2022-11-29T07:10:34.679+0000] {dag.py:2585} INFO - Sync 1 DAGs
[2022-11-29T07:10:34.715+0000] {logging_mixin.py:137} INFO - [2022-11-29T07:10:34.715+0000] {dag.py:3340} INFO - Setting next_dagrun for tutorial to 2022-11-28T07:10:34.715023+00:00, run_after=2022-11-29T07:10:34.715023+00:00
[2022-11-29T07:10:34.741+0000] {processor.py:176} INFO - Processing /home/airflow/.local/lib/python3.7/site-packages/airflow/example_dags/tutorial.py took 0.154 seconds
[2022-11-29T07:11:05.071+0000] {processor.py:154} INFO - Started process (PID=642) to work on /home/airflow/.local/lib/python3.7/site-packages/airflow/example_dags/tutorial.py
[2022-11-29T07:11:05.072+0000] {processor.py:756} INFO - Processing file /home/airflow/.local/lib/python3.7/site-packages/airflow/example_dags/tutorial.py for tasks to queue
[2022-11-29T07:11:05.074+0000] {logging_mixin.py:137} INFO - [2022-11-29T07:11:05.074+0000] {dagbag.py:537} INFO - Filling up the DagBag from /home/airflow/.local/lib/python3.7/site-packages/airflow/example_dags/tutorial.py
[2022-11-29T07:11:05.097+0000] {processor.py:766} INFO - DAG(s) dict_keys(['tutorial']) retrieved from /home/airflow/.local/lib/python3.7/site-packages/airflow/example_dags/tutorial.py
[2022-11-29T07:11:05.152+0000] {logging_mixin.py:137} INFO - [2022-11-29T07:11:05.152+0000] {dag.py:2585} INFO - Sync 1 DAGs
[2022-11-29T07:11:05.186+0000] {logging_mixin.py:137} INFO - [2022-11-29T07:11:05.186+0000] {dag.py:3340} INFO - Setting next_dagrun for tutorial to 2022-11-28T07:11:05.186217+00:00, run_after=2022-11-29T07:11:05.186217+00:00
[2022-11-29T07:11:05.216+0000] {processor.py:176} INFO - Processing /home/airflow/.local/lib/python3.7/site-packages/airflow/example_dags/tutorial.py took 0.151 seconds
[2022-11-29T07:11:35.740+0000] {processor.py:154} INFO - Started process (PID=704) to work on /home/airflow/.local/lib/python3.7/site-packages/airflow/example_dags/tutorial.py
[2022-11-29T07:11:35.744+0000] {processor.py:756} INFO - Processing file /home/airflow/.local/lib/python3.7/site-packages/airflow/example_dags/tutorial.py for tasks to queue
[2022-11-29T07:11:35.747+0000] {logging_mixin.py:137} INFO - [2022-11-29T07:11:35.746+0000] {dagbag.py:537} INFO - Filling up the DagBag from /home/airflow/.local/lib/python3.7/site-packages/airflow/example_dags/tutorial.py
[2022-11-29T07:11:35.770+0000] {processor.py:766} INFO - DAG(s) dict_keys(['tutorial']) retrieved from /home/airflow/.local/lib/python3.7/site-packages/airflow/example_dags/tutorial.py
[2022-11-29T07:11:35.831+0000] {logging_mixin.py:137} INFO - [2022-11-29T07:11:35.831+0000] {dag.py:2585} INFO - Sync 1 DAGs
[2022-11-29T07:11:35.866+0000] {logging_mixin.py:137} INFO - [2022-11-29T07:11:35.866+0000] {dag.py:3340} INFO - Setting next_dagrun for tutorial to 2022-11-28T07:11:35.866281+00:00, run_after=2022-11-29T07:11:35.866281+00:00
[2022-11-29T07:11:35.892+0000] {processor.py:176} INFO - Processing /home/airflow/.local/lib/python3.7/site-packages/airflow/example_dags/tutorial.py took 0.158 seconds
[2022-11-29T07:12:06.715+0000] {processor.py:154} INFO - Started process (PID=758) to work on /home/airflow/.local/lib/python3.7/site-packages/airflow/example_dags/tutorial.py
[2022-11-29T07:12:06.717+0000] {processor.py:756} INFO - Processing file /home/airflow/.local/lib/python3.7/site-packages/airflow/example_dags/tutorial.py for tasks to queue
[2022-11-29T07:12:06.719+0000] {logging_mixin.py:137} INFO - [2022-11-29T07:12:06.718+0000] {dagbag.py:537} INFO - Filling up the DagBag from /home/airflow/.local/lib/python3.7/site-packages/airflow/example_dags/tutorial.py
[2022-11-29T07:12:06.743+0000] {processor.py:766} INFO - DAG(s) dict_keys(['tutorial']) retrieved from /home/airflow/.local/lib/python3.7/site-packages/airflow/example_dags/tutorial.py
[2022-11-29T07:12:06.797+0000] {logging_mixin.py:137} INFO - [2022-11-29T07:12:06.797+0000] {dag.py:2585} INFO - Sync 1 DAGs
[2022-11-29T07:12:06.834+0000] {logging_mixin.py:137} INFO - [2022-11-29T07:12:06.834+0000] {dag.py:3340} INFO - Setting next_dagrun for tutorial to 2022-11-28T07:12:06.834120+00:00, run_after=2022-11-29T07:12:06.834120+00:00
[2022-11-29T07:12:06.861+0000] {processor.py:176} INFO - Processing /home/airflow/.local/lib/python3.7/site-packages/airflow/example_dags/tutorial.py took 0.151 seconds
[2022-11-29T07:12:37.189+0000] {processor.py:154} INFO - Started process (PID=822) to work on /home/airflow/.local/lib/python3.7/site-packages/airflow/example_dags/tutorial.py
[2022-11-29T07:12:37.191+0000] {processor.py:756} INFO - Processing file /home/airflow/.local/lib/python3.7/site-packages/airflow/example_dags/tutorial.py for tasks to queue
[2022-11-29T07:12:37.193+0000] {logging_mixin.py:137} INFO - [2022-11-29T07:12:37.192+0000] {dagbag.py:537} INFO - Filling up the DagBag from /home/airflow/.local/lib/python3.7/site-packages/airflow/example_dags/tutorial.py
[2022-11-29T07:12:37.216+0000] {processor.py:766} INFO - DAG(s) dict_keys(['tutorial']) retrieved from /home/airflow/.local/lib/python3.7/site-packages/airflow/example_dags/tutorial.py
[2022-11-29T07:12:37.277+0000] {logging_mixin.py:137} INFO - [2022-11-29T07:12:37.277+0000] {dag.py:2585} INFO - Sync 1 DAGs
[2022-11-29T07:12:37.311+0000] {logging_mixin.py:137} INFO - [2022-11-29T07:12:37.311+0000] {dag.py:3340} INFO - Setting next_dagrun for tutorial to 2022-11-28T07:12:37.311263+00:00, run_after=2022-11-29T07:12:37.311263+00:00
[2022-11-29T07:12:37.338+0000] {processor.py:176} INFO - Processing /home/airflow/.local/lib/python3.7/site-packages/airflow/example_dags/tutorial.py took 0.155 seconds
[2022-11-29T07:13:07.591+0000] {processor.py:154} INFO - Started process (PID=884) to work on /home/airflow/.local/lib/python3.7/site-packages/airflow/example_dags/tutorial.py
[2022-11-29T07:13:07.593+0000] {processor.py:756} INFO - Processing file /home/airflow/.local/lib/python3.7/site-packages/airflow/example_dags/tutorial.py for tasks to queue
[2022-11-29T07:13:07.595+0000] {logging_mixin.py:137} INFO - [2022-11-29T07:13:07.595+0000] {dagbag.py:537} INFO - Filling up the DagBag from /home/airflow/.local/lib/python3.7/site-packages/airflow/example_dags/tutorial.py
[2022-11-29T07:13:07.618+0000] {processor.py:766} INFO - DAG(s) dict_keys(['tutorial']) retrieved from /home/airflow/.local/lib/python3.7/site-packages/airflow/example_dags/tutorial.py
[2022-11-29T07:13:07.683+0000] {logging_mixin.py:137} INFO - [2022-11-29T07:13:07.683+0000] {dag.py:2585} INFO - Sync 1 DAGs
[2022-11-29T07:13:07.719+0000] {logging_mixin.py:137} INFO - [2022-11-29T07:13:07.719+0000] {dag.py:3340} INFO - Setting next_dagrun for tutorial to 2022-11-28T07:13:07.719369+00:00, run_after=2022-11-29T07:13:07.719369+00:00
[2022-11-29T07:13:07.753+0000] {processor.py:176} INFO - Processing /home/airflow/.local/lib/python3.7/site-packages/airflow/example_dags/tutorial.py took 0.168 seconds
[2022-11-29T07:13:38.370+0000] {processor.py:154} INFO - Started process (PID=938) to work on /home/airflow/.local/lib/python3.7/site-packages/airflow/example_dags/tutorial.py
[2022-11-29T07:13:38.373+0000] {processor.py:756} INFO - Processing file /home/airflow/.local/lib/python3.7/site-packages/airflow/example_dags/tutorial.py for tasks to queue
[2022-11-29T07:13:38.374+0000] {logging_mixin.py:137} INFO - [2022-11-29T07:13:38.374+0000] {dagbag.py:537} INFO - Filling up the DagBag from /home/airflow/.local/lib/python3.7/site-packages/airflow/example_dags/tutorial.py
[2022-11-29T07:13:38.397+0000] {processor.py:766} INFO - DAG(s) dict_keys(['tutorial']) retrieved from /home/airflow/.local/lib/python3.7/site-packages/airflow/example_dags/tutorial.py
[2022-11-29T07:13:38.481+0000] {logging_mixin.py:137} INFO - [2022-11-29T07:13:38.480+0000] {dag.py:2585} INFO - Sync 1 DAGs
[2022-11-29T07:13:38.529+0000] {logging_mixin.py:137} INFO - [2022-11-29T07:13:38.528+0000] {dag.py:3340} INFO - Setting next_dagrun for tutorial to 2022-11-28T07:13:38.528551+00:00, run_after=2022-11-29T07:13:38.528551+00:00
[2022-11-29T07:13:38.555+0000] {processor.py:176} INFO - Processing /home/airflow/.local/lib/python3.7/site-packages/airflow/example_dags/tutorial.py took 0.196 seconds
[2022-11-29T07:14:08.798+0000] {processor.py:154} INFO - Started process (PID=1001) to work on /home/airflow/.local/lib/python3.7/site-packages/airflow/example_dags/tutorial.py
[2022-11-29T07:14:08.800+0000] {processor.py:756} INFO - Processing file /home/airflow/.local/lib/python3.7/site-packages/airflow/example_dags/tutorial.py for tasks to queue
[2022-11-29T07:14:08.801+0000] {logging_mixin.py:137} INFO - [2022-11-29T07:14:08.801+0000] {dagbag.py:537} INFO - Filling up the DagBag from /home/airflow/.local/lib/python3.7/site-packages/airflow/example_dags/tutorial.py
[2022-11-29T07:14:08.824+0000] {processor.py:766} INFO - DAG(s) dict_keys(['tutorial']) retrieved from /home/airflow/.local/lib/python3.7/site-packages/airflow/example_dags/tutorial.py
[2022-11-29T07:14:08.879+0000] {logging_mixin.py:137} INFO - [2022-11-29T07:14:08.879+0000] {dag.py:2585} INFO - Sync 1 DAGs
[2022-11-29T07:14:08.914+0000] {logging_mixin.py:137} INFO - [2022-11-29T07:14:08.914+0000] {dag.py:3340} INFO - Setting next_dagrun for tutorial to 2022-11-28T07:14:08.914401+00:00, run_after=2022-11-29T07:14:08.914401+00:00
[2022-11-29T07:14:08.942+0000] {processor.py:176} INFO - Processing /home/airflow/.local/lib/python3.7/site-packages/airflow/example_dags/tutorial.py took 0.150 seconds
[2022-11-29T07:14:39.308+0000] {processor.py:154} INFO - Started process (PID=1064) to work on /home/airflow/.local/lib/python3.7/site-packages/airflow/example_dags/tutorial.py
[2022-11-29T07:14:39.309+0000] {processor.py:756} INFO - Processing file /home/airflow/.local/lib/python3.7/site-packages/airflow/example_dags/tutorial.py for tasks to queue
[2022-11-29T07:14:39.311+0000] {logging_mixin.py:137} INFO - [2022-11-29T07:14:39.311+0000] {dagbag.py:537} INFO - Filling up the DagBag from /home/airflow/.local/lib/python3.7/site-packages/airflow/example_dags/tutorial.py
[2022-11-29T07:14:39.331+0000] {processor.py:766} INFO - DAG(s) dict_keys(['tutorial']) retrieved from /home/airflow/.local/lib/python3.7/site-packages/airflow/example_dags/tutorial.py
[2022-11-29T07:14:39.392+0000] {logging_mixin.py:137} INFO - [2022-11-29T07:14:39.391+0000] {dag.py:2585} INFO - Sync 1 DAGs
[2022-11-29T07:14:39.427+0000] {logging_mixin.py:137} INFO - [2022-11-29T07:14:39.427+0000] {dag.py:3340} INFO - Setting next_dagrun for tutorial to 2022-11-28T07:14:39.426906+00:00, run_after=2022-11-29T07:14:39.426906+00:00
[2022-11-29T07:14:39.451+0000] {processor.py:176} INFO - Processing /home/airflow/.local/lib/python3.7/site-packages/airflow/example_dags/tutorial.py took 0.148 seconds
[2022-11-29T07:15:09.737+0000] {processor.py:154} INFO - Started process (PID=1118) to work on /home/airflow/.local/lib/python3.7/site-packages/airflow/example_dags/tutorial.py
[2022-11-29T07:15:09.741+0000] {processor.py:756} INFO - Processing file /home/airflow/.local/lib/python3.7/site-packages/airflow/example_dags/tutorial.py for tasks to queue
[2022-11-29T07:15:09.746+0000] {logging_mixin.py:137} INFO - [2022-11-29T07:15:09.745+0000] {dagbag.py:537} INFO - Filling up the DagBag from /home/airflow/.local/lib/python3.7/site-packages/airflow/example_dags/tutorial.py
[2022-11-29T07:15:09.779+0000] {processor.py:766} INFO - DAG(s) dict_keys(['tutorial']) retrieved from /home/airflow/.local/lib/python3.7/site-packages/airflow/example_dags/tutorial.py
[2022-11-29T07:15:09.840+0000] {logging_mixin.py:137} INFO - [2022-11-29T07:15:09.839+0000] {dag.py:2585} INFO - Sync 1 DAGs
[2022-11-29T07:15:09.875+0000] {logging_mixin.py:137} INFO - [2022-11-29T07:15:09.875+0000] {dag.py:3340} INFO - Setting next_dagrun for tutorial to 2022-11-28T07:15:09.875321+00:00, run_after=2022-11-29T07:15:09.875321+00:00
[2022-11-29T07:15:09.904+0000] {processor.py:176} INFO - Processing /home/airflow/.local/lib/python3.7/site-packages/airflow/example_dags/tutorial.py took 0.181 seconds
[2022-11-29T07:15:40.656+0000] {processor.py:154} INFO - Started process (PID=1181) to work on /home/airflow/.local/lib/python3.7/site-packages/airflow/example_dags/tutorial.py
[2022-11-29T07:15:40.658+0000] {processor.py:756} INFO - Processing file /home/airflow/.local/lib/python3.7/site-packages/airflow/example_dags/tutorial.py for tasks to queue
[2022-11-29T07:15:40.660+0000] {logging_mixin.py:137} INFO - [2022-11-29T07:15:40.659+0000] {dagbag.py:537} INFO - Filling up the DagBag from /home/airflow/.local/lib/python3.7/site-packages/airflow/example_dags/tutorial.py
[2022-11-29T07:15:40.685+0000] {processor.py:766} INFO - DAG(s) dict_keys(['tutorial']) retrieved from /home/airflow/.local/lib/python3.7/site-packages/airflow/example_dags/tutorial.py
[2022-11-29T07:15:40.745+0000] {logging_mixin.py:137} INFO - [2022-11-29T07:15:40.745+0000] {dag.py:2585} INFO - Sync 1 DAGs
[2022-11-29T07:15:40.785+0000] {logging_mixin.py:137} INFO - [2022-11-29T07:15:40.785+0000] {dag.py:3340} INFO - Setting next_dagrun for tutorial to 2022-11-28T07:15:40.784733+00:00, run_after=2022-11-29T07:15:40.784733+00:00
[2022-11-29T07:15:40.813+0000] {processor.py:176} INFO - Processing /home/airflow/.local/lib/python3.7/site-packages/airflow/example_dags/tutorial.py took 0.163 seconds
[2022-11-29T07:16:11.623+0000] {processor.py:154} INFO - Started process (PID=1245) to work on /home/airflow/.local/lib/python3.7/site-packages/airflow/example_dags/tutorial.py
[2022-11-29T07:16:11.625+0000] {processor.py:756} INFO - Processing file /home/airflow/.local/lib/python3.7/site-packages/airflow/example_dags/tutorial.py for tasks to queue
[2022-11-29T07:16:11.626+0000] {logging_mixin.py:137} INFO - [2022-11-29T07:16:11.626+0000] {dagbag.py:537} INFO - Filling up the DagBag from /home/airflow/.local/lib/python3.7/site-packages/airflow/example_dags/tutorial.py
[2022-11-29T07:16:11.649+0000] {processor.py:766} INFO - DAG(s) dict_keys(['tutorial']) retrieved from /home/airflow/.local/lib/python3.7/site-packages/airflow/example_dags/tutorial.py
[2022-11-29T07:16:11.726+0000] {logging_mixin.py:137} INFO - [2022-11-29T07:16:11.725+0000] {dag.py:2585} INFO - Sync 1 DAGs
[2022-11-29T07:16:11.772+0000] {logging_mixin.py:137} INFO - [2022-11-29T07:16:11.772+0000] {dag.py:3340} INFO - Setting next_dagrun for tutorial to 2022-11-28T07:16:11.771653+00:00, run_after=2022-11-29T07:16:11.771653+00:00
[2022-11-29T07:16:11.800+0000] {processor.py:176} INFO - Processing /home/airflow/.local/lib/python3.7/site-packages/airflow/example_dags/tutorial.py took 0.183 seconds
[2022-11-29T07:16:42.371+0000] {processor.py:154} INFO - Started process (PID=1299) to work on /home/airflow/.local/lib/python3.7/site-packages/airflow/example_dags/tutorial.py
[2022-11-29T07:16:42.373+0000] {processor.py:756} INFO - Processing file /home/airflow/.local/lib/python3.7/site-packages/airflow/example_dags/tutorial.py for tasks to queue
[2022-11-29T07:16:42.375+0000] {logging_mixin.py:137} INFO - [2022-11-29T07:16:42.374+0000] {dagbag.py:537} INFO - Filling up the DagBag from /home/airflow/.local/lib/python3.7/site-packages/airflow/example_dags/tutorial.py
[2022-11-29T07:16:42.414+0000] {processor.py:766} INFO - DAG(s) dict_keys(['tutorial']) retrieved from /home/airflow/.local/lib/python3.7/site-packages/airflow/example_dags/tutorial.py
[2022-11-29T07:16:42.470+0000] {logging_mixin.py:137} INFO - [2022-11-29T07:16:42.470+0000] {dag.py:2585} INFO - Sync 1 DAGs
[2022-11-29T07:16:42.506+0000] {logging_mixin.py:137} INFO - [2022-11-29T07:16:42.505+0000] {dag.py:3340} INFO - Setting next_dagrun for tutorial to 2022-11-28T07:16:42.505637+00:00, run_after=2022-11-29T07:16:42.505637+00:00
[2022-11-29T07:16:42.535+0000] {processor.py:176} INFO - Processing /home/airflow/.local/lib/python3.7/site-packages/airflow/example_dags/tutorial.py took 0.170 seconds
[2022-11-29T07:17:13.234+0000] {processor.py:154} INFO - Started process (PID=1363) to work on /home/airflow/.local/lib/python3.7/site-packages/airflow/example_dags/tutorial.py
[2022-11-29T07:17:13.236+0000] {processor.py:756} INFO - Processing file /home/airflow/.local/lib/python3.7/site-packages/airflow/example_dags/tutorial.py for tasks to queue
[2022-11-29T07:17:13.238+0000] {logging_mixin.py:137} INFO - [2022-11-29T07:17:13.237+0000] {dagbag.py:537} INFO - Filling up the DagBag from /home/airflow/.local/lib/python3.7/site-packages/airflow/example_dags/tutorial.py
[2022-11-29T07:17:13.261+0000] {processor.py:766} INFO - DAG(s) dict_keys(['tutorial']) retrieved from /home/airflow/.local/lib/python3.7/site-packages/airflow/example_dags/tutorial.py
[2022-11-29T07:17:13.319+0000] {logging_mixin.py:137} INFO - [2022-11-29T07:17:13.319+0000] {dag.py:2585} INFO - Sync 1 DAGs
[2022-11-29T07:17:13.355+0000] {logging_mixin.py:137} INFO - [2022-11-29T07:17:13.355+0000] {dag.py:3340} INFO - Setting next_dagrun for tutorial to 2022-11-28T07:17:13.355115+00:00, run_after=2022-11-29T07:17:13.355115+00:00
[2022-11-29T07:17:13.385+0000] {processor.py:176} INFO - Processing /home/airflow/.local/lib/python3.7/site-packages/airflow/example_dags/tutorial.py took 0.156 seconds
[2022-11-29T07:17:44.193+0000] {processor.py:154} INFO - Started process (PID=1426) to work on /home/airflow/.local/lib/python3.7/site-packages/airflow/example_dags/tutorial.py
[2022-11-29T07:17:44.195+0000] {processor.py:756} INFO - Processing file /home/airflow/.local/lib/python3.7/site-packages/airflow/example_dags/tutorial.py for tasks to queue
[2022-11-29T07:17:44.197+0000] {logging_mixin.py:137} INFO - [2022-11-29T07:17:44.197+0000] {dagbag.py:537} INFO - Filling up the DagBag from /home/airflow/.local/lib/python3.7/site-packages/airflow/example_dags/tutorial.py
[2022-11-29T07:17:44.225+0000] {processor.py:766} INFO - DAG(s) dict_keys(['tutorial']) retrieved from /home/airflow/.local/lib/python3.7/site-packages/airflow/example_dags/tutorial.py
[2022-11-29T07:17:44.288+0000] {logging_mixin.py:137} INFO - [2022-11-29T07:17:44.288+0000] {dag.py:2585} INFO - Sync 1 DAGs
[2022-11-29T07:17:44.324+0000] {logging_mixin.py:137} INFO - [2022-11-29T07:17:44.324+0000] {dag.py:3340} INFO - Setting next_dagrun for tutorial to 2022-11-28T07:17:44.324183+00:00, run_after=2022-11-29T07:17:44.324183+00:00
[2022-11-29T07:17:44.354+0000] {processor.py:176} INFO - Processing /home/airflow/.local/lib/python3.7/site-packages/airflow/example_dags/tutorial.py took 0.168 seconds
[2022-11-29T07:18:15.054+0000] {processor.py:154} INFO - Started process (PID=1480) to work on /home/airflow/.local/lib/python3.7/site-packages/airflow/example_dags/tutorial.py
[2022-11-29T07:18:15.056+0000] {processor.py:756} INFO - Processing file /home/airflow/.local/lib/python3.7/site-packages/airflow/example_dags/tutorial.py for tasks to queue
[2022-11-29T07:18:15.058+0000] {logging_mixin.py:137} INFO - [2022-11-29T07:18:15.058+0000] {dagbag.py:537} INFO - Filling up the DagBag from /home/airflow/.local/lib/python3.7/site-packages/airflow/example_dags/tutorial.py
[2022-11-29T07:18:15.081+0000] {processor.py:766} INFO - DAG(s) dict_keys(['tutorial']) retrieved from /home/airflow/.local/lib/python3.7/site-packages/airflow/example_dags/tutorial.py
[2022-11-29T07:18:15.150+0000] {logging_mixin.py:137} INFO - [2022-11-29T07:18:15.150+0000] {dag.py:2585} INFO - Sync 1 DAGs
[2022-11-29T07:18:15.185+0000] {logging_mixin.py:137} INFO - [2022-11-29T07:18:15.185+0000] {dag.py:3340} INFO - Setting next_dagrun for tutorial to 2022-11-28T07:18:15.185171+00:00, run_after=2022-11-29T07:18:15.185171+00:00
[2022-11-29T07:18:15.215+0000] {processor.py:176} INFO - Processing /home/airflow/.local/lib/python3.7/site-packages/airflow/example_dags/tutorial.py took 0.166 seconds
[2022-11-29T07:18:45.511+0000] {processor.py:154} INFO - Started process (PID=1543) to work on /home/airflow/.local/lib/python3.7/site-packages/airflow/example_dags/tutorial.py
[2022-11-29T07:18:45.513+0000] {processor.py:756} INFO - Processing file /home/airflow/.local/lib/python3.7/site-packages/airflow/example_dags/tutorial.py for tasks to queue
[2022-11-29T07:18:45.515+0000] {logging_mixin.py:137} INFO - [2022-11-29T07:18:45.514+0000] {dagbag.py:537} INFO - Filling up the DagBag from /home/airflow/.local/lib/python3.7/site-packages/airflow/example_dags/tutorial.py
[2022-11-29T07:18:45.541+0000] {processor.py:766} INFO - DAG(s) dict_keys(['tutorial']) retrieved from /home/airflow/.local/lib/python3.7/site-packages/airflow/example_dags/tutorial.py
[2022-11-29T07:18:45.603+0000] {logging_mixin.py:137} INFO - [2022-11-29T07:18:45.603+0000] {dag.py:2585} INFO - Sync 1 DAGs
[2022-11-29T07:18:45.637+0000] {logging_mixin.py:137} INFO - [2022-11-29T07:18:45.637+0000] {dag.py:3340} INFO - Setting next_dagrun for tutorial to 2022-11-28T07:18:45.637444+00:00, run_after=2022-11-29T07:18:45.637444+00:00
[2022-11-29T07:18:45.663+0000] {processor.py:176} INFO - Processing /home/airflow/.local/lib/python3.7/site-packages/airflow/example_dags/tutorial.py took 0.157 seconds
[2022-11-29T07:19:15.964+0000] {processor.py:154} INFO - Started process (PID=1604) to work on /home/airflow/.local/lib/python3.7/site-packages/airflow/example_dags/tutorial.py
[2022-11-29T07:19:15.966+0000] {processor.py:756} INFO - Processing file /home/airflow/.local/lib/python3.7/site-packages/airflow/example_dags/tutorial.py for tasks to queue
[2022-11-29T07:19:15.968+0000] {logging_mixin.py:137} INFO - [2022-11-29T07:19:15.968+0000] {dagbag.py:537} INFO - Filling up the DagBag from /home/airflow/.local/lib/python3.7/site-packages/airflow/example_dags/tutorial.py
[2022-11-29T07:19:15.991+0000] {processor.py:766} INFO - DAG(s) dict_keys(['tutorial']) retrieved from /home/airflow/.local/lib/python3.7/site-packages/airflow/example_dags/tutorial.py
[2022-11-29T07:19:16.050+0000] {logging_mixin.py:137} INFO - [2022-11-29T07:19:16.050+0000] {dag.py:2585} INFO - Sync 1 DAGs
[2022-11-29T07:19:16.089+0000] {logging_mixin.py:137} INFO - [2022-11-29T07:19:16.089+0000] {dag.py:3340} INFO - Setting next_dagrun for tutorial to 2022-11-28T07:19:16.088913+00:00, run_after=2022-11-29T07:19:16.088913+00:00
[2022-11-29T07:19:16.115+0000] {processor.py:176} INFO - Processing /home/airflow/.local/lib/python3.7/site-packages/airflow/example_dags/tutorial.py took 0.157 seconds
[2022-11-29T07:19:47.137+0000] {processor.py:154} INFO - Started process (PID=1659) to work on /home/airflow/.local/lib/python3.7/site-packages/airflow/example_dags/tutorial.py
[2022-11-29T07:19:47.138+0000] {processor.py:756} INFO - Processing file /home/airflow/.local/lib/python3.7/site-packages/airflow/example_dags/tutorial.py for tasks to queue
[2022-11-29T07:19:47.140+0000] {logging_mixin.py:137} INFO - [2022-11-29T07:19:47.139+0000] {dagbag.py:537} INFO - Filling up the DagBag from /home/airflow/.local/lib/python3.7/site-packages/airflow/example_dags/tutorial.py
[2022-11-29T07:19:47.163+0000] {processor.py:766} INFO - DAG(s) dict_keys(['tutorial']) retrieved from /home/airflow/.local/lib/python3.7/site-packages/airflow/example_dags/tutorial.py
[2022-11-29T07:19:47.221+0000] {logging_mixin.py:137} INFO - [2022-11-29T07:19:47.219+0000] {dag.py:2585} INFO - Sync 1 DAGs
[2022-11-29T07:19:47.267+0000] {logging_mixin.py:137} INFO - [2022-11-29T07:19:47.267+0000] {dag.py:3340} INFO - Setting next_dagrun for tutorial to 2022-11-28T07:19:47.267396+00:00, run_after=2022-11-29T07:19:47.267396+00:00
[2022-11-29T07:19:47.297+0000] {processor.py:176} INFO - Processing /home/airflow/.local/lib/python3.7/site-packages/airflow/example_dags/tutorial.py took 0.166 seconds
