[2022-11-29T06:27:13.823+0000] {processor.py:154} INFO - Started process (PID=41) to work on /home/airflow/.local/lib/python3.7/site-packages/airflow/example_dags/tutorial_dag.py
[2022-11-29T06:27:13.829+0000] {processor.py:756} INFO - Processing file /home/airflow/.local/lib/python3.7/site-packages/airflow/example_dags/tutorial_dag.py for tasks to queue
[2022-11-29T06:27:13.833+0000] {logging_mixin.py:137} INFO - [2022-11-29T06:27:13.833+0000] {dagbag.py:537} INFO - Filling up the DagBag from /home/airflow/.local/lib/python3.7/site-packages/airflow/example_dags/tutorial_dag.py
[2022-11-29T06:27:13.953+0000] {processor.py:766} INFO - DAG(s) dict_keys(['tutorial_dag']) retrieved from /home/airflow/.local/lib/python3.7/site-packages/airflow/example_dags/tutorial_dag.py
[2022-11-29T06:27:14.295+0000] {logging_mixin.py:137} INFO - [2022-11-29T06:27:14.294+0000] {manager.py:507} INFO - Created Permission View: can delete on DAG:tutorial_dag
[2022-11-29T06:27:14.318+0000] {logging_mixin.py:137} INFO - [2022-11-29T06:27:14.317+0000] {manager.py:507} INFO - Created Permission View: can read on DAG:tutorial_dag
[2022-11-29T06:27:14.337+0000] {logging_mixin.py:137} INFO - [2022-11-29T06:27:14.336+0000] {manager.py:507} INFO - Created Permission View: can edit on DAG:tutorial_dag
[2022-11-29T06:27:14.338+0000] {logging_mixin.py:137} INFO - [2022-11-29T06:27:14.338+0000] {dag.py:2585} INFO - Sync 1 DAGs
[2022-11-29T06:27:14.384+0000] {logging_mixin.py:137} INFO - [2022-11-29T06:27:14.384+0000] {dag.py:2606} INFO - Creating ORM DAG for tutorial_dag
[2022-11-29T06:27:14.416+0000] {logging_mixin.py:137} INFO - [2022-11-29T06:27:14.416+0000] {dag.py:3340} INFO - Setting next_dagrun for tutorial_dag to None, run_after=None
[2022-11-29T06:27:14.461+0000] {processor.py:176} INFO - Processing /home/airflow/.local/lib/python3.7/site-packages/airflow/example_dags/tutorial_dag.py took 0.662 seconds
[2022-11-29T06:27:44.626+0000] {processor.py:154} INFO - Started process (PID=95) to work on /home/airflow/.local/lib/python3.7/site-packages/airflow/example_dags/tutorial_dag.py
[2022-11-29T06:27:44.628+0000] {processor.py:756} INFO - Processing file /home/airflow/.local/lib/python3.7/site-packages/airflow/example_dags/tutorial_dag.py for tasks to queue
[2022-11-29T06:27:44.629+0000] {logging_mixin.py:137} INFO - [2022-11-29T06:27:44.629+0000] {dagbag.py:537} INFO - Filling up the DagBag from /home/airflow/.local/lib/python3.7/site-packages/airflow/example_dags/tutorial_dag.py
[2022-11-29T06:27:44.649+0000] {processor.py:766} INFO - DAG(s) dict_keys(['tutorial_dag']) retrieved from /home/airflow/.local/lib/python3.7/site-packages/airflow/example_dags/tutorial_dag.py
[2022-11-29T06:27:44.706+0000] {logging_mixin.py:137} INFO - [2022-11-29T06:27:44.705+0000] {dag.py:2585} INFO - Sync 1 DAGs
[2022-11-29T06:27:44.739+0000] {logging_mixin.py:137} INFO - [2022-11-29T06:27:44.739+0000] {dag.py:3340} INFO - Setting next_dagrun for tutorial_dag to None, run_after=None
[2022-11-29T06:27:44.763+0000] {processor.py:176} INFO - Processing /home/airflow/.local/lib/python3.7/site-packages/airflow/example_dags/tutorial_dag.py took 0.142 seconds
[2022-11-29T06:28:14.851+0000] {processor.py:154} INFO - Started process (PID=160) to work on /home/airflow/.local/lib/python3.7/site-packages/airflow/example_dags/tutorial_dag.py
[2022-11-29T06:28:14.853+0000] {processor.py:756} INFO - Processing file /home/airflow/.local/lib/python3.7/site-packages/airflow/example_dags/tutorial_dag.py for tasks to queue
[2022-11-29T06:28:14.855+0000] {logging_mixin.py:137} INFO - [2022-11-29T06:28:14.854+0000] {dagbag.py:537} INFO - Filling up the DagBag from /home/airflow/.local/lib/python3.7/site-packages/airflow/example_dags/tutorial_dag.py
[2022-11-29T06:28:14.877+0000] {processor.py:766} INFO - DAG(s) dict_keys(['tutorial_dag']) retrieved from /home/airflow/.local/lib/python3.7/site-packages/airflow/example_dags/tutorial_dag.py
[2022-11-29T06:28:14.937+0000] {logging_mixin.py:137} INFO - [2022-11-29T06:28:14.936+0000] {dag.py:2585} INFO - Sync 1 DAGs
[2022-11-29T06:28:14.977+0000] {logging_mixin.py:137} INFO - [2022-11-29T06:28:14.976+0000] {dag.py:3340} INFO - Setting next_dagrun for tutorial_dag to None, run_after=None
[2022-11-29T06:28:15.004+0000] {processor.py:176} INFO - Processing /home/airflow/.local/lib/python3.7/site-packages/airflow/example_dags/tutorial_dag.py took 0.158 seconds
[2022-11-29T06:28:45.604+0000] {processor.py:154} INFO - Started process (PID=221) to work on /home/airflow/.local/lib/python3.7/site-packages/airflow/example_dags/tutorial_dag.py
[2022-11-29T06:28:45.607+0000] {processor.py:756} INFO - Processing file /home/airflow/.local/lib/python3.7/site-packages/airflow/example_dags/tutorial_dag.py for tasks to queue
[2022-11-29T06:28:45.618+0000] {logging_mixin.py:137} INFO - [2022-11-29T06:28:45.617+0000] {dagbag.py:537} INFO - Filling up the DagBag from /home/airflow/.local/lib/python3.7/site-packages/airflow/example_dags/tutorial_dag.py
[2022-11-29T06:28:45.665+0000] {processor.py:766} INFO - DAG(s) dict_keys(['tutorial_dag']) retrieved from /home/airflow/.local/lib/python3.7/site-packages/airflow/example_dags/tutorial_dag.py
[2022-11-29T06:28:45.730+0000] {logging_mixin.py:137} INFO - [2022-11-29T06:28:45.729+0000] {dag.py:2585} INFO - Sync 1 DAGs
[2022-11-29T06:28:45.781+0000] {logging_mixin.py:137} INFO - [2022-11-29T06:28:45.780+0000] {dag.py:3340} INFO - Setting next_dagrun for tutorial_dag to None, run_after=None
[2022-11-29T06:28:45.818+0000] {processor.py:176} INFO - Processing /home/airflow/.local/lib/python3.7/site-packages/airflow/example_dags/tutorial_dag.py took 0.219 seconds
[2022-11-29T06:29:15.861+0000] {processor.py:154} INFO - Started process (PID=277) to work on /home/airflow/.local/lib/python3.7/site-packages/airflow/example_dags/tutorial_dag.py
[2022-11-29T06:29:15.863+0000] {processor.py:756} INFO - Processing file /home/airflow/.local/lib/python3.7/site-packages/airflow/example_dags/tutorial_dag.py for tasks to queue
[2022-11-29T06:29:15.864+0000] {logging_mixin.py:137} INFO - [2022-11-29T06:29:15.864+0000] {dagbag.py:537} INFO - Filling up the DagBag from /home/airflow/.local/lib/python3.7/site-packages/airflow/example_dags/tutorial_dag.py
[2022-11-29T06:29:15.885+0000] {processor.py:766} INFO - DAG(s) dict_keys(['tutorial_dag']) retrieved from /home/airflow/.local/lib/python3.7/site-packages/airflow/example_dags/tutorial_dag.py
[2022-11-29T06:29:15.946+0000] {logging_mixin.py:137} INFO - [2022-11-29T06:29:15.946+0000] {dag.py:2585} INFO - Sync 1 DAGs
[2022-11-29T06:29:15.982+0000] {logging_mixin.py:137} INFO - [2022-11-29T06:29:15.982+0000] {dag.py:3340} INFO - Setting next_dagrun for tutorial_dag to None, run_after=None
[2022-11-29T06:29:16.008+0000] {processor.py:176} INFO - Processing /home/airflow/.local/lib/python3.7/site-packages/airflow/example_dags/tutorial_dag.py took 0.151 seconds
[2022-11-29T06:31:40.438+0000] {processor.py:154} INFO - Started process (PID=44) to work on /home/airflow/.local/lib/python3.7/site-packages/airflow/example_dags/tutorial_dag.py
[2022-11-29T06:31:40.445+0000] {processor.py:756} INFO - Processing file /home/airflow/.local/lib/python3.7/site-packages/airflow/example_dags/tutorial_dag.py for tasks to queue
[2022-11-29T06:31:40.446+0000] {logging_mixin.py:137} INFO - [2022-11-29T06:31:40.446+0000] {dagbag.py:537} INFO - Filling up the DagBag from /home/airflow/.local/lib/python3.7/site-packages/airflow/example_dags/tutorial_dag.py
[2022-11-29T06:31:40.584+0000] {processor.py:766} INFO - DAG(s) dict_keys(['tutorial_dag']) retrieved from /home/airflow/.local/lib/python3.7/site-packages/airflow/example_dags/tutorial_dag.py
[2022-11-29T06:31:40.627+0000] {logging_mixin.py:137} INFO - [2022-11-29T06:31:40.627+0000] {dag.py:2585} INFO - Sync 1 DAGs
[2022-11-29T06:31:40.663+0000] {logging_mixin.py:137} INFO - [2022-11-29T06:31:40.663+0000] {dag.py:3340} INFO - Setting next_dagrun for tutorial_dag to None, run_after=None
[2022-11-29T06:31:40.691+0000] {processor.py:176} INFO - Processing /home/airflow/.local/lib/python3.7/site-packages/airflow/example_dags/tutorial_dag.py took 0.267 seconds
[2022-11-29T06:32:10.904+0000] {processor.py:154} INFO - Started process (PID=98) to work on /home/airflow/.local/lib/python3.7/site-packages/airflow/example_dags/tutorial_dag.py
[2022-11-29T06:32:10.907+0000] {processor.py:756} INFO - Processing file /home/airflow/.local/lib/python3.7/site-packages/airflow/example_dags/tutorial_dag.py for tasks to queue
[2022-11-29T06:32:10.909+0000] {logging_mixin.py:137} INFO - [2022-11-29T06:32:10.909+0000] {dagbag.py:537} INFO - Filling up the DagBag from /home/airflow/.local/lib/python3.7/site-packages/airflow/example_dags/tutorial_dag.py
[2022-11-29T06:32:10.932+0000] {processor.py:766} INFO - DAG(s) dict_keys(['tutorial_dag']) retrieved from /home/airflow/.local/lib/python3.7/site-packages/airflow/example_dags/tutorial_dag.py
[2022-11-29T06:32:11.001+0000] {logging_mixin.py:137} INFO - [2022-11-29T06:32:11.001+0000] {dag.py:2585} INFO - Sync 1 DAGs
[2022-11-29T06:32:11.035+0000] {logging_mixin.py:137} INFO - [2022-11-29T06:32:11.035+0000] {dag.py:3340} INFO - Setting next_dagrun for tutorial_dag to None, run_after=None
[2022-11-29T06:32:11.062+0000] {processor.py:176} INFO - Processing /home/airflow/.local/lib/python3.7/site-packages/airflow/example_dags/tutorial_dag.py took 0.163 seconds
[2022-11-29T06:32:41.699+0000] {processor.py:154} INFO - Started process (PID=161) to work on /home/airflow/.local/lib/python3.7/site-packages/airflow/example_dags/tutorial_dag.py
[2022-11-29T06:32:41.701+0000] {processor.py:756} INFO - Processing file /home/airflow/.local/lib/python3.7/site-packages/airflow/example_dags/tutorial_dag.py for tasks to queue
[2022-11-29T06:32:41.704+0000] {logging_mixin.py:137} INFO - [2022-11-29T06:32:41.704+0000] {dagbag.py:537} INFO - Filling up the DagBag from /home/airflow/.local/lib/python3.7/site-packages/airflow/example_dags/tutorial_dag.py
[2022-11-29T06:32:41.731+0000] {processor.py:766} INFO - DAG(s) dict_keys(['tutorial_dag']) retrieved from /home/airflow/.local/lib/python3.7/site-packages/airflow/example_dags/tutorial_dag.py
[2022-11-29T06:32:41.806+0000] {logging_mixin.py:137} INFO - [2022-11-29T06:32:41.805+0000] {dag.py:2585} INFO - Sync 1 DAGs
[2022-11-29T06:32:41.840+0000] {logging_mixin.py:137} INFO - [2022-11-29T06:32:41.840+0000] {dag.py:3340} INFO - Setting next_dagrun for tutorial_dag to None, run_after=None
[2022-11-29T06:32:41.875+0000] {processor.py:176} INFO - Processing /home/airflow/.local/lib/python3.7/site-packages/airflow/example_dags/tutorial_dag.py took 0.180 seconds
[2022-11-29T06:33:12.890+0000] {processor.py:154} INFO - Started process (PID=224) to work on /home/airflow/.local/lib/python3.7/site-packages/airflow/example_dags/tutorial_dag.py
[2022-11-29T06:33:12.892+0000] {processor.py:756} INFO - Processing file /home/airflow/.local/lib/python3.7/site-packages/airflow/example_dags/tutorial_dag.py for tasks to queue
[2022-11-29T06:33:12.894+0000] {logging_mixin.py:137} INFO - [2022-11-29T06:33:12.894+0000] {dagbag.py:537} INFO - Filling up the DagBag from /home/airflow/.local/lib/python3.7/site-packages/airflow/example_dags/tutorial_dag.py
[2022-11-29T06:33:12.915+0000] {processor.py:766} INFO - DAG(s) dict_keys(['tutorial_dag']) retrieved from /home/airflow/.local/lib/python3.7/site-packages/airflow/example_dags/tutorial_dag.py
[2022-11-29T06:33:12.979+0000] {logging_mixin.py:137} INFO - [2022-11-29T06:33:12.979+0000] {dag.py:2585} INFO - Sync 1 DAGs
[2022-11-29T06:33:13.020+0000] {logging_mixin.py:137} INFO - [2022-11-29T06:33:13.019+0000] {dag.py:3340} INFO - Setting next_dagrun for tutorial_dag to None, run_after=None
[2022-11-29T06:33:13.048+0000] {processor.py:176} INFO - Processing /home/airflow/.local/lib/python3.7/site-packages/airflow/example_dags/tutorial_dag.py took 0.163 seconds
[2022-11-29T06:33:43.563+0000] {processor.py:154} INFO - Started process (PID=279) to work on /home/airflow/.local/lib/python3.7/site-packages/airflow/example_dags/tutorial_dag.py
[2022-11-29T06:33:43.566+0000] {processor.py:756} INFO - Processing file /home/airflow/.local/lib/python3.7/site-packages/airflow/example_dags/tutorial_dag.py for tasks to queue
[2022-11-29T06:33:43.568+0000] {logging_mixin.py:137} INFO - [2022-11-29T06:33:43.568+0000] {dagbag.py:537} INFO - Filling up the DagBag from /home/airflow/.local/lib/python3.7/site-packages/airflow/example_dags/tutorial_dag.py
[2022-11-29T06:33:43.596+0000] {processor.py:766} INFO - DAG(s) dict_keys(['tutorial_dag']) retrieved from /home/airflow/.local/lib/python3.7/site-packages/airflow/example_dags/tutorial_dag.py
[2022-11-29T06:33:43.673+0000] {logging_mixin.py:137} INFO - [2022-11-29T06:33:43.673+0000] {dag.py:2585} INFO - Sync 1 DAGs
[2022-11-29T06:33:43.716+0000] {logging_mixin.py:137} INFO - [2022-11-29T06:33:43.715+0000] {dag.py:3340} INFO - Setting next_dagrun for tutorial_dag to None, run_after=None
[2022-11-29T06:33:43.747+0000] {processor.py:176} INFO - Processing /home/airflow/.local/lib/python3.7/site-packages/airflow/example_dags/tutorial_dag.py took 0.194 seconds
[2022-11-29T06:52:54.443+0000] {processor.py:154} INFO - Started process (PID=45) to work on /home/airflow/.local/lib/python3.7/site-packages/airflow/example_dags/tutorial_dag.py
[2022-11-29T06:52:54.450+0000] {processor.py:756} INFO - Processing file /home/airflow/.local/lib/python3.7/site-packages/airflow/example_dags/tutorial_dag.py for tasks to queue
[2022-11-29T06:52:54.452+0000] {logging_mixin.py:137} INFO - [2022-11-29T06:52:54.451+0000] {dagbag.py:537} INFO - Filling up the DagBag from /home/airflow/.local/lib/python3.7/site-packages/airflow/example_dags/tutorial_dag.py
[2022-11-29T06:52:54.556+0000] {processor.py:766} INFO - DAG(s) dict_keys(['tutorial_dag']) retrieved from /home/airflow/.local/lib/python3.7/site-packages/airflow/example_dags/tutorial_dag.py
[2022-11-29T06:52:54.619+0000] {logging_mixin.py:137} INFO - [2022-11-29T06:52:54.616+0000] {dag.py:2585} INFO - Sync 1 DAGs
[2022-11-29T06:52:54.708+0000] {logging_mixin.py:137} INFO - [2022-11-29T06:52:54.708+0000] {dag.py:3340} INFO - Setting next_dagrun for tutorial_dag to None, run_after=None
[2022-11-29T06:52:54.752+0000] {processor.py:176} INFO - Processing /home/airflow/.local/lib/python3.7/site-packages/airflow/example_dags/tutorial_dag.py took 0.314 seconds
[2022-11-29T06:53:25.092+0000] {processor.py:154} INFO - Started process (PID=100) to work on /home/airflow/.local/lib/python3.7/site-packages/airflow/example_dags/tutorial_dag.py
[2022-11-29T06:53:25.096+0000] {processor.py:756} INFO - Processing file /home/airflow/.local/lib/python3.7/site-packages/airflow/example_dags/tutorial_dag.py for tasks to queue
[2022-11-29T06:53:25.099+0000] {logging_mixin.py:137} INFO - [2022-11-29T06:53:25.099+0000] {dagbag.py:537} INFO - Filling up the DagBag from /home/airflow/.local/lib/python3.7/site-packages/airflow/example_dags/tutorial_dag.py
[2022-11-29T06:53:25.128+0000] {processor.py:766} INFO - DAG(s) dict_keys(['tutorial_dag']) retrieved from /home/airflow/.local/lib/python3.7/site-packages/airflow/example_dags/tutorial_dag.py
[2022-11-29T06:53:25.192+0000] {logging_mixin.py:137} INFO - [2022-11-29T06:53:25.191+0000] {dag.py:2585} INFO - Sync 1 DAGs
[2022-11-29T06:53:25.232+0000] {logging_mixin.py:137} INFO - [2022-11-29T06:53:25.232+0000] {dag.py:3340} INFO - Setting next_dagrun for tutorial_dag to None, run_after=None
[2022-11-29T06:53:25.266+0000] {processor.py:176} INFO - Processing /home/airflow/.local/lib/python3.7/site-packages/airflow/example_dags/tutorial_dag.py took 0.179 seconds
[2022-11-29T06:53:56.249+0000] {processor.py:154} INFO - Started process (PID=165) to work on /home/airflow/.local/lib/python3.7/site-packages/airflow/example_dags/tutorial_dag.py
[2022-11-29T06:53:56.251+0000] {processor.py:756} INFO - Processing file /home/airflow/.local/lib/python3.7/site-packages/airflow/example_dags/tutorial_dag.py for tasks to queue
[2022-11-29T06:53:56.252+0000] {logging_mixin.py:137} INFO - [2022-11-29T06:53:56.252+0000] {dagbag.py:537} INFO - Filling up the DagBag from /home/airflow/.local/lib/python3.7/site-packages/airflow/example_dags/tutorial_dag.py
[2022-11-29T06:53:56.277+0000] {processor.py:766} INFO - DAG(s) dict_keys(['tutorial_dag']) retrieved from /home/airflow/.local/lib/python3.7/site-packages/airflow/example_dags/tutorial_dag.py
[2022-11-29T06:53:56.337+0000] {logging_mixin.py:137} INFO - [2022-11-29T06:53:56.337+0000] {dag.py:2585} INFO - Sync 1 DAGs
[2022-11-29T06:53:56.372+0000] {logging_mixin.py:137} INFO - [2022-11-29T06:53:56.372+0000] {dag.py:3340} INFO - Setting next_dagrun for tutorial_dag to None, run_after=None
[2022-11-29T06:53:56.398+0000] {processor.py:176} INFO - Processing /home/airflow/.local/lib/python3.7/site-packages/airflow/example_dags/tutorial_dag.py took 0.154 seconds
[2022-11-29T06:54:27.153+0000] {processor.py:154} INFO - Started process (PID=219) to work on /home/airflow/.local/lib/python3.7/site-packages/airflow/example_dags/tutorial_dag.py
[2022-11-29T06:54:27.155+0000] {processor.py:756} INFO - Processing file /home/airflow/.local/lib/python3.7/site-packages/airflow/example_dags/tutorial_dag.py for tasks to queue
[2022-11-29T06:54:27.157+0000] {logging_mixin.py:137} INFO - [2022-11-29T06:54:27.157+0000] {dagbag.py:537} INFO - Filling up the DagBag from /home/airflow/.local/lib/python3.7/site-packages/airflow/example_dags/tutorial_dag.py
[2022-11-29T06:54:27.180+0000] {processor.py:766} INFO - DAG(s) dict_keys(['tutorial_dag']) retrieved from /home/airflow/.local/lib/python3.7/site-packages/airflow/example_dags/tutorial_dag.py
[2022-11-29T06:54:27.237+0000] {logging_mixin.py:137} INFO - [2022-11-29T06:54:27.237+0000] {dag.py:2585} INFO - Sync 1 DAGs
[2022-11-29T06:54:27.272+0000] {logging_mixin.py:137} INFO - [2022-11-29T06:54:27.272+0000] {dag.py:3340} INFO - Setting next_dagrun for tutorial_dag to None, run_after=None
[2022-11-29T06:54:27.299+0000] {processor.py:176} INFO - Processing /home/airflow/.local/lib/python3.7/site-packages/airflow/example_dags/tutorial_dag.py took 0.157 seconds
[2022-11-29T06:54:57.910+0000] {processor.py:154} INFO - Started process (PID=282) to work on /home/airflow/.local/lib/python3.7/site-packages/airflow/example_dags/tutorial_dag.py
[2022-11-29T06:54:57.912+0000] {processor.py:756} INFO - Processing file /home/airflow/.local/lib/python3.7/site-packages/airflow/example_dags/tutorial_dag.py for tasks to queue
[2022-11-29T06:54:57.915+0000] {logging_mixin.py:137} INFO - [2022-11-29T06:54:57.915+0000] {dagbag.py:537} INFO - Filling up the DagBag from /home/airflow/.local/lib/python3.7/site-packages/airflow/example_dags/tutorial_dag.py
[2022-11-29T06:54:57.937+0000] {processor.py:766} INFO - DAG(s) dict_keys(['tutorial_dag']) retrieved from /home/airflow/.local/lib/python3.7/site-packages/airflow/example_dags/tutorial_dag.py
[2022-11-29T06:54:58.000+0000] {logging_mixin.py:137} INFO - [2022-11-29T06:54:57.999+0000] {dag.py:2585} INFO - Sync 1 DAGs
[2022-11-29T06:54:58.036+0000] {logging_mixin.py:137} INFO - [2022-11-29T06:54:58.036+0000] {dag.py:3340} INFO - Setting next_dagrun for tutorial_dag to None, run_after=None
[2022-11-29T06:54:58.065+0000] {processor.py:176} INFO - Processing /home/airflow/.local/lib/python3.7/site-packages/airflow/example_dags/tutorial_dag.py took 0.160 seconds
[2022-11-29T06:55:28.659+0000] {processor.py:154} INFO - Started process (PID=344) to work on /home/airflow/.local/lib/python3.7/site-packages/airflow/example_dags/tutorial_dag.py
[2022-11-29T06:55:28.662+0000] {processor.py:756} INFO - Processing file /home/airflow/.local/lib/python3.7/site-packages/airflow/example_dags/tutorial_dag.py for tasks to queue
[2022-11-29T06:55:28.663+0000] {logging_mixin.py:137} INFO - [2022-11-29T06:55:28.663+0000] {dagbag.py:537} INFO - Filling up the DagBag from /home/airflow/.local/lib/python3.7/site-packages/airflow/example_dags/tutorial_dag.py
[2022-11-29T06:55:28.686+0000] {processor.py:766} INFO - DAG(s) dict_keys(['tutorial_dag']) retrieved from /home/airflow/.local/lib/python3.7/site-packages/airflow/example_dags/tutorial_dag.py
[2022-11-29T06:55:28.746+0000] {logging_mixin.py:137} INFO - [2022-11-29T06:55:28.746+0000] {dag.py:2585} INFO - Sync 1 DAGs
[2022-11-29T06:55:28.781+0000] {logging_mixin.py:137} INFO - [2022-11-29T06:55:28.781+0000] {dag.py:3340} INFO - Setting next_dagrun for tutorial_dag to None, run_after=None
[2022-11-29T06:55:28.807+0000] {processor.py:176} INFO - Processing /home/airflow/.local/lib/python3.7/site-packages/airflow/example_dags/tutorial_dag.py took 0.156 seconds
[2022-11-29T06:55:59.258+0000] {processor.py:154} INFO - Started process (PID=398) to work on /home/airflow/.local/lib/python3.7/site-packages/airflow/example_dags/tutorial_dag.py
[2022-11-29T06:55:59.263+0000] {processor.py:756} INFO - Processing file /home/airflow/.local/lib/python3.7/site-packages/airflow/example_dags/tutorial_dag.py for tasks to queue
[2022-11-29T06:55:59.266+0000] {logging_mixin.py:137} INFO - [2022-11-29T06:55:59.266+0000] {dagbag.py:537} INFO - Filling up the DagBag from /home/airflow/.local/lib/python3.7/site-packages/airflow/example_dags/tutorial_dag.py
[2022-11-29T06:55:59.290+0000] {processor.py:766} INFO - DAG(s) dict_keys(['tutorial_dag']) retrieved from /home/airflow/.local/lib/python3.7/site-packages/airflow/example_dags/tutorial_dag.py
[2022-11-29T06:55:59.350+0000] {logging_mixin.py:137} INFO - [2022-11-29T06:55:59.350+0000] {dag.py:2585} INFO - Sync 1 DAGs
[2022-11-29T06:55:59.389+0000] {logging_mixin.py:137} INFO - [2022-11-29T06:55:59.389+0000] {dag.py:3340} INFO - Setting next_dagrun for tutorial_dag to None, run_after=None
[2022-11-29T06:55:59.420+0000] {processor.py:176} INFO - Processing /home/airflow/.local/lib/python3.7/site-packages/airflow/example_dags/tutorial_dag.py took 0.175 seconds
[2022-11-29T07:01:48.567+0000] {processor.py:154} INFO - Started process (PID=43) to work on /home/airflow/.local/lib/python3.7/site-packages/airflow/example_dags/tutorial_dag.py
[2022-11-29T07:01:48.569+0000] {processor.py:756} INFO - Processing file /home/airflow/.local/lib/python3.7/site-packages/airflow/example_dags/tutorial_dag.py for tasks to queue
[2022-11-29T07:01:48.570+0000] {logging_mixin.py:137} INFO - [2022-11-29T07:01:48.570+0000] {dagbag.py:537} INFO - Filling up the DagBag from /home/airflow/.local/lib/python3.7/site-packages/airflow/example_dags/tutorial_dag.py
[2022-11-29T07:01:48.694+0000] {processor.py:766} INFO - DAG(s) dict_keys(['tutorial_dag']) retrieved from /home/airflow/.local/lib/python3.7/site-packages/airflow/example_dags/tutorial_dag.py
[2022-11-29T07:01:48.777+0000] {logging_mixin.py:137} INFO - [2022-11-29T07:01:48.777+0000] {dag.py:2585} INFO - Sync 1 DAGs
[2022-11-29T07:01:48.850+0000] {logging_mixin.py:137} INFO - [2022-11-29T07:01:48.850+0000] {dag.py:3340} INFO - Setting next_dagrun for tutorial_dag to None, run_after=None
[2022-11-29T07:01:48.907+0000] {processor.py:176} INFO - Processing /home/airflow/.local/lib/python3.7/site-packages/airflow/example_dags/tutorial_dag.py took 0.346 seconds
[2022-11-29T07:02:19.759+0000] {processor.py:154} INFO - Started process (PID=97) to work on /home/airflow/.local/lib/python3.7/site-packages/airflow/example_dags/tutorial_dag.py
[2022-11-29T07:02:19.761+0000] {processor.py:756} INFO - Processing file /home/airflow/.local/lib/python3.7/site-packages/airflow/example_dags/tutorial_dag.py for tasks to queue
[2022-11-29T07:02:19.762+0000] {logging_mixin.py:137} INFO - [2022-11-29T07:02:19.762+0000] {dagbag.py:537} INFO - Filling up the DagBag from /home/airflow/.local/lib/python3.7/site-packages/airflow/example_dags/tutorial_dag.py
[2022-11-29T07:02:19.783+0000] {processor.py:766} INFO - DAG(s) dict_keys(['tutorial_dag']) retrieved from /home/airflow/.local/lib/python3.7/site-packages/airflow/example_dags/tutorial_dag.py
[2022-11-29T07:02:19.853+0000] {logging_mixin.py:137} INFO - [2022-11-29T07:02:19.853+0000] {dag.py:2585} INFO - Sync 1 DAGs
[2022-11-29T07:02:19.888+0000] {logging_mixin.py:137} INFO - [2022-11-29T07:02:19.888+0000] {dag.py:3340} INFO - Setting next_dagrun for tutorial_dag to None, run_after=None
[2022-11-29T07:02:19.923+0000] {processor.py:176} INFO - Processing /home/airflow/.local/lib/python3.7/site-packages/airflow/example_dags/tutorial_dag.py took 0.169 seconds
[2022-11-29T07:02:50.214+0000] {processor.py:154} INFO - Started process (PID=161) to work on /home/airflow/.local/lib/python3.7/site-packages/airflow/example_dags/tutorial_dag.py
[2022-11-29T07:02:50.218+0000] {processor.py:756} INFO - Processing file /home/airflow/.local/lib/python3.7/site-packages/airflow/example_dags/tutorial_dag.py for tasks to queue
[2022-11-29T07:02:50.221+0000] {logging_mixin.py:137} INFO - [2022-11-29T07:02:50.220+0000] {dagbag.py:537} INFO - Filling up the DagBag from /home/airflow/.local/lib/python3.7/site-packages/airflow/example_dags/tutorial_dag.py
[2022-11-29T07:02:50.250+0000] {processor.py:766} INFO - DAG(s) dict_keys(['tutorial_dag']) retrieved from /home/airflow/.local/lib/python3.7/site-packages/airflow/example_dags/tutorial_dag.py
[2022-11-29T07:02:50.351+0000] {logging_mixin.py:137} INFO - [2022-11-29T07:02:50.351+0000] {dag.py:2585} INFO - Sync 1 DAGs
[2022-11-29T07:02:50.400+0000] {logging_mixin.py:137} INFO - [2022-11-29T07:02:50.400+0000] {dag.py:3340} INFO - Setting next_dagrun for tutorial_dag to None, run_after=None
[2022-11-29T07:02:50.458+0000] {processor.py:176} INFO - Processing /home/airflow/.local/lib/python3.7/site-packages/airflow/example_dags/tutorial_dag.py took 0.249 seconds
[2022-11-29T07:03:21.135+0000] {processor.py:154} INFO - Started process (PID=224) to work on /home/airflow/.local/lib/python3.7/site-packages/airflow/example_dags/tutorial_dag.py
[2022-11-29T07:03:21.136+0000] {processor.py:756} INFO - Processing file /home/airflow/.local/lib/python3.7/site-packages/airflow/example_dags/tutorial_dag.py for tasks to queue
[2022-11-29T07:03:21.138+0000] {logging_mixin.py:137} INFO - [2022-11-29T07:03:21.138+0000] {dagbag.py:537} INFO - Filling up the DagBag from /home/airflow/.local/lib/python3.7/site-packages/airflow/example_dags/tutorial_dag.py
[2022-11-29T07:03:21.169+0000] {processor.py:766} INFO - DAG(s) dict_keys(['tutorial_dag']) retrieved from /home/airflow/.local/lib/python3.7/site-packages/airflow/example_dags/tutorial_dag.py
[2022-11-29T07:03:21.240+0000] {logging_mixin.py:137} INFO - [2022-11-29T07:03:21.240+0000] {dag.py:2585} INFO - Sync 1 DAGs
[2022-11-29T07:03:21.275+0000] {logging_mixin.py:137} INFO - [2022-11-29T07:03:21.275+0000] {dag.py:3340} INFO - Setting next_dagrun for tutorial_dag to None, run_after=None
[2022-11-29T07:03:21.302+0000] {processor.py:176} INFO - Processing /home/airflow/.local/lib/python3.7/site-packages/airflow/example_dags/tutorial_dag.py took 0.174 seconds
[2022-11-29T07:03:51.832+0000] {processor.py:154} INFO - Started process (PID=278) to work on /home/airflow/.local/lib/python3.7/site-packages/airflow/example_dags/tutorial_dag.py
[2022-11-29T07:03:51.834+0000] {processor.py:756} INFO - Processing file /home/airflow/.local/lib/python3.7/site-packages/airflow/example_dags/tutorial_dag.py for tasks to queue
[2022-11-29T07:03:51.836+0000] {logging_mixin.py:137} INFO - [2022-11-29T07:03:51.836+0000] {dagbag.py:537} INFO - Filling up the DagBag from /home/airflow/.local/lib/python3.7/site-packages/airflow/example_dags/tutorial_dag.py
[2022-11-29T07:03:51.856+0000] {processor.py:766} INFO - DAG(s) dict_keys(['tutorial_dag']) retrieved from /home/airflow/.local/lib/python3.7/site-packages/airflow/example_dags/tutorial_dag.py
[2022-11-29T07:03:51.929+0000] {logging_mixin.py:137} INFO - [2022-11-29T07:03:51.928+0000] {dag.py:2585} INFO - Sync 1 DAGs
[2022-11-29T07:03:51.963+0000] {logging_mixin.py:137} INFO - [2022-11-29T07:03:51.963+0000] {dag.py:3340} INFO - Setting next_dagrun for tutorial_dag to None, run_after=None
[2022-11-29T07:03:51.991+0000] {processor.py:176} INFO - Processing /home/airflow/.local/lib/python3.7/site-packages/airflow/example_dags/tutorial_dag.py took 0.167 seconds
[2022-11-29T07:04:47.628+0000] {processor.py:154} INFO - Started process (PID=43) to work on /home/airflow/.local/lib/python3.7/site-packages/airflow/example_dags/tutorial_dag.py
[2022-11-29T07:04:47.630+0000] {processor.py:756} INFO - Processing file /home/airflow/.local/lib/python3.7/site-packages/airflow/example_dags/tutorial_dag.py for tasks to queue
[2022-11-29T07:04:47.633+0000] {logging_mixin.py:137} INFO - [2022-11-29T07:04:47.633+0000] {dagbag.py:537} INFO - Filling up the DagBag from /home/airflow/.local/lib/python3.7/site-packages/airflow/example_dags/tutorial_dag.py
[2022-11-29T07:04:47.732+0000] {processor.py:766} INFO - DAG(s) dict_keys(['tutorial_dag']) retrieved from /home/airflow/.local/lib/python3.7/site-packages/airflow/example_dags/tutorial_dag.py
[2022-11-29T07:04:47.789+0000] {logging_mixin.py:137} INFO - [2022-11-29T07:04:47.789+0000] {dag.py:2585} INFO - Sync 1 DAGs
[2022-11-29T07:04:47.873+0000] {logging_mixin.py:137} INFO - [2022-11-29T07:04:47.873+0000] {dag.py:3340} INFO - Setting next_dagrun for tutorial_dag to None, run_after=None
[2022-11-29T07:04:47.901+0000] {processor.py:176} INFO - Processing /home/airflow/.local/lib/python3.7/site-packages/airflow/example_dags/tutorial_dag.py took 0.279 seconds
[2022-11-29T07:05:57.452+0000] {processor.py:154} INFO - Started process (PID=43) to work on /home/airflow/.local/lib/python3.7/site-packages/airflow/example_dags/tutorial_dag.py
[2022-11-29T07:05:57.455+0000] {processor.py:756} INFO - Processing file /home/airflow/.local/lib/python3.7/site-packages/airflow/example_dags/tutorial_dag.py for tasks to queue
[2022-11-29T07:05:57.456+0000] {logging_mixin.py:137} INFO - [2022-11-29T07:05:57.456+0000] {dagbag.py:537} INFO - Filling up the DagBag from /home/airflow/.local/lib/python3.7/site-packages/airflow/example_dags/tutorial_dag.py
[2022-11-29T07:05:57.559+0000] {processor.py:766} INFO - DAG(s) dict_keys(['tutorial_dag']) retrieved from /home/airflow/.local/lib/python3.7/site-packages/airflow/example_dags/tutorial_dag.py
[2022-11-29T07:05:57.622+0000] {logging_mixin.py:137} INFO - [2022-11-29T07:05:57.622+0000] {dag.py:2585} INFO - Sync 1 DAGs
[2022-11-29T07:05:57.696+0000] {logging_mixin.py:137} INFO - [2022-11-29T07:05:57.695+0000] {dag.py:3340} INFO - Setting next_dagrun for tutorial_dag to None, run_after=None
[2022-11-29T07:05:57.758+0000] {processor.py:176} INFO - Processing /home/airflow/.local/lib/python3.7/site-packages/airflow/example_dags/tutorial_dag.py took 0.315 seconds
[2022-11-29T07:06:28.478+0000] {processor.py:154} INFO - Started process (PID=97) to work on /home/airflow/.local/lib/python3.7/site-packages/airflow/example_dags/tutorial_dag.py
[2022-11-29T07:06:28.479+0000] {processor.py:756} INFO - Processing file /home/airflow/.local/lib/python3.7/site-packages/airflow/example_dags/tutorial_dag.py for tasks to queue
[2022-11-29T07:06:28.481+0000] {logging_mixin.py:137} INFO - [2022-11-29T07:06:28.481+0000] {dagbag.py:537} INFO - Filling up the DagBag from /home/airflow/.local/lib/python3.7/site-packages/airflow/example_dags/tutorial_dag.py
[2022-11-29T07:06:28.499+0000] {processor.py:766} INFO - DAG(s) dict_keys(['tutorial_dag']) retrieved from /home/airflow/.local/lib/python3.7/site-packages/airflow/example_dags/tutorial_dag.py
[2022-11-29T07:06:28.559+0000] {logging_mixin.py:137} INFO - [2022-11-29T07:06:28.558+0000] {dag.py:2585} INFO - Sync 1 DAGs
[2022-11-29T07:06:28.597+0000] {logging_mixin.py:137} INFO - [2022-11-29T07:06:28.596+0000] {dag.py:3340} INFO - Setting next_dagrun for tutorial_dag to None, run_after=None
[2022-11-29T07:06:28.626+0000] {processor.py:176} INFO - Processing /home/airflow/.local/lib/python3.7/site-packages/airflow/example_dags/tutorial_dag.py took 0.153 seconds
[2022-11-29T07:06:58.825+0000] {processor.py:154} INFO - Started process (PID=161) to work on /home/airflow/.local/lib/python3.7/site-packages/airflow/example_dags/tutorial_dag.py
[2022-11-29T07:06:58.827+0000] {processor.py:756} INFO - Processing file /home/airflow/.local/lib/python3.7/site-packages/airflow/example_dags/tutorial_dag.py for tasks to queue
[2022-11-29T07:06:58.828+0000] {logging_mixin.py:137} INFO - [2022-11-29T07:06:58.828+0000] {dagbag.py:537} INFO - Filling up the DagBag from /home/airflow/.local/lib/python3.7/site-packages/airflow/example_dags/tutorial_dag.py
[2022-11-29T07:06:58.850+0000] {processor.py:766} INFO - DAG(s) dict_keys(['tutorial_dag']) retrieved from /home/airflow/.local/lib/python3.7/site-packages/airflow/example_dags/tutorial_dag.py
[2022-11-29T07:06:58.918+0000] {logging_mixin.py:137} INFO - [2022-11-29T07:06:58.918+0000] {dag.py:2585} INFO - Sync 1 DAGs
[2022-11-29T07:06:58.958+0000] {logging_mixin.py:137} INFO - [2022-11-29T07:06:58.957+0000] {dag.py:3340} INFO - Setting next_dagrun for tutorial_dag to None, run_after=None
[2022-11-29T07:06:58.988+0000] {processor.py:176} INFO - Processing /home/airflow/.local/lib/python3.7/site-packages/airflow/example_dags/tutorial_dag.py took 0.168 seconds
[2022-11-29T07:07:29.724+0000] {processor.py:154} INFO - Started process (PID=224) to work on /home/airflow/.local/lib/python3.7/site-packages/airflow/example_dags/tutorial_dag.py
[2022-11-29T07:07:29.726+0000] {processor.py:756} INFO - Processing file /home/airflow/.local/lib/python3.7/site-packages/airflow/example_dags/tutorial_dag.py for tasks to queue
[2022-11-29T07:07:29.727+0000] {logging_mixin.py:137} INFO - [2022-11-29T07:07:29.727+0000] {dagbag.py:537} INFO - Filling up the DagBag from /home/airflow/.local/lib/python3.7/site-packages/airflow/example_dags/tutorial_dag.py
[2022-11-29T07:07:29.749+0000] {processor.py:766} INFO - DAG(s) dict_keys(['tutorial_dag']) retrieved from /home/airflow/.local/lib/python3.7/site-packages/airflow/example_dags/tutorial_dag.py
[2022-11-29T07:07:29.817+0000] {logging_mixin.py:137} INFO - [2022-11-29T07:07:29.817+0000] {dag.py:2585} INFO - Sync 1 DAGs
[2022-11-29T07:07:29.858+0000] {logging_mixin.py:137} INFO - [2022-11-29T07:07:29.858+0000] {dag.py:3340} INFO - Setting next_dagrun for tutorial_dag to None, run_after=None
[2022-11-29T07:07:29.889+0000] {processor.py:176} INFO - Processing /home/airflow/.local/lib/python3.7/site-packages/airflow/example_dags/tutorial_dag.py took 0.171 seconds
[2022-11-29T07:08:00.514+0000] {processor.py:154} INFO - Started process (PID=280) to work on /home/airflow/.local/lib/python3.7/site-packages/airflow/example_dags/tutorial_dag.py
[2022-11-29T07:08:00.516+0000] {processor.py:756} INFO - Processing file /home/airflow/.local/lib/python3.7/site-packages/airflow/example_dags/tutorial_dag.py for tasks to queue
[2022-11-29T07:08:00.517+0000] {logging_mixin.py:137} INFO - [2022-11-29T07:08:00.517+0000] {dagbag.py:537} INFO - Filling up the DagBag from /home/airflow/.local/lib/python3.7/site-packages/airflow/example_dags/tutorial_dag.py
[2022-11-29T07:08:00.541+0000] {processor.py:766} INFO - DAG(s) dict_keys(['tutorial_dag']) retrieved from /home/airflow/.local/lib/python3.7/site-packages/airflow/example_dags/tutorial_dag.py
[2022-11-29T07:08:00.624+0000] {logging_mixin.py:137} INFO - [2022-11-29T07:08:00.623+0000] {dag.py:2585} INFO - Sync 1 DAGs
[2022-11-29T07:08:00.691+0000] {logging_mixin.py:137} INFO - [2022-11-29T07:08:00.691+0000] {dag.py:3340} INFO - Setting next_dagrun for tutorial_dag to None, run_after=None
[2022-11-29T07:08:00.725+0000] {processor.py:176} INFO - Processing /home/airflow/.local/lib/python3.7/site-packages/airflow/example_dags/tutorial_dag.py took 0.221 seconds
[2022-11-29T07:08:31.598+0000] {processor.py:154} INFO - Started process (PID=343) to work on /home/airflow/.local/lib/python3.7/site-packages/airflow/example_dags/tutorial_dag.py
[2022-11-29T07:08:31.600+0000] {processor.py:756} INFO - Processing file /home/airflow/.local/lib/python3.7/site-packages/airflow/example_dags/tutorial_dag.py for tasks to queue
[2022-11-29T07:08:31.601+0000] {logging_mixin.py:137} INFO - [2022-11-29T07:08:31.601+0000] {dagbag.py:537} INFO - Filling up the DagBag from /home/airflow/.local/lib/python3.7/site-packages/airflow/example_dags/tutorial_dag.py
[2022-11-29T07:08:31.625+0000] {processor.py:766} INFO - DAG(s) dict_keys(['tutorial_dag']) retrieved from /home/airflow/.local/lib/python3.7/site-packages/airflow/example_dags/tutorial_dag.py
[2022-11-29T07:08:31.687+0000] {logging_mixin.py:137} INFO - [2022-11-29T07:08:31.687+0000] {dag.py:2585} INFO - Sync 1 DAGs
[2022-11-29T07:08:31.734+0000] {logging_mixin.py:137} INFO - [2022-11-29T07:08:31.734+0000] {dag.py:3340} INFO - Setting next_dagrun for tutorial_dag to None, run_after=None
[2022-11-29T07:08:31.762+0000] {processor.py:176} INFO - Processing /home/airflow/.local/lib/python3.7/site-packages/airflow/example_dags/tutorial_dag.py took 0.173 seconds
[2022-11-29T07:09:02.610+0000] {processor.py:154} INFO - Started process (PID=406) to work on /home/airflow/.local/lib/python3.7/site-packages/airflow/example_dags/tutorial_dag.py
[2022-11-29T07:09:02.611+0000] {processor.py:756} INFO - Processing file /home/airflow/.local/lib/python3.7/site-packages/airflow/example_dags/tutorial_dag.py for tasks to queue
[2022-11-29T07:09:02.613+0000] {logging_mixin.py:137} INFO - [2022-11-29T07:09:02.613+0000] {dagbag.py:537} INFO - Filling up the DagBag from /home/airflow/.local/lib/python3.7/site-packages/airflow/example_dags/tutorial_dag.py
[2022-11-29T07:09:02.633+0000] {processor.py:766} INFO - DAG(s) dict_keys(['tutorial_dag']) retrieved from /home/airflow/.local/lib/python3.7/site-packages/airflow/example_dags/tutorial_dag.py
[2022-11-29T07:09:02.696+0000] {logging_mixin.py:137} INFO - [2022-11-29T07:09:02.695+0000] {dag.py:2585} INFO - Sync 1 DAGs
[2022-11-29T07:09:02.736+0000] {logging_mixin.py:137} INFO - [2022-11-29T07:09:02.736+0000] {dag.py:3340} INFO - Setting next_dagrun for tutorial_dag to None, run_after=None
[2022-11-29T07:09:02.766+0000] {processor.py:176} INFO - Processing /home/airflow/.local/lib/python3.7/site-packages/airflow/example_dags/tutorial_dag.py took 0.163 seconds
[2022-11-29T07:09:32.993+0000] {processor.py:154} INFO - Started process (PID=460) to work on /home/airflow/.local/lib/python3.7/site-packages/airflow/example_dags/tutorial_dag.py
[2022-11-29T07:09:32.995+0000] {processor.py:756} INFO - Processing file /home/airflow/.local/lib/python3.7/site-packages/airflow/example_dags/tutorial_dag.py for tasks to queue
[2022-11-29T07:09:32.997+0000] {logging_mixin.py:137} INFO - [2022-11-29T07:09:32.997+0000] {dagbag.py:537} INFO - Filling up the DagBag from /home/airflow/.local/lib/python3.7/site-packages/airflow/example_dags/tutorial_dag.py
[2022-11-29T07:09:33.018+0000] {processor.py:766} INFO - DAG(s) dict_keys(['tutorial_dag']) retrieved from /home/airflow/.local/lib/python3.7/site-packages/airflow/example_dags/tutorial_dag.py
[2022-11-29T07:09:33.089+0000] {logging_mixin.py:137} INFO - [2022-11-29T07:09:33.089+0000] {dag.py:2585} INFO - Sync 1 DAGs
[2022-11-29T07:09:33.130+0000] {logging_mixin.py:137} INFO - [2022-11-29T07:09:33.130+0000] {dag.py:3340} INFO - Setting next_dagrun for tutorial_dag to None, run_after=None
[2022-11-29T07:09:33.160+0000] {processor.py:176} INFO - Processing /home/airflow/.local/lib/python3.7/site-packages/airflow/example_dags/tutorial_dag.py took 0.172 seconds
[2022-11-29T07:10:03.771+0000] {processor.py:154} INFO - Started process (PID=523) to work on /home/airflow/.local/lib/python3.7/site-packages/airflow/example_dags/tutorial_dag.py
[2022-11-29T07:10:03.773+0000] {processor.py:756} INFO - Processing file /home/airflow/.local/lib/python3.7/site-packages/airflow/example_dags/tutorial_dag.py for tasks to queue
[2022-11-29T07:10:03.775+0000] {logging_mixin.py:137} INFO - [2022-11-29T07:10:03.774+0000] {dagbag.py:537} INFO - Filling up the DagBag from /home/airflow/.local/lib/python3.7/site-packages/airflow/example_dags/tutorial_dag.py
[2022-11-29T07:10:03.794+0000] {processor.py:766} INFO - DAG(s) dict_keys(['tutorial_dag']) retrieved from /home/airflow/.local/lib/python3.7/site-packages/airflow/example_dags/tutorial_dag.py
[2022-11-29T07:10:03.852+0000] {logging_mixin.py:137} INFO - [2022-11-29T07:10:03.852+0000] {dag.py:2585} INFO - Sync 1 DAGs
[2022-11-29T07:10:03.892+0000] {logging_mixin.py:137} INFO - [2022-11-29T07:10:03.892+0000] {dag.py:3340} INFO - Setting next_dagrun for tutorial_dag to None, run_after=None
[2022-11-29T07:10:03.919+0000] {processor.py:176} INFO - Processing /home/airflow/.local/lib/python3.7/site-packages/airflow/example_dags/tutorial_dag.py took 0.153 seconds
[2022-11-29T07:10:34.336+0000] {processor.py:154} INFO - Started process (PID=577) to work on /home/airflow/.local/lib/python3.7/site-packages/airflow/example_dags/tutorial_dag.py
[2022-11-29T07:10:34.338+0000] {processor.py:756} INFO - Processing file /home/airflow/.local/lib/python3.7/site-packages/airflow/example_dags/tutorial_dag.py for tasks to queue
[2022-11-29T07:10:34.340+0000] {logging_mixin.py:137} INFO - [2022-11-29T07:10:34.340+0000] {dagbag.py:537} INFO - Filling up the DagBag from /home/airflow/.local/lib/python3.7/site-packages/airflow/example_dags/tutorial_dag.py
[2022-11-29T07:10:34.361+0000] {processor.py:766} INFO - DAG(s) dict_keys(['tutorial_dag']) retrieved from /home/airflow/.local/lib/python3.7/site-packages/airflow/example_dags/tutorial_dag.py
[2022-11-29T07:10:34.446+0000] {logging_mixin.py:137} INFO - [2022-11-29T07:10:34.446+0000] {dag.py:2585} INFO - Sync 1 DAGs
[2022-11-29T07:10:34.494+0000] {logging_mixin.py:137} INFO - [2022-11-29T07:10:34.493+0000] {dag.py:3340} INFO - Setting next_dagrun for tutorial_dag to None, run_after=None
[2022-11-29T07:10:34.538+0000] {processor.py:176} INFO - Processing /home/airflow/.local/lib/python3.7/site-packages/airflow/example_dags/tutorial_dag.py took 0.212 seconds
[2022-11-29T07:11:04.861+0000] {processor.py:154} INFO - Started process (PID=640) to work on /home/airflow/.local/lib/python3.7/site-packages/airflow/example_dags/tutorial_dag.py
[2022-11-29T07:11:04.863+0000] {processor.py:756} INFO - Processing file /home/airflow/.local/lib/python3.7/site-packages/airflow/example_dags/tutorial_dag.py for tasks to queue
[2022-11-29T07:11:04.865+0000] {logging_mixin.py:137} INFO - [2022-11-29T07:11:04.865+0000] {dagbag.py:537} INFO - Filling up the DagBag from /home/airflow/.local/lib/python3.7/site-packages/airflow/example_dags/tutorial_dag.py
[2022-11-29T07:11:04.894+0000] {processor.py:766} INFO - DAG(s) dict_keys(['tutorial_dag']) retrieved from /home/airflow/.local/lib/python3.7/site-packages/airflow/example_dags/tutorial_dag.py
[2022-11-29T07:11:04.972+0000] {logging_mixin.py:137} INFO - [2022-11-29T07:11:04.972+0000] {dag.py:2585} INFO - Sync 1 DAGs
[2022-11-29T07:11:05.006+0000] {logging_mixin.py:137} INFO - [2022-11-29T07:11:05.005+0000] {dag.py:3340} INFO - Setting next_dagrun for tutorial_dag to None, run_after=None
[2022-11-29T07:11:05.029+0000] {processor.py:176} INFO - Processing /home/airflow/.local/lib/python3.7/site-packages/airflow/example_dags/tutorial_dag.py took 0.174 seconds
[2022-11-29T07:11:35.497+0000] {processor.py:154} INFO - Started process (PID=702) to work on /home/airflow/.local/lib/python3.7/site-packages/airflow/example_dags/tutorial_dag.py
[2022-11-29T07:11:35.499+0000] {processor.py:756} INFO - Processing file /home/airflow/.local/lib/python3.7/site-packages/airflow/example_dags/tutorial_dag.py for tasks to queue
[2022-11-29T07:11:35.501+0000] {logging_mixin.py:137} INFO - [2022-11-29T07:11:35.501+0000] {dagbag.py:537} INFO - Filling up the DagBag from /home/airflow/.local/lib/python3.7/site-packages/airflow/example_dags/tutorial_dag.py
[2022-11-29T07:11:35.524+0000] {processor.py:766} INFO - DAG(s) dict_keys(['tutorial_dag']) retrieved from /home/airflow/.local/lib/python3.7/site-packages/airflow/example_dags/tutorial_dag.py
[2022-11-29T07:11:35.588+0000] {logging_mixin.py:137} INFO - [2022-11-29T07:11:35.588+0000] {dag.py:2585} INFO - Sync 1 DAGs
[2022-11-29T07:11:35.644+0000] {logging_mixin.py:137} INFO - [2022-11-29T07:11:35.644+0000] {dag.py:3340} INFO - Setting next_dagrun for tutorial_dag to None, run_after=None
[2022-11-29T07:11:35.674+0000] {processor.py:176} INFO - Processing /home/airflow/.local/lib/python3.7/site-packages/airflow/example_dags/tutorial_dag.py took 0.183 seconds
[2022-11-29T07:12:06.530+0000] {processor.py:154} INFO - Started process (PID=756) to work on /home/airflow/.local/lib/python3.7/site-packages/airflow/example_dags/tutorial_dag.py
[2022-11-29T07:12:06.531+0000] {processor.py:756} INFO - Processing file /home/airflow/.local/lib/python3.7/site-packages/airflow/example_dags/tutorial_dag.py for tasks to queue
[2022-11-29T07:12:06.532+0000] {logging_mixin.py:137} INFO - [2022-11-29T07:12:06.532+0000] {dagbag.py:537} INFO - Filling up the DagBag from /home/airflow/.local/lib/python3.7/site-packages/airflow/example_dags/tutorial_dag.py
[2022-11-29T07:12:06.551+0000] {processor.py:766} INFO - DAG(s) dict_keys(['tutorial_dag']) retrieved from /home/airflow/.local/lib/python3.7/site-packages/airflow/example_dags/tutorial_dag.py
[2022-11-29T07:12:06.614+0000] {logging_mixin.py:137} INFO - [2022-11-29T07:12:06.614+0000] {dag.py:2585} INFO - Sync 1 DAGs
[2022-11-29T07:12:06.651+0000] {logging_mixin.py:137} INFO - [2022-11-29T07:12:06.651+0000] {dag.py:3340} INFO - Setting next_dagrun for tutorial_dag to None, run_after=None
[2022-11-29T07:12:06.679+0000] {processor.py:176} INFO - Processing /home/airflow/.local/lib/python3.7/site-packages/airflow/example_dags/tutorial_dag.py took 0.154 seconds
[2022-11-29T07:12:36.984+0000] {processor.py:154} INFO - Started process (PID=820) to work on /home/airflow/.local/lib/python3.7/site-packages/airflow/example_dags/tutorial_dag.py
[2022-11-29T07:12:36.986+0000] {processor.py:756} INFO - Processing file /home/airflow/.local/lib/python3.7/site-packages/airflow/example_dags/tutorial_dag.py for tasks to queue
[2022-11-29T07:12:36.988+0000] {logging_mixin.py:137} INFO - [2022-11-29T07:12:36.988+0000] {dagbag.py:537} INFO - Filling up the DagBag from /home/airflow/.local/lib/python3.7/site-packages/airflow/example_dags/tutorial_dag.py
[2022-11-29T07:12:37.015+0000] {processor.py:766} INFO - DAG(s) dict_keys(['tutorial_dag']) retrieved from /home/airflow/.local/lib/python3.7/site-packages/airflow/example_dags/tutorial_dag.py
[2022-11-29T07:12:37.081+0000] {logging_mixin.py:137} INFO - [2022-11-29T07:12:37.081+0000] {dag.py:2585} INFO - Sync 1 DAGs
[2022-11-29T07:12:37.124+0000] {logging_mixin.py:137} INFO - [2022-11-29T07:12:37.124+0000] {dag.py:3340} INFO - Setting next_dagrun for tutorial_dag to None, run_after=None
[2022-11-29T07:12:37.149+0000] {processor.py:176} INFO - Processing /home/airflow/.local/lib/python3.7/site-packages/airflow/example_dags/tutorial_dag.py took 0.172 seconds
[2022-11-29T07:13:07.406+0000] {processor.py:154} INFO - Started process (PID=882) to work on /home/airflow/.local/lib/python3.7/site-packages/airflow/example_dags/tutorial_dag.py
[2022-11-29T07:13:07.409+0000] {processor.py:756} INFO - Processing file /home/airflow/.local/lib/python3.7/site-packages/airflow/example_dags/tutorial_dag.py for tasks to queue
[2022-11-29T07:13:07.411+0000] {logging_mixin.py:137} INFO - [2022-11-29T07:13:07.410+0000] {dagbag.py:537} INFO - Filling up the DagBag from /home/airflow/.local/lib/python3.7/site-packages/airflow/example_dags/tutorial_dag.py
[2022-11-29T07:13:07.432+0000] {processor.py:766} INFO - DAG(s) dict_keys(['tutorial_dag']) retrieved from /home/airflow/.local/lib/python3.7/site-packages/airflow/example_dags/tutorial_dag.py
[2022-11-29T07:13:07.495+0000] {logging_mixin.py:137} INFO - [2022-11-29T07:13:07.495+0000] {dag.py:2585} INFO - Sync 1 DAGs
[2022-11-29T07:13:07.529+0000] {logging_mixin.py:137} INFO - [2022-11-29T07:13:07.529+0000] {dag.py:3340} INFO - Setting next_dagrun for tutorial_dag to None, run_after=None
[2022-11-29T07:13:07.556+0000] {processor.py:176} INFO - Processing /home/airflow/.local/lib/python3.7/site-packages/airflow/example_dags/tutorial_dag.py took 0.155 seconds
[2022-11-29T07:13:38.148+0000] {processor.py:154} INFO - Started process (PID=936) to work on /home/airflow/.local/lib/python3.7/site-packages/airflow/example_dags/tutorial_dag.py
[2022-11-29T07:13:38.150+0000] {processor.py:756} INFO - Processing file /home/airflow/.local/lib/python3.7/site-packages/airflow/example_dags/tutorial_dag.py for tasks to queue
[2022-11-29T07:13:38.152+0000] {logging_mixin.py:137} INFO - [2022-11-29T07:13:38.152+0000] {dagbag.py:537} INFO - Filling up the DagBag from /home/airflow/.local/lib/python3.7/site-packages/airflow/example_dags/tutorial_dag.py
[2022-11-29T07:13:38.173+0000] {processor.py:766} INFO - DAG(s) dict_keys(['tutorial_dag']) retrieved from /home/airflow/.local/lib/python3.7/site-packages/airflow/example_dags/tutorial_dag.py
[2022-11-29T07:13:38.240+0000] {logging_mixin.py:137} INFO - [2022-11-29T07:13:38.239+0000] {dag.py:2585} INFO - Sync 1 DAGs
[2022-11-29T07:13:38.283+0000] {logging_mixin.py:137} INFO - [2022-11-29T07:13:38.283+0000] {dag.py:3340} INFO - Setting next_dagrun for tutorial_dag to None, run_after=None
[2022-11-29T07:13:38.317+0000] {processor.py:176} INFO - Processing /home/airflow/.local/lib/python3.7/site-packages/airflow/example_dags/tutorial_dag.py took 0.176 seconds
[2022-11-29T07:14:08.584+0000] {processor.py:154} INFO - Started process (PID=999) to work on /home/airflow/.local/lib/python3.7/site-packages/airflow/example_dags/tutorial_dag.py
[2022-11-29T07:14:08.587+0000] {processor.py:756} INFO - Processing file /home/airflow/.local/lib/python3.7/site-packages/airflow/example_dags/tutorial_dag.py for tasks to queue
[2022-11-29T07:14:08.589+0000] {logging_mixin.py:137} INFO - [2022-11-29T07:14:08.588+0000] {dagbag.py:537} INFO - Filling up the DagBag from /home/airflow/.local/lib/python3.7/site-packages/airflow/example_dags/tutorial_dag.py
[2022-11-29T07:14:08.612+0000] {processor.py:766} INFO - DAG(s) dict_keys(['tutorial_dag']) retrieved from /home/airflow/.local/lib/python3.7/site-packages/airflow/example_dags/tutorial_dag.py
[2022-11-29T07:14:08.674+0000] {logging_mixin.py:137} INFO - [2022-11-29T07:14:08.673+0000] {dag.py:2585} INFO - Sync 1 DAGs
[2022-11-29T07:14:08.724+0000] {logging_mixin.py:137} INFO - [2022-11-29T07:14:08.724+0000] {dag.py:3340} INFO - Setting next_dagrun for tutorial_dag to None, run_after=None
[2022-11-29T07:14:08.756+0000] {processor.py:176} INFO - Processing /home/airflow/.local/lib/python3.7/site-packages/airflow/example_dags/tutorial_dag.py took 0.180 seconds
[2022-11-29T07:14:39.105+0000] {processor.py:154} INFO - Started process (PID=1062) to work on /home/airflow/.local/lib/python3.7/site-packages/airflow/example_dags/tutorial_dag.py
[2022-11-29T07:14:39.108+0000] {processor.py:756} INFO - Processing file /home/airflow/.local/lib/python3.7/site-packages/airflow/example_dags/tutorial_dag.py for tasks to queue
[2022-11-29T07:14:39.109+0000] {logging_mixin.py:137} INFO - [2022-11-29T07:14:39.109+0000] {dagbag.py:537} INFO - Filling up the DagBag from /home/airflow/.local/lib/python3.7/site-packages/airflow/example_dags/tutorial_dag.py
[2022-11-29T07:14:39.131+0000] {processor.py:766} INFO - DAG(s) dict_keys(['tutorial_dag']) retrieved from /home/airflow/.local/lib/python3.7/site-packages/airflow/example_dags/tutorial_dag.py
[2022-11-29T07:14:39.200+0000] {logging_mixin.py:137} INFO - [2022-11-29T07:14:39.200+0000] {dag.py:2585} INFO - Sync 1 DAGs
[2022-11-29T07:14:39.241+0000] {logging_mixin.py:137} INFO - [2022-11-29T07:14:39.241+0000] {dag.py:3340} INFO - Setting next_dagrun for tutorial_dag to None, run_after=None
[2022-11-29T07:14:39.273+0000] {processor.py:176} INFO - Processing /home/airflow/.local/lib/python3.7/site-packages/airflow/example_dags/tutorial_dag.py took 0.174 seconds
[2022-11-29T07:15:09.546+0000] {processor.py:154} INFO - Started process (PID=1116) to work on /home/airflow/.local/lib/python3.7/site-packages/airflow/example_dags/tutorial_dag.py
[2022-11-29T07:15:09.548+0000] {processor.py:756} INFO - Processing file /home/airflow/.local/lib/python3.7/site-packages/airflow/example_dags/tutorial_dag.py for tasks to queue
[2022-11-29T07:15:09.549+0000] {logging_mixin.py:137} INFO - [2022-11-29T07:15:09.549+0000] {dagbag.py:537} INFO - Filling up the DagBag from /home/airflow/.local/lib/python3.7/site-packages/airflow/example_dags/tutorial_dag.py
[2022-11-29T07:15:09.571+0000] {processor.py:766} INFO - DAG(s) dict_keys(['tutorial_dag']) retrieved from /home/airflow/.local/lib/python3.7/site-packages/airflow/example_dags/tutorial_dag.py
[2022-11-29T07:15:09.632+0000] {logging_mixin.py:137} INFO - [2022-11-29T07:15:09.632+0000] {dag.py:2585} INFO - Sync 1 DAGs
[2022-11-29T07:15:09.667+0000] {logging_mixin.py:137} INFO - [2022-11-29T07:15:09.667+0000] {dag.py:3340} INFO - Setting next_dagrun for tutorial_dag to None, run_after=None
[2022-11-29T07:15:09.692+0000] {processor.py:176} INFO - Processing /home/airflow/.local/lib/python3.7/site-packages/airflow/example_dags/tutorial_dag.py took 0.151 seconds
[2022-11-29T07:15:40.466+0000] {processor.py:154} INFO - Started process (PID=1179) to work on /home/airflow/.local/lib/python3.7/site-packages/airflow/example_dags/tutorial_dag.py
[2022-11-29T07:15:40.468+0000] {processor.py:756} INFO - Processing file /home/airflow/.local/lib/python3.7/site-packages/airflow/example_dags/tutorial_dag.py for tasks to queue
[2022-11-29T07:15:40.470+0000] {logging_mixin.py:137} INFO - [2022-11-29T07:15:40.470+0000] {dagbag.py:537} INFO - Filling up the DagBag from /home/airflow/.local/lib/python3.7/site-packages/airflow/example_dags/tutorial_dag.py
[2022-11-29T07:15:40.491+0000] {processor.py:766} INFO - DAG(s) dict_keys(['tutorial_dag']) retrieved from /home/airflow/.local/lib/python3.7/site-packages/airflow/example_dags/tutorial_dag.py
[2022-11-29T07:15:40.552+0000] {logging_mixin.py:137} INFO - [2022-11-29T07:15:40.552+0000] {dag.py:2585} INFO - Sync 1 DAGs
[2022-11-29T07:15:40.591+0000] {logging_mixin.py:137} INFO - [2022-11-29T07:15:40.590+0000] {dag.py:3340} INFO - Setting next_dagrun for tutorial_dag to None, run_after=None
[2022-11-29T07:15:40.617+0000] {processor.py:176} INFO - Processing /home/airflow/.local/lib/python3.7/site-packages/airflow/example_dags/tutorial_dag.py took 0.157 seconds
[2022-11-29T07:16:11.426+0000] {processor.py:154} INFO - Started process (PID=1243) to work on /home/airflow/.local/lib/python3.7/site-packages/airflow/example_dags/tutorial_dag.py
[2022-11-29T07:16:11.428+0000] {processor.py:756} INFO - Processing file /home/airflow/.local/lib/python3.7/site-packages/airflow/example_dags/tutorial_dag.py for tasks to queue
[2022-11-29T07:16:11.430+0000] {logging_mixin.py:137} INFO - [2022-11-29T07:16:11.430+0000] {dagbag.py:537} INFO - Filling up the DagBag from /home/airflow/.local/lib/python3.7/site-packages/airflow/example_dags/tutorial_dag.py
[2022-11-29T07:16:11.451+0000] {processor.py:766} INFO - DAG(s) dict_keys(['tutorial_dag']) retrieved from /home/airflow/.local/lib/python3.7/site-packages/airflow/example_dags/tutorial_dag.py
[2022-11-29T07:16:11.515+0000] {logging_mixin.py:137} INFO - [2022-11-29T07:16:11.514+0000] {dag.py:2585} INFO - Sync 1 DAGs
[2022-11-29T07:16:11.553+0000] {logging_mixin.py:137} INFO - [2022-11-29T07:16:11.553+0000] {dag.py:3340} INFO - Setting next_dagrun for tutorial_dag to None, run_after=None
[2022-11-29T07:16:11.583+0000] {processor.py:176} INFO - Processing /home/airflow/.local/lib/python3.7/site-packages/airflow/example_dags/tutorial_dag.py took 0.164 seconds
[2022-11-29T07:16:42.143+0000] {processor.py:154} INFO - Started process (PID=1297) to work on /home/airflow/.local/lib/python3.7/site-packages/airflow/example_dags/tutorial_dag.py
[2022-11-29T07:16:42.146+0000] {processor.py:756} INFO - Processing file /home/airflow/.local/lib/python3.7/site-packages/airflow/example_dags/tutorial_dag.py for tasks to queue
[2022-11-29T07:16:42.150+0000] {logging_mixin.py:137} INFO - [2022-11-29T07:16:42.149+0000] {dagbag.py:537} INFO - Filling up the DagBag from /home/airflow/.local/lib/python3.7/site-packages/airflow/example_dags/tutorial_dag.py
[2022-11-29T07:16:42.175+0000] {processor.py:766} INFO - DAG(s) dict_keys(['tutorial_dag']) retrieved from /home/airflow/.local/lib/python3.7/site-packages/airflow/example_dags/tutorial_dag.py
[2022-11-29T07:16:42.257+0000] {logging_mixin.py:137} INFO - [2022-11-29T07:16:42.257+0000] {dag.py:2585} INFO - Sync 1 DAGs
[2022-11-29T07:16:42.301+0000] {logging_mixin.py:137} INFO - [2022-11-29T07:16:42.300+0000] {dag.py:3340} INFO - Setting next_dagrun for tutorial_dag to None, run_after=None
[2022-11-29T07:16:42.332+0000] {processor.py:176} INFO - Processing /home/airflow/.local/lib/python3.7/site-packages/airflow/example_dags/tutorial_dag.py took 0.194 seconds
[2022-11-29T07:17:13.011+0000] {processor.py:154} INFO - Started process (PID=1361) to work on /home/airflow/.local/lib/python3.7/site-packages/airflow/example_dags/tutorial_dag.py
[2022-11-29T07:17:13.013+0000] {processor.py:756} INFO - Processing file /home/airflow/.local/lib/python3.7/site-packages/airflow/example_dags/tutorial_dag.py for tasks to queue
[2022-11-29T07:17:13.015+0000] {logging_mixin.py:137} INFO - [2022-11-29T07:17:13.015+0000] {dagbag.py:537} INFO - Filling up the DagBag from /home/airflow/.local/lib/python3.7/site-packages/airflow/example_dags/tutorial_dag.py
[2022-11-29T07:17:13.040+0000] {processor.py:766} INFO - DAG(s) dict_keys(['tutorial_dag']) retrieved from /home/airflow/.local/lib/python3.7/site-packages/airflow/example_dags/tutorial_dag.py
[2022-11-29T07:17:13.118+0000] {logging_mixin.py:137} INFO - [2022-11-29T07:17:13.118+0000] {dag.py:2585} INFO - Sync 1 DAGs
[2022-11-29T07:17:13.157+0000] {logging_mixin.py:137} INFO - [2022-11-29T07:17:13.156+0000] {dag.py:3340} INFO - Setting next_dagrun for tutorial_dag to None, run_after=None
[2022-11-29T07:17:13.199+0000] {processor.py:176} INFO - Processing /home/airflow/.local/lib/python3.7/site-packages/airflow/example_dags/tutorial_dag.py took 0.194 seconds
[2022-11-29T07:17:44.002+0000] {processor.py:154} INFO - Started process (PID=1424) to work on /home/airflow/.local/lib/python3.7/site-packages/airflow/example_dags/tutorial_dag.py
[2022-11-29T07:17:44.004+0000] {processor.py:756} INFO - Processing file /home/airflow/.local/lib/python3.7/site-packages/airflow/example_dags/tutorial_dag.py for tasks to queue
[2022-11-29T07:17:44.006+0000] {logging_mixin.py:137} INFO - [2022-11-29T07:17:44.006+0000] {dagbag.py:537} INFO - Filling up the DagBag from /home/airflow/.local/lib/python3.7/site-packages/airflow/example_dags/tutorial_dag.py
[2022-11-29T07:17:44.027+0000] {processor.py:766} INFO - DAG(s) dict_keys(['tutorial_dag']) retrieved from /home/airflow/.local/lib/python3.7/site-packages/airflow/example_dags/tutorial_dag.py
[2022-11-29T07:17:44.085+0000] {logging_mixin.py:137} INFO - [2022-11-29T07:17:44.085+0000] {dag.py:2585} INFO - Sync 1 DAGs
[2022-11-29T07:17:44.120+0000] {logging_mixin.py:137} INFO - [2022-11-29T07:17:44.120+0000] {dag.py:3340} INFO - Setting next_dagrun for tutorial_dag to None, run_after=None
[2022-11-29T07:17:44.155+0000] {processor.py:176} INFO - Processing /home/airflow/.local/lib/python3.7/site-packages/airflow/example_dags/tutorial_dag.py took 0.159 seconds
[2022-11-29T07:18:14.778+0000] {processor.py:154} INFO - Started process (PID=1478) to work on /home/airflow/.local/lib/python3.7/site-packages/airflow/example_dags/tutorial_dag.py
[2022-11-29T07:18:14.781+0000] {processor.py:756} INFO - Processing file /home/airflow/.local/lib/python3.7/site-packages/airflow/example_dags/tutorial_dag.py for tasks to queue
[2022-11-29T07:18:14.784+0000] {logging_mixin.py:137} INFO - [2022-11-29T07:18:14.783+0000] {dagbag.py:537} INFO - Filling up the DagBag from /home/airflow/.local/lib/python3.7/site-packages/airflow/example_dags/tutorial_dag.py
[2022-11-29T07:18:14.820+0000] {processor.py:766} INFO - DAG(s) dict_keys(['tutorial_dag']) retrieved from /home/airflow/.local/lib/python3.7/site-packages/airflow/example_dags/tutorial_dag.py
[2022-11-29T07:18:14.894+0000] {logging_mixin.py:137} INFO - [2022-11-29T07:18:14.893+0000] {dag.py:2585} INFO - Sync 1 DAGs
[2022-11-29T07:18:14.947+0000] {logging_mixin.py:137} INFO - [2022-11-29T07:18:14.947+0000] {dag.py:3340} INFO - Setting next_dagrun for tutorial_dag to None, run_after=None
[2022-11-29T07:18:15.004+0000] {processor.py:176} INFO - Processing /home/airflow/.local/lib/python3.7/site-packages/airflow/example_dags/tutorial_dag.py took 0.232 seconds
[2022-11-29T07:18:45.349+0000] {processor.py:154} INFO - Started process (PID=1541) to work on /home/airflow/.local/lib/python3.7/site-packages/airflow/example_dags/tutorial_dag.py
[2022-11-29T07:18:45.351+0000] {processor.py:756} INFO - Processing file /home/airflow/.local/lib/python3.7/site-packages/airflow/example_dags/tutorial_dag.py for tasks to queue
[2022-11-29T07:18:45.354+0000] {logging_mixin.py:137} INFO - [2022-11-29T07:18:45.353+0000] {dagbag.py:537} INFO - Filling up the DagBag from /home/airflow/.local/lib/python3.7/site-packages/airflow/example_dags/tutorial_dag.py
[2022-11-29T07:18:45.370+0000] {processor.py:766} INFO - DAG(s) dict_keys(['tutorial_dag']) retrieved from /home/airflow/.local/lib/python3.7/site-packages/airflow/example_dags/tutorial_dag.py
[2022-11-29T07:18:45.424+0000] {logging_mixin.py:137} INFO - [2022-11-29T07:18:45.424+0000] {dag.py:2585} INFO - Sync 1 DAGs
[2022-11-29T07:18:45.454+0000] {logging_mixin.py:137} INFO - [2022-11-29T07:18:45.454+0000] {dag.py:3340} INFO - Setting next_dagrun for tutorial_dag to None, run_after=None
[2022-11-29T07:18:45.475+0000] {processor.py:176} INFO - Processing /home/airflow/.local/lib/python3.7/site-packages/airflow/example_dags/tutorial_dag.py took 0.131 seconds
[2022-11-29T07:19:15.717+0000] {processor.py:154} INFO - Started process (PID=1595) to work on /home/airflow/.local/lib/python3.7/site-packages/airflow/example_dags/tutorial_dag.py
[2022-11-29T07:19:15.719+0000] {processor.py:756} INFO - Processing file /home/airflow/.local/lib/python3.7/site-packages/airflow/example_dags/tutorial_dag.py for tasks to queue
[2022-11-29T07:19:15.721+0000] {logging_mixin.py:137} INFO - [2022-11-29T07:19:15.721+0000] {dagbag.py:537} INFO - Filling up the DagBag from /home/airflow/.local/lib/python3.7/site-packages/airflow/example_dags/tutorial_dag.py
[2022-11-29T07:19:15.753+0000] {processor.py:766} INFO - DAG(s) dict_keys(['tutorial_dag']) retrieved from /home/airflow/.local/lib/python3.7/site-packages/airflow/example_dags/tutorial_dag.py
[2022-11-29T07:19:15.824+0000] {logging_mixin.py:137} INFO - [2022-11-29T07:19:15.824+0000] {dag.py:2585} INFO - Sync 1 DAGs
[2022-11-29T07:19:15.862+0000] {logging_mixin.py:137} INFO - [2022-11-29T07:19:15.862+0000] {dag.py:3340} INFO - Setting next_dagrun for tutorial_dag to None, run_after=None
[2022-11-29T07:19:15.924+0000] {processor.py:176} INFO - Processing /home/airflow/.local/lib/python3.7/site-packages/airflow/example_dags/tutorial_dag.py took 0.214 seconds
[2022-11-29T07:19:46.950+0000] {processor.py:154} INFO - Started process (PID=1657) to work on /home/airflow/.local/lib/python3.7/site-packages/airflow/example_dags/tutorial_dag.py
[2022-11-29T07:19:46.952+0000] {processor.py:756} INFO - Processing file /home/airflow/.local/lib/python3.7/site-packages/airflow/example_dags/tutorial_dag.py for tasks to queue
[2022-11-29T07:19:46.954+0000] {logging_mixin.py:137} INFO - [2022-11-29T07:19:46.954+0000] {dagbag.py:537} INFO - Filling up the DagBag from /home/airflow/.local/lib/python3.7/site-packages/airflow/example_dags/tutorial_dag.py
[2022-11-29T07:19:46.973+0000] {processor.py:766} INFO - DAG(s) dict_keys(['tutorial_dag']) retrieved from /home/airflow/.local/lib/python3.7/site-packages/airflow/example_dags/tutorial_dag.py
[2022-11-29T07:19:47.038+0000] {logging_mixin.py:137} INFO - [2022-11-29T07:19:47.038+0000] {dag.py:2585} INFO - Sync 1 DAGs
[2022-11-29T07:19:47.075+0000] {logging_mixin.py:137} INFO - [2022-11-29T07:19:47.074+0000] {dag.py:3340} INFO - Setting next_dagrun for tutorial_dag to None, run_after=None
[2022-11-29T07:19:47.102+0000] {processor.py:176} INFO - Processing /home/airflow/.local/lib/python3.7/site-packages/airflow/example_dags/tutorial_dag.py took 0.159 seconds
